{"timestamp":"2025-07-04T15:27:26.278841","level":"info","event":"DAG bundles loaded: dags-folder","logger":"airflow.dag_processing.bundles.manager.DagBundlesManager"}
{"timestamp":"2025-07-04T15:27:26.279553","level":"info","event":"Filling up the DagBag from /opt/airflow/dags/telco_to_hdfs_dag.py","logger":"airflow.models.dagbag.DagBag"}
{"timestamp":"2025-07-04T15:27:26.297188","level":"info","event":"Tmp dir root location: /tmp","logger":"airflow.task.hooks.airflow.providers.standard.hooks.subprocess.SubprocessHook"}
{"timestamp":"2025-07-04T15:27:26.298014","level":"info","event":"Running command: ['/usr/bin/bash', '-c', 'docker exec spark-master /opt/bitnami/spark/bin/spark-submit --master spark://spark-master:7077 --jars file:///tmp/postgresql-42.7.7.jar /opt/spark-apps/get_clean.py']","logger":"airflow.task.hooks.airflow.providers.standard.hooks.subprocess.SubprocessHook"}
{"timestamp":"2025-07-04T15:27:26.306607","level":"info","event":"Output:","logger":"airflow.task.hooks.airflow.providers.standard.hooks.subprocess.SubprocessHook"}
{"timestamp":"2025-07-04T15:27:27.569489","level":"info","event":"25/07/04 15:27:27 WARN NativeCodeLoader: Unable to load native-hadoop library for your platform... using builtin-java classes where applicable","logger":"airflow.task.hooks.airflow.providers.standard.hooks.subprocess.SubprocessHook"}
{"timestamp":"2025-07-04T15:27:27.806330","level":"info","event":"Using Spark's default log4j profile: org/apache/spark/log4j-defaults.properties","logger":"airflow.task.hooks.airflow.providers.standard.hooks.subprocess.SubprocessHook"}
{"timestamp":"2025-07-04T15:27:27.806477","level":"info","event":"25/07/04 15:27:27 WARN DependencyUtils: Local jar /tmp/postgresql-42.7.7.jar does not exist, skipping.","logger":"airflow.task.hooks.airflow.providers.standard.hooks.subprocess.SubprocessHook"}
{"timestamp":"2025-07-04T15:27:28.403407","level":"info","event":"25/07/04 15:27:28 INFO SparkContext: Running Spark version 3.1.1","logger":"airflow.task.hooks.airflow.providers.standard.hooks.subprocess.SubprocessHook"}
{"timestamp":"2025-07-04T15:27:28.437070","level":"info","event":"25/07/04 15:27:28 INFO ResourceUtils: ==============================================================","logger":"airflow.task.hooks.airflow.providers.standard.hooks.subprocess.SubprocessHook"}
{"timestamp":"2025-07-04T15:27:28.437261","level":"info","event":"25/07/04 15:27:28 INFO ResourceUtils: No custom resources configured for spark.driver.","logger":"airflow.task.hooks.airflow.providers.standard.hooks.subprocess.SubprocessHook"}
{"timestamp":"2025-07-04T15:27:28.437408","level":"info","event":"25/07/04 15:27:28 INFO ResourceUtils: ==============================================================","logger":"airflow.task.hooks.airflow.providers.standard.hooks.subprocess.SubprocessHook"}
{"timestamp":"2025-07-04T15:27:28.437500","level":"info","event":"25/07/04 15:27:28 INFO SparkContext: Submitted application: TelcoExploration","logger":"airflow.task.hooks.airflow.providers.standard.hooks.subprocess.SubprocessHook"}
{"timestamp":"2025-07-04T15:27:28.459453","level":"info","event":"25/07/04 15:27:28 INFO ResourceProfile: Default ResourceProfile created, executor resources: Map(cores -> name: cores, amount: 1, script: , vendor: , memory -> name: memory, amount: 1024, script: , vendor: , offHeap -> name: offHeap, amount: 0, script: , vendor: ), task resources: Map(cpus -> name: cpus, amount: 1.0)","logger":"airflow.task.hooks.airflow.providers.standard.hooks.subprocess.SubprocessHook"}
{"timestamp":"2025-07-04T15:27:28.472456","level":"info","event":"25/07/04 15:27:28 INFO ResourceProfile: Limiting resource is cpu","logger":"airflow.task.hooks.airflow.providers.standard.hooks.subprocess.SubprocessHook"}
{"timestamp":"2025-07-04T15:27:28.473395","level":"info","event":"25/07/04 15:27:28 INFO ResourceProfileManager: Added ResourceProfile id: 0","logger":"airflow.task.hooks.airflow.providers.standard.hooks.subprocess.SubprocessHook"}
{"timestamp":"2025-07-04T15:27:28.529546","level":"info","event":"25/07/04 15:27:28 INFO SecurityManager: Changing view acls to: spark","logger":"airflow.task.hooks.airflow.providers.standard.hooks.subprocess.SubprocessHook"}
{"timestamp":"2025-07-04T15:27:28.529958","level":"info","event":"25/07/04 15:27:28 INFO SecurityManager: Changing modify acls to: spark","logger":"airflow.task.hooks.airflow.providers.standard.hooks.subprocess.SubprocessHook"}
{"timestamp":"2025-07-04T15:27:28.530081","level":"info","event":"25/07/04 15:27:28 INFO SecurityManager: Changing view acls groups to:","logger":"airflow.task.hooks.airflow.providers.standard.hooks.subprocess.SubprocessHook"}
{"timestamp":"2025-07-04T15:27:28.530148","level":"info","event":"25/07/04 15:27:28 INFO SecurityManager: Changing modify acls groups to:","logger":"airflow.task.hooks.airflow.providers.standard.hooks.subprocess.SubprocessHook"}
{"timestamp":"2025-07-04T15:27:28.530199","level":"info","event":"25/07/04 15:27:28 INFO SecurityManager: SecurityManager: authentication disabled; ui acls disabled; users  with view permissions: Set(spark); groups with view permissions: Set(); users  with modify permissions: Set(spark); groups with modify permissions: Set()","logger":"airflow.task.hooks.airflow.providers.standard.hooks.subprocess.SubprocessHook"}
{"timestamp":"2025-07-04T15:27:28.768541","level":"info","event":"25/07/04 15:27:28 INFO Utils: Successfully started service 'sparkDriver' on port 33489.","logger":"airflow.task.hooks.airflow.providers.standard.hooks.subprocess.SubprocessHook"}
{"timestamp":"2025-07-04T15:27:28.800761","level":"info","event":"25/07/04 15:27:28 INFO SparkEnv: Registering MapOutputTracker","logger":"airflow.task.hooks.airflow.providers.standard.hooks.subprocess.SubprocessHook"}
{"timestamp":"2025-07-04T15:27:28.835648","level":"info","event":"25/07/04 15:27:28 INFO SparkEnv: Registering BlockManagerMaster","logger":"airflow.task.hooks.airflow.providers.standard.hooks.subprocess.SubprocessHook"}
{"timestamp":"2025-07-04T15:27:28.860565","level":"info","event":"25/07/04 15:27:28 INFO BlockManagerMasterEndpoint: Using org.apache.spark.storage.DefaultTopologyMapper for getting topology information","logger":"airflow.task.hooks.airflow.providers.standard.hooks.subprocess.SubprocessHook"}
{"timestamp":"2025-07-04T15:27:28.860727","level":"info","event":"25/07/04 15:27:28 INFO BlockManagerMasterEndpoint: BlockManagerMasterEndpoint up","logger":"airflow.task.hooks.airflow.providers.standard.hooks.subprocess.SubprocessHook"}
{"timestamp":"2025-07-04T15:27:28.864842","level":"info","event":"25/07/04 15:27:28 INFO SparkEnv: Registering BlockManagerMasterHeartbeat","logger":"airflow.task.hooks.airflow.providers.standard.hooks.subprocess.SubprocessHook"}
{"timestamp":"2025-07-04T15:27:28.879442","level":"info","event":"25/07/04 15:27:28 INFO DiskBlockManager: Created local directory at /tmp/blockmgr-64f5a770-e267-4d10-b384-18223ec05382","logger":"airflow.task.hooks.airflow.providers.standard.hooks.subprocess.SubprocessHook"}
{"timestamp":"2025-07-04T15:27:28.898445","level":"info","event":"25/07/04 15:27:28 INFO MemoryStore: MemoryStore started with capacity 366.3 MiB","logger":"airflow.task.hooks.airflow.providers.standard.hooks.subprocess.SubprocessHook"}
{"timestamp":"2025-07-04T15:27:28.914175","level":"info","event":"25/07/04 15:27:28 INFO SparkEnv: Registering OutputCommitCoordinator","logger":"airflow.task.hooks.airflow.providers.standard.hooks.subprocess.SubprocessHook"}
{"timestamp":"2025-07-04T15:27:29.163338","level":"info","event":"25/07/04 15:27:29 INFO Utils: Successfully started service 'SparkUI' on port 4040.","logger":"airflow.task.hooks.airflow.providers.standard.hooks.subprocess.SubprocessHook"}
{"timestamp":"2025-07-04T15:27:29.223430","level":"info","event":"25/07/04 15:27:29 INFO SparkUI: Bound SparkUI to 0.0.0.0, and started at http://9decf636ba7d:4040","logger":"airflow.task.hooks.airflow.providers.standard.hooks.subprocess.SubprocessHook"}
{"timestamp":"2025-07-04T15:27:29.238065","level":"info","event":"25/07/04 15:27:29 ERROR SparkContext: Failed to add file:///tmp/postgresql-42.7.7.jar to Spark environment","logger":"airflow.task.hooks.airflow.providers.standard.hooks.subprocess.SubprocessHook"}
{"timestamp":"2025-07-04T15:27:29.238219","level":"info","event":"java.io.FileNotFoundException: Jar /tmp/postgresql-42.7.7.jar not found","logger":"airflow.task.hooks.airflow.providers.standard.hooks.subprocess.SubprocessHook"}
{"timestamp":"2025-07-04T15:27:29.238271","level":"info","event":"\tat org.apache.spark.SparkContext.addLocalJarFile$1(SparkContext.scala:1935)","logger":"airflow.task.hooks.airflow.providers.standard.hooks.subprocess.SubprocessHook"}
{"timestamp":"2025-07-04T15:27:29.238306","level":"info","event":"\tat org.apache.spark.SparkContext.addJar(SparkContext.scala:1989)","logger":"airflow.task.hooks.airflow.providers.standard.hooks.subprocess.SubprocessHook"}
{"timestamp":"2025-07-04T15:27:29.238336","level":"info","event":"\tat org.apache.spark.SparkContext.$anonfun$new$12(SparkContext.scala:501)","logger":"airflow.task.hooks.airflow.providers.standard.hooks.subprocess.SubprocessHook"}
{"timestamp":"2025-07-04T15:27:29.238365","level":"info","event":"\tat org.apache.spark.SparkContext.$anonfun$new$12$adapted(SparkContext.scala:501)","logger":"airflow.task.hooks.airflow.providers.standard.hooks.subprocess.SubprocessHook"}
{"timestamp":"2025-07-04T15:27:29.238404","level":"info","event":"\tat scala.collection.mutable.ResizableArray.foreach(ResizableArray.scala:62)","logger":"airflow.task.hooks.airflow.providers.standard.hooks.subprocess.SubprocessHook"}
{"timestamp":"2025-07-04T15:27:29.238448","level":"info","event":"\tat scala.collection.mutable.ResizableArray.foreach$(ResizableArray.scala:55)","logger":"airflow.task.hooks.airflow.providers.standard.hooks.subprocess.SubprocessHook"}
{"timestamp":"2025-07-04T15:27:29.238493","level":"info","event":"\tat scala.collection.mutable.ArrayBuffer.foreach(ArrayBuffer.scala:49)","logger":"airflow.task.hooks.airflow.providers.standard.hooks.subprocess.SubprocessHook"}
{"timestamp":"2025-07-04T15:27:29.238536","level":"info","event":"\tat org.apache.spark.SparkContext.<init>(SparkContext.scala:501)","logger":"airflow.task.hooks.airflow.providers.standard.hooks.subprocess.SubprocessHook"}
{"timestamp":"2025-07-04T15:27:29.238605","level":"info","event":"\tat org.apache.spark.api.java.JavaSparkContext.<init>(JavaSparkContext.scala:58)","logger":"airflow.task.hooks.airflow.providers.standard.hooks.subprocess.SubprocessHook"}
{"timestamp":"2025-07-04T15:27:29.238659","level":"info","event":"\tat sun.reflect.NativeConstructorAccessorImpl.newInstance0(Native Method)","logger":"airflow.task.hooks.airflow.providers.standard.hooks.subprocess.SubprocessHook"}
{"timestamp":"2025-07-04T15:27:29.238713","level":"info","event":"\tat sun.reflect.NativeConstructorAccessorImpl.newInstance(NativeConstructorAccessorImpl.java:62)","logger":"airflow.task.hooks.airflow.providers.standard.hooks.subprocess.SubprocessHook"}
{"timestamp":"2025-07-04T15:27:29.238804","level":"info","event":"\tat sun.reflect.DelegatingConstructorAccessorImpl.newInstance(DelegatingConstructorAccessorImpl.java:45)","logger":"airflow.task.hooks.airflow.providers.standard.hooks.subprocess.SubprocessHook"}
{"timestamp":"2025-07-04T15:27:29.238875","level":"info","event":"\tat java.lang.reflect.Constructor.newInstance(Constructor.java:423)","logger":"airflow.task.hooks.airflow.providers.standard.hooks.subprocess.SubprocessHook"}
{"timestamp":"2025-07-04T15:27:29.238926","level":"info","event":"\tat py4j.reflection.MethodInvoker.invoke(MethodInvoker.java:247)","logger":"airflow.task.hooks.airflow.providers.standard.hooks.subprocess.SubprocessHook"}
{"timestamp":"2025-07-04T15:27:29.238986","level":"info","event":"\tat py4j.reflection.ReflectionEngine.invoke(ReflectionEngine.java:357)","logger":"airflow.task.hooks.airflow.providers.standard.hooks.subprocess.SubprocessHook"}
{"timestamp":"2025-07-04T15:27:29.239037","level":"info","event":"\tat py4j.Gateway.invoke(Gateway.java:238)","logger":"airflow.task.hooks.airflow.providers.standard.hooks.subprocess.SubprocessHook"}
{"timestamp":"2025-07-04T15:27:29.239084","level":"info","event":"\tat py4j.commands.ConstructorCommand.invokeConstructor(ConstructorCommand.java:80)","logger":"airflow.task.hooks.airflow.providers.standard.hooks.subprocess.SubprocessHook"}
{"timestamp":"2025-07-04T15:27:29.239141","level":"info","event":"\tat py4j.commands.ConstructorCommand.execute(ConstructorCommand.java:69)","logger":"airflow.task.hooks.airflow.providers.standard.hooks.subprocess.SubprocessHook"}
{"timestamp":"2025-07-04T15:27:29.239252","level":"info","event":"\tat py4j.GatewayConnection.run(GatewayConnection.java:238)","logger":"airflow.task.hooks.airflow.providers.standard.hooks.subprocess.SubprocessHook"}
{"timestamp":"2025-07-04T15:27:29.239331","level":"info","event":"\tat java.lang.Thread.run(Thread.java:748)","logger":"airflow.task.hooks.airflow.providers.standard.hooks.subprocess.SubprocessHook"}
{"timestamp":"2025-07-04T15:27:29.408589","level":"info","event":"25/07/04 15:27:29 INFO StandaloneAppClient$ClientEndpoint: Connecting to master spark://spark-master:7077...","logger":"airflow.task.hooks.airflow.providers.standard.hooks.subprocess.SubprocessHook"}
{"timestamp":"2025-07-04T15:27:29.456272","level":"info","event":"25/07/04 15:27:29 INFO TransportClientFactory: Successfully created connection to spark-master/172.21.0.5:7077 after 30 ms (0 ms spent in bootstraps)","logger":"airflow.task.hooks.airflow.providers.standard.hooks.subprocess.SubprocessHook"}
{"timestamp":"2025-07-04T15:27:29.570711","level":"info","event":"25/07/04 15:27:29 INFO StandaloneSchedulerBackend: Connected to Spark cluster with app ID app-20250704152729-0000","logger":"airflow.task.hooks.airflow.providers.standard.hooks.subprocess.SubprocessHook"}
{"timestamp":"2025-07-04T15:27:29.578799","level":"info","event":"25/07/04 15:27:29 INFO Utils: Successfully started service 'org.apache.spark.network.netty.NettyBlockTransferService' on port 34699.","logger":"airflow.task.hooks.airflow.providers.standard.hooks.subprocess.SubprocessHook"}
{"timestamp":"2025-07-04T15:27:29.579206","level":"info","event":"25/07/04 15:27:29 INFO NettyBlockTransferService: Server created on 9decf636ba7d:34699","logger":"airflow.task.hooks.airflow.providers.standard.hooks.subprocess.SubprocessHook"}
{"timestamp":"2025-07-04T15:27:29.580826","level":"info","event":"25/07/04 15:27:29 INFO BlockManager: Using org.apache.spark.storage.RandomBlockReplicationPolicy for block replication policy","logger":"airflow.task.hooks.airflow.providers.standard.hooks.subprocess.SubprocessHook"}
{"timestamp":"2025-07-04T15:27:29.589307","level":"info","event":"25/07/04 15:27:29 INFO BlockManagerMaster: Registering BlockManager BlockManagerId(driver, 9decf636ba7d, 34699, None)","logger":"airflow.task.hooks.airflow.providers.standard.hooks.subprocess.SubprocessHook"}
{"timestamp":"2025-07-04T15:27:29.592983","level":"info","event":"25/07/04 15:27:29 INFO BlockManagerMasterEndpoint: Registering block manager 9decf636ba7d:34699 with 366.3 MiB RAM, BlockManagerId(driver, 9decf636ba7d, 34699, None)","logger":"airflow.task.hooks.airflow.providers.standard.hooks.subprocess.SubprocessHook"}
{"timestamp":"2025-07-04T15:27:29.595517","level":"info","event":"25/07/04 15:27:29 INFO BlockManagerMaster: Registered BlockManager BlockManagerId(driver, 9decf636ba7d, 34699, None)","logger":"airflow.task.hooks.airflow.providers.standard.hooks.subprocess.SubprocessHook"}
{"timestamp":"2025-07-04T15:27:29.597148","level":"info","event":"25/07/04 15:27:29 INFO BlockManager: Initialized BlockManager: BlockManagerId(driver, 9decf636ba7d, 34699, None)","logger":"airflow.task.hooks.airflow.providers.standard.hooks.subprocess.SubprocessHook"}
{"timestamp":"2025-07-04T15:27:29.601513","level":"info","event":"25/07/04 15:27:29 INFO StandaloneAppClient$ClientEndpoint: Executor added: app-20250704152729-0000/0 on worker-20250704152643-172.21.0.6-37285 (172.21.0.6:37285) with 12 core(s)","logger":"airflow.task.hooks.airflow.providers.standard.hooks.subprocess.SubprocessHook"}
{"timestamp":"2025-07-04T15:27:29.605282","level":"info","event":"25/07/04 15:27:29 INFO StandaloneSchedulerBackend: Granted executor ID app-20250704152729-0000/0 on hostPort 172.21.0.6:37285 with 12 core(s), 1024.0 MiB RAM","logger":"airflow.task.hooks.airflow.providers.standard.hooks.subprocess.SubprocessHook"}
{"timestamp":"2025-07-04T15:27:29.748771","level":"info","event":"25/07/04 15:27:29 INFO StandaloneAppClient$ClientEndpoint: Executor updated: app-20250704152729-0000/0 is now RUNNING","logger":"airflow.task.hooks.airflow.providers.standard.hooks.subprocess.SubprocessHook"}
{"timestamp":"2025-07-04T15:27:29.798015","level":"info","event":"25/07/04 15:27:29 INFO StandaloneSchedulerBackend: SchedulerBackend is ready for scheduling beginning after reached minRegisteredResourcesRatio: 0.0","logger":"airflow.task.hooks.airflow.providers.standard.hooks.subprocess.SubprocessHook"}
{"timestamp":"2025-07-04T15:27:29.961487","level":"info","event":"25/07/04 15:27:29 INFO SharedState: Setting hive.metastore.warehouse.dir ('null') to the value of spark.sql.warehouse.dir ('file:/opt/bitnami/spark/spark-warehouse').","logger":"airflow.task.hooks.airflow.providers.standard.hooks.subprocess.SubprocessHook"}
{"timestamp":"2025-07-04T15:27:29.961875","level":"info","event":"25/07/04 15:27:29 INFO SharedState: Warehouse path is 'file:/opt/bitnami/spark/spark-warehouse'.","logger":"airflow.task.hooks.airflow.providers.standard.hooks.subprocess.SubprocessHook"}
{"timestamp":"2025-07-04T15:27:31.138997","level":"info","event":"25/07/04 15:27:31 INFO InMemoryFileIndex: It took 57 ms to list leaf files for 1 paths.","logger":"airflow.task.hooks.airflow.providers.standard.hooks.subprocess.SubprocessHook"}
{"timestamp":"2025-07-04T15:27:31.206605","level":"info","event":"25/07/04 15:27:31 INFO InMemoryFileIndex: It took 4 ms to list leaf files for 1 paths.","logger":"airflow.task.hooks.airflow.providers.standard.hooks.subprocess.SubprocessHook"}
{"timestamp":"2025-07-04T15:27:31.521247","level":"info","event":"25/07/04 15:27:31 INFO CoarseGrainedSchedulerBackend$DriverEndpoint: Registered executor NettyRpcEndpointRef(spark-client://Executor) (172.21.0.6:38954) with ID 0,  ResourceProfileId 0","logger":"airflow.task.hooks.airflow.providers.standard.hooks.subprocess.SubprocessHook"}
{"timestamp":"2025-07-04T15:27:31.648860","level":"info","event":"25/07/04 15:27:31 INFO BlockManagerMasterEndpoint: Registering block manager 172.21.0.6:37585 with 366.3 MiB RAM, BlockManagerId(0, 172.21.0.6, 37585, None)","logger":"airflow.task.hooks.airflow.providers.standard.hooks.subprocess.SubprocessHook"}
{"timestamp":"2025-07-04T15:27:33.045008","level":"info","event":"25/07/04 15:27:33 INFO FileSourceStrategy: Pushed Filters:","logger":"airflow.task.hooks.airflow.providers.standard.hooks.subprocess.SubprocessHook"}
{"timestamp":"2025-07-04T15:27:33.052054","level":"info","event":"25/07/04 15:27:33 INFO FileSourceStrategy: Post-Scan Filters: (length(trim(value#0, None)) > 0)","logger":"airflow.task.hooks.airflow.providers.standard.hooks.subprocess.SubprocessHook"}
{"timestamp":"2025-07-04T15:27:33.059117","level":"info","event":"25/07/04 15:27:33 INFO FileSourceStrategy: Output Data Schema: struct<value: string>","logger":"airflow.task.hooks.airflow.providers.standard.hooks.subprocess.SubprocessHook"}
{"timestamp":"2025-07-04T15:27:33.726354","level":"info","event":"25/07/04 15:27:33 INFO CodeGenerator: Code generated in 212.791009 ms","logger":"airflow.task.hooks.airflow.providers.standard.hooks.subprocess.SubprocessHook"}
{"timestamp":"2025-07-04T15:27:33.784578","level":"info","event":"25/07/04 15:27:33 INFO MemoryStore: Block broadcast_0 stored as values in memory (estimated size 304.4 KiB, free 366.0 MiB)","logger":"airflow.task.hooks.airflow.providers.standard.hooks.subprocess.SubprocessHook"}
{"timestamp":"2025-07-04T15:27:33.831934","level":"info","event":"25/07/04 15:27:33 INFO MemoryStore: Block broadcast_0_piece0 stored as bytes in memory (estimated size 27.7 KiB, free 366.0 MiB)","logger":"airflow.task.hooks.airflow.providers.standard.hooks.subprocess.SubprocessHook"}
{"timestamp":"2025-07-04T15:27:33.834678","level":"info","event":"25/07/04 15:27:33 INFO BlockManagerInfo: Added broadcast_0_piece0 in memory on 9decf636ba7d:34699 (size: 27.7 KiB, free: 366.3 MiB)","logger":"airflow.task.hooks.airflow.providers.standard.hooks.subprocess.SubprocessHook"}
{"timestamp":"2025-07-04T15:27:33.837862","level":"info","event":"25/07/04 15:27:33 INFO SparkContext: Created broadcast 0 from csv at NativeMethodAccessorImpl.java:0","logger":"airflow.task.hooks.airflow.providers.standard.hooks.subprocess.SubprocessHook"}
{"timestamp":"2025-07-04T15:27:33.846897","level":"info","event":"25/07/04 15:27:33 INFO FileSourceScanExec: Planning scan with bin packing, max size: 4194304 bytes, open cost is considered as scanning 4194304 bytes.","logger":"airflow.task.hooks.airflow.providers.standard.hooks.subprocess.SubprocessHook"}
{"timestamp":"2025-07-04T15:27:33.938643","level":"info","event":"25/07/04 15:27:33 INFO SparkContext: Starting job: csv at NativeMethodAccessorImpl.java:0","logger":"airflow.task.hooks.airflow.providers.standard.hooks.subprocess.SubprocessHook"}
{"timestamp":"2025-07-04T15:27:33.949754","level":"info","event":"25/07/04 15:27:33 INFO DAGScheduler: Got job 0 (csv at NativeMethodAccessorImpl.java:0) with 1 output partitions","logger":"airflow.task.hooks.airflow.providers.standard.hooks.subprocess.SubprocessHook"}
{"timestamp":"2025-07-04T15:27:33.949897","level":"info","event":"25/07/04 15:27:33 INFO DAGScheduler: Final stage: ResultStage 0 (csv at NativeMethodAccessorImpl.java:0)","logger":"airflow.task.hooks.airflow.providers.standard.hooks.subprocess.SubprocessHook"}
{"timestamp":"2025-07-04T15:27:33.949948","level":"info","event":"25/07/04 15:27:33 INFO DAGScheduler: Parents of final stage: List()","logger":"airflow.task.hooks.airflow.providers.standard.hooks.subprocess.SubprocessHook"}
{"timestamp":"2025-07-04T15:27:33.951283","level":"info","event":"25/07/04 15:27:33 INFO DAGScheduler: Missing parents: List()","logger":"airflow.task.hooks.airflow.providers.standard.hooks.subprocess.SubprocessHook"}
{"timestamp":"2025-07-04T15:27:33.955803","level":"info","event":"25/07/04 15:27:33 INFO DAGScheduler: Submitting ResultStage 0 (MapPartitionsRDD[3] at csv at NativeMethodAccessorImpl.java:0), which has no missing parents","logger":"airflow.task.hooks.airflow.providers.standard.hooks.subprocess.SubprocessHook"}
{"timestamp":"2025-07-04T15:27:34.001087","level":"info","event":"25/07/04 15:27:33 INFO MemoryStore: Block broadcast_1 stored as values in memory (estimated size 10.8 KiB, free 366.0 MiB)","logger":"airflow.task.hooks.airflow.providers.standard.hooks.subprocess.SubprocessHook"}
{"timestamp":"2025-07-04T15:27:34.003147","level":"info","event":"25/07/04 15:27:34 INFO MemoryStore: Block broadcast_1_piece0 stored as bytes in memory (estimated size 5.4 KiB, free 366.0 MiB)","logger":"airflow.task.hooks.airflow.providers.standard.hooks.subprocess.SubprocessHook"}
{"timestamp":"2025-07-04T15:27:34.003743","level":"info","event":"25/07/04 15:27:34 INFO BlockManagerInfo: Added broadcast_1_piece0 in memory on 9decf636ba7d:34699 (size: 5.4 KiB, free: 366.3 MiB)","logger":"airflow.task.hooks.airflow.providers.standard.hooks.subprocess.SubprocessHook"}
{"timestamp":"2025-07-04T15:27:34.004227","level":"info","event":"25/07/04 15:27:34 INFO SparkContext: Created broadcast 1 from broadcast at DAGScheduler.scala:1383","logger":"airflow.task.hooks.airflow.providers.standard.hooks.subprocess.SubprocessHook"}
{"timestamp":"2025-07-04T15:27:34.016019","level":"info","event":"25/07/04 15:27:34 INFO DAGScheduler: Submitting 1 missing tasks from ResultStage 0 (MapPartitionsRDD[3] at csv at NativeMethodAccessorImpl.java:0) (first 15 tasks are for partitions Vector(0))","logger":"airflow.task.hooks.airflow.providers.standard.hooks.subprocess.SubprocessHook"}
{"timestamp":"2025-07-04T15:27:34.016685","level":"info","event":"25/07/04 15:27:34 INFO TaskSchedulerImpl: Adding task set 0.0 with 1 tasks resource profile 0","logger":"airflow.task.hooks.airflow.providers.standard.hooks.subprocess.SubprocessHook"}
{"timestamp":"2025-07-04T15:27:34.051372","level":"info","event":"25/07/04 15:27:34 INFO TaskSetManager: Starting task 0.0 in stage 0.0 (TID 0) (172.21.0.6, executor 0, partition 0, ANY, 4876 bytes) taskResourceAssignments Map()","logger":"airflow.task.hooks.airflow.providers.standard.hooks.subprocess.SubprocessHook"}
{"timestamp":"2025-07-04T15:27:34.255474","level":"info","event":"25/07/04 15:27:34 INFO BlockManagerInfo: Added broadcast_1_piece0 in memory on 172.21.0.6:37585 (size: 5.4 KiB, free: 366.3 MiB)","logger":"airflow.task.hooks.airflow.providers.standard.hooks.subprocess.SubprocessHook"}
{"timestamp":"2025-07-04T15:27:35.035202","level":"info","event":"25/07/04 15:27:35 INFO BlockManagerInfo: Added broadcast_0_piece0 in memory on 172.21.0.6:37585 (size: 27.7 KiB, free: 366.3 MiB)","logger":"airflow.task.hooks.airflow.providers.standard.hooks.subprocess.SubprocessHook"}
{"timestamp":"2025-07-04T15:27:35.688588","level":"info","event":"25/07/04 15:27:35 INFO TaskSetManager: Finished task 0.0 in stage 0.0 (TID 0) in 1648 ms on 172.21.0.6 (executor 0) (1/1)","logger":"airflow.task.hooks.airflow.providers.standard.hooks.subprocess.SubprocessHook"}
{"timestamp":"2025-07-04T15:27:35.691199","level":"info","event":"25/07/04 15:27:35 INFO TaskSchedulerImpl: Removed TaskSet 0.0, whose tasks have all completed, from pool","logger":"airflow.task.hooks.airflow.providers.standard.hooks.subprocess.SubprocessHook"}
{"timestamp":"2025-07-04T15:27:35.700847","level":"info","event":"25/07/04 15:27:35 INFO DAGScheduler: ResultStage 0 (csv at NativeMethodAccessorImpl.java:0) finished in 1.732 s","logger":"airflow.task.hooks.airflow.providers.standard.hooks.subprocess.SubprocessHook"}
{"timestamp":"2025-07-04T15:27:35.704706","level":"info","event":"25/07/04 15:27:35 INFO DAGScheduler: Job 0 is finished. Cancelling potential speculative or zombie tasks for this job","logger":"airflow.task.hooks.airflow.providers.standard.hooks.subprocess.SubprocessHook"}
{"timestamp":"2025-07-04T15:27:35.704908","level":"info","event":"25/07/04 15:27:35 INFO TaskSchedulerImpl: Killing all running tasks in stage 0: Stage finished","logger":"airflow.task.hooks.airflow.providers.standard.hooks.subprocess.SubprocessHook"}
{"timestamp":"2025-07-04T15:27:35.707695","level":"info","event":"25/07/04 15:27:35 INFO DAGScheduler: Job 0 finished: csv at NativeMethodAccessorImpl.java:0, took 1.768545 s","logger":"airflow.task.hooks.airflow.providers.standard.hooks.subprocess.SubprocessHook"}
{"timestamp":"2025-07-04T15:27:35.731288","level":"info","event":"25/07/04 15:27:35 INFO CodeGenerator: Code generated in 12.172566 ms","logger":"airflow.task.hooks.airflow.providers.standard.hooks.subprocess.SubprocessHook"}
{"timestamp":"2025-07-04T15:27:35.790699","level":"info","event":"25/07/04 15:27:35 INFO FileSourceStrategy: Pushed Filters:","logger":"airflow.task.hooks.airflow.providers.standard.hooks.subprocess.SubprocessHook"}
{"timestamp":"2025-07-04T15:27:35.790830","level":"info","event":"25/07/04 15:27:35 INFO FileSourceStrategy: Post-Scan Filters:","logger":"airflow.task.hooks.airflow.providers.standard.hooks.subprocess.SubprocessHook"}
{"timestamp":"2025-07-04T15:27:35.790872","level":"info","event":"25/07/04 15:27:35 INFO FileSourceStrategy: Output Data Schema: struct<value: string>","logger":"airflow.task.hooks.airflow.providers.standard.hooks.subprocess.SubprocessHook"}
{"timestamp":"2025-07-04T15:27:35.799563","level":"info","event":"25/07/04 15:27:35 INFO MemoryStore: Block broadcast_2 stored as values in memory (estimated size 304.4 KiB, free 365.7 MiB)","logger":"airflow.task.hooks.airflow.providers.standard.hooks.subprocess.SubprocessHook"}
{"timestamp":"2025-07-04T15:27:35.807972","level":"info","event":"25/07/04 15:27:35 INFO MemoryStore: Block broadcast_2_piece0 stored as bytes in memory (estimated size 27.7 KiB, free 365.6 MiB)","logger":"airflow.task.hooks.airflow.providers.standard.hooks.subprocess.SubprocessHook"}
{"timestamp":"2025-07-04T15:27:35.808700","level":"info","event":"25/07/04 15:27:35 INFO BlockManagerInfo: Added broadcast_2_piece0 in memory on 9decf636ba7d:34699 (size: 27.7 KiB, free: 366.2 MiB)","logger":"airflow.task.hooks.airflow.providers.standard.hooks.subprocess.SubprocessHook"}
{"timestamp":"2025-07-04T15:27:35.809434","level":"info","event":"25/07/04 15:27:35 INFO SparkContext: Created broadcast 2 from csv at NativeMethodAccessorImpl.java:0","logger":"airflow.task.hooks.airflow.providers.standard.hooks.subprocess.SubprocessHook"}
{"timestamp":"2025-07-04T15:27:35.810519","level":"info","event":"25/07/04 15:27:35 INFO FileSourceScanExec: Planning scan with bin packing, max size: 4194304 bytes, open cost is considered as scanning 4194304 bytes.","logger":"airflow.task.hooks.airflow.providers.standard.hooks.subprocess.SubprocessHook"}
{"timestamp":"2025-07-04T15:27:35.870127","level":"info","event":"25/07/04 15:27:35 INFO SparkContext: Starting job: csv at NativeMethodAccessorImpl.java:0","logger":"airflow.task.hooks.airflow.providers.standard.hooks.subprocess.SubprocessHook"}
{"timestamp":"2025-07-04T15:27:35.872067","level":"info","event":"25/07/04 15:27:35 INFO DAGScheduler: Got job 1 (csv at NativeMethodAccessorImpl.java:0) with 1 output partitions","logger":"airflow.task.hooks.airflow.providers.standard.hooks.subprocess.SubprocessHook"}
{"timestamp":"2025-07-04T15:27:35.872333","level":"info","event":"25/07/04 15:27:35 INFO DAGScheduler: Final stage: ResultStage 1 (csv at NativeMethodAccessorImpl.java:0)","logger":"airflow.task.hooks.airflow.providers.standard.hooks.subprocess.SubprocessHook"}
{"timestamp":"2025-07-04T15:27:35.872419","level":"info","event":"25/07/04 15:27:35 INFO DAGScheduler: Parents of final stage: List()","logger":"airflow.task.hooks.airflow.providers.standard.hooks.subprocess.SubprocessHook"}
{"timestamp":"2025-07-04T15:27:35.872479","level":"info","event":"25/07/04 15:27:35 INFO DAGScheduler: Missing parents: List()","logger":"airflow.task.hooks.airflow.providers.standard.hooks.subprocess.SubprocessHook"}
{"timestamp":"2025-07-04T15:27:35.873226","level":"info","event":"25/07/04 15:27:35 INFO DAGScheduler: Submitting ResultStage 1 (MapPartitionsRDD[9] at csv at NativeMethodAccessorImpl.java:0), which has no missing parents","logger":"airflow.task.hooks.airflow.providers.standard.hooks.subprocess.SubprocessHook"}
{"timestamp":"2025-07-04T15:27:35.891269","level":"info","event":"25/07/04 15:27:35 INFO MemoryStore: Block broadcast_3 stored as values in memory (estimated size 16.0 KiB, free 365.6 MiB)","logger":"airflow.task.hooks.airflow.providers.standard.hooks.subprocess.SubprocessHook"}
{"timestamp":"2025-07-04T15:27:35.893299","level":"info","event":"25/07/04 15:27:35 INFO MemoryStore: Block broadcast_3_piece0 stored as bytes in memory (estimated size 8.1 KiB, free 365.6 MiB)","logger":"airflow.task.hooks.airflow.providers.standard.hooks.subprocess.SubprocessHook"}
{"timestamp":"2025-07-04T15:27:35.893510","level":"info","event":"25/07/04 15:27:35 INFO BlockManagerInfo: Added broadcast_3_piece0 in memory on 9decf636ba7d:34699 (size: 8.1 KiB, free: 366.2 MiB)","logger":"airflow.task.hooks.airflow.providers.standard.hooks.subprocess.SubprocessHook"}
{"timestamp":"2025-07-04T15:27:35.893611","level":"info","event":"25/07/04 15:27:35 INFO SparkContext: Created broadcast 3 from broadcast at DAGScheduler.scala:1383","logger":"airflow.task.hooks.airflow.providers.standard.hooks.subprocess.SubprocessHook"}
{"timestamp":"2025-07-04T15:27:35.894312","level":"info","event":"25/07/04 15:27:35 INFO DAGScheduler: Submitting 1 missing tasks from ResultStage 1 (MapPartitionsRDD[9] at csv at NativeMethodAccessorImpl.java:0) (first 15 tasks are for partitions Vector(0))","logger":"airflow.task.hooks.airflow.providers.standard.hooks.subprocess.SubprocessHook"}
{"timestamp":"2025-07-04T15:27:35.894386","level":"info","event":"25/07/04 15:27:35 INFO TaskSchedulerImpl: Adding task set 1.0 with 1 tasks resource profile 0","logger":"airflow.task.hooks.airflow.providers.standard.hooks.subprocess.SubprocessHook"}
{"timestamp":"2025-07-04T15:27:35.895990","level":"info","event":"25/07/04 15:27:35 INFO TaskSetManager: Starting task 0.0 in stage 1.0 (TID 1) (172.21.0.6, executor 0, partition 0, ANY, 4876 bytes) taskResourceAssignments Map()","logger":"airflow.task.hooks.airflow.providers.standard.hooks.subprocess.SubprocessHook"}
{"timestamp":"2025-07-04T15:27:35.919378","level":"info","event":"25/07/04 15:27:35 INFO BlockManagerInfo: Added broadcast_3_piece0 in memory on 172.21.0.6:37585 (size: 8.1 KiB, free: 366.3 MiB)","logger":"airflow.task.hooks.airflow.providers.standard.hooks.subprocess.SubprocessHook"}
{"timestamp":"2025-07-04T15:27:37.111707","level":"info","event":"25/07/04 15:27:37 INFO BlockManagerInfo: Added broadcast_2_piece0 in memory on 172.21.0.6:37585 (size: 27.7 KiB, free: 366.2 MiB)","logger":"airflow.task.hooks.airflow.providers.standard.hooks.subprocess.SubprocessHook"}
{"timestamp":"2025-07-04T15:27:37.296078","level":"info","event":"25/07/04 15:27:37 INFO TaskSetManager: Finished task 0.0 in stage 1.0 (TID 1) in 1400 ms on 172.21.0.6 (executor 0) (1/1)","logger":"airflow.task.hooks.airflow.providers.standard.hooks.subprocess.SubprocessHook"}
{"timestamp":"2025-07-04T15:27:37.296284","level":"info","event":"25/07/04 15:27:37 INFO TaskSchedulerImpl: Removed TaskSet 1.0, whose tasks have all completed, from pool","logger":"airflow.task.hooks.airflow.providers.standard.hooks.subprocess.SubprocessHook"}
{"timestamp":"2025-07-04T15:27:37.297093","level":"info","event":"25/07/04 15:27:37 INFO DAGScheduler: ResultStage 1 (csv at NativeMethodAccessorImpl.java:0) finished in 1.423 s","logger":"airflow.task.hooks.airflow.providers.standard.hooks.subprocess.SubprocessHook"}
{"timestamp":"2025-07-04T15:27:37.297199","level":"info","event":"25/07/04 15:27:37 INFO DAGScheduler: Job 1 is finished. Cancelling potential speculative or zombie tasks for this job","logger":"airflow.task.hooks.airflow.providers.standard.hooks.subprocess.SubprocessHook"}
{"timestamp":"2025-07-04T15:27:37.297260","level":"info","event":"25/07/04 15:27:37 INFO TaskSchedulerImpl: Killing all running tasks in stage 1: Stage finished","logger":"airflow.task.hooks.airflow.providers.standard.hooks.subprocess.SubprocessHook"}
{"timestamp":"2025-07-04T15:27:37.298826","level":"info","event":"25/07/04 15:27:37 INFO DAGScheduler: Job 1 finished: csv at NativeMethodAccessorImpl.java:0, took 1.428295 s","logger":"airflow.task.hooks.airflow.providers.standard.hooks.subprocess.SubprocessHook"}
{"timestamp":"2025-07-04T15:27:37.804897","level":"info","event":"25/07/04 15:27:37 INFO FileSourceStrategy: Pushed Filters:","logger":"airflow.task.hooks.airflow.providers.standard.hooks.subprocess.SubprocessHook"}
{"timestamp":"2025-07-04T15:27:37.805023","level":"info","event":"25/07/04 15:27:37 INFO FileSourceStrategy: Post-Scan Filters:","logger":"airflow.task.hooks.airflow.providers.standard.hooks.subprocess.SubprocessHook"}
{"timestamp":"2025-07-04T15:27:37.805071","level":"info","event":"25/07/04 15:27:37 INFO FileSourceStrategy: Output Data Schema: struct<TotalCharges: string>","logger":"airflow.task.hooks.airflow.providers.standard.hooks.subprocess.SubprocessHook"}
{"timestamp":"2025-07-04T15:27:37.839085","level":"info","event":"25/07/04 15:27:37 INFO CodeGenerator: Code generated in 13.781006 ms","logger":"airflow.task.hooks.airflow.providers.standard.hooks.subprocess.SubprocessHook"}
{"timestamp":"2025-07-04T15:27:37.842992","level":"info","event":"25/07/04 15:27:37 INFO MemoryStore: Block broadcast_4 stored as values in memory (estimated size 304.3 KiB, free 365.3 MiB)","logger":"airflow.task.hooks.airflow.providers.standard.hooks.subprocess.SubprocessHook"}
{"timestamp":"2025-07-04T15:27:37.850288","level":"info","event":"25/07/04 15:27:37 INFO MemoryStore: Block broadcast_4_piece0 stored as bytes in memory (estimated size 27.7 KiB, free 365.3 MiB)","logger":"airflow.task.hooks.airflow.providers.standard.hooks.subprocess.SubprocessHook"}
{"timestamp":"2025-07-04T15:27:37.850674","level":"info","event":"25/07/04 15:27:37 INFO BlockManagerInfo: Added broadcast_4_piece0 in memory on 9decf636ba7d:34699 (size: 27.7 KiB, free: 366.2 MiB)","logger":"airflow.task.hooks.airflow.providers.standard.hooks.subprocess.SubprocessHook"}
{"timestamp":"2025-07-04T15:27:37.851172","level":"info","event":"25/07/04 15:27:37 INFO SparkContext: Created broadcast 4 from approxQuantile at NativeMethodAccessorImpl.java:0","logger":"airflow.task.hooks.airflow.providers.standard.hooks.subprocess.SubprocessHook"}
{"timestamp":"2025-07-04T15:27:37.854508","level":"info","event":"25/07/04 15:27:37 INFO FileSourceScanExec: Planning scan with bin packing, max size: 4194304 bytes, open cost is considered as scanning 4194304 bytes.","logger":"airflow.task.hooks.airflow.providers.standard.hooks.subprocess.SubprocessHook"}
{"timestamp":"2025-07-04T15:27:37.874849","level":"info","event":"25/07/04 15:27:37 INFO SparkContext: Starting job: approxQuantile at NativeMethodAccessorImpl.java:0","logger":"airflow.task.hooks.airflow.providers.standard.hooks.subprocess.SubprocessHook"}
{"timestamp":"2025-07-04T15:27:37.876740","level":"info","event":"25/07/04 15:27:37 INFO DAGScheduler: Got job 2 (approxQuantile at NativeMethodAccessorImpl.java:0) with 1 output partitions","logger":"airflow.task.hooks.airflow.providers.standard.hooks.subprocess.SubprocessHook"}
{"timestamp":"2025-07-04T15:27:37.876958","level":"info","event":"25/07/04 15:27:37 INFO DAGScheduler: Final stage: ResultStage 2 (approxQuantile at NativeMethodAccessorImpl.java:0)","logger":"airflow.task.hooks.airflow.providers.standard.hooks.subprocess.SubprocessHook"}
{"timestamp":"2025-07-04T15:27:37.877067","level":"info","event":"25/07/04 15:27:37 INFO DAGScheduler: Parents of final stage: List()","logger":"airflow.task.hooks.airflow.providers.standard.hooks.subprocess.SubprocessHook"}
{"timestamp":"2025-07-04T15:27:37.877820","level":"info","event":"25/07/04 15:27:37 INFO DAGScheduler: Missing parents: List()","logger":"airflow.task.hooks.airflow.providers.standard.hooks.subprocess.SubprocessHook"}
{"timestamp":"2025-07-04T15:27:37.879220","level":"info","event":"25/07/04 15:27:37 INFO DAGScheduler: Submitting ResultStage 2 (MapPartitionsRDD[16] at approxQuantile at NativeMethodAccessorImpl.java:0), which has no missing parents","logger":"airflow.task.hooks.airflow.providers.standard.hooks.subprocess.SubprocessHook"}
{"timestamp":"2025-07-04T15:27:37.897972","level":"info","event":"25/07/04 15:27:37 INFO MemoryStore: Block broadcast_5 stored as values in memory (estimated size 20.3 KiB, free 365.3 MiB)","logger":"airflow.task.hooks.airflow.providers.standard.hooks.subprocess.SubprocessHook"}
{"timestamp":"2025-07-04T15:27:37.899725","level":"info","event":"25/07/04 15:27:37 INFO MemoryStore: Block broadcast_5_piece0 stored as bytes in memory (estimated size 9.8 KiB, free 365.3 MiB)","logger":"airflow.task.hooks.airflow.providers.standard.hooks.subprocess.SubprocessHook"}
{"timestamp":"2025-07-04T15:27:37.901022","level":"info","event":"25/07/04 15:27:37 INFO BlockManagerInfo: Added broadcast_5_piece0 in memory on 9decf636ba7d:34699 (size: 9.8 KiB, free: 366.2 MiB)","logger":"airflow.task.hooks.airflow.providers.standard.hooks.subprocess.SubprocessHook"}
{"timestamp":"2025-07-04T15:27:37.901451","level":"info","event":"25/07/04 15:27:37 INFO SparkContext: Created broadcast 5 from broadcast at DAGScheduler.scala:1383","logger":"airflow.task.hooks.airflow.providers.standard.hooks.subprocess.SubprocessHook"}
{"timestamp":"2025-07-04T15:27:37.902178","level":"info","event":"25/07/04 15:27:37 INFO DAGScheduler: Submitting 1 missing tasks from ResultStage 2 (MapPartitionsRDD[16] at approxQuantile at NativeMethodAccessorImpl.java:0) (first 15 tasks are for partitions Vector(0))","logger":"airflow.task.hooks.airflow.providers.standard.hooks.subprocess.SubprocessHook"}
{"timestamp":"2025-07-04T15:27:37.902337","level":"info","event":"25/07/04 15:27:37 INFO TaskSchedulerImpl: Adding task set 2.0 with 1 tasks resource profile 0","logger":"airflow.task.hooks.airflow.providers.standard.hooks.subprocess.SubprocessHook"}
{"timestamp":"2025-07-04T15:27:37.909821","level":"info","event":"25/07/04 15:27:37 INFO TaskSetManager: Starting task 0.0 in stage 2.0 (TID 2) (172.21.0.6, executor 0, partition 0, ANY, 4876 bytes) taskResourceAssignments Map()","logger":"airflow.task.hooks.airflow.providers.standard.hooks.subprocess.SubprocessHook"}
{"timestamp":"2025-07-04T15:27:37.921838","level":"info","event":"25/07/04 15:27:37 INFO BlockManagerInfo: Added broadcast_5_piece0 in memory on 172.21.0.6:37585 (size: 9.8 KiB, free: 366.2 MiB)","logger":"airflow.task.hooks.airflow.providers.standard.hooks.subprocess.SubprocessHook"}
{"timestamp":"2025-07-04T15:27:38.016820","level":"info","event":"25/07/04 15:27:38 INFO BlockManagerInfo: Added broadcast_4_piece0 in memory on 172.21.0.6:37585 (size: 27.7 KiB, free: 366.2 MiB)","logger":"airflow.task.hooks.airflow.providers.standard.hooks.subprocess.SubprocessHook"}
{"timestamp":"2025-07-04T15:27:38.164941","level":"info","event":"25/07/04 15:27:38 INFO TaskSetManager: Finished task 0.0 in stage 2.0 (TID 2) in 260 ms on 172.21.0.6 (executor 0) (1/1)","logger":"airflow.task.hooks.airflow.providers.standard.hooks.subprocess.SubprocessHook"}
{"timestamp":"2025-07-04T15:27:38.165132","level":"info","event":"25/07/04 15:27:38 INFO TaskSchedulerImpl: Removed TaskSet 2.0, whose tasks have all completed, from pool","logger":"airflow.task.hooks.airflow.providers.standard.hooks.subprocess.SubprocessHook"}
{"timestamp":"2025-07-04T15:27:38.166301","level":"info","event":"25/07/04 15:27:38 INFO DAGScheduler: ResultStage 2 (approxQuantile at NativeMethodAccessorImpl.java:0) finished in 0.285 s","logger":"airflow.task.hooks.airflow.providers.standard.hooks.subprocess.SubprocessHook"}
{"timestamp":"2025-07-04T15:27:38.166472","level":"info","event":"25/07/04 15:27:38 INFO DAGScheduler: Job 2 is finished. Cancelling potential speculative or zombie tasks for this job","logger":"airflow.task.hooks.airflow.providers.standard.hooks.subprocess.SubprocessHook"}
{"timestamp":"2025-07-04T15:27:38.166584","level":"info","event":"25/07/04 15:27:38 INFO TaskSchedulerImpl: Killing all running tasks in stage 2: Stage finished","logger":"airflow.task.hooks.airflow.providers.standard.hooks.subprocess.SubprocessHook"}
{"timestamp":"2025-07-04T15:27:38.167618","level":"info","event":"25/07/04 15:27:38 INFO DAGScheduler: Job 2 finished: approxQuantile at NativeMethodAccessorImpl.java:0, took 0.293143 s","logger":"airflow.task.hooks.airflow.providers.standard.hooks.subprocess.SubprocessHook"}
{"timestamp":"2025-07-04T15:27:38.277817","level":"info","event":"25/07/04 15:27:38 INFO FileSourceStrategy: Pushed Filters:","logger":"airflow.task.hooks.airflow.providers.standard.hooks.subprocess.SubprocessHook"}
{"timestamp":"2025-07-04T15:27:38.278919","level":"info","event":"25/07/04 15:27:38 INFO FileSourceStrategy: Post-Scan Filters: ((CASE WHEN isnull(cast(TotalCharges#35 as double)) THEN 0.0 ELSE cast(TotalCharges#35 as double) END < -3927.1499999999996) OR (CASE WHEN isnull(cast(TotalCharges#35 as double)) THEN 0.0 ELSE cast(TotalCharges#35 as double) END > 7662.049999999999))","logger":"airflow.task.hooks.airflow.providers.standard.hooks.subprocess.SubprocessHook"}
{"timestamp":"2025-07-04T15:27:38.279125","level":"info","event":"25/07/04 15:27:38 INFO FileSourceStrategy: Output Data Schema: struct<TotalCharges: string>","logger":"airflow.task.hooks.airflow.providers.standard.hooks.subprocess.SubprocessHook"}
{"timestamp":"2025-07-04T15:27:38.336337","level":"info","event":"25/07/04 15:27:38 INFO CodeGenerator: Code generated in 14.706625 ms","logger":"airflow.task.hooks.airflow.providers.standard.hooks.subprocess.SubprocessHook"}
{"timestamp":"2025-07-04T15:27:38.372864","level":"info","event":"25/07/04 15:27:38 INFO CodeGenerator: Code generated in 23.817848 ms","logger":"airflow.task.hooks.airflow.providers.standard.hooks.subprocess.SubprocessHook"}
{"timestamp":"2025-07-04T15:27:38.376328","level":"info","event":"25/07/04 15:27:38 INFO MemoryStore: Block broadcast_6 stored as values in memory (estimated size 304.3 KiB, free 365.0 MiB)","logger":"airflow.task.hooks.airflow.providers.standard.hooks.subprocess.SubprocessHook"}
{"timestamp":"2025-07-04T15:27:38.385347","level":"info","event":"25/07/04 15:27:38 INFO MemoryStore: Block broadcast_6_piece0 stored as bytes in memory (estimated size 27.7 KiB, free 364.9 MiB)","logger":"airflow.task.hooks.airflow.providers.standard.hooks.subprocess.SubprocessHook"}
{"timestamp":"2025-07-04T15:27:38.389218","level":"info","event":"25/07/04 15:27:38 INFO BlockManagerInfo: Added broadcast_6_piece0 in memory on 9decf636ba7d:34699 (size: 27.7 KiB, free: 366.2 MiB)","logger":"airflow.task.hooks.airflow.providers.standard.hooks.subprocess.SubprocessHook"}
{"timestamp":"2025-07-04T15:27:38.389471","level":"info","event":"25/07/04 15:27:38 INFO SparkContext: Created broadcast 6 from count at NativeMethodAccessorImpl.java:0","logger":"airflow.task.hooks.airflow.providers.standard.hooks.subprocess.SubprocessHook"}
{"timestamp":"2025-07-04T15:27:38.389552","level":"info","event":"25/07/04 15:27:38 INFO FileSourceScanExec: Planning scan with bin packing, max size: 4194304 bytes, open cost is considered as scanning 4194304 bytes.","logger":"airflow.task.hooks.airflow.providers.standard.hooks.subprocess.SubprocessHook"}
{"timestamp":"2025-07-04T15:27:38.423352","level":"info","event":"25/07/04 15:27:38 INFO SparkContext: Starting job: count at NativeMethodAccessorImpl.java:0","logger":"airflow.task.hooks.airflow.providers.standard.hooks.subprocess.SubprocessHook"}
{"timestamp":"2025-07-04T15:27:38.425540","level":"info","event":"25/07/04 15:27:38 INFO DAGScheduler: Registering RDD 20 (count at NativeMethodAccessorImpl.java:0) as input to shuffle 0","logger":"airflow.task.hooks.airflow.providers.standard.hooks.subprocess.SubprocessHook"}
{"timestamp":"2025-07-04T15:27:38.427947","level":"info","event":"25/07/04 15:27:38 INFO DAGScheduler: Got job 3 (count at NativeMethodAccessorImpl.java:0) with 1 output partitions","logger":"airflow.task.hooks.airflow.providers.standard.hooks.subprocess.SubprocessHook"}
{"timestamp":"2025-07-04T15:27:38.428150","level":"info","event":"25/07/04 15:27:38 INFO DAGScheduler: Final stage: ResultStage 4 (count at NativeMethodAccessorImpl.java:0)","logger":"airflow.task.hooks.airflow.providers.standard.hooks.subprocess.SubprocessHook"}
{"timestamp":"2025-07-04T15:27:38.428226","level":"info","event":"25/07/04 15:27:38 INFO DAGScheduler: Parents of final stage: List(ShuffleMapStage 3)","logger":"airflow.task.hooks.airflow.providers.standard.hooks.subprocess.SubprocessHook"}
{"timestamp":"2025-07-04T15:27:38.429551","level":"info","event":"25/07/04 15:27:38 INFO DAGScheduler: Missing parents: List(ShuffleMapStage 3)","logger":"airflow.task.hooks.airflow.providers.standard.hooks.subprocess.SubprocessHook"}
{"timestamp":"2025-07-04T15:27:38.430837","level":"info","event":"25/07/04 15:27:38 INFO DAGScheduler: Submitting ShuffleMapStage 3 (MapPartitionsRDD[20] at count at NativeMethodAccessorImpl.java:0), which has no missing parents","logger":"airflow.task.hooks.airflow.providers.standard.hooks.subprocess.SubprocessHook"}
{"timestamp":"2025-07-04T15:27:38.441515","level":"info","event":"25/07/04 15:27:38 INFO MemoryStore: Block broadcast_7 stored as values in memory (estimated size 19.7 KiB, free 364.9 MiB)","logger":"airflow.task.hooks.airflow.providers.standard.hooks.subprocess.SubprocessHook"}
{"timestamp":"2025-07-04T15:27:38.443759","level":"info","event":"25/07/04 15:27:38 INFO MemoryStore: Block broadcast_7_piece0 stored as bytes in memory (estimated size 9.3 KiB, free 364.9 MiB)","logger":"airflow.task.hooks.airflow.providers.standard.hooks.subprocess.SubprocessHook"}
{"timestamp":"2025-07-04T15:27:38.444254","level":"info","event":"25/07/04 15:27:38 INFO BlockManagerInfo: Added broadcast_7_piece0 in memory on 9decf636ba7d:34699 (size: 9.3 KiB, free: 366.2 MiB)","logger":"airflow.task.hooks.airflow.providers.standard.hooks.subprocess.SubprocessHook"}
{"timestamp":"2025-07-04T15:27:38.444595","level":"info","event":"25/07/04 15:27:38 INFO SparkContext: Created broadcast 7 from broadcast at DAGScheduler.scala:1383","logger":"airflow.task.hooks.airflow.providers.standard.hooks.subprocess.SubprocessHook"}
{"timestamp":"2025-07-04T15:27:38.446809","level":"info","event":"25/07/04 15:27:38 INFO DAGScheduler: Submitting 1 missing tasks from ShuffleMapStage 3 (MapPartitionsRDD[20] at count at NativeMethodAccessorImpl.java:0) (first 15 tasks are for partitions Vector(0))","logger":"airflow.task.hooks.airflow.providers.standard.hooks.subprocess.SubprocessHook"}
{"timestamp":"2025-07-04T15:27:38.446944","level":"info","event":"25/07/04 15:27:38 INFO TaskSchedulerImpl: Adding task set 3.0 with 1 tasks resource profile 0","logger":"airflow.task.hooks.airflow.providers.standard.hooks.subprocess.SubprocessHook"}
{"timestamp":"2025-07-04T15:27:38.448602","level":"info","event":"25/07/04 15:27:38 INFO TaskSetManager: Starting task 0.0 in stage 3.0 (TID 3) (172.21.0.6, executor 0, partition 0, ANY, 4865 bytes) taskResourceAssignments Map()","logger":"airflow.task.hooks.airflow.providers.standard.hooks.subprocess.SubprocessHook"}
{"timestamp":"2025-07-04T15:27:38.463696","level":"info","event":"25/07/04 15:27:38 INFO BlockManagerInfo: Added broadcast_7_piece0 in memory on 172.21.0.6:37585 (size: 9.3 KiB, free: 366.2 MiB)","logger":"airflow.task.hooks.airflow.providers.standard.hooks.subprocess.SubprocessHook"}
{"timestamp":"2025-07-04T15:27:38.546097","level":"info","event":"25/07/04 15:27:38 INFO BlockManagerInfo: Added broadcast_6_piece0 in memory on 172.21.0.6:37585 (size: 27.7 KiB, free: 366.2 MiB)","logger":"airflow.task.hooks.airflow.providers.standard.hooks.subprocess.SubprocessHook"}
{"timestamp":"2025-07-04T15:27:38.638631","level":"info","event":"25/07/04 15:27:38 INFO TaskSetManager: Finished task 0.0 in stage 3.0 (TID 3) in 191 ms on 172.21.0.6 (executor 0) (1/1)","logger":"airflow.task.hooks.airflow.providers.standard.hooks.subprocess.SubprocessHook"}
{"timestamp":"2025-07-04T15:27:38.638811","level":"info","event":"25/07/04 15:27:38 INFO TaskSchedulerImpl: Removed TaskSet 3.0, whose tasks have all completed, from pool","logger":"airflow.task.hooks.airflow.providers.standard.hooks.subprocess.SubprocessHook"}
{"timestamp":"2025-07-04T15:27:38.640374","level":"info","event":"25/07/04 15:27:38 INFO DAGScheduler: ShuffleMapStage 3 (count at NativeMethodAccessorImpl.java:0) finished in 0.206 s","logger":"airflow.task.hooks.airflow.providers.standard.hooks.subprocess.SubprocessHook"}
{"timestamp":"2025-07-04T15:27:38.640505","level":"info","event":"25/07/04 15:27:38 INFO DAGScheduler: looking for newly runnable stages","logger":"airflow.task.hooks.airflow.providers.standard.hooks.subprocess.SubprocessHook"}
{"timestamp":"2025-07-04T15:27:38.640914","level":"info","event":"25/07/04 15:27:38 INFO DAGScheduler: running: Set()","logger":"airflow.task.hooks.airflow.providers.standard.hooks.subprocess.SubprocessHook"}
{"timestamp":"2025-07-04T15:27:38.641708","level":"info","event":"25/07/04 15:27:38 INFO DAGScheduler: waiting: Set(ResultStage 4)","logger":"airflow.task.hooks.airflow.providers.standard.hooks.subprocess.SubprocessHook"}
{"timestamp":"2025-07-04T15:27:38.641802","level":"info","event":"25/07/04 15:27:38 INFO DAGScheduler: failed: Set()","logger":"airflow.task.hooks.airflow.providers.standard.hooks.subprocess.SubprocessHook"}
{"timestamp":"2025-07-04T15:27:38.644221","level":"info","event":"25/07/04 15:27:38 INFO DAGScheduler: Submitting ResultStage 4 (MapPartitionsRDD[23] at count at NativeMethodAccessorImpl.java:0), which has no missing parents","logger":"airflow.task.hooks.airflow.providers.standard.hooks.subprocess.SubprocessHook"}
{"timestamp":"2025-07-04T15:27:38.649609","level":"info","event":"25/07/04 15:27:38 INFO MemoryStore: Block broadcast_8 stored as values in memory (estimated size 10.1 KiB, free 364.9 MiB)","logger":"airflow.task.hooks.airflow.providers.standard.hooks.subprocess.SubprocessHook"}
{"timestamp":"2025-07-04T15:27:38.650993","level":"info","event":"25/07/04 15:27:38 INFO MemoryStore: Block broadcast_8_piece0 stored as bytes in memory (estimated size 5.0 KiB, free 364.9 MiB)","logger":"airflow.task.hooks.airflow.providers.standard.hooks.subprocess.SubprocessHook"}
{"timestamp":"2025-07-04T15:27:38.651629","level":"info","event":"25/07/04 15:27:38 INFO BlockManagerInfo: Added broadcast_8_piece0 in memory on 9decf636ba7d:34699 (size: 5.0 KiB, free: 366.2 MiB)","logger":"airflow.task.hooks.airflow.providers.standard.hooks.subprocess.SubprocessHook"}
{"timestamp":"2025-07-04T15:27:38.651963","level":"info","event":"25/07/04 15:27:38 INFO SparkContext: Created broadcast 8 from broadcast at DAGScheduler.scala:1383","logger":"airflow.task.hooks.airflow.providers.standard.hooks.subprocess.SubprocessHook"}
{"timestamp":"2025-07-04T15:27:38.652359","level":"info","event":"25/07/04 15:27:38 INFO DAGScheduler: Submitting 1 missing tasks from ResultStage 4 (MapPartitionsRDD[23] at count at NativeMethodAccessorImpl.java:0) (first 15 tasks are for partitions Vector(0))","logger":"airflow.task.hooks.airflow.providers.standard.hooks.subprocess.SubprocessHook"}
{"timestamp":"2025-07-04T15:27:38.652416","level":"info","event":"25/07/04 15:27:38 INFO TaskSchedulerImpl: Adding task set 4.0 with 1 tasks resource profile 0","logger":"airflow.task.hooks.airflow.providers.standard.hooks.subprocess.SubprocessHook"}
{"timestamp":"2025-07-04T15:27:38.655559","level":"info","event":"25/07/04 15:27:38 INFO TaskSetManager: Starting task 0.0 in stage 4.0 (TID 4) (172.21.0.6, executor 0, partition 0, NODE_LOCAL, 4457 bytes) taskResourceAssignments Map()","logger":"airflow.task.hooks.airflow.providers.standard.hooks.subprocess.SubprocessHook"}
{"timestamp":"2025-07-04T15:27:38.669867","level":"info","event":"25/07/04 15:27:38 INFO BlockManagerInfo: Added broadcast_8_piece0 in memory on 172.21.0.6:37585 (size: 5.0 KiB, free: 366.2 MiB)","logger":"airflow.task.hooks.airflow.providers.standard.hooks.subprocess.SubprocessHook"}
{"timestamp":"2025-07-04T15:27:38.687964","level":"info","event":"25/07/04 15:27:38 INFO MapOutputTrackerMasterEndpoint: Asked to send map output locations for shuffle 0 to 172.21.0.6:38954","logger":"airflow.task.hooks.airflow.providers.standard.hooks.subprocess.SubprocessHook"}
{"timestamp":"2025-07-04T15:27:38.786034","level":"info","event":"25/07/04 15:27:38 INFO TaskSetManager: Finished task 0.0 in stage 4.0 (TID 4) in 131 ms on 172.21.0.6 (executor 0) (1/1)","logger":"airflow.task.hooks.airflow.providers.standard.hooks.subprocess.SubprocessHook"}
{"timestamp":"2025-07-04T15:27:38.786295","level":"info","event":"25/07/04 15:27:38 INFO TaskSchedulerImpl: Removed TaskSet 4.0, whose tasks have all completed, from pool","logger":"airflow.task.hooks.airflow.providers.standard.hooks.subprocess.SubprocessHook"}
{"timestamp":"2025-07-04T15:27:38.787216","level":"info","event":"25/07/04 15:27:38 INFO DAGScheduler: ResultStage 4 (count at NativeMethodAccessorImpl.java:0) finished in 0.138 s","logger":"airflow.task.hooks.airflow.providers.standard.hooks.subprocess.SubprocessHook"}
{"timestamp":"2025-07-04T15:27:38.787512","level":"info","event":"25/07/04 15:27:38 INFO DAGScheduler: Job 3 is finished. Cancelling potential speculative or zombie tasks for this job","logger":"airflow.task.hooks.airflow.providers.standard.hooks.subprocess.SubprocessHook"}
{"timestamp":"2025-07-04T15:27:38.787633","level":"info","event":"25/07/04 15:27:38 INFO TaskSchedulerImpl: Killing all running tasks in stage 4: Stage finished","logger":"airflow.task.hooks.airflow.providers.standard.hooks.subprocess.SubprocessHook"}
{"timestamp":"2025-07-04T15:27:38.787833","level":"info","event":"25/07/04 15:27:38 INFO DAGScheduler: Job 3 finished: count at NativeMethodAccessorImpl.java:0, took 0.364258 s","logger":"airflow.task.hooks.airflow.providers.standard.hooks.subprocess.SubprocessHook"}
{"timestamp":"2025-07-04T15:27:38.791060","level":"info","event":"Number of outliers in totalcharges: 154","logger":"airflow.task.hooks.airflow.providers.standard.hooks.subprocess.SubprocessHook"}
{"timestamp":"2025-07-04T15:27:38.879832","level":"info","event":"25/07/04 15:27:38 INFO FileSourceStrategy: Pushed Filters:","logger":"airflow.task.hooks.airflow.providers.standard.hooks.subprocess.SubprocessHook"}
{"timestamp":"2025-07-04T15:27:38.880005","level":"info","event":"25/07/04 15:27:38 INFO FileSourceStrategy: Post-Scan Filters:","logger":"airflow.task.hooks.airflow.providers.standard.hooks.subprocess.SubprocessHook"}
{"timestamp":"2025-07-04T15:27:38.880070","level":"info","event":"25/07/04 15:27:38 INFO FileSourceStrategy: Output Data Schema: struct<customerID: string, gender: string, SeniorCitizen: int, Partner: string, Dependents: string ... 19 more fields>","logger":"airflow.task.hooks.airflow.providers.standard.hooks.subprocess.SubprocessHook"}
{"timestamp":"2025-07-04T15:27:38.930729","level":"info","event":"25/07/04 15:27:38 INFO ParquetFileFormat: Using default output committer for Parquet: org.apache.parquet.hadoop.ParquetOutputCommitter","logger":"airflow.task.hooks.airflow.providers.standard.hooks.subprocess.SubprocessHook"}
{"timestamp":"2025-07-04T15:27:38.950005","level":"info","event":"25/07/04 15:27:38 INFO FileOutputCommitter: File Output Committer Algorithm version is 1","logger":"airflow.task.hooks.airflow.providers.standard.hooks.subprocess.SubprocessHook"}
{"timestamp":"2025-07-04T15:27:38.950182","level":"info","event":"25/07/04 15:27:38 INFO FileOutputCommitter: FileOutputCommitter skip cleanup _temporary folders under output directory:false, ignore cleanup failures: false","logger":"airflow.task.hooks.airflow.providers.standard.hooks.subprocess.SubprocessHook"}
{"timestamp":"2025-07-04T15:27:38.950618","level":"info","event":"25/07/04 15:27:38 INFO SQLHadoopMapReduceCommitProtocol: Using user defined output committer class org.apache.parquet.hadoop.ParquetOutputCommitter","logger":"airflow.task.hooks.airflow.providers.standard.hooks.subprocess.SubprocessHook"}
{"timestamp":"2025-07-04T15:27:38.950683","level":"info","event":"25/07/04 15:27:38 INFO FileOutputCommitter: File Output Committer Algorithm version is 1","logger":"airflow.task.hooks.airflow.providers.standard.hooks.subprocess.SubprocessHook"}
{"timestamp":"2025-07-04T15:27:38.950717","level":"info","event":"25/07/04 15:27:38 INFO FileOutputCommitter: FileOutputCommitter skip cleanup _temporary folders under output directory:false, ignore cleanup failures: false","logger":"airflow.task.hooks.airflow.providers.standard.hooks.subprocess.SubprocessHook"}
{"timestamp":"2025-07-04T15:27:38.951680","level":"info","event":"25/07/04 15:27:38 INFO SQLHadoopMapReduceCommitProtocol: Using output committer class org.apache.parquet.hadoop.ParquetOutputCommitter","logger":"airflow.task.hooks.airflow.providers.standard.hooks.subprocess.SubprocessHook"}
{"timestamp":"2025-07-04T15:27:39.014084","level":"info","event":"25/07/04 15:27:39 INFO CodeGenerator: Code generated in 31.724004 ms","logger":"airflow.task.hooks.airflow.providers.standard.hooks.subprocess.SubprocessHook"}
{"timestamp":"2025-07-04T15:27:39.017356","level":"info","event":"25/07/04 15:27:39 INFO MemoryStore: Block broadcast_9 stored as values in memory (estimated size 304.3 KiB, free 364.6 MiB)","logger":"airflow.task.hooks.airflow.providers.standard.hooks.subprocess.SubprocessHook"}
{"timestamp":"2025-07-04T15:27:39.024697","level":"info","event":"25/07/04 15:27:39 INFO MemoryStore: Block broadcast_9_piece0 stored as bytes in memory (estimated size 27.7 KiB, free 364.6 MiB)","logger":"airflow.task.hooks.airflow.providers.standard.hooks.subprocess.SubprocessHook"}
{"timestamp":"2025-07-04T15:27:39.025784","level":"info","event":"25/07/04 15:27:39 INFO BlockManagerInfo: Added broadcast_9_piece0 in memory on 9decf636ba7d:34699 (size: 27.7 KiB, free: 366.1 MiB)","logger":"airflow.task.hooks.airflow.providers.standard.hooks.subprocess.SubprocessHook"}
{"timestamp":"2025-07-04T15:27:39.026466","level":"info","event":"25/07/04 15:27:39 INFO SparkContext: Created broadcast 9 from parquet at NativeMethodAccessorImpl.java:0","logger":"airflow.task.hooks.airflow.providers.standard.hooks.subprocess.SubprocessHook"}
{"timestamp":"2025-07-04T15:27:39.027404","level":"info","event":"25/07/04 15:27:39 INFO FileSourceScanExec: Planning scan with bin packing, max size: 4194304 bytes, open cost is considered as scanning 4194304 bytes.","logger":"airflow.task.hooks.airflow.providers.standard.hooks.subprocess.SubprocessHook"}
{"timestamp":"2025-07-04T15:27:39.050386","level":"info","event":"25/07/04 15:27:39 INFO SparkContext: Starting job: parquet at NativeMethodAccessorImpl.java:0","logger":"airflow.task.hooks.airflow.providers.standard.hooks.subprocess.SubprocessHook"}
{"timestamp":"2025-07-04T15:27:39.051108","level":"info","event":"25/07/04 15:27:39 INFO DAGScheduler: Got job 4 (parquet at NativeMethodAccessorImpl.java:0) with 1 output partitions","logger":"airflow.task.hooks.airflow.providers.standard.hooks.subprocess.SubprocessHook"}
{"timestamp":"2025-07-04T15:27:39.051254","level":"info","event":"25/07/04 15:27:39 INFO DAGScheduler: Final stage: ResultStage 5 (parquet at NativeMethodAccessorImpl.java:0)","logger":"airflow.task.hooks.airflow.providers.standard.hooks.subprocess.SubprocessHook"}
{"timestamp":"2025-07-04T15:27:39.051353","level":"info","event":"25/07/04 15:27:39 INFO DAGScheduler: Parents of final stage: List()","logger":"airflow.task.hooks.airflow.providers.standard.hooks.subprocess.SubprocessHook"}
{"timestamp":"2025-07-04T15:27:39.051414","level":"info","event":"25/07/04 15:27:39 INFO DAGScheduler: Missing parents: List()","logger":"airflow.task.hooks.airflow.providers.standard.hooks.subprocess.SubprocessHook"}
{"timestamp":"2025-07-04T15:27:39.052203","level":"info","event":"25/07/04 15:27:39 INFO DAGScheduler: Submitting ResultStage 5 (MapPartitionsRDD[26] at parquet at NativeMethodAccessorImpl.java:0), which has no missing parents","logger":"airflow.task.hooks.airflow.providers.standard.hooks.subprocess.SubprocessHook"}
{"timestamp":"2025-07-04T15:27:39.063799","level":"info","event":"25/07/04 15:27:39 INFO MemoryStore: Block broadcast_10 stored as values in memory (estimated size 191.7 KiB, free 364.4 MiB)","logger":"airflow.task.hooks.airflow.providers.standard.hooks.subprocess.SubprocessHook"}
{"timestamp":"2025-07-04T15:27:39.077774","level":"info","event":"25/07/04 15:27:39 INFO MemoryStore: Block broadcast_10_piece0 stored as bytes in memory (estimated size 67.0 KiB, free 364.3 MiB)","logger":"airflow.task.hooks.airflow.providers.standard.hooks.subprocess.SubprocessHook"}
{"timestamp":"2025-07-04T15:27:39.082540","level":"info","event":"25/07/04 15:27:39 INFO BlockManagerInfo: Added broadcast_10_piece0 in memory on 9decf636ba7d:34699 (size: 67.0 KiB, free: 366.1 MiB)","logger":"airflow.task.hooks.airflow.providers.standard.hooks.subprocess.SubprocessHook"}
{"timestamp":"2025-07-04T15:27:39.085286","level":"info","event":"25/07/04 15:27:39 INFO SparkContext: Created broadcast 10 from broadcast at DAGScheduler.scala:1383","logger":"airflow.task.hooks.airflow.providers.standard.hooks.subprocess.SubprocessHook"}
{"timestamp":"2025-07-04T15:27:39.088834","level":"info","event":"25/07/04 15:27:39 INFO DAGScheduler: Submitting 1 missing tasks from ResultStage 5 (MapPartitionsRDD[26] at parquet at NativeMethodAccessorImpl.java:0) (first 15 tasks are for partitions Vector(0))","logger":"airflow.task.hooks.airflow.providers.standard.hooks.subprocess.SubprocessHook"}
{"timestamp":"2025-07-04T15:27:39.089044","level":"info","event":"25/07/04 15:27:39 INFO TaskSchedulerImpl: Adding task set 5.0 with 1 tasks resource profile 0","logger":"airflow.task.hooks.airflow.providers.standard.hooks.subprocess.SubprocessHook"}
{"timestamp":"2025-07-04T15:27:39.089127","level":"info","event":"25/07/04 15:27:39 INFO TaskSetManager: Starting task 0.0 in stage 5.0 (TID 5) (172.21.0.6, executor 0, partition 0, ANY, 4876 bytes) taskResourceAssignments Map()","logger":"airflow.task.hooks.airflow.providers.standard.hooks.subprocess.SubprocessHook"}
{"timestamp":"2025-07-04T15:27:39.112003","level":"info","event":"25/07/04 15:27:39 INFO BlockManagerInfo: Removed broadcast_8_piece0 on 9decf636ba7d:34699 in memory (size: 5.0 KiB, free: 366.1 MiB)","logger":"airflow.task.hooks.airflow.providers.standard.hooks.subprocess.SubprocessHook"}
{"timestamp":"2025-07-04T15:27:39.115641","level":"info","event":"25/07/04 15:27:39 INFO BlockManagerInfo: Added broadcast_10_piece0 in memory on 172.21.0.6:37585 (size: 67.0 KiB, free: 366.1 MiB)","logger":"airflow.task.hooks.airflow.providers.standard.hooks.subprocess.SubprocessHook"}
{"timestamp":"2025-07-04T15:27:39.122182","level":"info","event":"25/07/04 15:27:39 INFO BlockManagerInfo: Removed broadcast_8_piece0 on 172.21.0.6:37585 in memory (size: 5.0 KiB, free: 366.1 MiB)","logger":"airflow.task.hooks.airflow.providers.standard.hooks.subprocess.SubprocessHook"}
{"timestamp":"2025-07-04T15:27:39.135608","level":"info","event":"25/07/04 15:27:39 INFO BlockManagerInfo: Removed broadcast_7_piece0 on 9decf636ba7d:34699 in memory (size: 9.3 KiB, free: 366.1 MiB)","logger":"airflow.task.hooks.airflow.providers.standard.hooks.subprocess.SubprocessHook"}
{"timestamp":"2025-07-04T15:27:39.138864","level":"info","event":"25/07/04 15:27:39 INFO BlockManagerInfo: Removed broadcast_7_piece0 on 172.21.0.6:37585 in memory (size: 9.3 KiB, free: 366.1 MiB)","logger":"airflow.task.hooks.airflow.providers.standard.hooks.subprocess.SubprocessHook"}
{"timestamp":"2025-07-04T15:27:39.149127","level":"info","event":"25/07/04 15:27:39 INFO BlockManagerInfo: Removed broadcast_5_piece0 on 9decf636ba7d:34699 in memory (size: 9.8 KiB, free: 366.1 MiB)","logger":"airflow.task.hooks.airflow.providers.standard.hooks.subprocess.SubprocessHook"}
{"timestamp":"2025-07-04T15:27:39.152735","level":"info","event":"25/07/04 15:27:39 INFO BlockManagerInfo: Removed broadcast_5_piece0 on 172.21.0.6:37585 in memory (size: 9.8 KiB, free: 366.1 MiB)","logger":"airflow.task.hooks.airflow.providers.standard.hooks.subprocess.SubprocessHook"}
{"timestamp":"2025-07-04T15:27:39.160500","level":"info","event":"25/07/04 15:27:39 INFO BlockManagerInfo: Removed broadcast_6_piece0 on 9decf636ba7d:34699 in memory (size: 27.7 KiB, free: 366.1 MiB)","logger":"airflow.task.hooks.airflow.providers.standard.hooks.subprocess.SubprocessHook"}
{"timestamp":"2025-07-04T15:27:39.165094","level":"info","event":"25/07/04 15:27:39 INFO BlockManagerInfo: Removed broadcast_6_piece0 on 172.21.0.6:37585 in memory (size: 27.7 KiB, free: 366.1 MiB)","logger":"airflow.task.hooks.airflow.providers.standard.hooks.subprocess.SubprocessHook"}
{"timestamp":"2025-07-04T15:27:39.172365","level":"info","event":"25/07/04 15:27:39 INFO BlockManagerInfo: Removed broadcast_1_piece0 on 9decf636ba7d:34699 in memory (size: 5.4 KiB, free: 366.1 MiB)","logger":"airflow.task.hooks.airflow.providers.standard.hooks.subprocess.SubprocessHook"}
{"timestamp":"2025-07-04T15:27:39.174998","level":"info","event":"25/07/04 15:27:39 INFO BlockManagerInfo: Removed broadcast_1_piece0 on 172.21.0.6:37585 in memory (size: 5.4 KiB, free: 366.1 MiB)","logger":"airflow.task.hooks.airflow.providers.standard.hooks.subprocess.SubprocessHook"}
{"timestamp":"2025-07-04T15:27:39.182670","level":"info","event":"25/07/04 15:27:39 INFO BlockManagerInfo: Removed broadcast_4_piece0 on 9decf636ba7d:34699 in memory (size: 27.7 KiB, free: 366.1 MiB)","logger":"airflow.task.hooks.airflow.providers.standard.hooks.subprocess.SubprocessHook"}
{"timestamp":"2025-07-04T15:27:39.185393","level":"info","event":"25/07/04 15:27:39 INFO BlockManagerInfo: Removed broadcast_4_piece0 on 172.21.0.6:37585 in memory (size: 27.7 KiB, free: 366.2 MiB)","logger":"airflow.task.hooks.airflow.providers.standard.hooks.subprocess.SubprocessHook"}
{"timestamp":"2025-07-04T15:27:39.194735","level":"info","event":"25/07/04 15:27:39 INFO BlockManagerInfo: Removed broadcast_3_piece0 on 9decf636ba7d:34699 in memory (size: 8.1 KiB, free: 366.2 MiB)","logger":"airflow.task.hooks.airflow.providers.standard.hooks.subprocess.SubprocessHook"}
{"timestamp":"2025-07-04T15:27:39.199953","level":"info","event":"25/07/04 15:27:39 INFO BlockManagerInfo: Removed broadcast_3_piece0 on 172.21.0.6:37585 in memory (size: 8.1 KiB, free: 366.2 MiB)","logger":"airflow.task.hooks.airflow.providers.standard.hooks.subprocess.SubprocessHook"}
{"timestamp":"2025-07-04T15:27:39.666142","level":"info","event":"25/07/04 15:27:39 INFO BlockManagerInfo: Added broadcast_9_piece0 in memory on 172.21.0.6:37585 (size: 27.7 KiB, free: 366.2 MiB)","logger":"airflow.task.hooks.airflow.providers.standard.hooks.subprocess.SubprocessHook"}
{"timestamp":"2025-07-04T15:27:40.060331","level":"info","event":"25/07/04 15:27:40 INFO TaskSetManager: Finished task 0.0 in stage 5.0 (TID 5) in 972 ms on 172.21.0.6 (executor 0) (1/1)","logger":"airflow.task.hooks.airflow.providers.standard.hooks.subprocess.SubprocessHook"}
{"timestamp":"2025-07-04T15:27:40.060524","level":"info","event":"25/07/04 15:27:40 INFO TaskSchedulerImpl: Removed TaskSet 5.0, whose tasks have all completed, from pool","logger":"airflow.task.hooks.airflow.providers.standard.hooks.subprocess.SubprocessHook"}
{"timestamp":"2025-07-04T15:27:40.060705","level":"info","event":"25/07/04 15:27:40 INFO DAGScheduler: ResultStage 5 (parquet at NativeMethodAccessorImpl.java:0) finished in 1.008 s","logger":"airflow.task.hooks.airflow.providers.standard.hooks.subprocess.SubprocessHook"}
{"timestamp":"2025-07-04T15:27:40.061093","level":"info","event":"25/07/04 15:27:40 INFO DAGScheduler: Job 4 is finished. Cancelling potential speculative or zombie tasks for this job","logger":"airflow.task.hooks.airflow.providers.standard.hooks.subprocess.SubprocessHook"}
{"timestamp":"2025-07-04T15:27:40.061176","level":"info","event":"25/07/04 15:27:40 INFO TaskSchedulerImpl: Killing all running tasks in stage 5: Stage finished","logger":"airflow.task.hooks.airflow.providers.standard.hooks.subprocess.SubprocessHook"}
{"timestamp":"2025-07-04T15:27:40.061748","level":"info","event":"25/07/04 15:27:40 INFO DAGScheduler: Job 4 finished: parquet at NativeMethodAccessorImpl.java:0, took 1.011862 s","logger":"airflow.task.hooks.airflow.providers.standard.hooks.subprocess.SubprocessHook"}
{"timestamp":"2025-07-04T15:27:40.126984","level":"info","event":"25/07/04 15:27:40 INFO FileFormatWriter: Write Job c52f2d53-a205-423e-82d9-66f9e06fd116 committed.","logger":"airflow.task.hooks.airflow.providers.standard.hooks.subprocess.SubprocessHook"}
{"timestamp":"2025-07-04T15:27:40.130699","level":"info","event":"25/07/04 15:27:40 INFO FileFormatWriter: Finished processing stats for write job c52f2d53-a205-423e-82d9-66f9e06fd116.","logger":"airflow.task.hooks.airflow.providers.standard.hooks.subprocess.SubprocessHook"}
{"timestamp":"2025-07-04T15:27:40.172301","level":"info","event":"Traceback (most recent call last):","logger":"airflow.task.hooks.airflow.providers.standard.hooks.subprocess.SubprocessHook"}
{"timestamp":"2025-07-04T15:27:40.172452","level":"info","event":"  File \"/opt/spark-apps/get_clean.py\", line 67, in <module>","logger":"airflow.task.hooks.airflow.providers.standard.hooks.subprocess.SubprocessHook"}
{"timestamp":"2025-07-04T15:27:40.174311","level":"info","event":"    .mode(\"overwrite\")\\","logger":"airflow.task.hooks.airflow.providers.standard.hooks.subprocess.SubprocessHook"}
{"timestamp":"2025-07-04T15:27:40.174451","level":"info","event":"  File \"/opt/bitnami/spark/python/lib/pyspark.zip/pyspark/sql/readwriter.py\", line 1107, in save","logger":"airflow.task.hooks.airflow.providers.standard.hooks.subprocess.SubprocessHook"}
{"timestamp":"2025-07-04T15:27:40.174520","level":"info","event":"  File \"/opt/bitnami/spark/python/lib/py4j-0.10.9-src.zip/py4j/java_gateway.py\", line 1305, in __call__","logger":"airflow.task.hooks.airflow.providers.standard.hooks.subprocess.SubprocessHook"}
{"timestamp":"2025-07-04T15:27:40.174902","level":"info","event":"  File \"/opt/bitnami/spark/python/lib/pyspark.zip/pyspark/sql/utils.py\", line 111, in deco","logger":"airflow.task.hooks.airflow.providers.standard.hooks.subprocess.SubprocessHook"}
{"timestamp":"2025-07-04T15:27:40.175170","level":"info","event":"  File \"/opt/bitnami/spark/python/lib/py4j-0.10.9-src.zip/py4j/protocol.py\", line 328, in get_return_value","logger":"airflow.task.hooks.airflow.providers.standard.hooks.subprocess.SubprocessHook"}
{"timestamp":"2025-07-04T15:27:40.177058","level":"info","event":"py4j.protocol.Py4JJavaError: An error occurred while calling o117.save.","logger":"airflow.task.hooks.airflow.providers.standard.hooks.subprocess.SubprocessHook"}
{"timestamp":"2025-07-04T15:27:40.177189","level":"info","event":": java.sql.SQLException: No suitable driver","logger":"airflow.task.hooks.airflow.providers.standard.hooks.subprocess.SubprocessHook"}
{"timestamp":"2025-07-04T15:27:40.177234","level":"info","event":"\tat java.sql.DriverManager.getDriver(DriverManager.java:315)","logger":"airflow.task.hooks.airflow.providers.standard.hooks.subprocess.SubprocessHook"}
{"timestamp":"2025-07-04T15:27:40.177265","level":"info","event":"\tat org.apache.spark.sql.execution.datasources.jdbc.JDBCOptions.$anonfun$driverClass$2(JDBCOptions.scala:108)","logger":"airflow.task.hooks.airflow.providers.standard.hooks.subprocess.SubprocessHook"}
{"timestamp":"2025-07-04T15:27:40.177295","level":"info","event":"\tat scala.Option.getOrElse(Option.scala:189)","logger":"airflow.task.hooks.airflow.providers.standard.hooks.subprocess.SubprocessHook"}
{"timestamp":"2025-07-04T15:27:40.177332","level":"info","event":"\tat org.apache.spark.sql.execution.datasources.jdbc.JDBCOptions.<init>(JDBCOptions.scala:108)","logger":"airflow.task.hooks.airflow.providers.standard.hooks.subprocess.SubprocessHook"}
{"timestamp":"2025-07-04T15:27:40.177371","level":"info","event":"\tat org.apache.spark.sql.execution.datasources.jdbc.JdbcOptionsInWrite.<init>(JDBCOptions.scala:215)","logger":"airflow.task.hooks.airflow.providers.standard.hooks.subprocess.SubprocessHook"}
{"timestamp":"2025-07-04T15:27:40.177398","level":"info","event":"\tat org.apache.spark.sql.execution.datasources.jdbc.JdbcOptionsInWrite.<init>(JDBCOptions.scala:219)","logger":"airflow.task.hooks.airflow.providers.standard.hooks.subprocess.SubprocessHook"}
{"timestamp":"2025-07-04T15:27:40.177435","level":"info","event":"\tat org.apache.spark.sql.execution.datasources.jdbc.JdbcRelationProvider.createRelation(JdbcRelationProvider.scala:45)","logger":"airflow.task.hooks.airflow.providers.standard.hooks.subprocess.SubprocessHook"}
{"timestamp":"2025-07-04T15:27:40.177463","level":"info","event":"\tat org.apache.spark.sql.execution.datasources.SaveIntoDataSourceCommand.run(SaveIntoDataSourceCommand.scala:46)","logger":"airflow.task.hooks.airflow.providers.standard.hooks.subprocess.SubprocessHook"}
{"timestamp":"2025-07-04T15:27:40.177488","level":"info","event":"\tat org.apache.spark.sql.execution.command.ExecutedCommandExec.sideEffectResult$lzycompute(commands.scala:70)","logger":"airflow.task.hooks.airflow.providers.standard.hooks.subprocess.SubprocessHook"}
{"timestamp":"2025-07-04T15:27:40.177511","level":"info","event":"\tat org.apache.spark.sql.execution.command.ExecutedCommandExec.sideEffectResult(commands.scala:68)","logger":"airflow.task.hooks.airflow.providers.standard.hooks.subprocess.SubprocessHook"}
{"timestamp":"2025-07-04T15:27:40.177533","level":"info","event":"\tat org.apache.spark.sql.execution.command.ExecutedCommandExec.doExecute(commands.scala:90)","logger":"airflow.task.hooks.airflow.providers.standard.hooks.subprocess.SubprocessHook"}
{"timestamp":"2025-07-04T15:27:40.177557","level":"info","event":"\tat org.apache.spark.sql.execution.SparkPlan.$anonfun$execute$1(SparkPlan.scala:180)","logger":"airflow.task.hooks.airflow.providers.standard.hooks.subprocess.SubprocessHook"}
{"timestamp":"2025-07-04T15:27:40.177583","level":"info","event":"\tat org.apache.spark.sql.execution.SparkPlan.$anonfun$executeQuery$1(SparkPlan.scala:218)","logger":"airflow.task.hooks.airflow.providers.standard.hooks.subprocess.SubprocessHook"}
{"timestamp":"2025-07-04T15:27:40.177606","level":"info","event":"\tat org.apache.spark.rdd.RDDOperationScope$.withScope(RDDOperationScope.scala:151)","logger":"airflow.task.hooks.airflow.providers.standard.hooks.subprocess.SubprocessHook"}
{"timestamp":"2025-07-04T15:27:40.177627","level":"info","event":"\tat org.apache.spark.sql.execution.SparkPlan.executeQuery(SparkPlan.scala:215)","logger":"airflow.task.hooks.airflow.providers.standard.hooks.subprocess.SubprocessHook"}
{"timestamp":"2025-07-04T15:27:40.177668","level":"info","event":"\tat org.apache.spark.sql.execution.SparkPlan.execute(SparkPlan.scala:176)","logger":"airflow.task.hooks.airflow.providers.standard.hooks.subprocess.SubprocessHook"}
{"timestamp":"2025-07-04T15:27:40.177693","level":"info","event":"\tat org.apache.spark.sql.execution.QueryExecution.toRdd$lzycompute(QueryExecution.scala:132)","logger":"airflow.task.hooks.airflow.providers.standard.hooks.subprocess.SubprocessHook"}
{"timestamp":"2025-07-04T15:27:40.177716","level":"info","event":"\tat org.apache.spark.sql.execution.QueryExecution.toRdd(QueryExecution.scala:131)","logger":"airflow.task.hooks.airflow.providers.standard.hooks.subprocess.SubprocessHook"}
{"timestamp":"2025-07-04T15:27:40.177739","level":"info","event":"\tat org.apache.spark.sql.DataFrameWriter.$anonfun$runCommand$1(DataFrameWriter.scala:989)","logger":"airflow.task.hooks.airflow.providers.standard.hooks.subprocess.SubprocessHook"}
{"timestamp":"2025-07-04T15:27:40.177762","level":"info","event":"\tat org.apache.spark.sql.execution.SQLExecution$.$anonfun$withNewExecutionId$5(SQLExecution.scala:103)","logger":"airflow.task.hooks.airflow.providers.standard.hooks.subprocess.SubprocessHook"}
{"timestamp":"2025-07-04T15:27:40.177785","level":"info","event":"\tat org.apache.spark.sql.execution.SQLExecution$.withSQLConfPropagated(SQLExecution.scala:163)","logger":"airflow.task.hooks.airflow.providers.standard.hooks.subprocess.SubprocessHook"}
{"timestamp":"2025-07-04T15:27:40.177811","level":"info","event":"\tat org.apache.spark.sql.execution.SQLExecution$.$anonfun$withNewExecutionId$1(SQLExecution.scala:90)","logger":"airflow.task.hooks.airflow.providers.standard.hooks.subprocess.SubprocessHook"}
{"timestamp":"2025-07-04T15:27:40.177846","level":"info","event":"\tat org.apache.spark.sql.SparkSession.withActive(SparkSession.scala:772)","logger":"airflow.task.hooks.airflow.providers.standard.hooks.subprocess.SubprocessHook"}
{"timestamp":"2025-07-04T15:27:40.177879","level":"info","event":"\tat org.apache.spark.sql.execution.SQLExecution$.withNewExecutionId(SQLExecution.scala:64)","logger":"airflow.task.hooks.airflow.providers.standard.hooks.subprocess.SubprocessHook"}
{"timestamp":"2025-07-04T15:27:40.177912","level":"info","event":"\tat org.apache.spark.sql.DataFrameWriter.runCommand(DataFrameWriter.scala:989)","logger":"airflow.task.hooks.airflow.providers.standard.hooks.subprocess.SubprocessHook"}
{"timestamp":"2025-07-04T15:27:40.177944","level":"info","event":"\tat org.apache.spark.sql.DataFrameWriter.saveToV1Source(DataFrameWriter.scala:438)","logger":"airflow.task.hooks.airflow.providers.standard.hooks.subprocess.SubprocessHook"}
{"timestamp":"2025-07-04T15:27:40.177977","level":"info","event":"\tat org.apache.spark.sql.DataFrameWriter.saveInternal(DataFrameWriter.scala:415)","logger":"airflow.task.hooks.airflow.providers.standard.hooks.subprocess.SubprocessHook"}
{"timestamp":"2025-07-04T15:27:40.178011","level":"info","event":"\tat org.apache.spark.sql.DataFrameWriter.save(DataFrameWriter.scala:301)","logger":"airflow.task.hooks.airflow.providers.standard.hooks.subprocess.SubprocessHook"}
{"timestamp":"2025-07-04T15:27:40.178048","level":"info","event":"\tat sun.reflect.NativeMethodAccessorImpl.invoke0(Native Method)","logger":"airflow.task.hooks.airflow.providers.standard.hooks.subprocess.SubprocessHook"}
{"timestamp":"2025-07-04T15:27:40.178077","level":"info","event":"\tat sun.reflect.NativeMethodAccessorImpl.invoke(NativeMethodAccessorImpl.java:62)","logger":"airflow.task.hooks.airflow.providers.standard.hooks.subprocess.SubprocessHook"}
{"timestamp":"2025-07-04T15:27:40.178100","level":"info","event":"\tat sun.reflect.DelegatingMethodAccessorImpl.invoke(DelegatingMethodAccessorImpl.java:43)","logger":"airflow.task.hooks.airflow.providers.standard.hooks.subprocess.SubprocessHook"}
{"timestamp":"2025-07-04T15:27:40.178123","level":"info","event":"\tat java.lang.reflect.Method.invoke(Method.java:498)","logger":"airflow.task.hooks.airflow.providers.standard.hooks.subprocess.SubprocessHook"}
{"timestamp":"2025-07-04T15:27:40.178145","level":"info","event":"\tat py4j.reflection.MethodInvoker.invoke(MethodInvoker.java:244)","logger":"airflow.task.hooks.airflow.providers.standard.hooks.subprocess.SubprocessHook"}
{"timestamp":"2025-07-04T15:27:40.178167","level":"info","event":"\tat py4j.reflection.ReflectionEngine.invoke(ReflectionEngine.java:357)","logger":"airflow.task.hooks.airflow.providers.standard.hooks.subprocess.SubprocessHook"}
{"timestamp":"2025-07-04T15:27:40.178189","level":"info","event":"\tat py4j.Gateway.invoke(Gateway.java:282)","logger":"airflow.task.hooks.airflow.providers.standard.hooks.subprocess.SubprocessHook"}
{"timestamp":"2025-07-04T15:27:40.178210","level":"info","event":"\tat py4j.commands.AbstractCommand.invokeMethod(AbstractCommand.java:132)","logger":"airflow.task.hooks.airflow.providers.standard.hooks.subprocess.SubprocessHook"}
{"timestamp":"2025-07-04T15:27:40.178232","level":"info","event":"\tat py4j.commands.CallCommand.execute(CallCommand.java:79)","logger":"airflow.task.hooks.airflow.providers.standard.hooks.subprocess.SubprocessHook"}
{"timestamp":"2025-07-04T15:27:40.178254","level":"info","event":"\tat py4j.GatewayConnection.run(GatewayConnection.java:238)","logger":"airflow.task.hooks.airflow.providers.standard.hooks.subprocess.SubprocessHook"}
{"timestamp":"2025-07-04T15:27:40.178276","level":"info","event":"\tat java.lang.Thread.run(Thread.java:748)","logger":"airflow.task.hooks.airflow.providers.standard.hooks.subprocess.SubprocessHook"}
{"timestamp":"2025-07-04T15:27:40.178299","level":"info","event":"","logger":"airflow.task.hooks.airflow.providers.standard.hooks.subprocess.SubprocessHook"}
{"timestamp":"2025-07-04T15:27:40.207221","level":"info","event":"25/07/04 15:27:40 INFO SparkContext: Invoking stop() from shutdown hook","logger":"airflow.task.hooks.airflow.providers.standard.hooks.subprocess.SubprocessHook"}
{"timestamp":"2025-07-04T15:27:40.216076","level":"info","event":"25/07/04 15:27:40 INFO SparkUI: Stopped Spark web UI at http://9decf636ba7d:4040","logger":"airflow.task.hooks.airflow.providers.standard.hooks.subprocess.SubprocessHook"}
{"timestamp":"2025-07-04T15:27:40.218505","level":"info","event":"25/07/04 15:27:40 INFO StandaloneSchedulerBackend: Shutting down all executors","logger":"airflow.task.hooks.airflow.providers.standard.hooks.subprocess.SubprocessHook"}
{"timestamp":"2025-07-04T15:27:40.218654","level":"info","event":"25/07/04 15:27:40 INFO CoarseGrainedSchedulerBackend$DriverEndpoint: Asking each executor to shut down","logger":"airflow.task.hooks.airflow.providers.standard.hooks.subprocess.SubprocessHook"}
{"timestamp":"2025-07-04T15:27:40.234677","level":"info","event":"25/07/04 15:27:40 INFO MapOutputTrackerMasterEndpoint: MapOutputTrackerMasterEndpoint stopped!","logger":"airflow.task.hooks.airflow.providers.standard.hooks.subprocess.SubprocessHook"}
{"timestamp":"2025-07-04T15:27:40.262606","level":"info","event":"25/07/04 15:27:40 INFO MemoryStore: MemoryStore cleared","logger":"airflow.task.hooks.airflow.providers.standard.hooks.subprocess.SubprocessHook"}
{"timestamp":"2025-07-04T15:27:40.263635","level":"info","event":"25/07/04 15:27:40 INFO BlockManager: BlockManager stopped","logger":"airflow.task.hooks.airflow.providers.standard.hooks.subprocess.SubprocessHook"}
{"timestamp":"2025-07-04T15:27:40.269984","level":"info","event":"25/07/04 15:27:40 INFO BlockManagerMaster: BlockManagerMaster stopped","logger":"airflow.task.hooks.airflow.providers.standard.hooks.subprocess.SubprocessHook"}
{"timestamp":"2025-07-04T15:27:40.273422","level":"info","event":"25/07/04 15:27:40 INFO OutputCommitCoordinator$OutputCommitCoordinatorEndpoint: OutputCommitCoordinator stopped!","logger":"airflow.task.hooks.airflow.providers.standard.hooks.subprocess.SubprocessHook"}
{"timestamp":"2025-07-04T15:27:40.283737","level":"info","event":"25/07/04 15:27:40 INFO SparkContext: Successfully stopped SparkContext","logger":"airflow.task.hooks.airflow.providers.standard.hooks.subprocess.SubprocessHook"}
{"timestamp":"2025-07-04T15:27:40.283944","level":"info","event":"25/07/04 15:27:40 INFO ShutdownHookManager: Shutdown hook called","logger":"airflow.task.hooks.airflow.providers.standard.hooks.subprocess.SubprocessHook"}
{"timestamp":"2025-07-04T15:27:40.284333","level":"info","event":"25/07/04 15:27:40 INFO ShutdownHookManager: Deleting directory /tmp/spark-8e37a5eb-1f16-48c9-8f2c-ed16485a39e6/pyspark-2b0d7f4d-9cc2-4b79-a2ea-7036729ff2d3","logger":"airflow.task.hooks.airflow.providers.standard.hooks.subprocess.SubprocessHook"}
{"timestamp":"2025-07-04T15:27:40.288990","level":"info","event":"25/07/04 15:27:40 INFO ShutdownHookManager: Deleting directory /tmp/spark-8e37a5eb-1f16-48c9-8f2c-ed16485a39e6","logger":"airflow.task.hooks.airflow.providers.standard.hooks.subprocess.SubprocessHook"}
{"timestamp":"2025-07-04T15:27:40.292638","level":"info","event":"25/07/04 15:27:40 INFO ShutdownHookManager: Deleting directory /tmp/spark-dddcd900-b29c-41ff-af8e-2bdeacb3a83b","logger":"airflow.task.hooks.airflow.providers.standard.hooks.subprocess.SubprocessHook"}
{"timestamp":"2025-07-04T15:27:40.460379","level":"info","event":"Command exited with return code 1","logger":"airflow.task.hooks.airflow.providers.standard.hooks.subprocess.SubprocessHook"}
{"timestamp":"2025-07-04T15:27:40.460924","level":"error","event":"Task failed with exception","logger":"task","error_detail":[{"exc_type":"AirflowException","exc_value":"Bash command failed. The command returned a non-zero exit code 1.","exc_notes":[],"syntax_error":null,"is_cause":false,"frames":[{"filename":"/home/airflow/.local/lib/python3.12/site-packages/airflow/sdk/execution_time/task_runner.py","lineno":825,"name":"run"},{"filename":"/home/airflow/.local/lib/python3.12/site-packages/airflow/sdk/execution_time/task_runner.py","lineno":1088,"name":"_execute_task"},{"filename":"/home/airflow/.local/lib/python3.12/site-packages/airflow/sdk/bases/operator.py","lineno":408,"name":"wrapper"},{"filename":"/home/airflow/.local/lib/python3.12/site-packages/airflow/providers/standard/operators/bash.py","lineno":233,"name":"execute"}]}]}
