{"timestamp":"2025-07-03T23:56:30.467962","level":"info","event":"DAG bundles loaded: dags-folder","logger":"airflow.dag_processing.bundles.manager.DagBundlesManager"}
{"timestamp":"2025-07-03T23:56:30.468629","level":"info","event":"Filling up the DagBag from /opt/airflow/dags/telco_to_hdfs_dag.py","logger":"airflow.models.dagbag.DagBag"}
{"timestamp":"2025-07-03T23:56:30.483567","level":"info","event":"Tmp dir root location: /tmp","logger":"airflow.task.hooks.airflow.providers.standard.hooks.subprocess.SubprocessHook"}
{"timestamp":"2025-07-03T23:56:30.484194","level":"info","event":"Running command: ['/usr/bin/bash', '-c', 'docker exec spark-master /opt/bitnami/spark/bin/spark-submit /opt/spark-apps/get_clean.py']","logger":"airflow.task.hooks.airflow.providers.standard.hooks.subprocess.SubprocessHook"}
{"timestamp":"2025-07-03T23:56:30.492389","level":"info","event":"Output:","logger":"airflow.task.hooks.airflow.providers.standard.hooks.subprocess.SubprocessHook"}
{"timestamp":"2025-07-03T23:56:31.797314","level":"info","event":"25/07/03 23:56:31 WARN NativeCodeLoader: Unable to load native-hadoop library for your platform... using builtin-java classes where applicable","logger":"airflow.task.hooks.airflow.providers.standard.hooks.subprocess.SubprocessHook"}
{"timestamp":"2025-07-03T23:56:32.478764","level":"info","event":"Using Spark's default log4j profile: org/apache/spark/log4j-defaults.properties","logger":"airflow.task.hooks.airflow.providers.standard.hooks.subprocess.SubprocessHook"}
{"timestamp":"2025-07-03T23:56:32.488313","level":"info","event":"25/07/03 23:56:32 INFO SparkContext: Running Spark version 3.1.1","logger":"airflow.task.hooks.airflow.providers.standard.hooks.subprocess.SubprocessHook"}
{"timestamp":"2025-07-03T23:56:32.525223","level":"info","event":"25/07/03 23:56:32 INFO ResourceUtils: ==============================================================","logger":"airflow.task.hooks.airflow.providers.standard.hooks.subprocess.SubprocessHook"}
{"timestamp":"2025-07-03T23:56:32.525441","level":"info","event":"25/07/03 23:56:32 INFO ResourceUtils: No custom resources configured for spark.driver.","logger":"airflow.task.hooks.airflow.providers.standard.hooks.subprocess.SubprocessHook"}
{"timestamp":"2025-07-03T23:56:32.525528","level":"info","event":"25/07/03 23:56:32 INFO ResourceUtils: ==============================================================","logger":"airflow.task.hooks.airflow.providers.standard.hooks.subprocess.SubprocessHook"}
{"timestamp":"2025-07-03T23:56:32.526390","level":"info","event":"25/07/03 23:56:32 INFO SparkContext: Submitted application: TelcoExploration","logger":"airflow.task.hooks.airflow.providers.standard.hooks.subprocess.SubprocessHook"}
{"timestamp":"2025-07-03T23:56:32.546038","level":"info","event":"25/07/03 23:56:32 INFO ResourceProfile: Default ResourceProfile created, executor resources: Map(cores -> name: cores, amount: 1, script: , vendor: , memory -> name: memory, amount: 1024, script: , vendor: , offHeap -> name: offHeap, amount: 0, script: , vendor: ), task resources: Map(cpus -> name: cpus, amount: 1.0)","logger":"airflow.task.hooks.airflow.providers.standard.hooks.subprocess.SubprocessHook"}
{"timestamp":"2025-07-03T23:56:32.554813","level":"info","event":"25/07/03 23:56:32 INFO ResourceProfile: Limiting resource is cpu","logger":"airflow.task.hooks.airflow.providers.standard.hooks.subprocess.SubprocessHook"}
{"timestamp":"2025-07-03T23:56:32.554962","level":"info","event":"25/07/03 23:56:32 INFO ResourceProfileManager: Added ResourceProfile id: 0","logger":"airflow.task.hooks.airflow.providers.standard.hooks.subprocess.SubprocessHook"}
{"timestamp":"2025-07-03T23:56:32.596306","level":"info","event":"25/07/03 23:56:32 INFO SecurityManager: Changing view acls to: spark","logger":"airflow.task.hooks.airflow.providers.standard.hooks.subprocess.SubprocessHook"}
{"timestamp":"2025-07-03T23:56:32.596436","level":"info","event":"25/07/03 23:56:32 INFO SecurityManager: Changing modify acls to: spark","logger":"airflow.task.hooks.airflow.providers.standard.hooks.subprocess.SubprocessHook"}
{"timestamp":"2025-07-03T23:56:32.596480","level":"info","event":"25/07/03 23:56:32 INFO SecurityManager: Changing view acls groups to:","logger":"airflow.task.hooks.airflow.providers.standard.hooks.subprocess.SubprocessHook"}
{"timestamp":"2025-07-03T23:56:32.596517","level":"info","event":"25/07/03 23:56:32 INFO SecurityManager: Changing modify acls groups to:","logger":"airflow.task.hooks.airflow.providers.standard.hooks.subprocess.SubprocessHook"}
{"timestamp":"2025-07-03T23:56:32.596550","level":"info","event":"25/07/03 23:56:32 INFO SecurityManager: SecurityManager: authentication disabled; ui acls disabled; users  with view permissions: Set(spark); groups with view permissions: Set(); users  with modify permissions: Set(spark); groups with modify permissions: Set()","logger":"airflow.task.hooks.airflow.providers.standard.hooks.subprocess.SubprocessHook"}
{"timestamp":"2025-07-03T23:56:32.769963","level":"info","event":"25/07/03 23:56:32 INFO Utils: Successfully started service 'sparkDriver' on port 36845.","logger":"airflow.task.hooks.airflow.providers.standard.hooks.subprocess.SubprocessHook"}
{"timestamp":"2025-07-03T23:56:32.797917","level":"info","event":"25/07/03 23:56:32 INFO SparkEnv: Registering MapOutputTracker","logger":"airflow.task.hooks.airflow.providers.standard.hooks.subprocess.SubprocessHook"}
{"timestamp":"2025-07-03T23:56:32.823321","level":"info","event":"25/07/03 23:56:32 INFO SparkEnv: Registering BlockManagerMaster","logger":"airflow.task.hooks.airflow.providers.standard.hooks.subprocess.SubprocessHook"}
{"timestamp":"2025-07-03T23:56:32.841022","level":"info","event":"25/07/03 23:56:32 INFO BlockManagerMasterEndpoint: Using org.apache.spark.storage.DefaultTopologyMapper for getting topology information","logger":"airflow.task.hooks.airflow.providers.standard.hooks.subprocess.SubprocessHook"}
{"timestamp":"2025-07-03T23:56:32.841213","level":"info","event":"25/07/03 23:56:32 INFO BlockManagerMasterEndpoint: BlockManagerMasterEndpoint up","logger":"airflow.task.hooks.airflow.providers.standard.hooks.subprocess.SubprocessHook"}
{"timestamp":"2025-07-03T23:56:32.845190","level":"info","event":"25/07/03 23:56:32 INFO SparkEnv: Registering BlockManagerMasterHeartbeat","logger":"airflow.task.hooks.airflow.providers.standard.hooks.subprocess.SubprocessHook"}
{"timestamp":"2025-07-03T23:56:32.857297","level":"info","event":"25/07/03 23:56:32 INFO DiskBlockManager: Created local directory at /tmp/blockmgr-e5fe26b0-b6da-430d-ae0d-358a65d34df4","logger":"airflow.task.hooks.airflow.providers.standard.hooks.subprocess.SubprocessHook"}
{"timestamp":"2025-07-03T23:56:32.876760","level":"info","event":"25/07/03 23:56:32 INFO MemoryStore: MemoryStore started with capacity 366.3 MiB","logger":"airflow.task.hooks.airflow.providers.standard.hooks.subprocess.SubprocessHook"}
{"timestamp":"2025-07-03T23:56:32.895887","level":"info","event":"25/07/03 23:56:32 INFO SparkEnv: Registering OutputCommitCoordinator","logger":"airflow.task.hooks.airflow.providers.standard.hooks.subprocess.SubprocessHook"}
{"timestamp":"2025-07-03T23:56:33.090944","level":"info","event":"25/07/03 23:56:33 INFO Utils: Successfully started service 'SparkUI' on port 4040.","logger":"airflow.task.hooks.airflow.providers.standard.hooks.subprocess.SubprocessHook"}
{"timestamp":"2025-07-03T23:56:33.141476","level":"info","event":"25/07/03 23:56:33 INFO SparkUI: Bound SparkUI to 0.0.0.0, and started at http://ba2333d50e1e:4040","logger":"airflow.task.hooks.airflow.providers.standard.hooks.subprocess.SubprocessHook"}
{"timestamp":"2025-07-03T23:56:33.312942","level":"info","event":"25/07/03 23:56:33 INFO StandaloneAppClient$ClientEndpoint: Connecting to master spark://spark-master:7077...","logger":"airflow.task.hooks.airflow.providers.standard.hooks.subprocess.SubprocessHook"}
{"timestamp":"2025-07-03T23:56:33.358712","level":"info","event":"25/07/03 23:56:33 INFO TransportClientFactory: Successfully created connection to spark-master/172.21.0.2:7077 after 29 ms (0 ms spent in bootstraps)","logger":"airflow.task.hooks.airflow.providers.standard.hooks.subprocess.SubprocessHook"}
{"timestamp":"2025-07-03T23:56:33.468680","level":"info","event":"25/07/03 23:56:33 INFO StandaloneSchedulerBackend: Connected to Spark cluster with app ID app-20250703235633-0000","logger":"airflow.task.hooks.airflow.providers.standard.hooks.subprocess.SubprocessHook"}
{"timestamp":"2025-07-03T23:56:33.477357","level":"info","event":"25/07/03 23:56:33 INFO Utils: Successfully started service 'org.apache.spark.network.netty.NettyBlockTransferService' on port 46543.","logger":"airflow.task.hooks.airflow.providers.standard.hooks.subprocess.SubprocessHook"}
{"timestamp":"2025-07-03T23:56:33.477538","level":"info","event":"25/07/03 23:56:33 INFO NettyBlockTransferService: Server created on ba2333d50e1e:46543","logger":"airflow.task.hooks.airflow.providers.standard.hooks.subprocess.SubprocessHook"}
{"timestamp":"2025-07-03T23:56:33.478795","level":"info","event":"25/07/03 23:56:33 INFO BlockManager: Using org.apache.spark.storage.RandomBlockReplicationPolicy for block replication policy","logger":"airflow.task.hooks.airflow.providers.standard.hooks.subprocess.SubprocessHook"}
{"timestamp":"2025-07-03T23:56:33.489871","level":"info","event":"25/07/03 23:56:33 INFO BlockManagerMaster: Registering BlockManager BlockManagerId(driver, ba2333d50e1e, 46543, None)","logger":"airflow.task.hooks.airflow.providers.standard.hooks.subprocess.SubprocessHook"}
{"timestamp":"2025-07-03T23:56:33.491567","level":"info","event":"25/07/03 23:56:33 INFO StandaloneAppClient$ClientEndpoint: Executor added: app-20250703235633-0000/0 on worker-20250703235538-172.21.0.10-33271 (172.21.0.10:33271) with 1 core(s)","logger":"airflow.task.hooks.airflow.providers.standard.hooks.subprocess.SubprocessHook"}
{"timestamp":"2025-07-03T23:56:33.493592","level":"info","event":"25/07/03 23:56:33 INFO BlockManagerMasterEndpoint: Registering block manager ba2333d50e1e:46543 with 366.3 MiB RAM, BlockManagerId(driver, ba2333d50e1e, 46543, None)","logger":"airflow.task.hooks.airflow.providers.standard.hooks.subprocess.SubprocessHook"}
{"timestamp":"2025-07-03T23:56:33.493732","level":"info","event":"25/07/03 23:56:33 INFO StandaloneSchedulerBackend: Granted executor ID app-20250703235633-0000/0 on hostPort 172.21.0.10:33271 with 1 core(s), 1024.0 MiB RAM","logger":"airflow.task.hooks.airflow.providers.standard.hooks.subprocess.SubprocessHook"}
{"timestamp":"2025-07-03T23:56:33.496206","level":"info","event":"25/07/03 23:56:33 INFO BlockManagerMaster: Registered BlockManager BlockManagerId(driver, ba2333d50e1e, 46543, None)","logger":"airflow.task.hooks.airflow.providers.standard.hooks.subprocess.SubprocessHook"}
{"timestamp":"2025-07-03T23:56:33.498600","level":"info","event":"25/07/03 23:56:33 INFO BlockManager: Initialized BlockManager: BlockManagerId(driver, ba2333d50e1e, 46543, None)","logger":"airflow.task.hooks.airflow.providers.standard.hooks.subprocess.SubprocessHook"}
{"timestamp":"2025-07-03T23:56:33.616750","level":"info","event":"25/07/03 23:56:33 INFO StandaloneAppClient$ClientEndpoint: Executor updated: app-20250703235633-0000/0 is now RUNNING","logger":"airflow.task.hooks.airflow.providers.standard.hooks.subprocess.SubprocessHook"}
{"timestamp":"2025-07-03T23:56:33.696399","level":"info","event":"25/07/03 23:56:33 INFO StandaloneSchedulerBackend: SchedulerBackend is ready for scheduling beginning after reached minRegisteredResourcesRatio: 0.0","logger":"airflow.task.hooks.airflow.providers.standard.hooks.subprocess.SubprocessHook"}
{"timestamp":"2025-07-03T23:56:33.948151","level":"info","event":"25/07/03 23:56:33 INFO SharedState: Setting hive.metastore.warehouse.dir ('null') to the value of spark.sql.warehouse.dir ('file:/opt/bitnami/spark/spark-warehouse').","logger":"airflow.task.hooks.airflow.providers.standard.hooks.subprocess.SubprocessHook"}
{"timestamp":"2025-07-03T23:56:33.948330","level":"info","event":"25/07/03 23:56:33 INFO SharedState: Warehouse path is 'file:/opt/bitnami/spark/spark-warehouse'.","logger":"airflow.task.hooks.airflow.providers.standard.hooks.subprocess.SubprocessHook"}
{"timestamp":"2025-07-03T23:56:35.137372","level":"info","event":"25/07/03 23:56:35 INFO InMemoryFileIndex: It took 58 ms to list leaf files for 1 paths.","logger":"airflow.task.hooks.airflow.providers.standard.hooks.subprocess.SubprocessHook"}
{"timestamp":"2025-07-03T23:56:35.234606","level":"info","event":"25/07/03 23:56:35 INFO InMemoryFileIndex: It took 5 ms to list leaf files for 1 paths.","logger":"airflow.task.hooks.airflow.providers.standard.hooks.subprocess.SubprocessHook"}
{"timestamp":"2025-07-03T23:56:35.463689","level":"info","event":"25/07/03 23:56:35 INFO CoarseGrainedSchedulerBackend$DriverEndpoint: Registered executor NettyRpcEndpointRef(spark-client://Executor) (172.21.0.10:33418) with ID 0,  ResourceProfileId 0","logger":"airflow.task.hooks.airflow.providers.standard.hooks.subprocess.SubprocessHook"}
{"timestamp":"2025-07-03T23:56:35.571333","level":"info","event":"25/07/03 23:56:35 INFO BlockManagerMasterEndpoint: Registering block manager 172.21.0.10:32991 with 366.3 MiB RAM, BlockManagerId(0, 172.21.0.10, 32991, None)","logger":"airflow.task.hooks.airflow.providers.standard.hooks.subprocess.SubprocessHook"}
{"timestamp":"2025-07-03T23:56:37.032302","level":"info","event":"25/07/03 23:56:37 INFO FileSourceStrategy: Pushed Filters:","logger":"airflow.task.hooks.airflow.providers.standard.hooks.subprocess.SubprocessHook"}
{"timestamp":"2025-07-03T23:56:37.035362","level":"info","event":"25/07/03 23:56:37 INFO FileSourceStrategy: Post-Scan Filters: (length(trim(value#0, None)) > 0)","logger":"airflow.task.hooks.airflow.providers.standard.hooks.subprocess.SubprocessHook"}
{"timestamp":"2025-07-03T23:56:37.038102","level":"info","event":"25/07/03 23:56:37 INFO FileSourceStrategy: Output Data Schema: struct<value: string>","logger":"airflow.task.hooks.airflow.providers.standard.hooks.subprocess.SubprocessHook"}
{"timestamp":"2025-07-03T23:56:37.670447","level":"info","event":"25/07/03 23:56:37 INFO CodeGenerator: Code generated in 256.535172 ms","logger":"airflow.task.hooks.airflow.providers.standard.hooks.subprocess.SubprocessHook"}
{"timestamp":"2025-07-03T23:56:37.729061","level":"info","event":"25/07/03 23:56:37 INFO MemoryStore: Block broadcast_0 stored as values in memory (estimated size 303.8 KiB, free 366.0 MiB)","logger":"airflow.task.hooks.airflow.providers.standard.hooks.subprocess.SubprocessHook"}
{"timestamp":"2025-07-03T23:56:37.778022","level":"info","event":"25/07/03 23:56:37 INFO MemoryStore: Block broadcast_0_piece0 stored as bytes in memory (estimated size 27.5 KiB, free 366.0 MiB)","logger":"airflow.task.hooks.airflow.providers.standard.hooks.subprocess.SubprocessHook"}
{"timestamp":"2025-07-03T23:56:37.780788","level":"info","event":"25/07/03 23:56:37 INFO BlockManagerInfo: Added broadcast_0_piece0 in memory on ba2333d50e1e:46543 (size: 27.5 KiB, free: 366.3 MiB)","logger":"airflow.task.hooks.airflow.providers.standard.hooks.subprocess.SubprocessHook"}
{"timestamp":"2025-07-03T23:56:37.783453","level":"info","event":"25/07/03 23:56:37 INFO SparkContext: Created broadcast 0 from csv at NativeMethodAccessorImpl.java:0","logger":"airflow.task.hooks.airflow.providers.standard.hooks.subprocess.SubprocessHook"}
{"timestamp":"2025-07-03T23:56:37.791036","level":"info","event":"25/07/03 23:56:37 INFO FileSourceScanExec: Planning scan with bin packing, max size: 4194304 bytes, open cost is considered as scanning 4194304 bytes.","logger":"airflow.task.hooks.airflow.providers.standard.hooks.subprocess.SubprocessHook"}
{"timestamp":"2025-07-03T23:56:37.880706","level":"info","event":"25/07/03 23:56:37 INFO SparkContext: Starting job: csv at NativeMethodAccessorImpl.java:0","logger":"airflow.task.hooks.airflow.providers.standard.hooks.subprocess.SubprocessHook"}
{"timestamp":"2025-07-03T23:56:37.893717","level":"info","event":"25/07/03 23:56:37 INFO DAGScheduler: Got job 0 (csv at NativeMethodAccessorImpl.java:0) with 1 output partitions","logger":"airflow.task.hooks.airflow.providers.standard.hooks.subprocess.SubprocessHook"}
{"timestamp":"2025-07-03T23:56:37.894052","level":"info","event":"25/07/03 23:56:37 INFO DAGScheduler: Final stage: ResultStage 0 (csv at NativeMethodAccessorImpl.java:0)","logger":"airflow.task.hooks.airflow.providers.standard.hooks.subprocess.SubprocessHook"}
{"timestamp":"2025-07-03T23:56:37.894142","level":"info","event":"25/07/03 23:56:37 INFO DAGScheduler: Parents of final stage: List()","logger":"airflow.task.hooks.airflow.providers.standard.hooks.subprocess.SubprocessHook"}
{"timestamp":"2025-07-03T23:56:37.895314","level":"info","event":"25/07/03 23:56:37 INFO DAGScheduler: Missing parents: List()","logger":"airflow.task.hooks.airflow.providers.standard.hooks.subprocess.SubprocessHook"}
{"timestamp":"2025-07-03T23:56:37.900134","level":"info","event":"25/07/03 23:56:37 INFO DAGScheduler: Submitting ResultStage 0 (MapPartitionsRDD[3] at csv at NativeMethodAccessorImpl.java:0), which has no missing parents","logger":"airflow.task.hooks.airflow.providers.standard.hooks.subprocess.SubprocessHook"}
{"timestamp":"2025-07-03T23:56:37.961023","level":"info","event":"25/07/03 23:56:37 INFO MemoryStore: Block broadcast_1 stored as values in memory (estimated size 10.8 KiB, free 366.0 MiB)","logger":"airflow.task.hooks.airflow.providers.standard.hooks.subprocess.SubprocessHook"}
{"timestamp":"2025-07-03T23:56:37.964169","level":"info","event":"25/07/03 23:56:37 INFO MemoryStore: Block broadcast_1_piece0 stored as bytes in memory (estimated size 5.4 KiB, free 366.0 MiB)","logger":"airflow.task.hooks.airflow.providers.standard.hooks.subprocess.SubprocessHook"}
{"timestamp":"2025-07-03T23:56:37.964358","level":"info","event":"25/07/03 23:56:37 INFO BlockManagerInfo: Added broadcast_1_piece0 in memory on ba2333d50e1e:46543 (size: 5.4 KiB, free: 366.3 MiB)","logger":"airflow.task.hooks.airflow.providers.standard.hooks.subprocess.SubprocessHook"}
{"timestamp":"2025-07-03T23:56:37.965577","level":"info","event":"25/07/03 23:56:37 INFO SparkContext: Created broadcast 1 from broadcast at DAGScheduler.scala:1383","logger":"airflow.task.hooks.airflow.providers.standard.hooks.subprocess.SubprocessHook"}
{"timestamp":"2025-07-03T23:56:37.979810","level":"info","event":"25/07/03 23:56:37 INFO DAGScheduler: Submitting 1 missing tasks from ResultStage 0 (MapPartitionsRDD[3] at csv at NativeMethodAccessorImpl.java:0) (first 15 tasks are for partitions Vector(0))","logger":"airflow.task.hooks.airflow.providers.standard.hooks.subprocess.SubprocessHook"}
{"timestamp":"2025-07-03T23:56:37.980977","level":"info","event":"25/07/03 23:56:37 INFO TaskSchedulerImpl: Adding task set 0.0 with 1 tasks resource profile 0","logger":"airflow.task.hooks.airflow.providers.standard.hooks.subprocess.SubprocessHook"}
{"timestamp":"2025-07-03T23:56:38.014373","level":"info","event":"25/07/03 23:56:38 INFO TaskSetManager: Starting task 0.0 in stage 0.0 (TID 0) (172.21.0.10, executor 0, partition 0, ANY, 4876 bytes) taskResourceAssignments Map()","logger":"airflow.task.hooks.airflow.providers.standard.hooks.subprocess.SubprocessHook"}
{"timestamp":"2025-07-03T23:56:38.204674","level":"info","event":"25/07/03 23:56:38 INFO BlockManagerInfo: Added broadcast_1_piece0 in memory on 172.21.0.10:32991 (size: 5.4 KiB, free: 366.3 MiB)","logger":"airflow.task.hooks.airflow.providers.standard.hooks.subprocess.SubprocessHook"}
{"timestamp":"2025-07-03T23:56:38.973324","level":"info","event":"25/07/03 23:56:38 INFO BlockManagerInfo: Added broadcast_0_piece0 in memory on 172.21.0.10:32991 (size: 27.5 KiB, free: 366.3 MiB)","logger":"airflow.task.hooks.airflow.providers.standard.hooks.subprocess.SubprocessHook"}
{"timestamp":"2025-07-03T23:56:39.543092","level":"info","event":"25/07/03 23:56:39 INFO TaskSetManager: Finished task 0.0 in stage 0.0 (TID 0) in 1537 ms on 172.21.0.10 (executor 0) (1/1)","logger":"airflow.task.hooks.airflow.providers.standard.hooks.subprocess.SubprocessHook"}
{"timestamp":"2025-07-03T23:56:39.545372","level":"info","event":"25/07/03 23:56:39 INFO TaskSchedulerImpl: Removed TaskSet 0.0, whose tasks have all completed, from pool","logger":"airflow.task.hooks.airflow.providers.standard.hooks.subprocess.SubprocessHook"}
{"timestamp":"2025-07-03T23:56:39.550743","level":"info","event":"25/07/03 23:56:39 INFO DAGScheduler: ResultStage 0 (csv at NativeMethodAccessorImpl.java:0) finished in 1.634 s","logger":"airflow.task.hooks.airflow.providers.standard.hooks.subprocess.SubprocessHook"}
{"timestamp":"2025-07-03T23:56:39.553525","level":"info","event":"25/07/03 23:56:39 INFO DAGScheduler: Job 0 is finished. Cancelling potential speculative or zombie tasks for this job","logger":"airflow.task.hooks.airflow.providers.standard.hooks.subprocess.SubprocessHook"}
{"timestamp":"2025-07-03T23:56:39.553725","level":"info","event":"25/07/03 23:56:39 INFO TaskSchedulerImpl: Killing all running tasks in stage 0: Stage finished","logger":"airflow.task.hooks.airflow.providers.standard.hooks.subprocess.SubprocessHook"}
{"timestamp":"2025-07-03T23:56:39.555595","level":"info","event":"25/07/03 23:56:39 INFO DAGScheduler: Job 0 finished: csv at NativeMethodAccessorImpl.java:0, took 1.674814 s","logger":"airflow.task.hooks.airflow.providers.standard.hooks.subprocess.SubprocessHook"}
{"timestamp":"2025-07-03T23:56:39.577056","level":"info","event":"25/07/03 23:56:39 INFO CodeGenerator: Code generated in 11.264897 ms","logger":"airflow.task.hooks.airflow.providers.standard.hooks.subprocess.SubprocessHook"}
{"timestamp":"2025-07-03T23:56:39.628474","level":"info","event":"25/07/03 23:56:39 INFO FileSourceStrategy: Pushed Filters:","logger":"airflow.task.hooks.airflow.providers.standard.hooks.subprocess.SubprocessHook"}
{"timestamp":"2025-07-03T23:56:39.628656","level":"info","event":"25/07/03 23:56:39 INFO FileSourceStrategy: Post-Scan Filters:","logger":"airflow.task.hooks.airflow.providers.standard.hooks.subprocess.SubprocessHook"}
{"timestamp":"2025-07-03T23:56:39.628714","level":"info","event":"25/07/03 23:56:39 INFO FileSourceStrategy: Output Data Schema: struct<value: string>","logger":"airflow.task.hooks.airflow.providers.standard.hooks.subprocess.SubprocessHook"}
{"timestamp":"2025-07-03T23:56:39.636467","level":"info","event":"25/07/03 23:56:39 INFO MemoryStore: Block broadcast_2 stored as values in memory (estimated size 303.8 KiB, free 365.7 MiB)","logger":"airflow.task.hooks.airflow.providers.standard.hooks.subprocess.SubprocessHook"}
{"timestamp":"2025-07-03T23:56:39.643090","level":"info","event":"25/07/03 23:56:39 INFO MemoryStore: Block broadcast_2_piece0 stored as bytes in memory (estimated size 27.5 KiB, free 365.6 MiB)","logger":"airflow.task.hooks.airflow.providers.standard.hooks.subprocess.SubprocessHook"}
{"timestamp":"2025-07-03T23:56:39.643949","level":"info","event":"25/07/03 23:56:39 INFO BlockManagerInfo: Added broadcast_2_piece0 in memory on ba2333d50e1e:46543 (size: 27.5 KiB, free: 366.2 MiB)","logger":"airflow.task.hooks.airflow.providers.standard.hooks.subprocess.SubprocessHook"}
{"timestamp":"2025-07-03T23:56:39.644760","level":"info","event":"25/07/03 23:56:39 INFO SparkContext: Created broadcast 2 from csv at NativeMethodAccessorImpl.java:0","logger":"airflow.task.hooks.airflow.providers.standard.hooks.subprocess.SubprocessHook"}
{"timestamp":"2025-07-03T23:56:39.645964","level":"info","event":"25/07/03 23:56:39 INFO FileSourceScanExec: Planning scan with bin packing, max size: 4194304 bytes, open cost is considered as scanning 4194304 bytes.","logger":"airflow.task.hooks.airflow.providers.standard.hooks.subprocess.SubprocessHook"}
{"timestamp":"2025-07-03T23:56:39.696898","level":"info","event":"25/07/03 23:56:39 INFO SparkContext: Starting job: csv at NativeMethodAccessorImpl.java:0","logger":"airflow.task.hooks.airflow.providers.standard.hooks.subprocess.SubprocessHook"}
{"timestamp":"2025-07-03T23:56:39.698173","level":"info","event":"25/07/03 23:56:39 INFO DAGScheduler: Got job 1 (csv at NativeMethodAccessorImpl.java:0) with 1 output partitions","logger":"airflow.task.hooks.airflow.providers.standard.hooks.subprocess.SubprocessHook"}
{"timestamp":"2025-07-03T23:56:39.698349","level":"info","event":"25/07/03 23:56:39 INFO DAGScheduler: Final stage: ResultStage 1 (csv at NativeMethodAccessorImpl.java:0)","logger":"airflow.task.hooks.airflow.providers.standard.hooks.subprocess.SubprocessHook"}
{"timestamp":"2025-07-03T23:56:39.698444","level":"info","event":"25/07/03 23:56:39 INFO DAGScheduler: Parents of final stage: List()","logger":"airflow.task.hooks.airflow.providers.standard.hooks.subprocess.SubprocessHook"}
{"timestamp":"2025-07-03T23:56:39.698541","level":"info","event":"25/07/03 23:56:39 INFO DAGScheduler: Missing parents: List()","logger":"airflow.task.hooks.airflow.providers.standard.hooks.subprocess.SubprocessHook"}
{"timestamp":"2025-07-03T23:56:39.699806","level":"info","event":"25/07/03 23:56:39 INFO DAGScheduler: Submitting ResultStage 1 (MapPartitionsRDD[9] at csv at NativeMethodAccessorImpl.java:0), which has no missing parents","logger":"airflow.task.hooks.airflow.providers.standard.hooks.subprocess.SubprocessHook"}
{"timestamp":"2025-07-03T23:56:39.718876","level":"info","event":"25/07/03 23:56:39 INFO MemoryStore: Block broadcast_3 stored as values in memory (estimated size 15.8 KiB, free 365.6 MiB)","logger":"airflow.task.hooks.airflow.providers.standard.hooks.subprocess.SubprocessHook"}
{"timestamp":"2025-07-03T23:56:39.720688","level":"info","event":"25/07/03 23:56:39 INFO MemoryStore: Block broadcast_3_piece0 stored as bytes in memory (estimated size 8.0 KiB, free 365.6 MiB)","logger":"airflow.task.hooks.airflow.providers.standard.hooks.subprocess.SubprocessHook"}
{"timestamp":"2025-07-03T23:56:39.721195","level":"info","event":"25/07/03 23:56:39 INFO BlockManagerInfo: Added broadcast_3_piece0 in memory on ba2333d50e1e:46543 (size: 8.0 KiB, free: 366.2 MiB)","logger":"airflow.task.hooks.airflow.providers.standard.hooks.subprocess.SubprocessHook"}
{"timestamp":"2025-07-03T23:56:39.721569","level":"info","event":"25/07/03 23:56:39 INFO SparkContext: Created broadcast 3 from broadcast at DAGScheduler.scala:1383","logger":"airflow.task.hooks.airflow.providers.standard.hooks.subprocess.SubprocessHook"}
{"timestamp":"2025-07-03T23:56:39.722300","level":"info","event":"25/07/03 23:56:39 INFO DAGScheduler: Submitting 1 missing tasks from ResultStage 1 (MapPartitionsRDD[9] at csv at NativeMethodAccessorImpl.java:0) (first 15 tasks are for partitions Vector(0))","logger":"airflow.task.hooks.airflow.providers.standard.hooks.subprocess.SubprocessHook"}
{"timestamp":"2025-07-03T23:56:39.722410","level":"info","event":"25/07/03 23:56:39 INFO TaskSchedulerImpl: Adding task set 1.0 with 1 tasks resource profile 0","logger":"airflow.task.hooks.airflow.providers.standard.hooks.subprocess.SubprocessHook"}
{"timestamp":"2025-07-03T23:56:39.724260","level":"info","event":"25/07/03 23:56:39 INFO TaskSetManager: Starting task 0.0 in stage 1.0 (TID 1) (172.21.0.10, executor 0, partition 0, ANY, 4876 bytes) taskResourceAssignments Map()","logger":"airflow.task.hooks.airflow.providers.standard.hooks.subprocess.SubprocessHook"}
{"timestamp":"2025-07-03T23:56:39.745099","level":"info","event":"25/07/03 23:56:39 INFO BlockManagerInfo: Added broadcast_3_piece0 in memory on 172.21.0.10:32991 (size: 8.0 KiB, free: 366.3 MiB)","logger":"airflow.task.hooks.airflow.providers.standard.hooks.subprocess.SubprocessHook"}
{"timestamp":"2025-07-03T23:56:40.912260","level":"info","event":"25/07/03 23:56:40 INFO BlockManagerInfo: Added broadcast_2_piece0 in memory on 172.21.0.10:32991 (size: 27.5 KiB, free: 366.2 MiB)","logger":"airflow.task.hooks.airflow.providers.standard.hooks.subprocess.SubprocessHook"}
{"timestamp":"2025-07-03T23:56:41.134639","level":"info","event":"25/07/03 23:56:41 INFO TaskSetManager: Finished task 0.0 in stage 1.0 (TID 1) in 1411 ms on 172.21.0.10 (executor 0) (1/1)","logger":"airflow.task.hooks.airflow.providers.standard.hooks.subprocess.SubprocessHook"}
{"timestamp":"2025-07-03T23:56:41.134799","level":"info","event":"25/07/03 23:56:41 INFO TaskSchedulerImpl: Removed TaskSet 1.0, whose tasks have all completed, from pool","logger":"airflow.task.hooks.airflow.providers.standard.hooks.subprocess.SubprocessHook"}
{"timestamp":"2025-07-03T23:56:41.135609","level":"info","event":"25/07/03 23:56:41 INFO DAGScheduler: ResultStage 1 (csv at NativeMethodAccessorImpl.java:0) finished in 1.434 s","logger":"airflow.task.hooks.airflow.providers.standard.hooks.subprocess.SubprocessHook"}
{"timestamp":"2025-07-03T23:56:41.135799","level":"info","event":"25/07/03 23:56:41 INFO DAGScheduler: Job 1 is finished. Cancelling potential speculative or zombie tasks for this job","logger":"airflow.task.hooks.airflow.providers.standard.hooks.subprocess.SubprocessHook"}
{"timestamp":"2025-07-03T23:56:41.135894","level":"info","event":"25/07/03 23:56:41 INFO TaskSchedulerImpl: Killing all running tasks in stage 1: Stage finished","logger":"airflow.task.hooks.airflow.providers.standard.hooks.subprocess.SubprocessHook"}
{"timestamp":"2025-07-03T23:56:41.137913","level":"info","event":"25/07/03 23:56:41 INFO DAGScheduler: Job 1 finished: csv at NativeMethodAccessorImpl.java:0, took 1.440715 s","logger":"airflow.task.hooks.airflow.providers.standard.hooks.subprocess.SubprocessHook"}
{"timestamp":"2025-07-03T23:56:41.642133","level":"info","event":"25/07/03 23:56:41 INFO FileSourceStrategy: Pushed Filters:","logger":"airflow.task.hooks.airflow.providers.standard.hooks.subprocess.SubprocessHook"}
{"timestamp":"2025-07-03T23:56:41.642327","level":"info","event":"25/07/03 23:56:41 INFO FileSourceStrategy: Post-Scan Filters:","logger":"airflow.task.hooks.airflow.providers.standard.hooks.subprocess.SubprocessHook"}
{"timestamp":"2025-07-03T23:56:41.642403","level":"info","event":"25/07/03 23:56:41 INFO FileSourceStrategy: Output Data Schema: struct<TotalCharges: string>","logger":"airflow.task.hooks.airflow.providers.standard.hooks.subprocess.SubprocessHook"}
{"timestamp":"2025-07-03T23:56:41.678770","level":"info","event":"25/07/03 23:56:41 INFO CodeGenerator: Code generated in 14.906147 ms","logger":"airflow.task.hooks.airflow.providers.standard.hooks.subprocess.SubprocessHook"}
{"timestamp":"2025-07-03T23:56:41.683114","level":"info","event":"25/07/03 23:56:41 INFO MemoryStore: Block broadcast_4 stored as values in memory (estimated size 303.7 KiB, free 365.3 MiB)","logger":"airflow.task.hooks.airflow.providers.standard.hooks.subprocess.SubprocessHook"}
{"timestamp":"2025-07-03T23:56:41.690026","level":"info","event":"25/07/03 23:56:41 INFO MemoryStore: Block broadcast_4_piece0 stored as bytes in memory (estimated size 27.5 KiB, free 365.3 MiB)","logger":"airflow.task.hooks.airflow.providers.standard.hooks.subprocess.SubprocessHook"}
{"timestamp":"2025-07-03T23:56:41.690587","level":"info","event":"25/07/03 23:56:41 INFO BlockManagerInfo: Added broadcast_4_piece0 in memory on ba2333d50e1e:46543 (size: 27.5 KiB, free: 366.2 MiB)","logger":"airflow.task.hooks.airflow.providers.standard.hooks.subprocess.SubprocessHook"}
{"timestamp":"2025-07-03T23:56:41.690970","level":"info","event":"25/07/03 23:56:41 INFO SparkContext: Created broadcast 4 from approxQuantile at NativeMethodAccessorImpl.java:0","logger":"airflow.task.hooks.airflow.providers.standard.hooks.subprocess.SubprocessHook"}
{"timestamp":"2025-07-03T23:56:41.694129","level":"info","event":"25/07/03 23:56:41 INFO FileSourceScanExec: Planning scan with bin packing, max size: 4194304 bytes, open cost is considered as scanning 4194304 bytes.","logger":"airflow.task.hooks.airflow.providers.standard.hooks.subprocess.SubprocessHook"}
{"timestamp":"2025-07-03T23:56:41.713763","level":"info","event":"25/07/03 23:56:41 INFO SparkContext: Starting job: approxQuantile at NativeMethodAccessorImpl.java:0","logger":"airflow.task.hooks.airflow.providers.standard.hooks.subprocess.SubprocessHook"}
{"timestamp":"2025-07-03T23:56:41.714570","level":"info","event":"25/07/03 23:56:41 INFO DAGScheduler: Got job 2 (approxQuantile at NativeMethodAccessorImpl.java:0) with 1 output partitions","logger":"airflow.task.hooks.airflow.providers.standard.hooks.subprocess.SubprocessHook"}
{"timestamp":"2025-07-03T23:56:41.714724","level":"info","event":"25/07/03 23:56:41 INFO DAGScheduler: Final stage: ResultStage 2 (approxQuantile at NativeMethodAccessorImpl.java:0)","logger":"airflow.task.hooks.airflow.providers.standard.hooks.subprocess.SubprocessHook"}
{"timestamp":"2025-07-03T23:56:41.714805","level":"info","event":"25/07/03 23:56:41 INFO DAGScheduler: Parents of final stage: List()","logger":"airflow.task.hooks.airflow.providers.standard.hooks.subprocess.SubprocessHook"}
{"timestamp":"2025-07-03T23:56:41.714867","level":"info","event":"25/07/03 23:56:41 INFO DAGScheduler: Missing parents: List()","logger":"airflow.task.hooks.airflow.providers.standard.hooks.subprocess.SubprocessHook"}
{"timestamp":"2025-07-03T23:56:41.715513","level":"info","event":"25/07/03 23:56:41 INFO DAGScheduler: Submitting ResultStage 2 (MapPartitionsRDD[16] at approxQuantile at NativeMethodAccessorImpl.java:0), which has no missing parents","logger":"airflow.task.hooks.airflow.providers.standard.hooks.subprocess.SubprocessHook"}
{"timestamp":"2025-07-03T23:56:41.727410","level":"info","event":"25/07/03 23:56:41 INFO MemoryStore: Block broadcast_5 stored as values in memory (estimated size 20.1 KiB, free 365.3 MiB)","logger":"airflow.task.hooks.airflow.providers.standard.hooks.subprocess.SubprocessHook"}
{"timestamp":"2025-07-03T23:56:41.729429","level":"info","event":"25/07/03 23:56:41 INFO MemoryStore: Block broadcast_5_piece0 stored as bytes in memory (estimated size 9.7 KiB, free 365.3 MiB)","logger":"airflow.task.hooks.airflow.providers.standard.hooks.subprocess.SubprocessHook"}
{"timestamp":"2025-07-03T23:56:41.730286","level":"info","event":"25/07/03 23:56:41 INFO BlockManagerInfo: Added broadcast_5_piece0 in memory on ba2333d50e1e:46543 (size: 9.7 KiB, free: 366.2 MiB)","logger":"airflow.task.hooks.airflow.providers.standard.hooks.subprocess.SubprocessHook"}
{"timestamp":"2025-07-03T23:56:41.730663","level":"info","event":"25/07/03 23:56:41 INFO SparkContext: Created broadcast 5 from broadcast at DAGScheduler.scala:1383","logger":"airflow.task.hooks.airflow.providers.standard.hooks.subprocess.SubprocessHook"}
{"timestamp":"2025-07-03T23:56:41.731496","level":"info","event":"25/07/03 23:56:41 INFO DAGScheduler: Submitting 1 missing tasks from ResultStage 2 (MapPartitionsRDD[16] at approxQuantile at NativeMethodAccessorImpl.java:0) (first 15 tasks are for partitions Vector(0))","logger":"airflow.task.hooks.airflow.providers.standard.hooks.subprocess.SubprocessHook"}
{"timestamp":"2025-07-03T23:56:41.731600","level":"info","event":"25/07/03 23:56:41 INFO TaskSchedulerImpl: Adding task set 2.0 with 1 tasks resource profile 0","logger":"airflow.task.hooks.airflow.providers.standard.hooks.subprocess.SubprocessHook"}
{"timestamp":"2025-07-03T23:56:41.733124","level":"info","event":"25/07/03 23:56:41 INFO TaskSetManager: Starting task 0.0 in stage 2.0 (TID 2) (172.21.0.10, executor 0, partition 0, ANY, 4876 bytes) taskResourceAssignments Map()","logger":"airflow.task.hooks.airflow.providers.standard.hooks.subprocess.SubprocessHook"}
{"timestamp":"2025-07-03T23:56:41.744944","level":"info","event":"25/07/03 23:56:41 INFO BlockManagerInfo: Added broadcast_5_piece0 in memory on 172.21.0.10:32991 (size: 9.7 KiB, free: 366.2 MiB)","logger":"airflow.task.hooks.airflow.providers.standard.hooks.subprocess.SubprocessHook"}
{"timestamp":"2025-07-03T23:56:41.829143","level":"info","event":"25/07/03 23:56:41 INFO BlockManagerInfo: Added broadcast_4_piece0 in memory on 172.21.0.10:32991 (size: 27.5 KiB, free: 366.2 MiB)","logger":"airflow.task.hooks.airflow.providers.standard.hooks.subprocess.SubprocessHook"}
{"timestamp":"2025-07-03T23:56:41.958117","level":"info","event":"25/07/03 23:56:41 INFO TaskSetManager: Finished task 0.0 in stage 2.0 (TID 2) in 225 ms on 172.21.0.10 (executor 0) (1/1)","logger":"airflow.task.hooks.airflow.providers.standard.hooks.subprocess.SubprocessHook"}
{"timestamp":"2025-07-03T23:56:41.958308","level":"info","event":"25/07/03 23:56:41 INFO TaskSchedulerImpl: Removed TaskSet 2.0, whose tasks have all completed, from pool","logger":"airflow.task.hooks.airflow.providers.standard.hooks.subprocess.SubprocessHook"}
{"timestamp":"2025-07-03T23:56:41.958954","level":"info","event":"25/07/03 23:56:41 INFO DAGScheduler: ResultStage 2 (approxQuantile at NativeMethodAccessorImpl.java:0) finished in 0.242 s","logger":"airflow.task.hooks.airflow.providers.standard.hooks.subprocess.SubprocessHook"}
{"timestamp":"2025-07-03T23:56:41.959488","level":"info","event":"25/07/03 23:56:41 INFO DAGScheduler: Job 2 is finished. Cancelling potential speculative or zombie tasks for this job","logger":"airflow.task.hooks.airflow.providers.standard.hooks.subprocess.SubprocessHook"}
{"timestamp":"2025-07-03T23:56:41.959587","level":"info","event":"25/07/03 23:56:41 INFO TaskSchedulerImpl: Killing all running tasks in stage 2: Stage finished","logger":"airflow.task.hooks.airflow.providers.standard.hooks.subprocess.SubprocessHook"}
{"timestamp":"2025-07-03T23:56:41.961057","level":"info","event":"25/07/03 23:56:41 INFO DAGScheduler: Job 2 finished: approxQuantile at NativeMethodAccessorImpl.java:0, took 0.247246 s","logger":"airflow.task.hooks.airflow.providers.standard.hooks.subprocess.SubprocessHook"}
{"timestamp":"2025-07-03T23:56:42.060557","level":"info","event":"25/07/03 23:56:42 INFO FileSourceStrategy: Pushed Filters:","logger":"airflow.task.hooks.airflow.providers.standard.hooks.subprocess.SubprocessHook"}
{"timestamp":"2025-07-03T23:56:42.061744","level":"info","event":"25/07/03 23:56:42 INFO FileSourceStrategy: Post-Scan Filters: ((CASE WHEN isnull(cast(TotalCharges#35 as double)) THEN 0.0 ELSE cast(TotalCharges#35 as double) END < -3927.1499999999996) OR (CASE WHEN isnull(cast(TotalCharges#35 as double)) THEN 0.0 ELSE cast(TotalCharges#35 as double) END > 7662.049999999999))","logger":"airflow.task.hooks.airflow.providers.standard.hooks.subprocess.SubprocessHook"}
{"timestamp":"2025-07-03T23:56:42.062140","level":"info","event":"25/07/03 23:56:42 INFO FileSourceStrategy: Output Data Schema: struct<TotalCharges: string>","logger":"airflow.task.hooks.airflow.providers.standard.hooks.subprocess.SubprocessHook"}
{"timestamp":"2025-07-03T23:56:42.120405","level":"info","event":"25/07/03 23:56:42 INFO CodeGenerator: Code generated in 12.782972 ms","logger":"airflow.task.hooks.airflow.providers.standard.hooks.subprocess.SubprocessHook"}
{"timestamp":"2025-07-03T23:56:42.161478","level":"info","event":"25/07/03 23:56:42 INFO CodeGenerator: Code generated in 28.124326 ms","logger":"airflow.task.hooks.airflow.providers.standard.hooks.subprocess.SubprocessHook"}
{"timestamp":"2025-07-03T23:56:42.167795","level":"info","event":"25/07/03 23:56:42 INFO MemoryStore: Block broadcast_6 stored as values in memory (estimated size 303.7 KiB, free 365.0 MiB)","logger":"airflow.task.hooks.airflow.providers.standard.hooks.subprocess.SubprocessHook"}
{"timestamp":"2025-07-03T23:56:42.180709","level":"info","event":"25/07/03 23:56:42 INFO MemoryStore: Block broadcast_6_piece0 stored as bytes in memory (estimated size 27.5 KiB, free 364.9 MiB)","logger":"airflow.task.hooks.airflow.providers.standard.hooks.subprocess.SubprocessHook"}
{"timestamp":"2025-07-03T23:56:42.181740","level":"info","event":"25/07/03 23:56:42 INFO BlockManagerInfo: Added broadcast_6_piece0 in memory on ba2333d50e1e:46543 (size: 27.5 KiB, free: 366.2 MiB)","logger":"airflow.task.hooks.airflow.providers.standard.hooks.subprocess.SubprocessHook"}
{"timestamp":"2025-07-03T23:56:42.183432","level":"info","event":"25/07/03 23:56:42 INFO SparkContext: Created broadcast 6 from count at NativeMethodAccessorImpl.java:0","logger":"airflow.task.hooks.airflow.providers.standard.hooks.subprocess.SubprocessHook"}
{"timestamp":"2025-07-03T23:56:42.184538","level":"info","event":"25/07/03 23:56:42 INFO FileSourceScanExec: Planning scan with bin packing, max size: 4194304 bytes, open cost is considered as scanning 4194304 bytes.","logger":"airflow.task.hooks.airflow.providers.standard.hooks.subprocess.SubprocessHook"}
{"timestamp":"2025-07-03T23:56:42.228604","level":"info","event":"25/07/03 23:56:42 INFO SparkContext: Starting job: count at NativeMethodAccessorImpl.java:0","logger":"airflow.task.hooks.airflow.providers.standard.hooks.subprocess.SubprocessHook"}
{"timestamp":"2025-07-03T23:56:42.231646","level":"info","event":"25/07/03 23:56:42 INFO DAGScheduler: Registering RDD 20 (count at NativeMethodAccessorImpl.java:0) as input to shuffle 0","logger":"airflow.task.hooks.airflow.providers.standard.hooks.subprocess.SubprocessHook"}
{"timestamp":"2025-07-03T23:56:42.234189","level":"info","event":"25/07/03 23:56:42 INFO DAGScheduler: Got job 3 (count at NativeMethodAccessorImpl.java:0) with 1 output partitions","logger":"airflow.task.hooks.airflow.providers.standard.hooks.subprocess.SubprocessHook"}
{"timestamp":"2025-07-03T23:56:42.234377","level":"info","event":"25/07/03 23:56:42 INFO DAGScheduler: Final stage: ResultStage 4 (count at NativeMethodAccessorImpl.java:0)","logger":"airflow.task.hooks.airflow.providers.standard.hooks.subprocess.SubprocessHook"}
{"timestamp":"2025-07-03T23:56:42.234458","level":"info","event":"25/07/03 23:56:42 INFO DAGScheduler: Parents of final stage: List(ShuffleMapStage 3)","logger":"airflow.task.hooks.airflow.providers.standard.hooks.subprocess.SubprocessHook"}
{"timestamp":"2025-07-03T23:56:42.235848","level":"info","event":"25/07/03 23:56:42 INFO DAGScheduler: Missing parents: List(ShuffleMapStage 3)","logger":"airflow.task.hooks.airflow.providers.standard.hooks.subprocess.SubprocessHook"}
{"timestamp":"2025-07-03T23:56:42.237133","level":"info","event":"25/07/03 23:56:42 INFO DAGScheduler: Submitting ShuffleMapStage 3 (MapPartitionsRDD[20] at count at NativeMethodAccessorImpl.java:0), which has no missing parents","logger":"airflow.task.hooks.airflow.providers.standard.hooks.subprocess.SubprocessHook"}
{"timestamp":"2025-07-03T23:56:42.253432","level":"info","event":"25/07/03 23:56:42 INFO MemoryStore: Block broadcast_7 stored as values in memory (estimated size 19.7 KiB, free 364.9 MiB)","logger":"airflow.task.hooks.airflow.providers.standard.hooks.subprocess.SubprocessHook"}
{"timestamp":"2025-07-03T23:56:42.259142","level":"info","event":"25/07/03 23:56:42 INFO MemoryStore: Block broadcast_7_piece0 stored as bytes in memory (estimated size 9.3 KiB, free 364.9 MiB)","logger":"airflow.task.hooks.airflow.providers.standard.hooks.subprocess.SubprocessHook"}
{"timestamp":"2025-07-03T23:56:42.260004","level":"info","event":"25/07/03 23:56:42 INFO BlockManagerInfo: Added broadcast_7_piece0 in memory on ba2333d50e1e:46543 (size: 9.3 KiB, free: 366.2 MiB)","logger":"airflow.task.hooks.airflow.providers.standard.hooks.subprocess.SubprocessHook"}
{"timestamp":"2025-07-03T23:56:42.260842","level":"info","event":"25/07/03 23:56:42 INFO SparkContext: Created broadcast 7 from broadcast at DAGScheduler.scala:1383","logger":"airflow.task.hooks.airflow.providers.standard.hooks.subprocess.SubprocessHook"}
{"timestamp":"2025-07-03T23:56:42.264246","level":"info","event":"25/07/03 23:56:42 INFO DAGScheduler: Submitting 1 missing tasks from ShuffleMapStage 3 (MapPartitionsRDD[20] at count at NativeMethodAccessorImpl.java:0) (first 15 tasks are for partitions Vector(0))","logger":"airflow.task.hooks.airflow.providers.standard.hooks.subprocess.SubprocessHook"}
{"timestamp":"2025-07-03T23:56:42.264484","level":"info","event":"25/07/03 23:56:42 INFO TaskSchedulerImpl: Adding task set 3.0 with 1 tasks resource profile 0","logger":"airflow.task.hooks.airflow.providers.standard.hooks.subprocess.SubprocessHook"}
{"timestamp":"2025-07-03T23:56:42.267862","level":"info","event":"25/07/03 23:56:42 INFO TaskSetManager: Starting task 0.0 in stage 3.0 (TID 3) (172.21.0.10, executor 0, partition 0, ANY, 4865 bytes) taskResourceAssignments Map()","logger":"airflow.task.hooks.airflow.providers.standard.hooks.subprocess.SubprocessHook"}
{"timestamp":"2025-07-03T23:56:42.285191","level":"info","event":"25/07/03 23:56:42 INFO BlockManagerInfo: Added broadcast_7_piece0 in memory on 172.21.0.10:32991 (size: 9.3 KiB, free: 366.2 MiB)","logger":"airflow.task.hooks.airflow.providers.standard.hooks.subprocess.SubprocessHook"}
{"timestamp":"2025-07-03T23:56:42.370516","level":"info","event":"25/07/03 23:56:42 INFO BlockManagerInfo: Added broadcast_6_piece0 in memory on 172.21.0.10:32991 (size: 27.5 KiB, free: 366.2 MiB)","logger":"airflow.task.hooks.airflow.providers.standard.hooks.subprocess.SubprocessHook"}
{"timestamp":"2025-07-03T23:56:42.444246","level":"info","event":"25/07/03 23:56:42 INFO TaskSetManager: Finished task 0.0 in stage 3.0 (TID 3) in 177 ms on 172.21.0.10 (executor 0) (1/1)","logger":"airflow.task.hooks.airflow.providers.standard.hooks.subprocess.SubprocessHook"}
{"timestamp":"2025-07-03T23:56:42.444457","level":"info","event":"25/07/03 23:56:42 INFO TaskSchedulerImpl: Removed TaskSet 3.0, whose tasks have all completed, from pool","logger":"airflow.task.hooks.airflow.providers.standard.hooks.subprocess.SubprocessHook"}
{"timestamp":"2025-07-03T23:56:42.446155","level":"info","event":"25/07/03 23:56:42 INFO DAGScheduler: ShuffleMapStage 3 (count at NativeMethodAccessorImpl.java:0) finished in 0.202 s","logger":"airflow.task.hooks.airflow.providers.standard.hooks.subprocess.SubprocessHook"}
{"timestamp":"2025-07-03T23:56:42.446387","level":"info","event":"25/07/03 23:56:42 INFO DAGScheduler: looking for newly runnable stages","logger":"airflow.task.hooks.airflow.providers.standard.hooks.subprocess.SubprocessHook"}
{"timestamp":"2025-07-03T23:56:42.448126","level":"info","event":"25/07/03 23:56:42 INFO DAGScheduler: running: Set()","logger":"airflow.task.hooks.airflow.providers.standard.hooks.subprocess.SubprocessHook"}
{"timestamp":"2025-07-03T23:56:42.448260","level":"info","event":"25/07/03 23:56:42 INFO DAGScheduler: waiting: Set(ResultStage 4)","logger":"airflow.task.hooks.airflow.providers.standard.hooks.subprocess.SubprocessHook"}
{"timestamp":"2025-07-03T23:56:42.448326","level":"info","event":"25/07/03 23:56:42 INFO DAGScheduler: failed: Set()","logger":"airflow.task.hooks.airflow.providers.standard.hooks.subprocess.SubprocessHook"}
{"timestamp":"2025-07-03T23:56:42.451472","level":"info","event":"25/07/03 23:56:42 INFO DAGScheduler: Submitting ResultStage 4 (MapPartitionsRDD[23] at count at NativeMethodAccessorImpl.java:0), which has no missing parents","logger":"airflow.task.hooks.airflow.providers.standard.hooks.subprocess.SubprocessHook"}
{"timestamp":"2025-07-03T23:56:42.458459","level":"info","event":"25/07/03 23:56:42 INFO MemoryStore: Block broadcast_8 stored as values in memory (estimated size 10.1 KiB, free 364.9 MiB)","logger":"airflow.task.hooks.airflow.providers.standard.hooks.subprocess.SubprocessHook"}
{"timestamp":"2025-07-03T23:56:42.463387","level":"info","event":"25/07/03 23:56:42 INFO MemoryStore: Block broadcast_8_piece0 stored as bytes in memory (estimated size 5.0 KiB, free 364.9 MiB)","logger":"airflow.task.hooks.airflow.providers.standard.hooks.subprocess.SubprocessHook"}
{"timestamp":"2025-07-03T23:56:42.464142","level":"info","event":"25/07/03 23:56:42 INFO BlockManagerInfo: Added broadcast_8_piece0 in memory on ba2333d50e1e:46543 (size: 5.0 KiB, free: 366.2 MiB)","logger":"airflow.task.hooks.airflow.providers.standard.hooks.subprocess.SubprocessHook"}
{"timestamp":"2025-07-03T23:56:42.464821","level":"info","event":"25/07/03 23:56:42 INFO SparkContext: Created broadcast 8 from broadcast at DAGScheduler.scala:1383","logger":"airflow.task.hooks.airflow.providers.standard.hooks.subprocess.SubprocessHook"}
{"timestamp":"2025-07-03T23:56:42.465190","level":"info","event":"25/07/03 23:56:42 INFO DAGScheduler: Submitting 1 missing tasks from ResultStage 4 (MapPartitionsRDD[23] at count at NativeMethodAccessorImpl.java:0) (first 15 tasks are for partitions Vector(0))","logger":"airflow.task.hooks.airflow.providers.standard.hooks.subprocess.SubprocessHook"}
{"timestamp":"2025-07-03T23:56:42.465275","level":"info","event":"25/07/03 23:56:42 INFO TaskSchedulerImpl: Adding task set 4.0 with 1 tasks resource profile 0","logger":"airflow.task.hooks.airflow.providers.standard.hooks.subprocess.SubprocessHook"}
{"timestamp":"2025-07-03T23:56:42.469431","level":"info","event":"25/07/03 23:56:42 INFO TaskSetManager: Starting task 0.0 in stage 4.0 (TID 4) (172.21.0.10, executor 0, partition 0, NODE_LOCAL, 4457 bytes) taskResourceAssignments Map()","logger":"airflow.task.hooks.airflow.providers.standard.hooks.subprocess.SubprocessHook"}
{"timestamp":"2025-07-03T23:56:42.485728","level":"info","event":"25/07/03 23:56:42 INFO BlockManagerInfo: Added broadcast_8_piece0 in memory on 172.21.0.10:32991 (size: 5.0 KiB, free: 366.2 MiB)","logger":"airflow.task.hooks.airflow.providers.standard.hooks.subprocess.SubprocessHook"}
{"timestamp":"2025-07-03T23:56:42.503714","level":"info","event":"25/07/03 23:56:42 INFO MapOutputTrackerMasterEndpoint: Asked to send map output locations for shuffle 0 to 172.21.0.10:33418","logger":"airflow.task.hooks.airflow.providers.standard.hooks.subprocess.SubprocessHook"}
{"timestamp":"2025-07-03T23:56:42.592332","level":"info","event":"25/07/03 23:56:42 INFO TaskSetManager: Finished task 0.0 in stage 4.0 (TID 4) in 124 ms on 172.21.0.10 (executor 0) (1/1)","logger":"airflow.task.hooks.airflow.providers.standard.hooks.subprocess.SubprocessHook"}
{"timestamp":"2025-07-03T23:56:42.592545","level":"info","event":"25/07/03 23:56:42 INFO TaskSchedulerImpl: Removed TaskSet 4.0, whose tasks have all completed, from pool","logger":"airflow.task.hooks.airflow.providers.standard.hooks.subprocess.SubprocessHook"}
{"timestamp":"2025-07-03T23:56:42.594135","level":"info","event":"25/07/03 23:56:42 INFO DAGScheduler: ResultStage 4 (count at NativeMethodAccessorImpl.java:0) finished in 0.137 s","logger":"airflow.task.hooks.airflow.providers.standard.hooks.subprocess.SubprocessHook"}
{"timestamp":"2025-07-03T23:56:42.594286","level":"info","event":"25/07/03 23:56:42 INFO DAGScheduler: Job 3 is finished. Cancelling potential speculative or zombie tasks for this job","logger":"airflow.task.hooks.airflow.providers.standard.hooks.subprocess.SubprocessHook"}
{"timestamp":"2025-07-03T23:56:42.594353","level":"info","event":"25/07/03 23:56:42 INFO TaskSchedulerImpl: Killing all running tasks in stage 4: Stage finished","logger":"airflow.task.hooks.airflow.providers.standard.hooks.subprocess.SubprocessHook"}
{"timestamp":"2025-07-03T23:56:42.594408","level":"info","event":"25/07/03 23:56:42 INFO DAGScheduler: Job 3 finished: count at NativeMethodAccessorImpl.java:0, took 0.365677 s","logger":"airflow.task.hooks.airflow.providers.standard.hooks.subprocess.SubprocessHook"}
{"timestamp":"2025-07-03T23:56:42.597609","level":"info","event":"Number of outliers in totalcharges: 154","logger":"airflow.task.hooks.airflow.providers.standard.hooks.subprocess.SubprocessHook"}
{"timestamp":"2025-07-03T23:56:42.714965","level":"info","event":"25/07/03 23:56:42 INFO FileSourceStrategy: Pushed Filters:","logger":"airflow.task.hooks.airflow.providers.standard.hooks.subprocess.SubprocessHook"}
{"timestamp":"2025-07-03T23:56:42.715143","level":"info","event":"25/07/03 23:56:42 INFO FileSourceStrategy: Post-Scan Filters:","logger":"airflow.task.hooks.airflow.providers.standard.hooks.subprocess.SubprocessHook"}
{"timestamp":"2025-07-03T23:56:42.715337","level":"info","event":"25/07/03 23:56:42 INFO FileSourceStrategy: Output Data Schema: struct<customerID: string, gender: string, SeniorCitizen: int, Partner: string, Dependents: string ... 19 more fields>","logger":"airflow.task.hooks.airflow.providers.standard.hooks.subprocess.SubprocessHook"}
{"timestamp":"2025-07-03T23:56:42.771102","level":"info","event":"25/07/03 23:56:42 INFO ParquetFileFormat: Using default output committer for Parquet: org.apache.parquet.hadoop.ParquetOutputCommitter","logger":"airflow.task.hooks.airflow.providers.standard.hooks.subprocess.SubprocessHook"}
{"timestamp":"2025-07-03T23:56:42.794813","level":"info","event":"25/07/03 23:56:42 INFO FileOutputCommitter: File Output Committer Algorithm version is 1","logger":"airflow.task.hooks.airflow.providers.standard.hooks.subprocess.SubprocessHook"}
{"timestamp":"2025-07-03T23:56:42.794952","level":"info","event":"25/07/03 23:56:42 INFO FileOutputCommitter: FileOutputCommitter skip cleanup _temporary folders under output directory:false, ignore cleanup failures: false","logger":"airflow.task.hooks.airflow.providers.standard.hooks.subprocess.SubprocessHook"}
{"timestamp":"2025-07-03T23:56:42.795707","level":"info","event":"25/07/03 23:56:42 INFO SQLHadoopMapReduceCommitProtocol: Using user defined output committer class org.apache.parquet.hadoop.ParquetOutputCommitter","logger":"airflow.task.hooks.airflow.providers.standard.hooks.subprocess.SubprocessHook"}
{"timestamp":"2025-07-03T23:56:42.795909","level":"info","event":"25/07/03 23:56:42 INFO FileOutputCommitter: File Output Committer Algorithm version is 1","logger":"airflow.task.hooks.airflow.providers.standard.hooks.subprocess.SubprocessHook"}
{"timestamp":"2025-07-03T23:56:42.795979","level":"info","event":"25/07/03 23:56:42 INFO FileOutputCommitter: FileOutputCommitter skip cleanup _temporary folders under output directory:false, ignore cleanup failures: false","logger":"airflow.task.hooks.airflow.providers.standard.hooks.subprocess.SubprocessHook"}
{"timestamp":"2025-07-03T23:56:42.797452","level":"info","event":"25/07/03 23:56:42 INFO SQLHadoopMapReduceCommitProtocol: Using output committer class org.apache.parquet.hadoop.ParquetOutputCommitter","logger":"airflow.task.hooks.airflow.providers.standard.hooks.subprocess.SubprocessHook"}
{"timestamp":"2025-07-03T23:56:42.899414","level":"info","event":"25/07/03 23:56:42 INFO BlockManagerInfo: Removed broadcast_7_piece0 on ba2333d50e1e:46543 in memory (size: 9.3 KiB, free: 366.2 MiB)","logger":"airflow.task.hooks.airflow.providers.standard.hooks.subprocess.SubprocessHook"}
{"timestamp":"2025-07-03T23:56:42.902995","level":"info","event":"25/07/03 23:56:42 INFO CodeGenerator: Code generated in 59.982675 ms","logger":"airflow.task.hooks.airflow.providers.standard.hooks.subprocess.SubprocessHook"}
{"timestamp":"2025-07-03T23:56:42.903176","level":"info","event":"25/07/03 23:56:42 INFO BlockManagerInfo: Removed broadcast_7_piece0 on 172.21.0.10:32991 in memory (size: 9.3 KiB, free: 366.2 MiB)","logger":"airflow.task.hooks.airflow.providers.standard.hooks.subprocess.SubprocessHook"}
{"timestamp":"2025-07-03T23:56:42.906615","level":"info","event":"25/07/03 23:56:42 INFO MemoryStore: Block broadcast_9 stored as values in memory (estimated size 303.7 KiB, free 364.6 MiB)","logger":"airflow.task.hooks.airflow.providers.standard.hooks.subprocess.SubprocessHook"}
{"timestamp":"2025-07-03T23:56:42.913912","level":"info","event":"25/07/03 23:56:42 INFO BlockManagerInfo: Removed broadcast_6_piece0 on ba2333d50e1e:46543 in memory (size: 27.5 KiB, free: 366.2 MiB)","logger":"airflow.task.hooks.airflow.providers.standard.hooks.subprocess.SubprocessHook"}
{"timestamp":"2025-07-03T23:56:42.915286","level":"info","event":"25/07/03 23:56:42 INFO MemoryStore: Block broadcast_9_piece0 stored as bytes in memory (estimated size 27.5 KiB, free 364.6 MiB)","logger":"airflow.task.hooks.airflow.providers.standard.hooks.subprocess.SubprocessHook"}
{"timestamp":"2025-07-03T23:56:42.915489","level":"info","event":"25/07/03 23:56:42 INFO BlockManagerInfo: Removed broadcast_6_piece0 on 172.21.0.10:32991 in memory (size: 27.5 KiB, free: 366.2 MiB)","logger":"airflow.task.hooks.airflow.providers.standard.hooks.subprocess.SubprocessHook"}
{"timestamp":"2025-07-03T23:56:42.917038","level":"info","event":"25/07/03 23:56:42 INFO BlockManagerInfo: Added broadcast_9_piece0 in memory on ba2333d50e1e:46543 (size: 27.5 KiB, free: 366.2 MiB)","logger":"airflow.task.hooks.airflow.providers.standard.hooks.subprocess.SubprocessHook"}
{"timestamp":"2025-07-03T23:56:42.918512","level":"info","event":"25/07/03 23:56:42 INFO SparkContext: Created broadcast 9 from parquet at NativeMethodAccessorImpl.java:0","logger":"airflow.task.hooks.airflow.providers.standard.hooks.subprocess.SubprocessHook"}
{"timestamp":"2025-07-03T23:56:42.918673","level":"info","event":"25/07/03 23:56:42 INFO FileSourceScanExec: Planning scan with bin packing, max size: 4194304 bytes, open cost is considered as scanning 4194304 bytes.","logger":"airflow.task.hooks.airflow.providers.standard.hooks.subprocess.SubprocessHook"}
{"timestamp":"2025-07-03T23:56:42.925767","level":"info","event":"25/07/03 23:56:42 INFO BlockManagerInfo: Removed broadcast_3_piece0 on ba2333d50e1e:46543 in memory (size: 8.0 KiB, free: 366.2 MiB)","logger":"airflow.task.hooks.airflow.providers.standard.hooks.subprocess.SubprocessHook"}
{"timestamp":"2025-07-03T23:56:42.928228","level":"info","event":"25/07/03 23:56:42 INFO BlockManagerInfo: Removed broadcast_3_piece0 on 172.21.0.10:32991 in memory (size: 8.0 KiB, free: 366.2 MiB)","logger":"airflow.task.hooks.airflow.providers.standard.hooks.subprocess.SubprocessHook"}
{"timestamp":"2025-07-03T23:56:42.936119","level":"info","event":"25/07/03 23:56:42 INFO BlockManagerInfo: Removed broadcast_1_piece0 on ba2333d50e1e:46543 in memory (size: 5.4 KiB, free: 366.2 MiB)","logger":"airflow.task.hooks.airflow.providers.standard.hooks.subprocess.SubprocessHook"}
{"timestamp":"2025-07-03T23:56:42.938723","level":"info","event":"25/07/03 23:56:42 INFO BlockManagerInfo: Removed broadcast_1_piece0 on 172.21.0.10:32991 in memory (size: 5.4 KiB, free: 366.2 MiB)","logger":"airflow.task.hooks.airflow.providers.standard.hooks.subprocess.SubprocessHook"}
{"timestamp":"2025-07-03T23:56:42.946319","level":"info","event":"25/07/03 23:56:42 INFO BlockManagerInfo: Removed broadcast_8_piece0 on ba2333d50e1e:46543 in memory (size: 5.0 KiB, free: 366.2 MiB)","logger":"airflow.task.hooks.airflow.providers.standard.hooks.subprocess.SubprocessHook"}
{"timestamp":"2025-07-03T23:56:42.949184","level":"info","event":"25/07/03 23:56:42 INFO BlockManagerInfo: Removed broadcast_8_piece0 on 172.21.0.10:32991 in memory (size: 5.0 KiB, free: 366.2 MiB)","logger":"airflow.task.hooks.airflow.providers.standard.hooks.subprocess.SubprocessHook"}
{"timestamp":"2025-07-03T23:56:42.949701","level":"info","event":"25/07/03 23:56:42 INFO SparkContext: Starting job: parquet at NativeMethodAccessorImpl.java:0","logger":"airflow.task.hooks.airflow.providers.standard.hooks.subprocess.SubprocessHook"}
{"timestamp":"2025-07-03T23:56:42.951051","level":"info","event":"25/07/03 23:56:42 INFO DAGScheduler: Got job 4 (parquet at NativeMethodAccessorImpl.java:0) with 1 output partitions","logger":"airflow.task.hooks.airflow.providers.standard.hooks.subprocess.SubprocessHook"}
{"timestamp":"2025-07-03T23:56:42.951353","level":"info","event":"25/07/03 23:56:42 INFO DAGScheduler: Final stage: ResultStage 5 (parquet at NativeMethodAccessorImpl.java:0)","logger":"airflow.task.hooks.airflow.providers.standard.hooks.subprocess.SubprocessHook"}
{"timestamp":"2025-07-03T23:56:42.951451","level":"info","event":"25/07/03 23:56:42 INFO DAGScheduler: Parents of final stage: List()","logger":"airflow.task.hooks.airflow.providers.standard.hooks.subprocess.SubprocessHook"}
{"timestamp":"2025-07-03T23:56:42.951514","level":"info","event":"25/07/03 23:56:42 INFO DAGScheduler: Missing parents: List()","logger":"airflow.task.hooks.airflow.providers.standard.hooks.subprocess.SubprocessHook"}
{"timestamp":"2025-07-03T23:56:42.952661","level":"info","event":"25/07/03 23:56:42 INFO DAGScheduler: Submitting ResultStage 5 (MapPartitionsRDD[26] at parquet at NativeMethodAccessorImpl.java:0), which has no missing parents","logger":"airflow.task.hooks.airflow.providers.standard.hooks.subprocess.SubprocessHook"}
{"timestamp":"2025-07-03T23:56:42.958389","level":"info","event":"25/07/03 23:56:42 INFO BlockManagerInfo: Removed broadcast_5_piece0 on ba2333d50e1e:46543 in memory (size: 9.7 KiB, free: 366.2 MiB)","logger":"airflow.task.hooks.airflow.providers.standard.hooks.subprocess.SubprocessHook"}
{"timestamp":"2025-07-03T23:56:42.960497","level":"info","event":"25/07/03 23:56:42 INFO BlockManagerInfo: Removed broadcast_5_piece0 on 172.21.0.10:32991 in memory (size: 9.7 KiB, free: 366.2 MiB)","logger":"airflow.task.hooks.airflow.providers.standard.hooks.subprocess.SubprocessHook"}
{"timestamp":"2025-07-03T23:56:42.968794","level":"info","event":"25/07/03 23:56:42 INFO MemoryStore: Block broadcast_10 stored as values in memory (estimated size 191.1 KiB, free 364.8 MiB)","logger":"airflow.task.hooks.airflow.providers.standard.hooks.subprocess.SubprocessHook"}
{"timestamp":"2025-07-03T23:56:42.970074","level":"info","event":"25/07/03 23:56:42 INFO MemoryStore: Block broadcast_10_piece0 stored as bytes in memory (estimated size 66.9 KiB, free 364.8 MiB)","logger":"airflow.task.hooks.airflow.providers.standard.hooks.subprocess.SubprocessHook"}
{"timestamp":"2025-07-03T23:56:42.971042","level":"info","event":"25/07/03 23:56:42 INFO BlockManagerInfo: Added broadcast_10_piece0 in memory on ba2333d50e1e:46543 (size: 66.9 KiB, free: 366.1 MiB)","logger":"airflow.task.hooks.airflow.providers.standard.hooks.subprocess.SubprocessHook"}
{"timestamp":"2025-07-03T23:56:42.972479","level":"info","event":"25/07/03 23:56:42 INFO SparkContext: Created broadcast 10 from broadcast at DAGScheduler.scala:1383","logger":"airflow.task.hooks.airflow.providers.standard.hooks.subprocess.SubprocessHook"}
{"timestamp":"2025-07-03T23:56:42.972634","level":"info","event":"25/07/03 23:56:42 INFO BlockManagerInfo: Removed broadcast_4_piece0 on ba2333d50e1e:46543 in memory (size: 27.5 KiB, free: 366.2 MiB)","logger":"airflow.task.hooks.airflow.providers.standard.hooks.subprocess.SubprocessHook"}
{"timestamp":"2025-07-03T23:56:42.972697","level":"info","event":"25/07/03 23:56:42 INFO DAGScheduler: Submitting 1 missing tasks from ResultStage 5 (MapPartitionsRDD[26] at parquet at NativeMethodAccessorImpl.java:0) (first 15 tasks are for partitions Vector(0))","logger":"airflow.task.hooks.airflow.providers.standard.hooks.subprocess.SubprocessHook"}
{"timestamp":"2025-07-03T23:56:42.972750","level":"info","event":"25/07/03 23:56:42 INFO TaskSchedulerImpl: Adding task set 5.0 with 1 tasks resource profile 0","logger":"airflow.task.hooks.airflow.providers.standard.hooks.subprocess.SubprocessHook"}
{"timestamp":"2025-07-03T23:56:42.975091","level":"info","event":"25/07/03 23:56:42 INFO TaskSetManager: Starting task 0.0 in stage 5.0 (TID 5) (172.21.0.10, executor 0, partition 0, ANY, 4876 bytes) taskResourceAssignments Map()","logger":"airflow.task.hooks.airflow.providers.standard.hooks.subprocess.SubprocessHook"}
{"timestamp":"2025-07-03T23:56:42.976109","level":"info","event":"25/07/03 23:56:42 INFO BlockManagerInfo: Removed broadcast_4_piece0 on 172.21.0.10:32991 in memory (size: 27.5 KiB, free: 366.2 MiB)","logger":"airflow.task.hooks.airflow.providers.standard.hooks.subprocess.SubprocessHook"}
{"timestamp":"2025-07-03T23:56:42.988342","level":"info","event":"25/07/03 23:56:42 INFO BlockManagerInfo: Added broadcast_10_piece0 in memory on 172.21.0.10:32991 (size: 66.9 KiB, free: 366.2 MiB)","logger":"airflow.task.hooks.airflow.providers.standard.hooks.subprocess.SubprocessHook"}
{"timestamp":"2025-07-03T23:56:43.392841","level":"info","event":"25/07/03 23:56:43 INFO BlockManagerInfo: Added broadcast_9_piece0 in memory on 172.21.0.10:32991 (size: 27.5 KiB, free: 366.2 MiB)","logger":"airflow.task.hooks.airflow.providers.standard.hooks.subprocess.SubprocessHook"}
{"timestamp":"2025-07-03T23:56:43.792350","level":"info","event":"25/07/03 23:56:43 INFO TaskSetManager: Finished task 0.0 in stage 5.0 (TID 5) in 817 ms on 172.21.0.10 (executor 0) (1/1)","logger":"airflow.task.hooks.airflow.providers.standard.hooks.subprocess.SubprocessHook"}
{"timestamp":"2025-07-03T23:56:43.792568","level":"info","event":"25/07/03 23:56:43 INFO TaskSchedulerImpl: Removed TaskSet 5.0, whose tasks have all completed, from pool","logger":"airflow.task.hooks.airflow.providers.standard.hooks.subprocess.SubprocessHook"}
{"timestamp":"2025-07-03T23:56:43.792707","level":"info","event":"25/07/03 23:56:43 INFO DAGScheduler: ResultStage 5 (parquet at NativeMethodAccessorImpl.java:0) finished in 0.840 s","logger":"airflow.task.hooks.airflow.providers.standard.hooks.subprocess.SubprocessHook"}
{"timestamp":"2025-07-03T23:56:43.793101","level":"info","event":"25/07/03 23:56:43 INFO DAGScheduler: Job 4 is finished. Cancelling potential speculative or zombie tasks for this job","logger":"airflow.task.hooks.airflow.providers.standard.hooks.subprocess.SubprocessHook"}
{"timestamp":"2025-07-03T23:56:43.793192","level":"info","event":"25/07/03 23:56:43 INFO TaskSchedulerImpl: Killing all running tasks in stage 5: Stage finished","logger":"airflow.task.hooks.airflow.providers.standard.hooks.subprocess.SubprocessHook"}
{"timestamp":"2025-07-03T23:56:43.794656","level":"info","event":"25/07/03 23:56:43 INFO DAGScheduler: Job 4 finished: parquet at NativeMethodAccessorImpl.java:0, took 0.844975 s","logger":"airflow.task.hooks.airflow.providers.standard.hooks.subprocess.SubprocessHook"}
{"timestamp":"2025-07-03T23:56:43.850157","level":"info","event":"25/07/03 23:56:43 INFO FileFormatWriter: Write Job 53b60497-b0fe-4870-bdb1-f3f37d4a00e4 committed.","logger":"airflow.task.hooks.airflow.providers.standard.hooks.subprocess.SubprocessHook"}
{"timestamp":"2025-07-03T23:56:43.853377","level":"info","event":"25/07/03 23:56:43 INFO FileFormatWriter: Finished processing stats for write job 53b60497-b0fe-4870-bdb1-f3f37d4a00e4.","logger":"airflow.task.hooks.airflow.providers.standard.hooks.subprocess.SubprocessHook"}
{"timestamp":"2025-07-03T23:56:43.891545","level":"info","event":"Traceback (most recent call last):","logger":"airflow.task.hooks.airflow.providers.standard.hooks.subprocess.SubprocessHook"}
{"timestamp":"2025-07-03T23:56:43.891744","level":"info","event":"  File \"/opt/spark-apps/get_clean.py\", line 67, in <module>","logger":"airflow.task.hooks.airflow.providers.standard.hooks.subprocess.SubprocessHook"}
{"timestamp":"2025-07-03T23:56:43.893445","level":"info","event":"    .mode(\"overwrite\")\\","logger":"airflow.task.hooks.airflow.providers.standard.hooks.subprocess.SubprocessHook"}
{"timestamp":"2025-07-03T23:56:43.893559","level":"info","event":"  File \"/opt/bitnami/spark/python/lib/pyspark.zip/pyspark/sql/readwriter.py\", line 1107, in save","logger":"airflow.task.hooks.airflow.providers.standard.hooks.subprocess.SubprocessHook"}
{"timestamp":"2025-07-03T23:56:43.893606","level":"info","event":"  File \"/opt/bitnami/spark/python/lib/py4j-0.10.9-src.zip/py4j/java_gateway.py\", line 1305, in __call__","logger":"airflow.task.hooks.airflow.providers.standard.hooks.subprocess.SubprocessHook"}
{"timestamp":"2025-07-03T23:56:43.894310","level":"info","event":"  File \"/opt/bitnami/spark/python/lib/pyspark.zip/pyspark/sql/utils.py\", line 111, in deco","logger":"airflow.task.hooks.airflow.providers.standard.hooks.subprocess.SubprocessHook"}
{"timestamp":"2025-07-03T23:56:43.894581","level":"info","event":"  File \"/opt/bitnami/spark/python/lib/py4j-0.10.9-src.zip/py4j/protocol.py\", line 328, in get_return_value","logger":"airflow.task.hooks.airflow.providers.standard.hooks.subprocess.SubprocessHook"}
{"timestamp":"2025-07-03T23:56:43.895960","level":"info","event":"py4j.protocol.Py4JJavaError: An error occurred while calling o112.save.","logger":"airflow.task.hooks.airflow.providers.standard.hooks.subprocess.SubprocessHook"}
{"timestamp":"2025-07-03T23:56:43.896031","level":"info","event":": java.lang.ClassNotFoundException: org.postgresql.Driver","logger":"airflow.task.hooks.airflow.providers.standard.hooks.subprocess.SubprocessHook"}
{"timestamp":"2025-07-03T23:56:43.896121","level":"info","event":"\tat java.net.URLClassLoader.findClass(URLClassLoader.java:382)","logger":"airflow.task.hooks.airflow.providers.standard.hooks.subprocess.SubprocessHook"}
{"timestamp":"2025-07-03T23:56:43.896161","level":"info","event":"\tat java.lang.ClassLoader.loadClass(ClassLoader.java:418)","logger":"airflow.task.hooks.airflow.providers.standard.hooks.subprocess.SubprocessHook"}
{"timestamp":"2025-07-03T23:56:43.896198","level":"info","event":"\tat java.lang.ClassLoader.loadClass(ClassLoader.java:351)","logger":"airflow.task.hooks.airflow.providers.standard.hooks.subprocess.SubprocessHook"}
{"timestamp":"2025-07-03T23:56:43.896225","level":"info","event":"\tat org.apache.spark.sql.execution.datasources.jdbc.DriverRegistry$.register(DriverRegistry.scala:46)","logger":"airflow.task.hooks.airflow.providers.standard.hooks.subprocess.SubprocessHook"}
{"timestamp":"2025-07-03T23:56:43.896249","level":"info","event":"\tat org.apache.spark.sql.execution.datasources.jdbc.JDBCOptions.$anonfun$driverClass$1(JDBCOptions.scala:102)","logger":"airflow.task.hooks.airflow.providers.standard.hooks.subprocess.SubprocessHook"}
{"timestamp":"2025-07-03T23:56:43.896272","level":"info","event":"\tat org.apache.spark.sql.execution.datasources.jdbc.JDBCOptions.$anonfun$driverClass$1$adapted(JDBCOptions.scala:102)","logger":"airflow.task.hooks.airflow.providers.standard.hooks.subprocess.SubprocessHook"}
{"timestamp":"2025-07-03T23:56:43.896295","level":"info","event":"\tat scala.Option.foreach(Option.scala:407)","logger":"airflow.task.hooks.airflow.providers.standard.hooks.subprocess.SubprocessHook"}
{"timestamp":"2025-07-03T23:56:43.896320","level":"info","event":"\tat org.apache.spark.sql.execution.datasources.jdbc.JDBCOptions.<init>(JDBCOptions.scala:102)","logger":"airflow.task.hooks.airflow.providers.standard.hooks.subprocess.SubprocessHook"}
{"timestamp":"2025-07-03T23:56:43.896356","level":"info","event":"\tat org.apache.spark.sql.execution.datasources.jdbc.JdbcOptionsInWrite.<init>(JDBCOptions.scala:215)","logger":"airflow.task.hooks.airflow.providers.standard.hooks.subprocess.SubprocessHook"}
{"timestamp":"2025-07-03T23:56:43.896380","level":"info","event":"\tat org.apache.spark.sql.execution.datasources.jdbc.JdbcOptionsInWrite.<init>(JDBCOptions.scala:219)","logger":"airflow.task.hooks.airflow.providers.standard.hooks.subprocess.SubprocessHook"}
{"timestamp":"2025-07-03T23:56:43.896402","level":"info","event":"\tat org.apache.spark.sql.execution.datasources.jdbc.JdbcRelationProvider.createRelation(JdbcRelationProvider.scala:45)","logger":"airflow.task.hooks.airflow.providers.standard.hooks.subprocess.SubprocessHook"}
{"timestamp":"2025-07-03T23:56:43.896424","level":"info","event":"\tat org.apache.spark.sql.execution.datasources.SaveIntoDataSourceCommand.run(SaveIntoDataSourceCommand.scala:46)","logger":"airflow.task.hooks.airflow.providers.standard.hooks.subprocess.SubprocessHook"}
{"timestamp":"2025-07-03T23:56:43.896446","level":"info","event":"\tat org.apache.spark.sql.execution.command.ExecutedCommandExec.sideEffectResult$lzycompute(commands.scala:70)","logger":"airflow.task.hooks.airflow.providers.standard.hooks.subprocess.SubprocessHook"}
{"timestamp":"2025-07-03T23:56:43.896468","level":"info","event":"\tat org.apache.spark.sql.execution.command.ExecutedCommandExec.sideEffectResult(commands.scala:68)","logger":"airflow.task.hooks.airflow.providers.standard.hooks.subprocess.SubprocessHook"}
{"timestamp":"2025-07-03T23:56:43.896488","level":"info","event":"\tat org.apache.spark.sql.execution.command.ExecutedCommandExec.doExecute(commands.scala:90)","logger":"airflow.task.hooks.airflow.providers.standard.hooks.subprocess.SubprocessHook"}
{"timestamp":"2025-07-03T23:56:43.896509","level":"info","event":"\tat org.apache.spark.sql.execution.SparkPlan.$anonfun$execute$1(SparkPlan.scala:180)","logger":"airflow.task.hooks.airflow.providers.standard.hooks.subprocess.SubprocessHook"}
{"timestamp":"2025-07-03T23:56:43.896529","level":"info","event":"\tat org.apache.spark.sql.execution.SparkPlan.$anonfun$executeQuery$1(SparkPlan.scala:218)","logger":"airflow.task.hooks.airflow.providers.standard.hooks.subprocess.SubprocessHook"}
{"timestamp":"2025-07-03T23:56:43.896555","level":"info","event":"\tat org.apache.spark.rdd.RDDOperationScope$.withScope(RDDOperationScope.scala:151)","logger":"airflow.task.hooks.airflow.providers.standard.hooks.subprocess.SubprocessHook"}
{"timestamp":"2025-07-03T23:56:43.896585","level":"info","event":"\tat org.apache.spark.sql.execution.SparkPlan.executeQuery(SparkPlan.scala:215)","logger":"airflow.task.hooks.airflow.providers.standard.hooks.subprocess.SubprocessHook"}
{"timestamp":"2025-07-03T23:56:43.896608","level":"info","event":"\tat org.apache.spark.sql.execution.SparkPlan.execute(SparkPlan.scala:176)","logger":"airflow.task.hooks.airflow.providers.standard.hooks.subprocess.SubprocessHook"}
{"timestamp":"2025-07-03T23:56:43.896631","level":"info","event":"\tat org.apache.spark.sql.execution.QueryExecution.toRdd$lzycompute(QueryExecution.scala:132)","logger":"airflow.task.hooks.airflow.providers.standard.hooks.subprocess.SubprocessHook"}
{"timestamp":"2025-07-03T23:56:43.896696","level":"info","event":"\tat org.apache.spark.sql.execution.QueryExecution.toRdd(QueryExecution.scala:131)","logger":"airflow.task.hooks.airflow.providers.standard.hooks.subprocess.SubprocessHook"}
{"timestamp":"2025-07-03T23:56:43.896730","level":"info","event":"\tat org.apache.spark.sql.DataFrameWriter.$anonfun$runCommand$1(DataFrameWriter.scala:989)","logger":"airflow.task.hooks.airflow.providers.standard.hooks.subprocess.SubprocessHook"}
{"timestamp":"2025-07-03T23:56:43.896757","level":"info","event":"\tat org.apache.spark.sql.execution.SQLExecution$.$anonfun$withNewExecutionId$5(SQLExecution.scala:103)","logger":"airflow.task.hooks.airflow.providers.standard.hooks.subprocess.SubprocessHook"}
{"timestamp":"2025-07-03T23:56:43.896780","level":"info","event":"\tat org.apache.spark.sql.execution.SQLExecution$.withSQLConfPropagated(SQLExecution.scala:163)","logger":"airflow.task.hooks.airflow.providers.standard.hooks.subprocess.SubprocessHook"}
{"timestamp":"2025-07-03T23:56:43.896802","level":"info","event":"\tat org.apache.spark.sql.execution.SQLExecution$.$anonfun$withNewExecutionId$1(SQLExecution.scala:90)","logger":"airflow.task.hooks.airflow.providers.standard.hooks.subprocess.SubprocessHook"}
{"timestamp":"2025-07-03T23:56:43.896825","level":"info","event":"\tat org.apache.spark.sql.SparkSession.withActive(SparkSession.scala:772)","logger":"airflow.task.hooks.airflow.providers.standard.hooks.subprocess.SubprocessHook"}
{"timestamp":"2025-07-03T23:56:43.896848","level":"info","event":"\tat org.apache.spark.sql.execution.SQLExecution$.withNewExecutionId(SQLExecution.scala:64)","logger":"airflow.task.hooks.airflow.providers.standard.hooks.subprocess.SubprocessHook"}
{"timestamp":"2025-07-03T23:56:43.896891","level":"info","event":"\tat org.apache.spark.sql.DataFrameWriter.runCommand(DataFrameWriter.scala:989)","logger":"airflow.task.hooks.airflow.providers.standard.hooks.subprocess.SubprocessHook"}
{"timestamp":"2025-07-03T23:56:43.896929","level":"info","event":"\tat org.apache.spark.sql.DataFrameWriter.saveToV1Source(DataFrameWriter.scala:438)","logger":"airflow.task.hooks.airflow.providers.standard.hooks.subprocess.SubprocessHook"}
{"timestamp":"2025-07-03T23:56:43.896971","level":"info","event":"\tat org.apache.spark.sql.DataFrameWriter.saveInternal(DataFrameWriter.scala:415)","logger":"airflow.task.hooks.airflow.providers.standard.hooks.subprocess.SubprocessHook"}
{"timestamp":"2025-07-03T23:56:43.897008","level":"info","event":"\tat org.apache.spark.sql.DataFrameWriter.save(DataFrameWriter.scala:301)","logger":"airflow.task.hooks.airflow.providers.standard.hooks.subprocess.SubprocessHook"}
{"timestamp":"2025-07-03T23:56:43.897044","level":"info","event":"\tat sun.reflect.NativeMethodAccessorImpl.invoke0(Native Method)","logger":"airflow.task.hooks.airflow.providers.standard.hooks.subprocess.SubprocessHook"}
{"timestamp":"2025-07-03T23:56:43.897067","level":"info","event":"\tat sun.reflect.NativeMethodAccessorImpl.invoke(NativeMethodAccessorImpl.java:62)","logger":"airflow.task.hooks.airflow.providers.standard.hooks.subprocess.SubprocessHook"}
{"timestamp":"2025-07-03T23:56:43.897102","level":"info","event":"\tat sun.reflect.DelegatingMethodAccessorImpl.invoke(DelegatingMethodAccessorImpl.java:43)","logger":"airflow.task.hooks.airflow.providers.standard.hooks.subprocess.SubprocessHook"}
{"timestamp":"2025-07-03T23:56:43.897142","level":"info","event":"\tat java.lang.reflect.Method.invoke(Method.java:498)","logger":"airflow.task.hooks.airflow.providers.standard.hooks.subprocess.SubprocessHook"}
{"timestamp":"2025-07-03T23:56:43.897181","level":"info","event":"\tat py4j.reflection.MethodInvoker.invoke(MethodInvoker.java:244)","logger":"airflow.task.hooks.airflow.providers.standard.hooks.subprocess.SubprocessHook"}
{"timestamp":"2025-07-03T23:56:43.897223","level":"info","event":"\tat py4j.reflection.ReflectionEngine.invoke(ReflectionEngine.java:357)","logger":"airflow.task.hooks.airflow.providers.standard.hooks.subprocess.SubprocessHook"}
{"timestamp":"2025-07-03T23:56:43.897248","level":"info","event":"\tat py4j.Gateway.invoke(Gateway.java:282)","logger":"airflow.task.hooks.airflow.providers.standard.hooks.subprocess.SubprocessHook"}
{"timestamp":"2025-07-03T23:56:43.897270","level":"info","event":"\tat py4j.commands.AbstractCommand.invokeMethod(AbstractCommand.java:132)","logger":"airflow.task.hooks.airflow.providers.standard.hooks.subprocess.SubprocessHook"}
{"timestamp":"2025-07-03T23:56:43.897292","level":"info","event":"\tat py4j.commands.CallCommand.execute(CallCommand.java:79)","logger":"airflow.task.hooks.airflow.providers.standard.hooks.subprocess.SubprocessHook"}
{"timestamp":"2025-07-03T23:56:43.897350","level":"info","event":"\tat py4j.GatewayConnection.run(GatewayConnection.java:238)","logger":"airflow.task.hooks.airflow.providers.standard.hooks.subprocess.SubprocessHook"}
{"timestamp":"2025-07-03T23:56:43.897387","level":"info","event":"\tat java.lang.Thread.run(Thread.java:748)","logger":"airflow.task.hooks.airflow.providers.standard.hooks.subprocess.SubprocessHook"}
{"timestamp":"2025-07-03T23:56:43.897419","level":"info","event":"","logger":"airflow.task.hooks.airflow.providers.standard.hooks.subprocess.SubprocessHook"}
{"timestamp":"2025-07-03T23:56:43.928186","level":"info","event":"25/07/03 23:56:43 INFO SparkContext: Invoking stop() from shutdown hook","logger":"airflow.task.hooks.airflow.providers.standard.hooks.subprocess.SubprocessHook"}
{"timestamp":"2025-07-03T23:56:43.937193","level":"info","event":"25/07/03 23:56:43 INFO SparkUI: Stopped Spark web UI at http://ba2333d50e1e:4040","logger":"airflow.task.hooks.airflow.providers.standard.hooks.subprocess.SubprocessHook"}
{"timestamp":"2025-07-03T23:56:43.939114","level":"info","event":"25/07/03 23:56:43 INFO StandaloneSchedulerBackend: Shutting down all executors","logger":"airflow.task.hooks.airflow.providers.standard.hooks.subprocess.SubprocessHook"}
{"timestamp":"2025-07-03T23:56:43.939873","level":"info","event":"25/07/03 23:56:43 INFO CoarseGrainedSchedulerBackend$DriverEndpoint: Asking each executor to shut down","logger":"airflow.task.hooks.airflow.providers.standard.hooks.subprocess.SubprocessHook"}
{"timestamp":"2025-07-03T23:56:43.956529","level":"info","event":"25/07/03 23:56:43 INFO MapOutputTrackerMasterEndpoint: MapOutputTrackerMasterEndpoint stopped!","logger":"airflow.task.hooks.airflow.providers.standard.hooks.subprocess.SubprocessHook"}
{"timestamp":"2025-07-03T23:56:43.972376","level":"info","event":"25/07/03 23:56:43 INFO MemoryStore: MemoryStore cleared","logger":"airflow.task.hooks.airflow.providers.standard.hooks.subprocess.SubprocessHook"}
{"timestamp":"2025-07-03T23:56:43.973272","level":"info","event":"25/07/03 23:56:43 INFO BlockManager: BlockManager stopped","logger":"airflow.task.hooks.airflow.providers.standard.hooks.subprocess.SubprocessHook"}
{"timestamp":"2025-07-03T23:56:43.977955","level":"info","event":"25/07/03 23:56:43 INFO BlockManagerMaster: BlockManagerMaster stopped","logger":"airflow.task.hooks.airflow.providers.standard.hooks.subprocess.SubprocessHook"}
{"timestamp":"2025-07-03T23:56:43.980569","level":"info","event":"25/07/03 23:56:43 INFO OutputCommitCoordinator$OutputCommitCoordinatorEndpoint: OutputCommitCoordinator stopped!","logger":"airflow.task.hooks.airflow.providers.standard.hooks.subprocess.SubprocessHook"}
{"timestamp":"2025-07-03T23:56:43.987599","level":"info","event":"25/07/03 23:56:43 INFO SparkContext: Successfully stopped SparkContext","logger":"airflow.task.hooks.airflow.providers.standard.hooks.subprocess.SubprocessHook"}
{"timestamp":"2025-07-03T23:56:43.987795","level":"info","event":"25/07/03 23:56:43 INFO ShutdownHookManager: Shutdown hook called","logger":"airflow.task.hooks.airflow.providers.standard.hooks.subprocess.SubprocessHook"}
{"timestamp":"2025-07-03T23:56:43.988098","level":"info","event":"25/07/03 23:56:43 INFO ShutdownHookManager: Deleting directory /tmp/spark-ff35e4cf-b75e-491c-94ea-fbb7ade6dad0/pyspark-c7429d93-8572-4d9f-a0bd-d156f4d8c7a7","logger":"airflow.task.hooks.airflow.providers.standard.hooks.subprocess.SubprocessHook"}
{"timestamp":"2025-07-03T23:56:43.991670","level":"info","event":"25/07/03 23:56:43 INFO ShutdownHookManager: Deleting directory /tmp/spark-ff35e4cf-b75e-491c-94ea-fbb7ade6dad0","logger":"airflow.task.hooks.airflow.providers.standard.hooks.subprocess.SubprocessHook"}
{"timestamp":"2025-07-03T23:56:43.993934","level":"info","event":"25/07/03 23:56:43 INFO ShutdownHookManager: Deleting directory /tmp/spark-866f384f-1564-47c3-9648-ff0f9319dede","logger":"airflow.task.hooks.airflow.providers.standard.hooks.subprocess.SubprocessHook"}
{"timestamp":"2025-07-03T23:56:44.158912","level":"info","event":"Command exited with return code 1","logger":"airflow.task.hooks.airflow.providers.standard.hooks.subprocess.SubprocessHook"}
{"timestamp":"2025-07-03T23:56:44.159398","level":"error","event":"Task failed with exception","logger":"task","error_detail":[{"exc_type":"AirflowException","exc_value":"Bash command failed. The command returned a non-zero exit code 1.","exc_notes":[],"syntax_error":null,"is_cause":false,"frames":[{"filename":"/home/airflow/.local/lib/python3.12/site-packages/airflow/sdk/execution_time/task_runner.py","lineno":825,"name":"run"},{"filename":"/home/airflow/.local/lib/python3.12/site-packages/airflow/sdk/execution_time/task_runner.py","lineno":1088,"name":"_execute_task"},{"filename":"/home/airflow/.local/lib/python3.12/site-packages/airflow/sdk/bases/operator.py","lineno":408,"name":"wrapper"},{"filename":"/home/airflow/.local/lib/python3.12/site-packages/airflow/providers/standard/operators/bash.py","lineno":233,"name":"execute"}]}]}
