{"timestamp":"2025-07-04T16:08:15.712238","level":"info","event":"DAG bundles loaded: dags-folder","logger":"airflow.dag_processing.bundles.manager.DagBundlesManager"}
{"timestamp":"2025-07-04T16:08:15.712765","level":"info","event":"Filling up the DagBag from /opt/airflow/dags/telco_to_hdfs_dag.py","logger":"airflow.models.dagbag.DagBag"}
{"timestamp":"2025-07-04T16:08:15.734292","level":"info","event":"Tmp dir root location: /tmp","logger":"airflow.task.hooks.airflow.providers.standard.hooks.subprocess.SubprocessHook"}
{"timestamp":"2025-07-04T16:08:15.735593","level":"info","event":"Running command: ['/usr/bin/bash', '-c', 'docker exec spark-master /opt/bitnami/spark/bin/spark-submit --master spark://spark-master:7077 /opt/spark-apps/get_clean.py']","logger":"airflow.task.hooks.airflow.providers.standard.hooks.subprocess.SubprocessHook"}
{"timestamp":"2025-07-04T16:08:15.746721","level":"info","event":"Output:","logger":"airflow.task.hooks.airflow.providers.standard.hooks.subprocess.SubprocessHook"}
{"timestamp":"2025-07-04T16:08:16.969476","level":"info","event":"25/07/04 16:08:16 WARN NativeCodeLoader: Unable to load native-hadoop library for your platform... using builtin-java classes where applicable","logger":"airflow.task.hooks.airflow.providers.standard.hooks.subprocess.SubprocessHook"}
{"timestamp":"2025-07-04T16:08:17.689177","level":"info","event":"Using Spark's default log4j profile: org/apache/spark/log4j-defaults.properties","logger":"airflow.task.hooks.airflow.providers.standard.hooks.subprocess.SubprocessHook"}
{"timestamp":"2025-07-04T16:08:17.698344","level":"info","event":"25/07/04 16:08:17 INFO SparkContext: Running Spark version 3.1.1","logger":"airflow.task.hooks.airflow.providers.standard.hooks.subprocess.SubprocessHook"}
{"timestamp":"2025-07-04T16:08:17.741680","level":"info","event":"25/07/04 16:08:17 INFO ResourceUtils: ==============================================================","logger":"airflow.task.hooks.airflow.providers.standard.hooks.subprocess.SubprocessHook"}
{"timestamp":"2025-07-04T16:08:17.741919","level":"info","event":"25/07/04 16:08:17 INFO ResourceUtils: No custom resources configured for spark.driver.","logger":"airflow.task.hooks.airflow.providers.standard.hooks.subprocess.SubprocessHook"}
{"timestamp":"2025-07-04T16:08:17.742021","level":"info","event":"25/07/04 16:08:17 INFO ResourceUtils: ==============================================================","logger":"airflow.task.hooks.airflow.providers.standard.hooks.subprocess.SubprocessHook"}
{"timestamp":"2025-07-04T16:08:17.742310","level":"info","event":"25/07/04 16:08:17 INFO SparkContext: Submitted application: TelcoExploration","logger":"airflow.task.hooks.airflow.providers.standard.hooks.subprocess.SubprocessHook"}
{"timestamp":"2025-07-04T16:08:17.765938","level":"info","event":"25/07/04 16:08:17 INFO ResourceProfile: Default ResourceProfile created, executor resources: Map(cores -> name: cores, amount: 1, script: , vendor: , memory -> name: memory, amount: 1024, script: , vendor: , offHeap -> name: offHeap, amount: 0, script: , vendor: ), task resources: Map(cpus -> name: cpus, amount: 1.0)","logger":"airflow.task.hooks.airflow.providers.standard.hooks.subprocess.SubprocessHook"}
{"timestamp":"2025-07-04T16:08:17.777145","level":"info","event":"25/07/04 16:08:17 INFO ResourceProfile: Limiting resource is cpu","logger":"airflow.task.hooks.airflow.providers.standard.hooks.subprocess.SubprocessHook"}
{"timestamp":"2025-07-04T16:08:17.777976","level":"info","event":"25/07/04 16:08:17 INFO ResourceProfileManager: Added ResourceProfile id: 0","logger":"airflow.task.hooks.airflow.providers.standard.hooks.subprocess.SubprocessHook"}
{"timestamp":"2025-07-04T16:08:17.842504","level":"info","event":"25/07/04 16:08:17 INFO SecurityManager: Changing view acls to: spark","logger":"airflow.task.hooks.airflow.providers.standard.hooks.subprocess.SubprocessHook"}
{"timestamp":"2025-07-04T16:08:17.842738","level":"info","event":"25/07/04 16:08:17 INFO SecurityManager: Changing modify acls to: spark","logger":"airflow.task.hooks.airflow.providers.standard.hooks.subprocess.SubprocessHook"}
{"timestamp":"2025-07-04T16:08:17.842821","level":"info","event":"25/07/04 16:08:17 INFO SecurityManager: Changing view acls groups to:","logger":"airflow.task.hooks.airflow.providers.standard.hooks.subprocess.SubprocessHook"}
{"timestamp":"2025-07-04T16:08:17.842871","level":"info","event":"25/07/04 16:08:17 INFO SecurityManager: Changing modify acls groups to:","logger":"airflow.task.hooks.airflow.providers.standard.hooks.subprocess.SubprocessHook"}
{"timestamp":"2025-07-04T16:08:17.842927","level":"info","event":"25/07/04 16:08:17 INFO SecurityManager: SecurityManager: authentication disabled; ui acls disabled; users  with view permissions: Set(spark); groups with view permissions: Set(); users  with modify permissions: Set(spark); groups with modify permissions: Set()","logger":"airflow.task.hooks.airflow.providers.standard.hooks.subprocess.SubprocessHook"}
{"timestamp":"2025-07-04T16:08:18.060913","level":"info","event":"25/07/04 16:08:18 INFO Utils: Successfully started service 'sparkDriver' on port 38325.","logger":"airflow.task.hooks.airflow.providers.standard.hooks.subprocess.SubprocessHook"}
{"timestamp":"2025-07-04T16:08:18.091734","level":"info","event":"25/07/04 16:08:18 INFO SparkEnv: Registering MapOutputTracker","logger":"airflow.task.hooks.airflow.providers.standard.hooks.subprocess.SubprocessHook"}
{"timestamp":"2025-07-04T16:08:18.124354","level":"info","event":"25/07/04 16:08:18 INFO SparkEnv: Registering BlockManagerMaster","logger":"airflow.task.hooks.airflow.providers.standard.hooks.subprocess.SubprocessHook"}
{"timestamp":"2025-07-04T16:08:18.145555","level":"info","event":"25/07/04 16:08:18 INFO BlockManagerMasterEndpoint: Using org.apache.spark.storage.DefaultTopologyMapper for getting topology information","logger":"airflow.task.hooks.airflow.providers.standard.hooks.subprocess.SubprocessHook"}
{"timestamp":"2025-07-04T16:08:18.145878","level":"info","event":"25/07/04 16:08:18 INFO BlockManagerMasterEndpoint: BlockManagerMasterEndpoint up","logger":"airflow.task.hooks.airflow.providers.standard.hooks.subprocess.SubprocessHook"}
{"timestamp":"2025-07-04T16:08:18.150026","level":"info","event":"25/07/04 16:08:18 INFO SparkEnv: Registering BlockManagerMasterHeartbeat","logger":"airflow.task.hooks.airflow.providers.standard.hooks.subprocess.SubprocessHook"}
{"timestamp":"2025-07-04T16:08:18.163991","level":"info","event":"25/07/04 16:08:18 INFO DiskBlockManager: Created local directory at /tmp/blockmgr-2ea319df-e700-4555-9e22-40e6d88e16aa","logger":"airflow.task.hooks.airflow.providers.standard.hooks.subprocess.SubprocessHook"}
{"timestamp":"2025-07-04T16:08:18.182794","level":"info","event":"25/07/04 16:08:18 INFO MemoryStore: MemoryStore started with capacity 366.3 MiB","logger":"airflow.task.hooks.airflow.providers.standard.hooks.subprocess.SubprocessHook"}
{"timestamp":"2025-07-04T16:08:18.200102","level":"info","event":"25/07/04 16:08:18 INFO SparkEnv: Registering OutputCommitCoordinator","logger":"airflow.task.hooks.airflow.providers.standard.hooks.subprocess.SubprocessHook"}
{"timestamp":"2025-07-04T16:08:18.406388","level":"info","event":"25/07/04 16:08:18 INFO Utils: Successfully started service 'SparkUI' on port 4040.","logger":"airflow.task.hooks.airflow.providers.standard.hooks.subprocess.SubprocessHook"}
{"timestamp":"2025-07-04T16:08:18.459633","level":"info","event":"25/07/04 16:08:18 INFO SparkUI: Bound SparkUI to 0.0.0.0, and started at http://140fb6801c8d:4040","logger":"airflow.task.hooks.airflow.providers.standard.hooks.subprocess.SubprocessHook"}
{"timestamp":"2025-07-04T16:08:18.478712","level":"info","event":"25/07/04 16:08:18 INFO SparkContext: Added JAR /opt/bitnami/spark/jars/postgresql-42.7.7.jar at spark://140fb6801c8d:38325/jars/postgresql-42.7.7.jar with timestamp 1751645297686","logger":"airflow.task.hooks.airflow.providers.standard.hooks.subprocess.SubprocessHook"}
{"timestamp":"2025-07-04T16:08:18.644167","level":"info","event":"25/07/04 16:08:18 INFO StandaloneAppClient$ClientEndpoint: Connecting to master spark://spark-master:7077...","logger":"airflow.task.hooks.airflow.providers.standard.hooks.subprocess.SubprocessHook"}
{"timestamp":"2025-07-04T16:08:18.688727","level":"info","event":"25/07/04 16:08:18 INFO TransportClientFactory: Successfully created connection to spark-master/172.21.0.4:7077 after 25 ms (0 ms spent in bootstraps)","logger":"airflow.task.hooks.airflow.providers.standard.hooks.subprocess.SubprocessHook"}
{"timestamp":"2025-07-04T16:08:18.773954","level":"info","event":"25/07/04 16:08:18 INFO StandaloneSchedulerBackend: Connected to Spark cluster with app ID app-20250704160818-0005","logger":"airflow.task.hooks.airflow.providers.standard.hooks.subprocess.SubprocessHook"}
{"timestamp":"2025-07-04T16:08:18.775514","level":"info","event":"25/07/04 16:08:18 INFO StandaloneAppClient$ClientEndpoint: Executor added: app-20250704160818-0005/0 on worker-20250704155436-172.21.0.6-44607 (172.21.0.6:44607) with 12 core(s)","logger":"airflow.task.hooks.airflow.providers.standard.hooks.subprocess.SubprocessHook"}
{"timestamp":"2025-07-04T16:08:18.776971","level":"info","event":"25/07/04 16:08:18 INFO StandaloneSchedulerBackend: Granted executor ID app-20250704160818-0005/0 on hostPort 172.21.0.6:44607 with 12 core(s), 1024.0 MiB RAM","logger":"airflow.task.hooks.airflow.providers.standard.hooks.subprocess.SubprocessHook"}
{"timestamp":"2025-07-04T16:08:18.782359","level":"info","event":"25/07/04 16:08:18 INFO Utils: Successfully started service 'org.apache.spark.network.netty.NettyBlockTransferService' on port 46173.","logger":"airflow.task.hooks.airflow.providers.standard.hooks.subprocess.SubprocessHook"}
{"timestamp":"2025-07-04T16:08:18.782577","level":"info","event":"25/07/04 16:08:18 INFO NettyBlockTransferService: Server created on 140fb6801c8d:46173","logger":"airflow.task.hooks.airflow.providers.standard.hooks.subprocess.SubprocessHook"}
{"timestamp":"2025-07-04T16:08:18.784126","level":"info","event":"25/07/04 16:08:18 INFO BlockManager: Using org.apache.spark.storage.RandomBlockReplicationPolicy for block replication policy","logger":"airflow.task.hooks.airflow.providers.standard.hooks.subprocess.SubprocessHook"}
{"timestamp":"2025-07-04T16:08:18.792599","level":"info","event":"25/07/04 16:08:18 INFO BlockManagerMaster: Registering BlockManager BlockManagerId(driver, 140fb6801c8d, 46173, None)","logger":"airflow.task.hooks.airflow.providers.standard.hooks.subprocess.SubprocessHook"}
{"timestamp":"2025-07-04T16:08:18.796333","level":"info","event":"25/07/04 16:08:18 INFO BlockManagerMasterEndpoint: Registering block manager 140fb6801c8d:46173 with 366.3 MiB RAM, BlockManagerId(driver, 140fb6801c8d, 46173, None)","logger":"airflow.task.hooks.airflow.providers.standard.hooks.subprocess.SubprocessHook"}
{"timestamp":"2025-07-04T16:08:18.799076","level":"info","event":"25/07/04 16:08:18 INFO BlockManagerMaster: Registered BlockManager BlockManagerId(driver, 140fb6801c8d, 46173, None)","logger":"airflow.task.hooks.airflow.providers.standard.hooks.subprocess.SubprocessHook"}
{"timestamp":"2025-07-04T16:08:18.800123","level":"info","event":"25/07/04 16:08:18 INFO BlockManager: Initialized BlockManager: BlockManagerId(driver, 140fb6801c8d, 46173, None)","logger":"airflow.task.hooks.airflow.providers.standard.hooks.subprocess.SubprocessHook"}
{"timestamp":"2025-07-04T16:08:18.803525","level":"info","event":"25/07/04 16:08:18 INFO StandaloneAppClient$ClientEndpoint: Executor updated: app-20250704160818-0005/0 is now RUNNING","logger":"airflow.task.hooks.airflow.providers.standard.hooks.subprocess.SubprocessHook"}
{"timestamp":"2025-07-04T16:08:18.976790","level":"info","event":"25/07/04 16:08:18 INFO StandaloneSchedulerBackend: SchedulerBackend is ready for scheduling beginning after reached minRegisteredResourcesRatio: 0.0","logger":"airflow.task.hooks.airflow.providers.standard.hooks.subprocess.SubprocessHook"}
{"timestamp":"2025-07-04T16:08:19.231697","level":"info","event":"25/07/04 16:08:19 INFO SharedState: Setting hive.metastore.warehouse.dir ('null') to the value of spark.sql.warehouse.dir ('file:/opt/bitnami/spark/spark-warehouse').","logger":"airflow.task.hooks.airflow.providers.standard.hooks.subprocess.SubprocessHook"}
{"timestamp":"2025-07-04T16:08:19.232002","level":"info","event":"25/07/04 16:08:19 INFO SharedState: Warehouse path is 'file:/opt/bitnami/spark/spark-warehouse'.","logger":"airflow.task.hooks.airflow.providers.standard.hooks.subprocess.SubprocessHook"}
{"timestamp":"2025-07-04T16:08:20.391568","level":"info","event":"25/07/04 16:08:20 INFO InMemoryFileIndex: It took 50 ms to list leaf files for 1 paths.","logger":"airflow.task.hooks.airflow.providers.standard.hooks.subprocess.SubprocessHook"}
{"timestamp":"2025-07-04T16:08:20.444207","level":"info","event":"25/07/04 16:08:20 INFO InMemoryFileIndex: It took 4 ms to list leaf files for 1 paths.","logger":"airflow.task.hooks.airflow.providers.standard.hooks.subprocess.SubprocessHook"}
{"timestamp":"2025-07-04T16:08:20.530888","level":"info","event":"25/07/04 16:08:20 INFO CoarseGrainedSchedulerBackend$DriverEndpoint: Registered executor NettyRpcEndpointRef(spark-client://Executor) (172.21.0.6:38796) with ID 0,  ResourceProfileId 0","logger":"airflow.task.hooks.airflow.providers.standard.hooks.subprocess.SubprocessHook"}
{"timestamp":"2025-07-04T16:08:20.625589","level":"info","event":"25/07/04 16:08:20 INFO BlockManagerMasterEndpoint: Registering block manager 172.21.0.6:38049 with 366.3 MiB RAM, BlockManagerId(0, 172.21.0.6, 38049, None)","logger":"airflow.task.hooks.airflow.providers.standard.hooks.subprocess.SubprocessHook"}
{"timestamp":"2025-07-04T16:08:22.200236","level":"info","event":"25/07/04 16:08:22 INFO FileSourceStrategy: Pushed Filters:","logger":"airflow.task.hooks.airflow.providers.standard.hooks.subprocess.SubprocessHook"}
{"timestamp":"2025-07-04T16:08:22.204227","level":"info","event":"25/07/04 16:08:22 INFO FileSourceStrategy: Post-Scan Filters: (length(trim(value#0, None)) > 0)","logger":"airflow.task.hooks.airflow.providers.standard.hooks.subprocess.SubprocessHook"}
{"timestamp":"2025-07-04T16:08:22.208708","level":"info","event":"25/07/04 16:08:22 INFO FileSourceStrategy: Output Data Schema: struct<value: string>","logger":"airflow.task.hooks.airflow.providers.standard.hooks.subprocess.SubprocessHook"}
{"timestamp":"2025-07-04T16:08:22.932390","level":"info","event":"25/07/04 16:08:22 INFO CodeGenerator: Code generated in 264.792829 ms","logger":"airflow.task.hooks.airflow.providers.standard.hooks.subprocess.SubprocessHook"}
{"timestamp":"2025-07-04T16:08:22.989402","level":"info","event":"25/07/04 16:08:22 INFO MemoryStore: Block broadcast_0 stored as values in memory (estimated size 304.3 KiB, free 366.0 MiB)","logger":"airflow.task.hooks.airflow.providers.standard.hooks.subprocess.SubprocessHook"}
{"timestamp":"2025-07-04T16:08:23.039935","level":"info","event":"25/07/04 16:08:23 INFO MemoryStore: Block broadcast_0_piece0 stored as bytes in memory (estimated size 27.6 KiB, free 366.0 MiB)","logger":"airflow.task.hooks.airflow.providers.standard.hooks.subprocess.SubprocessHook"}
{"timestamp":"2025-07-04T16:08:23.042365","level":"info","event":"25/07/04 16:08:23 INFO BlockManagerInfo: Added broadcast_0_piece0 in memory on 140fb6801c8d:46173 (size: 27.6 KiB, free: 366.3 MiB)","logger":"airflow.task.hooks.airflow.providers.standard.hooks.subprocess.SubprocessHook"}
{"timestamp":"2025-07-04T16:08:23.045017","level":"info","event":"25/07/04 16:08:23 INFO SparkContext: Created broadcast 0 from csv at NativeMethodAccessorImpl.java:0","logger":"airflow.task.hooks.airflow.providers.standard.hooks.subprocess.SubprocessHook"}
{"timestamp":"2025-07-04T16:08:23.053395","level":"info","event":"25/07/04 16:08:23 INFO FileSourceScanExec: Planning scan with bin packing, max size: 4194304 bytes, open cost is considered as scanning 4194304 bytes.","logger":"airflow.task.hooks.airflow.providers.standard.hooks.subprocess.SubprocessHook"}
{"timestamp":"2025-07-04T16:08:23.150967","level":"info","event":"25/07/04 16:08:23 INFO SparkContext: Starting job: csv at NativeMethodAccessorImpl.java:0","logger":"airflow.task.hooks.airflow.providers.standard.hooks.subprocess.SubprocessHook"}
{"timestamp":"2025-07-04T16:08:23.167373","level":"info","event":"25/07/04 16:08:23 INFO DAGScheduler: Got job 0 (csv at NativeMethodAccessorImpl.java:0) with 1 output partitions","logger":"airflow.task.hooks.airflow.providers.standard.hooks.subprocess.SubprocessHook"}
{"timestamp":"2025-07-04T16:08:23.167589","level":"info","event":"25/07/04 16:08:23 INFO DAGScheduler: Final stage: ResultStage 0 (csv at NativeMethodAccessorImpl.java:0)","logger":"airflow.task.hooks.airflow.providers.standard.hooks.subprocess.SubprocessHook"}
{"timestamp":"2025-07-04T16:08:23.167835","level":"info","event":"25/07/04 16:08:23 INFO DAGScheduler: Parents of final stage: List()","logger":"airflow.task.hooks.airflow.providers.standard.hooks.subprocess.SubprocessHook"}
{"timestamp":"2025-07-04T16:08:23.169944","level":"info","event":"25/07/04 16:08:23 INFO DAGScheduler: Missing parents: List()","logger":"airflow.task.hooks.airflow.providers.standard.hooks.subprocess.SubprocessHook"}
{"timestamp":"2025-07-04T16:08:23.175696","level":"info","event":"25/07/04 16:08:23 INFO DAGScheduler: Submitting ResultStage 0 (MapPartitionsRDD[3] at csv at NativeMethodAccessorImpl.java:0), which has no missing parents","logger":"airflow.task.hooks.airflow.providers.standard.hooks.subprocess.SubprocessHook"}
{"timestamp":"2025-07-04T16:08:23.247238","level":"info","event":"25/07/04 16:08:23 INFO MemoryStore: Block broadcast_1 stored as values in memory (estimated size 10.8 KiB, free 366.0 MiB)","logger":"airflow.task.hooks.airflow.providers.standard.hooks.subprocess.SubprocessHook"}
{"timestamp":"2025-07-04T16:08:23.250619","level":"info","event":"25/07/04 16:08:23 INFO MemoryStore: Block broadcast_1_piece0 stored as bytes in memory (estimated size 5.4 KiB, free 366.0 MiB)","logger":"airflow.task.hooks.airflow.providers.standard.hooks.subprocess.SubprocessHook"}
{"timestamp":"2025-07-04T16:08:23.251096","level":"info","event":"25/07/04 16:08:23 INFO BlockManagerInfo: Added broadcast_1_piece0 in memory on 140fb6801c8d:46173 (size: 5.4 KiB, free: 366.3 MiB)","logger":"airflow.task.hooks.airflow.providers.standard.hooks.subprocess.SubprocessHook"}
{"timestamp":"2025-07-04T16:08:23.251835","level":"info","event":"25/07/04 16:08:23 INFO SparkContext: Created broadcast 1 from broadcast at DAGScheduler.scala:1383","logger":"airflow.task.hooks.airflow.providers.standard.hooks.subprocess.SubprocessHook"}
{"timestamp":"2025-07-04T16:08:23.267445","level":"info","event":"25/07/04 16:08:23 INFO DAGScheduler: Submitting 1 missing tasks from ResultStage 0 (MapPartitionsRDD[3] at csv at NativeMethodAccessorImpl.java:0) (first 15 tasks are for partitions Vector(0))","logger":"airflow.task.hooks.airflow.providers.standard.hooks.subprocess.SubprocessHook"}
{"timestamp":"2025-07-04T16:08:23.267969","level":"info","event":"25/07/04 16:08:23 INFO TaskSchedulerImpl: Adding task set 0.0 with 1 tasks resource profile 0","logger":"airflow.task.hooks.airflow.providers.standard.hooks.subprocess.SubprocessHook"}
{"timestamp":"2025-07-04T16:08:23.305827","level":"info","event":"25/07/04 16:08:23 INFO TaskSetManager: Starting task 0.0 in stage 0.0 (TID 0) (172.21.0.6, executor 0, partition 0, ANY, 4876 bytes) taskResourceAssignments Map()","logger":"airflow.task.hooks.airflow.providers.standard.hooks.subprocess.SubprocessHook"}
{"timestamp":"2025-07-04T16:08:23.578118","level":"info","event":"25/07/04 16:08:23 INFO BlockManagerInfo: Added broadcast_1_piece0 in memory on 172.21.0.6:38049 (size: 5.4 KiB, free: 366.3 MiB)","logger":"airflow.task.hooks.airflow.providers.standard.hooks.subprocess.SubprocessHook"}
{"timestamp":"2025-07-04T16:08:24.511654","level":"info","event":"25/07/04 16:08:24 INFO BlockManagerInfo: Added broadcast_0_piece0 in memory on 172.21.0.6:38049 (size: 27.6 KiB, free: 366.3 MiB)","logger":"airflow.task.hooks.airflow.providers.standard.hooks.subprocess.SubprocessHook"}
{"timestamp":"2025-07-04T16:08:25.222461","level":"info","event":"25/07/04 16:08:25 INFO TaskSetManager: Finished task 0.0 in stage 0.0 (TID 0) in 1927 ms on 172.21.0.6 (executor 0) (1/1)","logger":"airflow.task.hooks.airflow.providers.standard.hooks.subprocess.SubprocessHook"}
{"timestamp":"2025-07-04T16:08:25.224249","level":"info","event":"25/07/04 16:08:25 INFO TaskSchedulerImpl: Removed TaskSet 0.0, whose tasks have all completed, from pool","logger":"airflow.task.hooks.airflow.providers.standard.hooks.subprocess.SubprocessHook"}
{"timestamp":"2025-07-04T16:08:25.229413","level":"info","event":"25/07/04 16:08:25 INFO DAGScheduler: ResultStage 0 (csv at NativeMethodAccessorImpl.java:0) finished in 2.035 s","logger":"airflow.task.hooks.airflow.providers.standard.hooks.subprocess.SubprocessHook"}
{"timestamp":"2025-07-04T16:08:25.232382","level":"info","event":"25/07/04 16:08:25 INFO DAGScheduler: Job 0 is finished. Cancelling potential speculative or zombie tasks for this job","logger":"airflow.task.hooks.airflow.providers.standard.hooks.subprocess.SubprocessHook"}
{"timestamp":"2025-07-04T16:08:25.232533","level":"info","event":"25/07/04 16:08:25 INFO TaskSchedulerImpl: Killing all running tasks in stage 0: Stage finished","logger":"airflow.task.hooks.airflow.providers.standard.hooks.subprocess.SubprocessHook"}
{"timestamp":"2025-07-04T16:08:25.234879","level":"info","event":"25/07/04 16:08:25 INFO DAGScheduler: Job 0 finished: csv at NativeMethodAccessorImpl.java:0, took 2.083267 s","logger":"airflow.task.hooks.airflow.providers.standard.hooks.subprocess.SubprocessHook"}
{"timestamp":"2025-07-04T16:08:25.257454","level":"info","event":"25/07/04 16:08:25 INFO CodeGenerator: Code generated in 12.749599 ms","logger":"airflow.task.hooks.airflow.providers.standard.hooks.subprocess.SubprocessHook"}
{"timestamp":"2025-07-04T16:08:25.318220","level":"info","event":"25/07/04 16:08:25 INFO FileSourceStrategy: Pushed Filters:","logger":"airflow.task.hooks.airflow.providers.standard.hooks.subprocess.SubprocessHook"}
{"timestamp":"2025-07-04T16:08:25.318426","level":"info","event":"25/07/04 16:08:25 INFO FileSourceStrategy: Post-Scan Filters:","logger":"airflow.task.hooks.airflow.providers.standard.hooks.subprocess.SubprocessHook"}
{"timestamp":"2025-07-04T16:08:25.318506","level":"info","event":"25/07/04 16:08:25 INFO FileSourceStrategy: Output Data Schema: struct<value: string>","logger":"airflow.task.hooks.airflow.providers.standard.hooks.subprocess.SubprocessHook"}
{"timestamp":"2025-07-04T16:08:25.324911","level":"info","event":"25/07/04 16:08:25 INFO MemoryStore: Block broadcast_2 stored as values in memory (estimated size 304.3 KiB, free 365.7 MiB)","logger":"airflow.task.hooks.airflow.providers.standard.hooks.subprocess.SubprocessHook"}
{"timestamp":"2025-07-04T16:08:25.331825","level":"info","event":"25/07/04 16:08:25 INFO MemoryStore: Block broadcast_2_piece0 stored as bytes in memory (estimated size 27.6 KiB, free 365.6 MiB)","logger":"airflow.task.hooks.airflow.providers.standard.hooks.subprocess.SubprocessHook"}
{"timestamp":"2025-07-04T16:08:25.332487","level":"info","event":"25/07/04 16:08:25 INFO BlockManagerInfo: Added broadcast_2_piece0 in memory on 140fb6801c8d:46173 (size: 27.6 KiB, free: 366.2 MiB)","logger":"airflow.task.hooks.airflow.providers.standard.hooks.subprocess.SubprocessHook"}
{"timestamp":"2025-07-04T16:08:25.333230","level":"info","event":"25/07/04 16:08:25 INFO SparkContext: Created broadcast 2 from csv at NativeMethodAccessorImpl.java:0","logger":"airflow.task.hooks.airflow.providers.standard.hooks.subprocess.SubprocessHook"}
{"timestamp":"2025-07-04T16:08:25.333987","level":"info","event":"25/07/04 16:08:25 INFO FileSourceScanExec: Planning scan with bin packing, max size: 4194304 bytes, open cost is considered as scanning 4194304 bytes.","logger":"airflow.task.hooks.airflow.providers.standard.hooks.subprocess.SubprocessHook"}
{"timestamp":"2025-07-04T16:08:25.395064","level":"info","event":"25/07/04 16:08:25 INFO SparkContext: Starting job: csv at NativeMethodAccessorImpl.java:0","logger":"airflow.task.hooks.airflow.providers.standard.hooks.subprocess.SubprocessHook"}
{"timestamp":"2025-07-04T16:08:25.396882","level":"info","event":"25/07/04 16:08:25 INFO DAGScheduler: Got job 1 (csv at NativeMethodAccessorImpl.java:0) with 1 output partitions","logger":"airflow.task.hooks.airflow.providers.standard.hooks.subprocess.SubprocessHook"}
{"timestamp":"2025-07-04T16:08:25.397123","level":"info","event":"25/07/04 16:08:25 INFO DAGScheduler: Final stage: ResultStage 1 (csv at NativeMethodAccessorImpl.java:0)","logger":"airflow.task.hooks.airflow.providers.standard.hooks.subprocess.SubprocessHook"}
{"timestamp":"2025-07-04T16:08:25.397206","level":"info","event":"25/07/04 16:08:25 INFO DAGScheduler: Parents of final stage: List()","logger":"airflow.task.hooks.airflow.providers.standard.hooks.subprocess.SubprocessHook"}
{"timestamp":"2025-07-04T16:08:25.397277","level":"info","event":"25/07/04 16:08:25 INFO DAGScheduler: Missing parents: List()","logger":"airflow.task.hooks.airflow.providers.standard.hooks.subprocess.SubprocessHook"}
{"timestamp":"2025-07-04T16:08:25.397838","level":"info","event":"25/07/04 16:08:25 INFO DAGScheduler: Submitting ResultStage 1 (MapPartitionsRDD[9] at csv at NativeMethodAccessorImpl.java:0), which has no missing parents","logger":"airflow.task.hooks.airflow.providers.standard.hooks.subprocess.SubprocessHook"}
{"timestamp":"2025-07-04T16:08:25.421303","level":"info","event":"25/07/04 16:08:25 INFO MemoryStore: Block broadcast_3 stored as values in memory (estimated size 16.0 KiB, free 365.6 MiB)","logger":"airflow.task.hooks.airflow.providers.standard.hooks.subprocess.SubprocessHook"}
{"timestamp":"2025-07-04T16:08:25.424106","level":"info","event":"25/07/04 16:08:25 INFO MemoryStore: Block broadcast_3_piece0 stored as bytes in memory (estimated size 8.1 KiB, free 365.6 MiB)","logger":"airflow.task.hooks.airflow.providers.standard.hooks.subprocess.SubprocessHook"}
{"timestamp":"2025-07-04T16:08:25.424328","level":"info","event":"25/07/04 16:08:25 INFO BlockManagerInfo: Added broadcast_3_piece0 in memory on 140fb6801c8d:46173 (size: 8.1 KiB, free: 366.2 MiB)","logger":"airflow.task.hooks.airflow.providers.standard.hooks.subprocess.SubprocessHook"}
{"timestamp":"2025-07-04T16:08:25.424652","level":"info","event":"25/07/04 16:08:25 INFO SparkContext: Created broadcast 3 from broadcast at DAGScheduler.scala:1383","logger":"airflow.task.hooks.airflow.providers.standard.hooks.subprocess.SubprocessHook"}
{"timestamp":"2025-07-04T16:08:25.425324","level":"info","event":"25/07/04 16:08:25 INFO DAGScheduler: Submitting 1 missing tasks from ResultStage 1 (MapPartitionsRDD[9] at csv at NativeMethodAccessorImpl.java:0) (first 15 tasks are for partitions Vector(0))","logger":"airflow.task.hooks.airflow.providers.standard.hooks.subprocess.SubprocessHook"}
{"timestamp":"2025-07-04T16:08:25.425431","level":"info","event":"25/07/04 16:08:25 INFO TaskSchedulerImpl: Adding task set 1.0 with 1 tasks resource profile 0","logger":"airflow.task.hooks.airflow.providers.standard.hooks.subprocess.SubprocessHook"}
{"timestamp":"2025-07-04T16:08:25.427781","level":"info","event":"25/07/04 16:08:25 INFO TaskSetManager: Starting task 0.0 in stage 1.0 (TID 1) (172.21.0.6, executor 0, partition 0, ANY, 4876 bytes) taskResourceAssignments Map()","logger":"airflow.task.hooks.airflow.providers.standard.hooks.subprocess.SubprocessHook"}
{"timestamp":"2025-07-04T16:08:25.455499","level":"info","event":"25/07/04 16:08:25 INFO BlockManagerInfo: Added broadcast_3_piece0 in memory on 172.21.0.6:38049 (size: 8.1 KiB, free: 366.3 MiB)","logger":"airflow.task.hooks.airflow.providers.standard.hooks.subprocess.SubprocessHook"}
{"timestamp":"2025-07-04T16:08:26.575987","level":"info","event":"25/07/04 16:08:26 INFO BlockManagerInfo: Added broadcast_2_piece0 in memory on 172.21.0.6:38049 (size: 27.6 KiB, free: 366.2 MiB)","logger":"airflow.task.hooks.airflow.providers.standard.hooks.subprocess.SubprocessHook"}
{"timestamp":"2025-07-04T16:08:26.776835","level":"info","event":"25/07/04 16:08:26 INFO TaskSetManager: Finished task 0.0 in stage 1.0 (TID 1) in 1350 ms on 172.21.0.6 (executor 0) (1/1)","logger":"airflow.task.hooks.airflow.providers.standard.hooks.subprocess.SubprocessHook"}
{"timestamp":"2025-07-04T16:08:26.777022","level":"info","event":"25/07/04 16:08:26 INFO TaskSchedulerImpl: Removed TaskSet 1.0, whose tasks have all completed, from pool","logger":"airflow.task.hooks.airflow.providers.standard.hooks.subprocess.SubprocessHook"}
{"timestamp":"2025-07-04T16:08:26.779371","level":"info","event":"25/07/04 16:08:26 INFO DAGScheduler: ResultStage 1 (csv at NativeMethodAccessorImpl.java:0) finished in 1.378 s","logger":"airflow.task.hooks.airflow.providers.standard.hooks.subprocess.SubprocessHook"}
{"timestamp":"2025-07-04T16:08:26.779553","level":"info","event":"25/07/04 16:08:26 INFO DAGScheduler: Job 1 is finished. Cancelling potential speculative or zombie tasks for this job","logger":"airflow.task.hooks.airflow.providers.standard.hooks.subprocess.SubprocessHook"}
{"timestamp":"2025-07-04T16:08:26.779630","level":"info","event":"25/07/04 16:08:26 INFO TaskSchedulerImpl: Killing all running tasks in stage 1: Stage finished","logger":"airflow.task.hooks.airflow.providers.standard.hooks.subprocess.SubprocessHook"}
{"timestamp":"2025-07-04T16:08:26.780832","level":"info","event":"25/07/04 16:08:26 INFO DAGScheduler: Job 1 finished: csv at NativeMethodAccessorImpl.java:0, took 1.384570 s","logger":"airflow.task.hooks.airflow.providers.standard.hooks.subprocess.SubprocessHook"}
{"timestamp":"2025-07-04T16:08:27.310706","level":"info","event":"25/07/04 16:08:27 INFO FileSourceStrategy: Pushed Filters:","logger":"airflow.task.hooks.airflow.providers.standard.hooks.subprocess.SubprocessHook"}
{"timestamp":"2025-07-04T16:08:27.310900","level":"info","event":"25/07/04 16:08:27 INFO FileSourceStrategy: Post-Scan Filters:","logger":"airflow.task.hooks.airflow.providers.standard.hooks.subprocess.SubprocessHook"}
{"timestamp":"2025-07-04T16:08:27.310980","level":"info","event":"25/07/04 16:08:27 INFO FileSourceStrategy: Output Data Schema: struct<TotalCharges: string>","logger":"airflow.task.hooks.airflow.providers.standard.hooks.subprocess.SubprocessHook"}
{"timestamp":"2025-07-04T16:08:27.346179","level":"info","event":"25/07/04 16:08:27 INFO CodeGenerator: Code generated in 15.088289 ms","logger":"airflow.task.hooks.airflow.providers.standard.hooks.subprocess.SubprocessHook"}
{"timestamp":"2025-07-04T16:08:27.350122","level":"info","event":"25/07/04 16:08:27 INFO MemoryStore: Block broadcast_4 stored as values in memory (estimated size 304.2 KiB, free 365.3 MiB)","logger":"airflow.task.hooks.airflow.providers.standard.hooks.subprocess.SubprocessHook"}
{"timestamp":"2025-07-04T16:08:27.356600","level":"info","event":"25/07/04 16:08:27 INFO MemoryStore: Block broadcast_4_piece0 stored as bytes in memory (estimated size 27.6 KiB, free 365.3 MiB)","logger":"airflow.task.hooks.airflow.providers.standard.hooks.subprocess.SubprocessHook"}
{"timestamp":"2025-07-04T16:08:27.356978","level":"info","event":"25/07/04 16:08:27 INFO BlockManagerInfo: Added broadcast_4_piece0 in memory on 140fb6801c8d:46173 (size: 27.6 KiB, free: 366.2 MiB)","logger":"airflow.task.hooks.airflow.providers.standard.hooks.subprocess.SubprocessHook"}
{"timestamp":"2025-07-04T16:08:27.357863","level":"info","event":"25/07/04 16:08:27 INFO SparkContext: Created broadcast 4 from approxQuantile at NativeMethodAccessorImpl.java:0","logger":"airflow.task.hooks.airflow.providers.standard.hooks.subprocess.SubprocessHook"}
{"timestamp":"2025-07-04T16:08:27.360729","level":"info","event":"25/07/04 16:08:27 INFO FileSourceScanExec: Planning scan with bin packing, max size: 4194304 bytes, open cost is considered as scanning 4194304 bytes.","logger":"airflow.task.hooks.airflow.providers.standard.hooks.subprocess.SubprocessHook"}
{"timestamp":"2025-07-04T16:08:27.385401","level":"info","event":"25/07/04 16:08:27 INFO SparkContext: Starting job: approxQuantile at NativeMethodAccessorImpl.java:0","logger":"airflow.task.hooks.airflow.providers.standard.hooks.subprocess.SubprocessHook"}
{"timestamp":"2025-07-04T16:08:27.386536","level":"info","event":"25/07/04 16:08:27 INFO DAGScheduler: Got job 2 (approxQuantile at NativeMethodAccessorImpl.java:0) with 1 output partitions","logger":"airflow.task.hooks.airflow.providers.standard.hooks.subprocess.SubprocessHook"}
{"timestamp":"2025-07-04T16:08:27.386720","level":"info","event":"25/07/04 16:08:27 INFO DAGScheduler: Final stage: ResultStage 2 (approxQuantile at NativeMethodAccessorImpl.java:0)","logger":"airflow.task.hooks.airflow.providers.standard.hooks.subprocess.SubprocessHook"}
{"timestamp":"2025-07-04T16:08:27.386806","level":"info","event":"25/07/04 16:08:27 INFO DAGScheduler: Parents of final stage: List()","logger":"airflow.task.hooks.airflow.providers.standard.hooks.subprocess.SubprocessHook"}
{"timestamp":"2025-07-04T16:08:27.386862","level":"info","event":"25/07/04 16:08:27 INFO DAGScheduler: Missing parents: List()","logger":"airflow.task.hooks.airflow.providers.standard.hooks.subprocess.SubprocessHook"}
{"timestamp":"2025-07-04T16:08:27.387846","level":"info","event":"25/07/04 16:08:27 INFO DAGScheduler: Submitting ResultStage 2 (MapPartitionsRDD[16] at approxQuantile at NativeMethodAccessorImpl.java:0), which has no missing parents","logger":"airflow.task.hooks.airflow.providers.standard.hooks.subprocess.SubprocessHook"}
{"timestamp":"2025-07-04T16:08:27.402533","level":"info","event":"25/07/04 16:08:27 INFO MemoryStore: Block broadcast_5 stored as values in memory (estimated size 20.3 KiB, free 365.3 MiB)","logger":"airflow.task.hooks.airflow.providers.standard.hooks.subprocess.SubprocessHook"}
{"timestamp":"2025-07-04T16:08:27.404377","level":"info","event":"25/07/04 16:08:27 INFO MemoryStore: Block broadcast_5_piece0 stored as bytes in memory (estimated size 9.8 KiB, free 365.3 MiB)","logger":"airflow.task.hooks.airflow.providers.standard.hooks.subprocess.SubprocessHook"}
{"timestamp":"2025-07-04T16:08:27.405278","level":"info","event":"25/07/04 16:08:27 INFO BlockManagerInfo: Added broadcast_5_piece0 in memory on 140fb6801c8d:46173 (size: 9.8 KiB, free: 366.2 MiB)","logger":"airflow.task.hooks.airflow.providers.standard.hooks.subprocess.SubprocessHook"}
{"timestamp":"2025-07-04T16:08:27.405633","level":"info","event":"25/07/04 16:08:27 INFO SparkContext: Created broadcast 5 from broadcast at DAGScheduler.scala:1383","logger":"airflow.task.hooks.airflow.providers.standard.hooks.subprocess.SubprocessHook"}
{"timestamp":"2025-07-04T16:08:27.406202","level":"info","event":"25/07/04 16:08:27 INFO DAGScheduler: Submitting 1 missing tasks from ResultStage 2 (MapPartitionsRDD[16] at approxQuantile at NativeMethodAccessorImpl.java:0) (first 15 tasks are for partitions Vector(0))","logger":"airflow.task.hooks.airflow.providers.standard.hooks.subprocess.SubprocessHook"}
{"timestamp":"2025-07-04T16:08:27.406305","level":"info","event":"25/07/04 16:08:27 INFO TaskSchedulerImpl: Adding task set 2.0 with 1 tasks resource profile 0","logger":"airflow.task.hooks.airflow.providers.standard.hooks.subprocess.SubprocessHook"}
{"timestamp":"2025-07-04T16:08:27.407985","level":"info","event":"25/07/04 16:08:27 INFO TaskSetManager: Starting task 0.0 in stage 2.0 (TID 2) (172.21.0.6, executor 0, partition 0, ANY, 4876 bytes) taskResourceAssignments Map()","logger":"airflow.task.hooks.airflow.providers.standard.hooks.subprocess.SubprocessHook"}
{"timestamp":"2025-07-04T16:08:27.419824","level":"info","event":"25/07/04 16:08:27 INFO BlockManagerInfo: Added broadcast_5_piece0 in memory on 172.21.0.6:38049 (size: 9.8 KiB, free: 366.2 MiB)","logger":"airflow.task.hooks.airflow.providers.standard.hooks.subprocess.SubprocessHook"}
{"timestamp":"2025-07-04T16:08:27.507811","level":"info","event":"25/07/04 16:08:27 INFO BlockManagerInfo: Added broadcast_4_piece0 in memory on 172.21.0.6:38049 (size: 27.6 KiB, free: 366.2 MiB)","logger":"airflow.task.hooks.airflow.providers.standard.hooks.subprocess.SubprocessHook"}
{"timestamp":"2025-07-04T16:08:27.653878","level":"info","event":"25/07/04 16:08:27 INFO TaskSetManager: Finished task 0.0 in stage 2.0 (TID 2) in 244 ms on 172.21.0.6 (executor 0) (1/1)","logger":"airflow.task.hooks.airflow.providers.standard.hooks.subprocess.SubprocessHook"}
{"timestamp":"2025-07-04T16:08:27.654105","level":"info","event":"25/07/04 16:08:27 INFO TaskSchedulerImpl: Removed TaskSet 2.0, whose tasks have all completed, from pool","logger":"airflow.task.hooks.airflow.providers.standard.hooks.subprocess.SubprocessHook"}
{"timestamp":"2025-07-04T16:08:27.658649","level":"info","event":"25/07/04 16:08:27 INFO DAGScheduler: ResultStage 2 (approxQuantile at NativeMethodAccessorImpl.java:0) finished in 0.263 s","logger":"airflow.task.hooks.airflow.providers.standard.hooks.subprocess.SubprocessHook"}
{"timestamp":"2025-07-04T16:08:27.658844","level":"info","event":"25/07/04 16:08:27 INFO DAGScheduler: Job 2 is finished. Cancelling potential speculative or zombie tasks for this job","logger":"airflow.task.hooks.airflow.providers.standard.hooks.subprocess.SubprocessHook"}
{"timestamp":"2025-07-04T16:08:27.658919","level":"info","event":"25/07/04 16:08:27 INFO TaskSchedulerImpl: Killing all running tasks in stage 2: Stage finished","logger":"airflow.task.hooks.airflow.providers.standard.hooks.subprocess.SubprocessHook"}
{"timestamp":"2025-07-04T16:08:27.658973","level":"info","event":"25/07/04 16:08:27 INFO DAGScheduler: Job 2 finished: approxQuantile at NativeMethodAccessorImpl.java:0, took 0.269538 s","logger":"airflow.task.hooks.airflow.providers.standard.hooks.subprocess.SubprocessHook"}
{"timestamp":"2025-07-04T16:08:27.769828","level":"info","event":"25/07/04 16:08:27 INFO FileSourceStrategy: Pushed Filters:","logger":"airflow.task.hooks.airflow.providers.standard.hooks.subprocess.SubprocessHook"}
{"timestamp":"2025-07-04T16:08:27.770829","level":"info","event":"25/07/04 16:08:27 INFO FileSourceStrategy: Post-Scan Filters: ((CASE WHEN isnull(cast(TotalCharges#35 as double)) THEN 0.0 ELSE cast(TotalCharges#35 as double) END < -3927.1499999999996) OR (CASE WHEN isnull(cast(TotalCharges#35 as double)) THEN 0.0 ELSE cast(TotalCharges#35 as double) END > 7662.049999999999))","logger":"airflow.task.hooks.airflow.providers.standard.hooks.subprocess.SubprocessHook"}
{"timestamp":"2025-07-04T16:08:27.771182","level":"info","event":"25/07/04 16:08:27 INFO FileSourceStrategy: Output Data Schema: struct<TotalCharges: string>","logger":"airflow.task.hooks.airflow.providers.standard.hooks.subprocess.SubprocessHook"}
{"timestamp":"2025-07-04T16:08:27.820509","level":"info","event":"25/07/04 16:08:27 INFO CodeGenerator: Code generated in 10.97848 ms","logger":"airflow.task.hooks.airflow.providers.standard.hooks.subprocess.SubprocessHook"}
{"timestamp":"2025-07-04T16:08:27.872504","level":"info","event":"25/07/04 16:08:27 INFO CodeGenerator: Code generated in 29.985591 ms","logger":"airflow.task.hooks.airflow.providers.standard.hooks.subprocess.SubprocessHook"}
{"timestamp":"2025-07-04T16:08:27.877901","level":"info","event":"25/07/04 16:08:27 INFO MemoryStore: Block broadcast_6 stored as values in memory (estimated size 304.2 KiB, free 365.0 MiB)","logger":"airflow.task.hooks.airflow.providers.standard.hooks.subprocess.SubprocessHook"}
{"timestamp":"2025-07-04T16:08:27.888154","level":"info","event":"25/07/04 16:08:27 INFO MemoryStore: Block broadcast_6_piece0 stored as bytes in memory (estimated size 27.6 KiB, free 364.9 MiB)","logger":"airflow.task.hooks.airflow.providers.standard.hooks.subprocess.SubprocessHook"}
{"timestamp":"2025-07-04T16:08:27.889153","level":"info","event":"25/07/04 16:08:27 INFO BlockManagerInfo: Added broadcast_6_piece0 in memory on 140fb6801c8d:46173 (size: 27.6 KiB, free: 366.2 MiB)","logger":"airflow.task.hooks.airflow.providers.standard.hooks.subprocess.SubprocessHook"}
{"timestamp":"2025-07-04T16:08:27.889670","level":"info","event":"25/07/04 16:08:27 INFO SparkContext: Created broadcast 6 from count at NativeMethodAccessorImpl.java:0","logger":"airflow.task.hooks.airflow.providers.standard.hooks.subprocess.SubprocessHook"}
{"timestamp":"2025-07-04T16:08:27.890619","level":"info","event":"25/07/04 16:08:27 INFO FileSourceScanExec: Planning scan with bin packing, max size: 4194304 bytes, open cost is considered as scanning 4194304 bytes.","logger":"airflow.task.hooks.airflow.providers.standard.hooks.subprocess.SubprocessHook"}
{"timestamp":"2025-07-04T16:08:27.931571","level":"info","event":"25/07/04 16:08:27 INFO SparkContext: Starting job: count at NativeMethodAccessorImpl.java:0","logger":"airflow.task.hooks.airflow.providers.standard.hooks.subprocess.SubprocessHook"}
{"timestamp":"2025-07-04T16:08:27.933885","level":"info","event":"25/07/04 16:08:27 INFO DAGScheduler: Registering RDD 20 (count at NativeMethodAccessorImpl.java:0) as input to shuffle 0","logger":"airflow.task.hooks.airflow.providers.standard.hooks.subprocess.SubprocessHook"}
{"timestamp":"2025-07-04T16:08:27.936248","level":"info","event":"25/07/04 16:08:27 INFO DAGScheduler: Got job 3 (count at NativeMethodAccessorImpl.java:0) with 1 output partitions","logger":"airflow.task.hooks.airflow.providers.standard.hooks.subprocess.SubprocessHook"}
{"timestamp":"2025-07-04T16:08:27.936440","level":"info","event":"25/07/04 16:08:27 INFO DAGScheduler: Final stage: ResultStage 4 (count at NativeMethodAccessorImpl.java:0)","logger":"airflow.task.hooks.airflow.providers.standard.hooks.subprocess.SubprocessHook"}
{"timestamp":"2025-07-04T16:08:27.936517","level":"info","event":"25/07/04 16:08:27 INFO DAGScheduler: Parents of final stage: List(ShuffleMapStage 3)","logger":"airflow.task.hooks.airflow.providers.standard.hooks.subprocess.SubprocessHook"}
{"timestamp":"2025-07-04T16:08:27.938005","level":"info","event":"25/07/04 16:08:27 INFO DAGScheduler: Missing parents: List(ShuffleMapStage 3)","logger":"airflow.task.hooks.airflow.providers.standard.hooks.subprocess.SubprocessHook"}
{"timestamp":"2025-07-04T16:08:27.939242","level":"info","event":"25/07/04 16:08:27 INFO DAGScheduler: Submitting ShuffleMapStage 3 (MapPartitionsRDD[20] at count at NativeMethodAccessorImpl.java:0), which has no missing parents","logger":"airflow.task.hooks.airflow.providers.standard.hooks.subprocess.SubprocessHook"}
{"timestamp":"2025-07-04T16:08:27.948350","level":"info","event":"25/07/04 16:08:27 INFO MemoryStore: Block broadcast_7 stored as values in memory (estimated size 19.7 KiB, free 364.9 MiB)","logger":"airflow.task.hooks.airflow.providers.standard.hooks.subprocess.SubprocessHook"}
{"timestamp":"2025-07-04T16:08:27.952406","level":"info","event":"25/07/04 16:08:27 INFO MemoryStore: Block broadcast_7_piece0 stored as bytes in memory (estimated size 9.3 KiB, free 364.9 MiB)","logger":"airflow.task.hooks.airflow.providers.standard.hooks.subprocess.SubprocessHook"}
{"timestamp":"2025-07-04T16:08:27.952860","level":"info","event":"25/07/04 16:08:27 INFO BlockManagerInfo: Added broadcast_7_piece0 in memory on 140fb6801c8d:46173 (size: 9.3 KiB, free: 366.2 MiB)","logger":"airflow.task.hooks.airflow.providers.standard.hooks.subprocess.SubprocessHook"}
{"timestamp":"2025-07-04T16:08:27.953384","level":"info","event":"25/07/04 16:08:27 INFO SparkContext: Created broadcast 7 from broadcast at DAGScheduler.scala:1383","logger":"airflow.task.hooks.airflow.providers.standard.hooks.subprocess.SubprocessHook"}
{"timestamp":"2025-07-04T16:08:27.955089","level":"info","event":"25/07/04 16:08:27 INFO DAGScheduler: Submitting 1 missing tasks from ShuffleMapStage 3 (MapPartitionsRDD[20] at count at NativeMethodAccessorImpl.java:0) (first 15 tasks are for partitions Vector(0))","logger":"airflow.task.hooks.airflow.providers.standard.hooks.subprocess.SubprocessHook"}
{"timestamp":"2025-07-04T16:08:27.955223","level":"info","event":"25/07/04 16:08:27 INFO TaskSchedulerImpl: Adding task set 3.0 with 1 tasks resource profile 0","logger":"airflow.task.hooks.airflow.providers.standard.hooks.subprocess.SubprocessHook"}
{"timestamp":"2025-07-04T16:08:27.957391","level":"info","event":"25/07/04 16:08:27 INFO TaskSetManager: Starting task 0.0 in stage 3.0 (TID 3) (172.21.0.6, executor 0, partition 0, ANY, 4865 bytes) taskResourceAssignments Map()","logger":"airflow.task.hooks.airflow.providers.standard.hooks.subprocess.SubprocessHook"}
{"timestamp":"2025-07-04T16:08:27.971686","level":"info","event":"25/07/04 16:08:27 INFO BlockManagerInfo: Added broadcast_7_piece0 in memory on 172.21.0.6:38049 (size: 9.3 KiB, free: 366.2 MiB)","logger":"airflow.task.hooks.airflow.providers.standard.hooks.subprocess.SubprocessHook"}
{"timestamp":"2025-07-04T16:08:28.041995","level":"info","event":"25/07/04 16:08:28 INFO BlockManagerInfo: Added broadcast_6_piece0 in memory on 172.21.0.6:38049 (size: 27.6 KiB, free: 366.2 MiB)","logger":"airflow.task.hooks.airflow.providers.standard.hooks.subprocess.SubprocessHook"}
{"timestamp":"2025-07-04T16:08:28.107960","level":"info","event":"25/07/04 16:08:28 INFO TaskSetManager: Finished task 0.0 in stage 3.0 (TID 3) in 151 ms on 172.21.0.6 (executor 0) (1/1)","logger":"airflow.task.hooks.airflow.providers.standard.hooks.subprocess.SubprocessHook"}
{"timestamp":"2025-07-04T16:08:28.108141","level":"info","event":"25/07/04 16:08:28 INFO TaskSchedulerImpl: Removed TaskSet 3.0, whose tasks have all completed, from pool","logger":"airflow.task.hooks.airflow.providers.standard.hooks.subprocess.SubprocessHook"}
{"timestamp":"2025-07-04T16:08:28.109348","level":"info","event":"25/07/04 16:08:28 INFO DAGScheduler: ShuffleMapStage 3 (count at NativeMethodAccessorImpl.java:0) finished in 0.167 s","logger":"airflow.task.hooks.airflow.providers.standard.hooks.subprocess.SubprocessHook"}
{"timestamp":"2025-07-04T16:08:28.109575","level":"info","event":"25/07/04 16:08:28 INFO DAGScheduler: looking for newly runnable stages","logger":"airflow.task.hooks.airflow.providers.standard.hooks.subprocess.SubprocessHook"}
{"timestamp":"2025-07-04T16:08:28.109972","level":"info","event":"25/07/04 16:08:28 INFO DAGScheduler: running: Set()","logger":"airflow.task.hooks.airflow.providers.standard.hooks.subprocess.SubprocessHook"}
{"timestamp":"2025-07-04T16:08:28.110178","level":"info","event":"25/07/04 16:08:28 INFO DAGScheduler: waiting: Set(ResultStage 4)","logger":"airflow.task.hooks.airflow.providers.standard.hooks.subprocess.SubprocessHook"}
{"timestamp":"2025-07-04T16:08:28.110304","level":"info","event":"25/07/04 16:08:28 INFO DAGScheduler: failed: Set()","logger":"airflow.task.hooks.airflow.providers.standard.hooks.subprocess.SubprocessHook"}
{"timestamp":"2025-07-04T16:08:28.112754","level":"info","event":"25/07/04 16:08:28 INFO DAGScheduler: Submitting ResultStage 4 (MapPartitionsRDD[23] at count at NativeMethodAccessorImpl.java:0), which has no missing parents","logger":"airflow.task.hooks.airflow.providers.standard.hooks.subprocess.SubprocessHook"}
{"timestamp":"2025-07-04T16:08:28.118822","level":"info","event":"25/07/04 16:08:28 INFO MemoryStore: Block broadcast_8 stored as values in memory (estimated size 10.1 KiB, free 364.9 MiB)","logger":"airflow.task.hooks.airflow.providers.standard.hooks.subprocess.SubprocessHook"}
{"timestamp":"2025-07-04T16:08:28.121770","level":"info","event":"25/07/04 16:08:28 INFO MemoryStore: Block broadcast_8_piece0 stored as bytes in memory (estimated size 5.0 KiB, free 364.9 MiB)","logger":"airflow.task.hooks.airflow.providers.standard.hooks.subprocess.SubprocessHook"}
{"timestamp":"2025-07-04T16:08:28.122266","level":"info","event":"25/07/04 16:08:28 INFO BlockManagerInfo: Added broadcast_8_piece0 in memory on 140fb6801c8d:46173 (size: 5.0 KiB, free: 366.2 MiB)","logger":"airflow.task.hooks.airflow.providers.standard.hooks.subprocess.SubprocessHook"}
{"timestamp":"2025-07-04T16:08:28.122641","level":"info","event":"25/07/04 16:08:28 INFO SparkContext: Created broadcast 8 from broadcast at DAGScheduler.scala:1383","logger":"airflow.task.hooks.airflow.providers.standard.hooks.subprocess.SubprocessHook"}
{"timestamp":"2025-07-04T16:08:28.123034","level":"info","event":"25/07/04 16:08:28 INFO DAGScheduler: Submitting 1 missing tasks from ResultStage 4 (MapPartitionsRDD[23] at count at NativeMethodAccessorImpl.java:0) (first 15 tasks are for partitions Vector(0))","logger":"airflow.task.hooks.airflow.providers.standard.hooks.subprocess.SubprocessHook"}
{"timestamp":"2025-07-04T16:08:28.123143","level":"info","event":"25/07/04 16:08:28 INFO TaskSchedulerImpl: Adding task set 4.0 with 1 tasks resource profile 0","logger":"airflow.task.hooks.airflow.providers.standard.hooks.subprocess.SubprocessHook"}
{"timestamp":"2025-07-04T16:08:28.126997","level":"info","event":"25/07/04 16:08:28 INFO TaskSetManager: Starting task 0.0 in stage 4.0 (TID 4) (172.21.0.6, executor 0, partition 0, NODE_LOCAL, 4457 bytes) taskResourceAssignments Map()","logger":"airflow.task.hooks.airflow.providers.standard.hooks.subprocess.SubprocessHook"}
{"timestamp":"2025-07-04T16:08:28.141831","level":"info","event":"25/07/04 16:08:28 INFO BlockManagerInfo: Added broadcast_8_piece0 in memory on 172.21.0.6:38049 (size: 5.0 KiB, free: 366.2 MiB)","logger":"airflow.task.hooks.airflow.providers.standard.hooks.subprocess.SubprocessHook"}
{"timestamp":"2025-07-04T16:08:28.155705","level":"info","event":"25/07/04 16:08:28 INFO MapOutputTrackerMasterEndpoint: Asked to send map output locations for shuffle 0 to 172.21.0.6:38796","logger":"airflow.task.hooks.airflow.providers.standard.hooks.subprocess.SubprocessHook"}
{"timestamp":"2025-07-04T16:08:28.222983","level":"info","event":"25/07/04 16:08:28 INFO BlockManagerInfo: Removed broadcast_3_piece0 on 140fb6801c8d:46173 in memory (size: 8.1 KiB, free: 366.2 MiB)","logger":"airflow.task.hooks.airflow.providers.standard.hooks.subprocess.SubprocessHook"}
{"timestamp":"2025-07-04T16:08:28.226628","level":"info","event":"25/07/04 16:08:28 INFO BlockManagerInfo: Removed broadcast_3_piece0 on 172.21.0.6:38049 in memory (size: 8.1 KiB, free: 366.2 MiB)","logger":"airflow.task.hooks.airflow.providers.standard.hooks.subprocess.SubprocessHook"}
{"timestamp":"2025-07-04T16:08:28.240969","level":"info","event":"25/07/04 16:08:28 INFO BlockManagerInfo: Removed broadcast_1_piece0 on 140fb6801c8d:46173 in memory (size: 5.4 KiB, free: 366.2 MiB)","logger":"airflow.task.hooks.airflow.providers.standard.hooks.subprocess.SubprocessHook"}
{"timestamp":"2025-07-04T16:08:28.244998","level":"info","event":"25/07/04 16:08:28 INFO BlockManagerInfo: Removed broadcast_1_piece0 on 172.21.0.6:38049 in memory (size: 5.4 KiB, free: 366.2 MiB)","logger":"airflow.task.hooks.airflow.providers.standard.hooks.subprocess.SubprocessHook"}
{"timestamp":"2025-07-04T16:08:28.253417","level":"info","event":"25/07/04 16:08:28 INFO BlockManagerInfo: Removed broadcast_5_piece0 on 140fb6801c8d:46173 in memory (size: 9.8 KiB, free: 366.2 MiB)","logger":"airflow.task.hooks.airflow.providers.standard.hooks.subprocess.SubprocessHook"}
{"timestamp":"2025-07-04T16:08:28.256635","level":"info","event":"25/07/04 16:08:28 INFO BlockManagerInfo: Removed broadcast_5_piece0 on 172.21.0.6:38049 in memory (size: 9.8 KiB, free: 366.2 MiB)","logger":"airflow.task.hooks.airflow.providers.standard.hooks.subprocess.SubprocessHook"}
{"timestamp":"2025-07-04T16:08:28.259614","level":"info","event":"25/07/04 16:08:28 INFO TaskSetManager: Finished task 0.0 in stage 4.0 (TID 4) in 133 ms on 172.21.0.6 (executor 0) (1/1)","logger":"airflow.task.hooks.airflow.providers.standard.hooks.subprocess.SubprocessHook"}
{"timestamp":"2025-07-04T16:08:28.259792","level":"info","event":"25/07/04 16:08:28 INFO TaskSchedulerImpl: Removed TaskSet 4.0, whose tasks have all completed, from pool","logger":"airflow.task.hooks.airflow.providers.standard.hooks.subprocess.SubprocessHook"}
{"timestamp":"2025-07-04T16:08:28.259876","level":"info","event":"25/07/04 16:08:28 INFO DAGScheduler: ResultStage 4 (count at NativeMethodAccessorImpl.java:0) finished in 0.141 s","logger":"airflow.task.hooks.airflow.providers.standard.hooks.subprocess.SubprocessHook"}
{"timestamp":"2025-07-04T16:08:28.259934","level":"info","event":"25/07/04 16:08:28 INFO DAGScheduler: Job 3 is finished. Cancelling potential speculative or zombie tasks for this job","logger":"airflow.task.hooks.airflow.providers.standard.hooks.subprocess.SubprocessHook"}
{"timestamp":"2025-07-04T16:08:28.259985","level":"info","event":"25/07/04 16:08:28 INFO TaskSchedulerImpl: Killing all running tasks in stage 4: Stage finished","logger":"airflow.task.hooks.airflow.providers.standard.hooks.subprocess.SubprocessHook"}
{"timestamp":"2025-07-04T16:08:28.260033","level":"info","event":"25/07/04 16:08:28 INFO DAGScheduler: Job 3 finished: count at NativeMethodAccessorImpl.java:0, took 0.327783 s","logger":"airflow.task.hooks.airflow.providers.standard.hooks.subprocess.SubprocessHook"}
{"timestamp":"2025-07-04T16:08:28.264818","level":"info","event":"Number of outliers in totalcharges: 154","logger":"airflow.task.hooks.airflow.providers.standard.hooks.subprocess.SubprocessHook"}
{"timestamp":"2025-07-04T16:08:28.266217","level":"info","event":"25/07/04 16:08:28 INFO BlockManagerInfo: Removed broadcast_4_piece0 on 140fb6801c8d:46173 in memory (size: 27.6 KiB, free: 366.2 MiB)","logger":"airflow.task.hooks.airflow.providers.standard.hooks.subprocess.SubprocessHook"}
{"timestamp":"2025-07-04T16:08:28.269533","level":"info","event":"25/07/04 16:08:28 INFO BlockManagerInfo: Removed broadcast_4_piece0 on 172.21.0.6:38049 in memory (size: 27.6 KiB, free: 366.2 MiB)","logger":"airflow.task.hooks.airflow.providers.standard.hooks.subprocess.SubprocessHook"}
{"timestamp":"2025-07-04T16:08:28.276839","level":"info","event":"25/07/04 16:08:28 INFO BlockManagerInfo: Removed broadcast_7_piece0 on 140fb6801c8d:46173 in memory (size: 9.3 KiB, free: 366.2 MiB)","logger":"airflow.task.hooks.airflow.providers.standard.hooks.subprocess.SubprocessHook"}
{"timestamp":"2025-07-04T16:08:28.279251","level":"info","event":"25/07/04 16:08:28 INFO BlockManagerInfo: Removed broadcast_7_piece0 on 172.21.0.6:38049 in memory (size: 9.3 KiB, free: 366.2 MiB)","logger":"airflow.task.hooks.airflow.providers.standard.hooks.subprocess.SubprocessHook"}
{"timestamp":"2025-07-04T16:08:28.369239","level":"info","event":"25/07/04 16:08:28 INFO FileSourceStrategy: Pushed Filters:","logger":"airflow.task.hooks.airflow.providers.standard.hooks.subprocess.SubprocessHook"}
{"timestamp":"2025-07-04T16:08:28.369429","level":"info","event":"25/07/04 16:08:28 INFO FileSourceStrategy: Post-Scan Filters:","logger":"airflow.task.hooks.airflow.providers.standard.hooks.subprocess.SubprocessHook"}
{"timestamp":"2025-07-04T16:08:28.370167","level":"info","event":"25/07/04 16:08:28 INFO FileSourceStrategy: Output Data Schema: struct<customerID: string, gender: string, SeniorCitizen: int, Partner: string, Dependents: string ... 19 more fields>","logger":"airflow.task.hooks.airflow.providers.standard.hooks.subprocess.SubprocessHook"}
{"timestamp":"2025-07-04T16:08:28.423221","level":"info","event":"25/07/04 16:08:28 INFO ParquetFileFormat: Using default output committer for Parquet: org.apache.parquet.hadoop.ParquetOutputCommitter","logger":"airflow.task.hooks.airflow.providers.standard.hooks.subprocess.SubprocessHook"}
{"timestamp":"2025-07-04T16:08:28.444405","level":"info","event":"25/07/04 16:08:28 INFO FileOutputCommitter: File Output Committer Algorithm version is 1","logger":"airflow.task.hooks.airflow.providers.standard.hooks.subprocess.SubprocessHook"}
{"timestamp":"2025-07-04T16:08:28.444622","level":"info","event":"25/07/04 16:08:28 INFO FileOutputCommitter: FileOutputCommitter skip cleanup _temporary folders under output directory:false, ignore cleanup failures: false","logger":"airflow.task.hooks.airflow.providers.standard.hooks.subprocess.SubprocessHook"}
{"timestamp":"2025-07-04T16:08:28.445256","level":"info","event":"25/07/04 16:08:28 INFO SQLHadoopMapReduceCommitProtocol: Using user defined output committer class org.apache.parquet.hadoop.ParquetOutputCommitter","logger":"airflow.task.hooks.airflow.providers.standard.hooks.subprocess.SubprocessHook"}
{"timestamp":"2025-07-04T16:08:28.445386","level":"info","event":"25/07/04 16:08:28 INFO FileOutputCommitter: File Output Committer Algorithm version is 1","logger":"airflow.task.hooks.airflow.providers.standard.hooks.subprocess.SubprocessHook"}
{"timestamp":"2025-07-04T16:08:28.445461","level":"info","event":"25/07/04 16:08:28 INFO FileOutputCommitter: FileOutputCommitter skip cleanup _temporary folders under output directory:false, ignore cleanup failures: false","logger":"airflow.task.hooks.airflow.providers.standard.hooks.subprocess.SubprocessHook"}
{"timestamp":"2025-07-04T16:08:28.446191","level":"info","event":"25/07/04 16:08:28 INFO SQLHadoopMapReduceCommitProtocol: Using output committer class org.apache.parquet.hadoop.ParquetOutputCommitter","logger":"airflow.task.hooks.airflow.providers.standard.hooks.subprocess.SubprocessHook"}
{"timestamp":"2025-07-04T16:08:28.509118","level":"info","event":"25/07/04 16:08:28 INFO CodeGenerator: Code generated in 35.568147 ms","logger":"airflow.task.hooks.airflow.providers.standard.hooks.subprocess.SubprocessHook"}
{"timestamp":"2025-07-04T16:08:28.511628","level":"info","event":"25/07/04 16:08:28 INFO MemoryStore: Block broadcast_9 stored as values in memory (estimated size 304.2 KiB, free 365.0 MiB)","logger":"airflow.task.hooks.airflow.providers.standard.hooks.subprocess.SubprocessHook"}
{"timestamp":"2025-07-04T16:08:28.518567","level":"info","event":"25/07/04 16:08:28 INFO MemoryStore: Block broadcast_9_piece0 stored as bytes in memory (estimated size 27.6 KiB, free 365.0 MiB)","logger":"airflow.task.hooks.airflow.providers.standard.hooks.subprocess.SubprocessHook"}
{"timestamp":"2025-07-04T16:08:28.519206","level":"info","event":"25/07/04 16:08:28 INFO BlockManagerInfo: Added broadcast_9_piece0 in memory on 140fb6801c8d:46173 (size: 27.6 KiB, free: 366.2 MiB)","logger":"airflow.task.hooks.airflow.providers.standard.hooks.subprocess.SubprocessHook"}
{"timestamp":"2025-07-04T16:08:28.519644","level":"info","event":"25/07/04 16:08:28 INFO SparkContext: Created broadcast 9 from parquet at NativeMethodAccessorImpl.java:0","logger":"airflow.task.hooks.airflow.providers.standard.hooks.subprocess.SubprocessHook"}
{"timestamp":"2025-07-04T16:08:28.520872","level":"info","event":"25/07/04 16:08:28 INFO FileSourceScanExec: Planning scan with bin packing, max size: 4194304 bytes, open cost is considered as scanning 4194304 bytes.","logger":"airflow.task.hooks.airflow.providers.standard.hooks.subprocess.SubprocessHook"}
{"timestamp":"2025-07-04T16:08:28.543644","level":"info","event":"25/07/04 16:08:28 INFO SparkContext: Starting job: parquet at NativeMethodAccessorImpl.java:0","logger":"airflow.task.hooks.airflow.providers.standard.hooks.subprocess.SubprocessHook"}
{"timestamp":"2025-07-04T16:08:28.545021","level":"info","event":"25/07/04 16:08:28 INFO DAGScheduler: Got job 4 (parquet at NativeMethodAccessorImpl.java:0) with 1 output partitions","logger":"airflow.task.hooks.airflow.providers.standard.hooks.subprocess.SubprocessHook"}
{"timestamp":"2025-07-04T16:08:28.545204","level":"info","event":"25/07/04 16:08:28 INFO DAGScheduler: Final stage: ResultStage 5 (parquet at NativeMethodAccessorImpl.java:0)","logger":"airflow.task.hooks.airflow.providers.standard.hooks.subprocess.SubprocessHook"}
{"timestamp":"2025-07-04T16:08:28.545286","level":"info","event":"25/07/04 16:08:28 INFO DAGScheduler: Parents of final stage: List()","logger":"airflow.task.hooks.airflow.providers.standard.hooks.subprocess.SubprocessHook"}
{"timestamp":"2025-07-04T16:08:28.545340","level":"info","event":"25/07/04 16:08:28 INFO DAGScheduler: Missing parents: List()","logger":"airflow.task.hooks.airflow.providers.standard.hooks.subprocess.SubprocessHook"}
{"timestamp":"2025-07-04T16:08:28.546005","level":"info","event":"25/07/04 16:08:28 INFO DAGScheduler: Submitting ResultStage 5 (MapPartitionsRDD[26] at parquet at NativeMethodAccessorImpl.java:0), which has no missing parents","logger":"airflow.task.hooks.airflow.providers.standard.hooks.subprocess.SubprocessHook"}
{"timestamp":"2025-07-04T16:08:28.558716","level":"info","event":"25/07/04 16:08:28 INFO MemoryStore: Block broadcast_10 stored as values in memory (estimated size 191.5 KiB, free 364.8 MiB)","logger":"airflow.task.hooks.airflow.providers.standard.hooks.subprocess.SubprocessHook"}
{"timestamp":"2025-07-04T16:08:28.561584","level":"info","event":"25/07/04 16:08:28 INFO MemoryStore: Block broadcast_10_piece0 stored as bytes in memory (estimated size 67.2 KiB, free 364.7 MiB)","logger":"airflow.task.hooks.airflow.providers.standard.hooks.subprocess.SubprocessHook"}
{"timestamp":"2025-07-04T16:08:28.563469","level":"info","event":"25/07/04 16:08:28 INFO BlockManagerInfo: Added broadcast_10_piece0 in memory on 140fb6801c8d:46173 (size: 67.2 KiB, free: 366.1 MiB)","logger":"airflow.task.hooks.airflow.providers.standard.hooks.subprocess.SubprocessHook"}
{"timestamp":"2025-07-04T16:08:28.563649","level":"info","event":"25/07/04 16:08:28 INFO SparkContext: Created broadcast 10 from broadcast at DAGScheduler.scala:1383","logger":"airflow.task.hooks.airflow.providers.standard.hooks.subprocess.SubprocessHook"}
{"timestamp":"2025-07-04T16:08:28.563729","level":"info","event":"25/07/04 16:08:28 INFO DAGScheduler: Submitting 1 missing tasks from ResultStage 5 (MapPartitionsRDD[26] at parquet at NativeMethodAccessorImpl.java:0) (first 15 tasks are for partitions Vector(0))","logger":"airflow.task.hooks.airflow.providers.standard.hooks.subprocess.SubprocessHook"}
{"timestamp":"2025-07-04T16:08:28.563783","level":"info","event":"25/07/04 16:08:28 INFO TaskSchedulerImpl: Adding task set 5.0 with 1 tasks resource profile 0","logger":"airflow.task.hooks.airflow.providers.standard.hooks.subprocess.SubprocessHook"}
{"timestamp":"2025-07-04T16:08:28.564848","level":"info","event":"25/07/04 16:08:28 INFO TaskSetManager: Starting task 0.0 in stage 5.0 (TID 5) (172.21.0.6, executor 0, partition 0, ANY, 4876 bytes) taskResourceAssignments Map()","logger":"airflow.task.hooks.airflow.providers.standard.hooks.subprocess.SubprocessHook"}
{"timestamp":"2025-07-04T16:08:28.588127","level":"info","event":"25/07/04 16:08:28 INFO BlockManagerInfo: Added broadcast_10_piece0 in memory on 172.21.0.6:38049 (size: 67.2 KiB, free: 366.1 MiB)","logger":"airflow.task.hooks.airflow.providers.standard.hooks.subprocess.SubprocessHook"}
{"timestamp":"2025-07-04T16:08:29.033242","level":"info","event":"25/07/04 16:08:29 INFO BlockManagerInfo: Added broadcast_9_piece0 in memory on 172.21.0.6:38049 (size: 27.6 KiB, free: 366.1 MiB)","logger":"airflow.task.hooks.airflow.providers.standard.hooks.subprocess.SubprocessHook"}
{"timestamp":"2025-07-04T16:08:29.401917","level":"info","event":"25/07/04 16:08:29 INFO TaskSetManager: Finished task 0.0 in stage 5.0 (TID 5) in 837 ms on 172.21.0.6 (executor 0) (1/1)","logger":"airflow.task.hooks.airflow.providers.standard.hooks.subprocess.SubprocessHook"}
{"timestamp":"2025-07-04T16:08:29.402083","level":"info","event":"25/07/04 16:08:29 INFO TaskSchedulerImpl: Removed TaskSet 5.0, whose tasks have all completed, from pool","logger":"airflow.task.hooks.airflow.providers.standard.hooks.subprocess.SubprocessHook"}
{"timestamp":"2025-07-04T16:08:29.402321","level":"info","event":"25/07/04 16:08:29 INFO DAGScheduler: ResultStage 5 (parquet at NativeMethodAccessorImpl.java:0) finished in 0.855 s","logger":"airflow.task.hooks.airflow.providers.standard.hooks.subprocess.SubprocessHook"}
{"timestamp":"2025-07-04T16:08:29.402390","level":"info","event":"25/07/04 16:08:29 INFO DAGScheduler: Job 4 is finished. Cancelling potential speculative or zombie tasks for this job","logger":"airflow.task.hooks.airflow.providers.standard.hooks.subprocess.SubprocessHook"}
{"timestamp":"2025-07-04T16:08:29.402549","level":"info","event":"25/07/04 16:08:29 INFO TaskSchedulerImpl: Killing all running tasks in stage 5: Stage finished","logger":"airflow.task.hooks.airflow.providers.standard.hooks.subprocess.SubprocessHook"}
{"timestamp":"2025-07-04T16:08:29.403139","level":"info","event":"25/07/04 16:08:29 INFO DAGScheduler: Job 4 finished: parquet at NativeMethodAccessorImpl.java:0, took 0.859758 s","logger":"airflow.task.hooks.airflow.providers.standard.hooks.subprocess.SubprocessHook"}
{"timestamp":"2025-07-04T16:08:29.462879","level":"info","event":"25/07/04 16:08:29 INFO FileFormatWriter: Write Job b1bb6331-e12a-4baf-ae84-4d52ab51dd1f committed.","logger":"airflow.task.hooks.airflow.providers.standard.hooks.subprocess.SubprocessHook"}
{"timestamp":"2025-07-04T16:08:29.465817","level":"info","event":"25/07/04 16:08:29 INFO FileFormatWriter: Finished processing stats for write job b1bb6331-e12a-4baf-ae84-4d52ab51dd1f.","logger":"airflow.task.hooks.airflow.providers.standard.hooks.subprocess.SubprocessHook"}
{"timestamp":"2025-07-04T16:08:29.907221","level":"info","event":"25/07/04 16:08:29 INFO FileSourceStrategy: Pushed Filters:","logger":"airflow.task.hooks.airflow.providers.standard.hooks.subprocess.SubprocessHook"}
{"timestamp":"2025-07-04T16:08:29.907356","level":"info","event":"25/07/04 16:08:29 INFO FileSourceStrategy: Post-Scan Filters:","logger":"airflow.task.hooks.airflow.providers.standard.hooks.subprocess.SubprocessHook"}
{"timestamp":"2025-07-04T16:08:29.907403","level":"info","event":"25/07/04 16:08:29 INFO FileSourceStrategy: Output Data Schema: struct<customerID: string, gender: string, SeniorCitizen: int, Partner: string, Dependents: string ... 19 more fields>","logger":"airflow.task.hooks.airflow.providers.standard.hooks.subprocess.SubprocessHook"}
{"timestamp":"2025-07-04T16:08:29.920501","level":"info","event":"25/07/04 16:08:29 INFO MemoryStore: Block broadcast_11 stored as values in memory (estimated size 304.2 KiB, free 364.4 MiB)","logger":"airflow.task.hooks.airflow.providers.standard.hooks.subprocess.SubprocessHook"}
{"timestamp":"2025-07-04T16:08:29.925687","level":"info","event":"25/07/04 16:08:29 INFO MemoryStore: Block broadcast_11_piece0 stored as bytes in memory (estimated size 27.6 KiB, free 364.4 MiB)","logger":"airflow.task.hooks.airflow.providers.standard.hooks.subprocess.SubprocessHook"}
{"timestamp":"2025-07-04T16:08:29.926399","level":"info","event":"25/07/04 16:08:29 INFO BlockManagerInfo: Added broadcast_11_piece0 in memory on 140fb6801c8d:46173 (size: 27.6 KiB, free: 366.1 MiB)","logger":"airflow.task.hooks.airflow.providers.standard.hooks.subprocess.SubprocessHook"}
{"timestamp":"2025-07-04T16:08:29.926943","level":"info","event":"25/07/04 16:08:29 INFO SparkContext: Created broadcast 11 from save at NativeMethodAccessorImpl.java:0","logger":"airflow.task.hooks.airflow.providers.standard.hooks.subprocess.SubprocessHook"}
{"timestamp":"2025-07-04T16:08:29.927981","level":"info","event":"25/07/04 16:08:29 INFO FileSourceScanExec: Planning scan with bin packing, max size: 4194304 bytes, open cost is considered as scanning 4194304 bytes.","logger":"airflow.task.hooks.airflow.providers.standard.hooks.subprocess.SubprocessHook"}
{"timestamp":"2025-07-04T16:08:29.948255","level":"info","event":"25/07/04 16:08:29 INFO SparkContext: Starting job: save at NativeMethodAccessorImpl.java:0","logger":"airflow.task.hooks.airflow.providers.standard.hooks.subprocess.SubprocessHook"}
{"timestamp":"2025-07-04T16:08:29.948985","level":"info","event":"25/07/04 16:08:29 INFO DAGScheduler: Got job 5 (save at NativeMethodAccessorImpl.java:0) with 1 output partitions","logger":"airflow.task.hooks.airflow.providers.standard.hooks.subprocess.SubprocessHook"}
{"timestamp":"2025-07-04T16:08:29.949133","level":"info","event":"25/07/04 16:08:29 INFO DAGScheduler: Final stage: ResultStage 6 (save at NativeMethodAccessorImpl.java:0)","logger":"airflow.task.hooks.airflow.providers.standard.hooks.subprocess.SubprocessHook"}
{"timestamp":"2025-07-04T16:08:29.949197","level":"info","event":"25/07/04 16:08:29 INFO DAGScheduler: Parents of final stage: List()","logger":"airflow.task.hooks.airflow.providers.standard.hooks.subprocess.SubprocessHook"}
{"timestamp":"2025-07-04T16:08:29.949255","level":"info","event":"25/07/04 16:08:29 INFO DAGScheduler: Missing parents: List()","logger":"airflow.task.hooks.airflow.providers.standard.hooks.subprocess.SubprocessHook"}
{"timestamp":"2025-07-04T16:08:29.949844","level":"info","event":"25/07/04 16:08:29 INFO DAGScheduler: Submitting ResultStage 6 (MapPartitionsRDD[34] at save at NativeMethodAccessorImpl.java:0), which has no missing parents","logger":"airflow.task.hooks.airflow.providers.standard.hooks.subprocess.SubprocessHook"}
{"timestamp":"2025-07-04T16:08:29.967578","level":"info","event":"25/07/04 16:08:29 INFO MemoryStore: Block broadcast_12 stored as values in memory (estimated size 37.6 KiB, free 364.4 MiB)","logger":"airflow.task.hooks.airflow.providers.standard.hooks.subprocess.SubprocessHook"}
{"timestamp":"2025-07-04T16:08:29.969360","level":"info","event":"25/07/04 16:08:29 INFO MemoryStore: Block broadcast_12_piece0 stored as bytes in memory (estimated size 15.4 KiB, free 364.4 MiB)","logger":"airflow.task.hooks.airflow.providers.standard.hooks.subprocess.SubprocessHook"}
{"timestamp":"2025-07-04T16:08:29.970062","level":"info","event":"25/07/04 16:08:29 INFO BlockManagerInfo: Added broadcast_12_piece0 in memory on 140fb6801c8d:46173 (size: 15.4 KiB, free: 366.1 MiB)","logger":"airflow.task.hooks.airflow.providers.standard.hooks.subprocess.SubprocessHook"}
{"timestamp":"2025-07-04T16:08:29.970417","level":"info","event":"25/07/04 16:08:29 INFO SparkContext: Created broadcast 12 from broadcast at DAGScheduler.scala:1383","logger":"airflow.task.hooks.airflow.providers.standard.hooks.subprocess.SubprocessHook"}
{"timestamp":"2025-07-04T16:08:29.970886","level":"info","event":"25/07/04 16:08:29 INFO DAGScheduler: Submitting 1 missing tasks from ResultStage 6 (MapPartitionsRDD[34] at save at NativeMethodAccessorImpl.java:0) (first 15 tasks are for partitions Vector(0))","logger":"airflow.task.hooks.airflow.providers.standard.hooks.subprocess.SubprocessHook"}
{"timestamp":"2025-07-04T16:08:29.970948","level":"info","event":"25/07/04 16:08:29 INFO TaskSchedulerImpl: Adding task set 6.0 with 1 tasks resource profile 0","logger":"airflow.task.hooks.airflow.providers.standard.hooks.subprocess.SubprocessHook"}
{"timestamp":"2025-07-04T16:08:29.972277","level":"info","event":"25/07/04 16:08:29 INFO TaskSetManager: Starting task 0.0 in stage 6.0 (TID 6) (172.21.0.6, executor 0, partition 0, ANY, 4876 bytes) taskResourceAssignments Map()","logger":"airflow.task.hooks.airflow.providers.standard.hooks.subprocess.SubprocessHook"}
{"timestamp":"2025-07-04T16:08:29.985610","level":"info","event":"25/07/04 16:08:29 INFO BlockManagerInfo: Added broadcast_12_piece0 in memory on 172.21.0.6:38049 (size: 15.4 KiB, free: 366.1 MiB)","logger":"airflow.task.hooks.airflow.providers.standard.hooks.subprocess.SubprocessHook"}
{"timestamp":"2025-07-04T16:08:30.450894","level":"info","event":"25/07/04 16:08:30 INFO BlockManagerInfo: Added broadcast_11_piece0 in memory on 172.21.0.6:38049 (size: 27.6 KiB, free: 366.1 MiB)","logger":"airflow.task.hooks.airflow.providers.standard.hooks.subprocess.SubprocessHook"}
{"timestamp":"2025-07-04T16:08:30.653183","level":"info","event":"25/07/04 16:08:30 INFO TaskSetManager: Finished task 0.0 in stage 6.0 (TID 6) in 680 ms on 172.21.0.6 (executor 0) (1/1)","logger":"airflow.task.hooks.airflow.providers.standard.hooks.subprocess.SubprocessHook"}
{"timestamp":"2025-07-04T16:08:30.653379","level":"info","event":"25/07/04 16:08:30 INFO TaskSchedulerImpl: Removed TaskSet 6.0, whose tasks have all completed, from pool","logger":"airflow.task.hooks.airflow.providers.standard.hooks.subprocess.SubprocessHook"}
{"timestamp":"2025-07-04T16:08:30.653861","level":"info","event":"25/07/04 16:08:30 INFO DAGScheduler: ResultStage 6 (save at NativeMethodAccessorImpl.java:0) finished in 0.703 s","logger":"airflow.task.hooks.airflow.providers.standard.hooks.subprocess.SubprocessHook"}
{"timestamp":"2025-07-04T16:08:30.653983","level":"info","event":"25/07/04 16:08:30 INFO DAGScheduler: Job 5 is finished. Cancelling potential speculative or zombie tasks for this job","logger":"airflow.task.hooks.airflow.providers.standard.hooks.subprocess.SubprocessHook"}
{"timestamp":"2025-07-04T16:08:30.654032","level":"info","event":"25/07/04 16:08:30 INFO TaskSchedulerImpl: Killing all running tasks in stage 6: Stage finished","logger":"airflow.task.hooks.airflow.providers.standard.hooks.subprocess.SubprocessHook"}
{"timestamp":"2025-07-04T16:08:30.654064","level":"info","event":"25/07/04 16:08:30 INFO DAGScheduler: Job 5 finished: save at NativeMethodAccessorImpl.java:0, took 0.706010 s","logger":"airflow.task.hooks.airflow.providers.standard.hooks.subprocess.SubprocessHook"}
{"timestamp":"2025-07-04T16:08:30.717987","level":"info","event":"The Cleaning is done!","logger":"airflow.task.hooks.airflow.providers.standard.hooks.subprocess.SubprocessHook"}
{"timestamp":"2025-07-04T16:08:30.749282","level":"info","event":"25/07/04 16:08:30 INFO SparkContext: Invoking stop() from shutdown hook","logger":"airflow.task.hooks.airflow.providers.standard.hooks.subprocess.SubprocessHook"}
{"timestamp":"2025-07-04T16:08:30.759242","level":"info","event":"25/07/04 16:08:30 INFO SparkUI: Stopped Spark web UI at http://140fb6801c8d:4040","logger":"airflow.task.hooks.airflow.providers.standard.hooks.subprocess.SubprocessHook"}
{"timestamp":"2025-07-04T16:08:30.762087","level":"info","event":"25/07/04 16:08:30 INFO StandaloneSchedulerBackend: Shutting down all executors","logger":"airflow.task.hooks.airflow.providers.standard.hooks.subprocess.SubprocessHook"}
{"timestamp":"2025-07-04T16:08:30.762490","level":"info","event":"25/07/04 16:08:30 INFO CoarseGrainedSchedulerBackend$DriverEndpoint: Asking each executor to shut down","logger":"airflow.task.hooks.airflow.providers.standard.hooks.subprocess.SubprocessHook"}
{"timestamp":"2025-07-04T16:08:30.790037","level":"info","event":"25/07/04 16:08:30 INFO MapOutputTrackerMasterEndpoint: MapOutputTrackerMasterEndpoint stopped!","logger":"airflow.task.hooks.airflow.providers.standard.hooks.subprocess.SubprocessHook"}
{"timestamp":"2025-07-04T16:08:30.804357","level":"info","event":"25/07/04 16:08:30 INFO MemoryStore: MemoryStore cleared","logger":"airflow.task.hooks.airflow.providers.standard.hooks.subprocess.SubprocessHook"}
{"timestamp":"2025-07-04T16:08:30.804491","level":"info","event":"25/07/04 16:08:30 INFO BlockManager: BlockManager stopped","logger":"airflow.task.hooks.airflow.providers.standard.hooks.subprocess.SubprocessHook"}
{"timestamp":"2025-07-04T16:08:30.808650","level":"info","event":"25/07/04 16:08:30 INFO BlockManagerMaster: BlockManagerMaster stopped","logger":"airflow.task.hooks.airflow.providers.standard.hooks.subprocess.SubprocessHook"}
{"timestamp":"2025-07-04T16:08:30.810897","level":"info","event":"25/07/04 16:08:30 INFO OutputCommitCoordinator$OutputCommitCoordinatorEndpoint: OutputCommitCoordinator stopped!","logger":"airflow.task.hooks.airflow.providers.standard.hooks.subprocess.SubprocessHook"}
{"timestamp":"2025-07-04T16:08:30.817699","level":"info","event":"25/07/04 16:08:30 INFO SparkContext: Successfully stopped SparkContext","logger":"airflow.task.hooks.airflow.providers.standard.hooks.subprocess.SubprocessHook"}
{"timestamp":"2025-07-04T16:08:30.817847","level":"info","event":"25/07/04 16:08:30 INFO ShutdownHookManager: Shutdown hook called","logger":"airflow.task.hooks.airflow.providers.standard.hooks.subprocess.SubprocessHook"}
{"timestamp":"2025-07-04T16:08:30.818036","level":"info","event":"25/07/04 16:08:30 INFO ShutdownHookManager: Deleting directory /tmp/spark-28602206-d5a7-4b0d-8437-07c20563ceac","logger":"airflow.task.hooks.airflow.providers.standard.hooks.subprocess.SubprocessHook"}
{"timestamp":"2025-07-04T16:08:30.821249","level":"info","event":"25/07/04 16:08:30 INFO ShutdownHookManager: Deleting directory /tmp/spark-44c6f850-4448-4e82-9610-d0681770d63e/pyspark-e4d9cb72-0c14-4cf5-bcd8-9fe8cf6b9668","logger":"airflow.task.hooks.airflow.providers.standard.hooks.subprocess.SubprocessHook"}
{"timestamp":"2025-07-04T16:08:30.824191","level":"info","event":"25/07/04 16:08:30 INFO ShutdownHookManager: Deleting directory /tmp/spark-44c6f850-4448-4e82-9610-d0681770d63e","logger":"airflow.task.hooks.airflow.providers.standard.hooks.subprocess.SubprocessHook"}
{"timestamp":"2025-07-04T16:08:30.969897","level":"info","event":"Command exited with return code 0","logger":"airflow.task.hooks.airflow.providers.standard.hooks.subprocess.SubprocessHook"}
{"timestamp":"2025-07-04T16:08:30.970995","level":"info","event":"Pushing xcom","ti":"RuntimeTaskInstance(id=UUID('0197d632-04fd-746c-a306-2649fb9fbe69'), task_id='run_spark_cleaning_and_upload', dag_id='telco_to_hdfs_dag', run_id='manual__2025-07-04T16:08:11.757634+00:00', try_number=1, map_index=-1, hostname='3c4c729a06dc', context_carrier=None, task=<Task(BashOperator): run_spark_cleaning_and_upload>, bundle_instance=LocalDagBundle(name=dags-folder), max_tries=0, start_date=datetime.datetime(2025, 7, 4, 16, 8, 15, 657157, tzinfo=TzInfo(UTC)), end_date=None, is_mapped=False)","logger":"task"}
