{"timestamp":"2025-07-05T15:06:28.846269","level":"info","event":"DAG bundles loaded: dags-folder","logger":"airflow.dag_processing.bundles.manager.DagBundlesManager"}
{"timestamp":"2025-07-05T15:06:28.847540","level":"info","event":"Filling up the DagBag from /opt/airflow/dags/telco_to_hdfs_dag.py","logger":"airflow.models.dagbag.DagBag"}
{"timestamp":"2025-07-05T15:06:28.876528","level":"info","event":"Tmp dir root location: /tmp","logger":"airflow.task.hooks.airflow.providers.standard.hooks.subprocess.SubprocessHook"}
{"timestamp":"2025-07-05T15:06:28.877018","level":"info","event":"Running command: ['/usr/bin/bash', '-c', 'docker exec spark-master /opt/bitnami/spark/bin/spark-submit --master spark://spark-master:7077 /opt/spark-apps/get_clean.py']","logger":"airflow.task.hooks.airflow.providers.standard.hooks.subprocess.SubprocessHook"}
{"timestamp":"2025-07-05T15:06:28.883707","level":"info","event":"Output:","logger":"airflow.task.hooks.airflow.providers.standard.hooks.subprocess.SubprocessHook"}
{"timestamp":"2025-07-05T15:06:30.237502","level":"info","event":"25/07/05 15:06:30 WARN NativeCodeLoader: Unable to load native-hadoop library for your platform... using builtin-java classes where applicable","logger":"airflow.task.hooks.airflow.providers.standard.hooks.subprocess.SubprocessHook"}
{"timestamp":"2025-07-05T15:06:31.292682","level":"info","event":"Using Spark's default log4j profile: org/apache/spark/log4j-defaults.properties","logger":"airflow.task.hooks.airflow.providers.standard.hooks.subprocess.SubprocessHook"}
{"timestamp":"2025-07-05T15:06:31.300434","level":"info","event":"25/07/05 15:06:31 INFO SparkContext: Running Spark version 3.1.1","logger":"airflow.task.hooks.airflow.providers.standard.hooks.subprocess.SubprocessHook"}
{"timestamp":"2025-07-05T15:06:31.333303","level":"info","event":"25/07/05 15:06:31 INFO ResourceUtils: ==============================================================","logger":"airflow.task.hooks.airflow.providers.standard.hooks.subprocess.SubprocessHook"}
{"timestamp":"2025-07-05T15:06:31.333444","level":"info","event":"25/07/05 15:06:31 INFO ResourceUtils: No custom resources configured for spark.driver.","logger":"airflow.task.hooks.airflow.providers.standard.hooks.subprocess.SubprocessHook"}
{"timestamp":"2025-07-05T15:06:31.333535","level":"info","event":"25/07/05 15:06:31 INFO ResourceUtils: ==============================================================","logger":"airflow.task.hooks.airflow.providers.standard.hooks.subprocess.SubprocessHook"}
{"timestamp":"2025-07-05T15:06:31.333976","level":"info","event":"25/07/05 15:06:31 INFO SparkContext: Submitted application: TelcoExploration","logger":"airflow.task.hooks.airflow.providers.standard.hooks.subprocess.SubprocessHook"}
{"timestamp":"2025-07-05T15:06:31.355132","level":"info","event":"25/07/05 15:06:31 INFO ResourceProfile: Default ResourceProfile created, executor resources: Map(cores -> name: cores, amount: 1, script: , vendor: , memory -> name: memory, amount: 1024, script: , vendor: , offHeap -> name: offHeap, amount: 0, script: , vendor: ), task resources: Map(cpus -> name: cpus, amount: 1.0)","logger":"airflow.task.hooks.airflow.providers.standard.hooks.subprocess.SubprocessHook"}
{"timestamp":"2025-07-05T15:06:31.363494","level":"info","event":"25/07/05 15:06:31 INFO ResourceProfile: Limiting resource is cpu","logger":"airflow.task.hooks.airflow.providers.standard.hooks.subprocess.SubprocessHook"}
{"timestamp":"2025-07-05T15:06:31.363619","level":"info","event":"25/07/05 15:06:31 INFO ResourceProfileManager: Added ResourceProfile id: 0","logger":"airflow.task.hooks.airflow.providers.standard.hooks.subprocess.SubprocessHook"}
{"timestamp":"2025-07-05T15:06:31.420489","level":"info","event":"25/07/05 15:06:31 INFO SecurityManager: Changing view acls to: spark","logger":"airflow.task.hooks.airflow.providers.standard.hooks.subprocess.SubprocessHook"}
{"timestamp":"2025-07-05T15:06:31.420693","level":"info","event":"25/07/05 15:06:31 INFO SecurityManager: Changing modify acls to: spark","logger":"airflow.task.hooks.airflow.providers.standard.hooks.subprocess.SubprocessHook"}
{"timestamp":"2025-07-05T15:06:31.420788","level":"info","event":"25/07/05 15:06:31 INFO SecurityManager: Changing view acls groups to:","logger":"airflow.task.hooks.airflow.providers.standard.hooks.subprocess.SubprocessHook"}
{"timestamp":"2025-07-05T15:06:31.420864","level":"info","event":"25/07/05 15:06:31 INFO SecurityManager: Changing modify acls groups to:","logger":"airflow.task.hooks.airflow.providers.standard.hooks.subprocess.SubprocessHook"}
{"timestamp":"2025-07-05T15:06:31.420933","level":"info","event":"25/07/05 15:06:31 INFO SecurityManager: SecurityManager: authentication disabled; ui acls disabled; users  with view permissions: Set(spark); groups with view permissions: Set(); users  with modify permissions: Set(spark); groups with modify permissions: Set()","logger":"airflow.task.hooks.airflow.providers.standard.hooks.subprocess.SubprocessHook"}
{"timestamp":"2025-07-05T15:06:31.608096","level":"info","event":"25/07/05 15:06:31 INFO Utils: Successfully started service 'sparkDriver' on port 45201.","logger":"airflow.task.hooks.airflow.providers.standard.hooks.subprocess.SubprocessHook"}
{"timestamp":"2025-07-05T15:06:31.635351","level":"info","event":"25/07/05 15:06:31 INFO SparkEnv: Registering MapOutputTracker","logger":"airflow.task.hooks.airflow.providers.standard.hooks.subprocess.SubprocessHook"}
{"timestamp":"2025-07-05T15:06:31.668701","level":"info","event":"25/07/05 15:06:31 INFO SparkEnv: Registering BlockManagerMaster","logger":"airflow.task.hooks.airflow.providers.standard.hooks.subprocess.SubprocessHook"}
{"timestamp":"2025-07-05T15:06:31.688422","level":"info","event":"25/07/05 15:06:31 INFO BlockManagerMasterEndpoint: Using org.apache.spark.storage.DefaultTopologyMapper for getting topology information","logger":"airflow.task.hooks.airflow.providers.standard.hooks.subprocess.SubprocessHook"}
{"timestamp":"2025-07-05T15:06:31.688549","level":"info","event":"25/07/05 15:06:31 INFO BlockManagerMasterEndpoint: BlockManagerMasterEndpoint up","logger":"airflow.task.hooks.airflow.providers.standard.hooks.subprocess.SubprocessHook"}
{"timestamp":"2025-07-05T15:06:31.694446","level":"info","event":"25/07/05 15:06:31 INFO SparkEnv: Registering BlockManagerMasterHeartbeat","logger":"airflow.task.hooks.airflow.providers.standard.hooks.subprocess.SubprocessHook"}
{"timestamp":"2025-07-05T15:06:31.710560","level":"info","event":"25/07/05 15:06:31 INFO DiskBlockManager: Created local directory at /tmp/blockmgr-e14a7d07-0fbd-40f6-991d-1a8e5078b83e","logger":"airflow.task.hooks.airflow.providers.standard.hooks.subprocess.SubprocessHook"}
{"timestamp":"2025-07-05T15:06:31.729363","level":"info","event":"25/07/05 15:06:31 INFO MemoryStore: MemoryStore started with capacity 366.3 MiB","logger":"airflow.task.hooks.airflow.providers.standard.hooks.subprocess.SubprocessHook"}
{"timestamp":"2025-07-05T15:06:31.749277","level":"info","event":"25/07/05 15:06:31 INFO SparkEnv: Registering OutputCommitCoordinator","logger":"airflow.task.hooks.airflow.providers.standard.hooks.subprocess.SubprocessHook"}
{"timestamp":"2025-07-05T15:06:31.991292","level":"info","event":"25/07/05 15:06:31 INFO Utils: Successfully started service 'SparkUI' on port 4040.","logger":"airflow.task.hooks.airflow.providers.standard.hooks.subprocess.SubprocessHook"}
{"timestamp":"2025-07-05T15:06:32.057121","level":"info","event":"25/07/05 15:06:32 INFO SparkUI: Bound SparkUI to 0.0.0.0, and started at http://d4aed7f68172:4040","logger":"airflow.task.hooks.airflow.providers.standard.hooks.subprocess.SubprocessHook"}
{"timestamp":"2025-07-05T15:06:32.089077","level":"info","event":"25/07/05 15:06:32 INFO SparkContext: Added JAR /opt/bitnami/spark/jars/postgresql-42.7.7.jar at spark://d4aed7f68172:45201/jars/postgresql-42.7.7.jar with timestamp 1751727991289","logger":"airflow.task.hooks.airflow.providers.standard.hooks.subprocess.SubprocessHook"}
{"timestamp":"2025-07-05T15:06:32.289547","level":"info","event":"25/07/05 15:06:32 INFO StandaloneAppClient$ClientEndpoint: Connecting to master spark://spark-master:7077...","logger":"airflow.task.hooks.airflow.providers.standard.hooks.subprocess.SubprocessHook"}
{"timestamp":"2025-07-05T15:06:32.340180","level":"info","event":"25/07/05 15:06:32 INFO TransportClientFactory: Successfully created connection to spark-master/172.21.0.3:7077 after 30 ms (0 ms spent in bootstraps)","logger":"airflow.task.hooks.airflow.providers.standard.hooks.subprocess.SubprocessHook"}
{"timestamp":"2025-07-05T15:06:32.475579","level":"info","event":"25/07/05 15:06:32 INFO StandaloneSchedulerBackend: Connected to Spark cluster with app ID app-20250705150632-0000","logger":"airflow.task.hooks.airflow.providers.standard.hooks.subprocess.SubprocessHook"}
{"timestamp":"2025-07-05T15:06:32.483616","level":"info","event":"25/07/05 15:06:32 INFO Utils: Successfully started service 'org.apache.spark.network.netty.NettyBlockTransferService' on port 35643.","logger":"airflow.task.hooks.airflow.providers.standard.hooks.subprocess.SubprocessHook"}
{"timestamp":"2025-07-05T15:06:32.483779","level":"info","event":"25/07/05 15:06:32 INFO NettyBlockTransferService: Server created on d4aed7f68172:35643","logger":"airflow.task.hooks.airflow.providers.standard.hooks.subprocess.SubprocessHook"}
{"timestamp":"2025-07-05T15:06:32.485428","level":"info","event":"25/07/05 15:06:32 INFO BlockManager: Using org.apache.spark.storage.RandomBlockReplicationPolicy for block replication policy","logger":"airflow.task.hooks.airflow.providers.standard.hooks.subprocess.SubprocessHook"}
{"timestamp":"2025-07-05T15:06:32.494521","level":"info","event":"25/07/05 15:06:32 INFO BlockManagerMaster: Registering BlockManager BlockManagerId(driver, d4aed7f68172, 35643, None)","logger":"airflow.task.hooks.airflow.providers.standard.hooks.subprocess.SubprocessHook"}
{"timestamp":"2025-07-05T15:06:32.497816","level":"info","event":"25/07/05 15:06:32 INFO BlockManagerMasterEndpoint: Registering block manager d4aed7f68172:35643 with 366.3 MiB RAM, BlockManagerId(driver, d4aed7f68172, 35643, None)","logger":"airflow.task.hooks.airflow.providers.standard.hooks.subprocess.SubprocessHook"}
{"timestamp":"2025-07-05T15:06:32.502156","level":"info","event":"25/07/05 15:06:32 INFO BlockManagerMaster: Registered BlockManager BlockManagerId(driver, d4aed7f68172, 35643, None)","logger":"airflow.task.hooks.airflow.providers.standard.hooks.subprocess.SubprocessHook"}
{"timestamp":"2025-07-05T15:06:32.502318","level":"info","event":"25/07/05 15:06:32 INFO StandaloneAppClient$ClientEndpoint: Executor added: app-20250705150632-0000/0 on worker-20250705150547-172.21.0.6-36335 (172.21.0.6:36335) with 12 core(s)","logger":"airflow.task.hooks.airflow.providers.standard.hooks.subprocess.SubprocessHook"}
{"timestamp":"2025-07-05T15:06:32.502382","level":"info","event":"25/07/05 15:06:32 INFO BlockManager: Initialized BlockManager: BlockManagerId(driver, d4aed7f68172, 35643, None)","logger":"airflow.task.hooks.airflow.providers.standard.hooks.subprocess.SubprocessHook"}
{"timestamp":"2025-07-05T15:06:32.502434","level":"info","event":"25/07/05 15:06:32 INFO StandaloneSchedulerBackend: Granted executor ID app-20250705150632-0000/0 on hostPort 172.21.0.6:36335 with 12 core(s), 1024.0 MiB RAM","logger":"airflow.task.hooks.airflow.providers.standard.hooks.subprocess.SubprocessHook"}
{"timestamp":"2025-07-05T15:06:32.654991","level":"info","event":"25/07/05 15:06:32 INFO StandaloneAppClient$ClientEndpoint: Executor updated: app-20250705150632-0000/0 is now RUNNING","logger":"airflow.task.hooks.airflow.providers.standard.hooks.subprocess.SubprocessHook"}
{"timestamp":"2025-07-05T15:06:32.704710","level":"info","event":"25/07/05 15:06:32 INFO StandaloneSchedulerBackend: SchedulerBackend is ready for scheduling beginning after reached minRegisteredResourcesRatio: 0.0","logger":"airflow.task.hooks.airflow.providers.standard.hooks.subprocess.SubprocessHook"}
{"timestamp":"2025-07-05T15:06:32.982980","level":"info","event":"25/07/05 15:06:32 INFO SharedState: Setting hive.metastore.warehouse.dir ('null') to the value of spark.sql.warehouse.dir ('file:/opt/bitnami/spark/spark-warehouse').","logger":"airflow.task.hooks.airflow.providers.standard.hooks.subprocess.SubprocessHook"}
{"timestamp":"2025-07-05T15:06:32.983156","level":"info","event":"25/07/05 15:06:32 INFO SharedState: Warehouse path is 'file:/opt/bitnami/spark/spark-warehouse'.","logger":"airflow.task.hooks.airflow.providers.standard.hooks.subprocess.SubprocessHook"}
{"timestamp":"2025-07-05T15:06:34.410227","level":"info","event":"25/07/05 15:06:34 INFO CoarseGrainedSchedulerBackend$DriverEndpoint: Registered executor NettyRpcEndpointRef(spark-client://Executor) (172.21.0.6:38274) with ID 0,  ResourceProfileId 0","logger":"airflow.task.hooks.airflow.providers.standard.hooks.subprocess.SubprocessHook"}
{"timestamp":"2025-07-05T15:06:34.512060","level":"info","event":"25/07/05 15:06:34 INFO BlockManagerMasterEndpoint: Registering block manager 172.21.0.6:40187 with 366.3 MiB RAM, BlockManagerId(0, 172.21.0.6, 40187, None)","logger":"airflow.task.hooks.airflow.providers.standard.hooks.subprocess.SubprocessHook"}
{"timestamp":"2025-07-05T15:06:34.533334","level":"info","event":"25/07/05 15:06:34 INFO InMemoryFileIndex: It took 69 ms to list leaf files for 1 paths.","logger":"airflow.task.hooks.airflow.providers.standard.hooks.subprocess.SubprocessHook"}
{"timestamp":"2025-07-05T15:06:34.598892","level":"info","event":"25/07/05 15:06:34 INFO InMemoryFileIndex: It took 4 ms to list leaf files for 1 paths.","logger":"airflow.task.hooks.airflow.providers.standard.hooks.subprocess.SubprocessHook"}
{"timestamp":"2025-07-05T15:06:36.290404","level":"info","event":"25/07/05 15:06:36 INFO FileSourceStrategy: Pushed Filters:","logger":"airflow.task.hooks.airflow.providers.standard.hooks.subprocess.SubprocessHook"}
{"timestamp":"2025-07-05T15:06:36.294467","level":"info","event":"25/07/05 15:06:36 INFO FileSourceStrategy: Post-Scan Filters: (length(trim(value#0, None)) > 0)","logger":"airflow.task.hooks.airflow.providers.standard.hooks.subprocess.SubprocessHook"}
{"timestamp":"2025-07-05T15:06:36.297840","level":"info","event":"25/07/05 15:06:36 INFO FileSourceStrategy: Output Data Schema: struct<value: string>","logger":"airflow.task.hooks.airflow.providers.standard.hooks.subprocess.SubprocessHook"}
{"timestamp":"2025-07-05T15:06:36.946125","level":"info","event":"25/07/05 15:06:36 INFO CodeGenerator: Code generated in 221.337816 ms","logger":"airflow.task.hooks.airflow.providers.standard.hooks.subprocess.SubprocessHook"}
{"timestamp":"2025-07-05T15:06:36.997590","level":"info","event":"25/07/05 15:06:36 INFO MemoryStore: Block broadcast_0 stored as values in memory (estimated size 304.3 KiB, free 366.0 MiB)","logger":"airflow.task.hooks.airflow.providers.standard.hooks.subprocess.SubprocessHook"}
{"timestamp":"2025-07-05T15:06:37.044663","level":"info","event":"25/07/05 15:06:37 INFO MemoryStore: Block broadcast_0_piece0 stored as bytes in memory (estimated size 27.6 KiB, free 366.0 MiB)","logger":"airflow.task.hooks.airflow.providers.standard.hooks.subprocess.SubprocessHook"}
{"timestamp":"2025-07-05T15:06:37.046894","level":"info","event":"25/07/05 15:06:37 INFO BlockManagerInfo: Added broadcast_0_piece0 in memory on d4aed7f68172:35643 (size: 27.6 KiB, free: 366.3 MiB)","logger":"airflow.task.hooks.airflow.providers.standard.hooks.subprocess.SubprocessHook"}
{"timestamp":"2025-07-05T15:06:37.048860","level":"info","event":"25/07/05 15:06:37 INFO SparkContext: Created broadcast 0 from csv at NativeMethodAccessorImpl.java:0","logger":"airflow.task.hooks.airflow.providers.standard.hooks.subprocess.SubprocessHook"}
{"timestamp":"2025-07-05T15:06:37.057257","level":"info","event":"25/07/05 15:06:37 INFO FileSourceScanExec: Planning scan with bin packing, max size: 4194304 bytes, open cost is considered as scanning 4194304 bytes.","logger":"airflow.task.hooks.airflow.providers.standard.hooks.subprocess.SubprocessHook"}
{"timestamp":"2025-07-05T15:06:37.148911","level":"info","event":"25/07/05 15:06:37 INFO SparkContext: Starting job: csv at NativeMethodAccessorImpl.java:0","logger":"airflow.task.hooks.airflow.providers.standard.hooks.subprocess.SubprocessHook"}
{"timestamp":"2025-07-05T15:06:37.161287","level":"info","event":"25/07/05 15:06:37 INFO DAGScheduler: Got job 0 (csv at NativeMethodAccessorImpl.java:0) with 1 output partitions","logger":"airflow.task.hooks.airflow.providers.standard.hooks.subprocess.SubprocessHook"}
{"timestamp":"2025-07-05T15:06:37.161413","level":"info","event":"25/07/05 15:06:37 INFO DAGScheduler: Final stage: ResultStage 0 (csv at NativeMethodAccessorImpl.java:0)","logger":"airflow.task.hooks.airflow.providers.standard.hooks.subprocess.SubprocessHook"}
{"timestamp":"2025-07-05T15:06:37.161456","level":"info","event":"25/07/05 15:06:37 INFO DAGScheduler: Parents of final stage: List()","logger":"airflow.task.hooks.airflow.providers.standard.hooks.subprocess.SubprocessHook"}
{"timestamp":"2025-07-05T15:06:37.162721","level":"info","event":"25/07/05 15:06:37 INFO DAGScheduler: Missing parents: List()","logger":"airflow.task.hooks.airflow.providers.standard.hooks.subprocess.SubprocessHook"}
{"timestamp":"2025-07-05T15:06:37.167184","level":"info","event":"25/07/05 15:06:37 INFO DAGScheduler: Submitting ResultStage 0 (MapPartitionsRDD[3] at csv at NativeMethodAccessorImpl.java:0), which has no missing parents","logger":"airflow.task.hooks.airflow.providers.standard.hooks.subprocess.SubprocessHook"}
{"timestamp":"2025-07-05T15:06:37.225067","level":"info","event":"25/07/05 15:06:37 INFO MemoryStore: Block broadcast_1 stored as values in memory (estimated size 10.8 KiB, free 366.0 MiB)","logger":"airflow.task.hooks.airflow.providers.standard.hooks.subprocess.SubprocessHook"}
{"timestamp":"2025-07-05T15:06:37.228231","level":"info","event":"25/07/05 15:06:37 INFO MemoryStore: Block broadcast_1_piece0 stored as bytes in memory (estimated size 5.4 KiB, free 366.0 MiB)","logger":"airflow.task.hooks.airflow.providers.standard.hooks.subprocess.SubprocessHook"}
{"timestamp":"2025-07-05T15:06:37.228696","level":"info","event":"25/07/05 15:06:37 INFO BlockManagerInfo: Added broadcast_1_piece0 in memory on d4aed7f68172:35643 (size: 5.4 KiB, free: 366.3 MiB)","logger":"airflow.task.hooks.airflow.providers.standard.hooks.subprocess.SubprocessHook"}
{"timestamp":"2025-07-05T15:06:37.229105","level":"info","event":"25/07/05 15:06:37 INFO SparkContext: Created broadcast 1 from broadcast at DAGScheduler.scala:1383","logger":"airflow.task.hooks.airflow.providers.standard.hooks.subprocess.SubprocessHook"}
{"timestamp":"2025-07-05T15:06:37.242043","level":"info","event":"25/07/05 15:06:37 INFO DAGScheduler: Submitting 1 missing tasks from ResultStage 0 (MapPartitionsRDD[3] at csv at NativeMethodAccessorImpl.java:0) (first 15 tasks are for partitions Vector(0))","logger":"airflow.task.hooks.airflow.providers.standard.hooks.subprocess.SubprocessHook"}
{"timestamp":"2025-07-05T15:06:37.242997","level":"info","event":"25/07/05 15:06:37 INFO TaskSchedulerImpl: Adding task set 0.0 with 1 tasks resource profile 0","logger":"airflow.task.hooks.airflow.providers.standard.hooks.subprocess.SubprocessHook"}
{"timestamp":"2025-07-05T15:06:37.275557","level":"info","event":"25/07/05 15:06:37 INFO TaskSetManager: Starting task 0.0 in stage 0.0 (TID 0) (172.21.0.6, executor 0, partition 0, ANY, 4876 bytes) taskResourceAssignments Map()","logger":"airflow.task.hooks.airflow.providers.standard.hooks.subprocess.SubprocessHook"}
{"timestamp":"2025-07-05T15:06:37.519384","level":"info","event":"25/07/05 15:06:37 INFO BlockManagerInfo: Added broadcast_1_piece0 in memory on 172.21.0.6:40187 (size: 5.4 KiB, free: 366.3 MiB)","logger":"airflow.task.hooks.airflow.providers.standard.hooks.subprocess.SubprocessHook"}
{"timestamp":"2025-07-05T15:06:38.319367","level":"info","event":"25/07/05 15:06:38 INFO BlockManagerInfo: Added broadcast_0_piece0 in memory on 172.21.0.6:40187 (size: 27.6 KiB, free: 366.3 MiB)","logger":"airflow.task.hooks.airflow.providers.standard.hooks.subprocess.SubprocessHook"}
{"timestamp":"2025-07-05T15:06:39.073621","level":"info","event":"25/07/05 15:06:39 INFO TaskSetManager: Finished task 0.0 in stage 0.0 (TID 0) in 1806 ms on 172.21.0.6 (executor 0) (1/1)","logger":"airflow.task.hooks.airflow.providers.standard.hooks.subprocess.SubprocessHook"}
{"timestamp":"2025-07-05T15:06:39.075259","level":"info","event":"25/07/05 15:06:39 INFO TaskSchedulerImpl: Removed TaskSet 0.0, whose tasks have all completed, from pool","logger":"airflow.task.hooks.airflow.providers.standard.hooks.subprocess.SubprocessHook"}
{"timestamp":"2025-07-05T15:06:39.080334","level":"info","event":"25/07/05 15:06:39 INFO DAGScheduler: ResultStage 0 (csv at NativeMethodAccessorImpl.java:0) finished in 1.897 s","logger":"airflow.task.hooks.airflow.providers.standard.hooks.subprocess.SubprocessHook"}
{"timestamp":"2025-07-05T15:06:39.083054","level":"info","event":"25/07/05 15:06:39 INFO DAGScheduler: Job 0 is finished. Cancelling potential speculative or zombie tasks for this job","logger":"airflow.task.hooks.airflow.providers.standard.hooks.subprocess.SubprocessHook"}
{"timestamp":"2025-07-05T15:06:39.083202","level":"info","event":"25/07/05 15:06:39 INFO TaskSchedulerImpl: Killing all running tasks in stage 0: Stage finished","logger":"airflow.task.hooks.airflow.providers.standard.hooks.subprocess.SubprocessHook"}
{"timestamp":"2025-07-05T15:06:39.085215","level":"info","event":"25/07/05 15:06:39 INFO DAGScheduler: Job 0 finished: csv at NativeMethodAccessorImpl.java:0, took 1.935922 s","logger":"airflow.task.hooks.airflow.providers.standard.hooks.subprocess.SubprocessHook"}
{"timestamp":"2025-07-05T15:06:39.106638","level":"info","event":"25/07/05 15:06:39 INFO CodeGenerator: Code generated in 11.752629 ms","logger":"airflow.task.hooks.airflow.providers.standard.hooks.subprocess.SubprocessHook"}
{"timestamp":"2025-07-05T15:06:39.153838","level":"info","event":"25/07/05 15:06:39 INFO FileSourceStrategy: Pushed Filters:","logger":"airflow.task.hooks.airflow.providers.standard.hooks.subprocess.SubprocessHook"}
{"timestamp":"2025-07-05T15:06:39.153997","level":"info","event":"25/07/05 15:06:39 INFO FileSourceStrategy: Post-Scan Filters:","logger":"airflow.task.hooks.airflow.providers.standard.hooks.subprocess.SubprocessHook"}
{"timestamp":"2025-07-05T15:06:39.154077","level":"info","event":"25/07/05 15:06:39 INFO FileSourceStrategy: Output Data Schema: struct<value: string>","logger":"airflow.task.hooks.airflow.providers.standard.hooks.subprocess.SubprocessHook"}
{"timestamp":"2025-07-05T15:06:39.164099","level":"info","event":"25/07/05 15:06:39 INFO MemoryStore: Block broadcast_2 stored as values in memory (estimated size 304.3 KiB, free 365.7 MiB)","logger":"airflow.task.hooks.airflow.providers.standard.hooks.subprocess.SubprocessHook"}
{"timestamp":"2025-07-05T15:06:39.174698","level":"info","event":"25/07/05 15:06:39 INFO MemoryStore: Block broadcast_2_piece0 stored as bytes in memory (estimated size 27.6 KiB, free 365.6 MiB)","logger":"airflow.task.hooks.airflow.providers.standard.hooks.subprocess.SubprocessHook"}
{"timestamp":"2025-07-05T15:06:39.175339","level":"info","event":"25/07/05 15:06:39 INFO BlockManagerInfo: Added broadcast_2_piece0 in memory on d4aed7f68172:35643 (size: 27.6 KiB, free: 366.2 MiB)","logger":"airflow.task.hooks.airflow.providers.standard.hooks.subprocess.SubprocessHook"}
{"timestamp":"2025-07-05T15:06:39.176078","level":"info","event":"25/07/05 15:06:39 INFO SparkContext: Created broadcast 2 from csv at NativeMethodAccessorImpl.java:0","logger":"airflow.task.hooks.airflow.providers.standard.hooks.subprocess.SubprocessHook"}
{"timestamp":"2025-07-05T15:06:39.176808","level":"info","event":"25/07/05 15:06:39 INFO FileSourceScanExec: Planning scan with bin packing, max size: 4194304 bytes, open cost is considered as scanning 4194304 bytes.","logger":"airflow.task.hooks.airflow.providers.standard.hooks.subprocess.SubprocessHook"}
{"timestamp":"2025-07-05T15:06:39.249845","level":"info","event":"25/07/05 15:06:39 INFO SparkContext: Starting job: csv at NativeMethodAccessorImpl.java:0","logger":"airflow.task.hooks.airflow.providers.standard.hooks.subprocess.SubprocessHook"}
{"timestamp":"2025-07-05T15:06:39.251223","level":"info","event":"25/07/05 15:06:39 INFO DAGScheduler: Got job 1 (csv at NativeMethodAccessorImpl.java:0) with 1 output partitions","logger":"airflow.task.hooks.airflow.providers.standard.hooks.subprocess.SubprocessHook"}
{"timestamp":"2025-07-05T15:06:39.251403","level":"info","event":"25/07/05 15:06:39 INFO DAGScheduler: Final stage: ResultStage 1 (csv at NativeMethodAccessorImpl.java:0)","logger":"airflow.task.hooks.airflow.providers.standard.hooks.subprocess.SubprocessHook"}
{"timestamp":"2025-07-05T15:06:39.251480","level":"info","event":"25/07/05 15:06:39 INFO DAGScheduler: Parents of final stage: List()","logger":"airflow.task.hooks.airflow.providers.standard.hooks.subprocess.SubprocessHook"}
{"timestamp":"2025-07-05T15:06:39.251535","level":"info","event":"25/07/05 15:06:39 INFO DAGScheduler: Missing parents: List()","logger":"airflow.task.hooks.airflow.providers.standard.hooks.subprocess.SubprocessHook"}
{"timestamp":"2025-07-05T15:06:39.253094","level":"info","event":"25/07/05 15:06:39 INFO DAGScheduler: Submitting ResultStage 1 (MapPartitionsRDD[9] at csv at NativeMethodAccessorImpl.java:0), which has no missing parents","logger":"airflow.task.hooks.airflow.providers.standard.hooks.subprocess.SubprocessHook"}
{"timestamp":"2025-07-05T15:06:39.279949","level":"info","event":"25/07/05 15:06:39 INFO MemoryStore: Block broadcast_3 stored as values in memory (estimated size 16.0 KiB, free 365.6 MiB)","logger":"airflow.task.hooks.airflow.providers.standard.hooks.subprocess.SubprocessHook"}
{"timestamp":"2025-07-05T15:06:39.284936","level":"info","event":"25/07/05 15:06:39 INFO MemoryStore: Block broadcast_3_piece0 stored as bytes in memory (estimated size 8.1 KiB, free 365.6 MiB)","logger":"airflow.task.hooks.airflow.providers.standard.hooks.subprocess.SubprocessHook"}
{"timestamp":"2025-07-05T15:06:39.286303","level":"info","event":"25/07/05 15:06:39 INFO BlockManagerInfo: Added broadcast_3_piece0 in memory on d4aed7f68172:35643 (size: 8.1 KiB, free: 366.2 MiB)","logger":"airflow.task.hooks.airflow.providers.standard.hooks.subprocess.SubprocessHook"}
{"timestamp":"2025-07-05T15:06:39.286995","level":"info","event":"25/07/05 15:06:39 INFO SparkContext: Created broadcast 3 from broadcast at DAGScheduler.scala:1383","logger":"airflow.task.hooks.airflow.providers.standard.hooks.subprocess.SubprocessHook"}
{"timestamp":"2025-07-05T15:06:39.287598","level":"info","event":"25/07/05 15:06:39 INFO DAGScheduler: Submitting 1 missing tasks from ResultStage 1 (MapPartitionsRDD[9] at csv at NativeMethodAccessorImpl.java:0) (first 15 tasks are for partitions Vector(0))","logger":"airflow.task.hooks.airflow.providers.standard.hooks.subprocess.SubprocessHook"}
{"timestamp":"2025-07-05T15:06:39.287718","level":"info","event":"25/07/05 15:06:39 INFO TaskSchedulerImpl: Adding task set 1.0 with 1 tasks resource profile 0","logger":"airflow.task.hooks.airflow.providers.standard.hooks.subprocess.SubprocessHook"}
{"timestamp":"2025-07-05T15:06:39.289246","level":"info","event":"25/07/05 15:06:39 INFO TaskSetManager: Starting task 0.0 in stage 1.0 (TID 1) (172.21.0.6, executor 0, partition 0, ANY, 4876 bytes) taskResourceAssignments Map()","logger":"airflow.task.hooks.airflow.providers.standard.hooks.subprocess.SubprocessHook"}
{"timestamp":"2025-07-05T15:06:39.315812","level":"info","event":"25/07/05 15:06:39 INFO BlockManagerInfo: Added broadcast_3_piece0 in memory on 172.21.0.6:40187 (size: 8.1 KiB, free: 366.3 MiB)","logger":"airflow.task.hooks.airflow.providers.standard.hooks.subprocess.SubprocessHook"}
{"timestamp":"2025-07-05T15:06:40.337409","level":"info","event":"25/07/05 15:06:40 INFO BlockManagerInfo: Added broadcast_2_piece0 in memory on 172.21.0.6:40187 (size: 27.6 KiB, free: 366.2 MiB)","logger":"airflow.task.hooks.airflow.providers.standard.hooks.subprocess.SubprocessHook"}
{"timestamp":"2025-07-05T15:06:40.500570","level":"info","event":"25/07/05 15:06:40 INFO TaskSetManager: Finished task 0.0 in stage 1.0 (TID 1) in 1212 ms on 172.21.0.6 (executor 0) (1/1)","logger":"airflow.task.hooks.airflow.providers.standard.hooks.subprocess.SubprocessHook"}
{"timestamp":"2025-07-05T15:06:40.500783","level":"info","event":"25/07/05 15:06:40 INFO TaskSchedulerImpl: Removed TaskSet 1.0, whose tasks have all completed, from pool","logger":"airflow.task.hooks.airflow.providers.standard.hooks.subprocess.SubprocessHook"}
{"timestamp":"2025-07-05T15:06:40.501623","level":"info","event":"25/07/05 15:06:40 INFO DAGScheduler: ResultStage 1 (csv at NativeMethodAccessorImpl.java:0) finished in 1.248 s","logger":"airflow.task.hooks.airflow.providers.standard.hooks.subprocess.SubprocessHook"}
{"timestamp":"2025-07-05T15:06:40.501766","level":"info","event":"25/07/05 15:06:40 INFO DAGScheduler: Job 1 is finished. Cancelling potential speculative or zombie tasks for this job","logger":"airflow.task.hooks.airflow.providers.standard.hooks.subprocess.SubprocessHook"}
{"timestamp":"2025-07-05T15:06:40.501836","level":"info","event":"25/07/05 15:06:40 INFO TaskSchedulerImpl: Killing all running tasks in stage 1: Stage finished","logger":"airflow.task.hooks.airflow.providers.standard.hooks.subprocess.SubprocessHook"}
{"timestamp":"2025-07-05T15:06:40.503085","level":"info","event":"25/07/05 15:06:40 INFO DAGScheduler: Job 1 finished: csv at NativeMethodAccessorImpl.java:0, took 1.253431 s","logger":"airflow.task.hooks.airflow.providers.standard.hooks.subprocess.SubprocessHook"}
{"timestamp":"2025-07-05T15:06:41.032714","level":"info","event":"25/07/05 15:06:41 INFO FileSourceStrategy: Pushed Filters:","logger":"airflow.task.hooks.airflow.providers.standard.hooks.subprocess.SubprocessHook"}
{"timestamp":"2025-07-05T15:06:41.032876","level":"info","event":"25/07/05 15:06:41 INFO FileSourceStrategy: Post-Scan Filters:","logger":"airflow.task.hooks.airflow.providers.standard.hooks.subprocess.SubprocessHook"}
{"timestamp":"2025-07-05T15:06:41.032956","level":"info","event":"25/07/05 15:06:41 INFO FileSourceStrategy: Output Data Schema: struct<TotalCharges: string>","logger":"airflow.task.hooks.airflow.providers.standard.hooks.subprocess.SubprocessHook"}
{"timestamp":"2025-07-05T15:06:41.070945","level":"info","event":"25/07/05 15:06:41 INFO CodeGenerator: Code generated in 18.059601 ms","logger":"airflow.task.hooks.airflow.providers.standard.hooks.subprocess.SubprocessHook"}
{"timestamp":"2025-07-05T15:06:41.075349","level":"info","event":"25/07/05 15:06:41 INFO MemoryStore: Block broadcast_4 stored as values in memory (estimated size 304.2 KiB, free 365.3 MiB)","logger":"airflow.task.hooks.airflow.providers.standard.hooks.subprocess.SubprocessHook"}
{"timestamp":"2025-07-05T15:06:41.083226","level":"info","event":"25/07/05 15:06:41 INFO MemoryStore: Block broadcast_4_piece0 stored as bytes in memory (estimated size 27.6 KiB, free 365.3 MiB)","logger":"airflow.task.hooks.airflow.providers.standard.hooks.subprocess.SubprocessHook"}
{"timestamp":"2025-07-05T15:06:41.083854","level":"info","event":"25/07/05 15:06:41 INFO BlockManagerInfo: Added broadcast_4_piece0 in memory on d4aed7f68172:35643 (size: 27.6 KiB, free: 366.2 MiB)","logger":"airflow.task.hooks.airflow.providers.standard.hooks.subprocess.SubprocessHook"}
{"timestamp":"2025-07-05T15:06:41.084585","level":"info","event":"25/07/05 15:06:41 INFO SparkContext: Created broadcast 4 from approxQuantile at NativeMethodAccessorImpl.java:0","logger":"airflow.task.hooks.airflow.providers.standard.hooks.subprocess.SubprocessHook"}
{"timestamp":"2025-07-05T15:06:41.087781","level":"info","event":"25/07/05 15:06:41 INFO FileSourceScanExec: Planning scan with bin packing, max size: 4194304 bytes, open cost is considered as scanning 4194304 bytes.","logger":"airflow.task.hooks.airflow.providers.standard.hooks.subprocess.SubprocessHook"}
{"timestamp":"2025-07-05T15:06:41.109038","level":"info","event":"25/07/05 15:06:41 INFO SparkContext: Starting job: approxQuantile at NativeMethodAccessorImpl.java:0","logger":"airflow.task.hooks.airflow.providers.standard.hooks.subprocess.SubprocessHook"}
{"timestamp":"2025-07-05T15:06:41.109847","level":"info","event":"25/07/05 15:06:41 INFO DAGScheduler: Got job 2 (approxQuantile at NativeMethodAccessorImpl.java:0) with 1 output partitions","logger":"airflow.task.hooks.airflow.providers.standard.hooks.subprocess.SubprocessHook"}
{"timestamp":"2025-07-05T15:06:41.110008","level":"info","event":"25/07/05 15:06:41 INFO DAGScheduler: Final stage: ResultStage 2 (approxQuantile at NativeMethodAccessorImpl.java:0)","logger":"airflow.task.hooks.airflow.providers.standard.hooks.subprocess.SubprocessHook"}
{"timestamp":"2025-07-05T15:06:41.110072","level":"info","event":"25/07/05 15:06:41 INFO DAGScheduler: Parents of final stage: List()","logger":"airflow.task.hooks.airflow.providers.standard.hooks.subprocess.SubprocessHook"}
{"timestamp":"2025-07-05T15:06:41.110492","level":"info","event":"25/07/05 15:06:41 INFO DAGScheduler: Missing parents: List()","logger":"airflow.task.hooks.airflow.providers.standard.hooks.subprocess.SubprocessHook"}
{"timestamp":"2025-07-05T15:06:41.111221","level":"info","event":"25/07/05 15:06:41 INFO DAGScheduler: Submitting ResultStage 2 (MapPartitionsRDD[16] at approxQuantile at NativeMethodAccessorImpl.java:0), which has no missing parents","logger":"airflow.task.hooks.airflow.providers.standard.hooks.subprocess.SubprocessHook"}
{"timestamp":"2025-07-05T15:06:41.126357","level":"info","event":"25/07/05 15:06:41 INFO MemoryStore: Block broadcast_5 stored as values in memory (estimated size 20.3 KiB, free 365.3 MiB)","logger":"airflow.task.hooks.airflow.providers.standard.hooks.subprocess.SubprocessHook"}
{"timestamp":"2025-07-05T15:06:41.128240","level":"info","event":"25/07/05 15:06:41 INFO MemoryStore: Block broadcast_5_piece0 stored as bytes in memory (estimated size 9.8 KiB, free 365.3 MiB)","logger":"airflow.task.hooks.airflow.providers.standard.hooks.subprocess.SubprocessHook"}
{"timestamp":"2025-07-05T15:06:41.129477","level":"info","event":"25/07/05 15:06:41 INFO BlockManagerInfo: Added broadcast_5_piece0 in memory on d4aed7f68172:35643 (size: 9.8 KiB, free: 366.2 MiB)","logger":"airflow.task.hooks.airflow.providers.standard.hooks.subprocess.SubprocessHook"}
{"timestamp":"2025-07-05T15:06:41.129653","level":"info","event":"25/07/05 15:06:41 INFO SparkContext: Created broadcast 5 from broadcast at DAGScheduler.scala:1383","logger":"airflow.task.hooks.airflow.providers.standard.hooks.subprocess.SubprocessHook"}
{"timestamp":"2025-07-05T15:06:41.130379","level":"info","event":"25/07/05 15:06:41 INFO DAGScheduler: Submitting 1 missing tasks from ResultStage 2 (MapPartitionsRDD[16] at approxQuantile at NativeMethodAccessorImpl.java:0) (first 15 tasks are for partitions Vector(0))","logger":"airflow.task.hooks.airflow.providers.standard.hooks.subprocess.SubprocessHook"}
{"timestamp":"2025-07-05T15:06:41.130499","level":"info","event":"25/07/05 15:06:41 INFO TaskSchedulerImpl: Adding task set 2.0 with 1 tasks resource profile 0","logger":"airflow.task.hooks.airflow.providers.standard.hooks.subprocess.SubprocessHook"}
{"timestamp":"2025-07-05T15:06:41.131948","level":"info","event":"25/07/05 15:06:41 INFO TaskSetManager: Starting task 0.0 in stage 2.0 (TID 2) (172.21.0.6, executor 0, partition 0, ANY, 4876 bytes) taskResourceAssignments Map()","logger":"airflow.task.hooks.airflow.providers.standard.hooks.subprocess.SubprocessHook"}
{"timestamp":"2025-07-05T15:06:41.144530","level":"info","event":"25/07/05 15:06:41 INFO BlockManagerInfo: Added broadcast_5_piece0 in memory on 172.21.0.6:40187 (size: 9.8 KiB, free: 366.2 MiB)","logger":"airflow.task.hooks.airflow.providers.standard.hooks.subprocess.SubprocessHook"}
{"timestamp":"2025-07-05T15:06:41.225527","level":"info","event":"25/07/05 15:06:41 INFO BlockManagerInfo: Added broadcast_4_piece0 in memory on 172.21.0.6:40187 (size: 27.6 KiB, free: 366.2 MiB)","logger":"airflow.task.hooks.airflow.providers.standard.hooks.subprocess.SubprocessHook"}
{"timestamp":"2025-07-05T15:06:41.384917","level":"info","event":"25/07/05 15:06:41 INFO TaskSetManager: Finished task 0.0 in stage 2.0 (TID 2) in 253 ms on 172.21.0.6 (executor 0) (1/1)","logger":"airflow.task.hooks.airflow.providers.standard.hooks.subprocess.SubprocessHook"}
{"timestamp":"2025-07-05T15:06:41.385122","level":"info","event":"25/07/05 15:06:41 INFO TaskSchedulerImpl: Removed TaskSet 2.0, whose tasks have all completed, from pool","logger":"airflow.task.hooks.airflow.providers.standard.hooks.subprocess.SubprocessHook"}
{"timestamp":"2025-07-05T15:06:41.385360","level":"info","event":"25/07/05 15:06:41 INFO DAGScheduler: ResultStage 2 (approxQuantile at NativeMethodAccessorImpl.java:0) finished in 0.273 s","logger":"airflow.task.hooks.airflow.providers.standard.hooks.subprocess.SubprocessHook"}
{"timestamp":"2025-07-05T15:06:41.385452","level":"info","event":"25/07/05 15:06:41 INFO DAGScheduler: Job 2 is finished. Cancelling potential speculative or zombie tasks for this job","logger":"airflow.task.hooks.airflow.providers.standard.hooks.subprocess.SubprocessHook"}
{"timestamp":"2025-07-05T15:06:41.385507","level":"info","event":"25/07/05 15:06:41 INFO TaskSchedulerImpl: Killing all running tasks in stage 2: Stage finished","logger":"airflow.task.hooks.airflow.providers.standard.hooks.subprocess.SubprocessHook"}
{"timestamp":"2025-07-05T15:06:41.387006","level":"info","event":"25/07/05 15:06:41 INFO DAGScheduler: Job 2 finished: approxQuantile at NativeMethodAccessorImpl.java:0, took 0.278308 s","logger":"airflow.task.hooks.airflow.providers.standard.hooks.subprocess.SubprocessHook"}
{"timestamp":"2025-07-05T15:06:41.497483","level":"info","event":"25/07/05 15:06:41 INFO FileSourceStrategy: Pushed Filters:","logger":"airflow.task.hooks.airflow.providers.standard.hooks.subprocess.SubprocessHook"}
{"timestamp":"2025-07-05T15:06:41.498477","level":"info","event":"25/07/05 15:06:41 INFO FileSourceStrategy: Post-Scan Filters: ((CASE WHEN isnull(cast(TotalCharges#35 as double)) THEN 0.0 ELSE cast(TotalCharges#35 as double) END < -3927.1499999999996) OR (CASE WHEN isnull(cast(TotalCharges#35 as double)) THEN 0.0 ELSE cast(TotalCharges#35 as double) END > 7662.049999999999))","logger":"airflow.task.hooks.airflow.providers.standard.hooks.subprocess.SubprocessHook"}
{"timestamp":"2025-07-05T15:06:41.498602","level":"info","event":"25/07/05 15:06:41 INFO FileSourceStrategy: Output Data Schema: struct<TotalCharges: string>","logger":"airflow.task.hooks.airflow.providers.standard.hooks.subprocess.SubprocessHook"}
{"timestamp":"2025-07-05T15:06:41.555783","level":"info","event":"25/07/05 15:06:41 INFO CodeGenerator: Code generated in 12.837168 ms","logger":"airflow.task.hooks.airflow.providers.standard.hooks.subprocess.SubprocessHook"}
{"timestamp":"2025-07-05T15:06:41.592211","level":"info","event":"25/07/05 15:06:41 INFO CodeGenerator: Code generated in 24.985952 ms","logger":"airflow.task.hooks.airflow.providers.standard.hooks.subprocess.SubprocessHook"}
{"timestamp":"2025-07-05T15:06:41.595871","level":"info","event":"25/07/05 15:06:41 INFO MemoryStore: Block broadcast_6 stored as values in memory (estimated size 304.2 KiB, free 365.0 MiB)","logger":"airflow.task.hooks.airflow.providers.standard.hooks.subprocess.SubprocessHook"}
{"timestamp":"2025-07-05T15:06:41.602794","level":"info","event":"25/07/05 15:06:41 INFO MemoryStore: Block broadcast_6_piece0 stored as bytes in memory (estimated size 27.6 KiB, free 364.9 MiB)","logger":"airflow.task.hooks.airflow.providers.standard.hooks.subprocess.SubprocessHook"}
{"timestamp":"2025-07-05T15:06:41.603881","level":"info","event":"25/07/05 15:06:41 INFO BlockManagerInfo: Added broadcast_6_piece0 in memory on d4aed7f68172:35643 (size: 27.6 KiB, free: 366.2 MiB)","logger":"airflow.task.hooks.airflow.providers.standard.hooks.subprocess.SubprocessHook"}
{"timestamp":"2025-07-05T15:06:41.604361","level":"info","event":"25/07/05 15:06:41 INFO SparkContext: Created broadcast 6 from count at NativeMethodAccessorImpl.java:0","logger":"airflow.task.hooks.airflow.providers.standard.hooks.subprocess.SubprocessHook"}
{"timestamp":"2025-07-05T15:06:41.606340","level":"info","event":"25/07/05 15:06:41 INFO FileSourceScanExec: Planning scan with bin packing, max size: 4194304 bytes, open cost is considered as scanning 4194304 bytes.","logger":"airflow.task.hooks.airflow.providers.standard.hooks.subprocess.SubprocessHook"}
{"timestamp":"2025-07-05T15:06:41.635314","level":"info","event":"25/07/05 15:06:41 INFO SparkContext: Starting job: count at NativeMethodAccessorImpl.java:0","logger":"airflow.task.hooks.airflow.providers.standard.hooks.subprocess.SubprocessHook"}
{"timestamp":"2025-07-05T15:06:41.637572","level":"info","event":"25/07/05 15:06:41 INFO DAGScheduler: Registering RDD 20 (count at NativeMethodAccessorImpl.java:0) as input to shuffle 0","logger":"airflow.task.hooks.airflow.providers.standard.hooks.subprocess.SubprocessHook"}
{"timestamp":"2025-07-05T15:06:41.639889","level":"info","event":"25/07/05 15:06:41 INFO DAGScheduler: Got job 3 (count at NativeMethodAccessorImpl.java:0) with 1 output partitions","logger":"airflow.task.hooks.airflow.providers.standard.hooks.subprocess.SubprocessHook"}
{"timestamp":"2025-07-05T15:06:41.640023","level":"info","event":"25/07/05 15:06:41 INFO DAGScheduler: Final stage: ResultStage 4 (count at NativeMethodAccessorImpl.java:0)","logger":"airflow.task.hooks.airflow.providers.standard.hooks.subprocess.SubprocessHook"}
{"timestamp":"2025-07-05T15:06:41.640087","level":"info","event":"25/07/05 15:06:41 INFO DAGScheduler: Parents of final stage: List(ShuffleMapStage 3)","logger":"airflow.task.hooks.airflow.providers.standard.hooks.subprocess.SubprocessHook"}
{"timestamp":"2025-07-05T15:06:41.640769","level":"info","event":"25/07/05 15:06:41 INFO DAGScheduler: Missing parents: List(ShuffleMapStage 3)","logger":"airflow.task.hooks.airflow.providers.standard.hooks.subprocess.SubprocessHook"}
{"timestamp":"2025-07-05T15:06:41.642526","level":"info","event":"25/07/05 15:06:41 INFO DAGScheduler: Submitting ShuffleMapStage 3 (MapPartitionsRDD[20] at count at NativeMethodAccessorImpl.java:0), which has no missing parents","logger":"airflow.task.hooks.airflow.providers.standard.hooks.subprocess.SubprocessHook"}
{"timestamp":"2025-07-05T15:06:41.651299","level":"info","event":"25/07/05 15:06:41 INFO MemoryStore: Block broadcast_7 stored as values in memory (estimated size 19.7 KiB, free 364.9 MiB)","logger":"airflow.task.hooks.airflow.providers.standard.hooks.subprocess.SubprocessHook"}
{"timestamp":"2025-07-05T15:06:41.653929","level":"info","event":"25/07/05 15:06:41 INFO MemoryStore: Block broadcast_7_piece0 stored as bytes in memory (estimated size 9.3 KiB, free 364.9 MiB)","logger":"airflow.task.hooks.airflow.providers.standard.hooks.subprocess.SubprocessHook"}
{"timestamp":"2025-07-05T15:06:41.655077","level":"info","event":"25/07/05 15:06:41 INFO BlockManagerInfo: Added broadcast_7_piece0 in memory on d4aed7f68172:35643 (size: 9.3 KiB, free: 366.2 MiB)","logger":"airflow.task.hooks.airflow.providers.standard.hooks.subprocess.SubprocessHook"}
{"timestamp":"2025-07-05T15:06:41.655244","level":"info","event":"25/07/05 15:06:41 INFO SparkContext: Created broadcast 7 from broadcast at DAGScheduler.scala:1383","logger":"airflow.task.hooks.airflow.providers.standard.hooks.subprocess.SubprocessHook"}
{"timestamp":"2025-07-05T15:06:41.657107","level":"info","event":"25/07/05 15:06:41 INFO DAGScheduler: Submitting 1 missing tasks from ShuffleMapStage 3 (MapPartitionsRDD[20] at count at NativeMethodAccessorImpl.java:0) (first 15 tasks are for partitions Vector(0))","logger":"airflow.task.hooks.airflow.providers.standard.hooks.subprocess.SubprocessHook"}
{"timestamp":"2025-07-05T15:06:41.657248","level":"info","event":"25/07/05 15:06:41 INFO TaskSchedulerImpl: Adding task set 3.0 with 1 tasks resource profile 0","logger":"airflow.task.hooks.airflow.providers.standard.hooks.subprocess.SubprocessHook"}
{"timestamp":"2025-07-05T15:06:41.659513","level":"info","event":"25/07/05 15:06:41 INFO TaskSetManager: Starting task 0.0 in stage 3.0 (TID 3) (172.21.0.6, executor 0, partition 0, ANY, 4865 bytes) taskResourceAssignments Map()","logger":"airflow.task.hooks.airflow.providers.standard.hooks.subprocess.SubprocessHook"}
{"timestamp":"2025-07-05T15:06:41.675864","level":"info","event":"25/07/05 15:06:41 INFO BlockManagerInfo: Added broadcast_7_piece0 in memory on 172.21.0.6:40187 (size: 9.3 KiB, free: 366.2 MiB)","logger":"airflow.task.hooks.airflow.providers.standard.hooks.subprocess.SubprocessHook"}
{"timestamp":"2025-07-05T15:06:41.773923","level":"info","event":"25/07/05 15:06:41 INFO BlockManagerInfo: Added broadcast_6_piece0 in memory on 172.21.0.6:40187 (size: 27.6 KiB, free: 366.2 MiB)","logger":"airflow.task.hooks.airflow.providers.standard.hooks.subprocess.SubprocessHook"}
{"timestamp":"2025-07-05T15:06:41.888308","level":"info","event":"25/07/05 15:06:41 INFO TaskSetManager: Finished task 0.0 in stage 3.0 (TID 3) in 229 ms on 172.21.0.6 (executor 0) (1/1)","logger":"airflow.task.hooks.airflow.providers.standard.hooks.subprocess.SubprocessHook"}
{"timestamp":"2025-07-05T15:06:41.888506","level":"info","event":"25/07/05 15:06:41 INFO TaskSchedulerImpl: Removed TaskSet 3.0, whose tasks have all completed, from pool","logger":"airflow.task.hooks.airflow.providers.standard.hooks.subprocess.SubprocessHook"}
{"timestamp":"2025-07-05T15:06:41.890202","level":"info","event":"25/07/05 15:06:41 INFO DAGScheduler: ShuffleMapStage 3 (count at NativeMethodAccessorImpl.java:0) finished in 0.244 s","logger":"airflow.task.hooks.airflow.providers.standard.hooks.subprocess.SubprocessHook"}
{"timestamp":"2025-07-05T15:06:41.890410","level":"info","event":"25/07/05 15:06:41 INFO DAGScheduler: looking for newly runnable stages","logger":"airflow.task.hooks.airflow.providers.standard.hooks.subprocess.SubprocessHook"}
{"timestamp":"2025-07-05T15:06:41.891073","level":"info","event":"25/07/05 15:06:41 INFO DAGScheduler: running: Set()","logger":"airflow.task.hooks.airflow.providers.standard.hooks.subprocess.SubprocessHook"}
{"timestamp":"2025-07-05T15:06:41.891201","level":"info","event":"25/07/05 15:06:41 INFO DAGScheduler: waiting: Set(ResultStage 4)","logger":"airflow.task.hooks.airflow.providers.standard.hooks.subprocess.SubprocessHook"}
{"timestamp":"2025-07-05T15:06:41.891263","level":"info","event":"25/07/05 15:06:41 INFO DAGScheduler: failed: Set()","logger":"airflow.task.hooks.airflow.providers.standard.hooks.subprocess.SubprocessHook"}
{"timestamp":"2025-07-05T15:06:41.893955","level":"info","event":"25/07/05 15:06:41 INFO DAGScheduler: Submitting ResultStage 4 (MapPartitionsRDD[23] at count at NativeMethodAccessorImpl.java:0), which has no missing parents","logger":"airflow.task.hooks.airflow.providers.standard.hooks.subprocess.SubprocessHook"}
{"timestamp":"2025-07-05T15:06:41.900149","level":"info","event":"25/07/05 15:06:41 INFO MemoryStore: Block broadcast_8 stored as values in memory (estimated size 10.1 KiB, free 364.9 MiB)","logger":"airflow.task.hooks.airflow.providers.standard.hooks.subprocess.SubprocessHook"}
{"timestamp":"2025-07-05T15:06:41.902264","level":"info","event":"25/07/05 15:06:41 INFO MemoryStore: Block broadcast_8_piece0 stored as bytes in memory (estimated size 5.0 KiB, free 364.9 MiB)","logger":"airflow.task.hooks.airflow.providers.standard.hooks.subprocess.SubprocessHook"}
{"timestamp":"2025-07-05T15:06:41.903317","level":"info","event":"25/07/05 15:06:41 INFO BlockManagerInfo: Added broadcast_8_piece0 in memory on d4aed7f68172:35643 (size: 5.0 KiB, free: 366.2 MiB)","logger":"airflow.task.hooks.airflow.providers.standard.hooks.subprocess.SubprocessHook"}
{"timestamp":"2025-07-05T15:06:41.903681","level":"info","event":"25/07/05 15:06:41 INFO SparkContext: Created broadcast 8 from broadcast at DAGScheduler.scala:1383","logger":"airflow.task.hooks.airflow.providers.standard.hooks.subprocess.SubprocessHook"}
{"timestamp":"2025-07-05T15:06:41.904358","level":"info","event":"25/07/05 15:06:41 INFO DAGScheduler: Submitting 1 missing tasks from ResultStage 4 (MapPartitionsRDD[23] at count at NativeMethodAccessorImpl.java:0) (first 15 tasks are for partitions Vector(0))","logger":"airflow.task.hooks.airflow.providers.standard.hooks.subprocess.SubprocessHook"}
{"timestamp":"2025-07-05T15:06:41.904477","level":"info","event":"25/07/05 15:06:41 INFO TaskSchedulerImpl: Adding task set 4.0 with 1 tasks resource profile 0","logger":"airflow.task.hooks.airflow.providers.standard.hooks.subprocess.SubprocessHook"}
{"timestamp":"2025-07-05T15:06:41.908034","level":"info","event":"25/07/05 15:06:41 INFO TaskSetManager: Starting task 0.0 in stage 4.0 (TID 4) (172.21.0.6, executor 0, partition 0, NODE_LOCAL, 4457 bytes) taskResourceAssignments Map()","logger":"airflow.task.hooks.airflow.providers.standard.hooks.subprocess.SubprocessHook"}
{"timestamp":"2025-07-05T15:06:41.925624","level":"info","event":"25/07/05 15:06:41 INFO BlockManagerInfo: Added broadcast_8_piece0 in memory on 172.21.0.6:40187 (size: 5.0 KiB, free: 366.2 MiB)","logger":"airflow.task.hooks.airflow.providers.standard.hooks.subprocess.SubprocessHook"}
{"timestamp":"2025-07-05T15:06:41.945933","level":"info","event":"25/07/05 15:06:41 INFO MapOutputTrackerMasterEndpoint: Asked to send map output locations for shuffle 0 to 172.21.0.6:38274","logger":"airflow.task.hooks.airflow.providers.standard.hooks.subprocess.SubprocessHook"}
{"timestamp":"2025-07-05T15:06:42.033349","level":"info","event":"25/07/05 15:06:42 INFO TaskSetManager: Finished task 0.0 in stage 4.0 (TID 4) in 126 ms on 172.21.0.6 (executor 0) (1/1)","logger":"airflow.task.hooks.airflow.providers.standard.hooks.subprocess.SubprocessHook"}
{"timestamp":"2025-07-05T15:06:42.033572","level":"info","event":"25/07/05 15:06:42 INFO TaskSchedulerImpl: Removed TaskSet 4.0, whose tasks have all completed, from pool","logger":"airflow.task.hooks.airflow.providers.standard.hooks.subprocess.SubprocessHook"}
{"timestamp":"2025-07-05T15:06:42.033964","level":"info","event":"25/07/05 15:06:42 INFO DAGScheduler: ResultStage 4 (count at NativeMethodAccessorImpl.java:0) finished in 0.135 s","logger":"airflow.task.hooks.airflow.providers.standard.hooks.subprocess.SubprocessHook"}
{"timestamp":"2025-07-05T15:06:42.034083","level":"info","event":"25/07/05 15:06:42 INFO DAGScheduler: Job 3 is finished. Cancelling potential speculative or zombie tasks for this job","logger":"airflow.task.hooks.airflow.providers.standard.hooks.subprocess.SubprocessHook"}
{"timestamp":"2025-07-05T15:06:42.034158","level":"info","event":"25/07/05 15:06:42 INFO TaskSchedulerImpl: Killing all running tasks in stage 4: Stage finished","logger":"airflow.task.hooks.airflow.providers.standard.hooks.subprocess.SubprocessHook"}
{"timestamp":"2025-07-05T15:06:42.034707","level":"info","event":"25/07/05 15:06:42 INFO DAGScheduler: Job 3 finished: count at NativeMethodAccessorImpl.java:0, took 0.399325 s","logger":"airflow.task.hooks.airflow.providers.standard.hooks.subprocess.SubprocessHook"}
{"timestamp":"2025-07-05T15:06:42.037785","level":"info","event":"Number of outliers in totalcharges: 154","logger":"airflow.task.hooks.airflow.providers.standard.hooks.subprocess.SubprocessHook"}
{"timestamp":"2025-07-05T15:06:42.130129","level":"info","event":"25/07/05 15:06:42 INFO FileSourceStrategy: Pushed Filters:","logger":"airflow.task.hooks.airflow.providers.standard.hooks.subprocess.SubprocessHook"}
{"timestamp":"2025-07-05T15:06:42.130333","level":"info","event":"25/07/05 15:06:42 INFO FileSourceStrategy: Post-Scan Filters:","logger":"airflow.task.hooks.airflow.providers.standard.hooks.subprocess.SubprocessHook"}
{"timestamp":"2025-07-05T15:06:42.130424","level":"info","event":"25/07/05 15:06:42 INFO FileSourceStrategy: Output Data Schema: struct<customerID: string, gender: string, SeniorCitizen: int, Partner: string, Dependents: string ... 19 more fields>","logger":"airflow.task.hooks.airflow.providers.standard.hooks.subprocess.SubprocessHook"}
{"timestamp":"2025-07-05T15:06:42.187461","level":"info","event":"25/07/05 15:06:42 INFO ParquetFileFormat: Using default output committer for Parquet: org.apache.parquet.hadoop.ParquetOutputCommitter","logger":"airflow.task.hooks.airflow.providers.standard.hooks.subprocess.SubprocessHook"}
{"timestamp":"2025-07-05T15:06:42.209956","level":"info","event":"25/07/05 15:06:42 INFO FileOutputCommitter: File Output Committer Algorithm version is 1","logger":"airflow.task.hooks.airflow.providers.standard.hooks.subprocess.SubprocessHook"}
{"timestamp":"2025-07-05T15:06:42.210154","level":"info","event":"25/07/05 15:06:42 INFO FileOutputCommitter: FileOutputCommitter skip cleanup _temporary folders under output directory:false, ignore cleanup failures: false","logger":"airflow.task.hooks.airflow.providers.standard.hooks.subprocess.SubprocessHook"}
{"timestamp":"2025-07-05T15:06:42.210625","level":"info","event":"25/07/05 15:06:42 INFO SQLHadoopMapReduceCommitProtocol: Using user defined output committer class org.apache.parquet.hadoop.ParquetOutputCommitter","logger":"airflow.task.hooks.airflow.providers.standard.hooks.subprocess.SubprocessHook"}
{"timestamp":"2025-07-05T15:06:42.211188","level":"info","event":"25/07/05 15:06:42 INFO FileOutputCommitter: File Output Committer Algorithm version is 1","logger":"airflow.task.hooks.airflow.providers.standard.hooks.subprocess.SubprocessHook"}
{"timestamp":"2025-07-05T15:06:42.211452","level":"info","event":"25/07/05 15:06:42 INFO FileOutputCommitter: FileOutputCommitter skip cleanup _temporary folders under output directory:false, ignore cleanup failures: false","logger":"airflow.task.hooks.airflow.providers.standard.hooks.subprocess.SubprocessHook"}
{"timestamp":"2025-07-05T15:06:42.212800","level":"info","event":"25/07/05 15:06:42 INFO SQLHadoopMapReduceCommitProtocol: Using output committer class org.apache.parquet.hadoop.ParquetOutputCommitter","logger":"airflow.task.hooks.airflow.providers.standard.hooks.subprocess.SubprocessHook"}
{"timestamp":"2025-07-05T15:06:42.276625","level":"info","event":"25/07/05 15:06:42 INFO CodeGenerator: Code generated in 30.110475 ms","logger":"airflow.task.hooks.airflow.providers.standard.hooks.subprocess.SubprocessHook"}
{"timestamp":"2025-07-05T15:06:42.279970","level":"info","event":"25/07/05 15:06:42 INFO MemoryStore: Block broadcast_9 stored as values in memory (estimated size 304.2 KiB, free 364.6 MiB)","logger":"airflow.task.hooks.airflow.providers.standard.hooks.subprocess.SubprocessHook"}
{"timestamp":"2025-07-05T15:06:42.287869","level":"info","event":"25/07/05 15:06:42 INFO MemoryStore: Block broadcast_9_piece0 stored as bytes in memory (estimated size 27.6 KiB, free 364.6 MiB)","logger":"airflow.task.hooks.airflow.providers.standard.hooks.subprocess.SubprocessHook"}
{"timestamp":"2025-07-05T15:06:42.288655","level":"info","event":"25/07/05 15:06:42 INFO BlockManagerInfo: Added broadcast_9_piece0 in memory on d4aed7f68172:35643 (size: 27.6 KiB, free: 366.1 MiB)","logger":"airflow.task.hooks.airflow.providers.standard.hooks.subprocess.SubprocessHook"}
{"timestamp":"2025-07-05T15:06:42.289396","level":"info","event":"25/07/05 15:06:42 INFO SparkContext: Created broadcast 9 from parquet at NativeMethodAccessorImpl.java:0","logger":"airflow.task.hooks.airflow.providers.standard.hooks.subprocess.SubprocessHook"}
{"timestamp":"2025-07-05T15:06:42.290412","level":"info","event":"25/07/05 15:06:42 INFO FileSourceScanExec: Planning scan with bin packing, max size: 4194304 bytes, open cost is considered as scanning 4194304 bytes.","logger":"airflow.task.hooks.airflow.providers.standard.hooks.subprocess.SubprocessHook"}
{"timestamp":"2025-07-05T15:06:42.319765","level":"info","event":"25/07/05 15:06:42 INFO SparkContext: Starting job: parquet at NativeMethodAccessorImpl.java:0","logger":"airflow.task.hooks.airflow.providers.standard.hooks.subprocess.SubprocessHook"}
{"timestamp":"2025-07-05T15:06:42.322215","level":"info","event":"25/07/05 15:06:42 INFO DAGScheduler: Got job 4 (parquet at NativeMethodAccessorImpl.java:0) with 1 output partitions","logger":"airflow.task.hooks.airflow.providers.standard.hooks.subprocess.SubprocessHook"}
{"timestamp":"2025-07-05T15:06:42.322423","level":"info","event":"25/07/05 15:06:42 INFO DAGScheduler: Final stage: ResultStage 5 (parquet at NativeMethodAccessorImpl.java:0)","logger":"airflow.task.hooks.airflow.providers.standard.hooks.subprocess.SubprocessHook"}
{"timestamp":"2025-07-05T15:06:42.322495","level":"info","event":"25/07/05 15:06:42 INFO DAGScheduler: Parents of final stage: List()","logger":"airflow.task.hooks.airflow.providers.standard.hooks.subprocess.SubprocessHook"}
{"timestamp":"2025-07-05T15:06:42.322537","level":"info","event":"25/07/05 15:06:42 INFO DAGScheduler: Missing parents: List()","logger":"airflow.task.hooks.airflow.providers.standard.hooks.subprocess.SubprocessHook"}
{"timestamp":"2025-07-05T15:06:42.322574","level":"info","event":"25/07/05 15:06:42 INFO DAGScheduler: Submitting ResultStage 5 (MapPartitionsRDD[26] at parquet at NativeMethodAccessorImpl.java:0), which has no missing parents","logger":"airflow.task.hooks.airflow.providers.standard.hooks.subprocess.SubprocessHook"}
{"timestamp":"2025-07-05T15:06:42.339394","level":"info","event":"25/07/05 15:06:42 INFO MemoryStore: Block broadcast_10 stored as values in memory (estimated size 191.6 KiB, free 364.4 MiB)","logger":"airflow.task.hooks.airflow.providers.standard.hooks.subprocess.SubprocessHook"}
{"timestamp":"2025-07-05T15:06:42.361218","level":"info","event":"25/07/05 15:06:42 INFO MemoryStore: Block broadcast_10_piece0 stored as bytes in memory (estimated size 67.1 KiB, free 364.3 MiB)","logger":"airflow.task.hooks.airflow.providers.standard.hooks.subprocess.SubprocessHook"}
{"timestamp":"2025-07-05T15:06:42.370122","level":"info","event":"25/07/05 15:06:42 INFO BlockManagerInfo: Added broadcast_10_piece0 in memory on d4aed7f68172:35643 (size: 67.1 KiB, free: 366.1 MiB)","logger":"airflow.task.hooks.airflow.providers.standard.hooks.subprocess.SubprocessHook"}
{"timestamp":"2025-07-05T15:06:42.370304","level":"info","event":"25/07/05 15:06:42 INFO SparkContext: Created broadcast 10 from broadcast at DAGScheduler.scala:1383","logger":"airflow.task.hooks.airflow.providers.standard.hooks.subprocess.SubprocessHook"}
{"timestamp":"2025-07-05T15:06:42.370375","level":"info","event":"25/07/05 15:06:42 INFO DAGScheduler: Submitting 1 missing tasks from ResultStage 5 (MapPartitionsRDD[26] at parquet at NativeMethodAccessorImpl.java:0) (first 15 tasks are for partitions Vector(0))","logger":"airflow.task.hooks.airflow.providers.standard.hooks.subprocess.SubprocessHook"}
{"timestamp":"2025-07-05T15:06:42.370432","level":"info","event":"25/07/05 15:06:42 INFO TaskSchedulerImpl: Adding task set 5.0 with 1 tasks resource profile 0","logger":"airflow.task.hooks.airflow.providers.standard.hooks.subprocess.SubprocessHook"}
{"timestamp":"2025-07-05T15:06:42.373669","level":"info","event":"25/07/05 15:06:42 INFO TaskSetManager: Starting task 0.0 in stage 5.0 (TID 5) (172.21.0.6, executor 0, partition 0, ANY, 4876 bytes) taskResourceAssignments Map()","logger":"airflow.task.hooks.airflow.providers.standard.hooks.subprocess.SubprocessHook"}
{"timestamp":"2025-07-05T15:06:42.404968","level":"info","event":"25/07/05 15:06:42 INFO BlockManagerInfo: Removed broadcast_8_piece0 on d4aed7f68172:35643 in memory (size: 5.0 KiB, free: 366.1 MiB)","logger":"airflow.task.hooks.airflow.providers.standard.hooks.subprocess.SubprocessHook"}
{"timestamp":"2025-07-05T15:06:42.409563","level":"info","event":"25/07/05 15:06:42 INFO BlockManagerInfo: Added broadcast_10_piece0 in memory on 172.21.0.6:40187 (size: 67.1 KiB, free: 366.1 MiB)","logger":"airflow.task.hooks.airflow.providers.standard.hooks.subprocess.SubprocessHook"}
{"timestamp":"2025-07-05T15:06:42.414687","level":"info","event":"25/07/05 15:06:42 INFO BlockManagerInfo: Removed broadcast_8_piece0 on 172.21.0.6:40187 in memory (size: 5.0 KiB, free: 366.1 MiB)","logger":"airflow.task.hooks.airflow.providers.standard.hooks.subprocess.SubprocessHook"}
{"timestamp":"2025-07-05T15:06:42.428765","level":"info","event":"25/07/05 15:06:42 INFO BlockManagerInfo: Removed broadcast_7_piece0 on d4aed7f68172:35643 in memory (size: 9.3 KiB, free: 366.1 MiB)","logger":"airflow.task.hooks.airflow.providers.standard.hooks.subprocess.SubprocessHook"}
{"timestamp":"2025-07-05T15:06:42.432608","level":"info","event":"25/07/05 15:06:42 INFO BlockManagerInfo: Removed broadcast_7_piece0 on 172.21.0.6:40187 in memory (size: 9.3 KiB, free: 366.1 MiB)","logger":"airflow.task.hooks.airflow.providers.standard.hooks.subprocess.SubprocessHook"}
{"timestamp":"2025-07-05T15:06:42.442813","level":"info","event":"25/07/05 15:06:42 INFO BlockManagerInfo: Removed broadcast_5_piece0 on d4aed7f68172:35643 in memory (size: 9.8 KiB, free: 366.1 MiB)","logger":"airflow.task.hooks.airflow.providers.standard.hooks.subprocess.SubprocessHook"}
{"timestamp":"2025-07-05T15:06:42.446568","level":"info","event":"25/07/05 15:06:42 INFO BlockManagerInfo: Removed broadcast_5_piece0 on 172.21.0.6:40187 in memory (size: 9.8 KiB, free: 366.1 MiB)","logger":"airflow.task.hooks.airflow.providers.standard.hooks.subprocess.SubprocessHook"}
{"timestamp":"2025-07-05T15:06:42.459204","level":"info","event":"25/07/05 15:06:42 INFO BlockManagerInfo: Removed broadcast_4_piece0 on d4aed7f68172:35643 in memory (size: 27.6 KiB, free: 366.1 MiB)","logger":"airflow.task.hooks.airflow.providers.standard.hooks.subprocess.SubprocessHook"}
{"timestamp":"2025-07-05T15:06:42.462441","level":"info","event":"25/07/05 15:06:42 INFO BlockManagerInfo: Removed broadcast_4_piece0 on 172.21.0.6:40187 in memory (size: 27.6 KiB, free: 366.1 MiB)","logger":"airflow.task.hooks.airflow.providers.standard.hooks.subprocess.SubprocessHook"}
{"timestamp":"2025-07-05T15:06:42.469437","level":"info","event":"25/07/05 15:06:42 INFO BlockManagerInfo: Removed broadcast_6_piece0 on d4aed7f68172:35643 in memory (size: 27.6 KiB, free: 366.1 MiB)","logger":"airflow.task.hooks.airflow.providers.standard.hooks.subprocess.SubprocessHook"}
{"timestamp":"2025-07-05T15:06:42.472034","level":"info","event":"25/07/05 15:06:42 INFO BlockManagerInfo: Removed broadcast_6_piece0 on 172.21.0.6:40187 in memory (size: 27.6 KiB, free: 366.2 MiB)","logger":"airflow.task.hooks.airflow.providers.standard.hooks.subprocess.SubprocessHook"}
{"timestamp":"2025-07-05T15:06:42.478458","level":"info","event":"25/07/05 15:06:42 INFO BlockManagerInfo: Removed broadcast_3_piece0 on d4aed7f68172:35643 in memory (size: 8.1 KiB, free: 366.1 MiB)","logger":"airflow.task.hooks.airflow.providers.standard.hooks.subprocess.SubprocessHook"}
{"timestamp":"2025-07-05T15:06:42.481680","level":"info","event":"25/07/05 15:06:42 INFO BlockManagerInfo: Removed broadcast_3_piece0 on 172.21.0.6:40187 in memory (size: 8.1 KiB, free: 366.2 MiB)","logger":"airflow.task.hooks.airflow.providers.standard.hooks.subprocess.SubprocessHook"}
{"timestamp":"2025-07-05T15:06:42.486827","level":"info","event":"25/07/05 15:06:42 INFO BlockManagerInfo: Removed broadcast_1_piece0 on d4aed7f68172:35643 in memory (size: 5.4 KiB, free: 366.2 MiB)","logger":"airflow.task.hooks.airflow.providers.standard.hooks.subprocess.SubprocessHook"}
{"timestamp":"2025-07-05T15:06:42.489658","level":"info","event":"25/07/05 15:06:42 INFO BlockManagerInfo: Removed broadcast_1_piece0 on 172.21.0.6:40187 in memory (size: 5.4 KiB, free: 366.2 MiB)","logger":"airflow.task.hooks.airflow.providers.standard.hooks.subprocess.SubprocessHook"}
{"timestamp":"2025-07-05T15:06:42.893405","level":"info","event":"25/07/05 15:06:42 INFO BlockManagerInfo: Added broadcast_9_piece0 in memory on 172.21.0.6:40187 (size: 27.6 KiB, free: 366.2 MiB)","logger":"airflow.task.hooks.airflow.providers.standard.hooks.subprocess.SubprocessHook"}
{"timestamp":"2025-07-05T15:06:43.791845","level":"info","event":"25/07/05 15:06:43 INFO TaskSetManager: Finished task 0.0 in stage 5.0 (TID 5) in 1421 ms on 172.21.0.6 (executor 0) (1/1)","logger":"airflow.task.hooks.airflow.providers.standard.hooks.subprocess.SubprocessHook"}
{"timestamp":"2025-07-05T15:06:43.792019","level":"info","event":"25/07/05 15:06:43 INFO TaskSchedulerImpl: Removed TaskSet 5.0, whose tasks have all completed, from pool","logger":"airflow.task.hooks.airflow.providers.standard.hooks.subprocess.SubprocessHook"}
{"timestamp":"2025-07-05T15:06:43.792555","level":"info","event":"25/07/05 15:06:43 INFO DAGScheduler: ResultStage 5 (parquet at NativeMethodAccessorImpl.java:0) finished in 1.470 s","logger":"airflow.task.hooks.airflow.providers.standard.hooks.subprocess.SubprocessHook"}
{"timestamp":"2025-07-05T15:06:43.792685","level":"info","event":"25/07/05 15:06:43 INFO DAGScheduler: Job 4 is finished. Cancelling potential speculative or zombie tasks for this job","logger":"airflow.task.hooks.airflow.providers.standard.hooks.subprocess.SubprocessHook"}
{"timestamp":"2025-07-05T15:06:43.792756","level":"info","event":"25/07/05 15:06:43 INFO TaskSchedulerImpl: Killing all running tasks in stage 5: Stage finished","logger":"airflow.task.hooks.airflow.providers.standard.hooks.subprocess.SubprocessHook"}
{"timestamp":"2025-07-05T15:06:43.793736","level":"info","event":"25/07/05 15:06:43 INFO DAGScheduler: Job 4 finished: parquet at NativeMethodAccessorImpl.java:0, took 1.473905 s","logger":"airflow.task.hooks.airflow.providers.standard.hooks.subprocess.SubprocessHook"}
{"timestamp":"2025-07-05T15:06:43.856604","level":"info","event":"25/07/05 15:06:43 INFO FileFormatWriter: Write Job 182357c0-15d4-4ecb-add0-b53bffd729a0 committed.","logger":"airflow.task.hooks.airflow.providers.standard.hooks.subprocess.SubprocessHook"}
{"timestamp":"2025-07-05T15:06:43.860029","level":"info","event":"25/07/05 15:06:43 INFO FileFormatWriter: Finished processing stats for write job 182357c0-15d4-4ecb-add0-b53bffd729a0.","logger":"airflow.task.hooks.airflow.providers.standard.hooks.subprocess.SubprocessHook"}
{"timestamp":"2025-07-05T15:06:44.192943","level":"info","event":"25/07/05 15:06:44 INFO FileSourceStrategy: Pushed Filters:","logger":"airflow.task.hooks.airflow.providers.standard.hooks.subprocess.SubprocessHook"}
{"timestamp":"2025-07-05T15:06:44.193091","level":"info","event":"25/07/05 15:06:44 INFO FileSourceStrategy: Post-Scan Filters:","logger":"airflow.task.hooks.airflow.providers.standard.hooks.subprocess.SubprocessHook"}
{"timestamp":"2025-07-05T15:06:44.193145","level":"info","event":"25/07/05 15:06:44 INFO FileSourceStrategy: Output Data Schema: struct<customerID: string, gender: string, SeniorCitizen: int, Partner: string, Dependents: string ... 19 more fields>","logger":"airflow.task.hooks.airflow.providers.standard.hooks.subprocess.SubprocessHook"}
{"timestamp":"2025-07-05T15:06:44.207343","level":"info","event":"25/07/05 15:06:44 INFO MemoryStore: Block broadcast_11 stored as values in memory (estimated size 304.2 KiB, free 364.8 MiB)","logger":"airflow.task.hooks.airflow.providers.standard.hooks.subprocess.SubprocessHook"}
{"timestamp":"2025-07-05T15:06:44.215571","level":"info","event":"25/07/05 15:06:44 INFO MemoryStore: Block broadcast_11_piece0 stored as bytes in memory (estimated size 27.6 KiB, free 364.8 MiB)","logger":"airflow.task.hooks.airflow.providers.standard.hooks.subprocess.SubprocessHook"}
{"timestamp":"2025-07-05T15:06:44.216809","level":"info","event":"25/07/05 15:06:44 INFO BlockManagerInfo: Added broadcast_11_piece0 in memory on d4aed7f68172:35643 (size: 27.6 KiB, free: 366.1 MiB)","logger":"airflow.task.hooks.airflow.providers.standard.hooks.subprocess.SubprocessHook"}
{"timestamp":"2025-07-05T15:06:44.217297","level":"info","event":"25/07/05 15:06:44 INFO SparkContext: Created broadcast 11 from save at NativeMethodAccessorImpl.java:0","logger":"airflow.task.hooks.airflow.providers.standard.hooks.subprocess.SubprocessHook"}
{"timestamp":"2025-07-05T15:06:44.217400","level":"info","event":"25/07/05 15:06:44 INFO FileSourceScanExec: Planning scan with bin packing, max size: 4194304 bytes, open cost is considered as scanning 4194304 bytes.","logger":"airflow.task.hooks.airflow.providers.standard.hooks.subprocess.SubprocessHook"}
{"timestamp":"2025-07-05T15:06:44.247445","level":"info","event":"25/07/05 15:06:44 INFO SparkContext: Starting job: save at NativeMethodAccessorImpl.java:0","logger":"airflow.task.hooks.airflow.providers.standard.hooks.subprocess.SubprocessHook"}
{"timestamp":"2025-07-05T15:06:44.248647","level":"info","event":"25/07/05 15:06:44 INFO DAGScheduler: Got job 5 (save at NativeMethodAccessorImpl.java:0) with 1 output partitions","logger":"airflow.task.hooks.airflow.providers.standard.hooks.subprocess.SubprocessHook"}
{"timestamp":"2025-07-05T15:06:44.248818","level":"info","event":"25/07/05 15:06:44 INFO DAGScheduler: Final stage: ResultStage 6 (save at NativeMethodAccessorImpl.java:0)","logger":"airflow.task.hooks.airflow.providers.standard.hooks.subprocess.SubprocessHook"}
{"timestamp":"2025-07-05T15:06:44.248883","level":"info","event":"25/07/05 15:06:44 INFO DAGScheduler: Parents of final stage: List()","logger":"airflow.task.hooks.airflow.providers.standard.hooks.subprocess.SubprocessHook"}
{"timestamp":"2025-07-05T15:06:44.248932","level":"info","event":"25/07/05 15:06:44 INFO DAGScheduler: Missing parents: List()","logger":"airflow.task.hooks.airflow.providers.standard.hooks.subprocess.SubprocessHook"}
{"timestamp":"2025-07-05T15:06:44.249800","level":"info","event":"25/07/05 15:06:44 INFO DAGScheduler: Submitting ResultStage 6 (MapPartitionsRDD[34] at save at NativeMethodAccessorImpl.java:0), which has no missing parents","logger":"airflow.task.hooks.airflow.providers.standard.hooks.subprocess.SubprocessHook"}
{"timestamp":"2025-07-05T15:06:44.269345","level":"info","event":"25/07/05 15:06:44 INFO MemoryStore: Block broadcast_12 stored as values in memory (estimated size 37.8 KiB, free 364.7 MiB)","logger":"airflow.task.hooks.airflow.providers.standard.hooks.subprocess.SubprocessHook"}
{"timestamp":"2025-07-05T15:06:44.270873","level":"info","event":"25/07/05 15:06:44 INFO MemoryStore: Block broadcast_12_piece0 stored as bytes in memory (estimated size 15.5 KiB, free 364.7 MiB)","logger":"airflow.task.hooks.airflow.providers.standard.hooks.subprocess.SubprocessHook"}
{"timestamp":"2025-07-05T15:06:44.271894","level":"info","event":"25/07/05 15:06:44 INFO BlockManagerInfo: Added broadcast_12_piece0 in memory on d4aed7f68172:35643 (size: 15.5 KiB, free: 366.1 MiB)","logger":"airflow.task.hooks.airflow.providers.standard.hooks.subprocess.SubprocessHook"}
{"timestamp":"2025-07-05T15:06:44.272059","level":"info","event":"25/07/05 15:06:44 INFO SparkContext: Created broadcast 12 from broadcast at DAGScheduler.scala:1383","logger":"airflow.task.hooks.airflow.providers.standard.hooks.subprocess.SubprocessHook"}
{"timestamp":"2025-07-05T15:06:44.272632","level":"info","event":"25/07/05 15:06:44 INFO DAGScheduler: Submitting 1 missing tasks from ResultStage 6 (MapPartitionsRDD[34] at save at NativeMethodAccessorImpl.java:0) (first 15 tasks are for partitions Vector(0))","logger":"airflow.task.hooks.airflow.providers.standard.hooks.subprocess.SubprocessHook"}
{"timestamp":"2025-07-05T15:06:44.272768","level":"info","event":"25/07/05 15:06:44 INFO TaskSchedulerImpl: Adding task set 6.0 with 1 tasks resource profile 0","logger":"airflow.task.hooks.airflow.providers.standard.hooks.subprocess.SubprocessHook"}
{"timestamp":"2025-07-05T15:06:44.274224","level":"info","event":"25/07/05 15:06:44 INFO TaskSetManager: Starting task 0.0 in stage 6.0 (TID 6) (172.21.0.6, executor 0, partition 0, ANY, 4876 bytes) taskResourceAssignments Map()","logger":"airflow.task.hooks.airflow.providers.standard.hooks.subprocess.SubprocessHook"}
{"timestamp":"2025-07-05T15:06:44.285070","level":"info","event":"25/07/05 15:06:44 INFO BlockManagerInfo: Added broadcast_12_piece0 in memory on 172.21.0.6:40187 (size: 15.5 KiB, free: 366.1 MiB)","logger":"airflow.task.hooks.airflow.providers.standard.hooks.subprocess.SubprocessHook"}
{"timestamp":"2025-07-05T15:06:44.597399","level":"info","event":"25/07/05 15:06:44 INFO BlockManagerInfo: Added broadcast_11_piece0 in memory on 172.21.0.6:40187 (size: 27.6 KiB, free: 366.1 MiB)","logger":"airflow.task.hooks.airflow.providers.standard.hooks.subprocess.SubprocessHook"}
{"timestamp":"2025-07-05T15:06:44.821931","level":"info","event":"25/07/05 15:06:44 INFO TaskSetManager: Finished task 0.0 in stage 6.0 (TID 6) in 548 ms on 172.21.0.6 (executor 0) (1/1)","logger":"airflow.task.hooks.airflow.providers.standard.hooks.subprocess.SubprocessHook"}
{"timestamp":"2025-07-05T15:06:44.822136","level":"info","event":"25/07/05 15:06:44 INFO TaskSchedulerImpl: Removed TaskSet 6.0, whose tasks have all completed, from pool","logger":"airflow.task.hooks.airflow.providers.standard.hooks.subprocess.SubprocessHook"}
{"timestamp":"2025-07-05T15:06:44.822618","level":"info","event":"25/07/05 15:06:44 INFO DAGScheduler: ResultStage 6 (save at NativeMethodAccessorImpl.java:0) finished in 0.572 s","logger":"airflow.task.hooks.airflow.providers.standard.hooks.subprocess.SubprocessHook"}
{"timestamp":"2025-07-05T15:06:44.822698","level":"info","event":"25/07/05 15:06:44 INFO DAGScheduler: Job 5 is finished. Cancelling potential speculative or zombie tasks for this job","logger":"airflow.task.hooks.airflow.providers.standard.hooks.subprocess.SubprocessHook"}
{"timestamp":"2025-07-05T15:06:44.822752","level":"info","event":"25/07/05 15:06:44 INFO TaskSchedulerImpl: Killing all running tasks in stage 6: Stage finished","logger":"airflow.task.hooks.airflow.providers.standard.hooks.subprocess.SubprocessHook"}
{"timestamp":"2025-07-05T15:06:44.822805","level":"info","event":"25/07/05 15:06:44 INFO DAGScheduler: Job 5 finished: save at NativeMethodAccessorImpl.java:0, took 0.575342 s","logger":"airflow.task.hooks.airflow.providers.standard.hooks.subprocess.SubprocessHook"}
{"timestamp":"2025-07-05T15:06:44.891131","level":"info","event":"The Cleaning is done!","logger":"airflow.task.hooks.airflow.providers.standard.hooks.subprocess.SubprocessHook"}
{"timestamp":"2025-07-05T15:06:44.923010","level":"info","event":"25/07/05 15:06:44 INFO SparkContext: Invoking stop() from shutdown hook","logger":"airflow.task.hooks.airflow.providers.standard.hooks.subprocess.SubprocessHook"}
{"timestamp":"2025-07-05T15:06:44.933563","level":"info","event":"25/07/05 15:06:44 INFO SparkUI: Stopped Spark web UI at http://d4aed7f68172:4040","logger":"airflow.task.hooks.airflow.providers.standard.hooks.subprocess.SubprocessHook"}
{"timestamp":"2025-07-05T15:06:44.936787","level":"info","event":"25/07/05 15:06:44 INFO StandaloneSchedulerBackend: Shutting down all executors","logger":"airflow.task.hooks.airflow.providers.standard.hooks.subprocess.SubprocessHook"}
{"timestamp":"2025-07-05T15:06:44.937021","level":"info","event":"25/07/05 15:06:44 INFO CoarseGrainedSchedulerBackend$DriverEndpoint: Asking each executor to shut down","logger":"airflow.task.hooks.airflow.providers.standard.hooks.subprocess.SubprocessHook"}
{"timestamp":"2025-07-05T15:06:44.959971","level":"info","event":"25/07/05 15:06:44 INFO MapOutputTrackerMasterEndpoint: MapOutputTrackerMasterEndpoint stopped!","logger":"airflow.task.hooks.airflow.providers.standard.hooks.subprocess.SubprocessHook"}
{"timestamp":"2025-07-05T15:06:44.975418","level":"info","event":"25/07/05 15:06:44 INFO MemoryStore: MemoryStore cleared","logger":"airflow.task.hooks.airflow.providers.standard.hooks.subprocess.SubprocessHook"}
{"timestamp":"2025-07-05T15:06:44.976234","level":"info","event":"25/07/05 15:06:44 INFO BlockManager: BlockManager stopped","logger":"airflow.task.hooks.airflow.providers.standard.hooks.subprocess.SubprocessHook"}
{"timestamp":"2025-07-05T15:06:44.981101","level":"info","event":"25/07/05 15:06:44 INFO BlockManagerMaster: BlockManagerMaster stopped","logger":"airflow.task.hooks.airflow.providers.standard.hooks.subprocess.SubprocessHook"}
{"timestamp":"2025-07-05T15:06:44.984270","level":"info","event":"25/07/05 15:06:44 INFO OutputCommitCoordinator$OutputCommitCoordinatorEndpoint: OutputCommitCoordinator stopped!","logger":"airflow.task.hooks.airflow.providers.standard.hooks.subprocess.SubprocessHook"}
{"timestamp":"2025-07-05T15:06:44.995550","level":"info","event":"25/07/05 15:06:44 INFO SparkContext: Successfully stopped SparkContext","logger":"airflow.task.hooks.airflow.providers.standard.hooks.subprocess.SubprocessHook"}
{"timestamp":"2025-07-05T15:06:44.995744","level":"info","event":"25/07/05 15:06:44 INFO ShutdownHookManager: Shutdown hook called","logger":"airflow.task.hooks.airflow.providers.standard.hooks.subprocess.SubprocessHook"}
{"timestamp":"2025-07-05T15:06:44.996536","level":"info","event":"25/07/05 15:06:44 INFO ShutdownHookManager: Deleting directory /tmp/spark-e5b0e4c8-e91d-461f-a509-98c6028b6d89/pyspark-37e06a4c-4e63-4467-8458-083f6fc4b1c4","logger":"airflow.task.hooks.airflow.providers.standard.hooks.subprocess.SubprocessHook"}
{"timestamp":"2025-07-05T15:06:45.001345","level":"info","event":"25/07/05 15:06:45 INFO ShutdownHookManager: Deleting directory /tmp/spark-22f6e8a4-2161-467a-9909-8d7b73acdb9a","logger":"airflow.task.hooks.airflow.providers.standard.hooks.subprocess.SubprocessHook"}
{"timestamp":"2025-07-05T15:06:45.005641","level":"info","event":"25/07/05 15:06:45 INFO ShutdownHookManager: Deleting directory /tmp/spark-e5b0e4c8-e91d-461f-a509-98c6028b6d89","logger":"airflow.task.hooks.airflow.providers.standard.hooks.subprocess.SubprocessHook"}
{"timestamp":"2025-07-05T15:06:45.167302","level":"info","event":"Command exited with return code 0","logger":"airflow.task.hooks.airflow.providers.standard.hooks.subprocess.SubprocessHook"}
{"timestamp":"2025-07-05T15:06:45.167962","level":"info","event":"Pushing xcom","ti":"RuntimeTaskInstance(id=UUID('0197d666-ce9c-716a-a863-6bc7c47169d5'), task_id='run_spark_cleaning_and_upload', dag_id='telco_to_hdfs_dag', run_id='manual__2025-07-04T17:05:51.240390+00:00', try_number=2, map_index=-1, hostname='5986b2597cca', context_carrier=None, task=<Task(BashOperator): run_spark_cleaning_and_upload>, bundle_instance=LocalDagBundle(name=dags-folder), max_tries=0, start_date=datetime.datetime(2025, 7, 5, 15, 6, 26, 182130, tzinfo=TzInfo(UTC)), end_date=None, is_mapped=False)","logger":"task"}
