{"timestamp":"2025-06-30T19:46:56.672060","level":"info","event":"DAG bundles loaded: dags-folder","logger":"airflow.dag_processing.bundles.manager.DagBundlesManager"}
{"timestamp":"2025-06-30T19:46:56.672508","level":"info","event":"Filling up the DagBag from /opt/airflow/dags/telco_to_hdfs_dag.py","logger":"airflow.models.dagbag.DagBag"}
{"timestamp":"2025-06-30T19:46:56.686658","level":"info","event":"Tmp dir root location: /tmp","logger":"airflow.task.hooks.airflow.providers.standard.hooks.subprocess.SubprocessHook"}
{"timestamp":"2025-06-30T19:46:56.687309","level":"info","event":"Running command: ['/usr/bin/bash', '-c', 'docker exec spark-master /spark/bin/spark-submit /opt/spark-apps/get_clean.py']","logger":"airflow.task.hooks.airflow.providers.standard.hooks.subprocess.SubprocessHook"}
{"timestamp":"2025-06-30T19:46:56.695524","level":"info","event":"Output:","logger":"airflow.task.hooks.airflow.providers.standard.hooks.subprocess.SubprocessHook"}
{"timestamp":"2025-06-30T19:46:58.099429","level":"info","event":"25/06/30 19:46:58 WARN NativeCodeLoader: Unable to load native-hadoop library for your platform... using builtin-java classes where applicable","logger":"airflow.task.hooks.airflow.providers.standard.hooks.subprocess.SubprocessHook"}
{"timestamp":"2025-06-30T19:46:58.793761","level":"info","event":"Using Spark's default log4j profile: org/apache/spark/log4j-defaults.properties","logger":"airflow.task.hooks.airflow.providers.standard.hooks.subprocess.SubprocessHook"}
{"timestamp":"2025-06-30T19:46:58.807512","level":"info","event":"25/06/30 19:46:58 INFO SparkContext: Running Spark version 3.1.1","logger":"airflow.task.hooks.airflow.providers.standard.hooks.subprocess.SubprocessHook"}
{"timestamp":"2025-06-30T19:46:58.849916","level":"info","event":"25/06/30 19:46:58 INFO ResourceUtils: ==============================================================","logger":"airflow.task.hooks.airflow.providers.standard.hooks.subprocess.SubprocessHook"}
{"timestamp":"2025-06-30T19:46:58.850140","level":"info","event":"25/06/30 19:46:58 INFO ResourceUtils: No custom resources configured for spark.driver.","logger":"airflow.task.hooks.airflow.providers.standard.hooks.subprocess.SubprocessHook"}
{"timestamp":"2025-06-30T19:46:58.850229","level":"info","event":"25/06/30 19:46:58 INFO ResourceUtils: ==============================================================","logger":"airflow.task.hooks.airflow.providers.standard.hooks.subprocess.SubprocessHook"}
{"timestamp":"2025-06-30T19:46:58.850334","level":"info","event":"25/06/30 19:46:58 INFO SparkContext: Submitted application: TelcoExploration","logger":"airflow.task.hooks.airflow.providers.standard.hooks.subprocess.SubprocessHook"}
{"timestamp":"2025-06-30T19:46:58.873650","level":"info","event":"25/06/30 19:46:58 INFO ResourceProfile: Default ResourceProfile created, executor resources: Map(cores -> name: cores, amount: 1, script: , vendor: , memory -> name: memory, amount: 1024, script: , vendor: , offHeap -> name: offHeap, amount: 0, script: , vendor: ), task resources: Map(cpus -> name: cpus, amount: 1.0)","logger":"airflow.task.hooks.airflow.providers.standard.hooks.subprocess.SubprocessHook"}
{"timestamp":"2025-06-30T19:46:58.889024","level":"info","event":"25/06/30 19:46:58 INFO ResourceProfile: Limiting resource is cpu","logger":"airflow.task.hooks.airflow.providers.standard.hooks.subprocess.SubprocessHook"}
{"timestamp":"2025-06-30T19:46:58.889220","level":"info","event":"25/06/30 19:46:58 INFO ResourceProfileManager: Added ResourceProfile id: 0","logger":"airflow.task.hooks.airflow.providers.standard.hooks.subprocess.SubprocessHook"}
{"timestamp":"2025-06-30T19:46:58.939567","level":"info","event":"25/06/30 19:46:58 INFO SecurityManager: Changing view acls to: root","logger":"airflow.task.hooks.airflow.providers.standard.hooks.subprocess.SubprocessHook"}
{"timestamp":"2025-06-30T19:46:58.939703","level":"info","event":"25/06/30 19:46:58 INFO SecurityManager: Changing modify acls to: root","logger":"airflow.task.hooks.airflow.providers.standard.hooks.subprocess.SubprocessHook"}
{"timestamp":"2025-06-30T19:46:58.939751","level":"info","event":"25/06/30 19:46:58 INFO SecurityManager: Changing view acls groups to:","logger":"airflow.task.hooks.airflow.providers.standard.hooks.subprocess.SubprocessHook"}
{"timestamp":"2025-06-30T19:46:58.939785","level":"info","event":"25/06/30 19:46:58 INFO SecurityManager: Changing modify acls groups to:","logger":"airflow.task.hooks.airflow.providers.standard.hooks.subprocess.SubprocessHook"}
{"timestamp":"2025-06-30T19:46:58.939815","level":"info","event":"25/06/30 19:46:58 INFO SecurityManager: SecurityManager: authentication disabled; ui acls disabled; users  with view permissions: Set(root); groups with view permissions: Set(); users  with modify permissions: Set(root); groups with modify permissions: Set()","logger":"airflow.task.hooks.airflow.providers.standard.hooks.subprocess.SubprocessHook"}
{"timestamp":"2025-06-30T19:46:59.122918","level":"info","event":"25/06/30 19:46:59 INFO Utils: Successfully started service 'sparkDriver' on port 37395.","logger":"airflow.task.hooks.airflow.providers.standard.hooks.subprocess.SubprocessHook"}
{"timestamp":"2025-06-30T19:46:59.151387","level":"info","event":"25/06/30 19:46:59 INFO SparkEnv: Registering MapOutputTracker","logger":"airflow.task.hooks.airflow.providers.standard.hooks.subprocess.SubprocessHook"}
{"timestamp":"2025-06-30T19:46:59.179149","level":"info","event":"25/06/30 19:46:59 INFO SparkEnv: Registering BlockManagerMaster","logger":"airflow.task.hooks.airflow.providers.standard.hooks.subprocess.SubprocessHook"}
{"timestamp":"2025-06-30T19:46:59.200787","level":"info","event":"25/06/30 19:46:59 INFO BlockManagerMasterEndpoint: Using org.apache.spark.storage.DefaultTopologyMapper for getting topology information","logger":"airflow.task.hooks.airflow.providers.standard.hooks.subprocess.SubprocessHook"}
{"timestamp":"2025-06-30T19:46:59.201231","level":"info","event":"25/06/30 19:46:59 INFO BlockManagerMasterEndpoint: BlockManagerMasterEndpoint up","logger":"airflow.task.hooks.airflow.providers.standard.hooks.subprocess.SubprocessHook"}
{"timestamp":"2025-06-30T19:46:59.206285","level":"info","event":"25/06/30 19:46:59 INFO SparkEnv: Registering BlockManagerMasterHeartbeat","logger":"airflow.task.hooks.airflow.providers.standard.hooks.subprocess.SubprocessHook"}
{"timestamp":"2025-06-30T19:46:59.225268","level":"info","event":"25/06/30 19:46:59 INFO DiskBlockManager: Created local directory at /tmp/blockmgr-4ed0b992-213f-4336-a6cd-d91de4f7009c","logger":"airflow.task.hooks.airflow.providers.standard.hooks.subprocess.SubprocessHook"}
{"timestamp":"2025-06-30T19:46:59.249485","level":"info","event":"25/06/30 19:46:59 INFO MemoryStore: MemoryStore started with capacity 366.3 MiB","logger":"airflow.task.hooks.airflow.providers.standard.hooks.subprocess.SubprocessHook"}
{"timestamp":"2025-06-30T19:46:59.272152","level":"info","event":"25/06/30 19:46:59 INFO SparkEnv: Registering OutputCommitCoordinator","logger":"airflow.task.hooks.airflow.providers.standard.hooks.subprocess.SubprocessHook"}
{"timestamp":"2025-06-30T19:46:59.504391","level":"info","event":"25/06/30 19:46:59 INFO Utils: Successfully started service 'SparkUI' on port 4040.","logger":"airflow.task.hooks.airflow.providers.standard.hooks.subprocess.SubprocessHook"}
{"timestamp":"2025-06-30T19:46:59.556444","level":"info","event":"25/06/30 19:46:59 INFO SparkUI: Bound SparkUI to 0.0.0.0, and started at http://76fff13ec683:4040","logger":"airflow.task.hooks.airflow.providers.standard.hooks.subprocess.SubprocessHook"}
{"timestamp":"2025-06-30T19:46:59.764228","level":"info","event":"25/06/30 19:46:59 INFO StandaloneAppClient$ClientEndpoint: Connecting to master spark://spark-master:7077...","logger":"airflow.task.hooks.airflow.providers.standard.hooks.subprocess.SubprocessHook"}
{"timestamp":"2025-06-30T19:46:59.818602","level":"info","event":"25/06/30 19:46:59 INFO TransportClientFactory: Successfully created connection to spark-master/172.21.0.4:7077 after 29 ms (0 ms spent in bootstraps)","logger":"airflow.task.hooks.airflow.providers.standard.hooks.subprocess.SubprocessHook"}
{"timestamp":"2025-06-30T19:46:59.952240","level":"info","event":"25/06/30 19:46:59 INFO StandaloneSchedulerBackend: Connected to Spark cluster with app ID app-20250630194659-0000","logger":"airflow.task.hooks.airflow.providers.standard.hooks.subprocess.SubprocessHook"}
{"timestamp":"2025-06-30T19:46:59.964774","level":"info","event":"25/06/30 19:46:59 INFO Utils: Successfully started service 'org.apache.spark.network.netty.NettyBlockTransferService' on port 34889.","logger":"airflow.task.hooks.airflow.providers.standard.hooks.subprocess.SubprocessHook"}
{"timestamp":"2025-06-30T19:46:59.965021","level":"info","event":"25/06/30 19:46:59 INFO NettyBlockTransferService: Server created on 76fff13ec683:34889","logger":"airflow.task.hooks.airflow.providers.standard.hooks.subprocess.SubprocessHook"}
{"timestamp":"2025-06-30T19:46:59.967886","level":"info","event":"25/06/30 19:46:59 INFO BlockManager: Using org.apache.spark.storage.RandomBlockReplicationPolicy for block replication policy","logger":"airflow.task.hooks.airflow.providers.standard.hooks.subprocess.SubprocessHook"}
{"timestamp":"2025-06-30T19:46:59.977538","level":"info","event":"25/06/30 19:46:59 INFO BlockManagerMaster: Registering BlockManager BlockManagerId(driver, 76fff13ec683, 34889, None)","logger":"airflow.task.hooks.airflow.providers.standard.hooks.subprocess.SubprocessHook"}
{"timestamp":"2025-06-30T19:46:59.980765","level":"info","event":"25/06/30 19:46:59 INFO BlockManagerMasterEndpoint: Registering block manager 76fff13ec683:34889 with 366.3 MiB RAM, BlockManagerId(driver, 76fff13ec683, 34889, None)","logger":"airflow.task.hooks.airflow.providers.standard.hooks.subprocess.SubprocessHook"}
{"timestamp":"2025-06-30T19:46:59.984327","level":"info","event":"25/06/30 19:46:59 INFO BlockManagerMaster: Registered BlockManager BlockManagerId(driver, 76fff13ec683, 34889, None)","logger":"airflow.task.hooks.airflow.providers.standard.hooks.subprocess.SubprocessHook"}
{"timestamp":"2025-06-30T19:46:59.988815","level":"info","event":"25/06/30 19:46:59 INFO BlockManager: Initialized BlockManager: BlockManagerId(driver, 76fff13ec683, 34889, None)","logger":"airflow.task.hooks.airflow.providers.standard.hooks.subprocess.SubprocessHook"}
{"timestamp":"2025-06-30T19:46:59.989003","level":"info","event":"25/06/30 19:46:59 INFO StandaloneAppClient$ClientEndpoint: Executor added: app-20250630194659-0000/0 on worker-20250630194602-172.21.0.6-38987 (172.21.0.6:38987) with 12 core(s)","logger":"airflow.task.hooks.airflow.providers.standard.hooks.subprocess.SubprocessHook"}
{"timestamp":"2025-06-30T19:46:59.989075","level":"info","event":"25/06/30 19:46:59 INFO StandaloneSchedulerBackend: Granted executor ID app-20250630194659-0000/0 on hostPort 172.21.0.6:38987 with 12 core(s), 1024.0 MiB RAM","logger":"airflow.task.hooks.airflow.providers.standard.hooks.subprocess.SubprocessHook"}
{"timestamp":"2025-06-30T19:47:00.100224","level":"info","event":"25/06/30 19:47:00 INFO StandaloneAppClient$ClientEndpoint: Executor updated: app-20250630194659-0000/0 is now RUNNING","logger":"airflow.task.hooks.airflow.providers.standard.hooks.subprocess.SubprocessHook"}
{"timestamp":"2025-06-30T19:47:00.162126","level":"info","event":"25/06/30 19:47:00 INFO StandaloneSchedulerBackend: SchedulerBackend is ready for scheduling beginning after reached minRegisteredResourcesRatio: 0.0","logger":"airflow.task.hooks.airflow.providers.standard.hooks.subprocess.SubprocessHook"}
{"timestamp":"2025-06-30T19:47:00.434636","level":"info","event":"25/06/30 19:47:00 INFO SharedState: Setting hive.metastore.warehouse.dir ('null') to the value of spark.sql.warehouse.dir ('file:/spark-warehouse').","logger":"airflow.task.hooks.airflow.providers.standard.hooks.subprocess.SubprocessHook"}
{"timestamp":"2025-06-30T19:47:00.434843","level":"info","event":"25/06/30 19:47:00 INFO SharedState: Warehouse path is 'file:/spark-warehouse'.","logger":"airflow.task.hooks.airflow.providers.standard.hooks.subprocess.SubprocessHook"}
{"timestamp":"2025-06-30T19:47:01.903458","level":"info","event":"25/06/30 19:47:01 INFO InMemoryFileIndex: It took 144 ms to list leaf files for 1 paths.","logger":"airflow.task.hooks.airflow.providers.standard.hooks.subprocess.SubprocessHook"}
{"timestamp":"2025-06-30T19:47:01.967614","level":"info","event":"25/06/30 19:47:01 INFO InMemoryFileIndex: It took 5 ms to list leaf files for 1 paths.","logger":"airflow.task.hooks.airflow.providers.standard.hooks.subprocess.SubprocessHook"}
{"timestamp":"2025-06-30T19:47:02.064084","level":"info","event":"25/06/30 19:47:02 INFO CoarseGrainedSchedulerBackend$DriverEndpoint: Registered executor NettyRpcEndpointRef(spark-client://Executor) (172.21.0.6:33754) with ID 0,  ResourceProfileId 0","logger":"airflow.task.hooks.airflow.providers.standard.hooks.subprocess.SubprocessHook"}
{"timestamp":"2025-06-30T19:47:02.168062","level":"info","event":"25/06/30 19:47:02 INFO BlockManagerMasterEndpoint: Registering block manager 172.21.0.6:42699 with 366.3 MiB RAM, BlockManagerId(0, 172.21.0.6, 42699, None)","logger":"airflow.task.hooks.airflow.providers.standard.hooks.subprocess.SubprocessHook"}
{"timestamp":"2025-06-30T19:47:03.826106","level":"info","event":"25/06/30 19:47:03 INFO FileSourceStrategy: Pushed Filters:","logger":"airflow.task.hooks.airflow.providers.standard.hooks.subprocess.SubprocessHook"}
{"timestamp":"2025-06-30T19:47:03.830614","level":"info","event":"25/06/30 19:47:03 INFO FileSourceStrategy: Post-Scan Filters: (length(trim(value#0, None)) > 0)","logger":"airflow.task.hooks.airflow.providers.standard.hooks.subprocess.SubprocessHook"}
{"timestamp":"2025-06-30T19:47:03.833745","level":"info","event":"25/06/30 19:47:03 INFO FileSourceStrategy: Output Data Schema: struct<value: string>","logger":"airflow.task.hooks.airflow.providers.standard.hooks.subprocess.SubprocessHook"}
{"timestamp":"2025-06-30T19:47:04.540911","level":"info","event":"25/06/30 19:47:04 INFO CodeGenerator: Code generated in 289.948432 ms","logger":"airflow.task.hooks.airflow.providers.standard.hooks.subprocess.SubprocessHook"}
{"timestamp":"2025-06-30T19:47:04.610311","level":"info","event":"25/06/30 19:47:04 INFO MemoryStore: Block broadcast_0 stored as values in memory (estimated size 303.4 KiB, free 366.0 MiB)","logger":"airflow.task.hooks.airflow.providers.standard.hooks.subprocess.SubprocessHook"}
{"timestamp":"2025-06-30T19:47:04.668187","level":"info","event":"25/06/30 19:47:04 INFO MemoryStore: Block broadcast_0_piece0 stored as bytes in memory (estimated size 27.5 KiB, free 366.0 MiB)","logger":"airflow.task.hooks.airflow.providers.standard.hooks.subprocess.SubprocessHook"}
{"timestamp":"2025-06-30T19:47:04.671156","level":"info","event":"25/06/30 19:47:04 INFO BlockManagerInfo: Added broadcast_0_piece0 in memory on 76fff13ec683:34889 (size: 27.5 KiB, free: 366.3 MiB)","logger":"airflow.task.hooks.airflow.providers.standard.hooks.subprocess.SubprocessHook"}
{"timestamp":"2025-06-30T19:47:04.673852","level":"info","event":"25/06/30 19:47:04 INFO SparkContext: Created broadcast 0 from csv at NativeMethodAccessorImpl.java:0","logger":"airflow.task.hooks.airflow.providers.standard.hooks.subprocess.SubprocessHook"}
{"timestamp":"2025-06-30T19:47:04.682328","level":"info","event":"25/06/30 19:47:04 INFO FileSourceScanExec: Planning scan with bin packing, max size: 4194304 bytes, open cost is considered as scanning 4194304 bytes.","logger":"airflow.task.hooks.airflow.providers.standard.hooks.subprocess.SubprocessHook"}
{"timestamp":"2025-06-30T19:47:04.788374","level":"info","event":"25/06/30 19:47:04 INFO SparkContext: Starting job: csv at NativeMethodAccessorImpl.java:0","logger":"airflow.task.hooks.airflow.providers.standard.hooks.subprocess.SubprocessHook"}
{"timestamp":"2025-06-30T19:47:04.802519","level":"info","event":"25/06/30 19:47:04 INFO DAGScheduler: Got job 0 (csv at NativeMethodAccessorImpl.java:0) with 1 output partitions","logger":"airflow.task.hooks.airflow.providers.standard.hooks.subprocess.SubprocessHook"}
{"timestamp":"2025-06-30T19:47:04.802716","level":"info","event":"25/06/30 19:47:04 INFO DAGScheduler: Final stage: ResultStage 0 (csv at NativeMethodAccessorImpl.java:0)","logger":"airflow.task.hooks.airflow.providers.standard.hooks.subprocess.SubprocessHook"}
{"timestamp":"2025-06-30T19:47:04.802848","level":"info","event":"25/06/30 19:47:04 INFO DAGScheduler: Parents of final stage: List()","logger":"airflow.task.hooks.airflow.providers.standard.hooks.subprocess.SubprocessHook"}
{"timestamp":"2025-06-30T19:47:04.804397","level":"info","event":"25/06/30 19:47:04 INFO DAGScheduler: Missing parents: List()","logger":"airflow.task.hooks.airflow.providers.standard.hooks.subprocess.SubprocessHook"}
{"timestamp":"2025-06-30T19:47:04.808075","level":"info","event":"25/06/30 19:47:04 INFO DAGScheduler: Submitting ResultStage 0 (MapPartitionsRDD[3] at csv at NativeMethodAccessorImpl.java:0), which has no missing parents","logger":"airflow.task.hooks.airflow.providers.standard.hooks.subprocess.SubprocessHook"}
{"timestamp":"2025-06-30T19:47:04.862824","level":"info","event":"25/06/30 19:47:04 INFO MemoryStore: Block broadcast_1 stored as values in memory (estimated size 10.8 KiB, free 366.0 MiB)","logger":"airflow.task.hooks.airflow.providers.standard.hooks.subprocess.SubprocessHook"}
{"timestamp":"2025-06-30T19:47:04.865249","level":"info","event":"25/06/30 19:47:04 INFO MemoryStore: Block broadcast_1_piece0 stored as bytes in memory (estimated size 5.4 KiB, free 366.0 MiB)","logger":"airflow.task.hooks.airflow.providers.standard.hooks.subprocess.SubprocessHook"}
{"timestamp":"2025-06-30T19:47:04.865483","level":"info","event":"25/06/30 19:47:04 INFO BlockManagerInfo: Added broadcast_1_piece0 in memory on 76fff13ec683:34889 (size: 5.4 KiB, free: 366.3 MiB)","logger":"airflow.task.hooks.airflow.providers.standard.hooks.subprocess.SubprocessHook"}
{"timestamp":"2025-06-30T19:47:04.866050","level":"info","event":"25/06/30 19:47:04 INFO SparkContext: Created broadcast 1 from broadcast at DAGScheduler.scala:1383","logger":"airflow.task.hooks.airflow.providers.standard.hooks.subprocess.SubprocessHook"}
{"timestamp":"2025-06-30T19:47:04.879776","level":"info","event":"25/06/30 19:47:04 INFO DAGScheduler: Submitting 1 missing tasks from ResultStage 0 (MapPartitionsRDD[3] at csv at NativeMethodAccessorImpl.java:0) (first 15 tasks are for partitions Vector(0))","logger":"airflow.task.hooks.airflow.providers.standard.hooks.subprocess.SubprocessHook"}
{"timestamp":"2025-06-30T19:47:04.880441","level":"info","event":"25/06/30 19:47:04 INFO TaskSchedulerImpl: Adding task set 0.0 with 1 tasks resource profile 0","logger":"airflow.task.hooks.airflow.providers.standard.hooks.subprocess.SubprocessHook"}
{"timestamp":"2025-06-30T19:47:04.916255","level":"info","event":"25/06/30 19:47:04 INFO TaskSetManager: Starting task 0.0 in stage 0.0 (TID 0) (172.21.0.6, executor 0, partition 0, ANY, 4876 bytes) taskResourceAssignments Map()","logger":"airflow.task.hooks.airflow.providers.standard.hooks.subprocess.SubprocessHook"}
{"timestamp":"2025-06-30T19:47:05.145438","level":"info","event":"25/06/30 19:47:05 INFO BlockManagerInfo: Added broadcast_1_piece0 in memory on 172.21.0.6:42699 (size: 5.4 KiB, free: 366.3 MiB)","logger":"airflow.task.hooks.airflow.providers.standard.hooks.subprocess.SubprocessHook"}
{"timestamp":"2025-06-30T19:47:06.015055","level":"info","event":"25/06/30 19:47:06 INFO BlockManagerInfo: Added broadcast_0_piece0 in memory on 172.21.0.6:42699 (size: 27.5 KiB, free: 366.3 MiB)","logger":"airflow.task.hooks.airflow.providers.standard.hooks.subprocess.SubprocessHook"}
{"timestamp":"2025-06-30T19:47:06.749600","level":"info","event":"25/06/30 19:47:06 INFO TaskSetManager: Finished task 0.0 in stage 0.0 (TID 0) in 1843 ms on 172.21.0.6 (executor 0) (1/1)","logger":"airflow.task.hooks.airflow.providers.standard.hooks.subprocess.SubprocessHook"}
{"timestamp":"2025-06-30T19:47:06.751427","level":"info","event":"25/06/30 19:47:06 INFO TaskSchedulerImpl: Removed TaskSet 0.0, whose tasks have all completed, from pool","logger":"airflow.task.hooks.airflow.providers.standard.hooks.subprocess.SubprocessHook"}
{"timestamp":"2025-06-30T19:47:06.757969","level":"info","event":"25/06/30 19:47:06 INFO DAGScheduler: ResultStage 0 (csv at NativeMethodAccessorImpl.java:0) finished in 1.936 s","logger":"airflow.task.hooks.airflow.providers.standard.hooks.subprocess.SubprocessHook"}
{"timestamp":"2025-06-30T19:47:06.761113","level":"info","event":"25/06/30 19:47:06 INFO DAGScheduler: Job 0 is finished. Cancelling potential speculative or zombie tasks for this job","logger":"airflow.task.hooks.airflow.providers.standard.hooks.subprocess.SubprocessHook"}
{"timestamp":"2025-06-30T19:47:06.761642","level":"info","event":"25/06/30 19:47:06 INFO TaskSchedulerImpl: Killing all running tasks in stage 0: Stage finished","logger":"airflow.task.hooks.airflow.providers.standard.hooks.subprocess.SubprocessHook"}
{"timestamp":"2025-06-30T19:47:06.764324","level":"info","event":"25/06/30 19:47:06 INFO DAGScheduler: Job 0 finished: csv at NativeMethodAccessorImpl.java:0, took 1.976289 s","logger":"airflow.task.hooks.airflow.providers.standard.hooks.subprocess.SubprocessHook"}
{"timestamp":"2025-06-30T19:47:06.784183","level":"info","event":"25/06/30 19:47:06 INFO CodeGenerator: Code generated in 10.398057 ms","logger":"airflow.task.hooks.airflow.providers.standard.hooks.subprocess.SubprocessHook"}
{"timestamp":"2025-06-30T19:47:06.828607","level":"info","event":"25/06/30 19:47:06 INFO FileSourceStrategy: Pushed Filters:","logger":"airflow.task.hooks.airflow.providers.standard.hooks.subprocess.SubprocessHook"}
{"timestamp":"2025-06-30T19:47:06.828772","level":"info","event":"25/06/30 19:47:06 INFO FileSourceStrategy: Post-Scan Filters:","logger":"airflow.task.hooks.airflow.providers.standard.hooks.subprocess.SubprocessHook"}
{"timestamp":"2025-06-30T19:47:06.828839","level":"info","event":"25/06/30 19:47:06 INFO FileSourceStrategy: Output Data Schema: struct<value: string>","logger":"airflow.task.hooks.airflow.providers.standard.hooks.subprocess.SubprocessHook"}
{"timestamp":"2025-06-30T19:47:06.835041","level":"info","event":"25/06/30 19:47:06 INFO MemoryStore: Block broadcast_2 stored as values in memory (estimated size 303.4 KiB, free 365.7 MiB)","logger":"airflow.task.hooks.airflow.providers.standard.hooks.subprocess.SubprocessHook"}
{"timestamp":"2025-06-30T19:47:06.858020","level":"info","event":"25/06/30 19:47:06 INFO MemoryStore: Block broadcast_2_piece0 stored as bytes in memory (estimated size 27.5 KiB, free 365.6 MiB)","logger":"airflow.task.hooks.airflow.providers.standard.hooks.subprocess.SubprocessHook"}
{"timestamp":"2025-06-30T19:47:06.858846","level":"info","event":"25/06/30 19:47:06 INFO BlockManagerInfo: Added broadcast_2_piece0 in memory on 76fff13ec683:34889 (size: 27.5 KiB, free: 366.2 MiB)","logger":"airflow.task.hooks.airflow.providers.standard.hooks.subprocess.SubprocessHook"}
{"timestamp":"2025-06-30T19:47:06.859957","level":"info","event":"25/06/30 19:47:06 INFO SparkContext: Created broadcast 2 from csv at NativeMethodAccessorImpl.java:0","logger":"airflow.task.hooks.airflow.providers.standard.hooks.subprocess.SubprocessHook"}
{"timestamp":"2025-06-30T19:47:06.861224","level":"info","event":"25/06/30 19:47:06 INFO FileSourceScanExec: Planning scan with bin packing, max size: 4194304 bytes, open cost is considered as scanning 4194304 bytes.","logger":"airflow.task.hooks.airflow.providers.standard.hooks.subprocess.SubprocessHook"}
{"timestamp":"2025-06-30T19:47:06.918441","level":"info","event":"25/06/30 19:47:06 INFO SparkContext: Starting job: csv at NativeMethodAccessorImpl.java:0","logger":"airflow.task.hooks.airflow.providers.standard.hooks.subprocess.SubprocessHook"}
{"timestamp":"2025-06-30T19:47:06.920787","level":"info","event":"25/06/30 19:47:06 INFO DAGScheduler: Got job 1 (csv at NativeMethodAccessorImpl.java:0) with 1 output partitions","logger":"airflow.task.hooks.airflow.providers.standard.hooks.subprocess.SubprocessHook"}
{"timestamp":"2025-06-30T19:47:06.920956","level":"info","event":"25/06/30 19:47:06 INFO DAGScheduler: Final stage: ResultStage 1 (csv at NativeMethodAccessorImpl.java:0)","logger":"airflow.task.hooks.airflow.providers.standard.hooks.subprocess.SubprocessHook"}
{"timestamp":"2025-06-30T19:47:06.921030","level":"info","event":"25/06/30 19:47:06 INFO DAGScheduler: Parents of final stage: List()","logger":"airflow.task.hooks.airflow.providers.standard.hooks.subprocess.SubprocessHook"}
{"timestamp":"2025-06-30T19:47:06.921109","level":"info","event":"25/06/30 19:47:06 INFO DAGScheduler: Missing parents: List()","logger":"airflow.task.hooks.airflow.providers.standard.hooks.subprocess.SubprocessHook"}
{"timestamp":"2025-06-30T19:47:06.922066","level":"info","event":"25/06/30 19:47:06 INFO DAGScheduler: Submitting ResultStage 1 (MapPartitionsRDD[9] at csv at NativeMethodAccessorImpl.java:0), which has no missing parents","logger":"airflow.task.hooks.airflow.providers.standard.hooks.subprocess.SubprocessHook"}
{"timestamp":"2025-06-30T19:47:06.947999","level":"info","event":"25/06/30 19:47:06 INFO MemoryStore: Block broadcast_3 stored as values in memory (estimated size 15.8 KiB, free 365.6 MiB)","logger":"airflow.task.hooks.airflow.providers.standard.hooks.subprocess.SubprocessHook"}
{"timestamp":"2025-06-30T19:47:06.950121","level":"info","event":"25/06/30 19:47:06 INFO MemoryStore: Block broadcast_3_piece0 stored as bytes in memory (estimated size 8.0 KiB, free 365.6 MiB)","logger":"airflow.task.hooks.airflow.providers.standard.hooks.subprocess.SubprocessHook"}
{"timestamp":"2025-06-30T19:47:06.950468","level":"info","event":"25/06/30 19:47:06 INFO BlockManagerInfo: Added broadcast_3_piece0 in memory on 76fff13ec683:34889 (size: 8.0 KiB, free: 366.2 MiB)","logger":"airflow.task.hooks.airflow.providers.standard.hooks.subprocess.SubprocessHook"}
{"timestamp":"2025-06-30T19:47:06.950920","level":"info","event":"25/06/30 19:47:06 INFO SparkContext: Created broadcast 3 from broadcast at DAGScheduler.scala:1383","logger":"airflow.task.hooks.airflow.providers.standard.hooks.subprocess.SubprocessHook"}
{"timestamp":"2025-06-30T19:47:06.951900","level":"info","event":"25/06/30 19:47:06 INFO DAGScheduler: Submitting 1 missing tasks from ResultStage 1 (MapPartitionsRDD[9] at csv at NativeMethodAccessorImpl.java:0) (first 15 tasks are for partitions Vector(0))","logger":"airflow.task.hooks.airflow.providers.standard.hooks.subprocess.SubprocessHook"}
{"timestamp":"2025-06-30T19:47:06.951988","level":"info","event":"25/06/30 19:47:06 INFO TaskSchedulerImpl: Adding task set 1.0 with 1 tasks resource profile 0","logger":"airflow.task.hooks.airflow.providers.standard.hooks.subprocess.SubprocessHook"}
{"timestamp":"2025-06-30T19:47:06.953470","level":"info","event":"25/06/30 19:47:06 INFO TaskSetManager: Starting task 0.0 in stage 1.0 (TID 1) (172.21.0.6, executor 0, partition 0, ANY, 4876 bytes) taskResourceAssignments Map()","logger":"airflow.task.hooks.airflow.providers.standard.hooks.subprocess.SubprocessHook"}
{"timestamp":"2025-06-30T19:47:06.975044","level":"info","event":"25/06/30 19:47:06 INFO BlockManagerInfo: Added broadcast_3_piece0 in memory on 172.21.0.6:42699 (size: 8.0 KiB, free: 366.3 MiB)","logger":"airflow.task.hooks.airflow.providers.standard.hooks.subprocess.SubprocessHook"}
{"timestamp":"2025-06-30T19:47:08.035951","level":"info","event":"25/06/30 19:47:08 INFO BlockManagerInfo: Added broadcast_2_piece0 in memory on 172.21.0.6:42699 (size: 27.5 KiB, free: 366.2 MiB)","logger":"airflow.task.hooks.airflow.providers.standard.hooks.subprocess.SubprocessHook"}
{"timestamp":"2025-06-30T19:47:08.255976","level":"info","event":"25/06/30 19:47:08 INFO TaskSetManager: Finished task 0.0 in stage 1.0 (TID 1) in 1302 ms on 172.21.0.6 (executor 0) (1/1)","logger":"airflow.task.hooks.airflow.providers.standard.hooks.subprocess.SubprocessHook"}
{"timestamp":"2025-06-30T19:47:08.256183","level":"info","event":"25/06/30 19:47:08 INFO TaskSchedulerImpl: Removed TaskSet 1.0, whose tasks have all completed, from pool","logger":"airflow.task.hooks.airflow.providers.standard.hooks.subprocess.SubprocessHook"}
{"timestamp":"2025-06-30T19:47:08.257042","level":"info","event":"25/06/30 19:47:08 INFO DAGScheduler: ResultStage 1 (csv at NativeMethodAccessorImpl.java:0) finished in 1.333 s","logger":"airflow.task.hooks.airflow.providers.standard.hooks.subprocess.SubprocessHook"}
{"timestamp":"2025-06-30T19:47:08.257116","level":"info","event":"25/06/30 19:47:08 INFO DAGScheduler: Job 1 is finished. Cancelling potential speculative or zombie tasks for this job","logger":"airflow.task.hooks.airflow.providers.standard.hooks.subprocess.SubprocessHook"}
{"timestamp":"2025-06-30T19:47:08.257146","level":"info","event":"25/06/30 19:47:08 INFO TaskSchedulerImpl: Killing all running tasks in stage 1: Stage finished","logger":"airflow.task.hooks.airflow.providers.standard.hooks.subprocess.SubprocessHook"}
{"timestamp":"2025-06-30T19:47:08.258975","level":"info","event":"25/06/30 19:47:08 INFO DAGScheduler: Job 1 finished: csv at NativeMethodAccessorImpl.java:0, took 1.340632 s","logger":"airflow.task.hooks.airflow.providers.standard.hooks.subprocess.SubprocessHook"}
{"timestamp":"2025-06-30T19:47:08.736205","level":"info","event":"25/06/30 19:47:08 INFO SparkContext: Invoking stop() from shutdown hook","logger":"airflow.task.hooks.airflow.providers.standard.hooks.subprocess.SubprocessHook"}
{"timestamp":"2025-06-30T19:47:08.744956","level":"info","event":"25/06/30 19:47:08 INFO SparkUI: Stopped Spark web UI at http://76fff13ec683:4040","logger":"airflow.task.hooks.airflow.providers.standard.hooks.subprocess.SubprocessHook"}
{"timestamp":"2025-06-30T19:47:08.747488","level":"info","event":"25/06/30 19:47:08 INFO StandaloneSchedulerBackend: Shutting down all executors","logger":"airflow.task.hooks.airflow.providers.standard.hooks.subprocess.SubprocessHook"}
{"timestamp":"2025-06-30T19:47:08.747722","level":"info","event":"25/06/30 19:47:08 INFO CoarseGrainedSchedulerBackend$DriverEndpoint: Asking each executor to shut down","logger":"airflow.task.hooks.airflow.providers.standard.hooks.subprocess.SubprocessHook"}
{"timestamp":"2025-06-30T19:47:08.762975","level":"info","event":"25/06/30 19:47:08 INFO MapOutputTrackerMasterEndpoint: MapOutputTrackerMasterEndpoint stopped!","logger":"airflow.task.hooks.airflow.providers.standard.hooks.subprocess.SubprocessHook"}
{"timestamp":"2025-06-30T19:47:08.778484","level":"info","event":"25/06/30 19:47:08 INFO MemoryStore: MemoryStore cleared","logger":"airflow.task.hooks.airflow.providers.standard.hooks.subprocess.SubprocessHook"}
{"timestamp":"2025-06-30T19:47:08.778668","level":"info","event":"25/06/30 19:47:08 INFO BlockManager: BlockManager stopped","logger":"airflow.task.hooks.airflow.providers.standard.hooks.subprocess.SubprocessHook"}
{"timestamp":"2025-06-30T19:47:08.786705","level":"info","event":"25/06/30 19:47:08 INFO BlockManagerMaster: BlockManagerMaster stopped","logger":"airflow.task.hooks.airflow.providers.standard.hooks.subprocess.SubprocessHook"}
{"timestamp":"2025-06-30T19:47:08.789317","level":"info","event":"25/06/30 19:47:08 INFO OutputCommitCoordinator$OutputCommitCoordinatorEndpoint: OutputCommitCoordinator stopped!","logger":"airflow.task.hooks.airflow.providers.standard.hooks.subprocess.SubprocessHook"}
{"timestamp":"2025-06-30T19:47:08.797485","level":"info","event":"25/06/30 19:47:08 INFO SparkContext: Successfully stopped SparkContext","logger":"airflow.task.hooks.airflow.providers.standard.hooks.subprocess.SubprocessHook"}
{"timestamp":"2025-06-30T19:47:08.797641","level":"info","event":"25/06/30 19:47:08 INFO ShutdownHookManager: Shutdown hook called","logger":"airflow.task.hooks.airflow.providers.standard.hooks.subprocess.SubprocessHook"}
{"timestamp":"2025-06-30T19:47:08.797696","level":"info","event":"25/06/30 19:47:08 INFO ShutdownHookManager: Deleting directory /tmp/spark-bf1a87b9-30f6-4c98-ae32-7e12ce1712d1/pyspark-aa3b6569-c921-477b-94b8-eb603f8f0f15","logger":"airflow.task.hooks.airflow.providers.standard.hooks.subprocess.SubprocessHook"}
{"timestamp":"2025-06-30T19:47:08.800105","level":"info","event":"25/06/30 19:47:08 INFO ShutdownHookManager: Deleting directory /tmp/spark-bf1a87b9-30f6-4c98-ae32-7e12ce1712d1","logger":"airflow.task.hooks.airflow.providers.standard.hooks.subprocess.SubprocessHook"}
{"timestamp":"2025-06-30T19:47:08.802243","level":"info","event":"25/06/30 19:47:08 INFO ShutdownHookManager: Deleting directory /tmp/spark-92dd5243-a8a3-4354-bbad-7ceeb4b58f6d","logger":"airflow.task.hooks.airflow.providers.standard.hooks.subprocess.SubprocessHook"}
{"timestamp":"2025-06-30T19:47:08.964488","level":"info","event":"Command exited with return code 0","logger":"airflow.task.hooks.airflow.providers.standard.hooks.subprocess.SubprocessHook"}
{"timestamp":"2025-06-30T19:47:08.965030","level":"info","event":"Pushing xcom","ti":"RuntimeTaskInstance(id=UUID('0197c260-bccf-759d-bc72-eeffe41222ce'), task_id='run_spark_cleaning_script', dag_id='telco_to_hdfs_dag', run_id='manual__2025-06-30T19:46:49.149621+00:00', try_number=1, map_index=-1, hostname='708ed62ea3ab', context_carrier=None, task=<Task(BashOperator): run_spark_cleaning_script>, bundle_instance=LocalDagBundle(name=dags-folder), max_tries=0, start_date=datetime.datetime(2025, 6, 30, 19, 46, 56, 620495, tzinfo=TzInfo(UTC)), end_date=None, is_mapped=False)","logger":"task"}
