{"timestamp":"2025-07-03T19:04:01.395154","level":"info","event":"DAG bundles loaded: dags-folder","logger":"airflow.dag_processing.bundles.manager.DagBundlesManager"}
{"timestamp":"2025-07-03T19:04:01.395899","level":"info","event":"Filling up the DagBag from /opt/airflow/dags/telco_to_hdfs_dag.py","logger":"airflow.models.dagbag.DagBag"}
{"timestamp":"2025-07-03T19:04:01.413619","level":"info","event":"Tmp dir root location: /tmp","logger":"airflow.task.hooks.airflow.providers.standard.hooks.subprocess.SubprocessHook"}
{"timestamp":"2025-07-03T19:04:01.414512","level":"info","event":"Running command: ['/usr/bin/bash', '-c', 'docker exec spark-master /spark/bin/spark-submit /opt/spark-apps/get_clean.py']","logger":"airflow.task.hooks.airflow.providers.standard.hooks.subprocess.SubprocessHook"}
{"timestamp":"2025-07-03T19:04:01.423404","level":"info","event":"Output:","logger":"airflow.task.hooks.airflow.providers.standard.hooks.subprocess.SubprocessHook"}
{"timestamp":"2025-07-03T19:04:02.995915","level":"info","event":"25/07/03 19:04:02 WARN NativeCodeLoader: Unable to load native-hadoop library for your platform... using builtin-java classes where applicable","logger":"airflow.task.hooks.airflow.providers.standard.hooks.subprocess.SubprocessHook"}
{"timestamp":"2025-07-03T19:04:03.560932","level":"info","event":"Using Spark's default log4j profile: org/apache/spark/log4j-defaults.properties","logger":"airflow.task.hooks.airflow.providers.standard.hooks.subprocess.SubprocessHook"}
{"timestamp":"2025-07-03T19:04:03.570512","level":"info","event":"25/07/03 19:04:03 INFO SparkContext: Running Spark version 3.1.1","logger":"airflow.task.hooks.airflow.providers.standard.hooks.subprocess.SubprocessHook"}
{"timestamp":"2025-07-03T19:04:03.606973","level":"info","event":"25/07/03 19:04:03 INFO ResourceUtils: ==============================================================","logger":"airflow.task.hooks.airflow.providers.standard.hooks.subprocess.SubprocessHook"}
{"timestamp":"2025-07-03T19:04:03.607164","level":"info","event":"25/07/03 19:04:03 INFO ResourceUtils: No custom resources configured for spark.driver.","logger":"airflow.task.hooks.airflow.providers.standard.hooks.subprocess.SubprocessHook"}
{"timestamp":"2025-07-03T19:04:03.607506","level":"info","event":"25/07/03 19:04:03 INFO ResourceUtils: ==============================================================","logger":"airflow.task.hooks.airflow.providers.standard.hooks.subprocess.SubprocessHook"}
{"timestamp":"2025-07-03T19:04:03.607932","level":"info","event":"25/07/03 19:04:03 INFO SparkContext: Submitted application: TelcoExploration","logger":"airflow.task.hooks.airflow.providers.standard.hooks.subprocess.SubprocessHook"}
{"timestamp":"2025-07-03T19:04:03.627901","level":"info","event":"25/07/03 19:04:03 INFO ResourceProfile: Default ResourceProfile created, executor resources: Map(cores -> name: cores, amount: 1, script: , vendor: , memory -> name: memory, amount: 1024, script: , vendor: , offHeap -> name: offHeap, amount: 0, script: , vendor: ), task resources: Map(cpus -> name: cpus, amount: 1.0)","logger":"airflow.task.hooks.airflow.providers.standard.hooks.subprocess.SubprocessHook"}
{"timestamp":"2025-07-03T19:04:03.641293","level":"info","event":"25/07/03 19:04:03 INFO ResourceProfile: Limiting resource is cpu","logger":"airflow.task.hooks.airflow.providers.standard.hooks.subprocess.SubprocessHook"}
{"timestamp":"2025-07-03T19:04:03.641554","level":"info","event":"25/07/03 19:04:03 INFO ResourceProfileManager: Added ResourceProfile id: 0","logger":"airflow.task.hooks.airflow.providers.standard.hooks.subprocess.SubprocessHook"}
{"timestamp":"2025-07-03T19:04:03.685460","level":"info","event":"25/07/03 19:04:03 INFO SecurityManager: Changing view acls to: root","logger":"airflow.task.hooks.airflow.providers.standard.hooks.subprocess.SubprocessHook"}
{"timestamp":"2025-07-03T19:04:03.685604","level":"info","event":"25/07/03 19:04:03 INFO SecurityManager: Changing modify acls to: root","logger":"airflow.task.hooks.airflow.providers.standard.hooks.subprocess.SubprocessHook"}
{"timestamp":"2025-07-03T19:04:03.685650","level":"info","event":"25/07/03 19:04:03 INFO SecurityManager: Changing view acls groups to:","logger":"airflow.task.hooks.airflow.providers.standard.hooks.subprocess.SubprocessHook"}
{"timestamp":"2025-07-03T19:04:03.685694","level":"info","event":"25/07/03 19:04:03 INFO SecurityManager: Changing modify acls groups to:","logger":"airflow.task.hooks.airflow.providers.standard.hooks.subprocess.SubprocessHook"}
{"timestamp":"2025-07-03T19:04:03.685726","level":"info","event":"25/07/03 19:04:03 INFO SecurityManager: SecurityManager: authentication disabled; ui acls disabled; users  with view permissions: Set(root); groups with view permissions: Set(); users  with modify permissions: Set(root); groups with modify permissions: Set()","logger":"airflow.task.hooks.airflow.providers.standard.hooks.subprocess.SubprocessHook"}
{"timestamp":"2025-07-03T19:04:03.872445","level":"info","event":"25/07/03 19:04:03 INFO Utils: Successfully started service 'sparkDriver' on port 33553.","logger":"airflow.task.hooks.airflow.providers.standard.hooks.subprocess.SubprocessHook"}
{"timestamp":"2025-07-03T19:04:03.901022","level":"info","event":"25/07/03 19:04:03 INFO SparkEnv: Registering MapOutputTracker","logger":"airflow.task.hooks.airflow.providers.standard.hooks.subprocess.SubprocessHook"}
{"timestamp":"2025-07-03T19:04:03.927013","level":"info","event":"25/07/03 19:04:03 INFO SparkEnv: Registering BlockManagerMaster","logger":"airflow.task.hooks.airflow.providers.standard.hooks.subprocess.SubprocessHook"}
{"timestamp":"2025-07-03T19:04:03.946870","level":"info","event":"25/07/03 19:04:03 INFO BlockManagerMasterEndpoint: Using org.apache.spark.storage.DefaultTopologyMapper for getting topology information","logger":"airflow.task.hooks.airflow.providers.standard.hooks.subprocess.SubprocessHook"}
{"timestamp":"2025-07-03T19:04:03.947190","level":"info","event":"25/07/03 19:04:03 INFO BlockManagerMasterEndpoint: BlockManagerMasterEndpoint up","logger":"airflow.task.hooks.airflow.providers.standard.hooks.subprocess.SubprocessHook"}
{"timestamp":"2025-07-03T19:04:03.955111","level":"info","event":"25/07/03 19:04:03 INFO SparkEnv: Registering BlockManagerMasterHeartbeat","logger":"airflow.task.hooks.airflow.providers.standard.hooks.subprocess.SubprocessHook"}
{"timestamp":"2025-07-03T19:04:03.971728","level":"info","event":"25/07/03 19:04:03 INFO DiskBlockManager: Created local directory at /tmp/blockmgr-76db2e0c-dd6d-4f31-9bad-1cf6537b8f75","logger":"airflow.task.hooks.airflow.providers.standard.hooks.subprocess.SubprocessHook"}
{"timestamp":"2025-07-03T19:04:04.002335","level":"info","event":"25/07/03 19:04:03 INFO MemoryStore: MemoryStore started with capacity 366.3 MiB","logger":"airflow.task.hooks.airflow.providers.standard.hooks.subprocess.SubprocessHook"}
{"timestamp":"2025-07-03T19:04:04.028255","level":"info","event":"25/07/03 19:04:04 INFO SparkEnv: Registering OutputCommitCoordinator","logger":"airflow.task.hooks.airflow.providers.standard.hooks.subprocess.SubprocessHook"}
{"timestamp":"2025-07-03T19:04:04.245356","level":"info","event":"25/07/03 19:04:04 INFO Utils: Successfully started service 'SparkUI' on port 4040.","logger":"airflow.task.hooks.airflow.providers.standard.hooks.subprocess.SubprocessHook"}
{"timestamp":"2025-07-03T19:04:04.296869","level":"info","event":"25/07/03 19:04:04 INFO SparkUI: Bound SparkUI to 0.0.0.0, and started at http://a5088bcdb211:4040","logger":"airflow.task.hooks.airflow.providers.standard.hooks.subprocess.SubprocessHook"}
{"timestamp":"2025-07-03T19:04:04.504330","level":"info","event":"25/07/03 19:04:04 INFO StandaloneAppClient$ClientEndpoint: Connecting to master spark://spark-master:7077...","logger":"airflow.task.hooks.airflow.providers.standard.hooks.subprocess.SubprocessHook"}
{"timestamp":"2025-07-03T19:04:04.549106","level":"info","event":"25/07/03 19:04:04 INFO TransportClientFactory: Successfully created connection to spark-master/172.21.0.3:7077 after 25 ms (0 ms spent in bootstraps)","logger":"airflow.task.hooks.airflow.providers.standard.hooks.subprocess.SubprocessHook"}
{"timestamp":"2025-07-03T19:04:04.650395","level":"info","event":"25/07/03 19:04:04 INFO StandaloneSchedulerBackend: Connected to Spark cluster with app ID app-20250703190404-0003","logger":"airflow.task.hooks.airflow.providers.standard.hooks.subprocess.SubprocessHook"}
{"timestamp":"2025-07-03T19:04:04.652576","level":"info","event":"25/07/03 19:04:04 INFO StandaloneAppClient$ClientEndpoint: Executor added: app-20250703190404-0003/0 on worker-20250703185644-172.21.0.6-37177 (172.21.0.6:37177) with 12 core(s)","logger":"airflow.task.hooks.airflow.providers.standard.hooks.subprocess.SubprocessHook"}
{"timestamp":"2025-07-03T19:04:04.654611","level":"info","event":"25/07/03 19:04:04 INFO StandaloneSchedulerBackend: Granted executor ID app-20250703190404-0003/0 on hostPort 172.21.0.6:37177 with 12 core(s), 1024.0 MiB RAM","logger":"airflow.task.hooks.airflow.providers.standard.hooks.subprocess.SubprocessHook"}
{"timestamp":"2025-07-03T19:04:04.660969","level":"info","event":"25/07/03 19:04:04 INFO Utils: Successfully started service 'org.apache.spark.network.netty.NettyBlockTransferService' on port 42213.","logger":"airflow.task.hooks.airflow.providers.standard.hooks.subprocess.SubprocessHook"}
{"timestamp":"2025-07-03T19:04:04.661186","level":"info","event":"25/07/03 19:04:04 INFO NettyBlockTransferService: Server created on a5088bcdb211:42213","logger":"airflow.task.hooks.airflow.providers.standard.hooks.subprocess.SubprocessHook"}
{"timestamp":"2025-07-03T19:04:04.663303","level":"info","event":"25/07/03 19:04:04 INFO BlockManager: Using org.apache.spark.storage.RandomBlockReplicationPolicy for block replication policy","logger":"airflow.task.hooks.airflow.providers.standard.hooks.subprocess.SubprocessHook"}
{"timestamp":"2025-07-03T19:04:04.672202","level":"info","event":"25/07/03 19:04:04 INFO BlockManagerMaster: Registering BlockManager BlockManagerId(driver, a5088bcdb211, 42213, None)","logger":"airflow.task.hooks.airflow.providers.standard.hooks.subprocess.SubprocessHook"}
{"timestamp":"2025-07-03T19:04:04.675504","level":"info","event":"25/07/03 19:04:04 INFO BlockManagerMasterEndpoint: Registering block manager a5088bcdb211:42213 with 366.3 MiB RAM, BlockManagerId(driver, a5088bcdb211, 42213, None)","logger":"airflow.task.hooks.airflow.providers.standard.hooks.subprocess.SubprocessHook"}
{"timestamp":"2025-07-03T19:04:04.678515","level":"info","event":"25/07/03 19:04:04 INFO BlockManagerMaster: Registered BlockManager BlockManagerId(driver, a5088bcdb211, 42213, None)","logger":"airflow.task.hooks.airflow.providers.standard.hooks.subprocess.SubprocessHook"}
{"timestamp":"2025-07-03T19:04:04.679640","level":"info","event":"25/07/03 19:04:04 INFO BlockManager: Initialized BlockManager: BlockManagerId(driver, a5088bcdb211, 42213, None)","logger":"airflow.task.hooks.airflow.providers.standard.hooks.subprocess.SubprocessHook"}
{"timestamp":"2025-07-03T19:04:04.685320","level":"info","event":"25/07/03 19:04:04 INFO StandaloneAppClient$ClientEndpoint: Executor updated: app-20250703190404-0003/0 is now RUNNING","logger":"airflow.task.hooks.airflow.providers.standard.hooks.subprocess.SubprocessHook"}
{"timestamp":"2025-07-03T19:04:04.837498","level":"info","event":"25/07/03 19:04:04 INFO StandaloneSchedulerBackend: SchedulerBackend is ready for scheduling beginning after reached minRegisteredResourcesRatio: 0.0","logger":"airflow.task.hooks.airflow.providers.standard.hooks.subprocess.SubprocessHook"}
{"timestamp":"2025-07-03T19:04:05.129498","level":"info","event":"25/07/03 19:04:05 INFO SharedState: Setting hive.metastore.warehouse.dir ('null') to the value of spark.sql.warehouse.dir ('file:/spark-warehouse').","logger":"airflow.task.hooks.airflow.providers.standard.hooks.subprocess.SubprocessHook"}
{"timestamp":"2025-07-03T19:04:05.129698","level":"info","event":"25/07/03 19:04:05 INFO SharedState: Warehouse path is 'file:/spark-warehouse'.","logger":"airflow.task.hooks.airflow.providers.standard.hooks.subprocess.SubprocessHook"}
{"timestamp":"2025-07-03T19:04:06.370538","level":"info","event":"25/07/03 19:04:06 INFO InMemoryFileIndex: It took 60 ms to list leaf files for 1 paths.","logger":"airflow.task.hooks.airflow.providers.standard.hooks.subprocess.SubprocessHook"}
{"timestamp":"2025-07-03T19:04:06.426697","level":"info","event":"25/07/03 19:04:06 INFO InMemoryFileIndex: It took 4 ms to list leaf files for 1 paths.","logger":"airflow.task.hooks.airflow.providers.standard.hooks.subprocess.SubprocessHook"}
{"timestamp":"2025-07-03T19:04:06.619735","level":"info","event":"25/07/03 19:04:06 INFO CoarseGrainedSchedulerBackend$DriverEndpoint: Registered executor NettyRpcEndpointRef(spark-client://Executor) (172.21.0.6:37506) with ID 0,  ResourceProfileId 0","logger":"airflow.task.hooks.airflow.providers.standard.hooks.subprocess.SubprocessHook"}
{"timestamp":"2025-07-03T19:04:06.742195","level":"info","event":"25/07/03 19:04:06 INFO BlockManagerMasterEndpoint: Registering block manager 172.21.0.6:42891 with 366.3 MiB RAM, BlockManagerId(0, 172.21.0.6, 42891, None)","logger":"airflow.task.hooks.airflow.providers.standard.hooks.subprocess.SubprocessHook"}
{"timestamp":"2025-07-03T19:04:08.225575","level":"info","event":"25/07/03 19:04:08 INFO FileSourceStrategy: Pushed Filters:","logger":"airflow.task.hooks.airflow.providers.standard.hooks.subprocess.SubprocessHook"}
{"timestamp":"2025-07-03T19:04:08.230194","level":"info","event":"25/07/03 19:04:08 INFO FileSourceStrategy: Post-Scan Filters: (length(trim(value#0, None)) > 0)","logger":"airflow.task.hooks.airflow.providers.standard.hooks.subprocess.SubprocessHook"}
{"timestamp":"2025-07-03T19:04:08.234605","level":"info","event":"25/07/03 19:04:08 INFO FileSourceStrategy: Output Data Schema: struct<value: string>","logger":"airflow.task.hooks.airflow.providers.standard.hooks.subprocess.SubprocessHook"}
{"timestamp":"2025-07-03T19:04:08.889094","level":"info","event":"25/07/03 19:04:08 INFO CodeGenerator: Code generated in 259.824672 ms","logger":"airflow.task.hooks.airflow.providers.standard.hooks.subprocess.SubprocessHook"}
{"timestamp":"2025-07-03T19:04:08.938602","level":"info","event":"25/07/03 19:04:08 INFO MemoryStore: Block broadcast_0 stored as values in memory (estimated size 303.8 KiB, free 366.0 MiB)","logger":"airflow.task.hooks.airflow.providers.standard.hooks.subprocess.SubprocessHook"}
{"timestamp":"2025-07-03T19:04:08.978945","level":"info","event":"25/07/03 19:04:08 INFO MemoryStore: Block broadcast_0_piece0 stored as bytes in memory (estimated size 27.5 KiB, free 366.0 MiB)","logger":"airflow.task.hooks.airflow.providers.standard.hooks.subprocess.SubprocessHook"}
{"timestamp":"2025-07-03T19:04:08.981505","level":"info","event":"25/07/03 19:04:08 INFO BlockManagerInfo: Added broadcast_0_piece0 in memory on a5088bcdb211:42213 (size: 27.5 KiB, free: 366.3 MiB)","logger":"airflow.task.hooks.airflow.providers.standard.hooks.subprocess.SubprocessHook"}
{"timestamp":"2025-07-03T19:04:08.984336","level":"info","event":"25/07/03 19:04:08 INFO SparkContext: Created broadcast 0 from csv at NativeMethodAccessorImpl.java:0","logger":"airflow.task.hooks.airflow.providers.standard.hooks.subprocess.SubprocessHook"}
{"timestamp":"2025-07-03T19:04:08.991587","level":"info","event":"25/07/03 19:04:08 INFO FileSourceScanExec: Planning scan with bin packing, max size: 4194304 bytes, open cost is considered as scanning 4194304 bytes.","logger":"airflow.task.hooks.airflow.providers.standard.hooks.subprocess.SubprocessHook"}
{"timestamp":"2025-07-03T19:04:09.086524","level":"info","event":"25/07/03 19:04:09 INFO SparkContext: Starting job: csv at NativeMethodAccessorImpl.java:0","logger":"airflow.task.hooks.airflow.providers.standard.hooks.subprocess.SubprocessHook"}
{"timestamp":"2025-07-03T19:04:09.098758","level":"info","event":"25/07/03 19:04:09 INFO DAGScheduler: Got job 0 (csv at NativeMethodAccessorImpl.java:0) with 1 output partitions","logger":"airflow.task.hooks.airflow.providers.standard.hooks.subprocess.SubprocessHook"}
{"timestamp":"2025-07-03T19:04:09.099156","level":"info","event":"25/07/03 19:04:09 INFO DAGScheduler: Final stage: ResultStage 0 (csv at NativeMethodAccessorImpl.java:0)","logger":"airflow.task.hooks.airflow.providers.standard.hooks.subprocess.SubprocessHook"}
{"timestamp":"2025-07-03T19:04:09.099267","level":"info","event":"25/07/03 19:04:09 INFO DAGScheduler: Parents of final stage: List()","logger":"airflow.task.hooks.airflow.providers.standard.hooks.subprocess.SubprocessHook"}
{"timestamp":"2025-07-03T19:04:09.100745","level":"info","event":"25/07/03 19:04:09 INFO DAGScheduler: Missing parents: List()","logger":"airflow.task.hooks.airflow.providers.standard.hooks.subprocess.SubprocessHook"}
{"timestamp":"2025-07-03T19:04:09.105486","level":"info","event":"25/07/03 19:04:09 INFO DAGScheduler: Submitting ResultStage 0 (MapPartitionsRDD[3] at csv at NativeMethodAccessorImpl.java:0), which has no missing parents","logger":"airflow.task.hooks.airflow.providers.standard.hooks.subprocess.SubprocessHook"}
{"timestamp":"2025-07-03T19:04:09.157426","level":"info","event":"25/07/03 19:04:09 INFO MemoryStore: Block broadcast_1 stored as values in memory (estimated size 10.8 KiB, free 366.0 MiB)","logger":"airflow.task.hooks.airflow.providers.standard.hooks.subprocess.SubprocessHook"}
{"timestamp":"2025-07-03T19:04:09.159762","level":"info","event":"25/07/03 19:04:09 INFO MemoryStore: Block broadcast_1_piece0 stored as bytes in memory (estimated size 5.4 KiB, free 366.0 MiB)","logger":"airflow.task.hooks.airflow.providers.standard.hooks.subprocess.SubprocessHook"}
{"timestamp":"2025-07-03T19:04:09.160452","level":"info","event":"25/07/03 19:04:09 INFO BlockManagerInfo: Added broadcast_1_piece0 in memory on a5088bcdb211:42213 (size: 5.4 KiB, free: 366.3 MiB)","logger":"airflow.task.hooks.airflow.providers.standard.hooks.subprocess.SubprocessHook"}
{"timestamp":"2025-07-03T19:04:09.161283","level":"info","event":"25/07/03 19:04:09 INFO SparkContext: Created broadcast 1 from broadcast at DAGScheduler.scala:1383","logger":"airflow.task.hooks.airflow.providers.standard.hooks.subprocess.SubprocessHook"}
{"timestamp":"2025-07-03T19:04:09.176359","level":"info","event":"25/07/03 19:04:09 INFO DAGScheduler: Submitting 1 missing tasks from ResultStage 0 (MapPartitionsRDD[3] at csv at NativeMethodAccessorImpl.java:0) (first 15 tasks are for partitions Vector(0))","logger":"airflow.task.hooks.airflow.providers.standard.hooks.subprocess.SubprocessHook"}
{"timestamp":"2025-07-03T19:04:09.176729","level":"info","event":"25/07/03 19:04:09 INFO TaskSchedulerImpl: Adding task set 0.0 with 1 tasks resource profile 0","logger":"airflow.task.hooks.airflow.providers.standard.hooks.subprocess.SubprocessHook"}
{"timestamp":"2025-07-03T19:04:09.216958","level":"info","event":"25/07/03 19:04:09 INFO TaskSetManager: Starting task 0.0 in stage 0.0 (TID 0) (172.21.0.6, executor 0, partition 0, ANY, 4876 bytes) taskResourceAssignments Map()","logger":"airflow.task.hooks.airflow.providers.standard.hooks.subprocess.SubprocessHook"}
{"timestamp":"2025-07-03T19:04:09.431760","level":"info","event":"25/07/03 19:04:09 INFO BlockManagerInfo: Added broadcast_1_piece0 in memory on 172.21.0.6:42891 (size: 5.4 KiB, free: 366.3 MiB)","logger":"airflow.task.hooks.airflow.providers.standard.hooks.subprocess.SubprocessHook"}
{"timestamp":"2025-07-03T19:04:10.250469","level":"info","event":"25/07/03 19:04:10 INFO BlockManagerInfo: Added broadcast_0_piece0 in memory on 172.21.0.6:42891 (size: 27.5 KiB, free: 366.3 MiB)","logger":"airflow.task.hooks.airflow.providers.standard.hooks.subprocess.SubprocessHook"}
{"timestamp":"2025-07-03T19:04:10.928603","level":"info","event":"25/07/03 19:04:10 INFO TaskSetManager: Finished task 0.0 in stage 0.0 (TID 0) in 1720 ms on 172.21.0.6 (executor 0) (1/1)","logger":"airflow.task.hooks.airflow.providers.standard.hooks.subprocess.SubprocessHook"}
{"timestamp":"2025-07-03T19:04:10.930901","level":"info","event":"25/07/03 19:04:10 INFO TaskSchedulerImpl: Removed TaskSet 0.0, whose tasks have all completed, from pool","logger":"airflow.task.hooks.airflow.providers.standard.hooks.subprocess.SubprocessHook"}
{"timestamp":"2025-07-03T19:04:10.937630","level":"info","event":"25/07/03 19:04:10 INFO DAGScheduler: ResultStage 0 (csv at NativeMethodAccessorImpl.java:0) finished in 1.818 s","logger":"airflow.task.hooks.airflow.providers.standard.hooks.subprocess.SubprocessHook"}
{"timestamp":"2025-07-03T19:04:10.940716","level":"info","event":"25/07/03 19:04:10 INFO DAGScheduler: Job 0 is finished. Cancelling potential speculative or zombie tasks for this job","logger":"airflow.task.hooks.airflow.providers.standard.hooks.subprocess.SubprocessHook"}
{"timestamp":"2025-07-03T19:04:10.940846","level":"info","event":"25/07/03 19:04:10 INFO TaskSchedulerImpl: Killing all running tasks in stage 0: Stage finished","logger":"airflow.task.hooks.airflow.providers.standard.hooks.subprocess.SubprocessHook"}
{"timestamp":"2025-07-03T19:04:10.942710","level":"info","event":"25/07/03 19:04:10 INFO DAGScheduler: Job 0 finished: csv at NativeMethodAccessorImpl.java:0, took 1.856227 s","logger":"airflow.task.hooks.airflow.providers.standard.hooks.subprocess.SubprocessHook"}
{"timestamp":"2025-07-03T19:04:10.962478","level":"info","event":"25/07/03 19:04:10 INFO CodeGenerator: Code generated in 9.221886 ms","logger":"airflow.task.hooks.airflow.providers.standard.hooks.subprocess.SubprocessHook"}
{"timestamp":"2025-07-03T19:04:11.005203","level":"info","event":"25/07/03 19:04:11 INFO FileSourceStrategy: Pushed Filters:","logger":"airflow.task.hooks.airflow.providers.standard.hooks.subprocess.SubprocessHook"}
{"timestamp":"2025-07-03T19:04:11.005421","level":"info","event":"25/07/03 19:04:11 INFO FileSourceStrategy: Post-Scan Filters:","logger":"airflow.task.hooks.airflow.providers.standard.hooks.subprocess.SubprocessHook"}
{"timestamp":"2025-07-03T19:04:11.005631","level":"info","event":"25/07/03 19:04:11 INFO FileSourceStrategy: Output Data Schema: struct<value: string>","logger":"airflow.task.hooks.airflow.providers.standard.hooks.subprocess.SubprocessHook"}
{"timestamp":"2025-07-03T19:04:11.013572","level":"info","event":"25/07/03 19:04:11 INFO MemoryStore: Block broadcast_2 stored as values in memory (estimated size 303.8 KiB, free 365.7 MiB)","logger":"airflow.task.hooks.airflow.providers.standard.hooks.subprocess.SubprocessHook"}
{"timestamp":"2025-07-03T19:04:11.040612","level":"info","event":"25/07/03 19:04:11 INFO MemoryStore: Block broadcast_2_piece0 stored as bytes in memory (estimated size 27.5 KiB, free 365.6 MiB)","logger":"airflow.task.hooks.airflow.providers.standard.hooks.subprocess.SubprocessHook"}
{"timestamp":"2025-07-03T19:04:11.041307","level":"info","event":"25/07/03 19:04:11 INFO BlockManagerInfo: Added broadcast_2_piece0 in memory on a5088bcdb211:42213 (size: 27.5 KiB, free: 366.2 MiB)","logger":"airflow.task.hooks.airflow.providers.standard.hooks.subprocess.SubprocessHook"}
{"timestamp":"2025-07-03T19:04:11.041979","level":"info","event":"25/07/03 19:04:11 INFO SparkContext: Created broadcast 2 from csv at NativeMethodAccessorImpl.java:0","logger":"airflow.task.hooks.airflow.providers.standard.hooks.subprocess.SubprocessHook"}
{"timestamp":"2025-07-03T19:04:11.042811","level":"info","event":"25/07/03 19:04:11 INFO FileSourceScanExec: Planning scan with bin packing, max size: 4194304 bytes, open cost is considered as scanning 4194304 bytes.","logger":"airflow.task.hooks.airflow.providers.standard.hooks.subprocess.SubprocessHook"}
{"timestamp":"2025-07-03T19:04:11.093560","level":"info","event":"25/07/03 19:04:11 INFO SparkContext: Starting job: csv at NativeMethodAccessorImpl.java:0","logger":"airflow.task.hooks.airflow.providers.standard.hooks.subprocess.SubprocessHook"}
{"timestamp":"2025-07-03T19:04:11.095002","level":"info","event":"25/07/03 19:04:11 INFO DAGScheduler: Got job 1 (csv at NativeMethodAccessorImpl.java:0) with 1 output partitions","logger":"airflow.task.hooks.airflow.providers.standard.hooks.subprocess.SubprocessHook"}
{"timestamp":"2025-07-03T19:04:11.095167","level":"info","event":"25/07/03 19:04:11 INFO DAGScheduler: Final stage: ResultStage 1 (csv at NativeMethodAccessorImpl.java:0)","logger":"airflow.task.hooks.airflow.providers.standard.hooks.subprocess.SubprocessHook"}
{"timestamp":"2025-07-03T19:04:11.095247","level":"info","event":"25/07/03 19:04:11 INFO DAGScheduler: Parents of final stage: List()","logger":"airflow.task.hooks.airflow.providers.standard.hooks.subprocess.SubprocessHook"}
{"timestamp":"2025-07-03T19:04:11.095309","level":"info","event":"25/07/03 19:04:11 INFO DAGScheduler: Missing parents: List()","logger":"airflow.task.hooks.airflow.providers.standard.hooks.subprocess.SubprocessHook"}
{"timestamp":"2025-07-03T19:04:11.096270","level":"info","event":"25/07/03 19:04:11 INFO DAGScheduler: Submitting ResultStage 1 (MapPartitionsRDD[9] at csv at NativeMethodAccessorImpl.java:0), which has no missing parents","logger":"airflow.task.hooks.airflow.providers.standard.hooks.subprocess.SubprocessHook"}
{"timestamp":"2025-07-03T19:04:11.118876","level":"info","event":"25/07/03 19:04:11 INFO MemoryStore: Block broadcast_3 stored as values in memory (estimated size 15.8 KiB, free 365.6 MiB)","logger":"airflow.task.hooks.airflow.providers.standard.hooks.subprocess.SubprocessHook"}
{"timestamp":"2025-07-03T19:04:11.120649","level":"info","event":"25/07/03 19:04:11 INFO MemoryStore: Block broadcast_3_piece0 stored as bytes in memory (estimated size 8.0 KiB, free 365.6 MiB)","logger":"airflow.task.hooks.airflow.providers.standard.hooks.subprocess.SubprocessHook"}
{"timestamp":"2025-07-03T19:04:11.121125","level":"info","event":"25/07/03 19:04:11 INFO BlockManagerInfo: Added broadcast_3_piece0 in memory on a5088bcdb211:42213 (size: 8.0 KiB, free: 366.2 MiB)","logger":"airflow.task.hooks.airflow.providers.standard.hooks.subprocess.SubprocessHook"}
{"timestamp":"2025-07-03T19:04:11.121626","level":"info","event":"25/07/03 19:04:11 INFO SparkContext: Created broadcast 3 from broadcast at DAGScheduler.scala:1383","logger":"airflow.task.hooks.airflow.providers.standard.hooks.subprocess.SubprocessHook"}
{"timestamp":"2025-07-03T19:04:11.122176","level":"info","event":"25/07/03 19:04:11 INFO DAGScheduler: Submitting 1 missing tasks from ResultStage 1 (MapPartitionsRDD[9] at csv at NativeMethodAccessorImpl.java:0) (first 15 tasks are for partitions Vector(0))","logger":"airflow.task.hooks.airflow.providers.standard.hooks.subprocess.SubprocessHook"}
{"timestamp":"2025-07-03T19:04:11.122361","level":"info","event":"25/07/03 19:04:11 INFO TaskSchedulerImpl: Adding task set 1.0 with 1 tasks resource profile 0","logger":"airflow.task.hooks.airflow.providers.standard.hooks.subprocess.SubprocessHook"}
{"timestamp":"2025-07-03T19:04:11.124252","level":"info","event":"25/07/03 19:04:11 INFO TaskSetManager: Starting task 0.0 in stage 1.0 (TID 1) (172.21.0.6, executor 0, partition 0, ANY, 4876 bytes) taskResourceAssignments Map()","logger":"airflow.task.hooks.airflow.providers.standard.hooks.subprocess.SubprocessHook"}
{"timestamp":"2025-07-03T19:04:11.144168","level":"info","event":"25/07/03 19:04:11 INFO BlockManagerInfo: Added broadcast_3_piece0 in memory on 172.21.0.6:42891 (size: 8.0 KiB, free: 366.3 MiB)","logger":"airflow.task.hooks.airflow.providers.standard.hooks.subprocess.SubprocessHook"}
{"timestamp":"2025-07-03T19:04:12.197072","level":"info","event":"25/07/03 19:04:12 INFO BlockManagerInfo: Added broadcast_2_piece0 in memory on 172.21.0.6:42891 (size: 27.5 KiB, free: 366.2 MiB)","logger":"airflow.task.hooks.airflow.providers.standard.hooks.subprocess.SubprocessHook"}
{"timestamp":"2025-07-03T19:04:12.447226","level":"info","event":"25/07/03 19:04:12 INFO TaskSetManager: Finished task 0.0 in stage 1.0 (TID 1) in 1322 ms on 172.21.0.6 (executor 0) (1/1)","logger":"airflow.task.hooks.airflow.providers.standard.hooks.subprocess.SubprocessHook"}
{"timestamp":"2025-07-03T19:04:12.447429","level":"info","event":"25/07/03 19:04:12 INFO TaskSchedulerImpl: Removed TaskSet 1.0, whose tasks have all completed, from pool","logger":"airflow.task.hooks.airflow.providers.standard.hooks.subprocess.SubprocessHook"}
{"timestamp":"2025-07-03T19:04:12.449263","level":"info","event":"25/07/03 19:04:12 INFO DAGScheduler: ResultStage 1 (csv at NativeMethodAccessorImpl.java:0) finished in 1.350 s","logger":"airflow.task.hooks.airflow.providers.standard.hooks.subprocess.SubprocessHook"}
{"timestamp":"2025-07-03T19:04:12.449443","level":"info","event":"25/07/03 19:04:12 INFO DAGScheduler: Job 1 is finished. Cancelling potential speculative or zombie tasks for this job","logger":"airflow.task.hooks.airflow.providers.standard.hooks.subprocess.SubprocessHook"}
{"timestamp":"2025-07-03T19:04:12.449528","level":"info","event":"25/07/03 19:04:12 INFO TaskSchedulerImpl: Killing all running tasks in stage 1: Stage finished","logger":"airflow.task.hooks.airflow.providers.standard.hooks.subprocess.SubprocessHook"}
{"timestamp":"2025-07-03T19:04:12.450491","level":"info","event":"25/07/03 19:04:12 INFO DAGScheduler: Job 1 finished: csv at NativeMethodAccessorImpl.java:0, took 1.357000 s","logger":"airflow.task.hooks.airflow.providers.standard.hooks.subprocess.SubprocessHook"}
{"timestamp":"2025-07-03T19:04:12.993797","level":"info","event":"25/07/03 19:04:12 INFO FileSourceStrategy: Pushed Filters:","logger":"airflow.task.hooks.airflow.providers.standard.hooks.subprocess.SubprocessHook"}
{"timestamp":"2025-07-03T19:04:12.993951","level":"info","event":"25/07/03 19:04:12 INFO FileSourceStrategy: Post-Scan Filters:","logger":"airflow.task.hooks.airflow.providers.standard.hooks.subprocess.SubprocessHook"}
{"timestamp":"2025-07-03T19:04:12.994007","level":"info","event":"25/07/03 19:04:12 INFO FileSourceStrategy: Output Data Schema: struct<TotalCharges: string>","logger":"airflow.task.hooks.airflow.providers.standard.hooks.subprocess.SubprocessHook"}
{"timestamp":"2025-07-03T19:04:13.030375","level":"info","event":"25/07/03 19:04:13 INFO CodeGenerator: Code generated in 14.992231 ms","logger":"airflow.task.hooks.airflow.providers.standard.hooks.subprocess.SubprocessHook"}
{"timestamp":"2025-07-03T19:04:13.034993","level":"info","event":"25/07/03 19:04:13 INFO MemoryStore: Block broadcast_4 stored as values in memory (estimated size 303.7 KiB, free 365.3 MiB)","logger":"airflow.task.hooks.airflow.providers.standard.hooks.subprocess.SubprocessHook"}
{"timestamp":"2025-07-03T19:04:13.041451","level":"info","event":"25/07/03 19:04:13 INFO MemoryStore: Block broadcast_4_piece0 stored as bytes in memory (estimated size 27.5 KiB, free 365.3 MiB)","logger":"airflow.task.hooks.airflow.providers.standard.hooks.subprocess.SubprocessHook"}
{"timestamp":"2025-07-03T19:04:13.042450","level":"info","event":"25/07/03 19:04:13 INFO BlockManagerInfo: Added broadcast_4_piece0 in memory on a5088bcdb211:42213 (size: 27.5 KiB, free: 366.2 MiB)","logger":"airflow.task.hooks.airflow.providers.standard.hooks.subprocess.SubprocessHook"}
{"timestamp":"2025-07-03T19:04:13.042913","level":"info","event":"25/07/03 19:04:13 INFO SparkContext: Created broadcast 4 from approxQuantile at NativeMethodAccessorImpl.java:0","logger":"airflow.task.hooks.airflow.providers.standard.hooks.subprocess.SubprocessHook"}
{"timestamp":"2025-07-03T19:04:13.046514","level":"info","event":"25/07/03 19:04:13 INFO FileSourceScanExec: Planning scan with bin packing, max size: 4194304 bytes, open cost is considered as scanning 4194304 bytes.","logger":"airflow.task.hooks.airflow.providers.standard.hooks.subprocess.SubprocessHook"}
{"timestamp":"2025-07-03T19:04:13.071761","level":"info","event":"25/07/03 19:04:13 INFO SparkContext: Starting job: approxQuantile at NativeMethodAccessorImpl.java:0","logger":"airflow.task.hooks.airflow.providers.standard.hooks.subprocess.SubprocessHook"}
{"timestamp":"2025-07-03T19:04:13.072862","level":"info","event":"25/07/03 19:04:13 INFO DAGScheduler: Got job 2 (approxQuantile at NativeMethodAccessorImpl.java:0) with 1 output partitions","logger":"airflow.task.hooks.airflow.providers.standard.hooks.subprocess.SubprocessHook"}
{"timestamp":"2025-07-03T19:04:13.073031","level":"info","event":"25/07/03 19:04:13 INFO DAGScheduler: Final stage: ResultStage 2 (approxQuantile at NativeMethodAccessorImpl.java:0)","logger":"airflow.task.hooks.airflow.providers.standard.hooks.subprocess.SubprocessHook"}
{"timestamp":"2025-07-03T19:04:13.073109","level":"info","event":"25/07/03 19:04:13 INFO DAGScheduler: Parents of final stage: List()","logger":"airflow.task.hooks.airflow.providers.standard.hooks.subprocess.SubprocessHook"}
{"timestamp":"2025-07-03T19:04:13.073290","level":"info","event":"25/07/03 19:04:13 INFO DAGScheduler: Missing parents: List()","logger":"airflow.task.hooks.airflow.providers.standard.hooks.subprocess.SubprocessHook"}
{"timestamp":"2025-07-03T19:04:13.074571","level":"info","event":"25/07/03 19:04:13 INFO DAGScheduler: Submitting ResultStage 2 (MapPartitionsRDD[16] at approxQuantile at NativeMethodAccessorImpl.java:0), which has no missing parents","logger":"airflow.task.hooks.airflow.providers.standard.hooks.subprocess.SubprocessHook"}
{"timestamp":"2025-07-03T19:04:13.087942","level":"info","event":"25/07/03 19:04:13 INFO MemoryStore: Block broadcast_5 stored as values in memory (estimated size 20.1 KiB, free 365.3 MiB)","logger":"airflow.task.hooks.airflow.providers.standard.hooks.subprocess.SubprocessHook"}
{"timestamp":"2025-07-03T19:04:13.089299","level":"info","event":"25/07/03 19:04:13 INFO MemoryStore: Block broadcast_5_piece0 stored as bytes in memory (estimated size 9.7 KiB, free 365.3 MiB)","logger":"airflow.task.hooks.airflow.providers.standard.hooks.subprocess.SubprocessHook"}
{"timestamp":"2025-07-03T19:04:13.090464","level":"info","event":"25/07/03 19:04:13 INFO BlockManagerInfo: Added broadcast_5_piece0 in memory on a5088bcdb211:42213 (size: 9.7 KiB, free: 366.2 MiB)","logger":"airflow.task.hooks.airflow.providers.standard.hooks.subprocess.SubprocessHook"}
{"timestamp":"2025-07-03T19:04:13.090619","level":"info","event":"25/07/03 19:04:13 INFO SparkContext: Created broadcast 5 from broadcast at DAGScheduler.scala:1383","logger":"airflow.task.hooks.airflow.providers.standard.hooks.subprocess.SubprocessHook"}
{"timestamp":"2025-07-03T19:04:13.091309","level":"info","event":"25/07/03 19:04:13 INFO DAGScheduler: Submitting 1 missing tasks from ResultStage 2 (MapPartitionsRDD[16] at approxQuantile at NativeMethodAccessorImpl.java:0) (first 15 tasks are for partitions Vector(0))","logger":"airflow.task.hooks.airflow.providers.standard.hooks.subprocess.SubprocessHook"}
{"timestamp":"2025-07-03T19:04:13.091414","level":"info","event":"25/07/03 19:04:13 INFO TaskSchedulerImpl: Adding task set 2.0 with 1 tasks resource profile 0","logger":"airflow.task.hooks.airflow.providers.standard.hooks.subprocess.SubprocessHook"}
{"timestamp":"2025-07-03T19:04:13.092728","level":"info","event":"25/07/03 19:04:13 INFO TaskSetManager: Starting task 0.0 in stage 2.0 (TID 2) (172.21.0.6, executor 0, partition 0, ANY, 4876 bytes) taskResourceAssignments Map()","logger":"airflow.task.hooks.airflow.providers.standard.hooks.subprocess.SubprocessHook"}
{"timestamp":"2025-07-03T19:04:13.105666","level":"info","event":"25/07/03 19:04:13 INFO BlockManagerInfo: Added broadcast_5_piece0 in memory on 172.21.0.6:42891 (size: 9.7 KiB, free: 366.2 MiB)","logger":"airflow.task.hooks.airflow.providers.standard.hooks.subprocess.SubprocessHook"}
{"timestamp":"2025-07-03T19:04:13.206655","level":"info","event":"25/07/03 19:04:13 INFO BlockManagerInfo: Added broadcast_4_piece0 in memory on 172.21.0.6:42891 (size: 27.5 KiB, free: 366.2 MiB)","logger":"airflow.task.hooks.airflow.providers.standard.hooks.subprocess.SubprocessHook"}
{"timestamp":"2025-07-03T19:04:13.358091","level":"info","event":"25/07/03 19:04:13 INFO TaskSetManager: Finished task 0.0 in stage 2.0 (TID 2) in 265 ms on 172.21.0.6 (executor 0) (1/1)","logger":"airflow.task.hooks.airflow.providers.standard.hooks.subprocess.SubprocessHook"}
{"timestamp":"2025-07-03T19:04:13.358267","level":"info","event":"25/07/03 19:04:13 INFO TaskSchedulerImpl: Removed TaskSet 2.0, whose tasks have all completed, from pool","logger":"airflow.task.hooks.airflow.providers.standard.hooks.subprocess.SubprocessHook"}
{"timestamp":"2025-07-03T19:04:13.358846","level":"info","event":"25/07/03 19:04:13 INFO DAGScheduler: ResultStage 2 (approxQuantile at NativeMethodAccessorImpl.java:0) finished in 0.283 s","logger":"airflow.task.hooks.airflow.providers.standard.hooks.subprocess.SubprocessHook"}
{"timestamp":"2025-07-03T19:04:13.359198","level":"info","event":"25/07/03 19:04:13 INFO DAGScheduler: Job 2 is finished. Cancelling potential speculative or zombie tasks for this job","logger":"airflow.task.hooks.airflow.providers.standard.hooks.subprocess.SubprocessHook"}
{"timestamp":"2025-07-03T19:04:13.359263","level":"info","event":"25/07/03 19:04:13 INFO TaskSchedulerImpl: Killing all running tasks in stage 2: Stage finished","logger":"airflow.task.hooks.airflow.providers.standard.hooks.subprocess.SubprocessHook"}
{"timestamp":"2025-07-03T19:04:13.360804","level":"info","event":"25/07/03 19:04:13 INFO DAGScheduler: Job 2 finished: approxQuantile at NativeMethodAccessorImpl.java:0, took 0.289094 s","logger":"airflow.task.hooks.airflow.providers.standard.hooks.subprocess.SubprocessHook"}
{"timestamp":"2025-07-03T19:04:13.469839","level":"info","event":"25/07/03 19:04:13 INFO FileSourceStrategy: Pushed Filters:","logger":"airflow.task.hooks.airflow.providers.standard.hooks.subprocess.SubprocessHook"}
{"timestamp":"2025-07-03T19:04:13.470749","level":"info","event":"25/07/03 19:04:13 INFO FileSourceStrategy: Post-Scan Filters: ((CASE WHEN isnull(cast(TotalCharges#35 as double)) THEN 0.0 ELSE cast(TotalCharges#35 as double) END < -3927.1499999999996) OR (CASE WHEN isnull(cast(TotalCharges#35 as double)) THEN 0.0 ELSE cast(TotalCharges#35 as double) END > 7662.049999999999))","logger":"airflow.task.hooks.airflow.providers.standard.hooks.subprocess.SubprocessHook"}
{"timestamp":"2025-07-03T19:04:13.470872","level":"info","event":"25/07/03 19:04:13 INFO FileSourceStrategy: Output Data Schema: struct<TotalCharges: string>","logger":"airflow.task.hooks.airflow.providers.standard.hooks.subprocess.SubprocessHook"}
{"timestamp":"2025-07-03T19:04:13.523156","level":"info","event":"25/07/03 19:04:13 INFO CodeGenerator: Code generated in 13.097721 ms","logger":"airflow.task.hooks.airflow.providers.standard.hooks.subprocess.SubprocessHook"}
{"timestamp":"2025-07-03T19:04:13.560183","level":"info","event":"25/07/03 19:04:13 INFO CodeGenerator: Code generated in 24.625423 ms","logger":"airflow.task.hooks.airflow.providers.standard.hooks.subprocess.SubprocessHook"}
{"timestamp":"2025-07-03T19:04:13.564194","level":"info","event":"25/07/03 19:04:13 INFO MemoryStore: Block broadcast_6 stored as values in memory (estimated size 303.7 KiB, free 365.0 MiB)","logger":"airflow.task.hooks.airflow.providers.standard.hooks.subprocess.SubprocessHook"}
{"timestamp":"2025-07-03T19:04:13.575619","level":"info","event":"25/07/03 19:04:13 INFO MemoryStore: Block broadcast_6_piece0 stored as bytes in memory (estimated size 27.5 KiB, free 364.9 MiB)","logger":"airflow.task.hooks.airflow.providers.standard.hooks.subprocess.SubprocessHook"}
{"timestamp":"2025-07-03T19:04:13.576262","level":"info","event":"25/07/03 19:04:13 INFO BlockManagerInfo: Added broadcast_6_piece0 in memory on a5088bcdb211:42213 (size: 27.5 KiB, free: 366.2 MiB)","logger":"airflow.task.hooks.airflow.providers.standard.hooks.subprocess.SubprocessHook"}
{"timestamp":"2025-07-03T19:04:13.577014","level":"info","event":"25/07/03 19:04:13 INFO SparkContext: Created broadcast 6 from count at NativeMethodAccessorImpl.java:0","logger":"airflow.task.hooks.airflow.providers.standard.hooks.subprocess.SubprocessHook"}
{"timestamp":"2025-07-03T19:04:13.578046","level":"info","event":"25/07/03 19:04:13 INFO FileSourceScanExec: Planning scan with bin packing, max size: 4194304 bytes, open cost is considered as scanning 4194304 bytes.","logger":"airflow.task.hooks.airflow.providers.standard.hooks.subprocess.SubprocessHook"}
{"timestamp":"2025-07-03T19:04:13.618248","level":"info","event":"25/07/03 19:04:13 INFO SparkContext: Starting job: count at NativeMethodAccessorImpl.java:0","logger":"airflow.task.hooks.airflow.providers.standard.hooks.subprocess.SubprocessHook"}
{"timestamp":"2025-07-03T19:04:13.620747","level":"info","event":"25/07/03 19:04:13 INFO DAGScheduler: Registering RDD 20 (count at NativeMethodAccessorImpl.java:0) as input to shuffle 0","logger":"airflow.task.hooks.airflow.providers.standard.hooks.subprocess.SubprocessHook"}
{"timestamp":"2025-07-03T19:04:13.623366","level":"info","event":"25/07/03 19:04:13 INFO DAGScheduler: Got job 3 (count at NativeMethodAccessorImpl.java:0) with 1 output partitions","logger":"airflow.task.hooks.airflow.providers.standard.hooks.subprocess.SubprocessHook"}
{"timestamp":"2025-07-03T19:04:13.623505","level":"info","event":"25/07/03 19:04:13 INFO DAGScheduler: Final stage: ResultStage 4 (count at NativeMethodAccessorImpl.java:0)","logger":"airflow.task.hooks.airflow.providers.standard.hooks.subprocess.SubprocessHook"}
{"timestamp":"2025-07-03T19:04:13.623579","level":"info","event":"25/07/03 19:04:13 INFO DAGScheduler: Parents of final stage: List(ShuffleMapStage 3)","logger":"airflow.task.hooks.airflow.providers.standard.hooks.subprocess.SubprocessHook"}
{"timestamp":"2025-07-03T19:04:13.624650","level":"info","event":"25/07/03 19:04:13 INFO DAGScheduler: Missing parents: List(ShuffleMapStage 3)","logger":"airflow.task.hooks.airflow.providers.standard.hooks.subprocess.SubprocessHook"}
{"timestamp":"2025-07-03T19:04:13.626452","level":"info","event":"25/07/03 19:04:13 INFO DAGScheduler: Submitting ShuffleMapStage 3 (MapPartitionsRDD[20] at count at NativeMethodAccessorImpl.java:0), which has no missing parents","logger":"airflow.task.hooks.airflow.providers.standard.hooks.subprocess.SubprocessHook"}
{"timestamp":"2025-07-03T19:04:13.636083","level":"info","event":"25/07/03 19:04:13 INFO MemoryStore: Block broadcast_7 stored as values in memory (estimated size 19.7 KiB, free 364.9 MiB)","logger":"airflow.task.hooks.airflow.providers.standard.hooks.subprocess.SubprocessHook"}
{"timestamp":"2025-07-03T19:04:13.640294","level":"info","event":"25/07/03 19:04:13 INFO MemoryStore: Block broadcast_7_piece0 stored as bytes in memory (estimated size 9.3 KiB, free 364.9 MiB)","logger":"airflow.task.hooks.airflow.providers.standard.hooks.subprocess.SubprocessHook"}
{"timestamp":"2025-07-03T19:04:13.641407","level":"info","event":"25/07/03 19:04:13 INFO BlockManagerInfo: Added broadcast_7_piece0 in memory on a5088bcdb211:42213 (size: 9.3 KiB, free: 366.2 MiB)","logger":"airflow.task.hooks.airflow.providers.standard.hooks.subprocess.SubprocessHook"}
{"timestamp":"2025-07-03T19:04:13.641961","level":"info","event":"25/07/03 19:04:13 INFO SparkContext: Created broadcast 7 from broadcast at DAGScheduler.scala:1383","logger":"airflow.task.hooks.airflow.providers.standard.hooks.subprocess.SubprocessHook"}
{"timestamp":"2025-07-03T19:04:13.643989","level":"info","event":"25/07/03 19:04:13 INFO DAGScheduler: Submitting 1 missing tasks from ShuffleMapStage 3 (MapPartitionsRDD[20] at count at NativeMethodAccessorImpl.java:0) (first 15 tasks are for partitions Vector(0))","logger":"airflow.task.hooks.airflow.providers.standard.hooks.subprocess.SubprocessHook"}
{"timestamp":"2025-07-03T19:04:13.644098","level":"info","event":"25/07/03 19:04:13 INFO TaskSchedulerImpl: Adding task set 3.0 with 1 tasks resource profile 0","logger":"airflow.task.hooks.airflow.providers.standard.hooks.subprocess.SubprocessHook"}
{"timestamp":"2025-07-03T19:04:13.646587","level":"info","event":"25/07/03 19:04:13 INFO TaskSetManager: Starting task 0.0 in stage 3.0 (TID 3) (172.21.0.6, executor 0, partition 0, ANY, 4865 bytes) taskResourceAssignments Map()","logger":"airflow.task.hooks.airflow.providers.standard.hooks.subprocess.SubprocessHook"}
{"timestamp":"2025-07-03T19:04:13.662794","level":"info","event":"25/07/03 19:04:13 INFO BlockManagerInfo: Added broadcast_7_piece0 in memory on 172.21.0.6:42891 (size: 9.3 KiB, free: 366.2 MiB)","logger":"airflow.task.hooks.airflow.providers.standard.hooks.subprocess.SubprocessHook"}
{"timestamp":"2025-07-03T19:04:13.752990","level":"info","event":"25/07/03 19:04:13 INFO BlockManagerInfo: Added broadcast_6_piece0 in memory on 172.21.0.6:42891 (size: 27.5 KiB, free: 366.2 MiB)","logger":"airflow.task.hooks.airflow.providers.standard.hooks.subprocess.SubprocessHook"}
{"timestamp":"2025-07-03T19:04:13.850676","level":"info","event":"25/07/03 19:04:13 INFO TaskSetManager: Finished task 0.0 in stage 3.0 (TID 3) in 204 ms on 172.21.0.6 (executor 0) (1/1)","logger":"airflow.task.hooks.airflow.providers.standard.hooks.subprocess.SubprocessHook"}
{"timestamp":"2025-07-03T19:04:13.850888","level":"info","event":"25/07/03 19:04:13 INFO TaskSchedulerImpl: Removed TaskSet 3.0, whose tasks have all completed, from pool","logger":"airflow.task.hooks.airflow.providers.standard.hooks.subprocess.SubprocessHook"}
{"timestamp":"2025-07-03T19:04:13.851947","level":"info","event":"25/07/03 19:04:13 INFO DAGScheduler: ShuffleMapStage 3 (count at NativeMethodAccessorImpl.java:0) finished in 0.222 s","logger":"airflow.task.hooks.airflow.providers.standard.hooks.subprocess.SubprocessHook"}
{"timestamp":"2025-07-03T19:04:13.852081","level":"info","event":"25/07/03 19:04:13 INFO DAGScheduler: looking for newly runnable stages","logger":"airflow.task.hooks.airflow.providers.standard.hooks.subprocess.SubprocessHook"}
{"timestamp":"2025-07-03T19:04:13.852154","level":"info","event":"25/07/03 19:04:13 INFO DAGScheduler: running: Set()","logger":"airflow.task.hooks.airflow.providers.standard.hooks.subprocess.SubprocessHook"}
{"timestamp":"2025-07-03T19:04:13.852662","level":"info","event":"25/07/03 19:04:13 INFO DAGScheduler: waiting: Set(ResultStage 4)","logger":"airflow.task.hooks.airflow.providers.standard.hooks.subprocess.SubprocessHook"}
{"timestamp":"2025-07-03T19:04:13.852987","level":"info","event":"25/07/03 19:04:13 INFO DAGScheduler: failed: Set()","logger":"airflow.task.hooks.airflow.providers.standard.hooks.subprocess.SubprocessHook"}
{"timestamp":"2025-07-03T19:04:13.855975","level":"info","event":"25/07/03 19:04:13 INFO DAGScheduler: Submitting ResultStage 4 (MapPartitionsRDD[23] at count at NativeMethodAccessorImpl.java:0), which has no missing parents","logger":"airflow.task.hooks.airflow.providers.standard.hooks.subprocess.SubprocessHook"}
{"timestamp":"2025-07-03T19:04:13.863646","level":"info","event":"25/07/03 19:04:13 INFO MemoryStore: Block broadcast_8 stored as values in memory (estimated size 10.1 KiB, free 364.9 MiB)","logger":"airflow.task.hooks.airflow.providers.standard.hooks.subprocess.SubprocessHook"}
{"timestamp":"2025-07-03T19:04:13.868901","level":"info","event":"25/07/03 19:04:13 INFO MemoryStore: Block broadcast_8_piece0 stored as bytes in memory (estimated size 5.0 KiB, free 364.9 MiB)","logger":"airflow.task.hooks.airflow.providers.standard.hooks.subprocess.SubprocessHook"}
{"timestamp":"2025-07-03T19:04:13.869801","level":"info","event":"25/07/03 19:04:13 INFO BlockManagerInfo: Added broadcast_8_piece0 in memory on a5088bcdb211:42213 (size: 5.0 KiB, free: 366.2 MiB)","logger":"airflow.task.hooks.airflow.providers.standard.hooks.subprocess.SubprocessHook"}
{"timestamp":"2025-07-03T19:04:13.871092","level":"info","event":"25/07/03 19:04:13 INFO SparkContext: Created broadcast 8 from broadcast at DAGScheduler.scala:1383","logger":"airflow.task.hooks.airflow.providers.standard.hooks.subprocess.SubprocessHook"}
{"timestamp":"2025-07-03T19:04:13.871584","level":"info","event":"25/07/03 19:04:13 INFO DAGScheduler: Submitting 1 missing tasks from ResultStage 4 (MapPartitionsRDD[23] at count at NativeMethodAccessorImpl.java:0) (first 15 tasks are for partitions Vector(0))","logger":"airflow.task.hooks.airflow.providers.standard.hooks.subprocess.SubprocessHook"}
{"timestamp":"2025-07-03T19:04:13.871682","level":"info","event":"25/07/03 19:04:13 INFO TaskSchedulerImpl: Adding task set 4.0 with 1 tasks resource profile 0","logger":"airflow.task.hooks.airflow.providers.standard.hooks.subprocess.SubprocessHook"}
{"timestamp":"2025-07-03T19:04:13.875282","level":"info","event":"25/07/03 19:04:13 INFO TaskSetManager: Starting task 0.0 in stage 4.0 (TID 4) (172.21.0.6, executor 0, partition 0, NODE_LOCAL, 4457 bytes) taskResourceAssignments Map()","logger":"airflow.task.hooks.airflow.providers.standard.hooks.subprocess.SubprocessHook"}
{"timestamp":"2025-07-03T19:04:13.890493","level":"info","event":"25/07/03 19:04:13 INFO BlockManagerInfo: Added broadcast_8_piece0 in memory on 172.21.0.6:42891 (size: 5.0 KiB, free: 366.2 MiB)","logger":"airflow.task.hooks.airflow.providers.standard.hooks.subprocess.SubprocessHook"}
{"timestamp":"2025-07-03T19:04:13.908504","level":"info","event":"25/07/03 19:04:13 INFO MapOutputTrackerMasterEndpoint: Asked to send map output locations for shuffle 0 to 172.21.0.6:37506","logger":"airflow.task.hooks.airflow.providers.standard.hooks.subprocess.SubprocessHook"}
{"timestamp":"2025-07-03T19:04:13.944512","level":"info","event":"25/07/03 19:04:13 INFO BlockManagerInfo: Removed broadcast_7_piece0 on a5088bcdb211:42213 in memory (size: 9.3 KiB, free: 366.2 MiB)","logger":"airflow.task.hooks.airflow.providers.standard.hooks.subprocess.SubprocessHook"}
{"timestamp":"2025-07-03T19:04:13.951317","level":"info","event":"25/07/03 19:04:13 INFO BlockManagerInfo: Removed broadcast_7_piece0 on 172.21.0.6:42891 in memory (size: 9.3 KiB, free: 366.2 MiB)","logger":"airflow.task.hooks.airflow.providers.standard.hooks.subprocess.SubprocessHook"}
{"timestamp":"2025-07-03T19:04:13.959343","level":"info","event":"25/07/03 19:04:13 INFO BlockManagerInfo: Removed broadcast_3_piece0 on a5088bcdb211:42213 in memory (size: 8.0 KiB, free: 366.2 MiB)","logger":"airflow.task.hooks.airflow.providers.standard.hooks.subprocess.SubprocessHook"}
{"timestamp":"2025-07-03T19:04:13.966976","level":"info","event":"25/07/03 19:04:13 INFO BlockManagerInfo: Removed broadcast_3_piece0 on 172.21.0.6:42891 in memory (size: 8.0 KiB, free: 366.2 MiB)","logger":"airflow.task.hooks.airflow.providers.standard.hooks.subprocess.SubprocessHook"}
{"timestamp":"2025-07-03T19:04:13.971600","level":"info","event":"25/07/03 19:04:13 INFO BlockManagerInfo: Removed broadcast_5_piece0 on a5088bcdb211:42213 in memory (size: 9.7 KiB, free: 366.2 MiB)","logger":"airflow.task.hooks.airflow.providers.standard.hooks.subprocess.SubprocessHook"}
{"timestamp":"2025-07-03T19:04:13.975709","level":"info","event":"25/07/03 19:04:13 INFO BlockManagerInfo: Removed broadcast_5_piece0 on 172.21.0.6:42891 in memory (size: 9.7 KiB, free: 366.2 MiB)","logger":"airflow.task.hooks.airflow.providers.standard.hooks.subprocess.SubprocessHook"}
{"timestamp":"2025-07-03T19:04:13.981244","level":"info","event":"25/07/03 19:04:13 INFO BlockManagerInfo: Removed broadcast_1_piece0 on a5088bcdb211:42213 in memory (size: 5.4 KiB, free: 366.2 MiB)","logger":"airflow.task.hooks.airflow.providers.standard.hooks.subprocess.SubprocessHook"}
{"timestamp":"2025-07-03T19:04:13.984292","level":"info","event":"25/07/03 19:04:13 INFO BlockManagerInfo: Removed broadcast_1_piece0 on 172.21.0.6:42891 in memory (size: 5.4 KiB, free: 366.2 MiB)","logger":"airflow.task.hooks.airflow.providers.standard.hooks.subprocess.SubprocessHook"}
{"timestamp":"2025-07-03T19:04:13.989992","level":"info","event":"25/07/03 19:04:13 INFO BlockManagerInfo: Removed broadcast_4_piece0 on a5088bcdb211:42213 in memory (size: 27.5 KiB, free: 366.2 MiB)","logger":"airflow.task.hooks.airflow.providers.standard.hooks.subprocess.SubprocessHook"}
{"timestamp":"2025-07-03T19:04:13.991583","level":"info","event":"25/07/03 19:04:13 INFO BlockManagerInfo: Removed broadcast_4_piece0 on 172.21.0.6:42891 in memory (size: 27.5 KiB, free: 366.2 MiB)","logger":"airflow.task.hooks.airflow.providers.standard.hooks.subprocess.SubprocessHook"}
{"timestamp":"2025-07-03T19:04:14.016780","level":"info","event":"25/07/03 19:04:14 INFO TaskSetManager: Finished task 0.0 in stage 4.0 (TID 4) in 143 ms on 172.21.0.6 (executor 0) (1/1)","logger":"airflow.task.hooks.airflow.providers.standard.hooks.subprocess.SubprocessHook"}
{"timestamp":"2025-07-03T19:04:14.016993","level":"info","event":"25/07/03 19:04:14 INFO TaskSchedulerImpl: Removed TaskSet 4.0, whose tasks have all completed, from pool","logger":"airflow.task.hooks.airflow.providers.standard.hooks.subprocess.SubprocessHook"}
{"timestamp":"2025-07-03T19:04:14.017682","level":"info","event":"25/07/03 19:04:14 INFO DAGScheduler: ResultStage 4 (count at NativeMethodAccessorImpl.java:0) finished in 0.156 s","logger":"airflow.task.hooks.airflow.providers.standard.hooks.subprocess.SubprocessHook"}
{"timestamp":"2025-07-03T19:04:14.017809","level":"info","event":"25/07/03 19:04:14 INFO DAGScheduler: Job 3 is finished. Cancelling potential speculative or zombie tasks for this job","logger":"airflow.task.hooks.airflow.providers.standard.hooks.subprocess.SubprocessHook"}
{"timestamp":"2025-07-03T19:04:14.017872","level":"info","event":"25/07/03 19:04:14 INFO TaskSchedulerImpl: Killing all running tasks in stage 4: Stage finished","logger":"airflow.task.hooks.airflow.providers.standard.hooks.subprocess.SubprocessHook"}
{"timestamp":"2025-07-03T19:04:14.018072","level":"info","event":"25/07/03 19:04:14 INFO DAGScheduler: Job 3 finished: count at NativeMethodAccessorImpl.java:0, took 0.400149 s","logger":"airflow.task.hooks.airflow.providers.standard.hooks.subprocess.SubprocessHook"}
{"timestamp":"2025-07-03T19:04:14.021064","level":"info","event":"Number of outliers in totalcharges: 154","logger":"airflow.task.hooks.airflow.providers.standard.hooks.subprocess.SubprocessHook"}
{"timestamp":"2025-07-03T19:04:14.114608","level":"info","event":"25/07/03 19:04:14 INFO FileSourceStrategy: Pushed Filters:","logger":"airflow.task.hooks.airflow.providers.standard.hooks.subprocess.SubprocessHook"}
{"timestamp":"2025-07-03T19:04:14.114759","level":"info","event":"25/07/03 19:04:14 INFO FileSourceStrategy: Post-Scan Filters:","logger":"airflow.task.hooks.airflow.providers.standard.hooks.subprocess.SubprocessHook"}
{"timestamp":"2025-07-03T19:04:14.114855","level":"info","event":"25/07/03 19:04:14 INFO FileSourceStrategy: Output Data Schema: struct<customerID: string, gender: string, SeniorCitizen: int, Partner: string, Dependents: string ... 19 more fields>","logger":"airflow.task.hooks.airflow.providers.standard.hooks.subprocess.SubprocessHook"}
{"timestamp":"2025-07-03T19:04:14.165794","level":"info","event":"25/07/03 19:04:14 INFO ParquetFileFormat: Using default output committer for Parquet: org.apache.parquet.hadoop.ParquetOutputCommitter","logger":"airflow.task.hooks.airflow.providers.standard.hooks.subprocess.SubprocessHook"}
{"timestamp":"2025-07-03T19:04:14.185959","level":"info","event":"25/07/03 19:04:14 INFO FileOutputCommitter: File Output Committer Algorithm version is 1","logger":"airflow.task.hooks.airflow.providers.standard.hooks.subprocess.SubprocessHook"}
{"timestamp":"2025-07-03T19:04:14.186114","level":"info","event":"25/07/03 19:04:14 INFO FileOutputCommitter: FileOutputCommitter skip cleanup _temporary folders under output directory:false, ignore cleanup failures: false","logger":"airflow.task.hooks.airflow.providers.standard.hooks.subprocess.SubprocessHook"}
{"timestamp":"2025-07-03T19:04:14.187412","level":"info","event":"25/07/03 19:04:14 INFO SQLHadoopMapReduceCommitProtocol: Using user defined output committer class org.apache.parquet.hadoop.ParquetOutputCommitter","logger":"airflow.task.hooks.airflow.providers.standard.hooks.subprocess.SubprocessHook"}
{"timestamp":"2025-07-03T19:04:14.187575","level":"info","event":"25/07/03 19:04:14 INFO FileOutputCommitter: File Output Committer Algorithm version is 1","logger":"airflow.task.hooks.airflow.providers.standard.hooks.subprocess.SubprocessHook"}
{"timestamp":"2025-07-03T19:04:14.187651","level":"info","event":"25/07/03 19:04:14 INFO FileOutputCommitter: FileOutputCommitter skip cleanup _temporary folders under output directory:false, ignore cleanup failures: false","logger":"airflow.task.hooks.airflow.providers.standard.hooks.subprocess.SubprocessHook"}
{"timestamp":"2025-07-03T19:04:14.189003","level":"info","event":"25/07/03 19:04:14 INFO SQLHadoopMapReduceCommitProtocol: Using output committer class org.apache.parquet.hadoop.ParquetOutputCommitter","logger":"airflow.task.hooks.airflow.providers.standard.hooks.subprocess.SubprocessHook"}
{"timestamp":"2025-07-03T19:04:14.248813","level":"info","event":"25/07/03 19:04:14 INFO CodeGenerator: Code generated in 32.573201 ms","logger":"airflow.task.hooks.airflow.providers.standard.hooks.subprocess.SubprocessHook"}
{"timestamp":"2025-07-03T19:04:14.253083","level":"info","event":"25/07/03 19:04:14 INFO MemoryStore: Block broadcast_9 stored as values in memory (estimated size 303.7 KiB, free 365.0 MiB)","logger":"airflow.task.hooks.airflow.providers.standard.hooks.subprocess.SubprocessHook"}
{"timestamp":"2025-07-03T19:04:14.262078","level":"info","event":"25/07/03 19:04:14 INFO MemoryStore: Block broadcast_9_piece0 stored as bytes in memory (estimated size 27.5 KiB, free 365.0 MiB)","logger":"airflow.task.hooks.airflow.providers.standard.hooks.subprocess.SubprocessHook"}
{"timestamp":"2025-07-03T19:04:14.263267","level":"info","event":"25/07/03 19:04:14 INFO BlockManagerInfo: Added broadcast_9_piece0 in memory on a5088bcdb211:42213 (size: 27.5 KiB, free: 366.2 MiB)","logger":"airflow.task.hooks.airflow.providers.standard.hooks.subprocess.SubprocessHook"}
{"timestamp":"2025-07-03T19:04:14.263412","level":"info","event":"25/07/03 19:04:14 INFO SparkContext: Created broadcast 9 from parquet at NativeMethodAccessorImpl.java:0","logger":"airflow.task.hooks.airflow.providers.standard.hooks.subprocess.SubprocessHook"}
{"timestamp":"2025-07-03T19:04:14.264727","level":"info","event":"25/07/03 19:04:14 INFO FileSourceScanExec: Planning scan with bin packing, max size: 4194304 bytes, open cost is considered as scanning 4194304 bytes.","logger":"airflow.task.hooks.airflow.providers.standard.hooks.subprocess.SubprocessHook"}
{"timestamp":"2025-07-03T19:04:14.298103","level":"info","event":"25/07/03 19:04:14 INFO SparkContext: Starting job: parquet at NativeMethodAccessorImpl.java:0","logger":"airflow.task.hooks.airflow.providers.standard.hooks.subprocess.SubprocessHook"}
{"timestamp":"2025-07-03T19:04:14.298898","level":"info","event":"25/07/03 19:04:14 INFO DAGScheduler: Got job 4 (parquet at NativeMethodAccessorImpl.java:0) with 1 output partitions","logger":"airflow.task.hooks.airflow.providers.standard.hooks.subprocess.SubprocessHook"}
{"timestamp":"2025-07-03T19:04:14.299008","level":"info","event":"25/07/03 19:04:14 INFO DAGScheduler: Final stage: ResultStage 5 (parquet at NativeMethodAccessorImpl.java:0)","logger":"airflow.task.hooks.airflow.providers.standard.hooks.subprocess.SubprocessHook"}
{"timestamp":"2025-07-03T19:04:14.299074","level":"info","event":"25/07/03 19:04:14 INFO DAGScheduler: Parents of final stage: List()","logger":"airflow.task.hooks.airflow.providers.standard.hooks.subprocess.SubprocessHook"}
{"timestamp":"2025-07-03T19:04:14.299124","level":"info","event":"25/07/03 19:04:14 INFO DAGScheduler: Missing parents: List()","logger":"airflow.task.hooks.airflow.providers.standard.hooks.subprocess.SubprocessHook"}
{"timestamp":"2025-07-03T19:04:14.299664","level":"info","event":"25/07/03 19:04:14 INFO DAGScheduler: Submitting ResultStage 5 (MapPartitionsRDD[26] at parquet at NativeMethodAccessorImpl.java:0), which has no missing parents","logger":"airflow.task.hooks.airflow.providers.standard.hooks.subprocess.SubprocessHook"}
{"timestamp":"2025-07-03T19:04:14.315064","level":"info","event":"25/07/03 19:04:14 INFO MemoryStore: Block broadcast_10 stored as values in memory (estimated size 191.0 KiB, free 364.8 MiB)","logger":"airflow.task.hooks.airflow.providers.standard.hooks.subprocess.SubprocessHook"}
{"timestamp":"2025-07-03T19:04:14.316595","level":"info","event":"25/07/03 19:04:14 INFO MemoryStore: Block broadcast_10_piece0 stored as bytes in memory (estimated size 66.8 KiB, free 364.7 MiB)","logger":"airflow.task.hooks.airflow.providers.standard.hooks.subprocess.SubprocessHook"}
{"timestamp":"2025-07-03T19:04:14.317834","level":"info","event":"25/07/03 19:04:14 INFO BlockManagerInfo: Added broadcast_10_piece0 in memory on a5088bcdb211:42213 (size: 66.8 KiB, free: 366.1 MiB)","logger":"airflow.task.hooks.airflow.providers.standard.hooks.subprocess.SubprocessHook"}
{"timestamp":"2025-07-03T19:04:14.318028","level":"info","event":"25/07/03 19:04:14 INFO SparkContext: Created broadcast 10 from broadcast at DAGScheduler.scala:1383","logger":"airflow.task.hooks.airflow.providers.standard.hooks.subprocess.SubprocessHook"}
{"timestamp":"2025-07-03T19:04:14.318724","level":"info","event":"25/07/03 19:04:14 INFO DAGScheduler: Submitting 1 missing tasks from ResultStage 5 (MapPartitionsRDD[26] at parquet at NativeMethodAccessorImpl.java:0) (first 15 tasks are for partitions Vector(0))","logger":"airflow.task.hooks.airflow.providers.standard.hooks.subprocess.SubprocessHook"}
{"timestamp":"2025-07-03T19:04:14.318853","level":"info","event":"25/07/03 19:04:14 INFO TaskSchedulerImpl: Adding task set 5.0 with 1 tasks resource profile 0","logger":"airflow.task.hooks.airflow.providers.standard.hooks.subprocess.SubprocessHook"}
{"timestamp":"2025-07-03T19:04:14.319873","level":"info","event":"25/07/03 19:04:14 INFO TaskSetManager: Starting task 0.0 in stage 5.0 (TID 5) (172.21.0.6, executor 0, partition 0, ANY, 4876 bytes) taskResourceAssignments Map()","logger":"airflow.task.hooks.airflow.providers.standard.hooks.subprocess.SubprocessHook"}
{"timestamp":"2025-07-03T19:04:14.331962","level":"info","event":"25/07/03 19:04:14 INFO BlockManagerInfo: Added broadcast_10_piece0 in memory on 172.21.0.6:42891 (size: 66.8 KiB, free: 366.1 MiB)","logger":"airflow.task.hooks.airflow.providers.standard.hooks.subprocess.SubprocessHook"}
{"timestamp":"2025-07-03T19:04:14.778783","level":"info","event":"25/07/03 19:04:14 INFO BlockManagerInfo: Added broadcast_9_piece0 in memory on 172.21.0.6:42891 (size: 27.5 KiB, free: 366.1 MiB)","logger":"airflow.task.hooks.airflow.providers.standard.hooks.subprocess.SubprocessHook"}
{"timestamp":"2025-07-03T19:04:15.148393","level":"info","event":"25/07/03 19:04:15 INFO TaskSetManager: Finished task 0.0 in stage 5.0 (TID 5) in 828 ms on 172.21.0.6 (executor 0) (1/1)","logger":"airflow.task.hooks.airflow.providers.standard.hooks.subprocess.SubprocessHook"}
{"timestamp":"2025-07-03T19:04:15.148592","level":"info","event":"25/07/03 19:04:15 INFO TaskSchedulerImpl: Removed TaskSet 5.0, whose tasks have all completed, from pool","logger":"airflow.task.hooks.airflow.providers.standard.hooks.subprocess.SubprocessHook"}
{"timestamp":"2025-07-03T19:04:15.148692","level":"info","event":"25/07/03 19:04:15 INFO DAGScheduler: ResultStage 5 (parquet at NativeMethodAccessorImpl.java:0) finished in 0.848 s","logger":"airflow.task.hooks.airflow.providers.standard.hooks.subprocess.SubprocessHook"}
{"timestamp":"2025-07-03T19:04:15.148750","level":"info","event":"25/07/03 19:04:15 INFO DAGScheduler: Job 4 is finished. Cancelling potential speculative or zombie tasks for this job","logger":"airflow.task.hooks.airflow.providers.standard.hooks.subprocess.SubprocessHook"}
{"timestamp":"2025-07-03T19:04:15.148797","level":"info","event":"25/07/03 19:04:15 INFO TaskSchedulerImpl: Killing all running tasks in stage 5: Stage finished","logger":"airflow.task.hooks.airflow.providers.standard.hooks.subprocess.SubprocessHook"}
{"timestamp":"2025-07-03T19:04:15.149715","level":"info","event":"25/07/03 19:04:15 INFO DAGScheduler: Job 4 finished: parquet at NativeMethodAccessorImpl.java:0, took 0.852371 s","logger":"airflow.task.hooks.airflow.providers.standard.hooks.subprocess.SubprocessHook"}
{"timestamp":"2025-07-03T19:04:15.203887","level":"info","event":"25/07/03 19:04:15 INFO FileFormatWriter: Write Job 51859b99-352e-41d7-ac91-3891ad805317 committed.","logger":"airflow.task.hooks.airflow.providers.standard.hooks.subprocess.SubprocessHook"}
{"timestamp":"2025-07-03T19:04:15.206998","level":"info","event":"25/07/03 19:04:15 INFO FileFormatWriter: Finished processing stats for write job 51859b99-352e-41d7-ac91-3891ad805317.","logger":"airflow.task.hooks.airflow.providers.standard.hooks.subprocess.SubprocessHook"}
{"timestamp":"2025-07-03T19:04:15.216115","level":"info","event":"The Cleaning is done!","logger":"airflow.task.hooks.airflow.providers.standard.hooks.subprocess.SubprocessHook"}
{"timestamp":"2025-07-03T19:04:15.232597","level":"info","event":"25/07/03 19:04:15 INFO SparkContext: Invoking stop() from shutdown hook","logger":"airflow.task.hooks.airflow.providers.standard.hooks.subprocess.SubprocessHook"}
{"timestamp":"2025-07-03T19:04:15.241397","level":"info","event":"25/07/03 19:04:15 INFO SparkUI: Stopped Spark web UI at http://a5088bcdb211:4040","logger":"airflow.task.hooks.airflow.providers.standard.hooks.subprocess.SubprocessHook"}
{"timestamp":"2025-07-03T19:04:15.244169","level":"info","event":"25/07/03 19:04:15 INFO StandaloneSchedulerBackend: Shutting down all executors","logger":"airflow.task.hooks.airflow.providers.standard.hooks.subprocess.SubprocessHook"}
{"timestamp":"2025-07-03T19:04:15.244305","level":"info","event":"25/07/03 19:04:15 INFO CoarseGrainedSchedulerBackend$DriverEndpoint: Asking each executor to shut down","logger":"airflow.task.hooks.airflow.providers.standard.hooks.subprocess.SubprocessHook"}
{"timestamp":"2025-07-03T19:04:15.264708","level":"info","event":"25/07/03 19:04:15 INFO MapOutputTrackerMasterEndpoint: MapOutputTrackerMasterEndpoint stopped!","logger":"airflow.task.hooks.airflow.providers.standard.hooks.subprocess.SubprocessHook"}
{"timestamp":"2025-07-03T19:04:15.283763","level":"info","event":"25/07/03 19:04:15 INFO MemoryStore: MemoryStore cleared","logger":"airflow.task.hooks.airflow.providers.standard.hooks.subprocess.SubprocessHook"}
{"timestamp":"2025-07-03T19:04:15.283987","level":"info","event":"25/07/03 19:04:15 INFO BlockManager: BlockManager stopped","logger":"airflow.task.hooks.airflow.providers.standard.hooks.subprocess.SubprocessHook"}
{"timestamp":"2025-07-03T19:04:15.288710","level":"info","event":"25/07/03 19:04:15 INFO BlockManagerMaster: BlockManagerMaster stopped","logger":"airflow.task.hooks.airflow.providers.standard.hooks.subprocess.SubprocessHook"}
{"timestamp":"2025-07-03T19:04:15.291416","level":"info","event":"25/07/03 19:04:15 INFO OutputCommitCoordinator$OutputCommitCoordinatorEndpoint: OutputCommitCoordinator stopped!","logger":"airflow.task.hooks.airflow.providers.standard.hooks.subprocess.SubprocessHook"}
{"timestamp":"2025-07-03T19:04:15.298134","level":"info","event":"25/07/03 19:04:15 INFO SparkContext: Successfully stopped SparkContext","logger":"airflow.task.hooks.airflow.providers.standard.hooks.subprocess.SubprocessHook"}
{"timestamp":"2025-07-03T19:04:15.298301","level":"info","event":"25/07/03 19:04:15 INFO ShutdownHookManager: Shutdown hook called","logger":"airflow.task.hooks.airflow.providers.standard.hooks.subprocess.SubprocessHook"}
{"timestamp":"2025-07-03T19:04:15.298447","level":"info","event":"25/07/03 19:04:15 INFO ShutdownHookManager: Deleting directory /tmp/spark-3aabad38-e5e0-495e-96b8-f049d4a219b4","logger":"airflow.task.hooks.airflow.providers.standard.hooks.subprocess.SubprocessHook"}
{"timestamp":"2025-07-03T19:04:15.301238","level":"info","event":"25/07/03 19:04:15 INFO ShutdownHookManager: Deleting directory /tmp/spark-b9841be2-db1d-4b18-bf71-8d51da41a535","logger":"airflow.task.hooks.airflow.providers.standard.hooks.subprocess.SubprocessHook"}
{"timestamp":"2025-07-03T19:04:15.304203","level":"info","event":"25/07/03 19:04:15 INFO ShutdownHookManager: Deleting directory /tmp/spark-3aabad38-e5e0-495e-96b8-f049d4a219b4/pyspark-894f6c18-26e4-48e3-85a6-618b7fe702a3","logger":"airflow.task.hooks.airflow.providers.standard.hooks.subprocess.SubprocessHook"}
{"timestamp":"2025-07-03T19:04:15.466466","level":"info","event":"Command exited with return code 0","logger":"airflow.task.hooks.airflow.providers.standard.hooks.subprocess.SubprocessHook"}
{"timestamp":"2025-07-03T19:04:15.467004","level":"info","event":"Pushing xcom","ti":"RuntimeTaskInstance(id=UUID('0197d1ac-912a-7829-ae2c-0cbdf86c8e02'), task_id='run_spark_cleaning_and_upload', dag_id='telco_to_hdfs_dag', run_id='manual__2025-07-03T19:03:56.949519+00:00', try_number=1, map_index=-1, hostname='bbf1c163fe09', context_carrier=None, task=<Task(BashOperator): run_spark_cleaning_and_upload>, bundle_instance=LocalDagBundle(name=dags-folder), max_tries=0, start_date=datetime.datetime(2025, 7, 3, 19, 4, 1, 335253, tzinfo=TzInfo(UTC)), end_date=None, is_mapped=False)","logger":"task"}
