{"timestamp":"2025-06-30T20:00:03.250681","level":"info","event":"DAG bundles loaded: dags-folder","logger":"airflow.dag_processing.bundles.manager.DagBundlesManager"}
{"timestamp":"2025-06-30T20:00:03.251338","level":"info","event":"Filling up the DagBag from /opt/airflow/dags/telco_to_hdfs_dag.py","logger":"airflow.models.dagbag.DagBag"}
{"timestamp":"2025-06-30T20:00:03.274684","level":"info","event":"Tmp dir root location: /tmp","logger":"airflow.task.hooks.airflow.providers.standard.hooks.subprocess.SubprocessHook"}
{"timestamp":"2025-06-30T20:00:03.275563","level":"info","event":"Running command: ['/usr/bin/bash', '-c', 'docker exec spark-master /spark/bin/spark-submit /opt/spark-apps/get_clean.py']","logger":"airflow.task.hooks.airflow.providers.standard.hooks.subprocess.SubprocessHook"}
{"timestamp":"2025-06-30T20:00:03.283871","level":"info","event":"Output:","logger":"airflow.task.hooks.airflow.providers.standard.hooks.subprocess.SubprocessHook"}
{"timestamp":"2025-06-30T20:00:04.775700","level":"info","event":"25/06/30 20:00:04 WARN NativeCodeLoader: Unable to load native-hadoop library for your platform... using builtin-java classes where applicable","logger":"airflow.task.hooks.airflow.providers.standard.hooks.subprocess.SubprocessHook"}
{"timestamp":"2025-06-30T20:00:05.325862","level":"info","event":"Using Spark's default log4j profile: org/apache/spark/log4j-defaults.properties","logger":"airflow.task.hooks.airflow.providers.standard.hooks.subprocess.SubprocessHook"}
{"timestamp":"2025-06-30T20:00:05.335572","level":"info","event":"25/06/30 20:00:05 INFO SparkContext: Running Spark version 3.1.1","logger":"airflow.task.hooks.airflow.providers.standard.hooks.subprocess.SubprocessHook"}
{"timestamp":"2025-06-30T20:00:05.377510","level":"info","event":"25/06/30 20:00:05 INFO ResourceUtils: ==============================================================","logger":"airflow.task.hooks.airflow.providers.standard.hooks.subprocess.SubprocessHook"}
{"timestamp":"2025-06-30T20:00:05.377716","level":"info","event":"25/06/30 20:00:05 INFO ResourceUtils: No custom resources configured for spark.driver.","logger":"airflow.task.hooks.airflow.providers.standard.hooks.subprocess.SubprocessHook"}
{"timestamp":"2025-06-30T20:00:05.377801","level":"info","event":"25/06/30 20:00:05 INFO ResourceUtils: ==============================================================","logger":"airflow.task.hooks.airflow.providers.standard.hooks.subprocess.SubprocessHook"}
{"timestamp":"2025-06-30T20:00:05.377856","level":"info","event":"25/06/30 20:00:05 INFO SparkContext: Submitted application: TelcoExploration","logger":"airflow.task.hooks.airflow.providers.standard.hooks.subprocess.SubprocessHook"}
{"timestamp":"2025-06-30T20:00:05.400918","level":"info","event":"25/06/30 20:00:05 INFO ResourceProfile: Default ResourceProfile created, executor resources: Map(cores -> name: cores, amount: 1, script: , vendor: , memory -> name: memory, amount: 1024, script: , vendor: , offHeap -> name: offHeap, amount: 0, script: , vendor: ), task resources: Map(cpus -> name: cpus, amount: 1.0)","logger":"airflow.task.hooks.airflow.providers.standard.hooks.subprocess.SubprocessHook"}
{"timestamp":"2025-06-30T20:00:05.416162","level":"info","event":"25/06/30 20:00:05 INFO ResourceProfile: Limiting resource is cpu","logger":"airflow.task.hooks.airflow.providers.standard.hooks.subprocess.SubprocessHook"}
{"timestamp":"2025-06-30T20:00:05.416619","level":"info","event":"25/06/30 20:00:05 INFO ResourceProfileManager: Added ResourceProfile id: 0","logger":"airflow.task.hooks.airflow.providers.standard.hooks.subprocess.SubprocessHook"}
{"timestamp":"2025-06-30T20:00:05.464114","level":"info","event":"25/06/30 20:00:05 INFO SecurityManager: Changing view acls to: root","logger":"airflow.task.hooks.airflow.providers.standard.hooks.subprocess.SubprocessHook"}
{"timestamp":"2025-06-30T20:00:05.464312","level":"info","event":"25/06/30 20:00:05 INFO SecurityManager: Changing modify acls to: root","logger":"airflow.task.hooks.airflow.providers.standard.hooks.subprocess.SubprocessHook"}
{"timestamp":"2025-06-30T20:00:05.464371","level":"info","event":"25/06/30 20:00:05 INFO SecurityManager: Changing view acls groups to:","logger":"airflow.task.hooks.airflow.providers.standard.hooks.subprocess.SubprocessHook"}
{"timestamp":"2025-06-30T20:00:05.464418","level":"info","event":"25/06/30 20:00:05 INFO SecurityManager: Changing modify acls groups to:","logger":"airflow.task.hooks.airflow.providers.standard.hooks.subprocess.SubprocessHook"}
{"timestamp":"2025-06-30T20:00:05.464456","level":"info","event":"25/06/30 20:00:05 INFO SecurityManager: SecurityManager: authentication disabled; ui acls disabled; users  with view permissions: Set(root); groups with view permissions: Set(); users  with modify permissions: Set(root); groups with modify permissions: Set()","logger":"airflow.task.hooks.airflow.providers.standard.hooks.subprocess.SubprocessHook"}
{"timestamp":"2025-06-30T20:00:05.674202","level":"info","event":"25/06/30 20:00:05 INFO Utils: Successfully started service 'sparkDriver' on port 33759.","logger":"airflow.task.hooks.airflow.providers.standard.hooks.subprocess.SubprocessHook"}
{"timestamp":"2025-06-30T20:00:05.704347","level":"info","event":"25/06/30 20:00:05 INFO SparkEnv: Registering MapOutputTracker","logger":"airflow.task.hooks.airflow.providers.standard.hooks.subprocess.SubprocessHook"}
{"timestamp":"2025-06-30T20:00:05.737268","level":"info","event":"25/06/30 20:00:05 INFO SparkEnv: Registering BlockManagerMaster","logger":"airflow.task.hooks.airflow.providers.standard.hooks.subprocess.SubprocessHook"}
{"timestamp":"2025-06-30T20:00:05.762928","level":"info","event":"25/06/30 20:00:05 INFO BlockManagerMasterEndpoint: Using org.apache.spark.storage.DefaultTopologyMapper for getting topology information","logger":"airflow.task.hooks.airflow.providers.standard.hooks.subprocess.SubprocessHook"}
{"timestamp":"2025-06-30T20:00:05.763231","level":"info","event":"25/06/30 20:00:05 INFO BlockManagerMasterEndpoint: BlockManagerMasterEndpoint up","logger":"airflow.task.hooks.airflow.providers.standard.hooks.subprocess.SubprocessHook"}
{"timestamp":"2025-06-30T20:00:05.768087","level":"info","event":"25/06/30 20:00:05 INFO SparkEnv: Registering BlockManagerMasterHeartbeat","logger":"airflow.task.hooks.airflow.providers.standard.hooks.subprocess.SubprocessHook"}
{"timestamp":"2025-06-30T20:00:05.786309","level":"info","event":"25/06/30 20:00:05 INFO DiskBlockManager: Created local directory at /tmp/blockmgr-ea4f2fad-653d-47dc-bcc3-e2a947dbc826","logger":"airflow.task.hooks.airflow.providers.standard.hooks.subprocess.SubprocessHook"}
{"timestamp":"2025-06-30T20:00:05.809144","level":"info","event":"25/06/30 20:00:05 INFO MemoryStore: MemoryStore started with capacity 366.3 MiB","logger":"airflow.task.hooks.airflow.providers.standard.hooks.subprocess.SubprocessHook"}
{"timestamp":"2025-06-30T20:00:05.826552","level":"info","event":"25/06/30 20:00:05 INFO SparkEnv: Registering OutputCommitCoordinator","logger":"airflow.task.hooks.airflow.providers.standard.hooks.subprocess.SubprocessHook"}
{"timestamp":"2025-06-30T20:00:06.036487","level":"info","event":"25/06/30 20:00:06 INFO Utils: Successfully started service 'SparkUI' on port 4040.","logger":"airflow.task.hooks.airflow.providers.standard.hooks.subprocess.SubprocessHook"}
{"timestamp":"2025-06-30T20:00:06.087450","level":"info","event":"25/06/30 20:00:06 INFO SparkUI: Bound SparkUI to 0.0.0.0, and started at http://76fff13ec683:4040","logger":"airflow.task.hooks.airflow.providers.standard.hooks.subprocess.SubprocessHook"}
{"timestamp":"2025-06-30T20:00:06.278208","level":"info","event":"25/06/30 20:00:06 INFO StandaloneAppClient$ClientEndpoint: Connecting to master spark://spark-master:7077...","logger":"airflow.task.hooks.airflow.providers.standard.hooks.subprocess.SubprocessHook"}
{"timestamp":"2025-06-30T20:00:06.326326","level":"info","event":"25/06/30 20:00:06 INFO TransportClientFactory: Successfully created connection to spark-master/172.21.0.4:7077 after 29 ms (0 ms spent in bootstraps)","logger":"airflow.task.hooks.airflow.providers.standard.hooks.subprocess.SubprocessHook"}
{"timestamp":"2025-06-30T20:00:06.422758","level":"info","event":"25/06/30 20:00:06 INFO StandaloneSchedulerBackend: Connected to Spark cluster with app ID app-20250630200006-0001","logger":"airflow.task.hooks.airflow.providers.standard.hooks.subprocess.SubprocessHook"}
{"timestamp":"2025-06-30T20:00:06.424682","level":"info","event":"25/06/30 20:00:06 INFO StandaloneAppClient$ClientEndpoint: Executor added: app-20250630200006-0001/0 on worker-20250630194602-172.21.0.6-38987 (172.21.0.6:38987) with 12 core(s)","logger":"airflow.task.hooks.airflow.providers.standard.hooks.subprocess.SubprocessHook"}
{"timestamp":"2025-06-30T20:00:06.426098","level":"info","event":"25/06/30 20:00:06 INFO StandaloneSchedulerBackend: Granted executor ID app-20250630200006-0001/0 on hostPort 172.21.0.6:38987 with 12 core(s), 1024.0 MiB RAM","logger":"airflow.task.hooks.airflow.providers.standard.hooks.subprocess.SubprocessHook"}
{"timestamp":"2025-06-30T20:00:06.432095","level":"info","event":"25/06/30 20:00:06 INFO Utils: Successfully started service 'org.apache.spark.network.netty.NettyBlockTransferService' on port 38605.","logger":"airflow.task.hooks.airflow.providers.standard.hooks.subprocess.SubprocessHook"}
{"timestamp":"2025-06-30T20:00:06.432256","level":"info","event":"25/06/30 20:00:06 INFO NettyBlockTransferService: Server created on 76fff13ec683:38605","logger":"airflow.task.hooks.airflow.providers.standard.hooks.subprocess.SubprocessHook"}
{"timestamp":"2025-06-30T20:00:06.434303","level":"info","event":"25/06/30 20:00:06 INFO BlockManager: Using org.apache.spark.storage.RandomBlockReplicationPolicy for block replication policy","logger":"airflow.task.hooks.airflow.providers.standard.hooks.subprocess.SubprocessHook"}
{"timestamp":"2025-06-30T20:00:06.441843","level":"info","event":"25/06/30 20:00:06 INFO BlockManagerMaster: Registering BlockManager BlockManagerId(driver, 76fff13ec683, 38605, None)","logger":"airflow.task.hooks.airflow.providers.standard.hooks.subprocess.SubprocessHook"}
{"timestamp":"2025-06-30T20:00:06.445186","level":"info","event":"25/06/30 20:00:06 INFO BlockManagerMasterEndpoint: Registering block manager 76fff13ec683:38605 with 366.3 MiB RAM, BlockManagerId(driver, 76fff13ec683, 38605, None)","logger":"airflow.task.hooks.airflow.providers.standard.hooks.subprocess.SubprocessHook"}
{"timestamp":"2025-06-30T20:00:06.447452","level":"info","event":"25/06/30 20:00:06 INFO BlockManagerMaster: Registered BlockManager BlockManagerId(driver, 76fff13ec683, 38605, None)","logger":"airflow.task.hooks.airflow.providers.standard.hooks.subprocess.SubprocessHook"}
{"timestamp":"2025-06-30T20:00:06.448832","level":"info","event":"25/06/30 20:00:06 INFO BlockManager: Initialized BlockManager: BlockManagerId(driver, 76fff13ec683, 38605, None)","logger":"airflow.task.hooks.airflow.providers.standard.hooks.subprocess.SubprocessHook"}
{"timestamp":"2025-06-30T20:00:06.464045","level":"info","event":"25/06/30 20:00:06 INFO StandaloneAppClient$ClientEndpoint: Executor updated: app-20250630200006-0001/0 is now RUNNING","logger":"airflow.task.hooks.airflow.providers.standard.hooks.subprocess.SubprocessHook"}
{"timestamp":"2025-06-30T20:00:06.622004","level":"info","event":"25/06/30 20:00:06 INFO StandaloneSchedulerBackend: SchedulerBackend is ready for scheduling beginning after reached minRegisteredResourcesRatio: 0.0","logger":"airflow.task.hooks.airflow.providers.standard.hooks.subprocess.SubprocessHook"}
{"timestamp":"2025-06-30T20:00:06.878123","level":"info","event":"25/06/30 20:00:06 INFO SharedState: Setting hive.metastore.warehouse.dir ('null') to the value of spark.sql.warehouse.dir ('file:/spark-warehouse').","logger":"airflow.task.hooks.airflow.providers.standard.hooks.subprocess.SubprocessHook"}
{"timestamp":"2025-06-30T20:00:06.878339","level":"info","event":"25/06/30 20:00:06 INFO SharedState: Warehouse path is 'file:/spark-warehouse'.","logger":"airflow.task.hooks.airflow.providers.standard.hooks.subprocess.SubprocessHook"}
{"timestamp":"2025-06-30T20:00:08.093011","level":"info","event":"25/06/30 20:00:08 INFO InMemoryFileIndex: It took 56 ms to list leaf files for 1 paths.","logger":"airflow.task.hooks.airflow.providers.standard.hooks.subprocess.SubprocessHook"}
{"timestamp":"2025-06-30T20:00:08.149863","level":"info","event":"25/06/30 20:00:08 INFO InMemoryFileIndex: It took 5 ms to list leaf files for 1 paths.","logger":"airflow.task.hooks.airflow.providers.standard.hooks.subprocess.SubprocessHook"}
{"timestamp":"2025-06-30T20:00:08.352049","level":"info","event":"25/06/30 20:00:08 INFO CoarseGrainedSchedulerBackend$DriverEndpoint: Registered executor NettyRpcEndpointRef(spark-client://Executor) (172.21.0.6:55642) with ID 0,  ResourceProfileId 0","logger":"airflow.task.hooks.airflow.providers.standard.hooks.subprocess.SubprocessHook"}
{"timestamp":"2025-06-30T20:00:08.468598","level":"info","event":"25/06/30 20:00:08 INFO BlockManagerMasterEndpoint: Registering block manager 172.21.0.6:42851 with 366.3 MiB RAM, BlockManagerId(0, 172.21.0.6, 42851, None)","logger":"airflow.task.hooks.airflow.providers.standard.hooks.subprocess.SubprocessHook"}
{"timestamp":"2025-06-30T20:00:09.962848","level":"info","event":"25/06/30 20:00:09 INFO FileSourceStrategy: Pushed Filters:","logger":"airflow.task.hooks.airflow.providers.standard.hooks.subprocess.SubprocessHook"}
{"timestamp":"2025-06-30T20:00:09.966308","level":"info","event":"25/06/30 20:00:09 INFO FileSourceStrategy: Post-Scan Filters: (length(trim(value#0, None)) > 0)","logger":"airflow.task.hooks.airflow.providers.standard.hooks.subprocess.SubprocessHook"}
{"timestamp":"2025-06-30T20:00:09.969413","level":"info","event":"25/06/30 20:00:09 INFO FileSourceStrategy: Output Data Schema: struct<value: string>","logger":"airflow.task.hooks.airflow.providers.standard.hooks.subprocess.SubprocessHook"}
{"timestamp":"2025-06-30T20:00:10.654627","level":"info","event":"25/06/30 20:00:10 INFO CodeGenerator: Code generated in 231.22021 ms","logger":"airflow.task.hooks.airflow.providers.standard.hooks.subprocess.SubprocessHook"}
{"timestamp":"2025-06-30T20:00:10.700864","level":"info","event":"25/06/30 20:00:10 INFO MemoryStore: Block broadcast_0 stored as values in memory (estimated size 303.4 KiB, free 366.0 MiB)","logger":"airflow.task.hooks.airflow.providers.standard.hooks.subprocess.SubprocessHook"}
{"timestamp":"2025-06-30T20:00:10.763536","level":"info","event":"25/06/30 20:00:10 INFO MemoryStore: Block broadcast_0_piece0 stored as bytes in memory (estimated size 27.5 KiB, free 366.0 MiB)","logger":"airflow.task.hooks.airflow.providers.standard.hooks.subprocess.SubprocessHook"}
{"timestamp":"2025-06-30T20:00:10.766895","level":"info","event":"25/06/30 20:00:10 INFO BlockManagerInfo: Added broadcast_0_piece0 in memory on 76fff13ec683:38605 (size: 27.5 KiB, free: 366.3 MiB)","logger":"airflow.task.hooks.airflow.providers.standard.hooks.subprocess.SubprocessHook"}
{"timestamp":"2025-06-30T20:00:10.769555","level":"info","event":"25/06/30 20:00:10 INFO SparkContext: Created broadcast 0 from csv at NativeMethodAccessorImpl.java:0","logger":"airflow.task.hooks.airflow.providers.standard.hooks.subprocess.SubprocessHook"}
{"timestamp":"2025-06-30T20:00:10.778198","level":"info","event":"25/06/30 20:00:10 INFO FileSourceScanExec: Planning scan with bin packing, max size: 4194304 bytes, open cost is considered as scanning 4194304 bytes.","logger":"airflow.task.hooks.airflow.providers.standard.hooks.subprocess.SubprocessHook"}
{"timestamp":"2025-06-30T20:00:10.877823","level":"info","event":"25/06/30 20:00:10 INFO SparkContext: Starting job: csv at NativeMethodAccessorImpl.java:0","logger":"airflow.task.hooks.airflow.providers.standard.hooks.subprocess.SubprocessHook"}
{"timestamp":"2025-06-30T20:00:10.895138","level":"info","event":"25/06/30 20:00:10 INFO DAGScheduler: Got job 0 (csv at NativeMethodAccessorImpl.java:0) with 1 output partitions","logger":"airflow.task.hooks.airflow.providers.standard.hooks.subprocess.SubprocessHook"}
{"timestamp":"2025-06-30T20:00:10.895459","level":"info","event":"25/06/30 20:00:10 INFO DAGScheduler: Final stage: ResultStage 0 (csv at NativeMethodAccessorImpl.java:0)","logger":"airflow.task.hooks.airflow.providers.standard.hooks.subprocess.SubprocessHook"}
{"timestamp":"2025-06-30T20:00:10.895595","level":"info","event":"25/06/30 20:00:10 INFO DAGScheduler: Parents of final stage: List()","logger":"airflow.task.hooks.airflow.providers.standard.hooks.subprocess.SubprocessHook"}
{"timestamp":"2025-06-30T20:00:10.898310","level":"info","event":"25/06/30 20:00:10 INFO DAGScheduler: Missing parents: List()","logger":"airflow.task.hooks.airflow.providers.standard.hooks.subprocess.SubprocessHook"}
{"timestamp":"2025-06-30T20:00:10.905638","level":"info","event":"25/06/30 20:00:10 INFO DAGScheduler: Submitting ResultStage 0 (MapPartitionsRDD[3] at csv at NativeMethodAccessorImpl.java:0), which has no missing parents","logger":"airflow.task.hooks.airflow.providers.standard.hooks.subprocess.SubprocessHook"}
{"timestamp":"2025-06-30T20:00:10.958515","level":"info","event":"25/06/30 20:00:10 INFO MemoryStore: Block broadcast_1 stored as values in memory (estimated size 10.8 KiB, free 366.0 MiB)","logger":"airflow.task.hooks.airflow.providers.standard.hooks.subprocess.SubprocessHook"}
{"timestamp":"2025-06-30T20:00:10.960282","level":"info","event":"25/06/30 20:00:10 INFO MemoryStore: Block broadcast_1_piece0 stored as bytes in memory (estimated size 5.4 KiB, free 366.0 MiB)","logger":"airflow.task.hooks.airflow.providers.standard.hooks.subprocess.SubprocessHook"}
{"timestamp":"2025-06-30T20:00:10.961012","level":"info","event":"25/06/30 20:00:10 INFO BlockManagerInfo: Added broadcast_1_piece0 in memory on 76fff13ec683:38605 (size: 5.4 KiB, free: 366.3 MiB)","logger":"airflow.task.hooks.airflow.providers.standard.hooks.subprocess.SubprocessHook"}
{"timestamp":"2025-06-30T20:00:10.961445","level":"info","event":"25/06/30 20:00:10 INFO SparkContext: Created broadcast 1 from broadcast at DAGScheduler.scala:1383","logger":"airflow.task.hooks.airflow.providers.standard.hooks.subprocess.SubprocessHook"}
{"timestamp":"2025-06-30T20:00:10.975229","level":"info","event":"25/06/30 20:00:10 INFO DAGScheduler: Submitting 1 missing tasks from ResultStage 0 (MapPartitionsRDD[3] at csv at NativeMethodAccessorImpl.java:0) (first 15 tasks are for partitions Vector(0))","logger":"airflow.task.hooks.airflow.providers.standard.hooks.subprocess.SubprocessHook"}
{"timestamp":"2025-06-30T20:00:10.976469","level":"info","event":"25/06/30 20:00:10 INFO TaskSchedulerImpl: Adding task set 0.0 with 1 tasks resource profile 0","logger":"airflow.task.hooks.airflow.providers.standard.hooks.subprocess.SubprocessHook"}
{"timestamp":"2025-06-30T20:00:11.018252","level":"info","event":"25/06/30 20:00:11 INFO TaskSetManager: Starting task 0.0 in stage 0.0 (TID 0) (172.21.0.6, executor 0, partition 0, ANY, 4876 bytes) taskResourceAssignments Map()","logger":"airflow.task.hooks.airflow.providers.standard.hooks.subprocess.SubprocessHook"}
{"timestamp":"2025-06-30T20:00:11.259209","level":"info","event":"25/06/30 20:00:11 INFO BlockManagerInfo: Added broadcast_1_piece0 in memory on 172.21.0.6:42851 (size: 5.4 KiB, free: 366.3 MiB)","logger":"airflow.task.hooks.airflow.providers.standard.hooks.subprocess.SubprocessHook"}
{"timestamp":"2025-06-30T20:00:12.126427","level":"info","event":"25/06/30 20:00:12 INFO BlockManagerInfo: Added broadcast_0_piece0 in memory on 172.21.0.6:42851 (size: 27.5 KiB, free: 366.3 MiB)","logger":"airflow.task.hooks.airflow.providers.standard.hooks.subprocess.SubprocessHook"}
{"timestamp":"2025-06-30T20:00:12.807107","level":"info","event":"25/06/30 20:00:12 INFO TaskSetManager: Finished task 0.0 in stage 0.0 (TID 0) in 1801 ms on 172.21.0.6 (executor 0) (1/1)","logger":"airflow.task.hooks.airflow.providers.standard.hooks.subprocess.SubprocessHook"}
{"timestamp":"2025-06-30T20:00:12.808603","level":"info","event":"25/06/30 20:00:12 INFO TaskSchedulerImpl: Removed TaskSet 0.0, whose tasks have all completed, from pool","logger":"airflow.task.hooks.airflow.providers.standard.hooks.subprocess.SubprocessHook"}
{"timestamp":"2025-06-30T20:00:12.815375","level":"info","event":"25/06/30 20:00:12 INFO DAGScheduler: ResultStage 0 (csv at NativeMethodAccessorImpl.java:0) finished in 1.894 s","logger":"airflow.task.hooks.airflow.providers.standard.hooks.subprocess.SubprocessHook"}
{"timestamp":"2025-06-30T20:00:12.819652","level":"info","event":"25/06/30 20:00:12 INFO DAGScheduler: Job 0 is finished. Cancelling potential speculative or zombie tasks for this job","logger":"airflow.task.hooks.airflow.providers.standard.hooks.subprocess.SubprocessHook"}
{"timestamp":"2025-06-30T20:00:12.819778","level":"info","event":"25/06/30 20:00:12 INFO TaskSchedulerImpl: Killing all running tasks in stage 0: Stage finished","logger":"airflow.task.hooks.airflow.providers.standard.hooks.subprocess.SubprocessHook"}
{"timestamp":"2025-06-30T20:00:12.822333","level":"info","event":"25/06/30 20:00:12 INFO DAGScheduler: Job 0 finished: csv at NativeMethodAccessorImpl.java:0, took 1.944199 s","logger":"airflow.task.hooks.airflow.providers.standard.hooks.subprocess.SubprocessHook"}
{"timestamp":"2025-06-30T20:00:12.845964","level":"info","event":"25/06/30 20:00:12 INFO CodeGenerator: Code generated in 12.218169 ms","logger":"airflow.task.hooks.airflow.providers.standard.hooks.subprocess.SubprocessHook"}
{"timestamp":"2025-06-30T20:00:12.894279","level":"info","event":"25/06/30 20:00:12 INFO FileSourceStrategy: Pushed Filters:","logger":"airflow.task.hooks.airflow.providers.standard.hooks.subprocess.SubprocessHook"}
{"timestamp":"2025-06-30T20:00:12.894436","level":"info","event":"25/06/30 20:00:12 INFO FileSourceStrategy: Post-Scan Filters:","logger":"airflow.task.hooks.airflow.providers.standard.hooks.subprocess.SubprocessHook"}
{"timestamp":"2025-06-30T20:00:12.894487","level":"info","event":"25/06/30 20:00:12 INFO FileSourceStrategy: Output Data Schema: struct<value: string>","logger":"airflow.task.hooks.airflow.providers.standard.hooks.subprocess.SubprocessHook"}
{"timestamp":"2025-06-30T20:00:12.900602","level":"info","event":"25/06/30 20:00:12 INFO MemoryStore: Block broadcast_2 stored as values in memory (estimated size 303.4 KiB, free 365.7 MiB)","logger":"airflow.task.hooks.airflow.providers.standard.hooks.subprocess.SubprocessHook"}
{"timestamp":"2025-06-30T20:00:12.907039","level":"info","event":"25/06/30 20:00:12 INFO MemoryStore: Block broadcast_2_piece0 stored as bytes in memory (estimated size 27.5 KiB, free 365.6 MiB)","logger":"airflow.task.hooks.airflow.providers.standard.hooks.subprocess.SubprocessHook"}
{"timestamp":"2025-06-30T20:00:12.907699","level":"info","event":"25/06/30 20:00:12 INFO BlockManagerInfo: Added broadcast_2_piece0 in memory on 76fff13ec683:38605 (size: 27.5 KiB, free: 366.2 MiB)","logger":"airflow.task.hooks.airflow.providers.standard.hooks.subprocess.SubprocessHook"}
{"timestamp":"2025-06-30T20:00:12.908526","level":"info","event":"25/06/30 20:00:12 INFO SparkContext: Created broadcast 2 from csv at NativeMethodAccessorImpl.java:0","logger":"airflow.task.hooks.airflow.providers.standard.hooks.subprocess.SubprocessHook"}
{"timestamp":"2025-06-30T20:00:12.909537","level":"info","event":"25/06/30 20:00:12 INFO FileSourceScanExec: Planning scan with bin packing, max size: 4194304 bytes, open cost is considered as scanning 4194304 bytes.","logger":"airflow.task.hooks.airflow.providers.standard.hooks.subprocess.SubprocessHook"}
{"timestamp":"2025-06-30T20:00:12.961567","level":"info","event":"25/06/30 20:00:12 INFO SparkContext: Starting job: csv at NativeMethodAccessorImpl.java:0","logger":"airflow.task.hooks.airflow.providers.standard.hooks.subprocess.SubprocessHook"}
{"timestamp":"2025-06-30T20:00:12.963172","level":"info","event":"25/06/30 20:00:12 INFO DAGScheduler: Got job 1 (csv at NativeMethodAccessorImpl.java:0) with 1 output partitions","logger":"airflow.task.hooks.airflow.providers.standard.hooks.subprocess.SubprocessHook"}
{"timestamp":"2025-06-30T20:00:12.963351","level":"info","event":"25/06/30 20:00:12 INFO DAGScheduler: Final stage: ResultStage 1 (csv at NativeMethodAccessorImpl.java:0)","logger":"airflow.task.hooks.airflow.providers.standard.hooks.subprocess.SubprocessHook"}
{"timestamp":"2025-06-30T20:00:12.963432","level":"info","event":"25/06/30 20:00:12 INFO DAGScheduler: Parents of final stage: List()","logger":"airflow.task.hooks.airflow.providers.standard.hooks.subprocess.SubprocessHook"}
{"timestamp":"2025-06-30T20:00:12.963472","level":"info","event":"25/06/30 20:00:12 INFO DAGScheduler: Missing parents: List()","logger":"airflow.task.hooks.airflow.providers.standard.hooks.subprocess.SubprocessHook"}
{"timestamp":"2025-06-30T20:00:12.964295","level":"info","event":"25/06/30 20:00:12 INFO DAGScheduler: Submitting ResultStage 1 (MapPartitionsRDD[9] at csv at NativeMethodAccessorImpl.java:0), which has no missing parents","logger":"airflow.task.hooks.airflow.providers.standard.hooks.subprocess.SubprocessHook"}
{"timestamp":"2025-06-30T20:00:12.986103","level":"info","event":"25/06/30 20:00:12 INFO MemoryStore: Block broadcast_3 stored as values in memory (estimated size 15.8 KiB, free 365.6 MiB)","logger":"airflow.task.hooks.airflow.providers.standard.hooks.subprocess.SubprocessHook"}
{"timestamp":"2025-06-30T20:00:12.987677","level":"info","event":"25/06/30 20:00:12 INFO MemoryStore: Block broadcast_3_piece0 stored as bytes in memory (estimated size 8.0 KiB, free 365.6 MiB)","logger":"airflow.task.hooks.airflow.providers.standard.hooks.subprocess.SubprocessHook"}
{"timestamp":"2025-06-30T20:00:12.987945","level":"info","event":"25/06/30 20:00:12 INFO BlockManagerInfo: Added broadcast_3_piece0 in memory on 76fff13ec683:38605 (size: 8.0 KiB, free: 366.2 MiB)","logger":"airflow.task.hooks.airflow.providers.standard.hooks.subprocess.SubprocessHook"}
{"timestamp":"2025-06-30T20:00:12.988431","level":"info","event":"25/06/30 20:00:12 INFO SparkContext: Created broadcast 3 from broadcast at DAGScheduler.scala:1383","logger":"airflow.task.hooks.airflow.providers.standard.hooks.subprocess.SubprocessHook"}
{"timestamp":"2025-06-30T20:00:12.989204","level":"info","event":"25/06/30 20:00:12 INFO DAGScheduler: Submitting 1 missing tasks from ResultStage 1 (MapPartitionsRDD[9] at csv at NativeMethodAccessorImpl.java:0) (first 15 tasks are for partitions Vector(0))","logger":"airflow.task.hooks.airflow.providers.standard.hooks.subprocess.SubprocessHook"}
{"timestamp":"2025-06-30T20:00:12.989507","level":"info","event":"25/06/30 20:00:12 INFO TaskSchedulerImpl: Adding task set 1.0 with 1 tasks resource profile 0","logger":"airflow.task.hooks.airflow.providers.standard.hooks.subprocess.SubprocessHook"}
{"timestamp":"2025-06-30T20:00:12.991356","level":"info","event":"25/06/30 20:00:12 INFO TaskSetManager: Starting task 0.0 in stage 1.0 (TID 1) (172.21.0.6, executor 0, partition 0, ANY, 4876 bytes) taskResourceAssignments Map()","logger":"airflow.task.hooks.airflow.providers.standard.hooks.subprocess.SubprocessHook"}
{"timestamp":"2025-06-30T20:00:13.012926","level":"info","event":"25/06/30 20:00:13 INFO BlockManagerInfo: Added broadcast_3_piece0 in memory on 172.21.0.6:42851 (size: 8.0 KiB, free: 366.3 MiB)","logger":"airflow.task.hooks.airflow.providers.standard.hooks.subprocess.SubprocessHook"}
{"timestamp":"2025-06-30T20:00:14.102962","level":"info","event":"25/06/30 20:00:14 INFO BlockManagerInfo: Added broadcast_2_piece0 in memory on 172.21.0.6:42851 (size: 27.5 KiB, free: 366.2 MiB)","logger":"airflow.task.hooks.airflow.providers.standard.hooks.subprocess.SubprocessHook"}
{"timestamp":"2025-06-30T20:00:14.314116","level":"info","event":"25/06/30 20:00:14 INFO TaskSetManager: Finished task 0.0 in stage 1.0 (TID 1) in 1322 ms on 172.21.0.6 (executor 0) (1/1)","logger":"airflow.task.hooks.airflow.providers.standard.hooks.subprocess.SubprocessHook"}
{"timestamp":"2025-06-30T20:00:14.314329","level":"info","event":"25/06/30 20:00:14 INFO TaskSchedulerImpl: Removed TaskSet 1.0, whose tasks have all completed, from pool","logger":"airflow.task.hooks.airflow.providers.standard.hooks.subprocess.SubprocessHook"}
{"timestamp":"2025-06-30T20:00:14.315661","level":"info","event":"25/06/30 20:00:14 INFO DAGScheduler: ResultStage 1 (csv at NativeMethodAccessorImpl.java:0) finished in 1.349 s","logger":"airflow.task.hooks.airflow.providers.standard.hooks.subprocess.SubprocessHook"}
{"timestamp":"2025-06-30T20:00:14.315823","level":"info","event":"25/06/30 20:00:14 INFO DAGScheduler: Job 1 is finished. Cancelling potential speculative or zombie tasks for this job","logger":"airflow.task.hooks.airflow.providers.standard.hooks.subprocess.SubprocessHook"}
{"timestamp":"2025-06-30T20:00:14.315900","level":"info","event":"25/06/30 20:00:14 INFO TaskSchedulerImpl: Killing all running tasks in stage 1: Stage finished","logger":"airflow.task.hooks.airflow.providers.standard.hooks.subprocess.SubprocessHook"}
{"timestamp":"2025-06-30T20:00:14.317222","level":"info","event":"25/06/30 20:00:14 INFO DAGScheduler: Job 1 finished: csv at NativeMethodAccessorImpl.java:0, took 1.355552 s","logger":"airflow.task.hooks.airflow.providers.standard.hooks.subprocess.SubprocessHook"}
{"timestamp":"2025-06-30T20:00:14.772437","level":"info","event":"25/06/30 20:00:14 INFO SparkContext: Invoking stop() from shutdown hook","logger":"airflow.task.hooks.airflow.providers.standard.hooks.subprocess.SubprocessHook"}
{"timestamp":"2025-06-30T20:00:14.781090","level":"info","event":"25/06/30 20:00:14 INFO SparkUI: Stopped Spark web UI at http://76fff13ec683:4040","logger":"airflow.task.hooks.airflow.providers.standard.hooks.subprocess.SubprocessHook"}
{"timestamp":"2025-06-30T20:00:14.783750","level":"info","event":"25/06/30 20:00:14 INFO StandaloneSchedulerBackend: Shutting down all executors","logger":"airflow.task.hooks.airflow.providers.standard.hooks.subprocess.SubprocessHook"}
{"timestamp":"2025-06-30T20:00:14.783986","level":"info","event":"25/06/30 20:00:14 INFO CoarseGrainedSchedulerBackend$DriverEndpoint: Asking each executor to shut down","logger":"airflow.task.hooks.airflow.providers.standard.hooks.subprocess.SubprocessHook"}
{"timestamp":"2025-06-30T20:00:14.800118","level":"info","event":"25/06/30 20:00:14 INFO MapOutputTrackerMasterEndpoint: MapOutputTrackerMasterEndpoint stopped!","logger":"airflow.task.hooks.airflow.providers.standard.hooks.subprocess.SubprocessHook"}
{"timestamp":"2025-06-30T20:00:14.813556","level":"info","event":"25/06/30 20:00:14 INFO MemoryStore: MemoryStore cleared","logger":"airflow.task.hooks.airflow.providers.standard.hooks.subprocess.SubprocessHook"}
{"timestamp":"2025-06-30T20:00:14.813686","level":"info","event":"25/06/30 20:00:14 INFO BlockManager: BlockManager stopped","logger":"airflow.task.hooks.airflow.providers.standard.hooks.subprocess.SubprocessHook"}
{"timestamp":"2025-06-30T20:00:14.821934","level":"info","event":"25/06/30 20:00:14 INFO BlockManagerMaster: BlockManagerMaster stopped","logger":"airflow.task.hooks.airflow.providers.standard.hooks.subprocess.SubprocessHook"}
{"timestamp":"2025-06-30T20:00:14.824279","level":"info","event":"25/06/30 20:00:14 INFO OutputCommitCoordinator$OutputCommitCoordinatorEndpoint: OutputCommitCoordinator stopped!","logger":"airflow.task.hooks.airflow.providers.standard.hooks.subprocess.SubprocessHook"}
{"timestamp":"2025-06-30T20:00:14.831643","level":"info","event":"25/06/30 20:00:14 INFO SparkContext: Successfully stopped SparkContext","logger":"airflow.task.hooks.airflow.providers.standard.hooks.subprocess.SubprocessHook"}
{"timestamp":"2025-06-30T20:00:14.831819","level":"info","event":"25/06/30 20:00:14 INFO ShutdownHookManager: Shutdown hook called","logger":"airflow.task.hooks.airflow.providers.standard.hooks.subprocess.SubprocessHook"}
{"timestamp":"2025-06-30T20:00:14.832339","level":"info","event":"25/06/30 20:00:14 INFO ShutdownHookManager: Deleting directory /tmp/spark-19bdc75b-b906-45e1-a062-6df300f7c11d","logger":"airflow.task.hooks.airflow.providers.standard.hooks.subprocess.SubprocessHook"}
{"timestamp":"2025-06-30T20:00:14.835567","level":"info","event":"25/06/30 20:00:14 INFO ShutdownHookManager: Deleting directory /tmp/spark-b15a4ae8-6baf-409d-aedb-4afb5bd9016b/pyspark-38a1d569-8a87-4845-bea7-e8176cb5e870","logger":"airflow.task.hooks.airflow.providers.standard.hooks.subprocess.SubprocessHook"}
{"timestamp":"2025-06-30T20:00:14.838827","level":"info","event":"25/06/30 20:00:14 INFO ShutdownHookManager: Deleting directory /tmp/spark-b15a4ae8-6baf-409d-aedb-4afb5bd9016b","logger":"airflow.task.hooks.airflow.providers.standard.hooks.subprocess.SubprocessHook"}
{"timestamp":"2025-06-30T20:00:14.978377","level":"info","event":"Command exited with return code 0","logger":"airflow.task.hooks.airflow.providers.standard.hooks.subprocess.SubprocessHook"}
{"timestamp":"2025-06-30T20:00:14.979007","level":"info","event":"Pushing xcom","ti":"RuntimeTaskInstance(id=UUID('0197c26c-c945-7501-9fc3-ab112edf6e3a'), task_id='run_spark_cleaning_script', dag_id='telco_to_hdfs_dag', run_id='manual__2025-06-30T19:59:58.769989+00:00', try_number=1, map_index=-1, hostname='708ed62ea3ab', context_carrier=None, task=<Task(BashOperator): run_spark_cleaning_script>, bundle_instance=LocalDagBundle(name=dags-folder), max_tries=0, start_date=datetime.datetime(2025, 6, 30, 20, 0, 3, 197615, tzinfo=TzInfo(UTC)), end_date=None, is_mapped=False)","logger":"task"}
