{"timestamp":"2025-07-04T15:59:45.365840","level":"info","event":"DAG bundles loaded: dags-folder","logger":"airflow.dag_processing.bundles.manager.DagBundlesManager"}
{"timestamp":"2025-07-04T15:59:45.366794","level":"info","event":"Filling up the DagBag from /opt/airflow/dags/telco_to_hdfs_dag.py","logger":"airflow.models.dagbag.DagBag"}
{"timestamp":"2025-07-04T15:59:45.384706","level":"info","event":"Tmp dir root location: /tmp","logger":"airflow.task.hooks.airflow.providers.standard.hooks.subprocess.SubprocessHook"}
{"timestamp":"2025-07-04T15:59:45.385309","level":"info","event":"Running command: ['/usr/bin/bash', '-c', 'docker exec spark-master /opt/bitnami/spark/bin/spark-submit --master spark://spark-master:7077 /opt/spark-apps/get_clean.py']","logger":"airflow.task.hooks.airflow.providers.standard.hooks.subprocess.SubprocessHook"}
{"timestamp":"2025-07-04T15:59:45.393553","level":"info","event":"Output:","logger":"airflow.task.hooks.airflow.providers.standard.hooks.subprocess.SubprocessHook"}
{"timestamp":"2025-07-04T15:59:46.618233","level":"info","event":"25/07/04 15:59:46 WARN NativeCodeLoader: Unable to load native-hadoop library for your platform... using builtin-java classes where applicable","logger":"airflow.task.hooks.airflow.providers.standard.hooks.subprocess.SubprocessHook"}
{"timestamp":"2025-07-04T15:59:47.312707","level":"info","event":"Using Spark's default log4j profile: org/apache/spark/log4j-defaults.properties","logger":"airflow.task.hooks.airflow.providers.standard.hooks.subprocess.SubprocessHook"}
{"timestamp":"2025-07-04T15:59:47.323170","level":"info","event":"25/07/04 15:59:47 INFO SparkContext: Running Spark version 3.1.1","logger":"airflow.task.hooks.airflow.providers.standard.hooks.subprocess.SubprocessHook"}
{"timestamp":"2025-07-04T15:59:47.354666","level":"info","event":"25/07/04 15:59:47 INFO ResourceUtils: ==============================================================","logger":"airflow.task.hooks.airflow.providers.standard.hooks.subprocess.SubprocessHook"}
{"timestamp":"2025-07-04T15:59:47.354811","level":"info","event":"25/07/04 15:59:47 INFO ResourceUtils: No custom resources configured for spark.driver.","logger":"airflow.task.hooks.airflow.providers.standard.hooks.subprocess.SubprocessHook"}
{"timestamp":"2025-07-04T15:59:47.354861","level":"info","event":"25/07/04 15:59:47 INFO ResourceUtils: ==============================================================","logger":"airflow.task.hooks.airflow.providers.standard.hooks.subprocess.SubprocessHook"}
{"timestamp":"2025-07-04T15:59:47.355112","level":"info","event":"25/07/04 15:59:47 INFO SparkContext: Submitted application: TelcoExploration","logger":"airflow.task.hooks.airflow.providers.standard.hooks.subprocess.SubprocessHook"}
{"timestamp":"2025-07-04T15:59:47.375408","level":"info","event":"25/07/04 15:59:47 INFO ResourceProfile: Default ResourceProfile created, executor resources: Map(cores -> name: cores, amount: 1, script: , vendor: , memory -> name: memory, amount: 1024, script: , vendor: , offHeap -> name: offHeap, amount: 0, script: , vendor: ), task resources: Map(cpus -> name: cpus, amount: 1.0)","logger":"airflow.task.hooks.airflow.providers.standard.hooks.subprocess.SubprocessHook"}
{"timestamp":"2025-07-04T15:59:47.385203","level":"info","event":"25/07/04 15:59:47 INFO ResourceProfile: Limiting resource is cpu","logger":"airflow.task.hooks.airflow.providers.standard.hooks.subprocess.SubprocessHook"}
{"timestamp":"2025-07-04T15:59:47.385971","level":"info","event":"25/07/04 15:59:47 INFO ResourceProfileManager: Added ResourceProfile id: 0","logger":"airflow.task.hooks.airflow.providers.standard.hooks.subprocess.SubprocessHook"}
{"timestamp":"2025-07-04T15:59:47.430460","level":"info","event":"25/07/04 15:59:47 INFO SecurityManager: Changing view acls to: spark","logger":"airflow.task.hooks.airflow.providers.standard.hooks.subprocess.SubprocessHook"}
{"timestamp":"2025-07-04T15:59:47.430649","level":"info","event":"25/07/04 15:59:47 INFO SecurityManager: Changing modify acls to: spark","logger":"airflow.task.hooks.airflow.providers.standard.hooks.subprocess.SubprocessHook"}
{"timestamp":"2025-07-04T15:59:47.431015","level":"info","event":"25/07/04 15:59:47 INFO SecurityManager: Changing view acls groups to:","logger":"airflow.task.hooks.airflow.providers.standard.hooks.subprocess.SubprocessHook"}
{"timestamp":"2025-07-04T15:59:47.431137","level":"info","event":"25/07/04 15:59:47 INFO SecurityManager: Changing modify acls groups to:","logger":"airflow.task.hooks.airflow.providers.standard.hooks.subprocess.SubprocessHook"}
{"timestamp":"2025-07-04T15:59:47.431208","level":"info","event":"25/07/04 15:59:47 INFO SecurityManager: SecurityManager: authentication disabled; ui acls disabled; users  with view permissions: Set(spark); groups with view permissions: Set(); users  with modify permissions: Set(spark); groups with modify permissions: Set()","logger":"airflow.task.hooks.airflow.providers.standard.hooks.subprocess.SubprocessHook"}
{"timestamp":"2025-07-04T15:59:47.629855","level":"info","event":"25/07/04 15:59:47 INFO Utils: Successfully started service 'sparkDriver' on port 46789.","logger":"airflow.task.hooks.airflow.providers.standard.hooks.subprocess.SubprocessHook"}
{"timestamp":"2025-07-04T15:59:47.659873","level":"info","event":"25/07/04 15:59:47 INFO SparkEnv: Registering MapOutputTracker","logger":"airflow.task.hooks.airflow.providers.standard.hooks.subprocess.SubprocessHook"}
{"timestamp":"2025-07-04T15:59:47.687525","level":"info","event":"25/07/04 15:59:47 INFO SparkEnv: Registering BlockManagerMaster","logger":"airflow.task.hooks.airflow.providers.standard.hooks.subprocess.SubprocessHook"}
{"timestamp":"2025-07-04T15:59:47.705950","level":"info","event":"25/07/04 15:59:47 INFO BlockManagerMasterEndpoint: Using org.apache.spark.storage.DefaultTopologyMapper for getting topology information","logger":"airflow.task.hooks.airflow.providers.standard.hooks.subprocess.SubprocessHook"}
{"timestamp":"2025-07-04T15:59:47.706252","level":"info","event":"25/07/04 15:59:47 INFO BlockManagerMasterEndpoint: BlockManagerMasterEndpoint up","logger":"airflow.task.hooks.airflow.providers.standard.hooks.subprocess.SubprocessHook"}
{"timestamp":"2025-07-04T15:59:47.709944","level":"info","event":"25/07/04 15:59:47 INFO SparkEnv: Registering BlockManagerMasterHeartbeat","logger":"airflow.task.hooks.airflow.providers.standard.hooks.subprocess.SubprocessHook"}
{"timestamp":"2025-07-04T15:59:47.721144","level":"info","event":"25/07/04 15:59:47 INFO DiskBlockManager: Created local directory at /tmp/blockmgr-a03fbde7-6d2a-459e-ac6b-4e8dad2b56d9","logger":"airflow.task.hooks.airflow.providers.standard.hooks.subprocess.SubprocessHook"}
{"timestamp":"2025-07-04T15:59:47.736500","level":"info","event":"25/07/04 15:59:47 INFO MemoryStore: MemoryStore started with capacity 366.3 MiB","logger":"airflow.task.hooks.airflow.providers.standard.hooks.subprocess.SubprocessHook"}
{"timestamp":"2025-07-04T15:59:47.752728","level":"info","event":"25/07/04 15:59:47 INFO SparkEnv: Registering OutputCommitCoordinator","logger":"airflow.task.hooks.airflow.providers.standard.hooks.subprocess.SubprocessHook"}
{"timestamp":"2025-07-04T15:59:47.965231","level":"info","event":"25/07/04 15:59:47 INFO Utils: Successfully started service 'SparkUI' on port 4040.","logger":"airflow.task.hooks.airflow.providers.standard.hooks.subprocess.SubprocessHook"}
{"timestamp":"2025-07-04T15:59:48.015018","level":"info","event":"25/07/04 15:59:48 INFO SparkUI: Bound SparkUI to 0.0.0.0, and started at http://140fb6801c8d:4040","logger":"airflow.task.hooks.airflow.providers.standard.hooks.subprocess.SubprocessHook"}
{"timestamp":"2025-07-04T15:59:48.029660","level":"info","event":"25/07/04 15:59:48 INFO SparkContext: Added JAR /opt/bitnami/spark/jars/postgresql-42.7.7.jar at spark://140fb6801c8d:46789/jars/postgresql-42.7.7.jar with timestamp 1751644787309","logger":"airflow.task.hooks.airflow.providers.standard.hooks.subprocess.SubprocessHook"}
{"timestamp":"2025-07-04T15:59:48.182830","level":"info","event":"25/07/04 15:59:48 INFO StandaloneAppClient$ClientEndpoint: Connecting to master spark://spark-master:7077...","logger":"airflow.task.hooks.airflow.providers.standard.hooks.subprocess.SubprocessHook"}
{"timestamp":"2025-07-04T15:59:48.224891","level":"info","event":"25/07/04 15:59:48 INFO TransportClientFactory: Successfully created connection to spark-master/172.21.0.4:7077 after 27 ms (0 ms spent in bootstraps)","logger":"airflow.task.hooks.airflow.providers.standard.hooks.subprocess.SubprocessHook"}
{"timestamp":"2025-07-04T15:59:48.296345","level":"info","event":"25/07/04 15:59:48 INFO StandaloneSchedulerBackend: Connected to Spark cluster with app ID app-20250704155948-0001","logger":"airflow.task.hooks.airflow.providers.standard.hooks.subprocess.SubprocessHook"}
{"timestamp":"2025-07-04T15:59:48.298609","level":"info","event":"25/07/04 15:59:48 INFO StandaloneAppClient$ClientEndpoint: Executor added: app-20250704155948-0001/0 on worker-20250704155436-172.21.0.6-44607 (172.21.0.6:44607) with 12 core(s)","logger":"airflow.task.hooks.airflow.providers.standard.hooks.subprocess.SubprocessHook"}
{"timestamp":"2025-07-04T15:59:48.300224","level":"info","event":"25/07/04 15:59:48 INFO StandaloneSchedulerBackend: Granted executor ID app-20250704155948-0001/0 on hostPort 172.21.0.6:44607 with 12 core(s), 1024.0 MiB RAM","logger":"airflow.task.hooks.airflow.providers.standard.hooks.subprocess.SubprocessHook"}
{"timestamp":"2025-07-04T15:59:48.303994","level":"info","event":"25/07/04 15:59:48 INFO Utils: Successfully started service 'org.apache.spark.network.netty.NettyBlockTransferService' on port 33327.","logger":"airflow.task.hooks.airflow.providers.standard.hooks.subprocess.SubprocessHook"}
{"timestamp":"2025-07-04T15:59:48.304215","level":"info","event":"25/07/04 15:59:48 INFO NettyBlockTransferService: Server created on 140fb6801c8d:33327","logger":"airflow.task.hooks.airflow.providers.standard.hooks.subprocess.SubprocessHook"}
{"timestamp":"2025-07-04T15:59:48.306845","level":"info","event":"25/07/04 15:59:48 INFO BlockManager: Using org.apache.spark.storage.RandomBlockReplicationPolicy for block replication policy","logger":"airflow.task.hooks.airflow.providers.standard.hooks.subprocess.SubprocessHook"}
{"timestamp":"2025-07-04T15:59:48.316223","level":"info","event":"25/07/04 15:59:48 INFO BlockManagerMaster: Registering BlockManager BlockManagerId(driver, 140fb6801c8d, 33327, None)","logger":"airflow.task.hooks.airflow.providers.standard.hooks.subprocess.SubprocessHook"}
{"timestamp":"2025-07-04T15:59:48.319446","level":"info","event":"25/07/04 15:59:48 INFO BlockManagerMasterEndpoint: Registering block manager 140fb6801c8d:33327 with 366.3 MiB RAM, BlockManagerId(driver, 140fb6801c8d, 33327, None)","logger":"airflow.task.hooks.airflow.providers.standard.hooks.subprocess.SubprocessHook"}
{"timestamp":"2025-07-04T15:59:48.321594","level":"info","event":"25/07/04 15:59:48 INFO BlockManagerMaster: Registered BlockManager BlockManagerId(driver, 140fb6801c8d, 33327, None)","logger":"airflow.task.hooks.airflow.providers.standard.hooks.subprocess.SubprocessHook"}
{"timestamp":"2025-07-04T15:59:48.323189","level":"info","event":"25/07/04 15:59:48 INFO BlockManager: Initialized BlockManager: BlockManagerId(driver, 140fb6801c8d, 33327, None)","logger":"airflow.task.hooks.airflow.providers.standard.hooks.subprocess.SubprocessHook"}
{"timestamp":"2025-07-04T15:59:48.328320","level":"info","event":"25/07/04 15:59:48 INFO StandaloneAppClient$ClientEndpoint: Executor updated: app-20250704155948-0001/0 is now RUNNING","logger":"airflow.task.hooks.airflow.providers.standard.hooks.subprocess.SubprocessHook"}
{"timestamp":"2025-07-04T15:59:48.506132","level":"info","event":"25/07/04 15:59:48 INFO StandaloneSchedulerBackend: SchedulerBackend is ready for scheduling beginning after reached minRegisteredResourcesRatio: 0.0","logger":"airflow.task.hooks.airflow.providers.standard.hooks.subprocess.SubprocessHook"}
{"timestamp":"2025-07-04T15:59:48.736842","level":"info","event":"25/07/04 15:59:48 INFO SharedState: Setting hive.metastore.warehouse.dir ('null') to the value of spark.sql.warehouse.dir ('file:/opt/bitnami/spark/spark-warehouse').","logger":"airflow.task.hooks.airflow.providers.standard.hooks.subprocess.SubprocessHook"}
{"timestamp":"2025-07-04T15:59:48.736990","level":"info","event":"25/07/04 15:59:48 INFO SharedState: Warehouse path is 'file:/opt/bitnami/spark/spark-warehouse'.","logger":"airflow.task.hooks.airflow.providers.standard.hooks.subprocess.SubprocessHook"}
{"timestamp":"2025-07-04T15:59:49.806697","level":"info","event":"25/07/04 15:59:49 INFO InMemoryFileIndex: It took 49 ms to list leaf files for 1 paths.","logger":"airflow.task.hooks.airflow.providers.standard.hooks.subprocess.SubprocessHook"}
{"timestamp":"2025-07-04T15:59:49.865185","level":"info","event":"25/07/04 15:59:49 INFO InMemoryFileIndex: It took 4 ms to list leaf files for 1 paths.","logger":"airflow.task.hooks.airflow.providers.standard.hooks.subprocess.SubprocessHook"}
{"timestamp":"2025-07-04T15:59:49.971676","level":"info","event":"25/07/04 15:59:49 INFO CoarseGrainedSchedulerBackend$DriverEndpoint: Registered executor NettyRpcEndpointRef(spark-client://Executor) (172.21.0.6:47268) with ID 0,  ResourceProfileId 0","logger":"airflow.task.hooks.airflow.providers.standard.hooks.subprocess.SubprocessHook"}
{"timestamp":"2025-07-04T15:59:50.070553","level":"info","event":"25/07/04 15:59:50 INFO BlockManagerMasterEndpoint: Registering block manager 172.21.0.6:33585 with 366.3 MiB RAM, BlockManagerId(0, 172.21.0.6, 33585, None)","logger":"airflow.task.hooks.airflow.providers.standard.hooks.subprocess.SubprocessHook"}
{"timestamp":"2025-07-04T15:59:51.617508","level":"info","event":"25/07/04 15:59:51 INFO FileSourceStrategy: Pushed Filters:","logger":"airflow.task.hooks.airflow.providers.standard.hooks.subprocess.SubprocessHook"}
{"timestamp":"2025-07-04T15:59:51.620704","level":"info","event":"25/07/04 15:59:51 INFO FileSourceStrategy: Post-Scan Filters: (length(trim(value#0, None)) > 0)","logger":"airflow.task.hooks.airflow.providers.standard.hooks.subprocess.SubprocessHook"}
{"timestamp":"2025-07-04T15:59:51.623583","level":"info","event":"25/07/04 15:59:51 INFO FileSourceStrategy: Output Data Schema: struct<value: string>","logger":"airflow.task.hooks.airflow.providers.standard.hooks.subprocess.SubprocessHook"}
{"timestamp":"2025-07-04T15:59:52.248691","level":"info","event":"25/07/04 15:59:52 INFO CodeGenerator: Code generated in 247.103957 ms","logger":"airflow.task.hooks.airflow.providers.standard.hooks.subprocess.SubprocessHook"}
{"timestamp":"2025-07-04T15:59:52.298937","level":"info","event":"25/07/04 15:59:52 INFO MemoryStore: Block broadcast_0 stored as values in memory (estimated size 304.3 KiB, free 366.0 MiB)","logger":"airflow.task.hooks.airflow.providers.standard.hooks.subprocess.SubprocessHook"}
{"timestamp":"2025-07-04T15:59:52.347513","level":"info","event":"25/07/04 15:59:52 INFO MemoryStore: Block broadcast_0_piece0 stored as bytes in memory (estimated size 27.6 KiB, free 366.0 MiB)","logger":"airflow.task.hooks.airflow.providers.standard.hooks.subprocess.SubprocessHook"}
{"timestamp":"2025-07-04T15:59:52.350604","level":"info","event":"25/07/04 15:59:52 INFO BlockManagerInfo: Added broadcast_0_piece0 in memory on 140fb6801c8d:33327 (size: 27.6 KiB, free: 366.3 MiB)","logger":"airflow.task.hooks.airflow.providers.standard.hooks.subprocess.SubprocessHook"}
{"timestamp":"2025-07-04T15:59:52.353581","level":"info","event":"25/07/04 15:59:52 INFO SparkContext: Created broadcast 0 from csv at NativeMethodAccessorImpl.java:0","logger":"airflow.task.hooks.airflow.providers.standard.hooks.subprocess.SubprocessHook"}
{"timestamp":"2025-07-04T15:59:52.363882","level":"info","event":"25/07/04 15:59:52 INFO FileSourceScanExec: Planning scan with bin packing, max size: 4194304 bytes, open cost is considered as scanning 4194304 bytes.","logger":"airflow.task.hooks.airflow.providers.standard.hooks.subprocess.SubprocessHook"}
{"timestamp":"2025-07-04T15:59:52.450038","level":"info","event":"25/07/04 15:59:52 INFO SparkContext: Starting job: csv at NativeMethodAccessorImpl.java:0","logger":"airflow.task.hooks.airflow.providers.standard.hooks.subprocess.SubprocessHook"}
{"timestamp":"2025-07-04T15:59:52.464111","level":"info","event":"25/07/04 15:59:52 INFO DAGScheduler: Got job 0 (csv at NativeMethodAccessorImpl.java:0) with 1 output partitions","logger":"airflow.task.hooks.airflow.providers.standard.hooks.subprocess.SubprocessHook"}
{"timestamp":"2025-07-04T15:59:52.464300","level":"info","event":"25/07/04 15:59:52 INFO DAGScheduler: Final stage: ResultStage 0 (csv at NativeMethodAccessorImpl.java:0)","logger":"airflow.task.hooks.airflow.providers.standard.hooks.subprocess.SubprocessHook"}
{"timestamp":"2025-07-04T15:59:52.464644","level":"info","event":"25/07/04 15:59:52 INFO DAGScheduler: Parents of final stage: List()","logger":"airflow.task.hooks.airflow.providers.standard.hooks.subprocess.SubprocessHook"}
{"timestamp":"2025-07-04T15:59:52.465941","level":"info","event":"25/07/04 15:59:52 INFO DAGScheduler: Missing parents: List()","logger":"airflow.task.hooks.airflow.providers.standard.hooks.subprocess.SubprocessHook"}
{"timestamp":"2025-07-04T15:59:52.469976","level":"info","event":"25/07/04 15:59:52 INFO DAGScheduler: Submitting ResultStage 0 (MapPartitionsRDD[3] at csv at NativeMethodAccessorImpl.java:0), which has no missing parents","logger":"airflow.task.hooks.airflow.providers.standard.hooks.subprocess.SubprocessHook"}
{"timestamp":"2025-07-04T15:59:52.524221","level":"info","event":"25/07/04 15:59:52 INFO MemoryStore: Block broadcast_1 stored as values in memory (estimated size 10.8 KiB, free 366.0 MiB)","logger":"airflow.task.hooks.airflow.providers.standard.hooks.subprocess.SubprocessHook"}
{"timestamp":"2025-07-04T15:59:52.526892","level":"info","event":"25/07/04 15:59:52 INFO MemoryStore: Block broadcast_1_piece0 stored as bytes in memory (estimated size 5.4 KiB, free 366.0 MiB)","logger":"airflow.task.hooks.airflow.providers.standard.hooks.subprocess.SubprocessHook"}
{"timestamp":"2025-07-04T15:59:52.527273","level":"info","event":"25/07/04 15:59:52 INFO BlockManagerInfo: Added broadcast_1_piece0 in memory on 140fb6801c8d:33327 (size: 5.4 KiB, free: 366.3 MiB)","logger":"airflow.task.hooks.airflow.providers.standard.hooks.subprocess.SubprocessHook"}
{"timestamp":"2025-07-04T15:59:52.527996","level":"info","event":"25/07/04 15:59:52 INFO SparkContext: Created broadcast 1 from broadcast at DAGScheduler.scala:1383","logger":"airflow.task.hooks.airflow.providers.standard.hooks.subprocess.SubprocessHook"}
{"timestamp":"2025-07-04T15:59:52.541478","level":"info","event":"25/07/04 15:59:52 INFO DAGScheduler: Submitting 1 missing tasks from ResultStage 0 (MapPartitionsRDD[3] at csv at NativeMethodAccessorImpl.java:0) (first 15 tasks are for partitions Vector(0))","logger":"airflow.task.hooks.airflow.providers.standard.hooks.subprocess.SubprocessHook"}
{"timestamp":"2025-07-04T15:59:52.542105","level":"info","event":"25/07/04 15:59:52 INFO TaskSchedulerImpl: Adding task set 0.0 with 1 tasks resource profile 0","logger":"airflow.task.hooks.airflow.providers.standard.hooks.subprocess.SubprocessHook"}
{"timestamp":"2025-07-04T15:59:52.573856","level":"info","event":"25/07/04 15:59:52 INFO TaskSetManager: Starting task 0.0 in stage 0.0 (TID 0) (172.21.0.6, executor 0, partition 0, ANY, 4876 bytes) taskResourceAssignments Map()","logger":"airflow.task.hooks.airflow.providers.standard.hooks.subprocess.SubprocessHook"}
{"timestamp":"2025-07-04T15:59:52.790630","level":"info","event":"25/07/04 15:59:52 INFO BlockManagerInfo: Added broadcast_1_piece0 in memory on 172.21.0.6:33585 (size: 5.4 KiB, free: 366.3 MiB)","logger":"airflow.task.hooks.airflow.providers.standard.hooks.subprocess.SubprocessHook"}
{"timestamp":"2025-07-04T15:59:53.520526","level":"info","event":"25/07/04 15:59:53 INFO BlockManagerInfo: Added broadcast_0_piece0 in memory on 172.21.0.6:33585 (size: 27.6 KiB, free: 366.3 MiB)","logger":"airflow.task.hooks.airflow.providers.standard.hooks.subprocess.SubprocessHook"}
{"timestamp":"2025-07-04T15:59:54.143357","level":"info","event":"25/07/04 15:59:54 INFO TaskSetManager: Finished task 0.0 in stage 0.0 (TID 0) in 1578 ms on 172.21.0.6 (executor 0) (1/1)","logger":"airflow.task.hooks.airflow.providers.standard.hooks.subprocess.SubprocessHook"}
{"timestamp":"2025-07-04T15:59:54.145622","level":"info","event":"25/07/04 15:59:54 INFO TaskSchedulerImpl: Removed TaskSet 0.0, whose tasks have all completed, from pool","logger":"airflow.task.hooks.airflow.providers.standard.hooks.subprocess.SubprocessHook"}
{"timestamp":"2025-07-04T15:59:54.151892","level":"info","event":"25/07/04 15:59:54 INFO DAGScheduler: ResultStage 0 (csv at NativeMethodAccessorImpl.java:0) finished in 1.667 s","logger":"airflow.task.hooks.airflow.providers.standard.hooks.subprocess.SubprocessHook"}
{"timestamp":"2025-07-04T15:59:54.154885","level":"info","event":"25/07/04 15:59:54 INFO DAGScheduler: Job 0 is finished. Cancelling potential speculative or zombie tasks for this job","logger":"airflow.task.hooks.airflow.providers.standard.hooks.subprocess.SubprocessHook"}
{"timestamp":"2025-07-04T15:59:54.155085","level":"info","event":"25/07/04 15:59:54 INFO TaskSchedulerImpl: Killing all running tasks in stage 0: Stage finished","logger":"airflow.task.hooks.airflow.providers.standard.hooks.subprocess.SubprocessHook"}
{"timestamp":"2025-07-04T15:59:54.158137","level":"info","event":"25/07/04 15:59:54 INFO DAGScheduler: Job 0 finished: csv at NativeMethodAccessorImpl.java:0, took 1.707022 s","logger":"airflow.task.hooks.airflow.providers.standard.hooks.subprocess.SubprocessHook"}
{"timestamp":"2025-07-04T15:59:54.177322","level":"info","event":"25/07/04 15:59:54 INFO CodeGenerator: Code generated in 9.221441 ms","logger":"airflow.task.hooks.airflow.providers.standard.hooks.subprocess.SubprocessHook"}
{"timestamp":"2025-07-04T15:59:54.237602","level":"info","event":"25/07/04 15:59:54 INFO FileSourceStrategy: Pushed Filters:","logger":"airflow.task.hooks.airflow.providers.standard.hooks.subprocess.SubprocessHook"}
{"timestamp":"2025-07-04T15:59:54.237726","level":"info","event":"25/07/04 15:59:54 INFO FileSourceStrategy: Post-Scan Filters:","logger":"airflow.task.hooks.airflow.providers.standard.hooks.subprocess.SubprocessHook"}
{"timestamp":"2025-07-04T15:59:54.237821","level":"info","event":"25/07/04 15:59:54 INFO FileSourceStrategy: Output Data Schema: struct<value: string>","logger":"airflow.task.hooks.airflow.providers.standard.hooks.subprocess.SubprocessHook"}
{"timestamp":"2025-07-04T15:59:54.243441","level":"info","event":"25/07/04 15:59:54 INFO MemoryStore: Block broadcast_2 stored as values in memory (estimated size 304.3 KiB, free 365.7 MiB)","logger":"airflow.task.hooks.airflow.providers.standard.hooks.subprocess.SubprocessHook"}
{"timestamp":"2025-07-04T15:59:54.250693","level":"info","event":"25/07/04 15:59:54 INFO MemoryStore: Block broadcast_2_piece0 stored as bytes in memory (estimated size 27.6 KiB, free 365.6 MiB)","logger":"airflow.task.hooks.airflow.providers.standard.hooks.subprocess.SubprocessHook"}
{"timestamp":"2025-07-04T15:59:54.251438","level":"info","event":"25/07/04 15:59:54 INFO BlockManagerInfo: Added broadcast_2_piece0 in memory on 140fb6801c8d:33327 (size: 27.6 KiB, free: 366.2 MiB)","logger":"airflow.task.hooks.airflow.providers.standard.hooks.subprocess.SubprocessHook"}
{"timestamp":"2025-07-04T15:59:54.252012","level":"info","event":"25/07/04 15:59:54 INFO SparkContext: Created broadcast 2 from csv at NativeMethodAccessorImpl.java:0","logger":"airflow.task.hooks.airflow.providers.standard.hooks.subprocess.SubprocessHook"}
{"timestamp":"2025-07-04T15:59:54.252795","level":"info","event":"25/07/04 15:59:54 INFO FileSourceScanExec: Planning scan with bin packing, max size: 4194304 bytes, open cost is considered as scanning 4194304 bytes.","logger":"airflow.task.hooks.airflow.providers.standard.hooks.subprocess.SubprocessHook"}
{"timestamp":"2025-07-04T15:59:54.303427","level":"info","event":"25/07/04 15:59:54 INFO SparkContext: Starting job: csv at NativeMethodAccessorImpl.java:0","logger":"airflow.task.hooks.airflow.providers.standard.hooks.subprocess.SubprocessHook"}
{"timestamp":"2025-07-04T15:59:54.304623","level":"info","event":"25/07/04 15:59:54 INFO DAGScheduler: Got job 1 (csv at NativeMethodAccessorImpl.java:0) with 1 output partitions","logger":"airflow.task.hooks.airflow.providers.standard.hooks.subprocess.SubprocessHook"}
{"timestamp":"2025-07-04T15:59:54.304754","level":"info","event":"25/07/04 15:59:54 INFO DAGScheduler: Final stage: ResultStage 1 (csv at NativeMethodAccessorImpl.java:0)","logger":"airflow.task.hooks.airflow.providers.standard.hooks.subprocess.SubprocessHook"}
{"timestamp":"2025-07-04T15:59:54.304812","level":"info","event":"25/07/04 15:59:54 INFO DAGScheduler: Parents of final stage: List()","logger":"airflow.task.hooks.airflow.providers.standard.hooks.subprocess.SubprocessHook"}
{"timestamp":"2025-07-04T15:59:54.304954","level":"info","event":"25/07/04 15:59:54 INFO DAGScheduler: Missing parents: List()","logger":"airflow.task.hooks.airflow.providers.standard.hooks.subprocess.SubprocessHook"}
{"timestamp":"2025-07-04T15:59:54.305852","level":"info","event":"25/07/04 15:59:54 INFO DAGScheduler: Submitting ResultStage 1 (MapPartitionsRDD[9] at csv at NativeMethodAccessorImpl.java:0), which has no missing parents","logger":"airflow.task.hooks.airflow.providers.standard.hooks.subprocess.SubprocessHook"}
{"timestamp":"2025-07-04T15:59:54.324228","level":"info","event":"25/07/04 15:59:54 INFO MemoryStore: Block broadcast_3 stored as values in memory (estimated size 16.0 KiB, free 365.6 MiB)","logger":"airflow.task.hooks.airflow.providers.standard.hooks.subprocess.SubprocessHook"}
{"timestamp":"2025-07-04T15:59:54.326022","level":"info","event":"25/07/04 15:59:54 INFO MemoryStore: Block broadcast_3_piece0 stored as bytes in memory (estimated size 8.1 KiB, free 365.6 MiB)","logger":"airflow.task.hooks.airflow.providers.standard.hooks.subprocess.SubprocessHook"}
{"timestamp":"2025-07-04T15:59:54.326303","level":"info","event":"25/07/04 15:59:54 INFO BlockManagerInfo: Added broadcast_3_piece0 in memory on 140fb6801c8d:33327 (size: 8.1 KiB, free: 366.2 MiB)","logger":"airflow.task.hooks.airflow.providers.standard.hooks.subprocess.SubprocessHook"}
{"timestamp":"2025-07-04T15:59:54.326626","level":"info","event":"25/07/04 15:59:54 INFO SparkContext: Created broadcast 3 from broadcast at DAGScheduler.scala:1383","logger":"airflow.task.hooks.airflow.providers.standard.hooks.subprocess.SubprocessHook"}
{"timestamp":"2025-07-04T15:59:54.327515","level":"info","event":"25/07/04 15:59:54 INFO DAGScheduler: Submitting 1 missing tasks from ResultStage 1 (MapPartitionsRDD[9] at csv at NativeMethodAccessorImpl.java:0) (first 15 tasks are for partitions Vector(0))","logger":"airflow.task.hooks.airflow.providers.standard.hooks.subprocess.SubprocessHook"}
{"timestamp":"2025-07-04T15:59:54.327669","level":"info","event":"25/07/04 15:59:54 INFO TaskSchedulerImpl: Adding task set 1.0 with 1 tasks resource profile 0","logger":"airflow.task.hooks.airflow.providers.standard.hooks.subprocess.SubprocessHook"}
{"timestamp":"2025-07-04T15:59:54.329128","level":"info","event":"25/07/04 15:59:54 INFO TaskSetManager: Starting task 0.0 in stage 1.0 (TID 1) (172.21.0.6, executor 0, partition 0, ANY, 4876 bytes) taskResourceAssignments Map()","logger":"airflow.task.hooks.airflow.providers.standard.hooks.subprocess.SubprocessHook"}
{"timestamp":"2025-07-04T15:59:54.350213","level":"info","event":"25/07/04 15:59:54 INFO BlockManagerInfo: Added broadcast_3_piece0 in memory on 172.21.0.6:33585 (size: 8.1 KiB, free: 366.3 MiB)","logger":"airflow.task.hooks.airflow.providers.standard.hooks.subprocess.SubprocessHook"}
{"timestamp":"2025-07-04T15:59:55.398962","level":"info","event":"25/07/04 15:59:55 INFO BlockManagerInfo: Added broadcast_2_piece0 in memory on 172.21.0.6:33585 (size: 27.6 KiB, free: 366.2 MiB)","logger":"airflow.task.hooks.airflow.providers.standard.hooks.subprocess.SubprocessHook"}
{"timestamp":"2025-07-04T15:59:55.594679","level":"info","event":"25/07/04 15:59:55 INFO TaskSetManager: Finished task 0.0 in stage 1.0 (TID 1) in 1266 ms on 172.21.0.6 (executor 0) (1/1)","logger":"airflow.task.hooks.airflow.providers.standard.hooks.subprocess.SubprocessHook"}
{"timestamp":"2025-07-04T15:59:55.594906","level":"info","event":"25/07/04 15:59:55 INFO TaskSchedulerImpl: Removed TaskSet 1.0, whose tasks have all completed, from pool","logger":"airflow.task.hooks.airflow.providers.standard.hooks.subprocess.SubprocessHook"}
{"timestamp":"2025-07-04T15:59:55.595636","level":"info","event":"25/07/04 15:59:55 INFO DAGScheduler: ResultStage 1 (csv at NativeMethodAccessorImpl.java:0) finished in 1.288 s","logger":"airflow.task.hooks.airflow.providers.standard.hooks.subprocess.SubprocessHook"}
{"timestamp":"2025-07-04T15:59:55.595864","level":"info","event":"25/07/04 15:59:55 INFO DAGScheduler: Job 1 is finished. Cancelling potential speculative or zombie tasks for this job","logger":"airflow.task.hooks.airflow.providers.standard.hooks.subprocess.SubprocessHook"}
{"timestamp":"2025-07-04T15:59:55.595965","level":"info","event":"25/07/04 15:59:55 INFO TaskSchedulerImpl: Killing all running tasks in stage 1: Stage finished","logger":"airflow.task.hooks.airflow.providers.standard.hooks.subprocess.SubprocessHook"}
{"timestamp":"2025-07-04T15:59:55.597629","level":"info","event":"25/07/04 15:59:55 INFO DAGScheduler: Job 1 finished: csv at NativeMethodAccessorImpl.java:0, took 1.294079 s","logger":"airflow.task.hooks.airflow.providers.standard.hooks.subprocess.SubprocessHook"}
{"timestamp":"2025-07-04T15:59:56.098093","level":"info","event":"25/07/04 15:59:56 INFO FileSourceStrategy: Pushed Filters:","logger":"airflow.task.hooks.airflow.providers.standard.hooks.subprocess.SubprocessHook"}
{"timestamp":"2025-07-04T15:59:56.098316","level":"info","event":"25/07/04 15:59:56 INFO FileSourceStrategy: Post-Scan Filters:","logger":"airflow.task.hooks.airflow.providers.standard.hooks.subprocess.SubprocessHook"}
{"timestamp":"2025-07-04T15:59:56.098406","level":"info","event":"25/07/04 15:59:56 INFO FileSourceStrategy: Output Data Schema: struct<TotalCharges: string>","logger":"airflow.task.hooks.airflow.providers.standard.hooks.subprocess.SubprocessHook"}
{"timestamp":"2025-07-04T15:59:56.139085","level":"info","event":"25/07/04 15:59:56 INFO CodeGenerator: Code generated in 16.724658 ms","logger":"airflow.task.hooks.airflow.providers.standard.hooks.subprocess.SubprocessHook"}
{"timestamp":"2025-07-04T15:59:56.142427","level":"info","event":"25/07/04 15:59:56 INFO MemoryStore: Block broadcast_4 stored as values in memory (estimated size 304.2 KiB, free 365.3 MiB)","logger":"airflow.task.hooks.airflow.providers.standard.hooks.subprocess.SubprocessHook"}
{"timestamp":"2025-07-04T15:59:56.149879","level":"info","event":"25/07/04 15:59:56 INFO MemoryStore: Block broadcast_4_piece0 stored as bytes in memory (estimated size 27.6 KiB, free 365.3 MiB)","logger":"airflow.task.hooks.airflow.providers.standard.hooks.subprocess.SubprocessHook"}
{"timestamp":"2025-07-04T15:59:56.150483","level":"info","event":"25/07/04 15:59:56 INFO BlockManagerInfo: Added broadcast_4_piece0 in memory on 140fb6801c8d:33327 (size: 27.6 KiB, free: 366.2 MiB)","logger":"airflow.task.hooks.airflow.providers.standard.hooks.subprocess.SubprocessHook"}
{"timestamp":"2025-07-04T15:59:56.150791","level":"info","event":"25/07/04 15:59:56 INFO SparkContext: Created broadcast 4 from approxQuantile at NativeMethodAccessorImpl.java:0","logger":"airflow.task.hooks.airflow.providers.standard.hooks.subprocess.SubprocessHook"}
{"timestamp":"2025-07-04T15:59:56.154274","level":"info","event":"25/07/04 15:59:56 INFO FileSourceScanExec: Planning scan with bin packing, max size: 4194304 bytes, open cost is considered as scanning 4194304 bytes.","logger":"airflow.task.hooks.airflow.providers.standard.hooks.subprocess.SubprocessHook"}
{"timestamp":"2025-07-04T15:59:56.179467","level":"info","event":"25/07/04 15:59:56 INFO SparkContext: Starting job: approxQuantile at NativeMethodAccessorImpl.java:0","logger":"airflow.task.hooks.airflow.providers.standard.hooks.subprocess.SubprocessHook"}
{"timestamp":"2025-07-04T15:59:56.180633","level":"info","event":"25/07/04 15:59:56 INFO DAGScheduler: Got job 2 (approxQuantile at NativeMethodAccessorImpl.java:0) with 1 output partitions","logger":"airflow.task.hooks.airflow.providers.standard.hooks.subprocess.SubprocessHook"}
{"timestamp":"2025-07-04T15:59:56.180814","level":"info","event":"25/07/04 15:59:56 INFO DAGScheduler: Final stage: ResultStage 2 (approxQuantile at NativeMethodAccessorImpl.java:0)","logger":"airflow.task.hooks.airflow.providers.standard.hooks.subprocess.SubprocessHook"}
{"timestamp":"2025-07-04T15:59:56.180894","level":"info","event":"25/07/04 15:59:56 INFO DAGScheduler: Parents of final stage: List()","logger":"airflow.task.hooks.airflow.providers.standard.hooks.subprocess.SubprocessHook"}
{"timestamp":"2025-07-04T15:59:56.181103","level":"info","event":"25/07/04 15:59:56 INFO DAGScheduler: Missing parents: List()","logger":"airflow.task.hooks.airflow.providers.standard.hooks.subprocess.SubprocessHook"}
{"timestamp":"2025-07-04T15:59:56.182104","level":"info","event":"25/07/04 15:59:56 INFO DAGScheduler: Submitting ResultStage 2 (MapPartitionsRDD[16] at approxQuantile at NativeMethodAccessorImpl.java:0), which has no missing parents","logger":"airflow.task.hooks.airflow.providers.standard.hooks.subprocess.SubprocessHook"}
{"timestamp":"2025-07-04T15:59:56.198084","level":"info","event":"25/07/04 15:59:56 INFO MemoryStore: Block broadcast_5 stored as values in memory (estimated size 20.3 KiB, free 365.3 MiB)","logger":"airflow.task.hooks.airflow.providers.standard.hooks.subprocess.SubprocessHook"}
{"timestamp":"2025-07-04T15:59:56.200510","level":"info","event":"25/07/04 15:59:56 INFO MemoryStore: Block broadcast_5_piece0 stored as bytes in memory (estimated size 9.8 KiB, free 365.3 MiB)","logger":"airflow.task.hooks.airflow.providers.standard.hooks.subprocess.SubprocessHook"}
{"timestamp":"2025-07-04T15:59:56.201187","level":"info","event":"25/07/04 15:59:56 INFO BlockManagerInfo: Added broadcast_5_piece0 in memory on 140fb6801c8d:33327 (size: 9.8 KiB, free: 366.2 MiB)","logger":"airflow.task.hooks.airflow.providers.standard.hooks.subprocess.SubprocessHook"}
{"timestamp":"2025-07-04T15:59:56.201997","level":"info","event":"25/07/04 15:59:56 INFO SparkContext: Created broadcast 5 from broadcast at DAGScheduler.scala:1383","logger":"airflow.task.hooks.airflow.providers.standard.hooks.subprocess.SubprocessHook"}
{"timestamp":"2025-07-04T15:59:56.202166","level":"info","event":"25/07/04 15:59:56 INFO DAGScheduler: Submitting 1 missing tasks from ResultStage 2 (MapPartitionsRDD[16] at approxQuantile at NativeMethodAccessorImpl.java:0) (first 15 tasks are for partitions Vector(0))","logger":"airflow.task.hooks.airflow.providers.standard.hooks.subprocess.SubprocessHook"}
{"timestamp":"2025-07-04T15:59:56.202245","level":"info","event":"25/07/04 15:59:56 INFO TaskSchedulerImpl: Adding task set 2.0 with 1 tasks resource profile 0","logger":"airflow.task.hooks.airflow.providers.standard.hooks.subprocess.SubprocessHook"}
{"timestamp":"2025-07-04T15:59:56.204277","level":"info","event":"25/07/04 15:59:56 INFO TaskSetManager: Starting task 0.0 in stage 2.0 (TID 2) (172.21.0.6, executor 0, partition 0, ANY, 4876 bytes) taskResourceAssignments Map()","logger":"airflow.task.hooks.airflow.providers.standard.hooks.subprocess.SubprocessHook"}
{"timestamp":"2025-07-04T15:59:56.222286","level":"info","event":"25/07/04 15:59:56 INFO BlockManagerInfo: Added broadcast_5_piece0 in memory on 172.21.0.6:33585 (size: 9.8 KiB, free: 366.2 MiB)","logger":"airflow.task.hooks.airflow.providers.standard.hooks.subprocess.SubprocessHook"}
{"timestamp":"2025-07-04T15:59:56.334051","level":"info","event":"25/07/04 15:59:56 INFO BlockManagerInfo: Added broadcast_4_piece0 in memory on 172.21.0.6:33585 (size: 27.6 KiB, free: 366.2 MiB)","logger":"airflow.task.hooks.airflow.providers.standard.hooks.subprocess.SubprocessHook"}
{"timestamp":"2025-07-04T15:59:56.470748","level":"info","event":"25/07/04 15:59:56 INFO TaskSetManager: Finished task 0.0 in stage 2.0 (TID 2) in 267 ms on 172.21.0.6 (executor 0) (1/1)","logger":"airflow.task.hooks.airflow.providers.standard.hooks.subprocess.SubprocessHook"}
{"timestamp":"2025-07-04T15:59:56.470934","level":"info","event":"25/07/04 15:59:56 INFO TaskSchedulerImpl: Removed TaskSet 2.0, whose tasks have all completed, from pool","logger":"airflow.task.hooks.airflow.providers.standard.hooks.subprocess.SubprocessHook"}
{"timestamp":"2025-07-04T15:59:56.471645","level":"info","event":"25/07/04 15:59:56 INFO DAGScheduler: ResultStage 2 (approxQuantile at NativeMethodAccessorImpl.java:0) finished in 0.288 s","logger":"airflow.task.hooks.airflow.providers.standard.hooks.subprocess.SubprocessHook"}
{"timestamp":"2025-07-04T15:59:56.471758","level":"info","event":"25/07/04 15:59:56 INFO DAGScheduler: Job 2 is finished. Cancelling potential speculative or zombie tasks for this job","logger":"airflow.task.hooks.airflow.providers.standard.hooks.subprocess.SubprocessHook"}
{"timestamp":"2025-07-04T15:59:56.471820","level":"info","event":"25/07/04 15:59:56 INFO TaskSchedulerImpl: Killing all running tasks in stage 2: Stage finished","logger":"airflow.task.hooks.airflow.providers.standard.hooks.subprocess.SubprocessHook"}
{"timestamp":"2025-07-04T15:59:56.473526","level":"info","event":"25/07/04 15:59:56 INFO DAGScheduler: Job 2 finished: approxQuantile at NativeMethodAccessorImpl.java:0, took 0.294197 s","logger":"airflow.task.hooks.airflow.providers.standard.hooks.subprocess.SubprocessHook"}
{"timestamp":"2025-07-04T15:59:56.581951","level":"info","event":"25/07/04 15:59:56 INFO FileSourceStrategy: Pushed Filters:","logger":"airflow.task.hooks.airflow.providers.standard.hooks.subprocess.SubprocessHook"}
{"timestamp":"2025-07-04T15:59:56.582871","level":"info","event":"25/07/04 15:59:56 INFO FileSourceStrategy: Post-Scan Filters: ((CASE WHEN isnull(cast(TotalCharges#35 as double)) THEN 0.0 ELSE cast(TotalCharges#35 as double) END < -3927.1499999999996) OR (CASE WHEN isnull(cast(TotalCharges#35 as double)) THEN 0.0 ELSE cast(TotalCharges#35 as double) END > 7662.049999999999))","logger":"airflow.task.hooks.airflow.providers.standard.hooks.subprocess.SubprocessHook"}
{"timestamp":"2025-07-04T15:59:56.582988","level":"info","event":"25/07/04 15:59:56 INFO FileSourceStrategy: Output Data Schema: struct<TotalCharges: string>","logger":"airflow.task.hooks.airflow.providers.standard.hooks.subprocess.SubprocessHook"}
{"timestamp":"2025-07-04T15:59:56.638681","level":"info","event":"25/07/04 15:59:56 INFO CodeGenerator: Code generated in 14.715701 ms","logger":"airflow.task.hooks.airflow.providers.standard.hooks.subprocess.SubprocessHook"}
{"timestamp":"2025-07-04T15:59:56.685578","level":"info","event":"25/07/04 15:59:56 INFO CodeGenerator: Code generated in 30.338878 ms","logger":"airflow.task.hooks.airflow.providers.standard.hooks.subprocess.SubprocessHook"}
{"timestamp":"2025-07-04T15:59:56.691222","level":"info","event":"25/07/04 15:59:56 INFO MemoryStore: Block broadcast_6 stored as values in memory (estimated size 304.2 KiB, free 365.0 MiB)","logger":"airflow.task.hooks.airflow.providers.standard.hooks.subprocess.SubprocessHook"}
{"timestamp":"2025-07-04T15:59:56.705690","level":"info","event":"25/07/04 15:59:56 INFO MemoryStore: Block broadcast_6_piece0 stored as bytes in memory (estimated size 27.6 KiB, free 364.9 MiB)","logger":"airflow.task.hooks.airflow.providers.standard.hooks.subprocess.SubprocessHook"}
{"timestamp":"2025-07-04T15:59:56.706641","level":"info","event":"25/07/04 15:59:56 INFO BlockManagerInfo: Added broadcast_6_piece0 in memory on 140fb6801c8d:33327 (size: 27.6 KiB, free: 366.2 MiB)","logger":"airflow.task.hooks.airflow.providers.standard.hooks.subprocess.SubprocessHook"}
{"timestamp":"2025-07-04T15:59:56.706796","level":"info","event":"25/07/04 15:59:56 INFO SparkContext: Created broadcast 6 from count at NativeMethodAccessorImpl.java:0","logger":"airflow.task.hooks.airflow.providers.standard.hooks.subprocess.SubprocessHook"}
{"timestamp":"2025-07-04T15:59:56.707286","level":"info","event":"25/07/04 15:59:56 INFO FileSourceScanExec: Planning scan with bin packing, max size: 4194304 bytes, open cost is considered as scanning 4194304 bytes.","logger":"airflow.task.hooks.airflow.providers.standard.hooks.subprocess.SubprocessHook"}
{"timestamp":"2025-07-04T15:59:56.748994","level":"info","event":"25/07/04 15:59:56 INFO SparkContext: Starting job: count at NativeMethodAccessorImpl.java:0","logger":"airflow.task.hooks.airflow.providers.standard.hooks.subprocess.SubprocessHook"}
{"timestamp":"2025-07-04T15:59:56.751499","level":"info","event":"25/07/04 15:59:56 INFO DAGScheduler: Registering RDD 20 (count at NativeMethodAccessorImpl.java:0) as input to shuffle 0","logger":"airflow.task.hooks.airflow.providers.standard.hooks.subprocess.SubprocessHook"}
{"timestamp":"2025-07-04T15:59:56.753997","level":"info","event":"25/07/04 15:59:56 INFO DAGScheduler: Got job 3 (count at NativeMethodAccessorImpl.java:0) with 1 output partitions","logger":"airflow.task.hooks.airflow.providers.standard.hooks.subprocess.SubprocessHook"}
{"timestamp":"2025-07-04T15:59:56.754120","level":"info","event":"25/07/04 15:59:56 INFO DAGScheduler: Final stage: ResultStage 4 (count at NativeMethodAccessorImpl.java:0)","logger":"airflow.task.hooks.airflow.providers.standard.hooks.subprocess.SubprocessHook"}
{"timestamp":"2025-07-04T15:59:56.754183","level":"info","event":"25/07/04 15:59:56 INFO DAGScheduler: Parents of final stage: List(ShuffleMapStage 3)","logger":"airflow.task.hooks.airflow.providers.standard.hooks.subprocess.SubprocessHook"}
{"timestamp":"2025-07-04T15:59:56.755461","level":"info","event":"25/07/04 15:59:56 INFO DAGScheduler: Missing parents: List(ShuffleMapStage 3)","logger":"airflow.task.hooks.airflow.providers.standard.hooks.subprocess.SubprocessHook"}
{"timestamp":"2025-07-04T15:59:56.757427","level":"info","event":"25/07/04 15:59:56 INFO DAGScheduler: Submitting ShuffleMapStage 3 (MapPartitionsRDD[20] at count at NativeMethodAccessorImpl.java:0), which has no missing parents","logger":"airflow.task.hooks.airflow.providers.standard.hooks.subprocess.SubprocessHook"}
{"timestamp":"2025-07-04T15:59:56.766558","level":"info","event":"25/07/04 15:59:56 INFO MemoryStore: Block broadcast_7 stored as values in memory (estimated size 19.7 KiB, free 364.9 MiB)","logger":"airflow.task.hooks.airflow.providers.standard.hooks.subprocess.SubprocessHook"}
{"timestamp":"2025-07-04T15:59:56.772039","level":"info","event":"25/07/04 15:59:56 INFO MemoryStore: Block broadcast_7_piece0 stored as bytes in memory (estimated size 9.3 KiB, free 364.9 MiB)","logger":"airflow.task.hooks.airflow.providers.standard.hooks.subprocess.SubprocessHook"}
{"timestamp":"2025-07-04T15:59:56.773379","level":"info","event":"25/07/04 15:59:56 INFO BlockManagerInfo: Added broadcast_7_piece0 in memory on 140fb6801c8d:33327 (size: 9.3 KiB, free: 366.2 MiB)","logger":"airflow.task.hooks.airflow.providers.standard.hooks.subprocess.SubprocessHook"}
{"timestamp":"2025-07-04T15:59:56.773724","level":"info","event":"25/07/04 15:59:56 INFO SparkContext: Created broadcast 7 from broadcast at DAGScheduler.scala:1383","logger":"airflow.task.hooks.airflow.providers.standard.hooks.subprocess.SubprocessHook"}
{"timestamp":"2025-07-04T15:59:56.775448","level":"info","event":"25/07/04 15:59:56 INFO DAGScheduler: Submitting 1 missing tasks from ShuffleMapStage 3 (MapPartitionsRDD[20] at count at NativeMethodAccessorImpl.java:0) (first 15 tasks are for partitions Vector(0))","logger":"airflow.task.hooks.airflow.providers.standard.hooks.subprocess.SubprocessHook"}
{"timestamp":"2025-07-04T15:59:56.775611","level":"info","event":"25/07/04 15:59:56 INFO TaskSchedulerImpl: Adding task set 3.0 with 1 tasks resource profile 0","logger":"airflow.task.hooks.airflow.providers.standard.hooks.subprocess.SubprocessHook"}
{"timestamp":"2025-07-04T15:59:56.777958","level":"info","event":"25/07/04 15:59:56 INFO TaskSetManager: Starting task 0.0 in stage 3.0 (TID 3) (172.21.0.6, executor 0, partition 0, ANY, 4865 bytes) taskResourceAssignments Map()","logger":"airflow.task.hooks.airflow.providers.standard.hooks.subprocess.SubprocessHook"}
{"timestamp":"2025-07-04T15:59:56.793053","level":"info","event":"25/07/04 15:59:56 INFO BlockManagerInfo: Added broadcast_7_piece0 in memory on 172.21.0.6:33585 (size: 9.3 KiB, free: 366.2 MiB)","logger":"airflow.task.hooks.airflow.providers.standard.hooks.subprocess.SubprocessHook"}
{"timestamp":"2025-07-04T15:59:56.876317","level":"info","event":"25/07/04 15:59:56 INFO BlockManagerInfo: Added broadcast_6_piece0 in memory on 172.21.0.6:33585 (size: 27.6 KiB, free: 366.2 MiB)","logger":"airflow.task.hooks.airflow.providers.standard.hooks.subprocess.SubprocessHook"}
{"timestamp":"2025-07-04T15:59:56.942516","level":"info","event":"25/07/04 15:59:56 INFO TaskSetManager: Finished task 0.0 in stage 3.0 (TID 3) in 166 ms on 172.21.0.6 (executor 0) (1/1)","logger":"airflow.task.hooks.airflow.providers.standard.hooks.subprocess.SubprocessHook"}
{"timestamp":"2025-07-04T15:59:56.942706","level":"info","event":"25/07/04 15:59:56 INFO TaskSchedulerImpl: Removed TaskSet 3.0, whose tasks have all completed, from pool","logger":"airflow.task.hooks.airflow.providers.standard.hooks.subprocess.SubprocessHook"}
{"timestamp":"2025-07-04T15:59:56.945274","level":"info","event":"25/07/04 15:59:56 INFO DAGScheduler: ShuffleMapStage 3 (count at NativeMethodAccessorImpl.java:0) finished in 0.184 s","logger":"airflow.task.hooks.airflow.providers.standard.hooks.subprocess.SubprocessHook"}
{"timestamp":"2025-07-04T15:59:56.945532","level":"info","event":"25/07/04 15:59:56 INFO DAGScheduler: looking for newly runnable stages","logger":"airflow.task.hooks.airflow.providers.standard.hooks.subprocess.SubprocessHook"}
{"timestamp":"2025-07-04T15:59:56.945660","level":"info","event":"25/07/04 15:59:56 INFO DAGScheduler: running: Set()","logger":"airflow.task.hooks.airflow.providers.standard.hooks.subprocess.SubprocessHook"}
{"timestamp":"2025-07-04T15:59:56.945946","level":"info","event":"25/07/04 15:59:56 INFO DAGScheduler: waiting: Set(ResultStage 4)","logger":"airflow.task.hooks.airflow.providers.standard.hooks.subprocess.SubprocessHook"}
{"timestamp":"2025-07-04T15:59:56.946223","level":"info","event":"25/07/04 15:59:56 INFO DAGScheduler: failed: Set()","logger":"airflow.task.hooks.airflow.providers.standard.hooks.subprocess.SubprocessHook"}
{"timestamp":"2025-07-04T15:59:56.948746","level":"info","event":"25/07/04 15:59:56 INFO DAGScheduler: Submitting ResultStage 4 (MapPartitionsRDD[23] at count at NativeMethodAccessorImpl.java:0), which has no missing parents","logger":"airflow.task.hooks.airflow.providers.standard.hooks.subprocess.SubprocessHook"}
{"timestamp":"2025-07-04T15:59:56.955086","level":"info","event":"25/07/04 15:59:56 INFO MemoryStore: Block broadcast_8 stored as values in memory (estimated size 10.1 KiB, free 364.9 MiB)","logger":"airflow.task.hooks.airflow.providers.standard.hooks.subprocess.SubprocessHook"}
{"timestamp":"2025-07-04T15:59:56.959709","level":"info","event":"25/07/04 15:59:56 INFO MemoryStore: Block broadcast_8_piece0 stored as bytes in memory (estimated size 5.0 KiB, free 364.9 MiB)","logger":"airflow.task.hooks.airflow.providers.standard.hooks.subprocess.SubprocessHook"}
{"timestamp":"2025-07-04T15:59:56.960828","level":"info","event":"25/07/04 15:59:56 INFO BlockManagerInfo: Added broadcast_8_piece0 in memory on 140fb6801c8d:33327 (size: 5.0 KiB, free: 366.2 MiB)","logger":"airflow.task.hooks.airflow.providers.standard.hooks.subprocess.SubprocessHook"}
{"timestamp":"2025-07-04T15:59:56.961054","level":"info","event":"25/07/04 15:59:56 INFO SparkContext: Created broadcast 8 from broadcast at DAGScheduler.scala:1383","logger":"airflow.task.hooks.airflow.providers.standard.hooks.subprocess.SubprocessHook"}
{"timestamp":"2025-07-04T15:59:56.961638","level":"info","event":"25/07/04 15:59:56 INFO DAGScheduler: Submitting 1 missing tasks from ResultStage 4 (MapPartitionsRDD[23] at count at NativeMethodAccessorImpl.java:0) (first 15 tasks are for partitions Vector(0))","logger":"airflow.task.hooks.airflow.providers.standard.hooks.subprocess.SubprocessHook"}
{"timestamp":"2025-07-04T15:59:56.961728","level":"info","event":"25/07/04 15:59:56 INFO TaskSchedulerImpl: Adding task set 4.0 with 1 tasks resource profile 0","logger":"airflow.task.hooks.airflow.providers.standard.hooks.subprocess.SubprocessHook"}
{"timestamp":"2025-07-04T15:59:56.965324","level":"info","event":"25/07/04 15:59:56 INFO TaskSetManager: Starting task 0.0 in stage 4.0 (TID 4) (172.21.0.6, executor 0, partition 0, NODE_LOCAL, 4457 bytes) taskResourceAssignments Map()","logger":"airflow.task.hooks.airflow.providers.standard.hooks.subprocess.SubprocessHook"}
{"timestamp":"2025-07-04T15:59:56.980045","level":"info","event":"25/07/04 15:59:56 INFO BlockManagerInfo: Added broadcast_8_piece0 in memory on 172.21.0.6:33585 (size: 5.0 KiB, free: 366.2 MiB)","logger":"airflow.task.hooks.airflow.providers.standard.hooks.subprocess.SubprocessHook"}
{"timestamp":"2025-07-04T15:59:57.002080","level":"info","event":"25/07/04 15:59:57 INFO MapOutputTrackerMasterEndpoint: Asked to send map output locations for shuffle 0 to 172.21.0.6:47268","logger":"airflow.task.hooks.airflow.providers.standard.hooks.subprocess.SubprocessHook"}
{"timestamp":"2025-07-04T15:59:57.082997","level":"info","event":"25/07/04 15:59:57 INFO TaskSetManager: Finished task 0.0 in stage 4.0 (TID 4) in 119 ms on 172.21.0.6 (executor 0) (1/1)","logger":"airflow.task.hooks.airflow.providers.standard.hooks.subprocess.SubprocessHook"}
{"timestamp":"2025-07-04T15:59:57.083242","level":"info","event":"25/07/04 15:59:57 INFO TaskSchedulerImpl: Removed TaskSet 4.0, whose tasks have all completed, from pool","logger":"airflow.task.hooks.airflow.providers.standard.hooks.subprocess.SubprocessHook"}
{"timestamp":"2025-07-04T15:59:57.083687","level":"info","event":"25/07/04 15:59:57 INFO DAGScheduler: ResultStage 4 (count at NativeMethodAccessorImpl.java:0) finished in 0.130 s","logger":"airflow.task.hooks.airflow.providers.standard.hooks.subprocess.SubprocessHook"}
{"timestamp":"2025-07-04T15:59:57.084188","level":"info","event":"25/07/04 15:59:57 INFO DAGScheduler: Job 3 is finished. Cancelling potential speculative or zombie tasks for this job","logger":"airflow.task.hooks.airflow.providers.standard.hooks.subprocess.SubprocessHook"}
{"timestamp":"2025-07-04T15:59:57.084339","level":"info","event":"25/07/04 15:59:57 INFO TaskSchedulerImpl: Killing all running tasks in stage 4: Stage finished","logger":"airflow.task.hooks.airflow.providers.standard.hooks.subprocess.SubprocessHook"}
{"timestamp":"2025-07-04T15:59:57.084682","level":"info","event":"25/07/04 15:59:57 INFO DAGScheduler: Job 3 finished: count at NativeMethodAccessorImpl.java:0, took 0.335240 s","logger":"airflow.task.hooks.airflow.providers.standard.hooks.subprocess.SubprocessHook"}
{"timestamp":"2025-07-04T15:59:57.088520","level":"info","event":"Number of outliers in totalcharges: 154","logger":"airflow.task.hooks.airflow.providers.standard.hooks.subprocess.SubprocessHook"}
{"timestamp":"2025-07-04T15:59:57.196426","level":"info","event":"25/07/04 15:59:57 INFO BlockManagerInfo: Removed broadcast_8_piece0 on 140fb6801c8d:33327 in memory (size: 5.0 KiB, free: 366.2 MiB)","logger":"airflow.task.hooks.airflow.providers.standard.hooks.subprocess.SubprocessHook"}
{"timestamp":"2025-07-04T15:59:57.200028","level":"info","event":"25/07/04 15:59:57 INFO BlockManagerInfo: Removed broadcast_8_piece0 on 172.21.0.6:33585 in memory (size: 5.0 KiB, free: 366.2 MiB)","logger":"airflow.task.hooks.airflow.providers.standard.hooks.subprocess.SubprocessHook"}
{"timestamp":"2025-07-04T15:59:57.210861","level":"info","event":"25/07/04 15:59:57 INFO BlockManagerInfo: Removed broadcast_4_piece0 on 140fb6801c8d:33327 in memory (size: 27.6 KiB, free: 366.2 MiB)","logger":"airflow.task.hooks.airflow.providers.standard.hooks.subprocess.SubprocessHook"}
{"timestamp":"2025-07-04T15:59:57.213002","level":"info","event":"25/07/04 15:59:57 INFO BlockManagerInfo: Removed broadcast_4_piece0 on 172.21.0.6:33585 in memory (size: 27.6 KiB, free: 366.2 MiB)","logger":"airflow.task.hooks.airflow.providers.standard.hooks.subprocess.SubprocessHook"}
{"timestamp":"2025-07-04T15:59:57.216180","level":"info","event":"25/07/04 15:59:57 INFO FileSourceStrategy: Pushed Filters:","logger":"airflow.task.hooks.airflow.providers.standard.hooks.subprocess.SubprocessHook"}
{"timestamp":"2025-07-04T15:59:57.216320","level":"info","event":"25/07/04 15:59:57 INFO FileSourceStrategy: Post-Scan Filters:","logger":"airflow.task.hooks.airflow.providers.standard.hooks.subprocess.SubprocessHook"}
{"timestamp":"2025-07-04T15:59:57.216365","level":"info","event":"25/07/04 15:59:57 INFO FileSourceStrategy: Output Data Schema: struct<customerID: string, gender: string, SeniorCitizen: int, Partner: string, Dependents: string ... 19 more fields>","logger":"airflow.task.hooks.airflow.providers.standard.hooks.subprocess.SubprocessHook"}
{"timestamp":"2025-07-04T15:59:57.223561","level":"info","event":"25/07/04 15:59:57 INFO BlockManagerInfo: Removed broadcast_1_piece0 on 140fb6801c8d:33327 in memory (size: 5.4 KiB, free: 366.2 MiB)","logger":"airflow.task.hooks.airflow.providers.standard.hooks.subprocess.SubprocessHook"}
{"timestamp":"2025-07-04T15:59:57.225436","level":"info","event":"25/07/04 15:59:57 INFO BlockManagerInfo: Removed broadcast_1_piece0 on 172.21.0.6:33585 in memory (size: 5.4 KiB, free: 366.2 MiB)","logger":"airflow.task.hooks.airflow.providers.standard.hooks.subprocess.SubprocessHook"}
{"timestamp":"2025-07-04T15:59:57.233218","level":"info","event":"25/07/04 15:59:57 INFO BlockManagerInfo: Removed broadcast_7_piece0 on 140fb6801c8d:33327 in memory (size: 9.3 KiB, free: 366.2 MiB)","logger":"airflow.task.hooks.airflow.providers.standard.hooks.subprocess.SubprocessHook"}
{"timestamp":"2025-07-04T15:59:57.235910","level":"info","event":"25/07/04 15:59:57 INFO BlockManagerInfo: Removed broadcast_7_piece0 on 172.21.0.6:33585 in memory (size: 9.3 KiB, free: 366.2 MiB)","logger":"airflow.task.hooks.airflow.providers.standard.hooks.subprocess.SubprocessHook"}
{"timestamp":"2025-07-04T15:59:57.243578","level":"info","event":"25/07/04 15:59:57 INFO BlockManagerInfo: Removed broadcast_5_piece0 on 140fb6801c8d:33327 in memory (size: 9.8 KiB, free: 366.2 MiB)","logger":"airflow.task.hooks.airflow.providers.standard.hooks.subprocess.SubprocessHook"}
{"timestamp":"2025-07-04T15:59:57.245250","level":"info","event":"25/07/04 15:59:57 INFO BlockManagerInfo: Removed broadcast_5_piece0 on 172.21.0.6:33585 in memory (size: 9.8 KiB, free: 366.2 MiB)","logger":"airflow.task.hooks.airflow.providers.standard.hooks.subprocess.SubprocessHook"}
{"timestamp":"2025-07-04T15:59:57.252947","level":"info","event":"25/07/04 15:59:57 INFO BlockManagerInfo: Removed broadcast_3_piece0 on 140fb6801c8d:33327 in memory (size: 8.1 KiB, free: 366.2 MiB)","logger":"airflow.task.hooks.airflow.providers.standard.hooks.subprocess.SubprocessHook"}
{"timestamp":"2025-07-04T15:59:57.254765","level":"info","event":"25/07/04 15:59:57 INFO BlockManagerInfo: Removed broadcast_3_piece0 on 172.21.0.6:33585 in memory (size: 8.1 KiB, free: 366.2 MiB)","logger":"airflow.task.hooks.airflow.providers.standard.hooks.subprocess.SubprocessHook"}
{"timestamp":"2025-07-04T15:59:57.276534","level":"info","event":"25/07/04 15:59:57 INFO ParquetFileFormat: Using default output committer for Parquet: org.apache.parquet.hadoop.ParquetOutputCommitter","logger":"airflow.task.hooks.airflow.providers.standard.hooks.subprocess.SubprocessHook"}
{"timestamp":"2025-07-04T15:59:57.293459","level":"info","event":"25/07/04 15:59:57 INFO FileOutputCommitter: File Output Committer Algorithm version is 1","logger":"airflow.task.hooks.airflow.providers.standard.hooks.subprocess.SubprocessHook"}
{"timestamp":"2025-07-04T15:59:57.293618","level":"info","event":"25/07/04 15:59:57 INFO FileOutputCommitter: FileOutputCommitter skip cleanup _temporary folders under output directory:false, ignore cleanup failures: false","logger":"airflow.task.hooks.airflow.providers.standard.hooks.subprocess.SubprocessHook"}
{"timestamp":"2025-07-04T15:59:57.294323","level":"info","event":"25/07/04 15:59:57 INFO SQLHadoopMapReduceCommitProtocol: Using user defined output committer class org.apache.parquet.hadoop.ParquetOutputCommitter","logger":"airflow.task.hooks.airflow.providers.standard.hooks.subprocess.SubprocessHook"}
{"timestamp":"2025-07-04T15:59:57.294412","level":"info","event":"25/07/04 15:59:57 INFO FileOutputCommitter: File Output Committer Algorithm version is 1","logger":"airflow.task.hooks.airflow.providers.standard.hooks.subprocess.SubprocessHook"}
{"timestamp":"2025-07-04T15:59:57.294460","level":"info","event":"25/07/04 15:59:57 INFO FileOutputCommitter: FileOutputCommitter skip cleanup _temporary folders under output directory:false, ignore cleanup failures: false","logger":"airflow.task.hooks.airflow.providers.standard.hooks.subprocess.SubprocessHook"}
{"timestamp":"2025-07-04T15:59:57.295354","level":"info","event":"25/07/04 15:59:57 INFO SQLHadoopMapReduceCommitProtocol: Using output committer class org.apache.parquet.hadoop.ParquetOutputCommitter","logger":"airflow.task.hooks.airflow.providers.standard.hooks.subprocess.SubprocessHook"}
{"timestamp":"2025-07-04T15:59:57.349927","level":"info","event":"25/07/04 15:59:57 INFO CodeGenerator: Code generated in 26.905279 ms","logger":"airflow.task.hooks.airflow.providers.standard.hooks.subprocess.SubprocessHook"}
{"timestamp":"2025-07-04T15:59:57.353212","level":"info","event":"25/07/04 15:59:57 INFO MemoryStore: Block broadcast_9 stored as values in memory (estimated size 304.2 KiB, free 365.0 MiB)","logger":"airflow.task.hooks.airflow.providers.standard.hooks.subprocess.SubprocessHook"}
{"timestamp":"2025-07-04T15:59:57.359368","level":"info","event":"25/07/04 15:59:57 INFO MemoryStore: Block broadcast_9_piece0 stored as bytes in memory (estimated size 27.6 KiB, free 365.0 MiB)","logger":"airflow.task.hooks.airflow.providers.standard.hooks.subprocess.SubprocessHook"}
{"timestamp":"2025-07-04T15:59:57.360300","level":"info","event":"25/07/04 15:59:57 INFO BlockManagerInfo: Added broadcast_9_piece0 in memory on 140fb6801c8d:33327 (size: 27.6 KiB, free: 366.2 MiB)","logger":"airflow.task.hooks.airflow.providers.standard.hooks.subprocess.SubprocessHook"}
{"timestamp":"2025-07-04T15:59:57.360833","level":"info","event":"25/07/04 15:59:57 INFO SparkContext: Created broadcast 9 from parquet at NativeMethodAccessorImpl.java:0","logger":"airflow.task.hooks.airflow.providers.standard.hooks.subprocess.SubprocessHook"}
{"timestamp":"2025-07-04T15:59:57.361699","level":"info","event":"25/07/04 15:59:57 INFO FileSourceScanExec: Planning scan with bin packing, max size: 4194304 bytes, open cost is considered as scanning 4194304 bytes.","logger":"airflow.task.hooks.airflow.providers.standard.hooks.subprocess.SubprocessHook"}
{"timestamp":"2025-07-04T15:59:57.382590","level":"info","event":"25/07/04 15:59:57 INFO SparkContext: Starting job: parquet at NativeMethodAccessorImpl.java:0","logger":"airflow.task.hooks.airflow.providers.standard.hooks.subprocess.SubprocessHook"}
{"timestamp":"2025-07-04T15:59:57.383103","level":"info","event":"25/07/04 15:59:57 INFO DAGScheduler: Got job 4 (parquet at NativeMethodAccessorImpl.java:0) with 1 output partitions","logger":"airflow.task.hooks.airflow.providers.standard.hooks.subprocess.SubprocessHook"}
{"timestamp":"2025-07-04T15:59:57.383214","level":"info","event":"25/07/04 15:59:57 INFO DAGScheduler: Final stage: ResultStage 5 (parquet at NativeMethodAccessorImpl.java:0)","logger":"airflow.task.hooks.airflow.providers.standard.hooks.subprocess.SubprocessHook"}
{"timestamp":"2025-07-04T15:59:57.383267","level":"info","event":"25/07/04 15:59:57 INFO DAGScheduler: Parents of final stage: List()","logger":"airflow.task.hooks.airflow.providers.standard.hooks.subprocess.SubprocessHook"}
{"timestamp":"2025-07-04T15:59:57.383488","level":"info","event":"25/07/04 15:59:57 INFO DAGScheduler: Missing parents: List()","logger":"airflow.task.hooks.airflow.providers.standard.hooks.subprocess.SubprocessHook"}
{"timestamp":"2025-07-04T15:59:57.384331","level":"info","event":"25/07/04 15:59:57 INFO DAGScheduler: Submitting ResultStage 5 (MapPartitionsRDD[26] at parquet at NativeMethodAccessorImpl.java:0), which has no missing parents","logger":"airflow.task.hooks.airflow.providers.standard.hooks.subprocess.SubprocessHook"}
{"timestamp":"2025-07-04T15:59:57.396816","level":"info","event":"25/07/04 15:59:57 INFO MemoryStore: Block broadcast_10 stored as values in memory (estimated size 191.5 KiB, free 364.8 MiB)","logger":"airflow.task.hooks.airflow.providers.standard.hooks.subprocess.SubprocessHook"}
{"timestamp":"2025-07-04T15:59:57.399149","level":"info","event":"25/07/04 15:59:57 INFO MemoryStore: Block broadcast_10_piece0 stored as bytes in memory (estimated size 67.1 KiB, free 364.8 MiB)","logger":"airflow.task.hooks.airflow.providers.standard.hooks.subprocess.SubprocessHook"}
{"timestamp":"2025-07-04T15:59:57.399736","level":"info","event":"25/07/04 15:59:57 INFO BlockManagerInfo: Added broadcast_10_piece0 in memory on 140fb6801c8d:33327 (size: 67.1 KiB, free: 366.1 MiB)","logger":"airflow.task.hooks.airflow.providers.standard.hooks.subprocess.SubprocessHook"}
{"timestamp":"2025-07-04T15:59:57.400184","level":"info","event":"25/07/04 15:59:57 INFO SparkContext: Created broadcast 10 from broadcast at DAGScheduler.scala:1383","logger":"airflow.task.hooks.airflow.providers.standard.hooks.subprocess.SubprocessHook"}
{"timestamp":"2025-07-04T15:59:57.400531","level":"info","event":"25/07/04 15:59:57 INFO DAGScheduler: Submitting 1 missing tasks from ResultStage 5 (MapPartitionsRDD[26] at parquet at NativeMethodAccessorImpl.java:0) (first 15 tasks are for partitions Vector(0))","logger":"airflow.task.hooks.airflow.providers.standard.hooks.subprocess.SubprocessHook"}
{"timestamp":"2025-07-04T15:59:57.400615","level":"info","event":"25/07/04 15:59:57 INFO TaskSchedulerImpl: Adding task set 5.0 with 1 tasks resource profile 0","logger":"airflow.task.hooks.airflow.providers.standard.hooks.subprocess.SubprocessHook"}
{"timestamp":"2025-07-04T15:59:57.402342","level":"info","event":"25/07/04 15:59:57 INFO TaskSetManager: Starting task 0.0 in stage 5.0 (TID 5) (172.21.0.6, executor 0, partition 0, ANY, 4876 bytes) taskResourceAssignments Map()","logger":"airflow.task.hooks.airflow.providers.standard.hooks.subprocess.SubprocessHook"}
{"timestamp":"2025-07-04T15:59:57.415006","level":"info","event":"25/07/04 15:59:57 INFO BlockManagerInfo: Added broadcast_10_piece0 in memory on 172.21.0.6:33585 (size: 67.1 KiB, free: 366.2 MiB)","logger":"airflow.task.hooks.airflow.providers.standard.hooks.subprocess.SubprocessHook"}
{"timestamp":"2025-07-04T15:59:57.825757","level":"info","event":"25/07/04 15:59:57 INFO BlockManagerInfo: Added broadcast_9_piece0 in memory on 172.21.0.6:33585 (size: 27.6 KiB, free: 366.1 MiB)","logger":"airflow.task.hooks.airflow.providers.standard.hooks.subprocess.SubprocessHook"}
{"timestamp":"2025-07-04T15:59:58.212764","level":"info","event":"25/07/04 15:59:58 INFO TaskSetManager: Finished task 0.0 in stage 5.0 (TID 5) in 811 ms on 172.21.0.6 (executor 0) (1/1)","logger":"airflow.task.hooks.airflow.providers.standard.hooks.subprocess.SubprocessHook"}
{"timestamp":"2025-07-04T15:59:58.213048","level":"info","event":"25/07/04 15:59:58 INFO TaskSchedulerImpl: Removed TaskSet 5.0, whose tasks have all completed, from pool","logger":"airflow.task.hooks.airflow.providers.standard.hooks.subprocess.SubprocessHook"}
{"timestamp":"2025-07-04T15:59:58.213557","level":"info","event":"25/07/04 15:59:58 INFO DAGScheduler: ResultStage 5 (parquet at NativeMethodAccessorImpl.java:0) finished in 0.827 s","logger":"airflow.task.hooks.airflow.providers.standard.hooks.subprocess.SubprocessHook"}
{"timestamp":"2025-07-04T15:59:58.213695","level":"info","event":"25/07/04 15:59:58 INFO DAGScheduler: Job 4 is finished. Cancelling potential speculative or zombie tasks for this job","logger":"airflow.task.hooks.airflow.providers.standard.hooks.subprocess.SubprocessHook"}
{"timestamp":"2025-07-04T15:59:58.213821","level":"info","event":"25/07/04 15:59:58 INFO TaskSchedulerImpl: Killing all running tasks in stage 5: Stage finished","logger":"airflow.task.hooks.airflow.providers.standard.hooks.subprocess.SubprocessHook"}
{"timestamp":"2025-07-04T15:59:58.214580","level":"info","event":"25/07/04 15:59:58 INFO DAGScheduler: Job 4 finished: parquet at NativeMethodAccessorImpl.java:0, took 0.831865 s","logger":"airflow.task.hooks.airflow.providers.standard.hooks.subprocess.SubprocessHook"}
{"timestamp":"2025-07-04T15:59:58.277792","level":"info","event":"25/07/04 15:59:58 INFO FileFormatWriter: Write Job db4607a1-6d80-4b92-865f-51936665150c committed.","logger":"airflow.task.hooks.airflow.providers.standard.hooks.subprocess.SubprocessHook"}
{"timestamp":"2025-07-04T15:59:58.281040","level":"info","event":"25/07/04 15:59:58 INFO FileFormatWriter: Finished processing stats for write job db4607a1-6d80-4b92-865f-51936665150c.","logger":"airflow.task.hooks.airflow.providers.standard.hooks.subprocess.SubprocessHook"}
{"timestamp":"2025-07-04T15:59:58.387744","level":"info","event":"Traceback (most recent call last):","logger":"airflow.task.hooks.airflow.providers.standard.hooks.subprocess.SubprocessHook"}
{"timestamp":"2025-07-04T15:59:58.387989","level":"info","event":"  File \"/opt/spark-apps/get_clean.py\", line 68, in <module>","logger":"airflow.task.hooks.airflow.providers.standard.hooks.subprocess.SubprocessHook"}
{"timestamp":"2025-07-04T15:59:58.391864","level":"info","event":"    .mode(\"overwrite\")\\","logger":"airflow.task.hooks.airflow.providers.standard.hooks.subprocess.SubprocessHook"}
{"timestamp":"2025-07-04T15:59:58.392097","level":"info","event":"  File \"/opt/bitnami/spark/python/lib/pyspark.zip/pyspark/sql/readwriter.py\", line 1107, in save","logger":"airflow.task.hooks.airflow.providers.standard.hooks.subprocess.SubprocessHook"}
{"timestamp":"2025-07-04T15:59:58.392230","level":"info","event":"  File \"/opt/bitnami/spark/python/lib/py4j-0.10.9-src.zip/py4j/java_gateway.py\", line 1305, in __call__","logger":"airflow.task.hooks.airflow.providers.standard.hooks.subprocess.SubprocessHook"}
{"timestamp":"2025-07-04T15:59:58.392685","level":"info","event":"  File \"/opt/bitnami/spark/python/lib/pyspark.zip/pyspark/sql/utils.py\", line 111, in deco","logger":"airflow.task.hooks.airflow.providers.standard.hooks.subprocess.SubprocessHook"}
{"timestamp":"2025-07-04T15:59:58.393254","level":"info","event":"  File \"/opt/bitnami/spark/python/lib/py4j-0.10.9-src.zip/py4j/protocol.py\", line 328, in get_return_value","logger":"airflow.task.hooks.airflow.providers.standard.hooks.subprocess.SubprocessHook"}
{"timestamp":"2025-07-04T15:59:58.395178","level":"info","event":"py4j.protocol.Py4JJavaError: An error occurred while calling o116.save.","logger":"airflow.task.hooks.airflow.providers.standard.hooks.subprocess.SubprocessHook"}
{"timestamp":"2025-07-04T15:59:58.395341","level":"info","event":": org.postgresql.util.PSQLException: Connection to localhost:5432 refused. Check that the hostname and port are correct and that the postmaster is accepting TCP/IP connections.","logger":"airflow.task.hooks.airflow.providers.standard.hooks.subprocess.SubprocessHook"}
{"timestamp":"2025-07-04T15:59:58.395406","level":"info","event":"\tat org.postgresql.core.v3.ConnectionFactoryImpl.openConnectionImpl(ConnectionFactoryImpl.java:373)","logger":"airflow.task.hooks.airflow.providers.standard.hooks.subprocess.SubprocessHook"}
{"timestamp":"2025-07-04T15:59:58.395448","level":"info","event":"\tat org.postgresql.core.ConnectionFactory.openConnection(ConnectionFactory.java:57)","logger":"airflow.task.hooks.airflow.providers.standard.hooks.subprocess.SubprocessHook"}
{"timestamp":"2025-07-04T15:59:58.395714","level":"info","event":"\tat org.postgresql.jdbc.PgConnection.<init>(PgConnection.java:277)","logger":"airflow.task.hooks.airflow.providers.standard.hooks.subprocess.SubprocessHook"}
{"timestamp":"2025-07-04T15:59:58.395808","level":"info","event":"\tat org.postgresql.Driver.makeConnection(Driver.java:448)","logger":"airflow.task.hooks.airflow.providers.standard.hooks.subprocess.SubprocessHook"}
{"timestamp":"2025-07-04T15:59:58.395857","level":"info","event":"\tat org.postgresql.Driver.connect(Driver.java:298)","logger":"airflow.task.hooks.airflow.providers.standard.hooks.subprocess.SubprocessHook"}
{"timestamp":"2025-07-04T15:59:58.395898","level":"info","event":"\tat org.apache.spark.sql.execution.datasources.jdbc.connection.BasicConnectionProvider.getConnection(BasicConnectionProvider.scala:49)","logger":"airflow.task.hooks.airflow.providers.standard.hooks.subprocess.SubprocessHook"}
{"timestamp":"2025-07-04T15:59:58.395935","level":"info","event":"\tat org.apache.spark.sql.execution.datasources.jdbc.connection.ConnectionProvider$.create(ConnectionProvider.scala:63)","logger":"airflow.task.hooks.airflow.providers.standard.hooks.subprocess.SubprocessHook"}
{"timestamp":"2025-07-04T15:59:58.395972","level":"info","event":"\tat org.apache.spark.sql.execution.datasources.jdbc.JdbcUtils$.$anonfun$createConnectionFactory$1(JdbcUtils.scala:62)","logger":"airflow.task.hooks.airflow.providers.standard.hooks.subprocess.SubprocessHook"}
{"timestamp":"2025-07-04T15:59:58.396006","level":"info","event":"\tat org.apache.spark.sql.execution.datasources.jdbc.JdbcRelationProvider.createRelation(JdbcRelationProvider.scala:48)","logger":"airflow.task.hooks.airflow.providers.standard.hooks.subprocess.SubprocessHook"}
{"timestamp":"2025-07-04T15:59:58.396039","level":"info","event":"\tat org.apache.spark.sql.execution.datasources.SaveIntoDataSourceCommand.run(SaveIntoDataSourceCommand.scala:46)","logger":"airflow.task.hooks.airflow.providers.standard.hooks.subprocess.SubprocessHook"}
{"timestamp":"2025-07-04T15:59:58.396199","level":"info","event":"\tat org.apache.spark.sql.execution.command.ExecutedCommandExec.sideEffectResult$lzycompute(commands.scala:70)","logger":"airflow.task.hooks.airflow.providers.standard.hooks.subprocess.SubprocessHook"}
{"timestamp":"2025-07-04T15:59:58.396269","level":"info","event":"\tat org.apache.spark.sql.execution.command.ExecutedCommandExec.sideEffectResult(commands.scala:68)","logger":"airflow.task.hooks.airflow.providers.standard.hooks.subprocess.SubprocessHook"}
{"timestamp":"2025-07-04T15:59:58.396311","level":"info","event":"\tat org.apache.spark.sql.execution.command.ExecutedCommandExec.doExecute(commands.scala:90)","logger":"airflow.task.hooks.airflow.providers.standard.hooks.subprocess.SubprocessHook"}
{"timestamp":"2025-07-04T15:59:58.396337","level":"info","event":"\tat org.apache.spark.sql.execution.SparkPlan.$anonfun$execute$1(SparkPlan.scala:180)","logger":"airflow.task.hooks.airflow.providers.standard.hooks.subprocess.SubprocessHook"}
{"timestamp":"2025-07-04T15:59:58.396360","level":"info","event":"\tat org.apache.spark.sql.execution.SparkPlan.$anonfun$executeQuery$1(SparkPlan.scala:218)","logger":"airflow.task.hooks.airflow.providers.standard.hooks.subprocess.SubprocessHook"}
{"timestamp":"2025-07-04T15:59:58.396383","level":"info","event":"\tat org.apache.spark.rdd.RDDOperationScope$.withScope(RDDOperationScope.scala:151)","logger":"airflow.task.hooks.airflow.providers.standard.hooks.subprocess.SubprocessHook"}
{"timestamp":"2025-07-04T15:59:58.396406","level":"info","event":"\tat org.apache.spark.sql.execution.SparkPlan.executeQuery(SparkPlan.scala:215)","logger":"airflow.task.hooks.airflow.providers.standard.hooks.subprocess.SubprocessHook"}
{"timestamp":"2025-07-04T15:59:58.396428","level":"info","event":"\tat org.apache.spark.sql.execution.SparkPlan.execute(SparkPlan.scala:176)","logger":"airflow.task.hooks.airflow.providers.standard.hooks.subprocess.SubprocessHook"}
{"timestamp":"2025-07-04T15:59:58.396449","level":"info","event":"\tat org.apache.spark.sql.execution.QueryExecution.toRdd$lzycompute(QueryExecution.scala:132)","logger":"airflow.task.hooks.airflow.providers.standard.hooks.subprocess.SubprocessHook"}
{"timestamp":"2025-07-04T15:59:58.396472","level":"info","event":"\tat org.apache.spark.sql.execution.QueryExecution.toRdd(QueryExecution.scala:131)","logger":"airflow.task.hooks.airflow.providers.standard.hooks.subprocess.SubprocessHook"}
{"timestamp":"2025-07-04T15:59:58.396493","level":"info","event":"\tat org.apache.spark.sql.DataFrameWriter.$anonfun$runCommand$1(DataFrameWriter.scala:989)","logger":"airflow.task.hooks.airflow.providers.standard.hooks.subprocess.SubprocessHook"}
{"timestamp":"2025-07-04T15:59:58.396515","level":"info","event":"\tat org.apache.spark.sql.execution.SQLExecution$.$anonfun$withNewExecutionId$5(SQLExecution.scala:103)","logger":"airflow.task.hooks.airflow.providers.standard.hooks.subprocess.SubprocessHook"}
{"timestamp":"2025-07-04T15:59:58.396537","level":"info","event":"\tat org.apache.spark.sql.execution.SQLExecution$.withSQLConfPropagated(SQLExecution.scala:163)","logger":"airflow.task.hooks.airflow.providers.standard.hooks.subprocess.SubprocessHook"}
{"timestamp":"2025-07-04T15:59:58.396559","level":"info","event":"\tat org.apache.spark.sql.execution.SQLExecution$.$anonfun$withNewExecutionId$1(SQLExecution.scala:90)","logger":"airflow.task.hooks.airflow.providers.standard.hooks.subprocess.SubprocessHook"}
{"timestamp":"2025-07-04T15:59:58.396580","level":"info","event":"\tat org.apache.spark.sql.SparkSession.withActive(SparkSession.scala:772)","logger":"airflow.task.hooks.airflow.providers.standard.hooks.subprocess.SubprocessHook"}
{"timestamp":"2025-07-04T15:59:58.396616","level":"info","event":"\tat org.apache.spark.sql.execution.SQLExecution$.withNewExecutionId(SQLExecution.scala:64)","logger":"airflow.task.hooks.airflow.providers.standard.hooks.subprocess.SubprocessHook"}
{"timestamp":"2025-07-04T15:59:58.396659","level":"info","event":"\tat org.apache.spark.sql.DataFrameWriter.runCommand(DataFrameWriter.scala:989)","logger":"airflow.task.hooks.airflow.providers.standard.hooks.subprocess.SubprocessHook"}
{"timestamp":"2025-07-04T15:59:58.396682","level":"info","event":"\tat org.apache.spark.sql.DataFrameWriter.saveToV1Source(DataFrameWriter.scala:438)","logger":"airflow.task.hooks.airflow.providers.standard.hooks.subprocess.SubprocessHook"}
{"timestamp":"2025-07-04T15:59:58.396703","level":"info","event":"\tat org.apache.spark.sql.DataFrameWriter.saveInternal(DataFrameWriter.scala:415)","logger":"airflow.task.hooks.airflow.providers.standard.hooks.subprocess.SubprocessHook"}
{"timestamp":"2025-07-04T15:59:58.396723","level":"info","event":"\tat org.apache.spark.sql.DataFrameWriter.save(DataFrameWriter.scala:301)","logger":"airflow.task.hooks.airflow.providers.standard.hooks.subprocess.SubprocessHook"}
{"timestamp":"2025-07-04T15:59:58.396746","level":"info","event":"\tat sun.reflect.NativeMethodAccessorImpl.invoke0(Native Method)","logger":"airflow.task.hooks.airflow.providers.standard.hooks.subprocess.SubprocessHook"}
{"timestamp":"2025-07-04T15:59:58.396767","level":"info","event":"\tat sun.reflect.NativeMethodAccessorImpl.invoke(NativeMethodAccessorImpl.java:62)","logger":"airflow.task.hooks.airflow.providers.standard.hooks.subprocess.SubprocessHook"}
{"timestamp":"2025-07-04T15:59:58.396788","level":"info","event":"\tat sun.reflect.DelegatingMethodAccessorImpl.invoke(DelegatingMethodAccessorImpl.java:43)","logger":"airflow.task.hooks.airflow.providers.standard.hooks.subprocess.SubprocessHook"}
{"timestamp":"2025-07-04T15:59:58.396810","level":"info","event":"\tat java.lang.reflect.Method.invoke(Method.java:498)","logger":"airflow.task.hooks.airflow.providers.standard.hooks.subprocess.SubprocessHook"}
{"timestamp":"2025-07-04T15:59:58.396832","level":"info","event":"\tat py4j.reflection.MethodInvoker.invoke(MethodInvoker.java:244)","logger":"airflow.task.hooks.airflow.providers.standard.hooks.subprocess.SubprocessHook"}
{"timestamp":"2025-07-04T15:59:58.396854","level":"info","event":"\tat py4j.reflection.ReflectionEngine.invoke(ReflectionEngine.java:357)","logger":"airflow.task.hooks.airflow.providers.standard.hooks.subprocess.SubprocessHook"}
{"timestamp":"2025-07-04T15:59:58.396875","level":"info","event":"\tat py4j.Gateway.invoke(Gateway.java:282)","logger":"airflow.task.hooks.airflow.providers.standard.hooks.subprocess.SubprocessHook"}
{"timestamp":"2025-07-04T15:59:58.396897","level":"info","event":"\tat py4j.commands.AbstractCommand.invokeMethod(AbstractCommand.java:132)","logger":"airflow.task.hooks.airflow.providers.standard.hooks.subprocess.SubprocessHook"}
{"timestamp":"2025-07-04T15:59:58.396918","level":"info","event":"\tat py4j.commands.CallCommand.execute(CallCommand.java:79)","logger":"airflow.task.hooks.airflow.providers.standard.hooks.subprocess.SubprocessHook"}
{"timestamp":"2025-07-04T15:59:58.396941","level":"info","event":"\tat py4j.GatewayConnection.run(GatewayConnection.java:238)","logger":"airflow.task.hooks.airflow.providers.standard.hooks.subprocess.SubprocessHook"}
{"timestamp":"2025-07-04T15:59:58.396969","level":"info","event":"\tat java.lang.Thread.run(Thread.java:748)","logger":"airflow.task.hooks.airflow.providers.standard.hooks.subprocess.SubprocessHook"}
{"timestamp":"2025-07-04T15:59:58.396997","level":"info","event":"Caused by: java.net.ConnectException: Connection refused (Connection refused)","logger":"airflow.task.hooks.airflow.providers.standard.hooks.subprocess.SubprocessHook"}
{"timestamp":"2025-07-04T15:59:58.397025","level":"info","event":"\tat java.net.PlainSocketImpl.socketConnect(Native Method)","logger":"airflow.task.hooks.airflow.providers.standard.hooks.subprocess.SubprocessHook"}
{"timestamp":"2025-07-04T15:59:58.397052","level":"info","event":"\tat java.net.AbstractPlainSocketImpl.doConnect(AbstractPlainSocketImpl.java:350)","logger":"airflow.task.hooks.airflow.providers.standard.hooks.subprocess.SubprocessHook"}
{"timestamp":"2025-07-04T15:59:58.397080","level":"info","event":"\tat java.net.AbstractPlainSocketImpl.connectToAddress(AbstractPlainSocketImpl.java:206)","logger":"airflow.task.hooks.airflow.providers.standard.hooks.subprocess.SubprocessHook"}
{"timestamp":"2025-07-04T15:59:58.397103","level":"info","event":"\tat java.net.AbstractPlainSocketImpl.connect(AbstractPlainSocketImpl.java:188)","logger":"airflow.task.hooks.airflow.providers.standard.hooks.subprocess.SubprocessHook"}
{"timestamp":"2025-07-04T15:59:58.397132","level":"info","event":"\tat java.net.SocksSocketImpl.connect(SocksSocketImpl.java:392)","logger":"airflow.task.hooks.airflow.providers.standard.hooks.subprocess.SubprocessHook"}
{"timestamp":"2025-07-04T15:59:58.397153","level":"info","event":"\tat java.net.Socket.connect(Socket.java:607)","logger":"airflow.task.hooks.airflow.providers.standard.hooks.subprocess.SubprocessHook"}
{"timestamp":"2025-07-04T15:59:58.397175","level":"info","event":"\tat org.postgresql.core.PGStream.createSocket(PGStream.java:261)","logger":"airflow.task.hooks.airflow.providers.standard.hooks.subprocess.SubprocessHook"}
{"timestamp":"2025-07-04T15:59:58.397195","level":"info","event":"\tat org.postgresql.core.PGStream.<init>(PGStream.java:122)","logger":"airflow.task.hooks.airflow.providers.standard.hooks.subprocess.SubprocessHook"}
{"timestamp":"2025-07-04T15:59:58.397215","level":"info","event":"\tat org.postgresql.core.v3.ConnectionFactoryImpl.tryConnect(ConnectionFactoryImpl.java:146)","logger":"airflow.task.hooks.airflow.providers.standard.hooks.subprocess.SubprocessHook"}
{"timestamp":"2025-07-04T15:59:58.397236","level":"info","event":"\tat org.postgresql.core.v3.ConnectionFactoryImpl.openConnectionImpl(ConnectionFactoryImpl.java:289)","logger":"airflow.task.hooks.airflow.providers.standard.hooks.subprocess.SubprocessHook"}
{"timestamp":"2025-07-04T15:59:58.397257","level":"info","event":"\t... 40 more","logger":"airflow.task.hooks.airflow.providers.standard.hooks.subprocess.SubprocessHook"}
{"timestamp":"2025-07-04T15:59:58.397281","level":"info","event":"","logger":"airflow.task.hooks.airflow.providers.standard.hooks.subprocess.SubprocessHook"}
{"timestamp":"2025-07-04T15:59:58.429650","level":"info","event":"25/07/04 15:59:58 INFO SparkContext: Invoking stop() from shutdown hook","logger":"airflow.task.hooks.airflow.providers.standard.hooks.subprocess.SubprocessHook"}
{"timestamp":"2025-07-04T15:59:58.438913","level":"info","event":"25/07/04 15:59:58 INFO SparkUI: Stopped Spark web UI at http://140fb6801c8d:4040","logger":"airflow.task.hooks.airflow.providers.standard.hooks.subprocess.SubprocessHook"}
{"timestamp":"2025-07-04T15:59:58.441704","level":"info","event":"25/07/04 15:59:58 INFO StandaloneSchedulerBackend: Shutting down all executors","logger":"airflow.task.hooks.airflow.providers.standard.hooks.subprocess.SubprocessHook"}
{"timestamp":"2025-07-04T15:59:58.442019","level":"info","event":"25/07/04 15:59:58 INFO CoarseGrainedSchedulerBackend$DriverEndpoint: Asking each executor to shut down","logger":"airflow.task.hooks.airflow.providers.standard.hooks.subprocess.SubprocessHook"}
{"timestamp":"2025-07-04T15:59:58.461475","level":"info","event":"25/07/04 15:59:58 INFO MapOutputTrackerMasterEndpoint: MapOutputTrackerMasterEndpoint stopped!","logger":"airflow.task.hooks.airflow.providers.standard.hooks.subprocess.SubprocessHook"}
{"timestamp":"2025-07-04T15:59:58.474865","level":"info","event":"25/07/04 15:59:58 INFO MemoryStore: MemoryStore cleared","logger":"airflow.task.hooks.airflow.providers.standard.hooks.subprocess.SubprocessHook"}
{"timestamp":"2025-07-04T15:59:58.477169","level":"info","event":"25/07/04 15:59:58 INFO BlockManager: BlockManager stopped","logger":"airflow.task.hooks.airflow.providers.standard.hooks.subprocess.SubprocessHook"}
{"timestamp":"2025-07-04T15:59:58.482077","level":"info","event":"25/07/04 15:59:58 INFO BlockManagerMaster: BlockManagerMaster stopped","logger":"airflow.task.hooks.airflow.providers.standard.hooks.subprocess.SubprocessHook"}
{"timestamp":"2025-07-04T15:59:58.484667","level":"info","event":"25/07/04 15:59:58 INFO OutputCommitCoordinator$OutputCommitCoordinatorEndpoint: OutputCommitCoordinator stopped!","logger":"airflow.task.hooks.airflow.providers.standard.hooks.subprocess.SubprocessHook"}
{"timestamp":"2025-07-04T15:59:58.491259","level":"info","event":"25/07/04 15:59:58 INFO SparkContext: Successfully stopped SparkContext","logger":"airflow.task.hooks.airflow.providers.standard.hooks.subprocess.SubprocessHook"}
{"timestamp":"2025-07-04T15:59:58.491422","level":"info","event":"25/07/04 15:59:58 INFO ShutdownHookManager: Shutdown hook called","logger":"airflow.task.hooks.airflow.providers.standard.hooks.subprocess.SubprocessHook"}
{"timestamp":"2025-07-04T15:59:58.491604","level":"info","event":"25/07/04 15:59:58 INFO ShutdownHookManager: Deleting directory /tmp/spark-9a6ca03b-0802-476c-9fbb-4b7f29363ee4","logger":"airflow.task.hooks.airflow.providers.standard.hooks.subprocess.SubprocessHook"}
{"timestamp":"2025-07-04T15:59:58.495210","level":"info","event":"25/07/04 15:59:58 INFO ShutdownHookManager: Deleting directory /tmp/spark-9a6ca03b-0802-476c-9fbb-4b7f29363ee4/pyspark-283e937e-fe45-4de6-88a0-cebead5fad68","logger":"airflow.task.hooks.airflow.providers.standard.hooks.subprocess.SubprocessHook"}
{"timestamp":"2025-07-04T15:59:58.497770","level":"info","event":"25/07/04 15:59:58 INFO ShutdownHookManager: Deleting directory /tmp/spark-46736d20-ce38-4f26-ad99-4c2d95e2d572","logger":"airflow.task.hooks.airflow.providers.standard.hooks.subprocess.SubprocessHook"}
{"timestamp":"2025-07-04T15:59:58.663074","level":"info","event":"Command exited with return code 1","logger":"airflow.task.hooks.airflow.providers.standard.hooks.subprocess.SubprocessHook"}
{"timestamp":"2025-07-04T15:59:58.663539","level":"error","event":"Task failed with exception","logger":"task","error_detail":[{"exc_type":"AirflowException","exc_value":"Bash command failed. The command returned a non-zero exit code 1.","exc_notes":[],"syntax_error":null,"is_cause":false,"frames":[{"filename":"/home/airflow/.local/lib/python3.12/site-packages/airflow/sdk/execution_time/task_runner.py","lineno":825,"name":"run"},{"filename":"/home/airflow/.local/lib/python3.12/site-packages/airflow/sdk/execution_time/task_runner.py","lineno":1088,"name":"_execute_task"},{"filename":"/home/airflow/.local/lib/python3.12/site-packages/airflow/sdk/bases/operator.py","lineno":408,"name":"wrapper"},{"filename":"/home/airflow/.local/lib/python3.12/site-packages/airflow/providers/standard/operators/bash.py","lineno":233,"name":"execute"}]}]}
