{"timestamp":"2025-07-03T19:49:27.525246","level":"info","event":"DAG bundles loaded: dags-folder","logger":"airflow.dag_processing.bundles.manager.DagBundlesManager"}
{"timestamp":"2025-07-03T19:49:27.525693","level":"info","event":"Filling up the DagBag from /opt/airflow/dags/telco_to_hdfs_dag.py","logger":"airflow.models.dagbag.DagBag"}
{"timestamp":"2025-07-03T19:49:27.543844","level":"info","event":"Tmp dir root location: /tmp","logger":"airflow.task.hooks.airflow.providers.standard.hooks.subprocess.SubprocessHook"}
{"timestamp":"2025-07-03T19:49:27.544806","level":"info","event":"Running command: ['/usr/bin/bash', '-c', 'docker exec spark-master /spark/bin/spark-submit /opt/spark-apps/get_clean.py']","logger":"airflow.task.hooks.airflow.providers.standard.hooks.subprocess.SubprocessHook"}
{"timestamp":"2025-07-03T19:49:27.553079","level":"info","event":"Output:","logger":"airflow.task.hooks.airflow.providers.standard.hooks.subprocess.SubprocessHook"}
{"timestamp":"2025-07-03T19:49:28.947088","level":"info","event":"25/07/03 19:49:28 WARN NativeCodeLoader: Unable to load native-hadoop library for your platform... using builtin-java classes where applicable","logger":"airflow.task.hooks.airflow.providers.standard.hooks.subprocess.SubprocessHook"}
{"timestamp":"2025-07-03T19:49:29.474117","level":"info","event":"Using Spark's default log4j profile: org/apache/spark/log4j-defaults.properties","logger":"airflow.task.hooks.airflow.providers.standard.hooks.subprocess.SubprocessHook"}
{"timestamp":"2025-07-03T19:49:29.481785","level":"info","event":"25/07/03 19:49:29 INFO SparkContext: Running Spark version 3.1.1","logger":"airflow.task.hooks.airflow.providers.standard.hooks.subprocess.SubprocessHook"}
{"timestamp":"2025-07-03T19:49:29.516357","level":"info","event":"25/07/03 19:49:29 INFO ResourceUtils: ==============================================================","logger":"airflow.task.hooks.airflow.providers.standard.hooks.subprocess.SubprocessHook"}
{"timestamp":"2025-07-03T19:49:29.516579","level":"info","event":"25/07/03 19:49:29 INFO ResourceUtils: No custom resources configured for spark.driver.","logger":"airflow.task.hooks.airflow.providers.standard.hooks.subprocess.SubprocessHook"}
{"timestamp":"2025-07-03T19:49:29.517193","level":"info","event":"25/07/03 19:49:29 INFO ResourceUtils: ==============================================================","logger":"airflow.task.hooks.airflow.providers.standard.hooks.subprocess.SubprocessHook"}
{"timestamp":"2025-07-03T19:49:29.518331","level":"info","event":"25/07/03 19:49:29 INFO SparkContext: Submitted application: TelcoExploration","logger":"airflow.task.hooks.airflow.providers.standard.hooks.subprocess.SubprocessHook"}
{"timestamp":"2025-07-03T19:49:29.540414","level":"info","event":"25/07/03 19:49:29 INFO ResourceProfile: Default ResourceProfile created, executor resources: Map(cores -> name: cores, amount: 1, script: , vendor: , memory -> name: memory, amount: 1024, script: , vendor: , offHeap -> name: offHeap, amount: 0, script: , vendor: ), task resources: Map(cpus -> name: cpus, amount: 1.0)","logger":"airflow.task.hooks.airflow.providers.standard.hooks.subprocess.SubprocessHook"}
{"timestamp":"2025-07-03T19:49:29.553019","level":"info","event":"25/07/03 19:49:29 INFO ResourceProfile: Limiting resource is cpu","logger":"airflow.task.hooks.airflow.providers.standard.hooks.subprocess.SubprocessHook"}
{"timestamp":"2025-07-03T19:49:29.553182","level":"info","event":"25/07/03 19:49:29 INFO ResourceProfileManager: Added ResourceProfile id: 0","logger":"airflow.task.hooks.airflow.providers.standard.hooks.subprocess.SubprocessHook"}
{"timestamp":"2025-07-03T19:49:29.600376","level":"info","event":"25/07/03 19:49:29 INFO SecurityManager: Changing view acls to: root","logger":"airflow.task.hooks.airflow.providers.standard.hooks.subprocess.SubprocessHook"}
{"timestamp":"2025-07-03T19:49:29.600578","level":"info","event":"25/07/03 19:49:29 INFO SecurityManager: Changing modify acls to: root","logger":"airflow.task.hooks.airflow.providers.standard.hooks.subprocess.SubprocessHook"}
{"timestamp":"2025-07-03T19:49:29.600665","level":"info","event":"25/07/03 19:49:29 INFO SecurityManager: Changing view acls groups to:","logger":"airflow.task.hooks.airflow.providers.standard.hooks.subprocess.SubprocessHook"}
{"timestamp":"2025-07-03T19:49:29.600717","level":"info","event":"25/07/03 19:49:29 INFO SecurityManager: Changing modify acls groups to:","logger":"airflow.task.hooks.airflow.providers.standard.hooks.subprocess.SubprocessHook"}
{"timestamp":"2025-07-03T19:49:29.600770","level":"info","event":"25/07/03 19:49:29 INFO SecurityManager: SecurityManager: authentication disabled; ui acls disabled; users  with view permissions: Set(root); groups with view permissions: Set(); users  with modify permissions: Set(root); groups with modify permissions: Set()","logger":"airflow.task.hooks.airflow.providers.standard.hooks.subprocess.SubprocessHook"}
{"timestamp":"2025-07-03T19:49:29.785829","level":"info","event":"25/07/03 19:49:29 INFO Utils: Successfully started service 'sparkDriver' on port 42521.","logger":"airflow.task.hooks.airflow.providers.standard.hooks.subprocess.SubprocessHook"}
{"timestamp":"2025-07-03T19:49:29.812480","level":"info","event":"25/07/03 19:49:29 INFO SparkEnv: Registering MapOutputTracker","logger":"airflow.task.hooks.airflow.providers.standard.hooks.subprocess.SubprocessHook"}
{"timestamp":"2025-07-03T19:49:29.840124","level":"info","event":"25/07/03 19:49:29 INFO SparkEnv: Registering BlockManagerMaster","logger":"airflow.task.hooks.airflow.providers.standard.hooks.subprocess.SubprocessHook"}
{"timestamp":"2025-07-03T19:49:29.858418","level":"info","event":"25/07/03 19:49:29 INFO BlockManagerMasterEndpoint: Using org.apache.spark.storage.DefaultTopologyMapper for getting topology information","logger":"airflow.task.hooks.airflow.providers.standard.hooks.subprocess.SubprocessHook"}
{"timestamp":"2025-07-03T19:49:29.858627","level":"info","event":"25/07/03 19:49:29 INFO BlockManagerMasterEndpoint: BlockManagerMasterEndpoint up","logger":"airflow.task.hooks.airflow.providers.standard.hooks.subprocess.SubprocessHook"}
{"timestamp":"2025-07-03T19:49:29.862429","level":"info","event":"25/07/03 19:49:29 INFO SparkEnv: Registering BlockManagerMasterHeartbeat","logger":"airflow.task.hooks.airflow.providers.standard.hooks.subprocess.SubprocessHook"}
{"timestamp":"2025-07-03T19:49:29.875993","level":"info","event":"25/07/03 19:49:29 INFO DiskBlockManager: Created local directory at /tmp/blockmgr-14b6d926-61bd-4b38-9c38-a40d232fdeaa","logger":"airflow.task.hooks.airflow.providers.standard.hooks.subprocess.SubprocessHook"}
{"timestamp":"2025-07-03T19:49:29.899219","level":"info","event":"25/07/03 19:49:29 INFO MemoryStore: MemoryStore started with capacity 366.3 MiB","logger":"airflow.task.hooks.airflow.providers.standard.hooks.subprocess.SubprocessHook"}
{"timestamp":"2025-07-03T19:49:29.918498","level":"info","event":"25/07/03 19:49:29 INFO SparkEnv: Registering OutputCommitCoordinator","logger":"airflow.task.hooks.airflow.providers.standard.hooks.subprocess.SubprocessHook"}
{"timestamp":"2025-07-03T19:49:30.163688","level":"info","event":"25/07/03 19:49:30 INFO Utils: Successfully started service 'SparkUI' on port 4040.","logger":"airflow.task.hooks.airflow.providers.standard.hooks.subprocess.SubprocessHook"}
{"timestamp":"2025-07-03T19:49:30.215523","level":"info","event":"25/07/03 19:49:30 INFO SparkUI: Bound SparkUI to 0.0.0.0, and started at http://a5088bcdb211:4040","logger":"airflow.task.hooks.airflow.providers.standard.hooks.subprocess.SubprocessHook"}
{"timestamp":"2025-07-03T19:49:30.409407","level":"info","event":"25/07/03 19:49:30 INFO StandaloneAppClient$ClientEndpoint: Connecting to master spark://spark-master:7077...","logger":"airflow.task.hooks.airflow.providers.standard.hooks.subprocess.SubprocessHook"}
{"timestamp":"2025-07-03T19:49:30.456422","level":"info","event":"25/07/03 19:49:30 INFO TransportClientFactory: Successfully created connection to spark-master/172.21.0.2:7077 after 25 ms (0 ms spent in bootstraps)","logger":"airflow.task.hooks.airflow.providers.standard.hooks.subprocess.SubprocessHook"}
{"timestamp":"2025-07-03T19:49:30.579876","level":"info","event":"25/07/03 19:49:30 INFO StandaloneSchedulerBackend: Connected to Spark cluster with app ID app-20250703194930-0000","logger":"airflow.task.hooks.airflow.providers.standard.hooks.subprocess.SubprocessHook"}
{"timestamp":"2025-07-03T19:49:30.588740","level":"info","event":"25/07/03 19:49:30 INFO Utils: Successfully started service 'org.apache.spark.network.netty.NettyBlockTransferService' on port 42719.","logger":"airflow.task.hooks.airflow.providers.standard.hooks.subprocess.SubprocessHook"}
{"timestamp":"2025-07-03T19:49:30.588943","level":"info","event":"25/07/03 19:49:30 INFO NettyBlockTransferService: Server created on a5088bcdb211:42719","logger":"airflow.task.hooks.airflow.providers.standard.hooks.subprocess.SubprocessHook"}
{"timestamp":"2025-07-03T19:49:30.591051","level":"info","event":"25/07/03 19:49:30 INFO BlockManager: Using org.apache.spark.storage.RandomBlockReplicationPolicy for block replication policy","logger":"airflow.task.hooks.airflow.providers.standard.hooks.subprocess.SubprocessHook"}
{"timestamp":"2025-07-03T19:49:30.597986","level":"info","event":"25/07/03 19:49:30 INFO BlockManagerMaster: Registering BlockManager BlockManagerId(driver, a5088bcdb211, 42719, None)","logger":"airflow.task.hooks.airflow.providers.standard.hooks.subprocess.SubprocessHook"}
{"timestamp":"2025-07-03T19:49:30.600798","level":"info","event":"25/07/03 19:49:30 INFO BlockManagerMasterEndpoint: Registering block manager a5088bcdb211:42719 with 366.3 MiB RAM, BlockManagerId(driver, a5088bcdb211, 42719, None)","logger":"airflow.task.hooks.airflow.providers.standard.hooks.subprocess.SubprocessHook"}
{"timestamp":"2025-07-03T19:49:30.603496","level":"info","event":"25/07/03 19:49:30 INFO BlockManagerMaster: Registered BlockManager BlockManagerId(driver, a5088bcdb211, 42719, None)","logger":"airflow.task.hooks.airflow.providers.standard.hooks.subprocess.SubprocessHook"}
{"timestamp":"2025-07-03T19:49:30.604540","level":"info","event":"25/07/03 19:49:30 INFO BlockManager: Initialized BlockManager: BlockManagerId(driver, a5088bcdb211, 42719, None)","logger":"airflow.task.hooks.airflow.providers.standard.hooks.subprocess.SubprocessHook"}
{"timestamp":"2025-07-03T19:49:30.616761","level":"info","event":"25/07/03 19:49:30 INFO StandaloneAppClient$ClientEndpoint: Executor added: app-20250703194930-0000/0 on worker-20250703194739-172.21.0.5-42345 (172.21.0.5:42345) with 12 core(s)","logger":"airflow.task.hooks.airflow.providers.standard.hooks.subprocess.SubprocessHook"}
{"timestamp":"2025-07-03T19:49:30.618747","level":"info","event":"25/07/03 19:49:30 INFO StandaloneSchedulerBackend: Granted executor ID app-20250703194930-0000/0 on hostPort 172.21.0.5:42345 with 12 core(s), 1024.0 MiB RAM","logger":"airflow.task.hooks.airflow.providers.standard.hooks.subprocess.SubprocessHook"}
{"timestamp":"2025-07-03T19:49:30.743993","level":"info","event":"25/07/03 19:49:30 INFO StandaloneAppClient$ClientEndpoint: Executor updated: app-20250703194930-0000/0 is now RUNNING","logger":"airflow.task.hooks.airflow.providers.standard.hooks.subprocess.SubprocessHook"}
{"timestamp":"2025-07-03T19:49:30.797923","level":"info","event":"25/07/03 19:49:30 INFO StandaloneSchedulerBackend: SchedulerBackend is ready for scheduling beginning after reached minRegisteredResourcesRatio: 0.0","logger":"airflow.task.hooks.airflow.providers.standard.hooks.subprocess.SubprocessHook"}
{"timestamp":"2025-07-03T19:49:31.141682","level":"info","event":"25/07/03 19:49:31 INFO SharedState: Setting hive.metastore.warehouse.dir ('null') to the value of spark.sql.warehouse.dir ('file:/spark-warehouse').","logger":"airflow.task.hooks.airflow.providers.standard.hooks.subprocess.SubprocessHook"}
{"timestamp":"2025-07-03T19:49:31.141991","level":"info","event":"25/07/03 19:49:31 INFO SharedState: Warehouse path is 'file:/spark-warehouse'.","logger":"airflow.task.hooks.airflow.providers.standard.hooks.subprocess.SubprocessHook"}
{"timestamp":"2025-07-03T19:49:32.497569","level":"info","event":"25/07/03 19:49:32 INFO InMemoryFileIndex: It took 62 ms to list leaf files for 1 paths.","logger":"airflow.task.hooks.airflow.providers.standard.hooks.subprocess.SubprocessHook"}
{"timestamp":"2025-07-03T19:49:32.568560","level":"info","event":"25/07/03 19:49:32 INFO InMemoryFileIndex: It took 6 ms to list leaf files for 1 paths.","logger":"airflow.task.hooks.airflow.providers.standard.hooks.subprocess.SubprocessHook"}
{"timestamp":"2025-07-03T19:49:32.867375","level":"info","event":"25/07/03 19:49:32 INFO CoarseGrainedSchedulerBackend$DriverEndpoint: Registered executor NettyRpcEndpointRef(spark-client://Executor) (172.21.0.5:34818) with ID 0,  ResourceProfileId 0","logger":"airflow.task.hooks.airflow.providers.standard.hooks.subprocess.SubprocessHook"}
{"timestamp":"2025-07-03T19:49:32.973363","level":"info","event":"25/07/03 19:49:32 INFO BlockManagerMasterEndpoint: Registering block manager 172.21.0.5:44535 with 366.3 MiB RAM, BlockManagerId(0, 172.21.0.5, 44535, None)","logger":"airflow.task.hooks.airflow.providers.standard.hooks.subprocess.SubprocessHook"}
{"timestamp":"2025-07-03T19:49:34.378075","level":"info","event":"25/07/03 19:49:34 INFO FileSourceStrategy: Pushed Filters:","logger":"airflow.task.hooks.airflow.providers.standard.hooks.subprocess.SubprocessHook"}
{"timestamp":"2025-07-03T19:49:34.381589","level":"info","event":"25/07/03 19:49:34 INFO FileSourceStrategy: Post-Scan Filters: (length(trim(value#0, None)) > 0)","logger":"airflow.task.hooks.airflow.providers.standard.hooks.subprocess.SubprocessHook"}
{"timestamp":"2025-07-03T19:49:34.384209","level":"info","event":"25/07/03 19:49:34 INFO FileSourceStrategy: Output Data Schema: struct<value: string>","logger":"airflow.task.hooks.airflow.providers.standard.hooks.subprocess.SubprocessHook"}
{"timestamp":"2025-07-03T19:49:35.030254","level":"info","event":"25/07/03 19:49:35 INFO CodeGenerator: Code generated in 238.690975 ms","logger":"airflow.task.hooks.airflow.providers.standard.hooks.subprocess.SubprocessHook"}
{"timestamp":"2025-07-03T19:49:35.078499","level":"info","event":"25/07/03 19:49:35 INFO MemoryStore: Block broadcast_0 stored as values in memory (estimated size 303.8 KiB, free 366.0 MiB)","logger":"airflow.task.hooks.airflow.providers.standard.hooks.subprocess.SubprocessHook"}
{"timestamp":"2025-07-03T19:49:35.136133","level":"info","event":"25/07/03 19:49:35 INFO MemoryStore: Block broadcast_0_piece0 stored as bytes in memory (estimated size 27.5 KiB, free 366.0 MiB)","logger":"airflow.task.hooks.airflow.providers.standard.hooks.subprocess.SubprocessHook"}
{"timestamp":"2025-07-03T19:49:35.139555","level":"info","event":"25/07/03 19:49:35 INFO BlockManagerInfo: Added broadcast_0_piece0 in memory on a5088bcdb211:42719 (size: 27.5 KiB, free: 366.3 MiB)","logger":"airflow.task.hooks.airflow.providers.standard.hooks.subprocess.SubprocessHook"}
{"timestamp":"2025-07-03T19:49:35.142724","level":"info","event":"25/07/03 19:49:35 INFO SparkContext: Created broadcast 0 from csv at NativeMethodAccessorImpl.java:0","logger":"airflow.task.hooks.airflow.providers.standard.hooks.subprocess.SubprocessHook"}
{"timestamp":"2025-07-03T19:49:35.150470","level":"info","event":"25/07/03 19:49:35 INFO FileSourceScanExec: Planning scan with bin packing, max size: 4194304 bytes, open cost is considered as scanning 4194304 bytes.","logger":"airflow.task.hooks.airflow.providers.standard.hooks.subprocess.SubprocessHook"}
{"timestamp":"2025-07-03T19:49:35.243324","level":"info","event":"25/07/03 19:49:35 INFO SparkContext: Starting job: csv at NativeMethodAccessorImpl.java:0","logger":"airflow.task.hooks.airflow.providers.standard.hooks.subprocess.SubprocessHook"}
{"timestamp":"2025-07-03T19:49:35.255813","level":"info","event":"25/07/03 19:49:35 INFO DAGScheduler: Got job 0 (csv at NativeMethodAccessorImpl.java:0) with 1 output partitions","logger":"airflow.task.hooks.airflow.providers.standard.hooks.subprocess.SubprocessHook"}
{"timestamp":"2025-07-03T19:49:35.255964","level":"info","event":"25/07/03 19:49:35 INFO DAGScheduler: Final stage: ResultStage 0 (csv at NativeMethodAccessorImpl.java:0)","logger":"airflow.task.hooks.airflow.providers.standard.hooks.subprocess.SubprocessHook"}
{"timestamp":"2025-07-03T19:49:35.256020","level":"info","event":"25/07/03 19:49:35 INFO DAGScheduler: Parents of final stage: List()","logger":"airflow.task.hooks.airflow.providers.standard.hooks.subprocess.SubprocessHook"}
{"timestamp":"2025-07-03T19:49:35.257607","level":"info","event":"25/07/03 19:49:35 INFO DAGScheduler: Missing parents: List()","logger":"airflow.task.hooks.airflow.providers.standard.hooks.subprocess.SubprocessHook"}
{"timestamp":"2025-07-03T19:49:35.261294","level":"info","event":"25/07/03 19:49:35 INFO DAGScheduler: Submitting ResultStage 0 (MapPartitionsRDD[3] at csv at NativeMethodAccessorImpl.java:0), which has no missing parents","logger":"airflow.task.hooks.airflow.providers.standard.hooks.subprocess.SubprocessHook"}
{"timestamp":"2025-07-03T19:49:35.313365","level":"info","event":"25/07/03 19:49:35 INFO MemoryStore: Block broadcast_1 stored as values in memory (estimated size 10.8 KiB, free 366.0 MiB)","logger":"airflow.task.hooks.airflow.providers.standard.hooks.subprocess.SubprocessHook"}
{"timestamp":"2025-07-03T19:49:35.316084","level":"info","event":"25/07/03 19:49:35 INFO MemoryStore: Block broadcast_1_piece0 stored as bytes in memory (estimated size 5.4 KiB, free 366.0 MiB)","logger":"airflow.task.hooks.airflow.providers.standard.hooks.subprocess.SubprocessHook"}
{"timestamp":"2025-07-03T19:49:35.316809","level":"info","event":"25/07/03 19:49:35 INFO BlockManagerInfo: Added broadcast_1_piece0 in memory on a5088bcdb211:42719 (size: 5.4 KiB, free: 366.3 MiB)","logger":"airflow.task.hooks.airflow.providers.standard.hooks.subprocess.SubprocessHook"}
{"timestamp":"2025-07-03T19:49:35.317339","level":"info","event":"25/07/03 19:49:35 INFO SparkContext: Created broadcast 1 from broadcast at DAGScheduler.scala:1383","logger":"airflow.task.hooks.airflow.providers.standard.hooks.subprocess.SubprocessHook"}
{"timestamp":"2025-07-03T19:49:35.329750","level":"info","event":"25/07/03 19:49:35 INFO DAGScheduler: Submitting 1 missing tasks from ResultStage 0 (MapPartitionsRDD[3] at csv at NativeMethodAccessorImpl.java:0) (first 15 tasks are for partitions Vector(0))","logger":"airflow.task.hooks.airflow.providers.standard.hooks.subprocess.SubprocessHook"}
{"timestamp":"2025-07-03T19:49:35.330065","level":"info","event":"25/07/03 19:49:35 INFO TaskSchedulerImpl: Adding task set 0.0 with 1 tasks resource profile 0","logger":"airflow.task.hooks.airflow.providers.standard.hooks.subprocess.SubprocessHook"}
{"timestamp":"2025-07-03T19:49:35.365535","level":"info","event":"25/07/03 19:49:35 INFO TaskSetManager: Starting task 0.0 in stage 0.0 (TID 0) (172.21.0.5, executor 0, partition 0, ANY, 4876 bytes) taskResourceAssignments Map()","logger":"airflow.task.hooks.airflow.providers.standard.hooks.subprocess.SubprocessHook"}
{"timestamp":"2025-07-03T19:49:35.610088","level":"info","event":"25/07/03 19:49:35 INFO BlockManagerInfo: Added broadcast_1_piece0 in memory on 172.21.0.5:44535 (size: 5.4 KiB, free: 366.3 MiB)","logger":"airflow.task.hooks.airflow.providers.standard.hooks.subprocess.SubprocessHook"}
{"timestamp":"2025-07-03T19:49:36.450655","level":"info","event":"25/07/03 19:49:36 INFO BlockManagerInfo: Added broadcast_0_piece0 in memory on 172.21.0.5:44535 (size: 27.5 KiB, free: 366.3 MiB)","logger":"airflow.task.hooks.airflow.providers.standard.hooks.subprocess.SubprocessHook"}
{"timestamp":"2025-07-03T19:49:37.205826","level":"info","event":"25/07/03 19:49:37 INFO TaskSetManager: Finished task 0.0 in stage 0.0 (TID 0) in 1851 ms on 172.21.0.5 (executor 0) (1/1)","logger":"airflow.task.hooks.airflow.providers.standard.hooks.subprocess.SubprocessHook"}
{"timestamp":"2025-07-03T19:49:37.207549","level":"info","event":"25/07/03 19:49:37 INFO TaskSchedulerImpl: Removed TaskSet 0.0, whose tasks have all completed, from pool","logger":"airflow.task.hooks.airflow.providers.standard.hooks.subprocess.SubprocessHook"}
{"timestamp":"2025-07-03T19:49:37.216766","level":"info","event":"25/07/03 19:49:37 INFO DAGScheduler: ResultStage 0 (csv at NativeMethodAccessorImpl.java:0) finished in 1.940 s","logger":"airflow.task.hooks.airflow.providers.standard.hooks.subprocess.SubprocessHook"}
{"timestamp":"2025-07-03T19:49:37.220740","level":"info","event":"25/07/03 19:49:37 INFO DAGScheduler: Job 0 is finished. Cancelling potential speculative or zombie tasks for this job","logger":"airflow.task.hooks.airflow.providers.standard.hooks.subprocess.SubprocessHook"}
{"timestamp":"2025-07-03T19:49:37.221411","level":"info","event":"25/07/03 19:49:37 INFO TaskSchedulerImpl: Killing all running tasks in stage 0: Stage finished","logger":"airflow.task.hooks.airflow.providers.standard.hooks.subprocess.SubprocessHook"}
{"timestamp":"2025-07-03T19:49:37.223949","level":"info","event":"25/07/03 19:49:37 INFO DAGScheduler: Job 0 finished: csv at NativeMethodAccessorImpl.java:0, took 1.980357 s","logger":"airflow.task.hooks.airflow.providers.standard.hooks.subprocess.SubprocessHook"}
{"timestamp":"2025-07-03T19:49:37.246523","level":"info","event":"25/07/03 19:49:37 INFO CodeGenerator: Code generated in 10.372983 ms","logger":"airflow.task.hooks.airflow.providers.standard.hooks.subprocess.SubprocessHook"}
{"timestamp":"2025-07-03T19:49:37.291851","level":"info","event":"25/07/03 19:49:37 INFO FileSourceStrategy: Pushed Filters:","logger":"airflow.task.hooks.airflow.providers.standard.hooks.subprocess.SubprocessHook"}
{"timestamp":"2025-07-03T19:49:37.292024","level":"info","event":"25/07/03 19:49:37 INFO FileSourceStrategy: Post-Scan Filters:","logger":"airflow.task.hooks.airflow.providers.standard.hooks.subprocess.SubprocessHook"}
{"timestamp":"2025-07-03T19:49:37.292089","level":"info","event":"25/07/03 19:49:37 INFO FileSourceStrategy: Output Data Schema: struct<value: string>","logger":"airflow.task.hooks.airflow.providers.standard.hooks.subprocess.SubprocessHook"}
{"timestamp":"2025-07-03T19:49:37.299926","level":"info","event":"25/07/03 19:49:37 INFO MemoryStore: Block broadcast_2 stored as values in memory (estimated size 303.8 KiB, free 365.7 MiB)","logger":"airflow.task.hooks.airflow.providers.standard.hooks.subprocess.SubprocessHook"}
{"timestamp":"2025-07-03T19:49:37.323729","level":"info","event":"25/07/03 19:49:37 INFO MemoryStore: Block broadcast_2_piece0 stored as bytes in memory (estimated size 27.5 KiB, free 365.6 MiB)","logger":"airflow.task.hooks.airflow.providers.standard.hooks.subprocess.SubprocessHook"}
{"timestamp":"2025-07-03T19:49:37.324254","level":"info","event":"25/07/03 19:49:37 INFO BlockManagerInfo: Added broadcast_2_piece0 in memory on a5088bcdb211:42719 (size: 27.5 KiB, free: 366.2 MiB)","logger":"airflow.task.hooks.airflow.providers.standard.hooks.subprocess.SubprocessHook"}
{"timestamp":"2025-07-03T19:49:37.325207","level":"info","event":"25/07/03 19:49:37 INFO SparkContext: Created broadcast 2 from csv at NativeMethodAccessorImpl.java:0","logger":"airflow.task.hooks.airflow.providers.standard.hooks.subprocess.SubprocessHook"}
{"timestamp":"2025-07-03T19:49:37.325758","level":"info","event":"25/07/03 19:49:37 INFO FileSourceScanExec: Planning scan with bin packing, max size: 4194304 bytes, open cost is considered as scanning 4194304 bytes.","logger":"airflow.task.hooks.airflow.providers.standard.hooks.subprocess.SubprocessHook"}
{"timestamp":"2025-07-03T19:49:37.382700","level":"info","event":"25/07/03 19:49:37 INFO SparkContext: Starting job: csv at NativeMethodAccessorImpl.java:0","logger":"airflow.task.hooks.airflow.providers.standard.hooks.subprocess.SubprocessHook"}
{"timestamp":"2025-07-03T19:49:37.384451","level":"info","event":"25/07/03 19:49:37 INFO DAGScheduler: Got job 1 (csv at NativeMethodAccessorImpl.java:0) with 1 output partitions","logger":"airflow.task.hooks.airflow.providers.standard.hooks.subprocess.SubprocessHook"}
{"timestamp":"2025-07-03T19:49:37.384649","level":"info","event":"25/07/03 19:49:37 INFO DAGScheduler: Final stage: ResultStage 1 (csv at NativeMethodAccessorImpl.java:0)","logger":"airflow.task.hooks.airflow.providers.standard.hooks.subprocess.SubprocessHook"}
{"timestamp":"2025-07-03T19:49:37.384737","level":"info","event":"25/07/03 19:49:37 INFO DAGScheduler: Parents of final stage: List()","logger":"airflow.task.hooks.airflow.providers.standard.hooks.subprocess.SubprocessHook"}
{"timestamp":"2025-07-03T19:49:37.384800","level":"info","event":"25/07/03 19:49:37 INFO DAGScheduler: Missing parents: List()","logger":"airflow.task.hooks.airflow.providers.standard.hooks.subprocess.SubprocessHook"}
{"timestamp":"2025-07-03T19:49:37.386468","level":"info","event":"25/07/03 19:49:37 INFO DAGScheduler: Submitting ResultStage 1 (MapPartitionsRDD[9] at csv at NativeMethodAccessorImpl.java:0), which has no missing parents","logger":"airflow.task.hooks.airflow.providers.standard.hooks.subprocess.SubprocessHook"}
{"timestamp":"2025-07-03T19:49:37.409507","level":"info","event":"25/07/03 19:49:37 INFO MemoryStore: Block broadcast_3 stored as values in memory (estimated size 15.8 KiB, free 365.6 MiB)","logger":"airflow.task.hooks.airflow.providers.standard.hooks.subprocess.SubprocessHook"}
{"timestamp":"2025-07-03T19:49:37.411742","level":"info","event":"25/07/03 19:49:37 INFO MemoryStore: Block broadcast_3_piece0 stored as bytes in memory (estimated size 8.0 KiB, free 365.6 MiB)","logger":"airflow.task.hooks.airflow.providers.standard.hooks.subprocess.SubprocessHook"}
{"timestamp":"2025-07-03T19:49:37.412137","level":"info","event":"25/07/03 19:49:37 INFO BlockManagerInfo: Added broadcast_3_piece0 in memory on a5088bcdb211:42719 (size: 8.0 KiB, free: 366.2 MiB)","logger":"airflow.task.hooks.airflow.providers.standard.hooks.subprocess.SubprocessHook"}
{"timestamp":"2025-07-03T19:49:37.413573","level":"info","event":"25/07/03 19:49:37 INFO SparkContext: Created broadcast 3 from broadcast at DAGScheduler.scala:1383","logger":"airflow.task.hooks.airflow.providers.standard.hooks.subprocess.SubprocessHook"}
{"timestamp":"2025-07-03T19:49:37.414410","level":"info","event":"25/07/03 19:49:37 INFO DAGScheduler: Submitting 1 missing tasks from ResultStage 1 (MapPartitionsRDD[9] at csv at NativeMethodAccessorImpl.java:0) (first 15 tasks are for partitions Vector(0))","logger":"airflow.task.hooks.airflow.providers.standard.hooks.subprocess.SubprocessHook"}
{"timestamp":"2025-07-03T19:49:37.414589","level":"info","event":"25/07/03 19:49:37 INFO TaskSchedulerImpl: Adding task set 1.0 with 1 tasks resource profile 0","logger":"airflow.task.hooks.airflow.providers.standard.hooks.subprocess.SubprocessHook"}
{"timestamp":"2025-07-03T19:49:37.416520","level":"info","event":"25/07/03 19:49:37 INFO TaskSetManager: Starting task 0.0 in stage 1.0 (TID 1) (172.21.0.5, executor 0, partition 0, ANY, 4876 bytes) taskResourceAssignments Map()","logger":"airflow.task.hooks.airflow.providers.standard.hooks.subprocess.SubprocessHook"}
{"timestamp":"2025-07-03T19:49:37.440138","level":"info","event":"25/07/03 19:49:37 INFO BlockManagerInfo: Added broadcast_3_piece0 in memory on 172.21.0.5:44535 (size: 8.0 KiB, free: 366.3 MiB)","logger":"airflow.task.hooks.airflow.providers.standard.hooks.subprocess.SubprocessHook"}
{"timestamp":"2025-07-03T19:49:38.538701","level":"info","event":"25/07/03 19:49:38 INFO BlockManagerInfo: Added broadcast_2_piece0 in memory on 172.21.0.5:44535 (size: 27.5 KiB, free: 366.2 MiB)","logger":"airflow.task.hooks.airflow.providers.standard.hooks.subprocess.SubprocessHook"}
{"timestamp":"2025-07-03T19:49:38.744052","level":"info","event":"25/07/03 19:49:38 INFO TaskSetManager: Finished task 0.0 in stage 1.0 (TID 1) in 1328 ms on 172.21.0.5 (executor 0) (1/1)","logger":"airflow.task.hooks.airflow.providers.standard.hooks.subprocess.SubprocessHook"}
{"timestamp":"2025-07-03T19:49:38.744231","level":"info","event":"25/07/03 19:49:38 INFO TaskSchedulerImpl: Removed TaskSet 1.0, whose tasks have all completed, from pool","logger":"airflow.task.hooks.airflow.providers.standard.hooks.subprocess.SubprocessHook"}
{"timestamp":"2025-07-03T19:49:38.745070","level":"info","event":"25/07/03 19:49:38 INFO DAGScheduler: ResultStage 1 (csv at NativeMethodAccessorImpl.java:0) finished in 1.358 s","logger":"airflow.task.hooks.airflow.providers.standard.hooks.subprocess.SubprocessHook"}
{"timestamp":"2025-07-03T19:49:38.745206","level":"info","event":"25/07/03 19:49:38 INFO DAGScheduler: Job 1 is finished. Cancelling potential speculative or zombie tasks for this job","logger":"airflow.task.hooks.airflow.providers.standard.hooks.subprocess.SubprocessHook"}
{"timestamp":"2025-07-03T19:49:38.745278","level":"info","event":"25/07/03 19:49:38 INFO TaskSchedulerImpl: Killing all running tasks in stage 1: Stage finished","logger":"airflow.task.hooks.airflow.providers.standard.hooks.subprocess.SubprocessHook"}
{"timestamp":"2025-07-03T19:49:38.747173","level":"info","event":"25/07/03 19:49:38 INFO DAGScheduler: Job 1 finished: csv at NativeMethodAccessorImpl.java:0, took 1.364280 s","logger":"airflow.task.hooks.airflow.providers.standard.hooks.subprocess.SubprocessHook"}
{"timestamp":"2025-07-03T19:49:39.272987","level":"info","event":"25/07/03 19:49:39 INFO FileSourceStrategy: Pushed Filters:","logger":"airflow.task.hooks.airflow.providers.standard.hooks.subprocess.SubprocessHook"}
{"timestamp":"2025-07-03T19:49:39.273127","level":"info","event":"25/07/03 19:49:39 INFO FileSourceStrategy: Post-Scan Filters:","logger":"airflow.task.hooks.airflow.providers.standard.hooks.subprocess.SubprocessHook"}
{"timestamp":"2025-07-03T19:49:39.273174","level":"info","event":"25/07/03 19:49:39 INFO FileSourceStrategy: Output Data Schema: struct<TotalCharges: string>","logger":"airflow.task.hooks.airflow.providers.standard.hooks.subprocess.SubprocessHook"}
{"timestamp":"2025-07-03T19:49:39.311424","level":"info","event":"25/07/03 19:49:39 INFO CodeGenerator: Code generated in 15.577856 ms","logger":"airflow.task.hooks.airflow.providers.standard.hooks.subprocess.SubprocessHook"}
{"timestamp":"2025-07-03T19:49:39.314907","level":"info","event":"25/07/03 19:49:39 INFO MemoryStore: Block broadcast_4 stored as values in memory (estimated size 303.7 KiB, free 365.3 MiB)","logger":"airflow.task.hooks.airflow.providers.standard.hooks.subprocess.SubprocessHook"}
{"timestamp":"2025-07-03T19:49:39.332363","level":"info","event":"25/07/03 19:49:39 INFO MemoryStore: Block broadcast_4_piece0 stored as bytes in memory (estimated size 27.5 KiB, free 365.3 MiB)","logger":"airflow.task.hooks.airflow.providers.standard.hooks.subprocess.SubprocessHook"}
{"timestamp":"2025-07-03T19:49:39.333106","level":"info","event":"25/07/03 19:49:39 INFO BlockManagerInfo: Added broadcast_4_piece0 in memory on a5088bcdb211:42719 (size: 27.5 KiB, free: 366.2 MiB)","logger":"airflow.task.hooks.airflow.providers.standard.hooks.subprocess.SubprocessHook"}
{"timestamp":"2025-07-03T19:49:39.333696","level":"info","event":"25/07/03 19:49:39 INFO SparkContext: Created broadcast 4 from approxQuantile at NativeMethodAccessorImpl.java:0","logger":"airflow.task.hooks.airflow.providers.standard.hooks.subprocess.SubprocessHook"}
{"timestamp":"2025-07-03T19:49:39.336835","level":"info","event":"25/07/03 19:49:39 INFO FileSourceScanExec: Planning scan with bin packing, max size: 4194304 bytes, open cost is considered as scanning 4194304 bytes.","logger":"airflow.task.hooks.airflow.providers.standard.hooks.subprocess.SubprocessHook"}
{"timestamp":"2025-07-03T19:49:39.360232","level":"info","event":"25/07/03 19:49:39 INFO SparkContext: Starting job: approxQuantile at NativeMethodAccessorImpl.java:0","logger":"airflow.task.hooks.airflow.providers.standard.hooks.subprocess.SubprocessHook"}
{"timestamp":"2025-07-03T19:49:39.361160","level":"info","event":"25/07/03 19:49:39 INFO DAGScheduler: Got job 2 (approxQuantile at NativeMethodAccessorImpl.java:0) with 1 output partitions","logger":"airflow.task.hooks.airflow.providers.standard.hooks.subprocess.SubprocessHook"}
{"timestamp":"2025-07-03T19:49:39.361406","level":"info","event":"25/07/03 19:49:39 INFO DAGScheduler: Final stage: ResultStage 2 (approxQuantile at NativeMethodAccessorImpl.java:0)","logger":"airflow.task.hooks.airflow.providers.standard.hooks.subprocess.SubprocessHook"}
{"timestamp":"2025-07-03T19:49:39.361539","level":"info","event":"25/07/03 19:49:39 INFO DAGScheduler: Parents of final stage: List()","logger":"airflow.task.hooks.airflow.providers.standard.hooks.subprocess.SubprocessHook"}
{"timestamp":"2025-07-03T19:49:39.361667","level":"info","event":"25/07/03 19:49:39 INFO DAGScheduler: Missing parents: List()","logger":"airflow.task.hooks.airflow.providers.standard.hooks.subprocess.SubprocessHook"}
{"timestamp":"2025-07-03T19:49:39.363274","level":"info","event":"25/07/03 19:49:39 INFO DAGScheduler: Submitting ResultStage 2 (MapPartitionsRDD[16] at approxQuantile at NativeMethodAccessorImpl.java:0), which has no missing parents","logger":"airflow.task.hooks.airflow.providers.standard.hooks.subprocess.SubprocessHook"}
{"timestamp":"2025-07-03T19:49:39.383261","level":"info","event":"25/07/03 19:49:39 INFO MemoryStore: Block broadcast_5 stored as values in memory (estimated size 20.1 KiB, free 365.3 MiB)","logger":"airflow.task.hooks.airflow.providers.standard.hooks.subprocess.SubprocessHook"}
{"timestamp":"2025-07-03T19:49:39.387566","level":"info","event":"25/07/03 19:49:39 INFO MemoryStore: Block broadcast_5_piece0 stored as bytes in memory (estimated size 9.7 KiB, free 365.3 MiB)","logger":"airflow.task.hooks.airflow.providers.standard.hooks.subprocess.SubprocessHook"}
{"timestamp":"2025-07-03T19:49:39.388440","level":"info","event":"25/07/03 19:49:39 INFO BlockManagerInfo: Added broadcast_5_piece0 in memory on a5088bcdb211:42719 (size: 9.7 KiB, free: 366.2 MiB)","logger":"airflow.task.hooks.airflow.providers.standard.hooks.subprocess.SubprocessHook"}
{"timestamp":"2025-07-03T19:49:39.388777","level":"info","event":"25/07/03 19:49:39 INFO SparkContext: Created broadcast 5 from broadcast at DAGScheduler.scala:1383","logger":"airflow.task.hooks.airflow.providers.standard.hooks.subprocess.SubprocessHook"}
{"timestamp":"2025-07-03T19:49:39.389646","level":"info","event":"25/07/03 19:49:39 INFO DAGScheduler: Submitting 1 missing tasks from ResultStage 2 (MapPartitionsRDD[16] at approxQuantile at NativeMethodAccessorImpl.java:0) (first 15 tasks are for partitions Vector(0))","logger":"airflow.task.hooks.airflow.providers.standard.hooks.subprocess.SubprocessHook"}
{"timestamp":"2025-07-03T19:49:39.389826","level":"info","event":"25/07/03 19:49:39 INFO TaskSchedulerImpl: Adding task set 2.0 with 1 tasks resource profile 0","logger":"airflow.task.hooks.airflow.providers.standard.hooks.subprocess.SubprocessHook"}
{"timestamp":"2025-07-03T19:49:39.391504","level":"info","event":"25/07/03 19:49:39 INFO TaskSetManager: Starting task 0.0 in stage 2.0 (TID 2) (172.21.0.5, executor 0, partition 0, ANY, 4876 bytes) taskResourceAssignments Map()","logger":"airflow.task.hooks.airflow.providers.standard.hooks.subprocess.SubprocessHook"}
{"timestamp":"2025-07-03T19:49:39.404744","level":"info","event":"25/07/03 19:49:39 INFO BlockManagerInfo: Added broadcast_5_piece0 in memory on 172.21.0.5:44535 (size: 9.7 KiB, free: 366.2 MiB)","logger":"airflow.task.hooks.airflow.providers.standard.hooks.subprocess.SubprocessHook"}
{"timestamp":"2025-07-03T19:49:39.513245","level":"info","event":"25/07/03 19:49:39 INFO BlockManagerInfo: Added broadcast_4_piece0 in memory on 172.21.0.5:44535 (size: 27.5 KiB, free: 366.2 MiB)","logger":"airflow.task.hooks.airflow.providers.standard.hooks.subprocess.SubprocessHook"}
{"timestamp":"2025-07-03T19:49:39.675721","level":"info","event":"25/07/03 19:49:39 INFO TaskSetManager: Finished task 0.0 in stage 2.0 (TID 2) in 285 ms on 172.21.0.5 (executor 0) (1/1)","logger":"airflow.task.hooks.airflow.providers.standard.hooks.subprocess.SubprocessHook"}
{"timestamp":"2025-07-03T19:49:39.675924","level":"info","event":"25/07/03 19:49:39 INFO TaskSchedulerImpl: Removed TaskSet 2.0, whose tasks have all completed, from pool","logger":"airflow.task.hooks.airflow.providers.standard.hooks.subprocess.SubprocessHook"}
{"timestamp":"2025-07-03T19:49:39.676259","level":"info","event":"25/07/03 19:49:39 INFO DAGScheduler: ResultStage 2 (approxQuantile at NativeMethodAccessorImpl.java:0) finished in 0.312 s","logger":"airflow.task.hooks.airflow.providers.standard.hooks.subprocess.SubprocessHook"}
{"timestamp":"2025-07-03T19:49:39.676332","level":"info","event":"25/07/03 19:49:39 INFO DAGScheduler: Job 2 is finished. Cancelling potential speculative or zombie tasks for this job","logger":"airflow.task.hooks.airflow.providers.standard.hooks.subprocess.SubprocessHook"}
{"timestamp":"2025-07-03T19:49:39.676367","level":"info","event":"25/07/03 19:49:39 INFO TaskSchedulerImpl: Killing all running tasks in stage 2: Stage finished","logger":"airflow.task.hooks.airflow.providers.standard.hooks.subprocess.SubprocessHook"}
{"timestamp":"2025-07-03T19:49:39.678411","level":"info","event":"25/07/03 19:49:39 INFO DAGScheduler: Job 2 finished: approxQuantile at NativeMethodAccessorImpl.java:0, took 0.318127 s","logger":"airflow.task.hooks.airflow.providers.standard.hooks.subprocess.SubprocessHook"}
{"timestamp":"2025-07-03T19:49:39.796241","level":"info","event":"25/07/03 19:49:39 INFO FileSourceStrategy: Pushed Filters:","logger":"airflow.task.hooks.airflow.providers.standard.hooks.subprocess.SubprocessHook"}
{"timestamp":"2025-07-03T19:49:39.796985","level":"info","event":"25/07/03 19:49:39 INFO FileSourceStrategy: Post-Scan Filters: ((CASE WHEN isnull(cast(TotalCharges#35 as double)) THEN 0.0 ELSE cast(TotalCharges#35 as double) END < -3927.1499999999996) OR (CASE WHEN isnull(cast(TotalCharges#35 as double)) THEN 0.0 ELSE cast(TotalCharges#35 as double) END > 7662.049999999999))","logger":"airflow.task.hooks.airflow.providers.standard.hooks.subprocess.SubprocessHook"}
{"timestamp":"2025-07-03T19:49:39.797088","level":"info","event":"25/07/03 19:49:39 INFO FileSourceStrategy: Output Data Schema: struct<TotalCharges: string>","logger":"airflow.task.hooks.airflow.providers.standard.hooks.subprocess.SubprocessHook"}
{"timestamp":"2025-07-03T19:49:39.852760","level":"info","event":"25/07/03 19:49:39 INFO CodeGenerator: Code generated in 12.421958 ms","logger":"airflow.task.hooks.airflow.providers.standard.hooks.subprocess.SubprocessHook"}
{"timestamp":"2025-07-03T19:49:39.891814","level":"info","event":"25/07/03 19:49:39 INFO CodeGenerator: Code generated in 24.791576 ms","logger":"airflow.task.hooks.airflow.providers.standard.hooks.subprocess.SubprocessHook"}
{"timestamp":"2025-07-03T19:49:39.896025","level":"info","event":"25/07/03 19:49:39 INFO MemoryStore: Block broadcast_6 stored as values in memory (estimated size 303.7 KiB, free 365.0 MiB)","logger":"airflow.task.hooks.airflow.providers.standard.hooks.subprocess.SubprocessHook"}
{"timestamp":"2025-07-03T19:49:39.910489","level":"info","event":"25/07/03 19:49:39 INFO MemoryStore: Block broadcast_6_piece0 stored as bytes in memory (estimated size 27.5 KiB, free 364.9 MiB)","logger":"airflow.task.hooks.airflow.providers.standard.hooks.subprocess.SubprocessHook"}
{"timestamp":"2025-07-03T19:49:39.912871","level":"info","event":"25/07/03 19:49:39 INFO BlockManagerInfo: Added broadcast_6_piece0 in memory on a5088bcdb211:42719 (size: 27.5 KiB, free: 366.2 MiB)","logger":"airflow.task.hooks.airflow.providers.standard.hooks.subprocess.SubprocessHook"}
{"timestamp":"2025-07-03T19:49:39.913060","level":"info","event":"25/07/03 19:49:39 INFO SparkContext: Created broadcast 6 from count at NativeMethodAccessorImpl.java:0","logger":"airflow.task.hooks.airflow.providers.standard.hooks.subprocess.SubprocessHook"}
{"timestamp":"2025-07-03T19:49:39.913853","level":"info","event":"25/07/03 19:49:39 INFO FileSourceScanExec: Planning scan with bin packing, max size: 4194304 bytes, open cost is considered as scanning 4194304 bytes.","logger":"airflow.task.hooks.airflow.providers.standard.hooks.subprocess.SubprocessHook"}
{"timestamp":"2025-07-03T19:49:39.964260","level":"info","event":"25/07/03 19:49:39 INFO SparkContext: Starting job: count at NativeMethodAccessorImpl.java:0","logger":"airflow.task.hooks.airflow.providers.standard.hooks.subprocess.SubprocessHook"}
{"timestamp":"2025-07-03T19:49:39.967024","level":"info","event":"25/07/03 19:49:39 INFO DAGScheduler: Registering RDD 20 (count at NativeMethodAccessorImpl.java:0) as input to shuffle 0","logger":"airflow.task.hooks.airflow.providers.standard.hooks.subprocess.SubprocessHook"}
{"timestamp":"2025-07-03T19:49:39.970629","level":"info","event":"25/07/03 19:49:39 INFO DAGScheduler: Got job 3 (count at NativeMethodAccessorImpl.java:0) with 1 output partitions","logger":"airflow.task.hooks.airflow.providers.standard.hooks.subprocess.SubprocessHook"}
{"timestamp":"2025-07-03T19:49:39.970793","level":"info","event":"25/07/03 19:49:39 INFO DAGScheduler: Final stage: ResultStage 4 (count at NativeMethodAccessorImpl.java:0)","logger":"airflow.task.hooks.airflow.providers.standard.hooks.subprocess.SubprocessHook"}
{"timestamp":"2025-07-03T19:49:39.970868","level":"info","event":"25/07/03 19:49:39 INFO DAGScheduler: Parents of final stage: List(ShuffleMapStage 3)","logger":"airflow.task.hooks.airflow.providers.standard.hooks.subprocess.SubprocessHook"}
{"timestamp":"2025-07-03T19:49:39.973507","level":"info","event":"25/07/03 19:49:39 INFO DAGScheduler: Missing parents: List(ShuffleMapStage 3)","logger":"airflow.task.hooks.airflow.providers.standard.hooks.subprocess.SubprocessHook"}
{"timestamp":"2025-07-03T19:49:39.975988","level":"info","event":"25/07/03 19:49:39 INFO DAGScheduler: Submitting ShuffleMapStage 3 (MapPartitionsRDD[20] at count at NativeMethodAccessorImpl.java:0), which has no missing parents","logger":"airflow.task.hooks.airflow.providers.standard.hooks.subprocess.SubprocessHook"}
{"timestamp":"2025-07-03T19:49:39.990299","level":"info","event":"25/07/03 19:49:39 INFO MemoryStore: Block broadcast_7 stored as values in memory (estimated size 19.7 KiB, free 364.9 MiB)","logger":"airflow.task.hooks.airflow.providers.standard.hooks.subprocess.SubprocessHook"}
{"timestamp":"2025-07-03T19:49:39.998715","level":"info","event":"25/07/03 19:49:39 INFO MemoryStore: Block broadcast_7_piece0 stored as bytes in memory (estimated size 9.3 KiB, free 364.9 MiB)","logger":"airflow.task.hooks.airflow.providers.standard.hooks.subprocess.SubprocessHook"}
{"timestamp":"2025-07-03T19:49:40.000201","level":"info","event":"25/07/03 19:49:39 INFO BlockManagerInfo: Added broadcast_7_piece0 in memory on a5088bcdb211:42719 (size: 9.3 KiB, free: 366.2 MiB)","logger":"airflow.task.hooks.airflow.providers.standard.hooks.subprocess.SubprocessHook"}
{"timestamp":"2025-07-03T19:49:40.001109","level":"info","event":"25/07/03 19:49:39 INFO SparkContext: Created broadcast 7 from broadcast at DAGScheduler.scala:1383","logger":"airflow.task.hooks.airflow.providers.standard.hooks.subprocess.SubprocessHook"}
{"timestamp":"2025-07-03T19:49:40.003544","level":"info","event":"25/07/03 19:49:40 INFO DAGScheduler: Submitting 1 missing tasks from ShuffleMapStage 3 (MapPartitionsRDD[20] at count at NativeMethodAccessorImpl.java:0) (first 15 tasks are for partitions Vector(0))","logger":"airflow.task.hooks.airflow.providers.standard.hooks.subprocess.SubprocessHook"}
{"timestamp":"2025-07-03T19:49:40.003752","level":"info","event":"25/07/03 19:49:40 INFO TaskSchedulerImpl: Adding task set 3.0 with 1 tasks resource profile 0","logger":"airflow.task.hooks.airflow.providers.standard.hooks.subprocess.SubprocessHook"}
{"timestamp":"2025-07-03T19:49:40.007639","level":"info","event":"25/07/03 19:49:40 INFO TaskSetManager: Starting task 0.0 in stage 3.0 (TID 3) (172.21.0.5, executor 0, partition 0, ANY, 4865 bytes) taskResourceAssignments Map()","logger":"airflow.task.hooks.airflow.providers.standard.hooks.subprocess.SubprocessHook"}
{"timestamp":"2025-07-03T19:49:40.032285","level":"info","event":"25/07/03 19:49:40 INFO BlockManagerInfo: Added broadcast_7_piece0 in memory on 172.21.0.5:44535 (size: 9.3 KiB, free: 366.2 MiB)","logger":"airflow.task.hooks.airflow.providers.standard.hooks.subprocess.SubprocessHook"}
{"timestamp":"2025-07-03T19:49:40.140983","level":"info","event":"25/07/03 19:49:40 INFO BlockManagerInfo: Added broadcast_6_piece0 in memory on 172.21.0.5:44535 (size: 27.5 KiB, free: 366.2 MiB)","logger":"airflow.task.hooks.airflow.providers.standard.hooks.subprocess.SubprocessHook"}
{"timestamp":"2025-07-03T19:49:40.231564","level":"info","event":"25/07/03 19:49:40 INFO TaskSetManager: Finished task 0.0 in stage 3.0 (TID 3) in 226 ms on 172.21.0.5 (executor 0) (1/1)","logger":"airflow.task.hooks.airflow.providers.standard.hooks.subprocess.SubprocessHook"}
{"timestamp":"2025-07-03T19:49:40.231798","level":"info","event":"25/07/03 19:49:40 INFO TaskSchedulerImpl: Removed TaskSet 3.0, whose tasks have all completed, from pool","logger":"airflow.task.hooks.airflow.providers.standard.hooks.subprocess.SubprocessHook"}
{"timestamp":"2025-07-03T19:49:40.234000","level":"info","event":"25/07/03 19:49:40 INFO DAGScheduler: ShuffleMapStage 3 (count at NativeMethodAccessorImpl.java:0) finished in 0.253 s","logger":"airflow.task.hooks.airflow.providers.standard.hooks.subprocess.SubprocessHook"}
{"timestamp":"2025-07-03T19:49:40.234152","level":"info","event":"25/07/03 19:49:40 INFO DAGScheduler: looking for newly runnable stages","logger":"airflow.task.hooks.airflow.providers.standard.hooks.subprocess.SubprocessHook"}
{"timestamp":"2025-07-03T19:49:40.234667","level":"info","event":"25/07/03 19:49:40 INFO DAGScheduler: running: Set()","logger":"airflow.task.hooks.airflow.providers.standard.hooks.subprocess.SubprocessHook"}
{"timestamp":"2025-07-03T19:49:40.235080","level":"info","event":"25/07/03 19:49:40 INFO DAGScheduler: waiting: Set(ResultStage 4)","logger":"airflow.task.hooks.airflow.providers.standard.hooks.subprocess.SubprocessHook"}
{"timestamp":"2025-07-03T19:49:40.235514","level":"info","event":"25/07/03 19:49:40 INFO DAGScheduler: failed: Set()","logger":"airflow.task.hooks.airflow.providers.standard.hooks.subprocess.SubprocessHook"}
{"timestamp":"2025-07-03T19:49:40.238836","level":"info","event":"25/07/03 19:49:40 INFO DAGScheduler: Submitting ResultStage 4 (MapPartitionsRDD[23] at count at NativeMethodAccessorImpl.java:0), which has no missing parents","logger":"airflow.task.hooks.airflow.providers.standard.hooks.subprocess.SubprocessHook"}
{"timestamp":"2025-07-03T19:49:40.245255","level":"info","event":"25/07/03 19:49:40 INFO MemoryStore: Block broadcast_8 stored as values in memory (estimated size 10.1 KiB, free 364.9 MiB)","logger":"airflow.task.hooks.airflow.providers.standard.hooks.subprocess.SubprocessHook"}
{"timestamp":"2025-07-03T19:49:40.250028","level":"info","event":"25/07/03 19:49:40 INFO MemoryStore: Block broadcast_8_piece0 stored as bytes in memory (estimated size 5.0 KiB, free 364.9 MiB)","logger":"airflow.task.hooks.airflow.providers.standard.hooks.subprocess.SubprocessHook"}
{"timestamp":"2025-07-03T19:49:40.250660","level":"info","event":"25/07/03 19:49:40 INFO BlockManagerInfo: Added broadcast_8_piece0 in memory on a5088bcdb211:42719 (size: 5.0 KiB, free: 366.2 MiB)","logger":"airflow.task.hooks.airflow.providers.standard.hooks.subprocess.SubprocessHook"}
{"timestamp":"2025-07-03T19:49:40.251166","level":"info","event":"25/07/03 19:49:40 INFO SparkContext: Created broadcast 8 from broadcast at DAGScheduler.scala:1383","logger":"airflow.task.hooks.airflow.providers.standard.hooks.subprocess.SubprocessHook"}
{"timestamp":"2025-07-03T19:49:40.251772","level":"info","event":"25/07/03 19:49:40 INFO DAGScheduler: Submitting 1 missing tasks from ResultStage 4 (MapPartitionsRDD[23] at count at NativeMethodAccessorImpl.java:0) (first 15 tasks are for partitions Vector(0))","logger":"airflow.task.hooks.airflow.providers.standard.hooks.subprocess.SubprocessHook"}
{"timestamp":"2025-07-03T19:49:40.251899","level":"info","event":"25/07/03 19:49:40 INFO TaskSchedulerImpl: Adding task set 4.0 with 1 tasks resource profile 0","logger":"airflow.task.hooks.airflow.providers.standard.hooks.subprocess.SubprocessHook"}
{"timestamp":"2025-07-03T19:49:40.255825","level":"info","event":"25/07/03 19:49:40 INFO TaskSetManager: Starting task 0.0 in stage 4.0 (TID 4) (172.21.0.5, executor 0, partition 0, NODE_LOCAL, 4457 bytes) taskResourceAssignments Map()","logger":"airflow.task.hooks.airflow.providers.standard.hooks.subprocess.SubprocessHook"}
{"timestamp":"2025-07-03T19:49:40.271274","level":"info","event":"25/07/03 19:49:40 INFO BlockManagerInfo: Added broadcast_8_piece0 in memory on 172.21.0.5:44535 (size: 5.0 KiB, free: 366.2 MiB)","logger":"airflow.task.hooks.airflow.providers.standard.hooks.subprocess.SubprocessHook"}
{"timestamp":"2025-07-03T19:49:40.289211","level":"info","event":"25/07/03 19:49:40 INFO MapOutputTrackerMasterEndpoint: Asked to send map output locations for shuffle 0 to 172.21.0.5:34818","logger":"airflow.task.hooks.airflow.providers.standard.hooks.subprocess.SubprocessHook"}
{"timestamp":"2025-07-03T19:49:40.395127","level":"info","event":"25/07/03 19:49:40 INFO TaskSetManager: Finished task 0.0 in stage 4.0 (TID 4) in 141 ms on 172.21.0.5 (executor 0) (1/1)","logger":"airflow.task.hooks.airflow.providers.standard.hooks.subprocess.SubprocessHook"}
{"timestamp":"2025-07-03T19:49:40.395332","level":"info","event":"25/07/03 19:49:40 INFO TaskSchedulerImpl: Removed TaskSet 4.0, whose tasks have all completed, from pool","logger":"airflow.task.hooks.airflow.providers.standard.hooks.subprocess.SubprocessHook"}
{"timestamp":"2025-07-03T19:49:40.396046","level":"info","event":"25/07/03 19:49:40 INFO DAGScheduler: ResultStage 4 (count at NativeMethodAccessorImpl.java:0) finished in 0.152 s","logger":"airflow.task.hooks.airflow.providers.standard.hooks.subprocess.SubprocessHook"}
{"timestamp":"2025-07-03T19:49:40.396242","level":"info","event":"25/07/03 19:49:40 INFO DAGScheduler: Job 3 is finished. Cancelling potential speculative or zombie tasks for this job","logger":"airflow.task.hooks.airflow.providers.standard.hooks.subprocess.SubprocessHook"}
{"timestamp":"2025-07-03T19:49:40.396463","level":"info","event":"25/07/03 19:49:40 INFO TaskSchedulerImpl: Killing all running tasks in stage 4: Stage finished","logger":"airflow.task.hooks.airflow.providers.standard.hooks.subprocess.SubprocessHook"}
{"timestamp":"2025-07-03T19:49:40.396551","level":"info","event":"25/07/03 19:49:40 INFO DAGScheduler: Job 3 finished: count at NativeMethodAccessorImpl.java:0, took 0.432188 s","logger":"airflow.task.hooks.airflow.providers.standard.hooks.subprocess.SubprocessHook"}
{"timestamp":"2025-07-03T19:49:40.399755","level":"info","event":"Number of outliers in totalcharges: 154","logger":"airflow.task.hooks.airflow.providers.standard.hooks.subprocess.SubprocessHook"}
{"timestamp":"2025-07-03T19:49:40.521825","level":"info","event":"25/07/03 19:49:40 INFO FileSourceStrategy: Pushed Filters:","logger":"airflow.task.hooks.airflow.providers.standard.hooks.subprocess.SubprocessHook"}
{"timestamp":"2025-07-03T19:49:40.522004","level":"info","event":"25/07/03 19:49:40 INFO FileSourceStrategy: Post-Scan Filters:","logger":"airflow.task.hooks.airflow.providers.standard.hooks.subprocess.SubprocessHook"}
{"timestamp":"2025-07-03T19:49:40.522239","level":"info","event":"25/07/03 19:49:40 INFO FileSourceStrategy: Output Data Schema: struct<customerID: string, gender: string, SeniorCitizen: int, Partner: string, Dependents: string ... 19 more fields>","logger":"airflow.task.hooks.airflow.providers.standard.hooks.subprocess.SubprocessHook"}
{"timestamp":"2025-07-03T19:49:40.590860","level":"info","event":"25/07/03 19:49:40 INFO BlockManagerInfo: Removed broadcast_4_piece0 on a5088bcdb211:42719 in memory (size: 27.5 KiB, free: 366.2 MiB)","logger":"airflow.task.hooks.airflow.providers.standard.hooks.subprocess.SubprocessHook"}
{"timestamp":"2025-07-03T19:49:40.594429","level":"info","event":"25/07/03 19:49:40 INFO BlockManagerInfo: Removed broadcast_4_piece0 on 172.21.0.5:44535 in memory (size: 27.5 KiB, free: 366.2 MiB)","logger":"airflow.task.hooks.airflow.providers.standard.hooks.subprocess.SubprocessHook"}
{"timestamp":"2025-07-03T19:49:40.603135","level":"info","event":"25/07/03 19:49:40 INFO BlockManagerInfo: Removed broadcast_8_piece0 on a5088bcdb211:42719 in memory (size: 5.0 KiB, free: 366.2 MiB)","logger":"airflow.task.hooks.airflow.providers.standard.hooks.subprocess.SubprocessHook"}
{"timestamp":"2025-07-03T19:49:40.605222","level":"info","event":"25/07/03 19:49:40 INFO BlockManagerInfo: Removed broadcast_8_piece0 on 172.21.0.5:44535 in memory (size: 5.0 KiB, free: 366.2 MiB)","logger":"airflow.task.hooks.airflow.providers.standard.hooks.subprocess.SubprocessHook"}
{"timestamp":"2025-07-03T19:49:40.610533","level":"info","event":"25/07/03 19:49:40 INFO ParquetFileFormat: Using default output committer for Parquet: org.apache.parquet.hadoop.ParquetOutputCommitter","logger":"airflow.task.hooks.airflow.providers.standard.hooks.subprocess.SubprocessHook"}
{"timestamp":"2025-07-03T19:49:40.617605","level":"info","event":"25/07/03 19:49:40 INFO BlockManagerInfo: Removed broadcast_5_piece0 on a5088bcdb211:42719 in memory (size: 9.7 KiB, free: 366.2 MiB)","logger":"airflow.task.hooks.airflow.providers.standard.hooks.subprocess.SubprocessHook"}
{"timestamp":"2025-07-03T19:49:40.619831","level":"info","event":"25/07/03 19:49:40 INFO BlockManagerInfo: Removed broadcast_5_piece0 on 172.21.0.5:44535 in memory (size: 9.7 KiB, free: 366.2 MiB)","logger":"airflow.task.hooks.airflow.providers.standard.hooks.subprocess.SubprocessHook"}
{"timestamp":"2025-07-03T19:49:40.627253","level":"info","event":"25/07/03 19:49:40 INFO BlockManagerInfo: Removed broadcast_3_piece0 on a5088bcdb211:42719 in memory (size: 8.0 KiB, free: 366.2 MiB)","logger":"airflow.task.hooks.airflow.providers.standard.hooks.subprocess.SubprocessHook"}
{"timestamp":"2025-07-03T19:49:40.634411","level":"info","event":"25/07/03 19:49:40 INFO BlockManagerInfo: Removed broadcast_3_piece0 on 172.21.0.5:44535 in memory (size: 8.0 KiB, free: 366.2 MiB)","logger":"airflow.task.hooks.airflow.providers.standard.hooks.subprocess.SubprocessHook"}
{"timestamp":"2025-07-03T19:49:40.636447","level":"info","event":"25/07/03 19:49:40 INFO FileOutputCommitter: File Output Committer Algorithm version is 1","logger":"airflow.task.hooks.airflow.providers.standard.hooks.subprocess.SubprocessHook"}
{"timestamp":"2025-07-03T19:49:40.636645","level":"info","event":"25/07/03 19:49:40 INFO FileOutputCommitter: FileOutputCommitter skip cleanup _temporary folders under output directory:false, ignore cleanup failures: false","logger":"airflow.task.hooks.airflow.providers.standard.hooks.subprocess.SubprocessHook"}
{"timestamp":"2025-07-03T19:49:40.638042","level":"info","event":"25/07/03 19:49:40 INFO SQLHadoopMapReduceCommitProtocol: Using user defined output committer class org.apache.parquet.hadoop.ParquetOutputCommitter","logger":"airflow.task.hooks.airflow.providers.standard.hooks.subprocess.SubprocessHook"}
{"timestamp":"2025-07-03T19:49:40.638200","level":"info","event":"25/07/03 19:49:40 INFO FileOutputCommitter: File Output Committer Algorithm version is 1","logger":"airflow.task.hooks.airflow.providers.standard.hooks.subprocess.SubprocessHook"}
{"timestamp":"2025-07-03T19:49:40.638274","level":"info","event":"25/07/03 19:49:40 INFO FileOutputCommitter: FileOutputCommitter skip cleanup _temporary folders under output directory:false, ignore cleanup failures: false","logger":"airflow.task.hooks.airflow.providers.standard.hooks.subprocess.SubprocessHook"}
{"timestamp":"2025-07-03T19:49:40.639104","level":"info","event":"25/07/03 19:49:40 INFO SQLHadoopMapReduceCommitProtocol: Using output committer class org.apache.parquet.hadoop.ParquetOutputCommitter","logger":"airflow.task.hooks.airflow.providers.standard.hooks.subprocess.SubprocessHook"}
{"timestamp":"2025-07-03T19:49:40.642874","level":"info","event":"25/07/03 19:49:40 INFO BlockManagerInfo: Removed broadcast_6_piece0 on a5088bcdb211:42719 in memory (size: 27.5 KiB, free: 366.2 MiB)","logger":"airflow.task.hooks.airflow.providers.standard.hooks.subprocess.SubprocessHook"}
{"timestamp":"2025-07-03T19:49:40.645228","level":"info","event":"25/07/03 19:49:40 INFO BlockManagerInfo: Removed broadcast_6_piece0 on 172.21.0.5:44535 in memory (size: 27.5 KiB, free: 366.2 MiB)","logger":"airflow.task.hooks.airflow.providers.standard.hooks.subprocess.SubprocessHook"}
{"timestamp":"2025-07-03T19:49:40.653012","level":"info","event":"25/07/03 19:49:40 INFO BlockManagerInfo: Removed broadcast_1_piece0 on a5088bcdb211:42719 in memory (size: 5.4 KiB, free: 366.2 MiB)","logger":"airflow.task.hooks.airflow.providers.standard.hooks.subprocess.SubprocessHook"}
{"timestamp":"2025-07-03T19:49:40.655219","level":"info","event":"25/07/03 19:49:40 INFO BlockManagerInfo: Removed broadcast_1_piece0 on 172.21.0.5:44535 in memory (size: 5.4 KiB, free: 366.2 MiB)","logger":"airflow.task.hooks.airflow.providers.standard.hooks.subprocess.SubprocessHook"}
{"timestamp":"2025-07-03T19:49:40.663119","level":"info","event":"25/07/03 19:49:40 INFO BlockManagerInfo: Removed broadcast_7_piece0 on a5088bcdb211:42719 in memory (size: 9.3 KiB, free: 366.2 MiB)","logger":"airflow.task.hooks.airflow.providers.standard.hooks.subprocess.SubprocessHook"}
{"timestamp":"2025-07-03T19:49:40.664098","level":"info","event":"25/07/03 19:49:40 INFO BlockManagerInfo: Removed broadcast_7_piece0 on 172.21.0.5:44535 in memory (size: 9.3 KiB, free: 366.2 MiB)","logger":"airflow.task.hooks.airflow.providers.standard.hooks.subprocess.SubprocessHook"}
{"timestamp":"2025-07-03T19:49:40.713725","level":"info","event":"25/07/03 19:49:40 INFO CodeGenerator: Code generated in 36.449927 ms","logger":"airflow.task.hooks.airflow.providers.standard.hooks.subprocess.SubprocessHook"}
{"timestamp":"2025-07-03T19:49:40.717229","level":"info","event":"25/07/03 19:49:40 INFO MemoryStore: Block broadcast_9 stored as values in memory (estimated size 303.7 KiB, free 365.4 MiB)","logger":"airflow.task.hooks.airflow.providers.standard.hooks.subprocess.SubprocessHook"}
{"timestamp":"2025-07-03T19:49:40.728253","level":"info","event":"25/07/03 19:49:40 INFO MemoryStore: Block broadcast_9_piece0 stored as bytes in memory (estimated size 27.5 KiB, free 365.3 MiB)","logger":"airflow.task.hooks.airflow.providers.standard.hooks.subprocess.SubprocessHook"}
{"timestamp":"2025-07-03T19:49:40.729066","level":"info","event":"25/07/03 19:49:40 INFO BlockManagerInfo: Added broadcast_9_piece0 in memory on a5088bcdb211:42719 (size: 27.5 KiB, free: 366.2 MiB)","logger":"airflow.task.hooks.airflow.providers.standard.hooks.subprocess.SubprocessHook"}
{"timestamp":"2025-07-03T19:49:40.729673","level":"info","event":"25/07/03 19:49:40 INFO SparkContext: Created broadcast 9 from parquet at NativeMethodAccessorImpl.java:0","logger":"airflow.task.hooks.airflow.providers.standard.hooks.subprocess.SubprocessHook"}
{"timestamp":"2025-07-03T19:49:40.730707","level":"info","event":"25/07/03 19:49:40 INFO FileSourceScanExec: Planning scan with bin packing, max size: 4194304 bytes, open cost is considered as scanning 4194304 bytes.","logger":"airflow.task.hooks.airflow.providers.standard.hooks.subprocess.SubprocessHook"}
{"timestamp":"2025-07-03T19:49:40.761388","level":"info","event":"25/07/03 19:49:40 INFO SparkContext: Starting job: parquet at NativeMethodAccessorImpl.java:0","logger":"airflow.task.hooks.airflow.providers.standard.hooks.subprocess.SubprocessHook"}
{"timestamp":"2025-07-03T19:49:40.763191","level":"info","event":"25/07/03 19:49:40 INFO DAGScheduler: Got job 4 (parquet at NativeMethodAccessorImpl.java:0) with 1 output partitions","logger":"airflow.task.hooks.airflow.providers.standard.hooks.subprocess.SubprocessHook"}
{"timestamp":"2025-07-03T19:49:40.763416","level":"info","event":"25/07/03 19:49:40 INFO DAGScheduler: Final stage: ResultStage 5 (parquet at NativeMethodAccessorImpl.java:0)","logger":"airflow.task.hooks.airflow.providers.standard.hooks.subprocess.SubprocessHook"}
{"timestamp":"2025-07-03T19:49:40.763505","level":"info","event":"25/07/03 19:49:40 INFO DAGScheduler: Parents of final stage: List()","logger":"airflow.task.hooks.airflow.providers.standard.hooks.subprocess.SubprocessHook"}
{"timestamp":"2025-07-03T19:49:40.763567","level":"info","event":"25/07/03 19:49:40 INFO DAGScheduler: Missing parents: List()","logger":"airflow.task.hooks.airflow.providers.standard.hooks.subprocess.SubprocessHook"}
{"timestamp":"2025-07-03T19:49:40.763628","level":"info","event":"25/07/03 19:49:40 INFO DAGScheduler: Submitting ResultStage 5 (MapPartitionsRDD[26] at parquet at NativeMethodAccessorImpl.java:0), which has no missing parents","logger":"airflow.task.hooks.airflow.providers.standard.hooks.subprocess.SubprocessHook"}
{"timestamp":"2025-07-03T19:49:40.781092","level":"info","event":"25/07/03 19:49:40 INFO MemoryStore: Block broadcast_10 stored as values in memory (estimated size 191.0 KiB, free 365.1 MiB)","logger":"airflow.task.hooks.airflow.providers.standard.hooks.subprocess.SubprocessHook"}
{"timestamp":"2025-07-03T19:49:40.783552","level":"info","event":"25/07/03 19:49:40 INFO MemoryStore: Block broadcast_10_piece0 stored as bytes in memory (estimated size 66.8 KiB, free 365.1 MiB)","logger":"airflow.task.hooks.airflow.providers.standard.hooks.subprocess.SubprocessHook"}
{"timestamp":"2025-07-03T19:49:40.783953","level":"info","event":"25/07/03 19:49:40 INFO BlockManagerInfo: Added broadcast_10_piece0 in memory on a5088bcdb211:42719 (size: 66.8 KiB, free: 366.2 MiB)","logger":"airflow.task.hooks.airflow.providers.standard.hooks.subprocess.SubprocessHook"}
{"timestamp":"2025-07-03T19:49:40.784373","level":"info","event":"25/07/03 19:49:40 INFO SparkContext: Created broadcast 10 from broadcast at DAGScheduler.scala:1383","logger":"airflow.task.hooks.airflow.providers.standard.hooks.subprocess.SubprocessHook"}
{"timestamp":"2025-07-03T19:49:40.784979","level":"info","event":"25/07/03 19:49:40 INFO DAGScheduler: Submitting 1 missing tasks from ResultStage 5 (MapPartitionsRDD[26] at parquet at NativeMethodAccessorImpl.java:0) (first 15 tasks are for partitions Vector(0))","logger":"airflow.task.hooks.airflow.providers.standard.hooks.subprocess.SubprocessHook"}
{"timestamp":"2025-07-03T19:49:40.785109","level":"info","event":"25/07/03 19:49:40 INFO TaskSchedulerImpl: Adding task set 5.0 with 1 tasks resource profile 0","logger":"airflow.task.hooks.airflow.providers.standard.hooks.subprocess.SubprocessHook"}
{"timestamp":"2025-07-03T19:49:40.786464","level":"info","event":"25/07/03 19:49:40 INFO TaskSetManager: Starting task 0.0 in stage 5.0 (TID 5) (172.21.0.5, executor 0, partition 0, ANY, 4876 bytes) taskResourceAssignments Map()","logger":"airflow.task.hooks.airflow.providers.standard.hooks.subprocess.SubprocessHook"}
{"timestamp":"2025-07-03T19:49:40.799031","level":"info","event":"25/07/03 19:49:40 INFO BlockManagerInfo: Added broadcast_10_piece0 in memory on 172.21.0.5:44535 (size: 66.8 KiB, free: 366.2 MiB)","logger":"airflow.task.hooks.airflow.providers.standard.hooks.subprocess.SubprocessHook"}
{"timestamp":"2025-07-03T19:49:41.358896","level":"info","event":"25/07/03 19:49:41 INFO BlockManagerInfo: Added broadcast_9_piece0 in memory on 172.21.0.5:44535 (size: 27.5 KiB, free: 366.2 MiB)","logger":"airflow.task.hooks.airflow.providers.standard.hooks.subprocess.SubprocessHook"}
{"timestamp":"2025-07-03T19:49:41.743711","level":"info","event":"25/07/03 19:49:41 INFO TaskSetManager: Finished task 0.0 in stage 5.0 (TID 5) in 956 ms on 172.21.0.5 (executor 0) (1/1)","logger":"airflow.task.hooks.airflow.providers.standard.hooks.subprocess.SubprocessHook"}
{"timestamp":"2025-07-03T19:49:41.744008","level":"info","event":"25/07/03 19:49:41 INFO TaskSchedulerImpl: Removed TaskSet 5.0, whose tasks have all completed, from pool","logger":"airflow.task.hooks.airflow.providers.standard.hooks.subprocess.SubprocessHook"}
{"timestamp":"2025-07-03T19:49:41.744155","level":"info","event":"25/07/03 19:49:41 INFO DAGScheduler: ResultStage 5 (parquet at NativeMethodAccessorImpl.java:0) finished in 0.978 s","logger":"airflow.task.hooks.airflow.providers.standard.hooks.subprocess.SubprocessHook"}
{"timestamp":"2025-07-03T19:49:41.744258","level":"info","event":"25/07/03 19:49:41 INFO DAGScheduler: Job 4 is finished. Cancelling potential speculative or zombie tasks for this job","logger":"airflow.task.hooks.airflow.providers.standard.hooks.subprocess.SubprocessHook"}
{"timestamp":"2025-07-03T19:49:41.744405","level":"info","event":"25/07/03 19:49:41 INFO TaskSchedulerImpl: Killing all running tasks in stage 5: Stage finished","logger":"airflow.task.hooks.airflow.providers.standard.hooks.subprocess.SubprocessHook"}
{"timestamp":"2025-07-03T19:49:41.745392","level":"info","event":"25/07/03 19:49:41 INFO DAGScheduler: Job 4 finished: parquet at NativeMethodAccessorImpl.java:0, took 0.983558 s","logger":"airflow.task.hooks.airflow.providers.standard.hooks.subprocess.SubprocessHook"}
{"timestamp":"2025-07-03T19:49:41.807185","level":"info","event":"25/07/03 19:49:41 INFO FileFormatWriter: Write Job 44668bef-12fe-497e-abfe-b9114b0dbcc1 committed.","logger":"airflow.task.hooks.airflow.providers.standard.hooks.subprocess.SubprocessHook"}
{"timestamp":"2025-07-03T19:49:41.810757","level":"info","event":"25/07/03 19:49:41 INFO FileFormatWriter: Finished processing stats for write job 44668bef-12fe-497e-abfe-b9114b0dbcc1.","logger":"airflow.task.hooks.airflow.providers.standard.hooks.subprocess.SubprocessHook"}
{"timestamp":"2025-07-03T19:49:41.822059","level":"info","event":"The Cleaning is done!","logger":"airflow.task.hooks.airflow.providers.standard.hooks.subprocess.SubprocessHook"}
{"timestamp":"2025-07-03T19:49:41.848657","level":"info","event":"25/07/03 19:49:41 INFO SparkContext: Invoking stop() from shutdown hook","logger":"airflow.task.hooks.airflow.providers.standard.hooks.subprocess.SubprocessHook"}
{"timestamp":"2025-07-03T19:49:41.864265","level":"info","event":"25/07/03 19:49:41 INFO SparkUI: Stopped Spark web UI at http://a5088bcdb211:4040","logger":"airflow.task.hooks.airflow.providers.standard.hooks.subprocess.SubprocessHook"}
{"timestamp":"2025-07-03T19:49:41.868228","level":"info","event":"25/07/03 19:49:41 INFO StandaloneSchedulerBackend: Shutting down all executors","logger":"airflow.task.hooks.airflow.providers.standard.hooks.subprocess.SubprocessHook"}
{"timestamp":"2025-07-03T19:49:41.868554","level":"info","event":"25/07/03 19:49:41 INFO CoarseGrainedSchedulerBackend$DriverEndpoint: Asking each executor to shut down","logger":"airflow.task.hooks.airflow.providers.standard.hooks.subprocess.SubprocessHook"}
{"timestamp":"2025-07-03T19:49:41.889350","level":"info","event":"25/07/03 19:49:41 INFO MapOutputTrackerMasterEndpoint: MapOutputTrackerMasterEndpoint stopped!","logger":"airflow.task.hooks.airflow.providers.standard.hooks.subprocess.SubprocessHook"}
{"timestamp":"2025-07-03T19:49:41.906951","level":"info","event":"25/07/03 19:49:41 INFO MemoryStore: MemoryStore cleared","logger":"airflow.task.hooks.airflow.providers.standard.hooks.subprocess.SubprocessHook"}
{"timestamp":"2025-07-03T19:49:41.907127","level":"info","event":"25/07/03 19:49:41 INFO BlockManager: BlockManager stopped","logger":"airflow.task.hooks.airflow.providers.standard.hooks.subprocess.SubprocessHook"}
{"timestamp":"2025-07-03T19:49:41.916315","level":"info","event":"25/07/03 19:49:41 INFO BlockManagerMaster: BlockManagerMaster stopped","logger":"airflow.task.hooks.airflow.providers.standard.hooks.subprocess.SubprocessHook"}
{"timestamp":"2025-07-03T19:49:41.919310","level":"info","event":"25/07/03 19:49:41 INFO OutputCommitCoordinator$OutputCommitCoordinatorEndpoint: OutputCommitCoordinator stopped!","logger":"airflow.task.hooks.airflow.providers.standard.hooks.subprocess.SubprocessHook"}
{"timestamp":"2025-07-03T19:49:41.926557","level":"info","event":"25/07/03 19:49:41 INFO SparkContext: Successfully stopped SparkContext","logger":"airflow.task.hooks.airflow.providers.standard.hooks.subprocess.SubprocessHook"}
{"timestamp":"2025-07-03T19:49:41.926928","level":"info","event":"25/07/03 19:49:41 INFO ShutdownHookManager: Shutdown hook called","logger":"airflow.task.hooks.airflow.providers.standard.hooks.subprocess.SubprocessHook"}
{"timestamp":"2025-07-03T19:49:41.927243","level":"info","event":"25/07/03 19:49:41 INFO ShutdownHookManager: Deleting directory /tmp/spark-52100fa6-2ef0-4831-b9f8-5c88fe5dc38c","logger":"airflow.task.hooks.airflow.providers.standard.hooks.subprocess.SubprocessHook"}
{"timestamp":"2025-07-03T19:49:41.930104","level":"info","event":"25/07/03 19:49:41 INFO ShutdownHookManager: Deleting directory /tmp/spark-1e53a63c-1c5c-4929-8954-a7e12d0826ce/pyspark-648fe04f-a841-48f8-ad63-874051c55f7d","logger":"airflow.task.hooks.airflow.providers.standard.hooks.subprocess.SubprocessHook"}
{"timestamp":"2025-07-03T19:49:41.932591","level":"info","event":"25/07/03 19:49:41 INFO ShutdownHookManager: Deleting directory /tmp/spark-1e53a63c-1c5c-4929-8954-a7e12d0826ce","logger":"airflow.task.hooks.airflow.providers.standard.hooks.subprocess.SubprocessHook"}
{"timestamp":"2025-07-03T19:49:42.100130","level":"info","event":"Command exited with return code 0","logger":"airflow.task.hooks.airflow.providers.standard.hooks.subprocess.SubprocessHook"}
{"timestamp":"2025-07-03T19:49:42.100847","level":"info","event":"Pushing xcom","ti":"RuntimeTaskInstance(id=UUID('0197d1d6-1fb9-70a5-8171-a4714593950c'), task_id='run_spark_cleaning_and_upload', dag_id='telco_to_hdfs_dag', run_id='manual__2025-07-03T19:49:20.424301+00:00', try_number=1, map_index=-1, hostname='bbf1c163fe09', context_carrier=None, task=<Task(BashOperator): run_spark_cleaning_and_upload>, bundle_instance=LocalDagBundle(name=dags-folder), max_tries=0, start_date=datetime.datetime(2025, 7, 3, 19, 49, 27, 329464, tzinfo=TzInfo(UTC)), end_date=None, is_mapped=False)","logger":"task"}
