{"timestamp":"2025-07-03T18:57:12.290903","level":"info","event":"DAG bundles loaded: dags-folder","logger":"airflow.dag_processing.bundles.manager.DagBundlesManager"}
{"timestamp":"2025-07-03T18:57:12.291399","level":"info","event":"Filling up the DagBag from /opt/airflow/dags/telco_to_hdfs_dag.py","logger":"airflow.models.dagbag.DagBag"}
{"timestamp":"2025-07-03T18:57:12.307801","level":"info","event":"Tmp dir root location: /tmp","logger":"airflow.task.hooks.airflow.providers.standard.hooks.subprocess.SubprocessHook"}
{"timestamp":"2025-07-03T18:57:12.308366","level":"info","event":"Running command: ['/usr/bin/bash', '-c', 'docker exec spark-master /spark/bin/spark-submit /opt/spark-apps/get_clean.py']","logger":"airflow.task.hooks.airflow.providers.standard.hooks.subprocess.SubprocessHook"}
{"timestamp":"2025-07-03T18:57:12.316633","level":"info","event":"Output:","logger":"airflow.task.hooks.airflow.providers.standard.hooks.subprocess.SubprocessHook"}
{"timestamp":"2025-07-03T18:57:13.702129","level":"info","event":"25/07/03 18:57:13 WARN NativeCodeLoader: Unable to load native-hadoop library for your platform... using builtin-java classes where applicable","logger":"airflow.task.hooks.airflow.providers.standard.hooks.subprocess.SubprocessHook"}
{"timestamp":"2025-07-03T18:57:14.214589","level":"info","event":"Using Spark's default log4j profile: org/apache/spark/log4j-defaults.properties","logger":"airflow.task.hooks.airflow.providers.standard.hooks.subprocess.SubprocessHook"}
{"timestamp":"2025-07-03T18:57:14.221650","level":"info","event":"25/07/03 18:57:14 INFO SparkContext: Running Spark version 3.1.1","logger":"airflow.task.hooks.airflow.providers.standard.hooks.subprocess.SubprocessHook"}
{"timestamp":"2025-07-03T18:57:14.255195","level":"info","event":"25/07/03 18:57:14 INFO ResourceUtils: ==============================================================","logger":"airflow.task.hooks.airflow.providers.standard.hooks.subprocess.SubprocessHook"}
{"timestamp":"2025-07-03T18:57:14.255381","level":"info","event":"25/07/03 18:57:14 INFO ResourceUtils: No custom resources configured for spark.driver.","logger":"airflow.task.hooks.airflow.providers.standard.hooks.subprocess.SubprocessHook"}
{"timestamp":"2025-07-03T18:57:14.255947","level":"info","event":"25/07/03 18:57:14 INFO ResourceUtils: ==============================================================","logger":"airflow.task.hooks.airflow.providers.standard.hooks.subprocess.SubprocessHook"}
{"timestamp":"2025-07-03T18:57:14.256484","level":"info","event":"25/07/03 18:57:14 INFO SparkContext: Submitted application: TelcoExploration","logger":"airflow.task.hooks.airflow.providers.standard.hooks.subprocess.SubprocessHook"}
{"timestamp":"2025-07-03T18:57:14.279080","level":"info","event":"25/07/03 18:57:14 INFO ResourceProfile: Default ResourceProfile created, executor resources: Map(cores -> name: cores, amount: 1, script: , vendor: , memory -> name: memory, amount: 1024, script: , vendor: , offHeap -> name: offHeap, amount: 0, script: , vendor: ), task resources: Map(cpus -> name: cpus, amount: 1.0)","logger":"airflow.task.hooks.airflow.providers.standard.hooks.subprocess.SubprocessHook"}
{"timestamp":"2025-07-03T18:57:14.292444","level":"info","event":"25/07/03 18:57:14 INFO ResourceProfile: Limiting resource is cpu","logger":"airflow.task.hooks.airflow.providers.standard.hooks.subprocess.SubprocessHook"}
{"timestamp":"2025-07-03T18:57:14.292646","level":"info","event":"25/07/03 18:57:14 INFO ResourceProfileManager: Added ResourceProfile id: 0","logger":"airflow.task.hooks.airflow.providers.standard.hooks.subprocess.SubprocessHook"}
{"timestamp":"2025-07-03T18:57:14.336672","level":"info","event":"25/07/03 18:57:14 INFO SecurityManager: Changing view acls to: root","logger":"airflow.task.hooks.airflow.providers.standard.hooks.subprocess.SubprocessHook"}
{"timestamp":"2025-07-03T18:57:14.336874","level":"info","event":"25/07/03 18:57:14 INFO SecurityManager: Changing modify acls to: root","logger":"airflow.task.hooks.airflow.providers.standard.hooks.subprocess.SubprocessHook"}
{"timestamp":"2025-07-03T18:57:14.336941","level":"info","event":"25/07/03 18:57:14 INFO SecurityManager: Changing view acls groups to:","logger":"airflow.task.hooks.airflow.providers.standard.hooks.subprocess.SubprocessHook"}
{"timestamp":"2025-07-03T18:57:14.336974","level":"info","event":"25/07/03 18:57:14 INFO SecurityManager: Changing modify acls groups to:","logger":"airflow.task.hooks.airflow.providers.standard.hooks.subprocess.SubprocessHook"}
{"timestamp":"2025-07-03T18:57:14.337011","level":"info","event":"25/07/03 18:57:14 INFO SecurityManager: SecurityManager: authentication disabled; ui acls disabled; users  with view permissions: Set(root); groups with view permissions: Set(); users  with modify permissions: Set(root); groups with modify permissions: Set()","logger":"airflow.task.hooks.airflow.providers.standard.hooks.subprocess.SubprocessHook"}
{"timestamp":"2025-07-03T18:57:14.526172","level":"info","event":"25/07/03 18:57:14 INFO Utils: Successfully started service 'sparkDriver' on port 37155.","logger":"airflow.task.hooks.airflow.providers.standard.hooks.subprocess.SubprocessHook"}
{"timestamp":"2025-07-03T18:57:14.553579","level":"info","event":"25/07/03 18:57:14 INFO SparkEnv: Registering MapOutputTracker","logger":"airflow.task.hooks.airflow.providers.standard.hooks.subprocess.SubprocessHook"}
{"timestamp":"2025-07-03T18:57:14.582097","level":"info","event":"25/07/03 18:57:14 INFO SparkEnv: Registering BlockManagerMaster","logger":"airflow.task.hooks.airflow.providers.standard.hooks.subprocess.SubprocessHook"}
{"timestamp":"2025-07-03T18:57:14.601185","level":"info","event":"25/07/03 18:57:14 INFO BlockManagerMasterEndpoint: Using org.apache.spark.storage.DefaultTopologyMapper for getting topology information","logger":"airflow.task.hooks.airflow.providers.standard.hooks.subprocess.SubprocessHook"}
{"timestamp":"2025-07-03T18:57:14.601332","level":"info","event":"25/07/03 18:57:14 INFO BlockManagerMasterEndpoint: BlockManagerMasterEndpoint up","logger":"airflow.task.hooks.airflow.providers.standard.hooks.subprocess.SubprocessHook"}
{"timestamp":"2025-07-03T18:57:14.605050","level":"info","event":"25/07/03 18:57:14 INFO SparkEnv: Registering BlockManagerMasterHeartbeat","logger":"airflow.task.hooks.airflow.providers.standard.hooks.subprocess.SubprocessHook"}
{"timestamp":"2025-07-03T18:57:14.618066","level":"info","event":"25/07/03 18:57:14 INFO DiskBlockManager: Created local directory at /tmp/blockmgr-9bb3a6f9-d5b6-49b0-ab00-aa2769bd9b74","logger":"airflow.task.hooks.airflow.providers.standard.hooks.subprocess.SubprocessHook"}
{"timestamp":"2025-07-03T18:57:14.639484","level":"info","event":"25/07/03 18:57:14 INFO MemoryStore: MemoryStore started with capacity 366.3 MiB","logger":"airflow.task.hooks.airflow.providers.standard.hooks.subprocess.SubprocessHook"}
{"timestamp":"2025-07-03T18:57:14.655833","level":"info","event":"25/07/03 18:57:14 INFO SparkEnv: Registering OutputCommitCoordinator","logger":"airflow.task.hooks.airflow.providers.standard.hooks.subprocess.SubprocessHook"}
{"timestamp":"2025-07-03T18:57:14.882174","level":"info","event":"25/07/03 18:57:14 INFO Utils: Successfully started service 'SparkUI' on port 4040.","logger":"airflow.task.hooks.airflow.providers.standard.hooks.subprocess.SubprocessHook"}
{"timestamp":"2025-07-03T18:57:14.940423","level":"info","event":"25/07/03 18:57:14 INFO SparkUI: Bound SparkUI to 0.0.0.0, and started at http://a5088bcdb211:4040","logger":"airflow.task.hooks.airflow.providers.standard.hooks.subprocess.SubprocessHook"}
{"timestamp":"2025-07-03T18:57:15.126609","level":"info","event":"25/07/03 18:57:15 INFO StandaloneAppClient$ClientEndpoint: Connecting to master spark://spark-master:7077...","logger":"airflow.task.hooks.airflow.providers.standard.hooks.subprocess.SubprocessHook"}
{"timestamp":"2025-07-03T18:57:15.169132","level":"info","event":"25/07/03 18:57:15 INFO TransportClientFactory: Successfully created connection to spark-master/172.21.0.3:7077 after 25 ms (0 ms spent in bootstraps)","logger":"airflow.task.hooks.airflow.providers.standard.hooks.subprocess.SubprocessHook"}
{"timestamp":"2025-07-03T18:57:15.297066","level":"info","event":"25/07/03 18:57:15 INFO StandaloneSchedulerBackend: Connected to Spark cluster with app ID app-20250703185715-0000","logger":"airflow.task.hooks.airflow.providers.standard.hooks.subprocess.SubprocessHook"}
{"timestamp":"2025-07-03T18:57:15.309074","level":"info","event":"25/07/03 18:57:15 INFO Utils: Successfully started service 'org.apache.spark.network.netty.NettyBlockTransferService' on port 42859.","logger":"airflow.task.hooks.airflow.providers.standard.hooks.subprocess.SubprocessHook"}
{"timestamp":"2025-07-03T18:57:15.309233","level":"info","event":"25/07/03 18:57:15 INFO NettyBlockTransferService: Server created on a5088bcdb211:42859","logger":"airflow.task.hooks.airflow.providers.standard.hooks.subprocess.SubprocessHook"}
{"timestamp":"2025-07-03T18:57:15.310468","level":"info","event":"25/07/03 18:57:15 INFO BlockManager: Using org.apache.spark.storage.RandomBlockReplicationPolicy for block replication policy","logger":"airflow.task.hooks.airflow.providers.standard.hooks.subprocess.SubprocessHook"}
{"timestamp":"2025-07-03T18:57:15.323460","level":"info","event":"25/07/03 18:57:15 INFO BlockManagerMaster: Registering BlockManager BlockManagerId(driver, a5088bcdb211, 42859, None)","logger":"airflow.task.hooks.airflow.providers.standard.hooks.subprocess.SubprocessHook"}
{"timestamp":"2025-07-03T18:57:15.329023","level":"info","event":"25/07/03 18:57:15 INFO BlockManagerMasterEndpoint: Registering block manager a5088bcdb211:42859 with 366.3 MiB RAM, BlockManagerId(driver, a5088bcdb211, 42859, None)","logger":"airflow.task.hooks.airflow.providers.standard.hooks.subprocess.SubprocessHook"}
{"timestamp":"2025-07-03T18:57:15.330552","level":"info","event":"25/07/03 18:57:15 INFO BlockManagerMaster: Registered BlockManager BlockManagerId(driver, a5088bcdb211, 42859, None)","logger":"airflow.task.hooks.airflow.providers.standard.hooks.subprocess.SubprocessHook"}
{"timestamp":"2025-07-03T18:57:15.333325","level":"info","event":"25/07/03 18:57:15 INFO BlockManager: Initialized BlockManager: BlockManagerId(driver, a5088bcdb211, 42859, None)","logger":"airflow.task.hooks.airflow.providers.standard.hooks.subprocess.SubprocessHook"}
{"timestamp":"2025-07-03T18:57:15.358021","level":"info","event":"25/07/03 18:57:15 INFO StandaloneAppClient$ClientEndpoint: Executor added: app-20250703185715-0000/0 on worker-20250703185644-172.21.0.6-37177 (172.21.0.6:37177) with 12 core(s)","logger":"airflow.task.hooks.airflow.providers.standard.hooks.subprocess.SubprocessHook"}
{"timestamp":"2025-07-03T18:57:15.360102","level":"info","event":"25/07/03 18:57:15 INFO StandaloneSchedulerBackend: Granted executor ID app-20250703185715-0000/0 on hostPort 172.21.0.6:37177 with 12 core(s), 1024.0 MiB RAM","logger":"airflow.task.hooks.airflow.providers.standard.hooks.subprocess.SubprocessHook"}
{"timestamp":"2025-07-03T18:57:15.525976","level":"info","event":"25/07/03 18:57:15 INFO StandaloneAppClient$ClientEndpoint: Executor updated: app-20250703185715-0000/0 is now RUNNING","logger":"airflow.task.hooks.airflow.providers.standard.hooks.subprocess.SubprocessHook"}
{"timestamp":"2025-07-03T18:57:15.569762","level":"info","event":"25/07/03 18:57:15 INFO StandaloneSchedulerBackend: SchedulerBackend is ready for scheduling beginning after reached minRegisteredResourcesRatio: 0.0","logger":"airflow.task.hooks.airflow.providers.standard.hooks.subprocess.SubprocessHook"}
{"timestamp":"2025-07-03T18:57:15.850021","level":"info","event":"25/07/03 18:57:15 INFO SharedState: Setting hive.metastore.warehouse.dir ('null') to the value of spark.sql.warehouse.dir ('file:/spark-warehouse').","logger":"airflow.task.hooks.airflow.providers.standard.hooks.subprocess.SubprocessHook"}
{"timestamp":"2025-07-03T18:57:15.850261","level":"info","event":"25/07/03 18:57:15 INFO SharedState: Warehouse path is 'file:/spark-warehouse'.","logger":"airflow.task.hooks.airflow.providers.standard.hooks.subprocess.SubprocessHook"}
{"timestamp":"2025-07-03T18:57:17.079883","level":"info","event":"25/07/03 18:57:17 INFO InMemoryFileIndex: It took 67 ms to list leaf files for 1 paths.","logger":"airflow.task.hooks.airflow.providers.standard.hooks.subprocess.SubprocessHook"}
{"timestamp":"2025-07-03T18:57:17.136993","level":"info","event":"25/07/03 18:57:17 INFO InMemoryFileIndex: It took 5 ms to list leaf files for 1 paths.","logger":"airflow.task.hooks.airflow.providers.standard.hooks.subprocess.SubprocessHook"}
{"timestamp":"2025-07-03T18:57:17.387783","level":"info","event":"25/07/03 18:57:17 INFO CoarseGrainedSchedulerBackend$DriverEndpoint: Registered executor NettyRpcEndpointRef(spark-client://Executor) (172.21.0.6:45098) with ID 0,  ResourceProfileId 0","logger":"airflow.task.hooks.airflow.providers.standard.hooks.subprocess.SubprocessHook"}
{"timestamp":"2025-07-03T18:57:17.491024","level":"info","event":"25/07/03 18:57:17 INFO BlockManagerMasterEndpoint: Registering block manager 172.21.0.6:44621 with 366.3 MiB RAM, BlockManagerId(0, 172.21.0.6, 44621, None)","logger":"airflow.task.hooks.airflow.providers.standard.hooks.subprocess.SubprocessHook"}
{"timestamp":"2025-07-03T18:57:18.854293","level":"info","event":"25/07/03 18:57:18 INFO FileSourceStrategy: Pushed Filters:","logger":"airflow.task.hooks.airflow.providers.standard.hooks.subprocess.SubprocessHook"}
{"timestamp":"2025-07-03T18:57:18.857544","level":"info","event":"25/07/03 18:57:18 INFO FileSourceStrategy: Post-Scan Filters: (length(trim(value#0, None)) > 0)","logger":"airflow.task.hooks.airflow.providers.standard.hooks.subprocess.SubprocessHook"}
{"timestamp":"2025-07-03T18:57:18.861163","level":"info","event":"25/07/03 18:57:18 INFO FileSourceStrategy: Output Data Schema: struct<value: string>","logger":"airflow.task.hooks.airflow.providers.standard.hooks.subprocess.SubprocessHook"}
{"timestamp":"2025-07-03T18:57:19.523756","level":"info","event":"25/07/03 18:57:19 INFO CodeGenerator: Code generated in 269.005159 ms","logger":"airflow.task.hooks.airflow.providers.standard.hooks.subprocess.SubprocessHook"}
{"timestamp":"2025-07-03T18:57:19.574668","level":"info","event":"25/07/03 18:57:19 INFO MemoryStore: Block broadcast_0 stored as values in memory (estimated size 303.8 KiB, free 366.0 MiB)","logger":"airflow.task.hooks.airflow.providers.standard.hooks.subprocess.SubprocessHook"}
{"timestamp":"2025-07-03T18:57:19.617641","level":"info","event":"25/07/03 18:57:19 INFO MemoryStore: Block broadcast_0_piece0 stored as bytes in memory (estimated size 27.5 KiB, free 366.0 MiB)","logger":"airflow.task.hooks.airflow.providers.standard.hooks.subprocess.SubprocessHook"}
{"timestamp":"2025-07-03T18:57:19.620291","level":"info","event":"25/07/03 18:57:19 INFO BlockManagerInfo: Added broadcast_0_piece0 in memory on a5088bcdb211:42859 (size: 27.5 KiB, free: 366.3 MiB)","logger":"airflow.task.hooks.airflow.providers.standard.hooks.subprocess.SubprocessHook"}
{"timestamp":"2025-07-03T18:57:19.623264","level":"info","event":"25/07/03 18:57:19 INFO SparkContext: Created broadcast 0 from csv at NativeMethodAccessorImpl.java:0","logger":"airflow.task.hooks.airflow.providers.standard.hooks.subprocess.SubprocessHook"}
{"timestamp":"2025-07-03T18:57:19.631176","level":"info","event":"25/07/03 18:57:19 INFO FileSourceScanExec: Planning scan with bin packing, max size: 4194304 bytes, open cost is considered as scanning 4194304 bytes.","logger":"airflow.task.hooks.airflow.providers.standard.hooks.subprocess.SubprocessHook"}
{"timestamp":"2025-07-03T18:57:19.724863","level":"info","event":"25/07/03 18:57:19 INFO SparkContext: Starting job: csv at NativeMethodAccessorImpl.java:0","logger":"airflow.task.hooks.airflow.providers.standard.hooks.subprocess.SubprocessHook"}
{"timestamp":"2025-07-03T18:57:19.739005","level":"info","event":"25/07/03 18:57:19 INFO DAGScheduler: Got job 0 (csv at NativeMethodAccessorImpl.java:0) with 1 output partitions","logger":"airflow.task.hooks.airflow.providers.standard.hooks.subprocess.SubprocessHook"}
{"timestamp":"2025-07-03T18:57:19.739187","level":"info","event":"25/07/03 18:57:19 INFO DAGScheduler: Final stage: ResultStage 0 (csv at NativeMethodAccessorImpl.java:0)","logger":"airflow.task.hooks.airflow.providers.standard.hooks.subprocess.SubprocessHook"}
{"timestamp":"2025-07-03T18:57:19.739544","level":"info","event":"25/07/03 18:57:19 INFO DAGScheduler: Parents of final stage: List()","logger":"airflow.task.hooks.airflow.providers.standard.hooks.subprocess.SubprocessHook"}
{"timestamp":"2025-07-03T18:57:19.741000","level":"info","event":"25/07/03 18:57:19 INFO DAGScheduler: Missing parents: List()","logger":"airflow.task.hooks.airflow.providers.standard.hooks.subprocess.SubprocessHook"}
{"timestamp":"2025-07-03T18:57:19.746867","level":"info","event":"25/07/03 18:57:19 INFO DAGScheduler: Submitting ResultStage 0 (MapPartitionsRDD[3] at csv at NativeMethodAccessorImpl.java:0), which has no missing parents","logger":"airflow.task.hooks.airflow.providers.standard.hooks.subprocess.SubprocessHook"}
{"timestamp":"2025-07-03T18:57:19.807196","level":"info","event":"25/07/03 18:57:19 INFO MemoryStore: Block broadcast_1 stored as values in memory (estimated size 10.8 KiB, free 366.0 MiB)","logger":"airflow.task.hooks.airflow.providers.standard.hooks.subprocess.SubprocessHook"}
{"timestamp":"2025-07-03T18:57:19.809670","level":"info","event":"25/07/03 18:57:19 INFO MemoryStore: Block broadcast_1_piece0 stored as bytes in memory (estimated size 5.4 KiB, free 366.0 MiB)","logger":"airflow.task.hooks.airflow.providers.standard.hooks.subprocess.SubprocessHook"}
{"timestamp":"2025-07-03T18:57:19.810238","level":"info","event":"25/07/03 18:57:19 INFO BlockManagerInfo: Added broadcast_1_piece0 in memory on a5088bcdb211:42859 (size: 5.4 KiB, free: 366.3 MiB)","logger":"airflow.task.hooks.airflow.providers.standard.hooks.subprocess.SubprocessHook"}
{"timestamp":"2025-07-03T18:57:19.811093","level":"info","event":"25/07/03 18:57:19 INFO SparkContext: Created broadcast 1 from broadcast at DAGScheduler.scala:1383","logger":"airflow.task.hooks.airflow.providers.standard.hooks.subprocess.SubprocessHook"}
{"timestamp":"2025-07-03T18:57:19.825563","level":"info","event":"25/07/03 18:57:19 INFO DAGScheduler: Submitting 1 missing tasks from ResultStage 0 (MapPartitionsRDD[3] at csv at NativeMethodAccessorImpl.java:0) (first 15 tasks are for partitions Vector(0))","logger":"airflow.task.hooks.airflow.providers.standard.hooks.subprocess.SubprocessHook"}
{"timestamp":"2025-07-03T18:57:19.827086","level":"info","event":"25/07/03 18:57:19 INFO TaskSchedulerImpl: Adding task set 0.0 with 1 tasks resource profile 0","logger":"airflow.task.hooks.airflow.providers.standard.hooks.subprocess.SubprocessHook"}
{"timestamp":"2025-07-03T18:57:19.874647","level":"info","event":"25/07/03 18:57:19 INFO TaskSetManager: Starting task 0.0 in stage 0.0 (TID 0) (172.21.0.6, executor 0, partition 0, ANY, 4876 bytes) taskResourceAssignments Map()","logger":"airflow.task.hooks.airflow.providers.standard.hooks.subprocess.SubprocessHook"}
{"timestamp":"2025-07-03T18:57:20.126643","level":"info","event":"25/07/03 18:57:20 INFO BlockManagerInfo: Added broadcast_1_piece0 in memory on 172.21.0.6:44621 (size: 5.4 KiB, free: 366.3 MiB)","logger":"airflow.task.hooks.airflow.providers.standard.hooks.subprocess.SubprocessHook"}
{"timestamp":"2025-07-03T18:57:20.999174","level":"info","event":"25/07/03 18:57:20 INFO BlockManagerInfo: Added broadcast_0_piece0 in memory on 172.21.0.6:44621 (size: 27.5 KiB, free: 366.3 MiB)","logger":"airflow.task.hooks.airflow.providers.standard.hooks.subprocess.SubprocessHook"}
{"timestamp":"2025-07-03T18:57:21.859234","level":"info","event":"25/07/03 18:57:21 INFO TaskSetManager: Finished task 0.0 in stage 0.0 (TID 0) in 1996 ms on 172.21.0.6 (executor 0) (1/1)","logger":"airflow.task.hooks.airflow.providers.standard.hooks.subprocess.SubprocessHook"}
{"timestamp":"2025-07-03T18:57:21.861696","level":"info","event":"25/07/03 18:57:21 INFO TaskSchedulerImpl: Removed TaskSet 0.0, whose tasks have all completed, from pool","logger":"airflow.task.hooks.airflow.providers.standard.hooks.subprocess.SubprocessHook"}
{"timestamp":"2025-07-03T18:57:21.868551","level":"info","event":"25/07/03 18:57:21 INFO DAGScheduler: ResultStage 0 (csv at NativeMethodAccessorImpl.java:0) finished in 2.106 s","logger":"airflow.task.hooks.airflow.providers.standard.hooks.subprocess.SubprocessHook"}
{"timestamp":"2025-07-03T18:57:21.871847","level":"info","event":"25/07/03 18:57:21 INFO DAGScheduler: Job 0 is finished. Cancelling potential speculative or zombie tasks for this job","logger":"airflow.task.hooks.airflow.providers.standard.hooks.subprocess.SubprocessHook"}
{"timestamp":"2025-07-03T18:57:21.872030","level":"info","event":"25/07/03 18:57:21 INFO TaskSchedulerImpl: Killing all running tasks in stage 0: Stage finished","logger":"airflow.task.hooks.airflow.providers.standard.hooks.subprocess.SubprocessHook"}
{"timestamp":"2025-07-03T18:57:21.874670","level":"info","event":"25/07/03 18:57:21 INFO DAGScheduler: Job 0 finished: csv at NativeMethodAccessorImpl.java:0, took 2.149588 s","logger":"airflow.task.hooks.airflow.providers.standard.hooks.subprocess.SubprocessHook"}
{"timestamp":"2025-07-03T18:57:21.896453","level":"info","event":"25/07/03 18:57:21 INFO CodeGenerator: Code generated in 11.664001 ms","logger":"airflow.task.hooks.airflow.providers.standard.hooks.subprocess.SubprocessHook"}
{"timestamp":"2025-07-03T18:57:21.949915","level":"info","event":"25/07/03 18:57:21 INFO FileSourceStrategy: Pushed Filters:","logger":"airflow.task.hooks.airflow.providers.standard.hooks.subprocess.SubprocessHook"}
{"timestamp":"2025-07-03T18:57:21.950078","level":"info","event":"25/07/03 18:57:21 INFO FileSourceStrategy: Post-Scan Filters:","logger":"airflow.task.hooks.airflow.providers.standard.hooks.subprocess.SubprocessHook"}
{"timestamp":"2025-07-03T18:57:21.950145","level":"info","event":"25/07/03 18:57:21 INFO FileSourceStrategy: Output Data Schema: struct<value: string>","logger":"airflow.task.hooks.airflow.providers.standard.hooks.subprocess.SubprocessHook"}
{"timestamp":"2025-07-03T18:57:21.958485","level":"info","event":"25/07/03 18:57:21 INFO MemoryStore: Block broadcast_2 stored as values in memory (estimated size 303.8 KiB, free 365.7 MiB)","logger":"airflow.task.hooks.airflow.providers.standard.hooks.subprocess.SubprocessHook"}
{"timestamp":"2025-07-03T18:57:21.965572","level":"info","event":"25/07/03 18:57:21 INFO MemoryStore: Block broadcast_2_piece0 stored as bytes in memory (estimated size 27.5 KiB, free 365.6 MiB)","logger":"airflow.task.hooks.airflow.providers.standard.hooks.subprocess.SubprocessHook"}
{"timestamp":"2025-07-03T18:57:21.966418","level":"info","event":"25/07/03 18:57:21 INFO BlockManagerInfo: Added broadcast_2_piece0 in memory on a5088bcdb211:42859 (size: 27.5 KiB, free: 366.2 MiB)","logger":"airflow.task.hooks.airflow.providers.standard.hooks.subprocess.SubprocessHook"}
{"timestamp":"2025-07-03T18:57:21.966913","level":"info","event":"25/07/03 18:57:21 INFO SparkContext: Created broadcast 2 from csv at NativeMethodAccessorImpl.java:0","logger":"airflow.task.hooks.airflow.providers.standard.hooks.subprocess.SubprocessHook"}
{"timestamp":"2025-07-03T18:57:21.967669","level":"info","event":"25/07/03 18:57:21 INFO FileSourceScanExec: Planning scan with bin packing, max size: 4194304 bytes, open cost is considered as scanning 4194304 bytes.","logger":"airflow.task.hooks.airflow.providers.standard.hooks.subprocess.SubprocessHook"}
{"timestamp":"2025-07-03T18:57:22.045768","level":"info","event":"25/07/03 18:57:22 INFO SparkContext: Starting job: csv at NativeMethodAccessorImpl.java:0","logger":"airflow.task.hooks.airflow.providers.standard.hooks.subprocess.SubprocessHook"}
{"timestamp":"2025-07-03T18:57:22.047024","level":"info","event":"25/07/03 18:57:22 INFO DAGScheduler: Got job 1 (csv at NativeMethodAccessorImpl.java:0) with 1 output partitions","logger":"airflow.task.hooks.airflow.providers.standard.hooks.subprocess.SubprocessHook"}
{"timestamp":"2025-07-03T18:57:22.047160","level":"info","event":"25/07/03 18:57:22 INFO DAGScheduler: Final stage: ResultStage 1 (csv at NativeMethodAccessorImpl.java:0)","logger":"airflow.task.hooks.airflow.providers.standard.hooks.subprocess.SubprocessHook"}
{"timestamp":"2025-07-03T18:57:22.047237","level":"info","event":"25/07/03 18:57:22 INFO DAGScheduler: Parents of final stage: List()","logger":"airflow.task.hooks.airflow.providers.standard.hooks.subprocess.SubprocessHook"}
{"timestamp":"2025-07-03T18:57:22.047345","level":"info","event":"25/07/03 18:57:22 INFO DAGScheduler: Missing parents: List()","logger":"airflow.task.hooks.airflow.providers.standard.hooks.subprocess.SubprocessHook"}
{"timestamp":"2025-07-03T18:57:22.048921","level":"info","event":"25/07/03 18:57:22 INFO DAGScheduler: Submitting ResultStage 1 (MapPartitionsRDD[9] at csv at NativeMethodAccessorImpl.java:0), which has no missing parents","logger":"airflow.task.hooks.airflow.providers.standard.hooks.subprocess.SubprocessHook"}
{"timestamp":"2025-07-03T18:57:22.075634","level":"info","event":"25/07/03 18:57:22 INFO MemoryStore: Block broadcast_3 stored as values in memory (estimated size 15.8 KiB, free 365.6 MiB)","logger":"airflow.task.hooks.airflow.providers.standard.hooks.subprocess.SubprocessHook"}
{"timestamp":"2025-07-03T18:57:22.077896","level":"info","event":"25/07/03 18:57:22 INFO MemoryStore: Block broadcast_3_piece0 stored as bytes in memory (estimated size 8.0 KiB, free 365.6 MiB)","logger":"airflow.task.hooks.airflow.providers.standard.hooks.subprocess.SubprocessHook"}
{"timestamp":"2025-07-03T18:57:22.078212","level":"info","event":"25/07/03 18:57:22 INFO BlockManagerInfo: Added broadcast_3_piece0 in memory on a5088bcdb211:42859 (size: 8.0 KiB, free: 366.2 MiB)","logger":"airflow.task.hooks.airflow.providers.standard.hooks.subprocess.SubprocessHook"}
{"timestamp":"2025-07-03T18:57:22.078331","level":"info","event":"25/07/03 18:57:22 INFO SparkContext: Created broadcast 3 from broadcast at DAGScheduler.scala:1383","logger":"airflow.task.hooks.airflow.providers.standard.hooks.subprocess.SubprocessHook"}
{"timestamp":"2025-07-03T18:57:22.080226","level":"info","event":"25/07/03 18:57:22 INFO DAGScheduler: Submitting 1 missing tasks from ResultStage 1 (MapPartitionsRDD[9] at csv at NativeMethodAccessorImpl.java:0) (first 15 tasks are for partitions Vector(0))","logger":"airflow.task.hooks.airflow.providers.standard.hooks.subprocess.SubprocessHook"}
{"timestamp":"2025-07-03T18:57:22.080395","level":"info","event":"25/07/03 18:57:22 INFO TaskSchedulerImpl: Adding task set 1.0 with 1 tasks resource profile 0","logger":"airflow.task.hooks.airflow.providers.standard.hooks.subprocess.SubprocessHook"}
{"timestamp":"2025-07-03T18:57:22.082525","level":"info","event":"25/07/03 18:57:22 INFO TaskSetManager: Starting task 0.0 in stage 1.0 (TID 1) (172.21.0.6, executor 0, partition 0, ANY, 4876 bytes) taskResourceAssignments Map()","logger":"airflow.task.hooks.airflow.providers.standard.hooks.subprocess.SubprocessHook"}
{"timestamp":"2025-07-03T18:57:22.109181","level":"info","event":"25/07/03 18:57:22 INFO BlockManagerInfo: Added broadcast_3_piece0 in memory on 172.21.0.6:44621 (size: 8.0 KiB, free: 366.3 MiB)","logger":"airflow.task.hooks.airflow.providers.standard.hooks.subprocess.SubprocessHook"}
{"timestamp":"2025-07-03T18:57:23.387375","level":"info","event":"25/07/03 18:57:23 INFO BlockManagerInfo: Added broadcast_2_piece0 in memory on 172.21.0.6:44621 (size: 27.5 KiB, free: 366.2 MiB)","logger":"airflow.task.hooks.airflow.providers.standard.hooks.subprocess.SubprocessHook"}
{"timestamp":"2025-07-03T18:57:23.621665","level":"info","event":"25/07/03 18:57:23 INFO TaskSetManager: Finished task 0.0 in stage 1.0 (TID 1) in 1538 ms on 172.21.0.6 (executor 0) (1/1)","logger":"airflow.task.hooks.airflow.providers.standard.hooks.subprocess.SubprocessHook"}
{"timestamp":"2025-07-03T18:57:23.621827","level":"info","event":"25/07/03 18:57:23 INFO TaskSchedulerImpl: Removed TaskSet 1.0, whose tasks have all completed, from pool","logger":"airflow.task.hooks.airflow.providers.standard.hooks.subprocess.SubprocessHook"}
{"timestamp":"2025-07-03T18:57:23.626676","level":"info","event":"25/07/03 18:57:23 INFO DAGScheduler: ResultStage 1 (csv at NativeMethodAccessorImpl.java:0) finished in 1.574 s","logger":"airflow.task.hooks.airflow.providers.standard.hooks.subprocess.SubprocessHook"}
{"timestamp":"2025-07-03T18:57:23.626819","level":"info","event":"25/07/03 18:57:23 INFO DAGScheduler: Job 1 is finished. Cancelling potential speculative or zombie tasks for this job","logger":"airflow.task.hooks.airflow.providers.standard.hooks.subprocess.SubprocessHook"}
{"timestamp":"2025-07-03T18:57:23.626878","level":"info","event":"25/07/03 18:57:23 INFO TaskSchedulerImpl: Killing all running tasks in stage 1: Stage finished","logger":"airflow.task.hooks.airflow.providers.standard.hooks.subprocess.SubprocessHook"}
{"timestamp":"2025-07-03T18:57:23.630537","level":"info","event":"25/07/03 18:57:23 INFO DAGScheduler: Job 1 finished: csv at NativeMethodAccessorImpl.java:0, took 1.582639 s","logger":"airflow.task.hooks.airflow.providers.standard.hooks.subprocess.SubprocessHook"}
{"timestamp":"2025-07-03T18:57:24.236180","level":"info","event":"25/07/03 18:57:24 INFO FileSourceStrategy: Pushed Filters:","logger":"airflow.task.hooks.airflow.providers.standard.hooks.subprocess.SubprocessHook"}
{"timestamp":"2025-07-03T18:57:24.236364","level":"info","event":"25/07/03 18:57:24 INFO FileSourceStrategy: Post-Scan Filters:","logger":"airflow.task.hooks.airflow.providers.standard.hooks.subprocess.SubprocessHook"}
{"timestamp":"2025-07-03T18:57:24.236422","level":"info","event":"25/07/03 18:57:24 INFO FileSourceStrategy: Output Data Schema: struct<TotalCharges: string>","logger":"airflow.task.hooks.airflow.providers.standard.hooks.subprocess.SubprocessHook"}
{"timestamp":"2025-07-03T18:57:24.285662","level":"info","event":"25/07/03 18:57:24 INFO CodeGenerator: Code generated in 23.976988 ms","logger":"airflow.task.hooks.airflow.providers.standard.hooks.subprocess.SubprocessHook"}
{"timestamp":"2025-07-03T18:57:24.289966","level":"info","event":"25/07/03 18:57:24 INFO MemoryStore: Block broadcast_4 stored as values in memory (estimated size 303.7 KiB, free 365.3 MiB)","logger":"airflow.task.hooks.airflow.providers.standard.hooks.subprocess.SubprocessHook"}
{"timestamp":"2025-07-03T18:57:24.298903","level":"info","event":"25/07/03 18:57:24 INFO MemoryStore: Block broadcast_4_piece0 stored as bytes in memory (estimated size 27.5 KiB, free 365.3 MiB)","logger":"airflow.task.hooks.airflow.providers.standard.hooks.subprocess.SubprocessHook"}
{"timestamp":"2025-07-03T18:57:24.300340","level":"info","event":"25/07/03 18:57:24 INFO BlockManagerInfo: Added broadcast_4_piece0 in memory on a5088bcdb211:42859 (size: 27.5 KiB, free: 366.2 MiB)","logger":"airflow.task.hooks.airflow.providers.standard.hooks.subprocess.SubprocessHook"}
{"timestamp":"2025-07-03T18:57:24.301421","level":"info","event":"25/07/03 18:57:24 INFO SparkContext: Created broadcast 4 from approxQuantile at NativeMethodAccessorImpl.java:0","logger":"airflow.task.hooks.airflow.providers.standard.hooks.subprocess.SubprocessHook"}
{"timestamp":"2025-07-03T18:57:24.305891","level":"info","event":"25/07/03 18:57:24 INFO FileSourceScanExec: Planning scan with bin packing, max size: 4194304 bytes, open cost is considered as scanning 4194304 bytes.","logger":"airflow.task.hooks.airflow.providers.standard.hooks.subprocess.SubprocessHook"}
{"timestamp":"2025-07-03T18:57:24.334096","level":"info","event":"25/07/03 18:57:24 INFO SparkContext: Starting job: approxQuantile at NativeMethodAccessorImpl.java:0","logger":"airflow.task.hooks.airflow.providers.standard.hooks.subprocess.SubprocessHook"}
{"timestamp":"2025-07-03T18:57:24.335288","level":"info","event":"25/07/03 18:57:24 INFO DAGScheduler: Got job 2 (approxQuantile at NativeMethodAccessorImpl.java:0) with 1 output partitions","logger":"airflow.task.hooks.airflow.providers.standard.hooks.subprocess.SubprocessHook"}
{"timestamp":"2025-07-03T18:57:24.335454","level":"info","event":"25/07/03 18:57:24 INFO DAGScheduler: Final stage: ResultStage 2 (approxQuantile at NativeMethodAccessorImpl.java:0)","logger":"airflow.task.hooks.airflow.providers.standard.hooks.subprocess.SubprocessHook"}
{"timestamp":"2025-07-03T18:57:24.335529","level":"info","event":"25/07/03 18:57:24 INFO DAGScheduler: Parents of final stage: List()","logger":"airflow.task.hooks.airflow.providers.standard.hooks.subprocess.SubprocessHook"}
{"timestamp":"2025-07-03T18:57:24.335638","level":"info","event":"25/07/03 18:57:24 INFO DAGScheduler: Missing parents: List()","logger":"airflow.task.hooks.airflow.providers.standard.hooks.subprocess.SubprocessHook"}
{"timestamp":"2025-07-03T18:57:24.336932","level":"info","event":"25/07/03 18:57:24 INFO DAGScheduler: Submitting ResultStage 2 (MapPartitionsRDD[16] at approxQuantile at NativeMethodAccessorImpl.java:0), which has no missing parents","logger":"airflow.task.hooks.airflow.providers.standard.hooks.subprocess.SubprocessHook"}
{"timestamp":"2025-07-03T18:57:24.355236","level":"info","event":"25/07/03 18:57:24 INFO MemoryStore: Block broadcast_5 stored as values in memory (estimated size 20.1 KiB, free 365.3 MiB)","logger":"airflow.task.hooks.airflow.providers.standard.hooks.subprocess.SubprocessHook"}
{"timestamp":"2025-07-03T18:57:24.357752","level":"info","event":"25/07/03 18:57:24 INFO MemoryStore: Block broadcast_5_piece0 stored as bytes in memory (estimated size 9.7 KiB, free 365.3 MiB)","logger":"airflow.task.hooks.airflow.providers.standard.hooks.subprocess.SubprocessHook"}
{"timestamp":"2025-07-03T18:57:24.359331","level":"info","event":"25/07/03 18:57:24 INFO BlockManagerInfo: Added broadcast_5_piece0 in memory on a5088bcdb211:42859 (size: 9.7 KiB, free: 366.2 MiB)","logger":"airflow.task.hooks.airflow.providers.standard.hooks.subprocess.SubprocessHook"}
{"timestamp":"2025-07-03T18:57:24.359743","level":"info","event":"25/07/03 18:57:24 INFO SparkContext: Created broadcast 5 from broadcast at DAGScheduler.scala:1383","logger":"airflow.task.hooks.airflow.providers.standard.hooks.subprocess.SubprocessHook"}
{"timestamp":"2025-07-03T18:57:24.360001","level":"info","event":"25/07/03 18:57:24 INFO DAGScheduler: Submitting 1 missing tasks from ResultStage 2 (MapPartitionsRDD[16] at approxQuantile at NativeMethodAccessorImpl.java:0) (first 15 tasks are for partitions Vector(0))","logger":"airflow.task.hooks.airflow.providers.standard.hooks.subprocess.SubprocessHook"}
{"timestamp":"2025-07-03T18:57:24.360100","level":"info","event":"25/07/03 18:57:24 INFO TaskSchedulerImpl: Adding task set 2.0 with 1 tasks resource profile 0","logger":"airflow.task.hooks.airflow.providers.standard.hooks.subprocess.SubprocessHook"}
{"timestamp":"2025-07-03T18:57:24.361844","level":"info","event":"25/07/03 18:57:24 INFO TaskSetManager: Starting task 0.0 in stage 2.0 (TID 2) (172.21.0.6, executor 0, partition 0, ANY, 4876 bytes) taskResourceAssignments Map()","logger":"airflow.task.hooks.airflow.providers.standard.hooks.subprocess.SubprocessHook"}
{"timestamp":"2025-07-03T18:57:24.377684","level":"info","event":"25/07/03 18:57:24 INFO BlockManagerInfo: Added broadcast_5_piece0 in memory on 172.21.0.6:44621 (size: 9.7 KiB, free: 366.2 MiB)","logger":"airflow.task.hooks.airflow.providers.standard.hooks.subprocess.SubprocessHook"}
{"timestamp":"2025-07-03T18:57:24.479748","level":"info","event":"25/07/03 18:57:24 INFO BlockManagerInfo: Added broadcast_4_piece0 in memory on 172.21.0.6:44621 (size: 27.5 KiB, free: 366.2 MiB)","logger":"airflow.task.hooks.airflow.providers.standard.hooks.subprocess.SubprocessHook"}
{"timestamp":"2025-07-03T18:57:24.649706","level":"info","event":"25/07/03 18:57:24 INFO TaskSetManager: Finished task 0.0 in stage 2.0 (TID 2) in 288 ms on 172.21.0.6 (executor 0) (1/1)","logger":"airflow.task.hooks.airflow.providers.standard.hooks.subprocess.SubprocessHook"}
{"timestamp":"2025-07-03T18:57:24.649918","level":"info","event":"25/07/03 18:57:24 INFO TaskSchedulerImpl: Removed TaskSet 2.0, whose tasks have all completed, from pool","logger":"airflow.task.hooks.airflow.providers.standard.hooks.subprocess.SubprocessHook"}
{"timestamp":"2025-07-03T18:57:24.650011","level":"info","event":"25/07/03 18:57:24 INFO DAGScheduler: ResultStage 2 (approxQuantile at NativeMethodAccessorImpl.java:0) finished in 0.312 s","logger":"airflow.task.hooks.airflow.providers.standard.hooks.subprocess.SubprocessHook"}
{"timestamp":"2025-07-03T18:57:24.650070","level":"info","event":"25/07/03 18:57:24 INFO DAGScheduler: Job 2 is finished. Cancelling potential speculative or zombie tasks for this job","logger":"airflow.task.hooks.airflow.providers.standard.hooks.subprocess.SubprocessHook"}
{"timestamp":"2025-07-03T18:57:24.650118","level":"info","event":"25/07/03 18:57:24 INFO TaskSchedulerImpl: Killing all running tasks in stage 2: Stage finished","logger":"airflow.task.hooks.airflow.providers.standard.hooks.subprocess.SubprocessHook"}
{"timestamp":"2025-07-03T18:57:24.652475","level":"info","event":"25/07/03 18:57:24 INFO DAGScheduler: Job 2 finished: approxQuantile at NativeMethodAccessorImpl.java:0, took 0.318330 s","logger":"airflow.task.hooks.airflow.providers.standard.hooks.subprocess.SubprocessHook"}
{"timestamp":"2025-07-03T18:57:24.787622","level":"info","event":"25/07/03 18:57:24 INFO FileSourceStrategy: Pushed Filters:","logger":"airflow.task.hooks.airflow.providers.standard.hooks.subprocess.SubprocessHook"}
{"timestamp":"2025-07-03T18:57:24.788940","level":"info","event":"25/07/03 18:57:24 INFO FileSourceStrategy: Post-Scan Filters: ((CASE WHEN isnull(cast(TotalCharges#35 as double)) THEN 0.0 ELSE cast(TotalCharges#35 as double) END < -3927.1499999999996) OR (CASE WHEN isnull(cast(TotalCharges#35 as double)) THEN 0.0 ELSE cast(TotalCharges#35 as double) END > 7662.049999999999))","logger":"airflow.task.hooks.airflow.providers.standard.hooks.subprocess.SubprocessHook"}
{"timestamp":"2025-07-03T18:57:24.789102","level":"info","event":"25/07/03 18:57:24 INFO FileSourceStrategy: Output Data Schema: struct<TotalCharges: string>","logger":"airflow.task.hooks.airflow.providers.standard.hooks.subprocess.SubprocessHook"}
{"timestamp":"2025-07-03T18:57:24.842757","level":"info","event":"25/07/03 18:57:24 INFO CodeGenerator: Code generated in 11.615526 ms","logger":"airflow.task.hooks.airflow.providers.standard.hooks.subprocess.SubprocessHook"}
{"timestamp":"2025-07-03T18:57:24.881623","level":"info","event":"25/07/03 18:57:24 INFO CodeGenerator: Code generated in 26.414094 ms","logger":"airflow.task.hooks.airflow.providers.standard.hooks.subprocess.SubprocessHook"}
{"timestamp":"2025-07-03T18:57:24.887185","level":"info","event":"25/07/03 18:57:24 INFO MemoryStore: Block broadcast_6 stored as values in memory (estimated size 303.7 KiB, free 365.0 MiB)","logger":"airflow.task.hooks.airflow.providers.standard.hooks.subprocess.SubprocessHook"}
{"timestamp":"2025-07-03T18:57:24.898126","level":"info","event":"25/07/03 18:57:24 INFO MemoryStore: Block broadcast_6_piece0 stored as bytes in memory (estimated size 27.5 KiB, free 364.9 MiB)","logger":"airflow.task.hooks.airflow.providers.standard.hooks.subprocess.SubprocessHook"}
{"timestamp":"2025-07-03T18:57:24.898961","level":"info","event":"25/07/03 18:57:24 INFO BlockManagerInfo: Added broadcast_6_piece0 in memory on a5088bcdb211:42859 (size: 27.5 KiB, free: 366.2 MiB)","logger":"airflow.task.hooks.airflow.providers.standard.hooks.subprocess.SubprocessHook"}
{"timestamp":"2025-07-03T18:57:24.899782","level":"info","event":"25/07/03 18:57:24 INFO SparkContext: Created broadcast 6 from count at NativeMethodAccessorImpl.java:0","logger":"airflow.task.hooks.airflow.providers.standard.hooks.subprocess.SubprocessHook"}
{"timestamp":"2025-07-03T18:57:24.900703","level":"info","event":"25/07/03 18:57:24 INFO FileSourceScanExec: Planning scan with bin packing, max size: 4194304 bytes, open cost is considered as scanning 4194304 bytes.","logger":"airflow.task.hooks.airflow.providers.standard.hooks.subprocess.SubprocessHook"}
{"timestamp":"2025-07-03T18:57:24.953290","level":"info","event":"25/07/03 18:57:24 INFO SparkContext: Starting job: count at NativeMethodAccessorImpl.java:0","logger":"airflow.task.hooks.airflow.providers.standard.hooks.subprocess.SubprocessHook"}
{"timestamp":"2025-07-03T18:57:24.956653","level":"info","event":"25/07/03 18:57:24 INFO DAGScheduler: Registering RDD 20 (count at NativeMethodAccessorImpl.java:0) as input to shuffle 0","logger":"airflow.task.hooks.airflow.providers.standard.hooks.subprocess.SubprocessHook"}
{"timestamp":"2025-07-03T18:57:24.958505","level":"info","event":"25/07/03 18:57:24 INFO DAGScheduler: Got job 3 (count at NativeMethodAccessorImpl.java:0) with 1 output partitions","logger":"airflow.task.hooks.airflow.providers.standard.hooks.subprocess.SubprocessHook"}
{"timestamp":"2025-07-03T18:57:24.958689","level":"info","event":"25/07/03 18:57:24 INFO DAGScheduler: Final stage: ResultStage 4 (count at NativeMethodAccessorImpl.java:0)","logger":"airflow.task.hooks.airflow.providers.standard.hooks.subprocess.SubprocessHook"}
{"timestamp":"2025-07-03T18:57:24.958830","level":"info","event":"25/07/03 18:57:24 INFO DAGScheduler: Parents of final stage: List(ShuffleMapStage 3)","logger":"airflow.task.hooks.airflow.providers.standard.hooks.subprocess.SubprocessHook"}
{"timestamp":"2025-07-03T18:57:24.960725","level":"info","event":"25/07/03 18:57:24 INFO DAGScheduler: Missing parents: List(ShuffleMapStage 3)","logger":"airflow.task.hooks.airflow.providers.standard.hooks.subprocess.SubprocessHook"}
{"timestamp":"2025-07-03T18:57:24.961094","level":"info","event":"25/07/03 18:57:24 INFO DAGScheduler: Submitting ShuffleMapStage 3 (MapPartitionsRDD[20] at count at NativeMethodAccessorImpl.java:0), which has no missing parents","logger":"airflow.task.hooks.airflow.providers.standard.hooks.subprocess.SubprocessHook"}
{"timestamp":"2025-07-03T18:57:24.963171","level":"info","event":"25/07/03 18:57:24 INFO BlockManagerInfo: Removed broadcast_4_piece0 on a5088bcdb211:42859 in memory (size: 27.5 KiB, free: 366.2 MiB)","logger":"airflow.task.hooks.airflow.providers.standard.hooks.subprocess.SubprocessHook"}
{"timestamp":"2025-07-03T18:57:24.969417","level":"info","event":"25/07/03 18:57:24 INFO BlockManagerInfo: Removed broadcast_4_piece0 on 172.21.0.6:44621 in memory (size: 27.5 KiB, free: 366.2 MiB)","logger":"airflow.task.hooks.airflow.providers.standard.hooks.subprocess.SubprocessHook"}
{"timestamp":"2025-07-03T18:57:24.974846","level":"info","event":"25/07/03 18:57:24 INFO MemoryStore: Block broadcast_7 stored as values in memory (estimated size 19.7 KiB, free 365.2 MiB)","logger":"airflow.task.hooks.airflow.providers.standard.hooks.subprocess.SubprocessHook"}
{"timestamp":"2025-07-03T18:57:24.976760","level":"info","event":"25/07/03 18:57:24 INFO MemoryStore: Block broadcast_7_piece0 stored as bytes in memory (estimated size 9.3 KiB, free 365.2 MiB)","logger":"airflow.task.hooks.airflow.providers.standard.hooks.subprocess.SubprocessHook"}
{"timestamp":"2025-07-03T18:57:24.977506","level":"info","event":"25/07/03 18:57:24 INFO BlockManagerInfo: Added broadcast_7_piece0 in memory on a5088bcdb211:42859 (size: 9.3 KiB, free: 366.2 MiB)","logger":"airflow.task.hooks.airflow.providers.standard.hooks.subprocess.SubprocessHook"}
{"timestamp":"2025-07-03T18:57:24.977912","level":"info","event":"25/07/03 18:57:24 INFO SparkContext: Created broadcast 7 from broadcast at DAGScheduler.scala:1383","logger":"airflow.task.hooks.airflow.providers.standard.hooks.subprocess.SubprocessHook"}
{"timestamp":"2025-07-03T18:57:24.981647","level":"info","event":"25/07/03 18:57:24 INFO DAGScheduler: Submitting 1 missing tasks from ShuffleMapStage 3 (MapPartitionsRDD[20] at count at NativeMethodAccessorImpl.java:0) (first 15 tasks are for partitions Vector(0))","logger":"airflow.task.hooks.airflow.providers.standard.hooks.subprocess.SubprocessHook"}
{"timestamp":"2025-07-03T18:57:24.981837","level":"info","event":"25/07/03 18:57:24 INFO BlockManagerInfo: Removed broadcast_1_piece0 on a5088bcdb211:42859 in memory (size: 5.4 KiB, free: 366.2 MiB)","logger":"airflow.task.hooks.airflow.providers.standard.hooks.subprocess.SubprocessHook"}
{"timestamp":"2025-07-03T18:57:24.981919","level":"info","event":"25/07/03 18:57:24 INFO TaskSchedulerImpl: Adding task set 3.0 with 1 tasks resource profile 0","logger":"airflow.task.hooks.airflow.providers.standard.hooks.subprocess.SubprocessHook"}
{"timestamp":"2025-07-03T18:57:24.989235","level":"info","event":"25/07/03 18:57:24 INFO TaskSetManager: Starting task 0.0 in stage 3.0 (TID 3) (172.21.0.6, executor 0, partition 0, ANY, 4865 bytes) taskResourceAssignments Map()","logger":"airflow.task.hooks.airflow.providers.standard.hooks.subprocess.SubprocessHook"}
{"timestamp":"2025-07-03T18:57:24.989547","level":"info","event":"25/07/03 18:57:24 INFO BlockManagerInfo: Removed broadcast_1_piece0 on 172.21.0.6:44621 in memory (size: 5.4 KiB, free: 366.2 MiB)","logger":"airflow.task.hooks.airflow.providers.standard.hooks.subprocess.SubprocessHook"}
{"timestamp":"2025-07-03T18:57:24.994138","level":"info","event":"25/07/03 18:57:24 INFO BlockManagerInfo: Removed broadcast_3_piece0 on a5088bcdb211:42859 in memory (size: 8.0 KiB, free: 366.2 MiB)","logger":"airflow.task.hooks.airflow.providers.standard.hooks.subprocess.SubprocessHook"}
{"timestamp":"2025-07-03T18:57:24.995566","level":"info","event":"25/07/03 18:57:24 INFO BlockManagerInfo: Removed broadcast_3_piece0 on 172.21.0.6:44621 in memory (size: 8.0 KiB, free: 366.2 MiB)","logger":"airflow.task.hooks.airflow.providers.standard.hooks.subprocess.SubprocessHook"}
{"timestamp":"2025-07-03T18:57:25.000636","level":"info","event":"25/07/03 18:57:24 INFO BlockManagerInfo: Added broadcast_7_piece0 in memory on 172.21.0.6:44621 (size: 9.3 KiB, free: 366.2 MiB)","logger":"airflow.task.hooks.airflow.providers.standard.hooks.subprocess.SubprocessHook"}
{"timestamp":"2025-07-03T18:57:25.003661","level":"info","event":"25/07/03 18:57:25 INFO BlockManagerInfo: Removed broadcast_5_piece0 on a5088bcdb211:42859 in memory (size: 9.7 KiB, free: 366.2 MiB)","logger":"airflow.task.hooks.airflow.providers.standard.hooks.subprocess.SubprocessHook"}
{"timestamp":"2025-07-03T18:57:25.009330","level":"info","event":"25/07/03 18:57:25 INFO BlockManagerInfo: Removed broadcast_5_piece0 on 172.21.0.6:44621 in memory (size: 9.7 KiB, free: 366.2 MiB)","logger":"airflow.task.hooks.airflow.providers.standard.hooks.subprocess.SubprocessHook"}
{"timestamp":"2025-07-03T18:57:25.097644","level":"info","event":"25/07/03 18:57:25 INFO BlockManagerInfo: Added broadcast_6_piece0 in memory on 172.21.0.6:44621 (size: 27.5 KiB, free: 366.2 MiB)","logger":"airflow.task.hooks.airflow.providers.standard.hooks.subprocess.SubprocessHook"}
{"timestamp":"2025-07-03T18:57:25.194785","level":"info","event":"25/07/03 18:57:25 INFO TaskSetManager: Finished task 0.0 in stage 3.0 (TID 3) in 211 ms on 172.21.0.6 (executor 0) (1/1)","logger":"airflow.task.hooks.airflow.providers.standard.hooks.subprocess.SubprocessHook"}
{"timestamp":"2025-07-03T18:57:25.194979","level":"info","event":"25/07/03 18:57:25 INFO TaskSchedulerImpl: Removed TaskSet 3.0, whose tasks have all completed, from pool","logger":"airflow.task.hooks.airflow.providers.standard.hooks.subprocess.SubprocessHook"}
{"timestamp":"2025-07-03T18:57:25.198810","level":"info","event":"25/07/03 18:57:25 INFO DAGScheduler: ShuffleMapStage 3 (count at NativeMethodAccessorImpl.java:0) finished in 0.231 s","logger":"airflow.task.hooks.airflow.providers.standard.hooks.subprocess.SubprocessHook"}
{"timestamp":"2025-07-03T18:57:25.200195","level":"info","event":"25/07/03 18:57:25 INFO DAGScheduler: looking for newly runnable stages","logger":"airflow.task.hooks.airflow.providers.standard.hooks.subprocess.SubprocessHook"}
{"timestamp":"2025-07-03T18:57:25.200384","level":"info","event":"25/07/03 18:57:25 INFO DAGScheduler: running: Set()","logger":"airflow.task.hooks.airflow.providers.standard.hooks.subprocess.SubprocessHook"}
{"timestamp":"2025-07-03T18:57:25.200482","level":"info","event":"25/07/03 18:57:25 INFO DAGScheduler: waiting: Set(ResultStage 4)","logger":"airflow.task.hooks.airflow.providers.standard.hooks.subprocess.SubprocessHook"}
{"timestamp":"2025-07-03T18:57:25.200537","level":"info","event":"25/07/03 18:57:25 INFO DAGScheduler: failed: Set()","logger":"airflow.task.hooks.airflow.providers.standard.hooks.subprocess.SubprocessHook"}
{"timestamp":"2025-07-03T18:57:25.203766","level":"info","event":"25/07/03 18:57:25 INFO DAGScheduler: Submitting ResultStage 4 (MapPartitionsRDD[23] at count at NativeMethodAccessorImpl.java:0), which has no missing parents","logger":"airflow.task.hooks.airflow.providers.standard.hooks.subprocess.SubprocessHook"}
{"timestamp":"2025-07-03T18:57:25.214666","level":"info","event":"25/07/03 18:57:25 INFO MemoryStore: Block broadcast_8 stored as values in memory (estimated size 10.1 KiB, free 365.3 MiB)","logger":"airflow.task.hooks.airflow.providers.standard.hooks.subprocess.SubprocessHook"}
{"timestamp":"2025-07-03T18:57:25.216977","level":"info","event":"25/07/03 18:57:25 INFO MemoryStore: Block broadcast_8_piece0 stored as bytes in memory (estimated size 5.0 KiB, free 365.3 MiB)","logger":"airflow.task.hooks.airflow.providers.standard.hooks.subprocess.SubprocessHook"}
{"timestamp":"2025-07-03T18:57:25.217640","level":"info","event":"25/07/03 18:57:25 INFO BlockManagerInfo: Added broadcast_8_piece0 in memory on a5088bcdb211:42859 (size: 5.0 KiB, free: 366.2 MiB)","logger":"airflow.task.hooks.airflow.providers.standard.hooks.subprocess.SubprocessHook"}
{"timestamp":"2025-07-03T18:57:25.218615","level":"info","event":"25/07/03 18:57:25 INFO SparkContext: Created broadcast 8 from broadcast at DAGScheduler.scala:1383","logger":"airflow.task.hooks.airflow.providers.standard.hooks.subprocess.SubprocessHook"}
{"timestamp":"2025-07-03T18:57:25.219054","level":"info","event":"25/07/03 18:57:25 INFO DAGScheduler: Submitting 1 missing tasks from ResultStage 4 (MapPartitionsRDD[23] at count at NativeMethodAccessorImpl.java:0) (first 15 tasks are for partitions Vector(0))","logger":"airflow.task.hooks.airflow.providers.standard.hooks.subprocess.SubprocessHook"}
{"timestamp":"2025-07-03T18:57:25.219142","level":"info","event":"25/07/03 18:57:25 INFO TaskSchedulerImpl: Adding task set 4.0 with 1 tasks resource profile 0","logger":"airflow.task.hooks.airflow.providers.standard.hooks.subprocess.SubprocessHook"}
{"timestamp":"2025-07-03T18:57:25.223348","level":"info","event":"25/07/03 18:57:25 INFO TaskSetManager: Starting task 0.0 in stage 4.0 (TID 4) (172.21.0.6, executor 0, partition 0, NODE_LOCAL, 4457 bytes) taskResourceAssignments Map()","logger":"airflow.task.hooks.airflow.providers.standard.hooks.subprocess.SubprocessHook"}
{"timestamp":"2025-07-03T18:57:25.239982","level":"info","event":"25/07/03 18:57:25 INFO BlockManagerInfo: Added broadcast_8_piece0 in memory on 172.21.0.6:44621 (size: 5.0 KiB, free: 366.2 MiB)","logger":"airflow.task.hooks.airflow.providers.standard.hooks.subprocess.SubprocessHook"}
{"timestamp":"2025-07-03T18:57:25.255363","level":"info","event":"25/07/03 18:57:25 INFO MapOutputTrackerMasterEndpoint: Asked to send map output locations for shuffle 0 to 172.21.0.6:45098","logger":"airflow.task.hooks.airflow.providers.standard.hooks.subprocess.SubprocessHook"}
{"timestamp":"2025-07-03T18:57:25.340522","level":"info","event":"25/07/03 18:57:25 INFO TaskSetManager: Finished task 0.0 in stage 4.0 (TID 4) in 119 ms on 172.21.0.6 (executor 0) (1/1)","logger":"airflow.task.hooks.airflow.providers.standard.hooks.subprocess.SubprocessHook"}
{"timestamp":"2025-07-03T18:57:25.340729","level":"info","event":"25/07/03 18:57:25 INFO TaskSchedulerImpl: Removed TaskSet 4.0, whose tasks have all completed, from pool","logger":"airflow.task.hooks.airflow.providers.standard.hooks.subprocess.SubprocessHook"}
{"timestamp":"2025-07-03T18:57:25.341329","level":"info","event":"25/07/03 18:57:25 INFO DAGScheduler: ResultStage 4 (count at NativeMethodAccessorImpl.java:0) finished in 0.129 s","logger":"airflow.task.hooks.airflow.providers.standard.hooks.subprocess.SubprocessHook"}
{"timestamp":"2025-07-03T18:57:25.341420","level":"info","event":"25/07/03 18:57:25 INFO DAGScheduler: Job 3 is finished. Cancelling potential speculative or zombie tasks for this job","logger":"airflow.task.hooks.airflow.providers.standard.hooks.subprocess.SubprocessHook"}
{"timestamp":"2025-07-03T18:57:25.341467","level":"info","event":"25/07/03 18:57:25 INFO TaskSchedulerImpl: Killing all running tasks in stage 4: Stage finished","logger":"airflow.task.hooks.airflow.providers.standard.hooks.subprocess.SubprocessHook"}
{"timestamp":"2025-07-03T18:57:25.341692","level":"info","event":"25/07/03 18:57:25 INFO DAGScheduler: Job 3 finished: count at NativeMethodAccessorImpl.java:0, took 0.388836 s","logger":"airflow.task.hooks.airflow.providers.standard.hooks.subprocess.SubprocessHook"}
{"timestamp":"2025-07-03T18:57:25.344972","level":"info","event":"Number of outliers in totalcharges: 154","logger":"airflow.task.hooks.airflow.providers.standard.hooks.subprocess.SubprocessHook"}
{"timestamp":"2025-07-03T18:57:25.439257","level":"info","event":"25/07/03 18:57:25 INFO FileSourceStrategy: Pushed Filters:","logger":"airflow.task.hooks.airflow.providers.standard.hooks.subprocess.SubprocessHook"}
{"timestamp":"2025-07-03T18:57:25.439485","level":"info","event":"25/07/03 18:57:25 INFO FileSourceStrategy: Post-Scan Filters:","logger":"airflow.task.hooks.airflow.providers.standard.hooks.subprocess.SubprocessHook"}
{"timestamp":"2025-07-03T18:57:25.439575","level":"info","event":"25/07/03 18:57:25 INFO FileSourceStrategy: Output Data Schema: struct<customerID: string, gender: string, SeniorCitizen: int, Partner: string, Dependents: string ... 19 more fields>","logger":"airflow.task.hooks.airflow.providers.standard.hooks.subprocess.SubprocessHook"}
{"timestamp":"2025-07-03T18:57:25.492518","level":"info","event":"25/07/03 18:57:25 INFO ParquetFileFormat: Using default output committer for Parquet: org.apache.parquet.hadoop.ParquetOutputCommitter","logger":"airflow.task.hooks.airflow.providers.standard.hooks.subprocess.SubprocessHook"}
{"timestamp":"2025-07-03T18:57:25.515411","level":"info","event":"25/07/03 18:57:25 INFO FileOutputCommitter: File Output Committer Algorithm version is 1","logger":"airflow.task.hooks.airflow.providers.standard.hooks.subprocess.SubprocessHook"}
{"timestamp":"2025-07-03T18:57:25.515607","level":"info","event":"25/07/03 18:57:25 INFO FileOutputCommitter: FileOutputCommitter skip cleanup _temporary folders under output directory:false, ignore cleanup failures: false","logger":"airflow.task.hooks.airflow.providers.standard.hooks.subprocess.SubprocessHook"}
{"timestamp":"2025-07-03T18:57:25.517119","level":"info","event":"25/07/03 18:57:25 INFO SQLHadoopMapReduceCommitProtocol: Using user defined output committer class org.apache.parquet.hadoop.ParquetOutputCommitter","logger":"airflow.task.hooks.airflow.providers.standard.hooks.subprocess.SubprocessHook"}
{"timestamp":"2025-07-03T18:57:25.517287","level":"info","event":"25/07/03 18:57:25 INFO FileOutputCommitter: File Output Committer Algorithm version is 1","logger":"airflow.task.hooks.airflow.providers.standard.hooks.subprocess.SubprocessHook"}
{"timestamp":"2025-07-03T18:57:25.517364","level":"info","event":"25/07/03 18:57:25 INFO FileOutputCommitter: FileOutputCommitter skip cleanup _temporary folders under output directory:false, ignore cleanup failures: false","logger":"airflow.task.hooks.airflow.providers.standard.hooks.subprocess.SubprocessHook"}
{"timestamp":"2025-07-03T18:57:25.519065","level":"info","event":"25/07/03 18:57:25 INFO SQLHadoopMapReduceCommitProtocol: Using output committer class org.apache.parquet.hadoop.ParquetOutputCommitter","logger":"airflow.task.hooks.airflow.providers.standard.hooks.subprocess.SubprocessHook"}
{"timestamp":"2025-07-03T18:57:25.613103","level":"info","event":"25/07/03 18:57:25 INFO CodeGenerator: Code generated in 35.88204 ms","logger":"airflow.task.hooks.airflow.providers.standard.hooks.subprocess.SubprocessHook"}
{"timestamp":"2025-07-03T18:57:25.616617","level":"info","event":"25/07/03 18:57:25 INFO MemoryStore: Block broadcast_9 stored as values in memory (estimated size 303.7 KiB, free 365.0 MiB)","logger":"airflow.task.hooks.airflow.providers.standard.hooks.subprocess.SubprocessHook"}
{"timestamp":"2025-07-03T18:57:25.627318","level":"info","event":"25/07/03 18:57:25 INFO MemoryStore: Block broadcast_9_piece0 stored as bytes in memory (estimated size 27.5 KiB, free 365.0 MiB)","logger":"airflow.task.hooks.airflow.providers.standard.hooks.subprocess.SubprocessHook"}
{"timestamp":"2025-07-03T18:57:25.628852","level":"info","event":"25/07/03 18:57:25 INFO BlockManagerInfo: Added broadcast_9_piece0 in memory on a5088bcdb211:42859 (size: 27.5 KiB, free: 366.2 MiB)","logger":"airflow.task.hooks.airflow.providers.standard.hooks.subprocess.SubprocessHook"}
{"timestamp":"2025-07-03T18:57:25.629538","level":"info","event":"25/07/03 18:57:25 INFO SparkContext: Created broadcast 9 from parquet at NativeMethodAccessorImpl.java:0","logger":"airflow.task.hooks.airflow.providers.standard.hooks.subprocess.SubprocessHook"}
{"timestamp":"2025-07-03T18:57:25.630733","level":"info","event":"25/07/03 18:57:25 INFO FileSourceScanExec: Planning scan with bin packing, max size: 4194304 bytes, open cost is considered as scanning 4194304 bytes.","logger":"airflow.task.hooks.airflow.providers.standard.hooks.subprocess.SubprocessHook"}
{"timestamp":"2025-07-03T18:57:25.662253","level":"info","event":"25/07/03 18:57:25 INFO SparkContext: Starting job: parquet at NativeMethodAccessorImpl.java:0","logger":"airflow.task.hooks.airflow.providers.standard.hooks.subprocess.SubprocessHook"}
{"timestamp":"2025-07-03T18:57:25.663488","level":"info","event":"25/07/03 18:57:25 INFO DAGScheduler: Got job 4 (parquet at NativeMethodAccessorImpl.java:0) with 1 output partitions","logger":"airflow.task.hooks.airflow.providers.standard.hooks.subprocess.SubprocessHook"}
{"timestamp":"2025-07-03T18:57:25.663882","level":"info","event":"25/07/03 18:57:25 INFO DAGScheduler: Final stage: ResultStage 5 (parquet at NativeMethodAccessorImpl.java:0)","logger":"airflow.task.hooks.airflow.providers.standard.hooks.subprocess.SubprocessHook"}
{"timestamp":"2025-07-03T18:57:25.664667","level":"info","event":"25/07/03 18:57:25 INFO DAGScheduler: Parents of final stage: List()","logger":"airflow.task.hooks.airflow.providers.standard.hooks.subprocess.SubprocessHook"}
{"timestamp":"2025-07-03T18:57:25.664903","level":"info","event":"25/07/03 18:57:25 INFO DAGScheduler: Missing parents: List()","logger":"airflow.task.hooks.airflow.providers.standard.hooks.subprocess.SubprocessHook"}
{"timestamp":"2025-07-03T18:57:25.665050","level":"info","event":"25/07/03 18:57:25 INFO DAGScheduler: Submitting ResultStage 5 (MapPartitionsRDD[26] at parquet at NativeMethodAccessorImpl.java:0), which has no missing parents","logger":"airflow.task.hooks.airflow.providers.standard.hooks.subprocess.SubprocessHook"}
{"timestamp":"2025-07-03T18:57:25.681438","level":"info","event":"25/07/03 18:57:25 INFO MemoryStore: Block broadcast_10 stored as values in memory (estimated size 191.0 KiB, free 364.8 MiB)","logger":"airflow.task.hooks.airflow.providers.standard.hooks.subprocess.SubprocessHook"}
{"timestamp":"2025-07-03T18:57:25.683613","level":"info","event":"25/07/03 18:57:25 INFO MemoryStore: Block broadcast_10_piece0 stored as bytes in memory (estimated size 66.8 KiB, free 364.7 MiB)","logger":"airflow.task.hooks.airflow.providers.standard.hooks.subprocess.SubprocessHook"}
{"timestamp":"2025-07-03T18:57:25.684251","level":"info","event":"25/07/03 18:57:25 INFO BlockManagerInfo: Added broadcast_10_piece0 in memory on a5088bcdb211:42859 (size: 66.8 KiB, free: 366.1 MiB)","logger":"airflow.task.hooks.airflow.providers.standard.hooks.subprocess.SubprocessHook"}
{"timestamp":"2025-07-03T18:57:25.684698","level":"info","event":"25/07/03 18:57:25 INFO SparkContext: Created broadcast 10 from broadcast at DAGScheduler.scala:1383","logger":"airflow.task.hooks.airflow.providers.standard.hooks.subprocess.SubprocessHook"}
{"timestamp":"2025-07-03T18:57:25.685626","level":"info","event":"25/07/03 18:57:25 INFO DAGScheduler: Submitting 1 missing tasks from ResultStage 5 (MapPartitionsRDD[26] at parquet at NativeMethodAccessorImpl.java:0) (first 15 tasks are for partitions Vector(0))","logger":"airflow.task.hooks.airflow.providers.standard.hooks.subprocess.SubprocessHook"}
{"timestamp":"2025-07-03T18:57:25.685765","level":"info","event":"25/07/03 18:57:25 INFO TaskSchedulerImpl: Adding task set 5.0 with 1 tasks resource profile 0","logger":"airflow.task.hooks.airflow.providers.standard.hooks.subprocess.SubprocessHook"}
{"timestamp":"2025-07-03T18:57:25.687231","level":"info","event":"25/07/03 18:57:25 INFO TaskSetManager: Starting task 0.0 in stage 5.0 (TID 5) (172.21.0.6, executor 0, partition 0, ANY, 4876 bytes) taskResourceAssignments Map()","logger":"airflow.task.hooks.airflow.providers.standard.hooks.subprocess.SubprocessHook"}
{"timestamp":"2025-07-03T18:57:25.702010","level":"info","event":"25/07/03 18:57:25 INFO BlockManagerInfo: Added broadcast_10_piece0 in memory on 172.21.0.6:44621 (size: 66.8 KiB, free: 366.1 MiB)","logger":"airflow.task.hooks.airflow.providers.standard.hooks.subprocess.SubprocessHook"}
{"timestamp":"2025-07-03T18:57:26.166218","level":"info","event":"25/07/03 18:57:26 INFO BlockManagerInfo: Added broadcast_9_piece0 in memory on 172.21.0.6:44621 (size: 27.5 KiB, free: 366.1 MiB)","logger":"airflow.task.hooks.airflow.providers.standard.hooks.subprocess.SubprocessHook"}
{"timestamp":"2025-07-03T18:57:27.096376","level":"info","event":"25/07/03 18:57:27 INFO TaskSetManager: Finished task 0.0 in stage 5.0 (TID 5) in 1408 ms on 172.21.0.6 (executor 0) (1/1)","logger":"airflow.task.hooks.airflow.providers.standard.hooks.subprocess.SubprocessHook"}
{"timestamp":"2025-07-03T18:57:27.096570","level":"info","event":"25/07/03 18:57:27 INFO TaskSchedulerImpl: Removed TaskSet 5.0, whose tasks have all completed, from pool","logger":"airflow.task.hooks.airflow.providers.standard.hooks.subprocess.SubprocessHook"}
{"timestamp":"2025-07-03T18:57:27.096650","level":"info","event":"25/07/03 18:57:27 INFO DAGScheduler: ResultStage 5 (parquet at NativeMethodAccessorImpl.java:0) finished in 1.430 s","logger":"airflow.task.hooks.airflow.providers.standard.hooks.subprocess.SubprocessHook"}
{"timestamp":"2025-07-03T18:57:27.096722","level":"info","event":"25/07/03 18:57:27 INFO DAGScheduler: Job 4 is finished. Cancelling potential speculative or zombie tasks for this job","logger":"airflow.task.hooks.airflow.providers.standard.hooks.subprocess.SubprocessHook"}
{"timestamp":"2025-07-03T18:57:27.096777","level":"info","event":"25/07/03 18:57:27 INFO TaskSchedulerImpl: Killing all running tasks in stage 5: Stage finished","logger":"airflow.task.hooks.airflow.providers.standard.hooks.subprocess.SubprocessHook"}
{"timestamp":"2025-07-03T18:57:27.097462","level":"info","event":"25/07/03 18:57:27 INFO DAGScheduler: Job 4 finished: parquet at NativeMethodAccessorImpl.java:0, took 1.435065 s","logger":"airflow.task.hooks.airflow.providers.standard.hooks.subprocess.SubprocessHook"}
{"timestamp":"2025-07-03T18:57:27.161992","level":"info","event":"25/07/03 18:57:27 INFO FileFormatWriter: Write Job 9641ce4b-764e-40df-8907-526029e54628 committed.","logger":"airflow.task.hooks.airflow.providers.standard.hooks.subprocess.SubprocessHook"}
{"timestamp":"2025-07-03T18:57:27.164929","level":"info","event":"25/07/03 18:57:27 INFO FileFormatWriter: Finished processing stats for write job 9641ce4b-764e-40df-8907-526029e54628.","logger":"airflow.task.hooks.airflow.providers.standard.hooks.subprocess.SubprocessHook"}
{"timestamp":"2025-07-03T18:57:27.206368","level":"info","event":"Traceback (most recent call last):","logger":"airflow.task.hooks.airflow.providers.standard.hooks.subprocess.SubprocessHook"}
{"timestamp":"2025-07-03T18:57:27.206527","level":"info","event":"  File \"/opt/spark-apps/get_clean.py\", line 67, in <module>","logger":"airflow.task.hooks.airflow.providers.standard.hooks.subprocess.SubprocessHook"}
{"timestamp":"2025-07-03T18:57:27.208066","level":"info","event":"    .mode(\"append\")\\","logger":"airflow.task.hooks.airflow.providers.standard.hooks.subprocess.SubprocessHook"}
{"timestamp":"2025-07-03T18:57:27.208187","level":"info","event":"  File \"/spark/python/lib/pyspark.zip/pyspark/sql/readwriter.py\", line 1107, in save","logger":"airflow.task.hooks.airflow.providers.standard.hooks.subprocess.SubprocessHook"}
{"timestamp":"2025-07-03T18:57:27.208243","level":"info","event":"  File \"/spark/python/lib/py4j-0.10.9-src.zip/py4j/java_gateway.py\", line 1305, in __call__","logger":"airflow.task.hooks.airflow.providers.standard.hooks.subprocess.SubprocessHook"}
{"timestamp":"2025-07-03T18:57:27.208602","level":"info","event":"  File \"/spark/python/lib/pyspark.zip/pyspark/sql/utils.py\", line 111, in deco","logger":"airflow.task.hooks.airflow.providers.standard.hooks.subprocess.SubprocessHook"}
{"timestamp":"2025-07-03T18:57:27.208783","level":"info","event":"  File \"/spark/python/lib/py4j-0.10.9-src.zip/py4j/protocol.py\", line 328, in get_return_value","logger":"airflow.task.hooks.airflow.providers.standard.hooks.subprocess.SubprocessHook"}
{"timestamp":"2025-07-03T18:57:27.209638","level":"info","event":"py4j.protocol.Py4JJavaError: An error occurred while calling o112.save.","logger":"airflow.task.hooks.airflow.providers.standard.hooks.subprocess.SubprocessHook"}
{"timestamp":"2025-07-03T18:57:27.209746","level":"info","event":": java.lang.ClassNotFoundException: org.postgresql.Driver","logger":"airflow.task.hooks.airflow.providers.standard.hooks.subprocess.SubprocessHook"}
{"timestamp":"2025-07-03T18:57:27.209791","level":"info","event":"\tat java.net.URLClassLoader.findClass(URLClassLoader.java:382)","logger":"airflow.task.hooks.airflow.providers.standard.hooks.subprocess.SubprocessHook"}
{"timestamp":"2025-07-03T18:57:27.209830","level":"info","event":"\tat java.lang.ClassLoader.loadClass(ClassLoader.java:419)","logger":"airflow.task.hooks.airflow.providers.standard.hooks.subprocess.SubprocessHook"}
{"timestamp":"2025-07-03T18:57:27.209859","level":"info","event":"\tat java.lang.ClassLoader.loadClass(ClassLoader.java:352)","logger":"airflow.task.hooks.airflow.providers.standard.hooks.subprocess.SubprocessHook"}
{"timestamp":"2025-07-03T18:57:27.209885","level":"info","event":"\tat org.apache.spark.sql.execution.datasources.jdbc.DriverRegistry$.register(DriverRegistry.scala:46)","logger":"airflow.task.hooks.airflow.providers.standard.hooks.subprocess.SubprocessHook"}
{"timestamp":"2025-07-03T18:57:27.209921","level":"info","event":"\tat org.apache.spark.sql.execution.datasources.jdbc.JDBCOptions.$anonfun$driverClass$1(JDBCOptions.scala:102)","logger":"airflow.task.hooks.airflow.providers.standard.hooks.subprocess.SubprocessHook"}
{"timestamp":"2025-07-03T18:57:27.209948","level":"info","event":"\tat org.apache.spark.sql.execution.datasources.jdbc.JDBCOptions.$anonfun$driverClass$1$adapted(JDBCOptions.scala:102)","logger":"airflow.task.hooks.airflow.providers.standard.hooks.subprocess.SubprocessHook"}
{"timestamp":"2025-07-03T18:57:27.209975","level":"info","event":"\tat scala.Option.foreach(Option.scala:407)","logger":"airflow.task.hooks.airflow.providers.standard.hooks.subprocess.SubprocessHook"}
{"timestamp":"2025-07-03T18:57:27.210008","level":"info","event":"\tat org.apache.spark.sql.execution.datasources.jdbc.JDBCOptions.<init>(JDBCOptions.scala:102)","logger":"airflow.task.hooks.airflow.providers.standard.hooks.subprocess.SubprocessHook"}
{"timestamp":"2025-07-03T18:57:27.210033","level":"info","event":"\tat org.apache.spark.sql.execution.datasources.jdbc.JdbcOptionsInWrite.<init>(JDBCOptions.scala:215)","logger":"airflow.task.hooks.airflow.providers.standard.hooks.subprocess.SubprocessHook"}
{"timestamp":"2025-07-03T18:57:27.210055","level":"info","event":"\tat org.apache.spark.sql.execution.datasources.jdbc.JdbcOptionsInWrite.<init>(JDBCOptions.scala:219)","logger":"airflow.task.hooks.airflow.providers.standard.hooks.subprocess.SubprocessHook"}
{"timestamp":"2025-07-03T18:57:27.210087","level":"info","event":"\tat org.apache.spark.sql.execution.datasources.jdbc.JdbcRelationProvider.createRelation(JdbcRelationProvider.scala:45)","logger":"airflow.task.hooks.airflow.providers.standard.hooks.subprocess.SubprocessHook"}
{"timestamp":"2025-07-03T18:57:27.210112","level":"info","event":"\tat org.apache.spark.sql.execution.datasources.SaveIntoDataSourceCommand.run(SaveIntoDataSourceCommand.scala:46)","logger":"airflow.task.hooks.airflow.providers.standard.hooks.subprocess.SubprocessHook"}
{"timestamp":"2025-07-03T18:57:27.210134","level":"info","event":"\tat org.apache.spark.sql.execution.command.ExecutedCommandExec.sideEffectResult$lzycompute(commands.scala:70)","logger":"airflow.task.hooks.airflow.providers.standard.hooks.subprocess.SubprocessHook"}
{"timestamp":"2025-07-03T18:57:27.210168","level":"info","event":"\tat org.apache.spark.sql.execution.command.ExecutedCommandExec.sideEffectResult(commands.scala:68)","logger":"airflow.task.hooks.airflow.providers.standard.hooks.subprocess.SubprocessHook"}
{"timestamp":"2025-07-03T18:57:27.210200","level":"info","event":"\tat org.apache.spark.sql.execution.command.ExecutedCommandExec.doExecute(commands.scala:90)","logger":"airflow.task.hooks.airflow.providers.standard.hooks.subprocess.SubprocessHook"}
{"timestamp":"2025-07-03T18:57:27.210223","level":"info","event":"\tat org.apache.spark.sql.execution.SparkPlan.$anonfun$execute$1(SparkPlan.scala:180)","logger":"airflow.task.hooks.airflow.providers.standard.hooks.subprocess.SubprocessHook"}
{"timestamp":"2025-07-03T18:57:27.210246","level":"info","event":"\tat org.apache.spark.sql.execution.SparkPlan.$anonfun$executeQuery$1(SparkPlan.scala:218)","logger":"airflow.task.hooks.airflow.providers.standard.hooks.subprocess.SubprocessHook"}
{"timestamp":"2025-07-03T18:57:27.210268","level":"info","event":"\tat org.apache.spark.rdd.RDDOperationScope$.withScope(RDDOperationScope.scala:151)","logger":"airflow.task.hooks.airflow.providers.standard.hooks.subprocess.SubprocessHook"}
{"timestamp":"2025-07-03T18:57:27.210289","level":"info","event":"\tat org.apache.spark.sql.execution.SparkPlan.executeQuery(SparkPlan.scala:215)","logger":"airflow.task.hooks.airflow.providers.standard.hooks.subprocess.SubprocessHook"}
{"timestamp":"2025-07-03T18:57:27.210309","level":"info","event":"\tat org.apache.spark.sql.execution.SparkPlan.execute(SparkPlan.scala:176)","logger":"airflow.task.hooks.airflow.providers.standard.hooks.subprocess.SubprocessHook"}
{"timestamp":"2025-07-03T18:57:27.210330","level":"info","event":"\tat org.apache.spark.sql.execution.QueryExecution.toRdd$lzycompute(QueryExecution.scala:132)","logger":"airflow.task.hooks.airflow.providers.standard.hooks.subprocess.SubprocessHook"}
{"timestamp":"2025-07-03T18:57:27.210350","level":"info","event":"\tat org.apache.spark.sql.execution.QueryExecution.toRdd(QueryExecution.scala:131)","logger":"airflow.task.hooks.airflow.providers.standard.hooks.subprocess.SubprocessHook"}
{"timestamp":"2025-07-03T18:57:27.210370","level":"info","event":"\tat org.apache.spark.sql.DataFrameWriter.$anonfun$runCommand$1(DataFrameWriter.scala:989)","logger":"airflow.task.hooks.airflow.providers.standard.hooks.subprocess.SubprocessHook"}
{"timestamp":"2025-07-03T18:57:27.210395","level":"info","event":"\tat org.apache.spark.sql.execution.SQLExecution$.$anonfun$withNewExecutionId$5(SQLExecution.scala:103)","logger":"airflow.task.hooks.airflow.providers.standard.hooks.subprocess.SubprocessHook"}
{"timestamp":"2025-07-03T18:57:27.210416","level":"info","event":"\tat org.apache.spark.sql.execution.SQLExecution$.withSQLConfPropagated(SQLExecution.scala:163)","logger":"airflow.task.hooks.airflow.providers.standard.hooks.subprocess.SubprocessHook"}
{"timestamp":"2025-07-03T18:57:27.210436","level":"info","event":"\tat org.apache.spark.sql.execution.SQLExecution$.$anonfun$withNewExecutionId$1(SQLExecution.scala:90)","logger":"airflow.task.hooks.airflow.providers.standard.hooks.subprocess.SubprocessHook"}
{"timestamp":"2025-07-03T18:57:27.210457","level":"info","event":"\tat org.apache.spark.sql.SparkSession.withActive(SparkSession.scala:772)","logger":"airflow.task.hooks.airflow.providers.standard.hooks.subprocess.SubprocessHook"}
{"timestamp":"2025-07-03T18:57:27.210481","level":"info","event":"\tat org.apache.spark.sql.execution.SQLExecution$.withNewExecutionId(SQLExecution.scala:64)","logger":"airflow.task.hooks.airflow.providers.standard.hooks.subprocess.SubprocessHook"}
{"timestamp":"2025-07-03T18:57:27.210503","level":"info","event":"\tat org.apache.spark.sql.DataFrameWriter.runCommand(DataFrameWriter.scala:989)","logger":"airflow.task.hooks.airflow.providers.standard.hooks.subprocess.SubprocessHook"}
{"timestamp":"2025-07-03T18:57:27.210529","level":"info","event":"\tat org.apache.spark.sql.DataFrameWriter.saveToV1Source(DataFrameWriter.scala:438)","logger":"airflow.task.hooks.airflow.providers.standard.hooks.subprocess.SubprocessHook"}
{"timestamp":"2025-07-03T18:57:27.210552","level":"info","event":"\tat org.apache.spark.sql.DataFrameWriter.saveInternal(DataFrameWriter.scala:415)","logger":"airflow.task.hooks.airflow.providers.standard.hooks.subprocess.SubprocessHook"}
{"timestamp":"2025-07-03T18:57:27.210573","level":"info","event":"\tat org.apache.spark.sql.DataFrameWriter.save(DataFrameWriter.scala:301)","logger":"airflow.task.hooks.airflow.providers.standard.hooks.subprocess.SubprocessHook"}
{"timestamp":"2025-07-03T18:57:27.210594","level":"info","event":"\tat sun.reflect.NativeMethodAccessorImpl.invoke0(Native Method)","logger":"airflow.task.hooks.airflow.providers.standard.hooks.subprocess.SubprocessHook"}
{"timestamp":"2025-07-03T18:57:27.210615","level":"info","event":"\tat sun.reflect.NativeMethodAccessorImpl.invoke(NativeMethodAccessorImpl.java:62)","logger":"airflow.task.hooks.airflow.providers.standard.hooks.subprocess.SubprocessHook"}
{"timestamp":"2025-07-03T18:57:27.210640","level":"info","event":"\tat sun.reflect.DelegatingMethodAccessorImpl.invoke(DelegatingMethodAccessorImpl.java:43)","logger":"airflow.task.hooks.airflow.providers.standard.hooks.subprocess.SubprocessHook"}
{"timestamp":"2025-07-03T18:57:27.210662","level":"info","event":"\tat java.lang.reflect.Method.invoke(Method.java:498)","logger":"airflow.task.hooks.airflow.providers.standard.hooks.subprocess.SubprocessHook"}
{"timestamp":"2025-07-03T18:57:27.210683","level":"info","event":"\tat py4j.reflection.MethodInvoker.invoke(MethodInvoker.java:244)","logger":"airflow.task.hooks.airflow.providers.standard.hooks.subprocess.SubprocessHook"}
{"timestamp":"2025-07-03T18:57:27.210716","level":"info","event":"\tat py4j.reflection.ReflectionEngine.invoke(ReflectionEngine.java:357)","logger":"airflow.task.hooks.airflow.providers.standard.hooks.subprocess.SubprocessHook"}
{"timestamp":"2025-07-03T18:57:27.210740","level":"info","event":"\tat py4j.Gateway.invoke(Gateway.java:282)","logger":"airflow.task.hooks.airflow.providers.standard.hooks.subprocess.SubprocessHook"}
{"timestamp":"2025-07-03T18:57:27.210761","level":"info","event":"\tat py4j.commands.AbstractCommand.invokeMethod(AbstractCommand.java:132)","logger":"airflow.task.hooks.airflow.providers.standard.hooks.subprocess.SubprocessHook"}
{"timestamp":"2025-07-03T18:57:27.210782","level":"info","event":"\tat py4j.commands.CallCommand.execute(CallCommand.java:79)","logger":"airflow.task.hooks.airflow.providers.standard.hooks.subprocess.SubprocessHook"}
{"timestamp":"2025-07-03T18:57:27.210802","level":"info","event":"\tat py4j.GatewayConnection.run(GatewayConnection.java:238)","logger":"airflow.task.hooks.airflow.providers.standard.hooks.subprocess.SubprocessHook"}
{"timestamp":"2025-07-03T18:57:27.210822","level":"info","event":"\tat java.lang.Thread.run(Thread.java:748)","logger":"airflow.task.hooks.airflow.providers.standard.hooks.subprocess.SubprocessHook"}
{"timestamp":"2025-07-03T18:57:27.210845","level":"info","event":"","logger":"airflow.task.hooks.airflow.providers.standard.hooks.subprocess.SubprocessHook"}
{"timestamp":"2025-07-03T18:57:27.228132","level":"info","event":"25/07/03 18:57:27 INFO SparkContext: Invoking stop() from shutdown hook","logger":"airflow.task.hooks.airflow.providers.standard.hooks.subprocess.SubprocessHook"}
{"timestamp":"2025-07-03T18:57:27.237586","level":"info","event":"25/07/03 18:57:27 INFO SparkUI: Stopped Spark web UI at http://a5088bcdb211:4040","logger":"airflow.task.hooks.airflow.providers.standard.hooks.subprocess.SubprocessHook"}
{"timestamp":"2025-07-03T18:57:27.241623","level":"info","event":"25/07/03 18:57:27 INFO StandaloneSchedulerBackend: Shutting down all executors","logger":"airflow.task.hooks.airflow.providers.standard.hooks.subprocess.SubprocessHook"}
{"timestamp":"2025-07-03T18:57:27.241840","level":"info","event":"25/07/03 18:57:27 INFO CoarseGrainedSchedulerBackend$DriverEndpoint: Asking each executor to shut down","logger":"airflow.task.hooks.airflow.providers.standard.hooks.subprocess.SubprocessHook"}
{"timestamp":"2025-07-03T18:57:27.259235","level":"info","event":"25/07/03 18:57:27 INFO MapOutputTrackerMasterEndpoint: MapOutputTrackerMasterEndpoint stopped!","logger":"airflow.task.hooks.airflow.providers.standard.hooks.subprocess.SubprocessHook"}
{"timestamp":"2025-07-03T18:57:27.274278","level":"info","event":"25/07/03 18:57:27 INFO MemoryStore: MemoryStore cleared","logger":"airflow.task.hooks.airflow.providers.standard.hooks.subprocess.SubprocessHook"}
{"timestamp":"2025-07-03T18:57:27.274862","level":"info","event":"25/07/03 18:57:27 INFO BlockManager: BlockManager stopped","logger":"airflow.task.hooks.airflow.providers.standard.hooks.subprocess.SubprocessHook"}
{"timestamp":"2025-07-03T18:57:27.280252","level":"info","event":"25/07/03 18:57:27 INFO BlockManagerMaster: BlockManagerMaster stopped","logger":"airflow.task.hooks.airflow.providers.standard.hooks.subprocess.SubprocessHook"}
{"timestamp":"2025-07-03T18:57:27.282456","level":"info","event":"25/07/03 18:57:27 INFO OutputCommitCoordinator$OutputCommitCoordinatorEndpoint: OutputCommitCoordinator stopped!","logger":"airflow.task.hooks.airflow.providers.standard.hooks.subprocess.SubprocessHook"}
{"timestamp":"2025-07-03T18:57:27.289742","level":"info","event":"25/07/03 18:57:27 INFO SparkContext: Successfully stopped SparkContext","logger":"airflow.task.hooks.airflow.providers.standard.hooks.subprocess.SubprocessHook"}
{"timestamp":"2025-07-03T18:57:27.289908","level":"info","event":"25/07/03 18:57:27 INFO ShutdownHookManager: Shutdown hook called","logger":"airflow.task.hooks.airflow.providers.standard.hooks.subprocess.SubprocessHook"}
{"timestamp":"2025-07-03T18:57:27.290393","level":"info","event":"25/07/03 18:57:27 INFO ShutdownHookManager: Deleting directory /tmp/spark-f0ec8121-5fe0-4729-bcee-f3c4269302fa","logger":"airflow.task.hooks.airflow.providers.standard.hooks.subprocess.SubprocessHook"}
{"timestamp":"2025-07-03T18:57:27.293566","level":"info","event":"25/07/03 18:57:27 INFO ShutdownHookManager: Deleting directory /tmp/spark-f0ec8121-5fe0-4729-bcee-f3c4269302fa/pyspark-c2958e09-14f5-44fa-8ae8-4fa38f2b276c","logger":"airflow.task.hooks.airflow.providers.standard.hooks.subprocess.SubprocessHook"}
{"timestamp":"2025-07-03T18:57:27.295918","level":"info","event":"25/07/03 18:57:27 INFO ShutdownHookManager: Deleting directory /tmp/spark-71180e39-5df6-43a7-8481-64259263cf7b","logger":"airflow.task.hooks.airflow.providers.standard.hooks.subprocess.SubprocessHook"}
{"timestamp":"2025-07-03T18:57:27.471762","level":"info","event":"Command exited with return code 1","logger":"airflow.task.hooks.airflow.providers.standard.hooks.subprocess.SubprocessHook"}
{"timestamp":"2025-07-03T18:57:27.472436","level":"error","event":"Task failed with exception","logger":"task","error_detail":[{"exc_type":"AirflowException","exc_value":"Bash command failed. The command returned a non-zero exit code 1.","exc_notes":[],"syntax_error":null,"is_cause":false,"frames":[{"filename":"/home/airflow/.local/lib/python3.12/site-packages/airflow/sdk/execution_time/task_runner.py","lineno":825,"name":"run"},{"filename":"/home/airflow/.local/lib/python3.12/site-packages/airflow/sdk/execution_time/task_runner.py","lineno":1088,"name":"_execute_task"},{"filename":"/home/airflow/.local/lib/python3.12/site-packages/airflow/sdk/bases/operator.py","lineno":408,"name":"wrapper"},{"filename":"/home/airflow/.local/lib/python3.12/site-packages/airflow/providers/standard/operators/bash.py","lineno":233,"name":"execute"}]}]}
