{"timestamp":"2025-07-04T16:06:25.507120","level":"info","event":"DAG bundles loaded: dags-folder","logger":"airflow.dag_processing.bundles.manager.DagBundlesManager"}
{"timestamp":"2025-07-04T16:06:25.507710","level":"info","event":"Filling up the DagBag from /opt/airflow/dags/telco_to_hdfs_dag.py","logger":"airflow.models.dagbag.DagBag"}
{"timestamp":"2025-07-04T16:06:25.525114","level":"info","event":"Tmp dir root location: /tmp","logger":"airflow.task.hooks.airflow.providers.standard.hooks.subprocess.SubprocessHook"}
{"timestamp":"2025-07-04T16:06:25.525773","level":"info","event":"Running command: ['/usr/bin/bash', '-c', 'docker exec spark-master /opt/bitnami/spark/bin/spark-submit --master spark://spark-master:7077 /opt/spark-apps/get_clean.py']","logger":"airflow.task.hooks.airflow.providers.standard.hooks.subprocess.SubprocessHook"}
{"timestamp":"2025-07-04T16:06:25.534657","level":"info","event":"Output:","logger":"airflow.task.hooks.airflow.providers.standard.hooks.subprocess.SubprocessHook"}
{"timestamp":"2025-07-04T16:06:26.702357","level":"info","event":"25/07/04 16:06:26 WARN NativeCodeLoader: Unable to load native-hadoop library for your platform... using builtin-java classes where applicable","logger":"airflow.task.hooks.airflow.providers.standard.hooks.subprocess.SubprocessHook"}
{"timestamp":"2025-07-04T16:06:27.424210","level":"info","event":"Using Spark's default log4j profile: org/apache/spark/log4j-defaults.properties","logger":"airflow.task.hooks.airflow.providers.standard.hooks.subprocess.SubprocessHook"}
{"timestamp":"2025-07-04T16:06:27.433540","level":"info","event":"25/07/04 16:06:27 INFO SparkContext: Running Spark version 3.1.1","logger":"airflow.task.hooks.airflow.providers.standard.hooks.subprocess.SubprocessHook"}
{"timestamp":"2025-07-04T16:06:27.471290","level":"info","event":"25/07/04 16:06:27 INFO ResourceUtils: ==============================================================","logger":"airflow.task.hooks.airflow.providers.standard.hooks.subprocess.SubprocessHook"}
{"timestamp":"2025-07-04T16:06:27.471661","level":"info","event":"25/07/04 16:06:27 INFO ResourceUtils: No custom resources configured for spark.driver.","logger":"airflow.task.hooks.airflow.providers.standard.hooks.subprocess.SubprocessHook"}
{"timestamp":"2025-07-04T16:06:27.472194","level":"info","event":"25/07/04 16:06:27 INFO ResourceUtils: ==============================================================","logger":"airflow.task.hooks.airflow.providers.standard.hooks.subprocess.SubprocessHook"}
{"timestamp":"2025-07-04T16:06:27.472948","level":"info","event":"25/07/04 16:06:27 INFO SparkContext: Submitted application: TelcoExploration","logger":"airflow.task.hooks.airflow.providers.standard.hooks.subprocess.SubprocessHook"}
{"timestamp":"2025-07-04T16:06:27.498945","level":"info","event":"25/07/04 16:06:27 INFO ResourceProfile: Default ResourceProfile created, executor resources: Map(cores -> name: cores, amount: 1, script: , vendor: , memory -> name: memory, amount: 1024, script: , vendor: , offHeap -> name: offHeap, amount: 0, script: , vendor: ), task resources: Map(cpus -> name: cpus, amount: 1.0)","logger":"airflow.task.hooks.airflow.providers.standard.hooks.subprocess.SubprocessHook"}
{"timestamp":"2025-07-04T16:06:27.510373","level":"info","event":"25/07/04 16:06:27 INFO ResourceProfile: Limiting resource is cpu","logger":"airflow.task.hooks.airflow.providers.standard.hooks.subprocess.SubprocessHook"}
{"timestamp":"2025-07-04T16:06:27.511261","level":"info","event":"25/07/04 16:06:27 INFO ResourceProfileManager: Added ResourceProfile id: 0","logger":"airflow.task.hooks.airflow.providers.standard.hooks.subprocess.SubprocessHook"}
{"timestamp":"2025-07-04T16:06:27.570340","level":"info","event":"25/07/04 16:06:27 INFO SecurityManager: Changing view acls to: spark","logger":"airflow.task.hooks.airflow.providers.standard.hooks.subprocess.SubprocessHook"}
{"timestamp":"2025-07-04T16:06:27.570539","level":"info","event":"25/07/04 16:06:27 INFO SecurityManager: Changing modify acls to: spark","logger":"airflow.task.hooks.airflow.providers.standard.hooks.subprocess.SubprocessHook"}
{"timestamp":"2025-07-04T16:06:27.570629","level":"info","event":"25/07/04 16:06:27 INFO SecurityManager: Changing view acls groups to:","logger":"airflow.task.hooks.airflow.providers.standard.hooks.subprocess.SubprocessHook"}
{"timestamp":"2025-07-04T16:06:27.570684","level":"info","event":"25/07/04 16:06:27 INFO SecurityManager: Changing modify acls groups to:","logger":"airflow.task.hooks.airflow.providers.standard.hooks.subprocess.SubprocessHook"}
{"timestamp":"2025-07-04T16:06:27.570736","level":"info","event":"25/07/04 16:06:27 INFO SecurityManager: SecurityManager: authentication disabled; ui acls disabled; users  with view permissions: Set(spark); groups with view permissions: Set(); users  with modify permissions: Set(spark); groups with modify permissions: Set()","logger":"airflow.task.hooks.airflow.providers.standard.hooks.subprocess.SubprocessHook"}
{"timestamp":"2025-07-04T16:06:27.791544","level":"info","event":"25/07/04 16:06:27 INFO Utils: Successfully started service 'sparkDriver' on port 33881.","logger":"airflow.task.hooks.airflow.providers.standard.hooks.subprocess.SubprocessHook"}
{"timestamp":"2025-07-04T16:06:27.818258","level":"info","event":"25/07/04 16:06:27 INFO SparkEnv: Registering MapOutputTracker","logger":"airflow.task.hooks.airflow.providers.standard.hooks.subprocess.SubprocessHook"}
{"timestamp":"2025-07-04T16:06:27.845011","level":"info","event":"25/07/04 16:06:27 INFO SparkEnv: Registering BlockManagerMaster","logger":"airflow.task.hooks.airflow.providers.standard.hooks.subprocess.SubprocessHook"}
{"timestamp":"2025-07-04T16:06:27.865009","level":"info","event":"25/07/04 16:06:27 INFO BlockManagerMasterEndpoint: Using org.apache.spark.storage.DefaultTopologyMapper for getting topology information","logger":"airflow.task.hooks.airflow.providers.standard.hooks.subprocess.SubprocessHook"}
{"timestamp":"2025-07-04T16:06:27.865205","level":"info","event":"25/07/04 16:06:27 INFO BlockManagerMasterEndpoint: BlockManagerMasterEndpoint up","logger":"airflow.task.hooks.airflow.providers.standard.hooks.subprocess.SubprocessHook"}
{"timestamp":"2025-07-04T16:06:27.869393","level":"info","event":"25/07/04 16:06:27 INFO SparkEnv: Registering BlockManagerMasterHeartbeat","logger":"airflow.task.hooks.airflow.providers.standard.hooks.subprocess.SubprocessHook"}
{"timestamp":"2025-07-04T16:06:27.881812","level":"info","event":"25/07/04 16:06:27 INFO DiskBlockManager: Created local directory at /tmp/blockmgr-3dc66125-e62e-4080-9986-8ed07ca6284a","logger":"airflow.task.hooks.airflow.providers.standard.hooks.subprocess.SubprocessHook"}
{"timestamp":"2025-07-04T16:06:27.899600","level":"info","event":"25/07/04 16:06:27 INFO MemoryStore: MemoryStore started with capacity 366.3 MiB","logger":"airflow.task.hooks.airflow.providers.standard.hooks.subprocess.SubprocessHook"}
{"timestamp":"2025-07-04T16:06:27.919420","level":"info","event":"25/07/04 16:06:27 INFO SparkEnv: Registering OutputCommitCoordinator","logger":"airflow.task.hooks.airflow.providers.standard.hooks.subprocess.SubprocessHook"}
{"timestamp":"2025-07-04T16:06:28.131022","level":"info","event":"25/07/04 16:06:28 INFO Utils: Successfully started service 'SparkUI' on port 4040.","logger":"airflow.task.hooks.airflow.providers.standard.hooks.subprocess.SubprocessHook"}
{"timestamp":"2025-07-04T16:06:28.192703","level":"info","event":"25/07/04 16:06:28 INFO SparkUI: Bound SparkUI to 0.0.0.0, and started at http://140fb6801c8d:4040","logger":"airflow.task.hooks.airflow.providers.standard.hooks.subprocess.SubprocessHook"}
{"timestamp":"2025-07-04T16:06:28.209398","level":"info","event":"25/07/04 16:06:28 INFO SparkContext: Added JAR /opt/bitnami/spark/jars/postgresql-42.7.7.jar at spark://140fb6801c8d:33881/jars/postgresql-42.7.7.jar with timestamp 1751645187421","logger":"airflow.task.hooks.airflow.providers.standard.hooks.subprocess.SubprocessHook"}
{"timestamp":"2025-07-04T16:06:28.361082","level":"info","event":"25/07/04 16:06:28 INFO StandaloneAppClient$ClientEndpoint: Connecting to master spark://spark-master:7077...","logger":"airflow.task.hooks.airflow.providers.standard.hooks.subprocess.SubprocessHook"}
{"timestamp":"2025-07-04T16:06:28.404837","level":"info","event":"25/07/04 16:06:28 INFO TransportClientFactory: Successfully created connection to spark-master/172.21.0.4:7077 after 27 ms (0 ms spent in bootstraps)","logger":"airflow.task.hooks.airflow.providers.standard.hooks.subprocess.SubprocessHook"}
{"timestamp":"2025-07-04T16:06:28.476290","level":"info","event":"25/07/04 16:06:28 INFO StandaloneSchedulerBackend: Connected to Spark cluster with app ID app-20250704160628-0003","logger":"airflow.task.hooks.airflow.providers.standard.hooks.subprocess.SubprocessHook"}
{"timestamp":"2025-07-04T16:06:28.477810","level":"info","event":"25/07/04 16:06:28 INFO StandaloneAppClient$ClientEndpoint: Executor added: app-20250704160628-0003/0 on worker-20250704155436-172.21.0.6-44607 (172.21.0.6:44607) with 12 core(s)","logger":"airflow.task.hooks.airflow.providers.standard.hooks.subprocess.SubprocessHook"}
{"timestamp":"2025-07-04T16:06:28.479777","level":"info","event":"25/07/04 16:06:28 INFO StandaloneSchedulerBackend: Granted executor ID app-20250704160628-0003/0 on hostPort 172.21.0.6:44607 with 12 core(s), 1024.0 MiB RAM","logger":"airflow.task.hooks.airflow.providers.standard.hooks.subprocess.SubprocessHook"}
{"timestamp":"2025-07-04T16:06:28.483165","level":"info","event":"25/07/04 16:06:28 INFO Utils: Successfully started service 'org.apache.spark.network.netty.NettyBlockTransferService' on port 45887.","logger":"airflow.task.hooks.airflow.providers.standard.hooks.subprocess.SubprocessHook"}
{"timestamp":"2025-07-04T16:06:28.483370","level":"info","event":"25/07/04 16:06:28 INFO NettyBlockTransferService: Server created on 140fb6801c8d:45887","logger":"airflow.task.hooks.airflow.providers.standard.hooks.subprocess.SubprocessHook"}
{"timestamp":"2025-07-04T16:06:28.485051","level":"info","event":"25/07/04 16:06:28 INFO BlockManager: Using org.apache.spark.storage.RandomBlockReplicationPolicy for block replication policy","logger":"airflow.task.hooks.airflow.providers.standard.hooks.subprocess.SubprocessHook"}
{"timestamp":"2025-07-04T16:06:28.493133","level":"info","event":"25/07/04 16:06:28 INFO BlockManagerMaster: Registering BlockManager BlockManagerId(driver, 140fb6801c8d, 45887, None)","logger":"airflow.task.hooks.airflow.providers.standard.hooks.subprocess.SubprocessHook"}
{"timestamp":"2025-07-04T16:06:28.497899","level":"info","event":"25/07/04 16:06:28 INFO BlockManagerMasterEndpoint: Registering block manager 140fb6801c8d:45887 with 366.3 MiB RAM, BlockManagerId(driver, 140fb6801c8d, 45887, None)","logger":"airflow.task.hooks.airflow.providers.standard.hooks.subprocess.SubprocessHook"}
{"timestamp":"2025-07-04T16:06:28.500458","level":"info","event":"25/07/04 16:06:28 INFO BlockManagerMaster: Registered BlockManager BlockManagerId(driver, 140fb6801c8d, 45887, None)","logger":"airflow.task.hooks.airflow.providers.standard.hooks.subprocess.SubprocessHook"}
{"timestamp":"2025-07-04T16:06:28.501151","level":"info","event":"25/07/04 16:06:28 INFO BlockManager: Initialized BlockManager: BlockManagerId(driver, 140fb6801c8d, 45887, None)","logger":"airflow.task.hooks.airflow.providers.standard.hooks.subprocess.SubprocessHook"}
{"timestamp":"2025-07-04T16:06:28.506499","level":"info","event":"25/07/04 16:06:28 INFO StandaloneAppClient$ClientEndpoint: Executor updated: app-20250704160628-0003/0 is now RUNNING","logger":"airflow.task.hooks.airflow.providers.standard.hooks.subprocess.SubprocessHook"}
{"timestamp":"2025-07-04T16:06:28.701836","level":"info","event":"25/07/04 16:06:28 INFO StandaloneSchedulerBackend: SchedulerBackend is ready for scheduling beginning after reached minRegisteredResourcesRatio: 0.0","logger":"airflow.task.hooks.airflow.providers.standard.hooks.subprocess.SubprocessHook"}
{"timestamp":"2025-07-04T16:06:28.976991","level":"info","event":"25/07/04 16:06:28 INFO SharedState: Setting hive.metastore.warehouse.dir ('null') to the value of spark.sql.warehouse.dir ('file:/opt/bitnami/spark/spark-warehouse').","logger":"airflow.task.hooks.airflow.providers.standard.hooks.subprocess.SubprocessHook"}
{"timestamp":"2025-07-04T16:06:28.977209","level":"info","event":"25/07/04 16:06:28 INFO SharedState: Warehouse path is 'file:/opt/bitnami/spark/spark-warehouse'.","logger":"airflow.task.hooks.airflow.providers.standard.hooks.subprocess.SubprocessHook"}
{"timestamp":"2025-07-04T16:06:30.096452","level":"info","event":"25/07/04 16:06:30 INFO InMemoryFileIndex: It took 47 ms to list leaf files for 1 paths.","logger":"airflow.task.hooks.airflow.providers.standard.hooks.subprocess.SubprocessHook"}
{"timestamp":"2025-07-04T16:06:30.150127","level":"info","event":"25/07/04 16:06:30 INFO InMemoryFileIndex: It took 5 ms to list leaf files for 1 paths.","logger":"airflow.task.hooks.airflow.providers.standard.hooks.subprocess.SubprocessHook"}
{"timestamp":"2025-07-04T16:06:30.206710","level":"info","event":"25/07/04 16:06:30 INFO CoarseGrainedSchedulerBackend$DriverEndpoint: Registered executor NettyRpcEndpointRef(spark-client://Executor) (172.21.0.6:45602) with ID 0,  ResourceProfileId 0","logger":"airflow.task.hooks.airflow.providers.standard.hooks.subprocess.SubprocessHook"}
{"timestamp":"2025-07-04T16:06:30.306120","level":"info","event":"25/07/04 16:06:30 INFO BlockManagerMasterEndpoint: Registering block manager 172.21.0.6:38111 with 366.3 MiB RAM, BlockManagerId(0, 172.21.0.6, 38111, None)","logger":"airflow.task.hooks.airflow.providers.standard.hooks.subprocess.SubprocessHook"}
{"timestamp":"2025-07-04T16:06:31.898185","level":"info","event":"25/07/04 16:06:31 INFO FileSourceStrategy: Pushed Filters:","logger":"airflow.task.hooks.airflow.providers.standard.hooks.subprocess.SubprocessHook"}
{"timestamp":"2025-07-04T16:06:31.902365","level":"info","event":"25/07/04 16:06:31 INFO FileSourceStrategy: Post-Scan Filters: (length(trim(value#0, None)) > 0)","logger":"airflow.task.hooks.airflow.providers.standard.hooks.subprocess.SubprocessHook"}
{"timestamp":"2025-07-04T16:06:31.906132","level":"info","event":"25/07/04 16:06:31 INFO FileSourceStrategy: Output Data Schema: struct<value: string>","logger":"airflow.task.hooks.airflow.providers.standard.hooks.subprocess.SubprocessHook"}
{"timestamp":"2025-07-04T16:06:32.482575","level":"info","event":"25/07/04 16:06:32 INFO CodeGenerator: Code generated in 169.03625 ms","logger":"airflow.task.hooks.airflow.providers.standard.hooks.subprocess.SubprocessHook"}
{"timestamp":"2025-07-04T16:06:32.527912","level":"info","event":"25/07/04 16:06:32 INFO MemoryStore: Block broadcast_0 stored as values in memory (estimated size 304.3 KiB, free 366.0 MiB)","logger":"airflow.task.hooks.airflow.providers.standard.hooks.subprocess.SubprocessHook"}
{"timestamp":"2025-07-04T16:06:32.632425","level":"info","event":"25/07/04 16:06:32 INFO MemoryStore: Block broadcast_0_piece0 stored as bytes in memory (estimated size 27.6 KiB, free 366.0 MiB)","logger":"airflow.task.hooks.airflow.providers.standard.hooks.subprocess.SubprocessHook"}
{"timestamp":"2025-07-04T16:06:32.636241","level":"info","event":"25/07/04 16:06:32 INFO BlockManagerInfo: Added broadcast_0_piece0 in memory on 140fb6801c8d:45887 (size: 27.6 KiB, free: 366.3 MiB)","logger":"airflow.task.hooks.airflow.providers.standard.hooks.subprocess.SubprocessHook"}
{"timestamp":"2025-07-04T16:06:32.641129","level":"info","event":"25/07/04 16:06:32 INFO SparkContext: Created broadcast 0 from csv at NativeMethodAccessorImpl.java:0","logger":"airflow.task.hooks.airflow.providers.standard.hooks.subprocess.SubprocessHook"}
{"timestamp":"2025-07-04T16:06:32.653341","level":"info","event":"25/07/04 16:06:32 INFO FileSourceScanExec: Planning scan with bin packing, max size: 4194304 bytes, open cost is considered as scanning 4194304 bytes.","logger":"airflow.task.hooks.airflow.providers.standard.hooks.subprocess.SubprocessHook"}
{"timestamp":"2025-07-04T16:06:32.752648","level":"info","event":"25/07/04 16:06:32 INFO SparkContext: Starting job: csv at NativeMethodAccessorImpl.java:0","logger":"airflow.task.hooks.airflow.providers.standard.hooks.subprocess.SubprocessHook"}
{"timestamp":"2025-07-04T16:06:32.770574","level":"info","event":"25/07/04 16:06:32 INFO DAGScheduler: Got job 0 (csv at NativeMethodAccessorImpl.java:0) with 1 output partitions","logger":"airflow.task.hooks.airflow.providers.standard.hooks.subprocess.SubprocessHook"}
{"timestamp":"2025-07-04T16:06:32.770722","level":"info","event":"25/07/04 16:06:32 INFO DAGScheduler: Final stage: ResultStage 0 (csv at NativeMethodAccessorImpl.java:0)","logger":"airflow.task.hooks.airflow.providers.standard.hooks.subprocess.SubprocessHook"}
{"timestamp":"2025-07-04T16:06:32.770771","level":"info","event":"25/07/04 16:06:32 INFO DAGScheduler: Parents of final stage: List()","logger":"airflow.task.hooks.airflow.providers.standard.hooks.subprocess.SubprocessHook"}
{"timestamp":"2025-07-04T16:06:32.772872","level":"info","event":"25/07/04 16:06:32 INFO DAGScheduler: Missing parents: List()","logger":"airflow.task.hooks.airflow.providers.standard.hooks.subprocess.SubprocessHook"}
{"timestamp":"2025-07-04T16:06:32.780075","level":"info","event":"25/07/04 16:06:32 INFO DAGScheduler: Submitting ResultStage 0 (MapPartitionsRDD[3] at csv at NativeMethodAccessorImpl.java:0), which has no missing parents","logger":"airflow.task.hooks.airflow.providers.standard.hooks.subprocess.SubprocessHook"}
{"timestamp":"2025-07-04T16:06:32.830313","level":"info","event":"25/07/04 16:06:32 INFO MemoryStore: Block broadcast_1 stored as values in memory (estimated size 10.8 KiB, free 366.0 MiB)","logger":"airflow.task.hooks.airflow.providers.standard.hooks.subprocess.SubprocessHook"}
{"timestamp":"2025-07-04T16:06:32.832909","level":"info","event":"25/07/04 16:06:32 INFO MemoryStore: Block broadcast_1_piece0 stored as bytes in memory (estimated size 5.4 KiB, free 366.0 MiB)","logger":"airflow.task.hooks.airflow.providers.standard.hooks.subprocess.SubprocessHook"}
{"timestamp":"2025-07-04T16:06:32.833268","level":"info","event":"25/07/04 16:06:32 INFO BlockManagerInfo: Added broadcast_1_piece0 in memory on 140fb6801c8d:45887 (size: 5.4 KiB, free: 366.3 MiB)","logger":"airflow.task.hooks.airflow.providers.standard.hooks.subprocess.SubprocessHook"}
{"timestamp":"2025-07-04T16:06:32.833902","level":"info","event":"25/07/04 16:06:32 INFO SparkContext: Created broadcast 1 from broadcast at DAGScheduler.scala:1383","logger":"airflow.task.hooks.airflow.providers.standard.hooks.subprocess.SubprocessHook"}
{"timestamp":"2025-07-04T16:06:32.847362","level":"info","event":"25/07/04 16:06:32 INFO DAGScheduler: Submitting 1 missing tasks from ResultStage 0 (MapPartitionsRDD[3] at csv at NativeMethodAccessorImpl.java:0) (first 15 tasks are for partitions Vector(0))","logger":"airflow.task.hooks.airflow.providers.standard.hooks.subprocess.SubprocessHook"}
{"timestamp":"2025-07-04T16:06:32.848056","level":"info","event":"25/07/04 16:06:32 INFO TaskSchedulerImpl: Adding task set 0.0 with 1 tasks resource profile 0","logger":"airflow.task.hooks.airflow.providers.standard.hooks.subprocess.SubprocessHook"}
{"timestamp":"2025-07-04T16:06:32.879779","level":"info","event":"25/07/04 16:06:32 INFO TaskSetManager: Starting task 0.0 in stage 0.0 (TID 0) (172.21.0.6, executor 0, partition 0, ANY, 4876 bytes) taskResourceAssignments Map()","logger":"airflow.task.hooks.airflow.providers.standard.hooks.subprocess.SubprocessHook"}
{"timestamp":"2025-07-04T16:06:33.115440","level":"info","event":"25/07/04 16:06:33 INFO BlockManagerInfo: Added broadcast_1_piece0 in memory on 172.21.0.6:38111 (size: 5.4 KiB, free: 366.3 MiB)","logger":"airflow.task.hooks.airflow.providers.standard.hooks.subprocess.SubprocessHook"}
{"timestamp":"2025-07-04T16:06:33.877393","level":"info","event":"25/07/04 16:06:33 INFO BlockManagerInfo: Added broadcast_0_piece0 in memory on 172.21.0.6:38111 (size: 27.6 KiB, free: 366.3 MiB)","logger":"airflow.task.hooks.airflow.providers.standard.hooks.subprocess.SubprocessHook"}
{"timestamp":"2025-07-04T16:06:34.614167","level":"info","event":"25/07/04 16:06:34 INFO TaskSetManager: Finished task 0.0 in stage 0.0 (TID 0) in 1744 ms on 172.21.0.6 (executor 0) (1/1)","logger":"airflow.task.hooks.airflow.providers.standard.hooks.subprocess.SubprocessHook"}
{"timestamp":"2025-07-04T16:06:34.616623","level":"info","event":"25/07/04 16:06:34 INFO TaskSchedulerImpl: Removed TaskSet 0.0, whose tasks have all completed, from pool","logger":"airflow.task.hooks.airflow.providers.standard.hooks.subprocess.SubprocessHook"}
{"timestamp":"2025-07-04T16:06:34.623777","level":"info","event":"25/07/04 16:06:34 INFO DAGScheduler: ResultStage 0 (csv at NativeMethodAccessorImpl.java:0) finished in 1.828 s","logger":"airflow.task.hooks.airflow.providers.standard.hooks.subprocess.SubprocessHook"}
{"timestamp":"2025-07-04T16:06:34.627431","level":"info","event":"25/07/04 16:06:34 INFO DAGScheduler: Job 0 is finished. Cancelling potential speculative or zombie tasks for this job","logger":"airflow.task.hooks.airflow.providers.standard.hooks.subprocess.SubprocessHook"}
{"timestamp":"2025-07-04T16:06:34.627654","level":"info","event":"25/07/04 16:06:34 INFO TaskSchedulerImpl: Killing all running tasks in stage 0: Stage finished","logger":"airflow.task.hooks.airflow.providers.standard.hooks.subprocess.SubprocessHook"}
{"timestamp":"2025-07-04T16:06:34.630354","level":"info","event":"25/07/04 16:06:34 INFO DAGScheduler: Job 0 finished: csv at NativeMethodAccessorImpl.java:0, took 1.878140 s","logger":"airflow.task.hooks.airflow.providers.standard.hooks.subprocess.SubprocessHook"}
{"timestamp":"2025-07-04T16:06:34.652816","level":"info","event":"25/07/04 16:06:34 INFO CodeGenerator: Code generated in 11.040774 ms","logger":"airflow.task.hooks.airflow.providers.standard.hooks.subprocess.SubprocessHook"}
{"timestamp":"2025-07-04T16:06:34.698768","level":"info","event":"25/07/04 16:06:34 INFO FileSourceStrategy: Pushed Filters:","logger":"airflow.task.hooks.airflow.providers.standard.hooks.subprocess.SubprocessHook"}
{"timestamp":"2025-07-04T16:06:34.699021","level":"info","event":"25/07/04 16:06:34 INFO FileSourceStrategy: Post-Scan Filters:","logger":"airflow.task.hooks.airflow.providers.standard.hooks.subprocess.SubprocessHook"}
{"timestamp":"2025-07-04T16:06:34.699110","level":"info","event":"25/07/04 16:06:34 INFO FileSourceStrategy: Output Data Schema: struct<value: string>","logger":"airflow.task.hooks.airflow.providers.standard.hooks.subprocess.SubprocessHook"}
{"timestamp":"2025-07-04T16:06:34.706232","level":"info","event":"25/07/04 16:06:34 INFO MemoryStore: Block broadcast_2 stored as values in memory (estimated size 304.3 KiB, free 365.7 MiB)","logger":"airflow.task.hooks.airflow.providers.standard.hooks.subprocess.SubprocessHook"}
{"timestamp":"2025-07-04T16:06:34.712771","level":"info","event":"25/07/04 16:06:34 INFO MemoryStore: Block broadcast_2_piece0 stored as bytes in memory (estimated size 27.6 KiB, free 365.6 MiB)","logger":"airflow.task.hooks.airflow.providers.standard.hooks.subprocess.SubprocessHook"}
{"timestamp":"2025-07-04T16:06:34.713267","level":"info","event":"25/07/04 16:06:34 INFO BlockManagerInfo: Added broadcast_2_piece0 in memory on 140fb6801c8d:45887 (size: 27.6 KiB, free: 366.2 MiB)","logger":"airflow.task.hooks.airflow.providers.standard.hooks.subprocess.SubprocessHook"}
{"timestamp":"2025-07-04T16:06:34.713861","level":"info","event":"25/07/04 16:06:34 INFO SparkContext: Created broadcast 2 from csv at NativeMethodAccessorImpl.java:0","logger":"airflow.task.hooks.airflow.providers.standard.hooks.subprocess.SubprocessHook"}
{"timestamp":"2025-07-04T16:06:34.714643","level":"info","event":"25/07/04 16:06:34 INFO FileSourceScanExec: Planning scan with bin packing, max size: 4194304 bytes, open cost is considered as scanning 4194304 bytes.","logger":"airflow.task.hooks.airflow.providers.standard.hooks.subprocess.SubprocessHook"}
{"timestamp":"2025-07-04T16:06:34.769124","level":"info","event":"25/07/04 16:06:34 INFO SparkContext: Starting job: csv at NativeMethodAccessorImpl.java:0","logger":"airflow.task.hooks.airflow.providers.standard.hooks.subprocess.SubprocessHook"}
{"timestamp":"2025-07-04T16:06:34.770936","level":"info","event":"25/07/04 16:06:34 INFO DAGScheduler: Got job 1 (csv at NativeMethodAccessorImpl.java:0) with 1 output partitions","logger":"airflow.task.hooks.airflow.providers.standard.hooks.subprocess.SubprocessHook"}
{"timestamp":"2025-07-04T16:06:34.771135","level":"info","event":"25/07/04 16:06:34 INFO DAGScheduler: Final stage: ResultStage 1 (csv at NativeMethodAccessorImpl.java:0)","logger":"airflow.task.hooks.airflow.providers.standard.hooks.subprocess.SubprocessHook"}
{"timestamp":"2025-07-04T16:06:34.771212","level":"info","event":"25/07/04 16:06:34 INFO DAGScheduler: Parents of final stage: List()","logger":"airflow.task.hooks.airflow.providers.standard.hooks.subprocess.SubprocessHook"}
{"timestamp":"2025-07-04T16:06:34.771266","level":"info","event":"25/07/04 16:06:34 INFO DAGScheduler: Missing parents: List()","logger":"airflow.task.hooks.airflow.providers.standard.hooks.subprocess.SubprocessHook"}
{"timestamp":"2025-07-04T16:06:34.771697","level":"info","event":"25/07/04 16:06:34 INFO DAGScheduler: Submitting ResultStage 1 (MapPartitionsRDD[9] at csv at NativeMethodAccessorImpl.java:0), which has no missing parents","logger":"airflow.task.hooks.airflow.providers.standard.hooks.subprocess.SubprocessHook"}
{"timestamp":"2025-07-04T16:06:34.790521","level":"info","event":"25/07/04 16:06:34 INFO MemoryStore: Block broadcast_3 stored as values in memory (estimated size 16.0 KiB, free 365.6 MiB)","logger":"airflow.task.hooks.airflow.providers.standard.hooks.subprocess.SubprocessHook"}
{"timestamp":"2025-07-04T16:06:34.792425","level":"info","event":"25/07/04 16:06:34 INFO MemoryStore: Block broadcast_3_piece0 stored as bytes in memory (estimated size 8.1 KiB, free 365.6 MiB)","logger":"airflow.task.hooks.airflow.providers.standard.hooks.subprocess.SubprocessHook"}
{"timestamp":"2025-07-04T16:06:34.792823","level":"info","event":"25/07/04 16:06:34 INFO BlockManagerInfo: Added broadcast_3_piece0 in memory on 140fb6801c8d:45887 (size: 8.1 KiB, free: 366.2 MiB)","logger":"airflow.task.hooks.airflow.providers.standard.hooks.subprocess.SubprocessHook"}
{"timestamp":"2025-07-04T16:06:34.793232","level":"info","event":"25/07/04 16:06:34 INFO SparkContext: Created broadcast 3 from broadcast at DAGScheduler.scala:1383","logger":"airflow.task.hooks.airflow.providers.standard.hooks.subprocess.SubprocessHook"}
{"timestamp":"2025-07-04T16:06:34.794446","level":"info","event":"25/07/04 16:06:34 INFO DAGScheduler: Submitting 1 missing tasks from ResultStage 1 (MapPartitionsRDD[9] at csv at NativeMethodAccessorImpl.java:0) (first 15 tasks are for partitions Vector(0))","logger":"airflow.task.hooks.airflow.providers.standard.hooks.subprocess.SubprocessHook"}
{"timestamp":"2025-07-04T16:06:34.794624","level":"info","event":"25/07/04 16:06:34 INFO TaskSchedulerImpl: Adding task set 1.0 with 1 tasks resource profile 0","logger":"airflow.task.hooks.airflow.providers.standard.hooks.subprocess.SubprocessHook"}
{"timestamp":"2025-07-04T16:06:34.796318","level":"info","event":"25/07/04 16:06:34 INFO TaskSetManager: Starting task 0.0 in stage 1.0 (TID 1) (172.21.0.6, executor 0, partition 0, ANY, 4876 bytes) taskResourceAssignments Map()","logger":"airflow.task.hooks.airflow.providers.standard.hooks.subprocess.SubprocessHook"}
{"timestamp":"2025-07-04T16:06:34.817472","level":"info","event":"25/07/04 16:06:34 INFO BlockManagerInfo: Added broadcast_3_piece0 in memory on 172.21.0.6:38111 (size: 8.1 KiB, free: 366.3 MiB)","logger":"airflow.task.hooks.airflow.providers.standard.hooks.subprocess.SubprocessHook"}
{"timestamp":"2025-07-04T16:06:35.876044","level":"info","event":"25/07/04 16:06:35 INFO BlockManagerInfo: Added broadcast_2_piece0 in memory on 172.21.0.6:38111 (size: 27.6 KiB, free: 366.2 MiB)","logger":"airflow.task.hooks.airflow.providers.standard.hooks.subprocess.SubprocessHook"}
{"timestamp":"2025-07-04T16:06:36.053791","level":"info","event":"25/07/04 16:06:36 INFO TaskSetManager: Finished task 0.0 in stage 1.0 (TID 1) in 1258 ms on 172.21.0.6 (executor 0) (1/1)","logger":"airflow.task.hooks.airflow.providers.standard.hooks.subprocess.SubprocessHook"}
{"timestamp":"2025-07-04T16:06:36.053958","level":"info","event":"25/07/04 16:06:36 INFO TaskSchedulerImpl: Removed TaskSet 1.0, whose tasks have all completed, from pool","logger":"airflow.task.hooks.airflow.providers.standard.hooks.subprocess.SubprocessHook"}
{"timestamp":"2025-07-04T16:06:36.055146","level":"info","event":"25/07/04 16:06:36 INFO DAGScheduler: ResultStage 1 (csv at NativeMethodAccessorImpl.java:0) finished in 1.282 s","logger":"airflow.task.hooks.airflow.providers.standard.hooks.subprocess.SubprocessHook"}
{"timestamp":"2025-07-04T16:06:36.055313","level":"info","event":"25/07/04 16:06:36 INFO DAGScheduler: Job 1 is finished. Cancelling potential speculative or zombie tasks for this job","logger":"airflow.task.hooks.airflow.providers.standard.hooks.subprocess.SubprocessHook"}
{"timestamp":"2025-07-04T16:06:36.055372","level":"info","event":"25/07/04 16:06:36 INFO TaskSchedulerImpl: Killing all running tasks in stage 1: Stage finished","logger":"airflow.task.hooks.airflow.providers.standard.hooks.subprocess.SubprocessHook"}
{"timestamp":"2025-07-04T16:06:36.056562","level":"info","event":"25/07/04 16:06:36 INFO DAGScheduler: Job 1 finished: csv at NativeMethodAccessorImpl.java:0, took 1.287379 s","logger":"airflow.task.hooks.airflow.providers.standard.hooks.subprocess.SubprocessHook"}
{"timestamp":"2025-07-04T16:06:36.514117","level":"info","event":"25/07/04 16:06:36 INFO FileSourceStrategy: Pushed Filters:","logger":"airflow.task.hooks.airflow.providers.standard.hooks.subprocess.SubprocessHook"}
{"timestamp":"2025-07-04T16:06:36.514315","level":"info","event":"25/07/04 16:06:36 INFO FileSourceStrategy: Post-Scan Filters:","logger":"airflow.task.hooks.airflow.providers.standard.hooks.subprocess.SubprocessHook"}
{"timestamp":"2025-07-04T16:06:36.514380","level":"info","event":"25/07/04 16:06:36 INFO FileSourceStrategy: Output Data Schema: struct<TotalCharges: string>","logger":"airflow.task.hooks.airflow.providers.standard.hooks.subprocess.SubprocessHook"}
{"timestamp":"2025-07-04T16:06:36.553392","level":"info","event":"25/07/04 16:06:36 INFO CodeGenerator: Code generated in 16.282406 ms","logger":"airflow.task.hooks.airflow.providers.standard.hooks.subprocess.SubprocessHook"}
{"timestamp":"2025-07-04T16:06:36.557858","level":"info","event":"25/07/04 16:06:36 INFO MemoryStore: Block broadcast_4 stored as values in memory (estimated size 304.2 KiB, free 365.3 MiB)","logger":"airflow.task.hooks.airflow.providers.standard.hooks.subprocess.SubprocessHook"}
{"timestamp":"2025-07-04T16:06:36.564510","level":"info","event":"25/07/04 16:06:36 INFO MemoryStore: Block broadcast_4_piece0 stored as bytes in memory (estimated size 27.6 KiB, free 365.3 MiB)","logger":"airflow.task.hooks.airflow.providers.standard.hooks.subprocess.SubprocessHook"}
{"timestamp":"2025-07-04T16:06:36.565326","level":"info","event":"25/07/04 16:06:36 INFO BlockManagerInfo: Added broadcast_4_piece0 in memory on 140fb6801c8d:45887 (size: 27.6 KiB, free: 366.2 MiB)","logger":"airflow.task.hooks.airflow.providers.standard.hooks.subprocess.SubprocessHook"}
{"timestamp":"2025-07-04T16:06:36.565957","level":"info","event":"25/07/04 16:06:36 INFO SparkContext: Created broadcast 4 from approxQuantile at NativeMethodAccessorImpl.java:0","logger":"airflow.task.hooks.airflow.providers.standard.hooks.subprocess.SubprocessHook"}
{"timestamp":"2025-07-04T16:06:36.569365","level":"info","event":"25/07/04 16:06:36 INFO FileSourceScanExec: Planning scan with bin packing, max size: 4194304 bytes, open cost is considered as scanning 4194304 bytes.","logger":"airflow.task.hooks.airflow.providers.standard.hooks.subprocess.SubprocessHook"}
{"timestamp":"2025-07-04T16:06:36.595850","level":"info","event":"25/07/04 16:06:36 INFO SparkContext: Starting job: approxQuantile at NativeMethodAccessorImpl.java:0","logger":"airflow.task.hooks.airflow.providers.standard.hooks.subprocess.SubprocessHook"}
{"timestamp":"2025-07-04T16:06:36.596871","level":"info","event":"25/07/04 16:06:36 INFO DAGScheduler: Got job 2 (approxQuantile at NativeMethodAccessorImpl.java:0) with 1 output partitions","logger":"airflow.task.hooks.airflow.providers.standard.hooks.subprocess.SubprocessHook"}
{"timestamp":"2025-07-04T16:06:36.597024","level":"info","event":"25/07/04 16:06:36 INFO DAGScheduler: Final stage: ResultStage 2 (approxQuantile at NativeMethodAccessorImpl.java:0)","logger":"airflow.task.hooks.airflow.providers.standard.hooks.subprocess.SubprocessHook"}
{"timestamp":"2025-07-04T16:06:36.597093","level":"info","event":"25/07/04 16:06:36 INFO DAGScheduler: Parents of final stage: List()","logger":"airflow.task.hooks.airflow.providers.standard.hooks.subprocess.SubprocessHook"}
{"timestamp":"2025-07-04T16:06:36.597148","level":"info","event":"25/07/04 16:06:36 INFO DAGScheduler: Missing parents: List()","logger":"airflow.task.hooks.airflow.providers.standard.hooks.subprocess.SubprocessHook"}
{"timestamp":"2025-07-04T16:06:36.597760","level":"info","event":"25/07/04 16:06:36 INFO DAGScheduler: Submitting ResultStage 2 (MapPartitionsRDD[16] at approxQuantile at NativeMethodAccessorImpl.java:0), which has no missing parents","logger":"airflow.task.hooks.airflow.providers.standard.hooks.subprocess.SubprocessHook"}
{"timestamp":"2025-07-04T16:06:36.611766","level":"info","event":"25/07/04 16:06:36 INFO MemoryStore: Block broadcast_5 stored as values in memory (estimated size 20.3 KiB, free 365.3 MiB)","logger":"airflow.task.hooks.airflow.providers.standard.hooks.subprocess.SubprocessHook"}
{"timestamp":"2025-07-04T16:06:36.613292","level":"info","event":"25/07/04 16:06:36 INFO MemoryStore: Block broadcast_5_piece0 stored as bytes in memory (estimated size 9.8 KiB, free 365.3 MiB)","logger":"airflow.task.hooks.airflow.providers.standard.hooks.subprocess.SubprocessHook"}
{"timestamp":"2025-07-04T16:06:36.614326","level":"info","event":"25/07/04 16:06:36 INFO BlockManagerInfo: Added broadcast_5_piece0 in memory on 140fb6801c8d:45887 (size: 9.8 KiB, free: 366.2 MiB)","logger":"airflow.task.hooks.airflow.providers.standard.hooks.subprocess.SubprocessHook"}
{"timestamp":"2025-07-04T16:06:36.614578","level":"info","event":"25/07/04 16:06:36 INFO SparkContext: Created broadcast 5 from broadcast at DAGScheduler.scala:1383","logger":"airflow.task.hooks.airflow.providers.standard.hooks.subprocess.SubprocessHook"}
{"timestamp":"2025-07-04T16:06:36.615196","level":"info","event":"25/07/04 16:06:36 INFO DAGScheduler: Submitting 1 missing tasks from ResultStage 2 (MapPartitionsRDD[16] at approxQuantile at NativeMethodAccessorImpl.java:0) (first 15 tasks are for partitions Vector(0))","logger":"airflow.task.hooks.airflow.providers.standard.hooks.subprocess.SubprocessHook"}
{"timestamp":"2025-07-04T16:06:36.615271","level":"info","event":"25/07/04 16:06:36 INFO TaskSchedulerImpl: Adding task set 2.0 with 1 tasks resource profile 0","logger":"airflow.task.hooks.airflow.providers.standard.hooks.subprocess.SubprocessHook"}
{"timestamp":"2025-07-04T16:06:36.616633","level":"info","event":"25/07/04 16:06:36 INFO TaskSetManager: Starting task 0.0 in stage 2.0 (TID 2) (172.21.0.6, executor 0, partition 0, ANY, 4876 bytes) taskResourceAssignments Map()","logger":"airflow.task.hooks.airflow.providers.standard.hooks.subprocess.SubprocessHook"}
{"timestamp":"2025-07-04T16:06:36.629083","level":"info","event":"25/07/04 16:06:36 INFO BlockManagerInfo: Added broadcast_5_piece0 in memory on 172.21.0.6:38111 (size: 9.8 KiB, free: 366.2 MiB)","logger":"airflow.task.hooks.airflow.providers.standard.hooks.subprocess.SubprocessHook"}
{"timestamp":"2025-07-04T16:06:36.719557","level":"info","event":"25/07/04 16:06:36 INFO BlockManagerInfo: Added broadcast_4_piece0 in memory on 172.21.0.6:38111 (size: 27.6 KiB, free: 366.2 MiB)","logger":"airflow.task.hooks.airflow.providers.standard.hooks.subprocess.SubprocessHook"}
{"timestamp":"2025-07-04T16:06:36.852686","level":"info","event":"25/07/04 16:06:36 INFO TaskSetManager: Finished task 0.0 in stage 2.0 (TID 2) in 236 ms on 172.21.0.6 (executor 0) (1/1)","logger":"airflow.task.hooks.airflow.providers.standard.hooks.subprocess.SubprocessHook"}
{"timestamp":"2025-07-04T16:06:36.852868","level":"info","event":"25/07/04 16:06:36 INFO TaskSchedulerImpl: Removed TaskSet 2.0, whose tasks have all completed, from pool","logger":"airflow.task.hooks.airflow.providers.standard.hooks.subprocess.SubprocessHook"}
{"timestamp":"2025-07-04T16:06:36.853009","level":"info","event":"25/07/04 16:06:36 INFO DAGScheduler: ResultStage 2 (approxQuantile at NativeMethodAccessorImpl.java:0) finished in 0.255 s","logger":"airflow.task.hooks.airflow.providers.standard.hooks.subprocess.SubprocessHook"}
{"timestamp":"2025-07-04T16:06:36.853292","level":"info","event":"25/07/04 16:06:36 INFO DAGScheduler: Job 2 is finished. Cancelling potential speculative or zombie tasks for this job","logger":"airflow.task.hooks.airflow.providers.standard.hooks.subprocess.SubprocessHook"}
{"timestamp":"2025-07-04T16:06:36.853377","level":"info","event":"25/07/04 16:06:36 INFO TaskSchedulerImpl: Killing all running tasks in stage 2: Stage finished","logger":"airflow.task.hooks.airflow.providers.standard.hooks.subprocess.SubprocessHook"}
{"timestamp":"2025-07-04T16:06:36.855306","level":"info","event":"25/07/04 16:06:36 INFO DAGScheduler: Job 2 finished: approxQuantile at NativeMethodAccessorImpl.java:0, took 0.259299 s","logger":"airflow.task.hooks.airflow.providers.standard.hooks.subprocess.SubprocessHook"}
{"timestamp":"2025-07-04T16:06:36.953850","level":"info","event":"25/07/04 16:06:36 INFO FileSourceStrategy: Pushed Filters:","logger":"airflow.task.hooks.airflow.providers.standard.hooks.subprocess.SubprocessHook"}
{"timestamp":"2025-07-04T16:06:36.954451","level":"info","event":"25/07/04 16:06:36 INFO FileSourceStrategy: Post-Scan Filters: ((CASE WHEN isnull(cast(TotalCharges#35 as double)) THEN 0.0 ELSE cast(TotalCharges#35 as double) END < -3927.1499999999996) OR (CASE WHEN isnull(cast(TotalCharges#35 as double)) THEN 0.0 ELSE cast(TotalCharges#35 as double) END > 7662.049999999999))","logger":"airflow.task.hooks.airflow.providers.standard.hooks.subprocess.SubprocessHook"}
{"timestamp":"2025-07-04T16:06:36.954635","level":"info","event":"25/07/04 16:06:36 INFO FileSourceStrategy: Output Data Schema: struct<TotalCharges: string>","logger":"airflow.task.hooks.airflow.providers.standard.hooks.subprocess.SubprocessHook"}
{"timestamp":"2025-07-04T16:06:37.011815","level":"info","event":"25/07/04 16:06:37 INFO CodeGenerator: Code generated in 15.328632 ms","logger":"airflow.task.hooks.airflow.providers.standard.hooks.subprocess.SubprocessHook"}
{"timestamp":"2025-07-04T16:06:37.050461","level":"info","event":"25/07/04 16:06:37 INFO CodeGenerator: Code generated in 28.819532 ms","logger":"airflow.task.hooks.airflow.providers.standard.hooks.subprocess.SubprocessHook"}
{"timestamp":"2025-07-04T16:06:37.053773","level":"info","event":"25/07/04 16:06:37 INFO MemoryStore: Block broadcast_6 stored as values in memory (estimated size 304.2 KiB, free 365.0 MiB)","logger":"airflow.task.hooks.airflow.providers.standard.hooks.subprocess.SubprocessHook"}
{"timestamp":"2025-07-04T16:06:37.061538","level":"info","event":"25/07/04 16:06:37 INFO MemoryStore: Block broadcast_6_piece0 stored as bytes in memory (estimated size 27.6 KiB, free 364.9 MiB)","logger":"airflow.task.hooks.airflow.providers.standard.hooks.subprocess.SubprocessHook"}
{"timestamp":"2025-07-04T16:06:37.062453","level":"info","event":"25/07/04 16:06:37 INFO BlockManagerInfo: Added broadcast_6_piece0 in memory on 140fb6801c8d:45887 (size: 27.6 KiB, free: 366.2 MiB)","logger":"airflow.task.hooks.airflow.providers.standard.hooks.subprocess.SubprocessHook"}
{"timestamp":"2025-07-04T16:06:37.063047","level":"info","event":"25/07/04 16:06:37 INFO SparkContext: Created broadcast 6 from count at NativeMethodAccessorImpl.java:0","logger":"airflow.task.hooks.airflow.providers.standard.hooks.subprocess.SubprocessHook"}
{"timestamp":"2025-07-04T16:06:37.064191","level":"info","event":"25/07/04 16:06:37 INFO FileSourceScanExec: Planning scan with bin packing, max size: 4194304 bytes, open cost is considered as scanning 4194304 bytes.","logger":"airflow.task.hooks.airflow.providers.standard.hooks.subprocess.SubprocessHook"}
{"timestamp":"2025-07-04T16:06:37.096317","level":"info","event":"25/07/04 16:06:37 INFO SparkContext: Starting job: count at NativeMethodAccessorImpl.java:0","logger":"airflow.task.hooks.airflow.providers.standard.hooks.subprocess.SubprocessHook"}
{"timestamp":"2025-07-04T16:06:37.098922","level":"info","event":"25/07/04 16:06:37 INFO DAGScheduler: Registering RDD 20 (count at NativeMethodAccessorImpl.java:0) as input to shuffle 0","logger":"airflow.task.hooks.airflow.providers.standard.hooks.subprocess.SubprocessHook"}
{"timestamp":"2025-07-04T16:06:37.101295","level":"info","event":"25/07/04 16:06:37 INFO DAGScheduler: Got job 3 (count at NativeMethodAccessorImpl.java:0) with 1 output partitions","logger":"airflow.task.hooks.airflow.providers.standard.hooks.subprocess.SubprocessHook"}
{"timestamp":"2025-07-04T16:06:37.101426","level":"info","event":"25/07/04 16:06:37 INFO DAGScheduler: Final stage: ResultStage 4 (count at NativeMethodAccessorImpl.java:0)","logger":"airflow.task.hooks.airflow.providers.standard.hooks.subprocess.SubprocessHook"}
{"timestamp":"2025-07-04T16:06:37.101473","level":"info","event":"25/07/04 16:06:37 INFO DAGScheduler: Parents of final stage: List(ShuffleMapStage 3)","logger":"airflow.task.hooks.airflow.providers.standard.hooks.subprocess.SubprocessHook"}
{"timestamp":"2025-07-04T16:06:37.102843","level":"info","event":"25/07/04 16:06:37 INFO DAGScheduler: Missing parents: List(ShuffleMapStage 3)","logger":"airflow.task.hooks.airflow.providers.standard.hooks.subprocess.SubprocessHook"}
{"timestamp":"2025-07-04T16:06:37.104087","level":"info","event":"25/07/04 16:06:37 INFO DAGScheduler: Submitting ShuffleMapStage 3 (MapPartitionsRDD[20] at count at NativeMethodAccessorImpl.java:0), which has no missing parents","logger":"airflow.task.hooks.airflow.providers.standard.hooks.subprocess.SubprocessHook"}
{"timestamp":"2025-07-04T16:06:37.112035","level":"info","event":"25/07/04 16:06:37 INFO MemoryStore: Block broadcast_7 stored as values in memory (estimated size 19.7 KiB, free 364.9 MiB)","logger":"airflow.task.hooks.airflow.providers.standard.hooks.subprocess.SubprocessHook"}
{"timestamp":"2025-07-04T16:06:37.113516","level":"info","event":"25/07/04 16:06:37 INFO MemoryStore: Block broadcast_7_piece0 stored as bytes in memory (estimated size 9.3 KiB, free 364.9 MiB)","logger":"airflow.task.hooks.airflow.providers.standard.hooks.subprocess.SubprocessHook"}
{"timestamp":"2025-07-04T16:06:37.114701","level":"info","event":"25/07/04 16:06:37 INFO BlockManagerInfo: Added broadcast_7_piece0 in memory on 140fb6801c8d:45887 (size: 9.3 KiB, free: 366.2 MiB)","logger":"airflow.task.hooks.airflow.providers.standard.hooks.subprocess.SubprocessHook"}
{"timestamp":"2025-07-04T16:06:37.115043","level":"info","event":"25/07/04 16:06:37 INFO SparkContext: Created broadcast 7 from broadcast at DAGScheduler.scala:1383","logger":"airflow.task.hooks.airflow.providers.standard.hooks.subprocess.SubprocessHook"}
{"timestamp":"2025-07-04T16:06:37.116570","level":"info","event":"25/07/04 16:06:37 INFO DAGScheduler: Submitting 1 missing tasks from ShuffleMapStage 3 (MapPartitionsRDD[20] at count at NativeMethodAccessorImpl.java:0) (first 15 tasks are for partitions Vector(0))","logger":"airflow.task.hooks.airflow.providers.standard.hooks.subprocess.SubprocessHook"}
{"timestamp":"2025-07-04T16:06:37.116678","level":"info","event":"25/07/04 16:06:37 INFO TaskSchedulerImpl: Adding task set 3.0 with 1 tasks resource profile 0","logger":"airflow.task.hooks.airflow.providers.standard.hooks.subprocess.SubprocessHook"}
{"timestamp":"2025-07-04T16:06:37.118632","level":"info","event":"25/07/04 16:06:37 INFO TaskSetManager: Starting task 0.0 in stage 3.0 (TID 3) (172.21.0.6, executor 0, partition 0, ANY, 4865 bytes) taskResourceAssignments Map()","logger":"airflow.task.hooks.airflow.providers.standard.hooks.subprocess.SubprocessHook"}
{"timestamp":"2025-07-04T16:06:37.132463","level":"info","event":"25/07/04 16:06:37 INFO BlockManagerInfo: Added broadcast_7_piece0 in memory on 172.21.0.6:38111 (size: 9.3 KiB, free: 366.2 MiB)","logger":"airflow.task.hooks.airflow.providers.standard.hooks.subprocess.SubprocessHook"}
{"timestamp":"2025-07-04T16:06:37.210892","level":"info","event":"25/07/04 16:06:37 INFO BlockManagerInfo: Added broadcast_6_piece0 in memory on 172.21.0.6:38111 (size: 27.6 KiB, free: 366.2 MiB)","logger":"airflow.task.hooks.airflow.providers.standard.hooks.subprocess.SubprocessHook"}
{"timestamp":"2025-07-04T16:06:37.269367","level":"info","event":"25/07/04 16:06:37 INFO TaskSetManager: Finished task 0.0 in stage 3.0 (TID 3) in 151 ms on 172.21.0.6 (executor 0) (1/1)","logger":"airflow.task.hooks.airflow.providers.standard.hooks.subprocess.SubprocessHook"}
{"timestamp":"2025-07-04T16:06:37.269538","level":"info","event":"25/07/04 16:06:37 INFO TaskSchedulerImpl: Removed TaskSet 3.0, whose tasks have all completed, from pool","logger":"airflow.task.hooks.airflow.providers.standard.hooks.subprocess.SubprocessHook"}
{"timestamp":"2025-07-04T16:06:37.270553","level":"info","event":"25/07/04 16:06:37 INFO DAGScheduler: ShuffleMapStage 3 (count at NativeMethodAccessorImpl.java:0) finished in 0.163 s","logger":"airflow.task.hooks.airflow.providers.standard.hooks.subprocess.SubprocessHook"}
{"timestamp":"2025-07-04T16:06:37.270878","level":"info","event":"25/07/04 16:06:37 INFO DAGScheduler: looking for newly runnable stages","logger":"airflow.task.hooks.airflow.providers.standard.hooks.subprocess.SubprocessHook"}
{"timestamp":"2025-07-04T16:06:37.271057","level":"info","event":"25/07/04 16:06:37 INFO DAGScheduler: running: Set()","logger":"airflow.task.hooks.airflow.providers.standard.hooks.subprocess.SubprocessHook"}
{"timestamp":"2025-07-04T16:06:37.271612","level":"info","event":"25/07/04 16:06:37 INFO DAGScheduler: waiting: Set(ResultStage 4)","logger":"airflow.task.hooks.airflow.providers.standard.hooks.subprocess.SubprocessHook"}
{"timestamp":"2025-07-04T16:06:37.271862","level":"info","event":"25/07/04 16:06:37 INFO DAGScheduler: failed: Set()","logger":"airflow.task.hooks.airflow.providers.standard.hooks.subprocess.SubprocessHook"}
{"timestamp":"2025-07-04T16:06:37.274317","level":"info","event":"25/07/04 16:06:37 INFO DAGScheduler: Submitting ResultStage 4 (MapPartitionsRDD[23] at count at NativeMethodAccessorImpl.java:0), which has no missing parents","logger":"airflow.task.hooks.airflow.providers.standard.hooks.subprocess.SubprocessHook"}
{"timestamp":"2025-07-04T16:06:37.280959","level":"info","event":"25/07/04 16:06:37 INFO MemoryStore: Block broadcast_8 stored as values in memory (estimated size 10.1 KiB, free 364.9 MiB)","logger":"airflow.task.hooks.airflow.providers.standard.hooks.subprocess.SubprocessHook"}
{"timestamp":"2025-07-04T16:06:37.282542","level":"info","event":"25/07/04 16:06:37 INFO MemoryStore: Block broadcast_8_piece0 stored as bytes in memory (estimated size 5.0 KiB, free 364.9 MiB)","logger":"airflow.task.hooks.airflow.providers.standard.hooks.subprocess.SubprocessHook"}
{"timestamp":"2025-07-04T16:06:37.283134","level":"info","event":"25/07/04 16:06:37 INFO BlockManagerInfo: Added broadcast_8_piece0 in memory on 140fb6801c8d:45887 (size: 5.0 KiB, free: 366.2 MiB)","logger":"airflow.task.hooks.airflow.providers.standard.hooks.subprocess.SubprocessHook"}
{"timestamp":"2025-07-04T16:06:37.283583","level":"info","event":"25/07/04 16:06:37 INFO SparkContext: Created broadcast 8 from broadcast at DAGScheduler.scala:1383","logger":"airflow.task.hooks.airflow.providers.standard.hooks.subprocess.SubprocessHook"}
{"timestamp":"2025-07-04T16:06:37.284114","level":"info","event":"25/07/04 16:06:37 INFO DAGScheduler: Submitting 1 missing tasks from ResultStage 4 (MapPartitionsRDD[23] at count at NativeMethodAccessorImpl.java:0) (first 15 tasks are for partitions Vector(0))","logger":"airflow.task.hooks.airflow.providers.standard.hooks.subprocess.SubprocessHook"}
{"timestamp":"2025-07-04T16:06:37.284213","level":"info","event":"25/07/04 16:06:37 INFO TaskSchedulerImpl: Adding task set 4.0 with 1 tasks resource profile 0","logger":"airflow.task.hooks.airflow.providers.standard.hooks.subprocess.SubprocessHook"}
{"timestamp":"2025-07-04T16:06:37.287839","level":"info","event":"25/07/04 16:06:37 INFO TaskSetManager: Starting task 0.0 in stage 4.0 (TID 4) (172.21.0.6, executor 0, partition 0, NODE_LOCAL, 4457 bytes) taskResourceAssignments Map()","logger":"airflow.task.hooks.airflow.providers.standard.hooks.subprocess.SubprocessHook"}
{"timestamp":"2025-07-04T16:06:37.303747","level":"info","event":"25/07/04 16:06:37 INFO BlockManagerInfo: Added broadcast_8_piece0 in memory on 172.21.0.6:38111 (size: 5.0 KiB, free: 366.2 MiB)","logger":"airflow.task.hooks.airflow.providers.standard.hooks.subprocess.SubprocessHook"}
{"timestamp":"2025-07-04T16:06:37.316831","level":"info","event":"25/07/04 16:06:37 INFO MapOutputTrackerMasterEndpoint: Asked to send map output locations for shuffle 0 to 172.21.0.6:45602","logger":"airflow.task.hooks.airflow.providers.standard.hooks.subprocess.SubprocessHook"}
{"timestamp":"2025-07-04T16:06:37.391967","level":"info","event":"25/07/04 16:06:37 INFO TaskSetManager: Finished task 0.0 in stage 4.0 (TID 4) in 103 ms on 172.21.0.6 (executor 0) (1/1)","logger":"airflow.task.hooks.airflow.providers.standard.hooks.subprocess.SubprocessHook"}
{"timestamp":"2025-07-04T16:06:37.392149","level":"info","event":"25/07/04 16:06:37 INFO TaskSchedulerImpl: Removed TaskSet 4.0, whose tasks have all completed, from pool","logger":"airflow.task.hooks.airflow.providers.standard.hooks.subprocess.SubprocessHook"}
{"timestamp":"2025-07-04T16:06:37.392220","level":"info","event":"25/07/04 16:06:37 INFO DAGScheduler: ResultStage 4 (count at NativeMethodAccessorImpl.java:0) finished in 0.112 s","logger":"airflow.task.hooks.airflow.providers.standard.hooks.subprocess.SubprocessHook"}
{"timestamp":"2025-07-04T16:06:37.392267","level":"info","event":"25/07/04 16:06:37 INFO DAGScheduler: Job 3 is finished. Cancelling potential speculative or zombie tasks for this job","logger":"airflow.task.hooks.airflow.providers.standard.hooks.subprocess.SubprocessHook"}
{"timestamp":"2025-07-04T16:06:37.392314","level":"info","event":"25/07/04 16:06:37 INFO TaskSchedulerImpl: Killing all running tasks in stage 4: Stage finished","logger":"airflow.task.hooks.airflow.providers.standard.hooks.subprocess.SubprocessHook"}
{"timestamp":"2025-07-04T16:06:37.392352","level":"info","event":"25/07/04 16:06:37 INFO DAGScheduler: Job 3 finished: count at NativeMethodAccessorImpl.java:0, took 0.295545 s","logger":"airflow.task.hooks.airflow.providers.standard.hooks.subprocess.SubprocessHook"}
{"timestamp":"2025-07-04T16:06:37.395641","level":"info","event":"Number of outliers in totalcharges: 154","logger":"airflow.task.hooks.airflow.providers.standard.hooks.subprocess.SubprocessHook"}
{"timestamp":"2025-07-04T16:06:37.486383","level":"info","event":"25/07/04 16:06:37 INFO FileSourceStrategy: Pushed Filters:","logger":"airflow.task.hooks.airflow.providers.standard.hooks.subprocess.SubprocessHook"}
{"timestamp":"2025-07-04T16:06:37.486578","level":"info","event":"25/07/04 16:06:37 INFO FileSourceStrategy: Post-Scan Filters:","logger":"airflow.task.hooks.airflow.providers.standard.hooks.subprocess.SubprocessHook"}
{"timestamp":"2025-07-04T16:06:37.486664","level":"info","event":"25/07/04 16:06:37 INFO FileSourceStrategy: Output Data Schema: struct<customerID: string, gender: string, SeniorCitizen: int, Partner: string, Dependents: string ... 19 more fields>","logger":"airflow.task.hooks.airflow.providers.standard.hooks.subprocess.SubprocessHook"}
{"timestamp":"2025-07-04T16:06:37.533545","level":"info","event":"25/07/04 16:06:37 INFO ParquetFileFormat: Using default output committer for Parquet: org.apache.parquet.hadoop.ParquetOutputCommitter","logger":"airflow.task.hooks.airflow.providers.standard.hooks.subprocess.SubprocessHook"}
{"timestamp":"2025-07-04T16:06:37.561566","level":"info","event":"25/07/04 16:06:37 INFO FileOutputCommitter: File Output Committer Algorithm version is 1","logger":"airflow.task.hooks.airflow.providers.standard.hooks.subprocess.SubprocessHook"}
{"timestamp":"2025-07-04T16:06:37.561770","level":"info","event":"25/07/04 16:06:37 INFO FileOutputCommitter: FileOutputCommitter skip cleanup _temporary folders under output directory:false, ignore cleanup failures: false","logger":"airflow.task.hooks.airflow.providers.standard.hooks.subprocess.SubprocessHook"}
{"timestamp":"2025-07-04T16:06:37.562908","level":"info","event":"25/07/04 16:06:37 INFO SQLHadoopMapReduceCommitProtocol: Using user defined output committer class org.apache.parquet.hadoop.ParquetOutputCommitter","logger":"airflow.task.hooks.airflow.providers.standard.hooks.subprocess.SubprocessHook"}
{"timestamp":"2025-07-04T16:06:37.563056","level":"info","event":"25/07/04 16:06:37 INFO FileOutputCommitter: File Output Committer Algorithm version is 1","logger":"airflow.task.hooks.airflow.providers.standard.hooks.subprocess.SubprocessHook"}
{"timestamp":"2025-07-04T16:06:37.563273","level":"info","event":"25/07/04 16:06:37 INFO FileOutputCommitter: FileOutputCommitter skip cleanup _temporary folders under output directory:false, ignore cleanup failures: false","logger":"airflow.task.hooks.airflow.providers.standard.hooks.subprocess.SubprocessHook"}
{"timestamp":"2025-07-04T16:06:37.566215","level":"info","event":"25/07/04 16:06:37 INFO SQLHadoopMapReduceCommitProtocol: Using output committer class org.apache.parquet.hadoop.ParquetOutputCommitter","logger":"airflow.task.hooks.airflow.providers.standard.hooks.subprocess.SubprocessHook"}
{"timestamp":"2025-07-04T16:06:37.642094","level":"info","event":"25/07/04 16:06:37 INFO CodeGenerator: Code generated in 37.948203 ms","logger":"airflow.task.hooks.airflow.providers.standard.hooks.subprocess.SubprocessHook"}
{"timestamp":"2025-07-04T16:06:37.649432","level":"info","event":"25/07/04 16:06:37 INFO MemoryStore: Block broadcast_9 stored as values in memory (estimated size 304.2 KiB, free 364.6 MiB)","logger":"airflow.task.hooks.airflow.providers.standard.hooks.subprocess.SubprocessHook"}
{"timestamp":"2025-07-04T16:06:37.660279","level":"info","event":"25/07/04 16:06:37 INFO MemoryStore: Block broadcast_9_piece0 stored as bytes in memory (estimated size 27.6 KiB, free 364.6 MiB)","logger":"airflow.task.hooks.airflow.providers.standard.hooks.subprocess.SubprocessHook"}
{"timestamp":"2025-07-04T16:06:37.661551","level":"info","event":"25/07/04 16:06:37 INFO BlockManagerInfo: Added broadcast_9_piece0 in memory on 140fb6801c8d:45887 (size: 27.6 KiB, free: 366.1 MiB)","logger":"airflow.task.hooks.airflow.providers.standard.hooks.subprocess.SubprocessHook"}
{"timestamp":"2025-07-04T16:06:37.661951","level":"info","event":"25/07/04 16:06:37 INFO SparkContext: Created broadcast 9 from parquet at NativeMethodAccessorImpl.java:0","logger":"airflow.task.hooks.airflow.providers.standard.hooks.subprocess.SubprocessHook"}
{"timestamp":"2025-07-04T16:06:37.662333","level":"info","event":"25/07/04 16:06:37 INFO FileSourceScanExec: Planning scan with bin packing, max size: 4194304 bytes, open cost is considered as scanning 4194304 bytes.","logger":"airflow.task.hooks.airflow.providers.standard.hooks.subprocess.SubprocessHook"}
{"timestamp":"2025-07-04T16:06:37.686459","level":"info","event":"25/07/04 16:06:37 INFO SparkContext: Starting job: parquet at NativeMethodAccessorImpl.java:0","logger":"airflow.task.hooks.airflow.providers.standard.hooks.subprocess.SubprocessHook"}
{"timestamp":"2025-07-04T16:06:37.687770","level":"info","event":"25/07/04 16:06:37 INFO DAGScheduler: Got job 4 (parquet at NativeMethodAccessorImpl.java:0) with 1 output partitions","logger":"airflow.task.hooks.airflow.providers.standard.hooks.subprocess.SubprocessHook"}
{"timestamp":"2025-07-04T16:06:37.687955","level":"info","event":"25/07/04 16:06:37 INFO DAGScheduler: Final stage: ResultStage 5 (parquet at NativeMethodAccessorImpl.java:0)","logger":"airflow.task.hooks.airflow.providers.standard.hooks.subprocess.SubprocessHook"}
{"timestamp":"2025-07-04T16:06:37.688029","level":"info","event":"25/07/04 16:06:37 INFO DAGScheduler: Parents of final stage: List()","logger":"airflow.task.hooks.airflow.providers.standard.hooks.subprocess.SubprocessHook"}
{"timestamp":"2025-07-04T16:06:37.688083","level":"info","event":"25/07/04 16:06:37 INFO DAGScheduler: Missing parents: List()","logger":"airflow.task.hooks.airflow.providers.standard.hooks.subprocess.SubprocessHook"}
{"timestamp":"2025-07-04T16:06:37.689116","level":"info","event":"25/07/04 16:06:37 INFO DAGScheduler: Submitting ResultStage 5 (MapPartitionsRDD[26] at parquet at NativeMethodAccessorImpl.java:0), which has no missing parents","logger":"airflow.task.hooks.airflow.providers.standard.hooks.subprocess.SubprocessHook"}
{"timestamp":"2025-07-04T16:06:37.701621","level":"info","event":"25/07/04 16:06:37 INFO MemoryStore: Block broadcast_10 stored as values in memory (estimated size 191.5 KiB, free 364.4 MiB)","logger":"airflow.task.hooks.airflow.providers.standard.hooks.subprocess.SubprocessHook"}
{"timestamp":"2025-07-04T16:06:37.703928","level":"info","event":"25/07/04 16:06:37 INFO MemoryStore: Block broadcast_10_piece0 stored as bytes in memory (estimated size 67.2 KiB, free 364.3 MiB)","logger":"airflow.task.hooks.airflow.providers.standard.hooks.subprocess.SubprocessHook"}
{"timestamp":"2025-07-04T16:06:37.704660","level":"info","event":"25/07/04 16:06:37 INFO BlockManagerInfo: Added broadcast_10_piece0 in memory on 140fb6801c8d:45887 (size: 67.2 KiB, free: 366.1 MiB)","logger":"airflow.task.hooks.airflow.providers.standard.hooks.subprocess.SubprocessHook"}
{"timestamp":"2025-07-04T16:06:37.705537","level":"info","event":"25/07/04 16:06:37 INFO SparkContext: Created broadcast 10 from broadcast at DAGScheduler.scala:1383","logger":"airflow.task.hooks.airflow.providers.standard.hooks.subprocess.SubprocessHook"}
{"timestamp":"2025-07-04T16:06:37.705981","level":"info","event":"25/07/04 16:06:37 INFO DAGScheduler: Submitting 1 missing tasks from ResultStage 5 (MapPartitionsRDD[26] at parquet at NativeMethodAccessorImpl.java:0) (first 15 tasks are for partitions Vector(0))","logger":"airflow.task.hooks.airflow.providers.standard.hooks.subprocess.SubprocessHook"}
{"timestamp":"2025-07-04T16:06:37.706091","level":"info","event":"25/07/04 16:06:37 INFO TaskSchedulerImpl: Adding task set 5.0 with 1 tasks resource profile 0","logger":"airflow.task.hooks.airflow.providers.standard.hooks.subprocess.SubprocessHook"}
{"timestamp":"2025-07-04T16:06:37.707717","level":"info","event":"25/07/04 16:06:37 INFO TaskSetManager: Starting task 0.0 in stage 5.0 (TID 5) (172.21.0.6, executor 0, partition 0, ANY, 4876 bytes) taskResourceAssignments Map()","logger":"airflow.task.hooks.airflow.providers.standard.hooks.subprocess.SubprocessHook"}
{"timestamp":"2025-07-04T16:06:37.724807","level":"info","event":"25/07/04 16:06:37 INFO BlockManagerInfo: Added broadcast_10_piece0 in memory on 172.21.0.6:38111 (size: 67.2 KiB, free: 366.1 MiB)","logger":"airflow.task.hooks.airflow.providers.standard.hooks.subprocess.SubprocessHook"}
{"timestamp":"2025-07-04T16:06:38.104371","level":"info","event":"25/07/04 16:06:38 INFO BlockManagerInfo: Added broadcast_9_piece0 in memory on 172.21.0.6:38111 (size: 27.6 KiB, free: 366.1 MiB)","logger":"airflow.task.hooks.airflow.providers.standard.hooks.subprocess.SubprocessHook"}
{"timestamp":"2025-07-04T16:06:38.517810","level":"info","event":"25/07/04 16:06:38 INFO TaskSetManager: Finished task 0.0 in stage 5.0 (TID 5) in 810 ms on 172.21.0.6 (executor 0) (1/1)","logger":"airflow.task.hooks.airflow.providers.standard.hooks.subprocess.SubprocessHook"}
{"timestamp":"2025-07-04T16:06:38.518081","level":"info","event":"25/07/04 16:06:38 INFO TaskSchedulerImpl: Removed TaskSet 5.0, whose tasks have all completed, from pool","logger":"airflow.task.hooks.airflow.providers.standard.hooks.subprocess.SubprocessHook"}
{"timestamp":"2025-07-04T16:06:38.518571","level":"info","event":"25/07/04 16:06:38 INFO DAGScheduler: ResultStage 5 (parquet at NativeMethodAccessorImpl.java:0) finished in 0.828 s","logger":"airflow.task.hooks.airflow.providers.standard.hooks.subprocess.SubprocessHook"}
{"timestamp":"2025-07-04T16:06:38.518674","level":"info","event":"25/07/04 16:06:38 INFO DAGScheduler: Job 4 is finished. Cancelling potential speculative or zombie tasks for this job","logger":"airflow.task.hooks.airflow.providers.standard.hooks.subprocess.SubprocessHook"}
{"timestamp":"2025-07-04T16:06:38.518746","level":"info","event":"25/07/04 16:06:38 INFO TaskSchedulerImpl: Killing all running tasks in stage 5: Stage finished","logger":"airflow.task.hooks.airflow.providers.standard.hooks.subprocess.SubprocessHook"}
{"timestamp":"2025-07-04T16:06:38.519489","level":"info","event":"25/07/04 16:06:38 INFO DAGScheduler: Job 4 finished: parquet at NativeMethodAccessorImpl.java:0, took 0.833194 s","logger":"airflow.task.hooks.airflow.providers.standard.hooks.subprocess.SubprocessHook"}
{"timestamp":"2025-07-04T16:06:38.574074","level":"info","event":"25/07/04 16:06:38 INFO FileFormatWriter: Write Job ab59f22f-9db6-46bd-9d4e-a0604ae80d63 committed.","logger":"airflow.task.hooks.airflow.providers.standard.hooks.subprocess.SubprocessHook"}
{"timestamp":"2025-07-04T16:06:38.578720","level":"info","event":"25/07/04 16:06:38 INFO FileFormatWriter: Finished processing stats for write job ab59f22f-9db6-46bd-9d4e-a0604ae80d63.","logger":"airflow.task.hooks.airflow.providers.standard.hooks.subprocess.SubprocessHook"}
{"timestamp":"2025-07-04T16:06:38.774416","level":"info","event":"25/07/04 16:06:38 INFO BlockManagerInfo: Removed broadcast_9_piece0 on 140fb6801c8d:45887 in memory (size: 27.6 KiB, free: 366.1 MiB)","logger":"airflow.task.hooks.airflow.providers.standard.hooks.subprocess.SubprocessHook"}
{"timestamp":"2025-07-04T16:06:38.786686","level":"info","event":"25/07/04 16:06:38 INFO BlockManagerInfo: Removed broadcast_9_piece0 on 172.21.0.6:38111 in memory (size: 27.6 KiB, free: 366.1 MiB)","logger":"airflow.task.hooks.airflow.providers.standard.hooks.subprocess.SubprocessHook"}
{"timestamp":"2025-07-04T16:06:38.794804","level":"info","event":"25/07/04 16:06:38 INFO BlockManagerInfo: Removed broadcast_1_piece0 on 140fb6801c8d:45887 in memory (size: 5.4 KiB, free: 366.1 MiB)","logger":"airflow.task.hooks.airflow.providers.standard.hooks.subprocess.SubprocessHook"}
{"timestamp":"2025-07-04T16:06:38.797207","level":"info","event":"25/07/04 16:06:38 INFO BlockManagerInfo: Removed broadcast_1_piece0 on 172.21.0.6:38111 in memory (size: 5.4 KiB, free: 366.1 MiB)","logger":"airflow.task.hooks.airflow.providers.standard.hooks.subprocess.SubprocessHook"}
{"timestamp":"2025-07-04T16:06:38.804064","level":"info","event":"25/07/04 16:06:38 INFO BlockManagerInfo: Removed broadcast_5_piece0 on 140fb6801c8d:45887 in memory (size: 9.8 KiB, free: 366.1 MiB)","logger":"airflow.task.hooks.airflow.providers.standard.hooks.subprocess.SubprocessHook"}
{"timestamp":"2025-07-04T16:06:38.805862","level":"info","event":"25/07/04 16:06:38 INFO BlockManagerInfo: Removed broadcast_5_piece0 on 172.21.0.6:38111 in memory (size: 9.8 KiB, free: 366.1 MiB)","logger":"airflow.task.hooks.airflow.providers.standard.hooks.subprocess.SubprocessHook"}
{"timestamp":"2025-07-04T16:06:38.818296","level":"info","event":"25/07/04 16:06:38 INFO BlockManagerInfo: Removed broadcast_7_piece0 on 140fb6801c8d:45887 in memory (size: 9.3 KiB, free: 366.1 MiB)","logger":"airflow.task.hooks.airflow.providers.standard.hooks.subprocess.SubprocessHook"}
{"timestamp":"2025-07-04T16:06:38.818483","level":"info","event":"25/07/04 16:06:38 INFO BlockManagerInfo: Removed broadcast_7_piece0 on 172.21.0.6:38111 in memory (size: 9.3 KiB, free: 366.1 MiB)","logger":"airflow.task.hooks.airflow.providers.standard.hooks.subprocess.SubprocessHook"}
{"timestamp":"2025-07-04T16:06:38.828973","level":"info","event":"25/07/04 16:06:38 INFO BlockManagerInfo: Removed broadcast_3_piece0 on 140fb6801c8d:45887 in memory (size: 8.1 KiB, free: 366.1 MiB)","logger":"airflow.task.hooks.airflow.providers.standard.hooks.subprocess.SubprocessHook"}
{"timestamp":"2025-07-04T16:06:38.831001","level":"info","event":"25/07/04 16:06:38 INFO BlockManagerInfo: Removed broadcast_3_piece0 on 172.21.0.6:38111 in memory (size: 8.1 KiB, free: 366.1 MiB)","logger":"airflow.task.hooks.airflow.providers.standard.hooks.subprocess.SubprocessHook"}
{"timestamp":"2025-07-04T16:06:38.838867","level":"info","event":"25/07/04 16:06:38 INFO BlockManagerInfo: Removed broadcast_8_piece0 on 140fb6801c8d:45887 in memory (size: 5.0 KiB, free: 366.1 MiB)","logger":"airflow.task.hooks.airflow.providers.standard.hooks.subprocess.SubprocessHook"}
{"timestamp":"2025-07-04T16:06:38.841248","level":"info","event":"25/07/04 16:06:38 INFO BlockManagerInfo: Removed broadcast_8_piece0 on 172.21.0.6:38111 in memory (size: 5.0 KiB, free: 366.1 MiB)","logger":"airflow.task.hooks.airflow.providers.standard.hooks.subprocess.SubprocessHook"}
{"timestamp":"2025-07-04T16:06:38.847044","level":"info","event":"25/07/04 16:06:38 INFO BlockManagerInfo: Removed broadcast_4_piece0 on 140fb6801c8d:45887 in memory (size: 27.6 KiB, free: 366.2 MiB)","logger":"airflow.task.hooks.airflow.providers.standard.hooks.subprocess.SubprocessHook"}
{"timestamp":"2025-07-04T16:06:38.849460","level":"info","event":"25/07/04 16:06:38 INFO BlockManagerInfo: Removed broadcast_4_piece0 on 172.21.0.6:38111 in memory (size: 27.6 KiB, free: 366.2 MiB)","logger":"airflow.task.hooks.airflow.providers.standard.hooks.subprocess.SubprocessHook"}
{"timestamp":"2025-07-04T16:06:38.855716","level":"info","event":"25/07/04 16:06:38 INFO BlockManagerInfo: Removed broadcast_10_piece0 on 140fb6801c8d:45887 in memory (size: 67.2 KiB, free: 366.2 MiB)","logger":"airflow.task.hooks.airflow.providers.standard.hooks.subprocess.SubprocessHook"}
{"timestamp":"2025-07-04T16:06:38.859256","level":"info","event":"25/07/04 16:06:38 INFO BlockManagerInfo: Removed broadcast_10_piece0 on 172.21.0.6:38111 in memory (size: 67.2 KiB, free: 366.2 MiB)","logger":"airflow.task.hooks.airflow.providers.standard.hooks.subprocess.SubprocessHook"}
{"timestamp":"2025-07-04T16:06:38.865386","level":"info","event":"25/07/04 16:06:38 INFO BlockManagerInfo: Removed broadcast_6_piece0 on 140fb6801c8d:45887 in memory (size: 27.6 KiB, free: 366.2 MiB)","logger":"airflow.task.hooks.airflow.providers.standard.hooks.subprocess.SubprocessHook"}
{"timestamp":"2025-07-04T16:06:38.868412","level":"info","event":"25/07/04 16:06:38 INFO BlockManagerInfo: Removed broadcast_6_piece0 on 172.21.0.6:38111 in memory (size: 27.6 KiB, free: 366.2 MiB)","logger":"airflow.task.hooks.airflow.providers.standard.hooks.subprocess.SubprocessHook"}
{"timestamp":"2025-07-04T16:06:38.971417","level":"info","event":"25/07/04 16:06:38 INFO FileSourceStrategy: Pushed Filters:","logger":"airflow.task.hooks.airflow.providers.standard.hooks.subprocess.SubprocessHook"}
{"timestamp":"2025-07-04T16:06:38.971595","level":"info","event":"25/07/04 16:06:38 INFO FileSourceStrategy: Post-Scan Filters:","logger":"airflow.task.hooks.airflow.providers.standard.hooks.subprocess.SubprocessHook"}
{"timestamp":"2025-07-04T16:06:38.971682","level":"info","event":"25/07/04 16:06:38 INFO FileSourceStrategy: Output Data Schema: struct<customerID: string, gender: string, SeniorCitizen: int, Partner: string, Dependents: string ... 19 more fields>","logger":"airflow.task.hooks.airflow.providers.standard.hooks.subprocess.SubprocessHook"}
{"timestamp":"2025-07-04T16:06:38.984487","level":"info","event":"25/07/04 16:06:38 INFO MemoryStore: Block broadcast_11 stored as values in memory (estimated size 304.2 KiB, free 365.4 MiB)","logger":"airflow.task.hooks.airflow.providers.standard.hooks.subprocess.SubprocessHook"}
{"timestamp":"2025-07-04T16:06:38.989623","level":"info","event":"25/07/04 16:06:38 INFO MemoryStore: Block broadcast_11_piece0 stored as bytes in memory (estimated size 27.6 KiB, free 365.3 MiB)","logger":"airflow.task.hooks.airflow.providers.standard.hooks.subprocess.SubprocessHook"}
{"timestamp":"2025-07-04T16:06:38.990962","level":"info","event":"25/07/04 16:06:38 INFO BlockManagerInfo: Added broadcast_11_piece0 in memory on 140fb6801c8d:45887 (size: 27.6 KiB, free: 366.2 MiB)","logger":"airflow.task.hooks.airflow.providers.standard.hooks.subprocess.SubprocessHook"}
{"timestamp":"2025-07-04T16:06:38.991528","level":"info","event":"25/07/04 16:06:38 INFO SparkContext: Created broadcast 11 from save at NativeMethodAccessorImpl.java:0","logger":"airflow.task.hooks.airflow.providers.standard.hooks.subprocess.SubprocessHook"}
{"timestamp":"2025-07-04T16:06:38.992341","level":"info","event":"25/07/04 16:06:38 INFO FileSourceScanExec: Planning scan with bin packing, max size: 4194304 bytes, open cost is considered as scanning 4194304 bytes.","logger":"airflow.task.hooks.airflow.providers.standard.hooks.subprocess.SubprocessHook"}
{"timestamp":"2025-07-04T16:06:39.018473","level":"info","event":"25/07/04 16:06:39 INFO SparkContext: Starting job: save at NativeMethodAccessorImpl.java:0","logger":"airflow.task.hooks.airflow.providers.standard.hooks.subprocess.SubprocessHook"}
{"timestamp":"2025-07-04T16:06:39.020250","level":"info","event":"25/07/04 16:06:39 INFO DAGScheduler: Got job 5 (save at NativeMethodAccessorImpl.java:0) with 1 output partitions","logger":"airflow.task.hooks.airflow.providers.standard.hooks.subprocess.SubprocessHook"}
{"timestamp":"2025-07-04T16:06:39.020466","level":"info","event":"25/07/04 16:06:39 INFO DAGScheduler: Final stage: ResultStage 6 (save at NativeMethodAccessorImpl.java:0)","logger":"airflow.task.hooks.airflow.providers.standard.hooks.subprocess.SubprocessHook"}
{"timestamp":"2025-07-04T16:06:39.020561","level":"info","event":"25/07/04 16:06:39 INFO DAGScheduler: Parents of final stage: List()","logger":"airflow.task.hooks.airflow.providers.standard.hooks.subprocess.SubprocessHook"}
{"timestamp":"2025-07-04T16:06:39.020631","level":"info","event":"25/07/04 16:06:39 INFO DAGScheduler: Missing parents: List()","logger":"airflow.task.hooks.airflow.providers.standard.hooks.subprocess.SubprocessHook"}
{"timestamp":"2025-07-04T16:06:39.020689","level":"info","event":"25/07/04 16:06:39 INFO DAGScheduler: Submitting ResultStage 6 (MapPartitionsRDD[34] at save at NativeMethodAccessorImpl.java:0), which has no missing parents","logger":"airflow.task.hooks.airflow.providers.standard.hooks.subprocess.SubprocessHook"}
{"timestamp":"2025-07-04T16:06:39.042236","level":"info","event":"25/07/04 16:06:39 INFO MemoryStore: Block broadcast_12 stored as values in memory (estimated size 37.6 KiB, free 365.3 MiB)","logger":"airflow.task.hooks.airflow.providers.standard.hooks.subprocess.SubprocessHook"}
{"timestamp":"2025-07-04T16:06:39.043725","level":"info","event":"25/07/04 16:06:39 INFO MemoryStore: Block broadcast_12_piece0 stored as bytes in memory (estimated size 15.4 KiB, free 365.3 MiB)","logger":"airflow.task.hooks.airflow.providers.standard.hooks.subprocess.SubprocessHook"}
{"timestamp":"2025-07-04T16:06:39.044914","level":"info","event":"25/07/04 16:06:39 INFO BlockManagerInfo: Added broadcast_12_piece0 in memory on 140fb6801c8d:45887 (size: 15.4 KiB, free: 366.2 MiB)","logger":"airflow.task.hooks.airflow.providers.standard.hooks.subprocess.SubprocessHook"}
{"timestamp":"2025-07-04T16:06:39.045386","level":"info","event":"25/07/04 16:06:39 INFO SparkContext: Created broadcast 12 from broadcast at DAGScheduler.scala:1383","logger":"airflow.task.hooks.airflow.providers.standard.hooks.subprocess.SubprocessHook"}
{"timestamp":"2025-07-04T16:06:39.045503","level":"info","event":"25/07/04 16:06:39 INFO DAGScheduler: Submitting 1 missing tasks from ResultStage 6 (MapPartitionsRDD[34] at save at NativeMethodAccessorImpl.java:0) (first 15 tasks are for partitions Vector(0))","logger":"airflow.task.hooks.airflow.providers.standard.hooks.subprocess.SubprocessHook"}
{"timestamp":"2025-07-04T16:06:39.045562","level":"info","event":"25/07/04 16:06:39 INFO TaskSchedulerImpl: Adding task set 6.0 with 1 tasks resource profile 0","logger":"airflow.task.hooks.airflow.providers.standard.hooks.subprocess.SubprocessHook"}
{"timestamp":"2025-07-04T16:06:39.047213","level":"info","event":"25/07/04 16:06:39 INFO TaskSetManager: Starting task 0.0 in stage 6.0 (TID 6) (172.21.0.6, executor 0, partition 0, ANY, 4876 bytes) taskResourceAssignments Map()","logger":"airflow.task.hooks.airflow.providers.standard.hooks.subprocess.SubprocessHook"}
{"timestamp":"2025-07-04T16:06:39.059444","level":"info","event":"25/07/04 16:06:39 INFO BlockManagerInfo: Added broadcast_12_piece0 in memory on 172.21.0.6:38111 (size: 15.4 KiB, free: 366.2 MiB)","logger":"airflow.task.hooks.airflow.providers.standard.hooks.subprocess.SubprocessHook"}
{"timestamp":"2025-07-04T16:06:39.417763","level":"info","event":"25/07/04 16:06:39 INFO BlockManagerInfo: Added broadcast_11_piece0 in memory on 172.21.0.6:38111 (size: 27.6 KiB, free: 366.2 MiB)","logger":"airflow.task.hooks.airflow.providers.standard.hooks.subprocess.SubprocessHook"}
{"timestamp":"2025-07-04T16:06:39.645689","level":"info","event":"25/07/04 16:06:39 INFO TaskSetManager: Finished task 0.0 in stage 6.0 (TID 6) in 599 ms on 172.21.0.6 (executor 0) (1/1)","logger":"airflow.task.hooks.airflow.providers.standard.hooks.subprocess.SubprocessHook"}
{"timestamp":"2025-07-04T16:06:39.645867","level":"info","event":"25/07/04 16:06:39 INFO TaskSchedulerImpl: Removed TaskSet 6.0, whose tasks have all completed, from pool","logger":"airflow.task.hooks.airflow.providers.standard.hooks.subprocess.SubprocessHook"}
{"timestamp":"2025-07-04T16:06:39.646509","level":"info","event":"25/07/04 16:06:39 INFO DAGScheduler: ResultStage 6 (save at NativeMethodAccessorImpl.java:0) finished in 0.624 s","logger":"airflow.task.hooks.airflow.providers.standard.hooks.subprocess.SubprocessHook"}
{"timestamp":"2025-07-04T16:06:39.646615","level":"info","event":"25/07/04 16:06:39 INFO DAGScheduler: Job 5 is finished. Cancelling potential speculative or zombie tasks for this job","logger":"airflow.task.hooks.airflow.providers.standard.hooks.subprocess.SubprocessHook"}
{"timestamp":"2025-07-04T16:06:39.646679","level":"info","event":"25/07/04 16:06:39 INFO TaskSchedulerImpl: Killing all running tasks in stage 6: Stage finished","logger":"airflow.task.hooks.airflow.providers.standard.hooks.subprocess.SubprocessHook"}
{"timestamp":"2025-07-04T16:06:39.646733","level":"info","event":"25/07/04 16:06:39 INFO DAGScheduler: Job 5 finished: save at NativeMethodAccessorImpl.java:0, took 0.627913 s","logger":"airflow.task.hooks.airflow.providers.standard.hooks.subprocess.SubprocessHook"}
{"timestamp":"2025-07-04T16:06:39.712363","level":"info","event":"The Cleaning is done!","logger":"airflow.task.hooks.airflow.providers.standard.hooks.subprocess.SubprocessHook"}
{"timestamp":"2025-07-04T16:06:39.742727","level":"info","event":"25/07/04 16:06:39 INFO SparkContext: Invoking stop() from shutdown hook","logger":"airflow.task.hooks.airflow.providers.standard.hooks.subprocess.SubprocessHook"}
{"timestamp":"2025-07-04T16:06:39.750866","level":"info","event":"25/07/04 16:06:39 INFO SparkUI: Stopped Spark web UI at http://140fb6801c8d:4040","logger":"airflow.task.hooks.airflow.providers.standard.hooks.subprocess.SubprocessHook"}
{"timestamp":"2025-07-04T16:06:39.753147","level":"info","event":"25/07/04 16:06:39 INFO StandaloneSchedulerBackend: Shutting down all executors","logger":"airflow.task.hooks.airflow.providers.standard.hooks.subprocess.SubprocessHook"}
{"timestamp":"2025-07-04T16:06:39.753818","level":"info","event":"25/07/04 16:06:39 INFO CoarseGrainedSchedulerBackend$DriverEndpoint: Asking each executor to shut down","logger":"airflow.task.hooks.airflow.providers.standard.hooks.subprocess.SubprocessHook"}
{"timestamp":"2025-07-04T16:06:39.770033","level":"info","event":"25/07/04 16:06:39 INFO MapOutputTrackerMasterEndpoint: MapOutputTrackerMasterEndpoint stopped!","logger":"airflow.task.hooks.airflow.providers.standard.hooks.subprocess.SubprocessHook"}
{"timestamp":"2025-07-04T16:06:39.786416","level":"info","event":"25/07/04 16:06:39 INFO MemoryStore: MemoryStore cleared","logger":"airflow.task.hooks.airflow.providers.standard.hooks.subprocess.SubprocessHook"}
{"timestamp":"2025-07-04T16:06:39.786625","level":"info","event":"25/07/04 16:06:39 INFO BlockManager: BlockManager stopped","logger":"airflow.task.hooks.airflow.providers.standard.hooks.subprocess.SubprocessHook"}
{"timestamp":"2025-07-04T16:06:39.793191","level":"info","event":"25/07/04 16:06:39 INFO BlockManagerMaster: BlockManagerMaster stopped","logger":"airflow.task.hooks.airflow.providers.standard.hooks.subprocess.SubprocessHook"}
{"timestamp":"2025-07-04T16:06:39.796811","level":"info","event":"25/07/04 16:06:39 INFO OutputCommitCoordinator$OutputCommitCoordinatorEndpoint: OutputCommitCoordinator stopped!","logger":"airflow.task.hooks.airflow.providers.standard.hooks.subprocess.SubprocessHook"}
{"timestamp":"2025-07-04T16:06:39.804932","level":"info","event":"25/07/04 16:06:39 INFO SparkContext: Successfully stopped SparkContext","logger":"airflow.task.hooks.airflow.providers.standard.hooks.subprocess.SubprocessHook"}
{"timestamp":"2025-07-04T16:06:39.805072","level":"info","event":"25/07/04 16:06:39 INFO ShutdownHookManager: Shutdown hook called","logger":"airflow.task.hooks.airflow.providers.standard.hooks.subprocess.SubprocessHook"}
{"timestamp":"2025-07-04T16:06:39.805704","level":"info","event":"25/07/04 16:06:39 INFO ShutdownHookManager: Deleting directory /tmp/spark-e8675de3-0be8-4594-8f87-cba77033c2ed/pyspark-d87a71d5-c2eb-4c8a-a214-489173b4897b","logger":"airflow.task.hooks.airflow.providers.standard.hooks.subprocess.SubprocessHook"}
{"timestamp":"2025-07-04T16:06:39.809474","level":"info","event":"25/07/04 16:06:39 INFO ShutdownHookManager: Deleting directory /tmp/spark-8e4372f3-3a80-43b5-be2c-5b9c115be4fb","logger":"airflow.task.hooks.airflow.providers.standard.hooks.subprocess.SubprocessHook"}
{"timestamp":"2025-07-04T16:06:39.813556","level":"info","event":"25/07/04 16:06:39 INFO ShutdownHookManager: Deleting directory /tmp/spark-e8675de3-0be8-4594-8f87-cba77033c2ed","logger":"airflow.task.hooks.airflow.providers.standard.hooks.subprocess.SubprocessHook"}
{"timestamp":"2025-07-04T16:06:39.953965","level":"info","event":"Command exited with return code 0","logger":"airflow.task.hooks.airflow.providers.standard.hooks.subprocess.SubprocessHook"}
{"timestamp":"2025-07-04T16:06:39.954603","level":"info","event":"Pushing xcom","ti":"RuntimeTaskInstance(id=UUID('0197d630-5718-78c1-80bb-8fa822111088'), task_id='run_spark_cleaning_and_upload', dag_id='telco_to_hdfs_dag', run_id='manual__2025-07-04T16:06:21.704379+00:00', try_number=1, map_index=-1, hostname='3c4c729a06dc', context_carrier=None, task=<Task(BashOperator): run_spark_cleaning_and_upload>, bundle_instance=LocalDagBundle(name=dags-folder), max_tries=0, start_date=datetime.datetime(2025, 7, 4, 16, 6, 25, 322708, tzinfo=TzInfo(UTC)), end_date=None, is_mapped=False)","logger":"task"}
