{"timestamp":"2025-07-05T15:20:00.352116","level":"info","event":"DAG bundles loaded: dags-folder","logger":"airflow.dag_processing.bundles.manager.DagBundlesManager"}
{"timestamp":"2025-07-05T15:20:00.353092","level":"info","event":"Filling up the DagBag from /opt/airflow/dags/telco_to_hdfs_dag.py","logger":"airflow.models.dagbag.DagBag"}
{"timestamp":"2025-07-05T15:20:00.378072","level":"info","event":"Tmp dir root location: /tmp","logger":"airflow.task.hooks.airflow.providers.standard.hooks.subprocess.SubprocessHook"}
{"timestamp":"2025-07-05T15:20:00.379605","level":"info","event":"Running command: ['/usr/bin/bash', '-c', 'docker exec spark-master /opt/bitnami/spark/bin/spark-submit --master spark://spark-master:7077 /opt/spark-apps/get_clean.py']","logger":"airflow.task.hooks.airflow.providers.standard.hooks.subprocess.SubprocessHook"}
{"timestamp":"2025-07-05T15:20:00.394055","level":"info","event":"Output:","logger":"airflow.task.hooks.airflow.providers.standard.hooks.subprocess.SubprocessHook"}
{"timestamp":"2025-07-05T15:20:01.529149","level":"info","event":"25/07/05 15:20:01 WARN NativeCodeLoader: Unable to load native-hadoop library for your platform... using builtin-java classes where applicable","logger":"airflow.task.hooks.airflow.providers.standard.hooks.subprocess.SubprocessHook"}
{"timestamp":"2025-07-05T15:20:02.161647","level":"info","event":"Using Spark's default log4j profile: org/apache/spark/log4j-defaults.properties","logger":"airflow.task.hooks.airflow.providers.standard.hooks.subprocess.SubprocessHook"}
{"timestamp":"2025-07-05T15:20:02.171587","level":"info","event":"25/07/05 15:20:02 INFO SparkContext: Running Spark version 3.1.1","logger":"airflow.task.hooks.airflow.providers.standard.hooks.subprocess.SubprocessHook"}
{"timestamp":"2025-07-05T15:20:02.206996","level":"info","event":"25/07/05 15:20:02 INFO ResourceUtils: ==============================================================","logger":"airflow.task.hooks.airflow.providers.standard.hooks.subprocess.SubprocessHook"}
{"timestamp":"2025-07-05T15:20:02.207169","level":"info","event":"25/07/05 15:20:02 INFO ResourceUtils: No custom resources configured for spark.driver.","logger":"airflow.task.hooks.airflow.providers.standard.hooks.subprocess.SubprocessHook"}
{"timestamp":"2025-07-05T15:20:02.207239","level":"info","event":"25/07/05 15:20:02 INFO ResourceUtils: ==============================================================","logger":"airflow.task.hooks.airflow.providers.standard.hooks.subprocess.SubprocessHook"}
{"timestamp":"2025-07-05T15:20:02.207290","level":"info","event":"25/07/05 15:20:02 INFO SparkContext: Submitted application: TelcoExploration","logger":"airflow.task.hooks.airflow.providers.standard.hooks.subprocess.SubprocessHook"}
{"timestamp":"2025-07-05T15:20:02.225990","level":"info","event":"25/07/05 15:20:02 INFO ResourceProfile: Default ResourceProfile created, executor resources: Map(cores -> name: cores, amount: 1, script: , vendor: , memory -> name: memory, amount: 1024, script: , vendor: , offHeap -> name: offHeap, amount: 0, script: , vendor: ), task resources: Map(cpus -> name: cpus, amount: 1.0)","logger":"airflow.task.hooks.airflow.providers.standard.hooks.subprocess.SubprocessHook"}
{"timestamp":"2025-07-05T15:20:02.235342","level":"info","event":"25/07/05 15:20:02 INFO ResourceProfile: Limiting resource is cpu","logger":"airflow.task.hooks.airflow.providers.standard.hooks.subprocess.SubprocessHook"}
{"timestamp":"2025-07-05T15:20:02.235547","level":"info","event":"25/07/05 15:20:02 INFO ResourceProfileManager: Added ResourceProfile id: 0","logger":"airflow.task.hooks.airflow.providers.standard.hooks.subprocess.SubprocessHook"}
{"timestamp":"2025-07-05T15:20:02.273335","level":"info","event":"25/07/05 15:20:02 INFO SecurityManager: Changing view acls to: spark","logger":"airflow.task.hooks.airflow.providers.standard.hooks.subprocess.SubprocessHook"}
{"timestamp":"2025-07-05T15:20:02.273535","level":"info","event":"25/07/05 15:20:02 INFO SecurityManager: Changing modify acls to: spark","logger":"airflow.task.hooks.airflow.providers.standard.hooks.subprocess.SubprocessHook"}
{"timestamp":"2025-07-05T15:20:02.273584","level":"info","event":"25/07/05 15:20:02 INFO SecurityManager: Changing view acls groups to:","logger":"airflow.task.hooks.airflow.providers.standard.hooks.subprocess.SubprocessHook"}
{"timestamp":"2025-07-05T15:20:02.273618","level":"info","event":"25/07/05 15:20:02 INFO SecurityManager: Changing modify acls groups to:","logger":"airflow.task.hooks.airflow.providers.standard.hooks.subprocess.SubprocessHook"}
{"timestamp":"2025-07-05T15:20:02.273650","level":"info","event":"25/07/05 15:20:02 INFO SecurityManager: SecurityManager: authentication disabled; ui acls disabled; users  with view permissions: Set(spark); groups with view permissions: Set(); users  with modify permissions: Set(spark); groups with modify permissions: Set()","logger":"airflow.task.hooks.airflow.providers.standard.hooks.subprocess.SubprocessHook"}
{"timestamp":"2025-07-05T15:20:02.451119","level":"info","event":"25/07/05 15:20:02 INFO Utils: Successfully started service 'sparkDriver' on port 34943.","logger":"airflow.task.hooks.airflow.providers.standard.hooks.subprocess.SubprocessHook"}
{"timestamp":"2025-07-05T15:20:02.478001","level":"info","event":"25/07/05 15:20:02 INFO SparkEnv: Registering MapOutputTracker","logger":"airflow.task.hooks.airflow.providers.standard.hooks.subprocess.SubprocessHook"}
{"timestamp":"2025-07-05T15:20:02.502090","level":"info","event":"25/07/05 15:20:02 INFO SparkEnv: Registering BlockManagerMaster","logger":"airflow.task.hooks.airflow.providers.standard.hooks.subprocess.SubprocessHook"}
{"timestamp":"2025-07-05T15:20:02.517726","level":"info","event":"25/07/05 15:20:02 INFO BlockManagerMasterEndpoint: Using org.apache.spark.storage.DefaultTopologyMapper for getting topology information","logger":"airflow.task.hooks.airflow.providers.standard.hooks.subprocess.SubprocessHook"}
{"timestamp":"2025-07-05T15:20:02.517877","level":"info","event":"25/07/05 15:20:02 INFO BlockManagerMasterEndpoint: BlockManagerMasterEndpoint up","logger":"airflow.task.hooks.airflow.providers.standard.hooks.subprocess.SubprocessHook"}
{"timestamp":"2025-07-05T15:20:02.520675","level":"info","event":"25/07/05 15:20:02 INFO SparkEnv: Registering BlockManagerMasterHeartbeat","logger":"airflow.task.hooks.airflow.providers.standard.hooks.subprocess.SubprocessHook"}
{"timestamp":"2025-07-05T15:20:02.536846","level":"info","event":"25/07/05 15:20:02 INFO DiskBlockManager: Created local directory at /tmp/blockmgr-beb6174b-8934-4d4d-89b8-0e086860539d","logger":"airflow.task.hooks.airflow.providers.standard.hooks.subprocess.SubprocessHook"}
{"timestamp":"2025-07-05T15:20:02.559708","level":"info","event":"25/07/05 15:20:02 INFO MemoryStore: MemoryStore started with capacity 366.3 MiB","logger":"airflow.task.hooks.airflow.providers.standard.hooks.subprocess.SubprocessHook"}
{"timestamp":"2025-07-05T15:20:02.575191","level":"info","event":"25/07/05 15:20:02 INFO SparkEnv: Registering OutputCommitCoordinator","logger":"airflow.task.hooks.airflow.providers.standard.hooks.subprocess.SubprocessHook"}
{"timestamp":"2025-07-05T15:20:02.764878","level":"info","event":"25/07/05 15:20:02 INFO Utils: Successfully started service 'SparkUI' on port 4040.","logger":"airflow.task.hooks.airflow.providers.standard.hooks.subprocess.SubprocessHook"}
{"timestamp":"2025-07-05T15:20:02.807272","level":"info","event":"25/07/05 15:20:02 INFO SparkUI: Bound SparkUI to 0.0.0.0, and started at http://d4aed7f68172:4040","logger":"airflow.task.hooks.airflow.providers.standard.hooks.subprocess.SubprocessHook"}
{"timestamp":"2025-07-05T15:20:02.821061","level":"info","event":"25/07/05 15:20:02 INFO SparkContext: Added JAR /opt/bitnami/spark/jars/postgresql-42.7.7.jar at spark://d4aed7f68172:34943/jars/postgresql-42.7.7.jar with timestamp 1751728802157","logger":"airflow.task.hooks.airflow.providers.standard.hooks.subprocess.SubprocessHook"}
{"timestamp":"2025-07-05T15:20:02.971598","level":"info","event":"25/07/05 15:20:02 INFO StandaloneAppClient$ClientEndpoint: Connecting to master spark://spark-master:7077...","logger":"airflow.task.hooks.airflow.providers.standard.hooks.subprocess.SubprocessHook"}
{"timestamp":"2025-07-05T15:20:03.013208","level":"info","event":"25/07/05 15:20:03 INFO TransportClientFactory: Successfully created connection to spark-master/172.21.0.3:7077 after 27 ms (0 ms spent in bootstraps)","logger":"airflow.task.hooks.airflow.providers.standard.hooks.subprocess.SubprocessHook"}
{"timestamp":"2025-07-05T15:20:03.086708","level":"info","event":"25/07/05 15:20:03 INFO StandaloneSchedulerBackend: Connected to Spark cluster with app ID app-20250705152003-0002","logger":"airflow.task.hooks.airflow.providers.standard.hooks.subprocess.SubprocessHook"}
{"timestamp":"2025-07-05T15:20:03.088024","level":"info","event":"25/07/05 15:20:03 INFO StandaloneAppClient$ClientEndpoint: Executor added: app-20250705152003-0002/0 on worker-20250705150547-172.21.0.6-36335 (172.21.0.6:36335) with 12 core(s)","logger":"airflow.task.hooks.airflow.providers.standard.hooks.subprocess.SubprocessHook"}
{"timestamp":"2025-07-05T15:20:03.089871","level":"info","event":"25/07/05 15:20:03 INFO StandaloneSchedulerBackend: Granted executor ID app-20250705152003-0002/0 on hostPort 172.21.0.6:36335 with 12 core(s), 1024.0 MiB RAM","logger":"airflow.task.hooks.airflow.providers.standard.hooks.subprocess.SubprocessHook"}
{"timestamp":"2025-07-05T15:20:03.095990","level":"info","event":"25/07/05 15:20:03 INFO Utils: Successfully started service 'org.apache.spark.network.netty.NettyBlockTransferService' on port 34253.","logger":"airflow.task.hooks.airflow.providers.standard.hooks.subprocess.SubprocessHook"}
{"timestamp":"2025-07-05T15:20:03.096159","level":"info","event":"25/07/05 15:20:03 INFO NettyBlockTransferService: Server created on d4aed7f68172:34253","logger":"airflow.task.hooks.airflow.providers.standard.hooks.subprocess.SubprocessHook"}
{"timestamp":"2025-07-05T15:20:03.097811","level":"info","event":"25/07/05 15:20:03 INFO BlockManager: Using org.apache.spark.storage.RandomBlockReplicationPolicy for block replication policy","logger":"airflow.task.hooks.airflow.providers.standard.hooks.subprocess.SubprocessHook"}
{"timestamp":"2025-07-05T15:20:03.104858","level":"info","event":"25/07/05 15:20:03 INFO BlockManagerMaster: Registering BlockManager BlockManagerId(driver, d4aed7f68172, 34253, None)","logger":"airflow.task.hooks.airflow.providers.standard.hooks.subprocess.SubprocessHook"}
{"timestamp":"2025-07-05T15:20:03.108047","level":"info","event":"25/07/05 15:20:03 INFO BlockManagerMasterEndpoint: Registering block manager d4aed7f68172:34253 with 366.3 MiB RAM, BlockManagerId(driver, d4aed7f68172, 34253, None)","logger":"airflow.task.hooks.airflow.providers.standard.hooks.subprocess.SubprocessHook"}
{"timestamp":"2025-07-05T15:20:03.111042","level":"info","event":"25/07/05 15:20:03 INFO BlockManagerMaster: Registered BlockManager BlockManagerId(driver, d4aed7f68172, 34253, None)","logger":"airflow.task.hooks.airflow.providers.standard.hooks.subprocess.SubprocessHook"}
{"timestamp":"2025-07-05T15:20:03.112654","level":"info","event":"25/07/05 15:20:03 INFO BlockManager: Initialized BlockManager: BlockManagerId(driver, d4aed7f68172, 34253, None)","logger":"airflow.task.hooks.airflow.providers.standard.hooks.subprocess.SubprocessHook"}
{"timestamp":"2025-07-05T15:20:03.120377","level":"info","event":"25/07/05 15:20:03 INFO StandaloneAppClient$ClientEndpoint: Executor updated: app-20250705152003-0002/0 is now RUNNING","logger":"airflow.task.hooks.airflow.providers.standard.hooks.subprocess.SubprocessHook"}
{"timestamp":"2025-07-05T15:20:03.286870","level":"info","event":"25/07/05 15:20:03 INFO StandaloneSchedulerBackend: SchedulerBackend is ready for scheduling beginning after reached minRegisteredResourcesRatio: 0.0","logger":"airflow.task.hooks.airflow.providers.standard.hooks.subprocess.SubprocessHook"}
{"timestamp":"2025-07-05T15:20:03.522111","level":"info","event":"25/07/05 15:20:03 INFO SharedState: Setting hive.metastore.warehouse.dir ('null') to the value of spark.sql.warehouse.dir ('file:/opt/bitnami/spark/spark-warehouse').","logger":"airflow.task.hooks.airflow.providers.standard.hooks.subprocess.SubprocessHook"}
{"timestamp":"2025-07-05T15:20:03.522406","level":"info","event":"25/07/05 15:20:03 INFO SharedState: Warehouse path is 'file:/opt/bitnami/spark/spark-warehouse'.","logger":"airflow.task.hooks.airflow.providers.standard.hooks.subprocess.SubprocessHook"}
{"timestamp":"2025-07-05T15:20:04.604862","level":"info","event":"25/07/05 15:20:04 INFO InMemoryFileIndex: It took 62 ms to list leaf files for 1 paths.","logger":"airflow.task.hooks.airflow.providers.standard.hooks.subprocess.SubprocessHook"}
{"timestamp":"2025-07-05T15:20:04.669336","level":"info","event":"25/07/05 15:20:04 INFO InMemoryFileIndex: It took 8 ms to list leaf files for 1 paths.","logger":"airflow.task.hooks.airflow.providers.standard.hooks.subprocess.SubprocessHook"}
{"timestamp":"2025-07-05T15:20:04.756490","level":"info","event":"25/07/05 15:20:04 INFO CoarseGrainedSchedulerBackend$DriverEndpoint: Registered executor NettyRpcEndpointRef(spark-client://Executor) (172.21.0.6:51908) with ID 0,  ResourceProfileId 0","logger":"airflow.task.hooks.airflow.providers.standard.hooks.subprocess.SubprocessHook"}
{"timestamp":"2025-07-05T15:20:04.844137","level":"info","event":"25/07/05 15:20:04 INFO BlockManagerMasterEndpoint: Registering block manager 172.21.0.6:37913 with 366.3 MiB RAM, BlockManagerId(0, 172.21.0.6, 37913, None)","logger":"airflow.task.hooks.airflow.providers.standard.hooks.subprocess.SubprocessHook"}
{"timestamp":"2025-07-05T15:20:06.435472","level":"info","event":"25/07/05 15:20:06 INFO FileSourceStrategy: Pushed Filters:","logger":"airflow.task.hooks.airflow.providers.standard.hooks.subprocess.SubprocessHook"}
{"timestamp":"2025-07-05T15:20:06.438776","level":"info","event":"25/07/05 15:20:06 INFO FileSourceStrategy: Post-Scan Filters: (length(trim(value#0, None)) > 0)","logger":"airflow.task.hooks.airflow.providers.standard.hooks.subprocess.SubprocessHook"}
{"timestamp":"2025-07-05T15:20:06.442362","level":"info","event":"25/07/05 15:20:06 INFO FileSourceStrategy: Output Data Schema: struct<value: string>","logger":"airflow.task.hooks.airflow.providers.standard.hooks.subprocess.SubprocessHook"}
{"timestamp":"2025-07-05T15:20:06.977254","level":"info","event":"25/07/05 15:20:06 INFO CodeGenerator: Code generated in 151.115193 ms","logger":"airflow.task.hooks.airflow.providers.standard.hooks.subprocess.SubprocessHook"}
{"timestamp":"2025-07-05T15:20:07.022607","level":"info","event":"25/07/05 15:20:07 INFO MemoryStore: Block broadcast_0 stored as values in memory (estimated size 304.3 KiB, free 366.0 MiB)","logger":"airflow.task.hooks.airflow.providers.standard.hooks.subprocess.SubprocessHook"}
{"timestamp":"2025-07-05T15:20:07.068861","level":"info","event":"25/07/05 15:20:07 INFO MemoryStore: Block broadcast_0_piece0 stored as bytes in memory (estimated size 27.6 KiB, free 366.0 MiB)","logger":"airflow.task.hooks.airflow.providers.standard.hooks.subprocess.SubprocessHook"}
{"timestamp":"2025-07-05T15:20:07.071121","level":"info","event":"25/07/05 15:20:07 INFO BlockManagerInfo: Added broadcast_0_piece0 in memory on d4aed7f68172:34253 (size: 27.6 KiB, free: 366.3 MiB)","logger":"airflow.task.hooks.airflow.providers.standard.hooks.subprocess.SubprocessHook"}
{"timestamp":"2025-07-05T15:20:07.073380","level":"info","event":"25/07/05 15:20:07 INFO SparkContext: Created broadcast 0 from csv at NativeMethodAccessorImpl.java:0","logger":"airflow.task.hooks.airflow.providers.standard.hooks.subprocess.SubprocessHook"}
{"timestamp":"2025-07-05T15:20:07.080080","level":"info","event":"25/07/05 15:20:07 INFO FileSourceScanExec: Planning scan with bin packing, max size: 4194304 bytes, open cost is considered as scanning 4194304 bytes.","logger":"airflow.task.hooks.airflow.providers.standard.hooks.subprocess.SubprocessHook"}
{"timestamp":"2025-07-05T15:20:07.258316","level":"info","event":"25/07/05 15:20:07 INFO SparkContext: Starting job: csv at NativeMethodAccessorImpl.java:0","logger":"airflow.task.hooks.airflow.providers.standard.hooks.subprocess.SubprocessHook"}
{"timestamp":"2025-07-05T15:20:07.271121","level":"info","event":"25/07/05 15:20:07 INFO DAGScheduler: Got job 0 (csv at NativeMethodAccessorImpl.java:0) with 1 output partitions","logger":"airflow.task.hooks.airflow.providers.standard.hooks.subprocess.SubprocessHook"}
{"timestamp":"2025-07-05T15:20:07.271278","level":"info","event":"25/07/05 15:20:07 INFO DAGScheduler: Final stage: ResultStage 0 (csv at NativeMethodAccessorImpl.java:0)","logger":"airflow.task.hooks.airflow.providers.standard.hooks.subprocess.SubprocessHook"}
{"timestamp":"2025-07-05T15:20:07.271324","level":"info","event":"25/07/05 15:20:07 INFO DAGScheduler: Parents of final stage: List()","logger":"airflow.task.hooks.airflow.providers.standard.hooks.subprocess.SubprocessHook"}
{"timestamp":"2025-07-05T15:20:07.272594","level":"info","event":"25/07/05 15:20:07 INFO DAGScheduler: Missing parents: List()","logger":"airflow.task.hooks.airflow.providers.standard.hooks.subprocess.SubprocessHook"}
{"timestamp":"2025-07-05T15:20:07.276203","level":"info","event":"25/07/05 15:20:07 INFO DAGScheduler: Submitting ResultStage 0 (MapPartitionsRDD[3] at csv at NativeMethodAccessorImpl.java:0), which has no missing parents","logger":"airflow.task.hooks.airflow.providers.standard.hooks.subprocess.SubprocessHook"}
{"timestamp":"2025-07-05T15:20:07.321415","level":"info","event":"25/07/05 15:20:07 INFO MemoryStore: Block broadcast_1 stored as values in memory (estimated size 10.8 KiB, free 366.0 MiB)","logger":"airflow.task.hooks.airflow.providers.standard.hooks.subprocess.SubprocessHook"}
{"timestamp":"2025-07-05T15:20:07.323868","level":"info","event":"25/07/05 15:20:07 INFO MemoryStore: Block broadcast_1_piece0 stored as bytes in memory (estimated size 5.4 KiB, free 366.0 MiB)","logger":"airflow.task.hooks.airflow.providers.standard.hooks.subprocess.SubprocessHook"}
{"timestamp":"2025-07-05T15:20:07.324131","level":"info","event":"25/07/05 15:20:07 INFO BlockManagerInfo: Added broadcast_1_piece0 in memory on d4aed7f68172:34253 (size: 5.4 KiB, free: 366.3 MiB)","logger":"airflow.task.hooks.airflow.providers.standard.hooks.subprocess.SubprocessHook"}
{"timestamp":"2025-07-05T15:20:07.324647","level":"info","event":"25/07/05 15:20:07 INFO SparkContext: Created broadcast 1 from broadcast at DAGScheduler.scala:1383","logger":"airflow.task.hooks.airflow.providers.standard.hooks.subprocess.SubprocessHook"}
{"timestamp":"2025-07-05T15:20:07.336034","level":"info","event":"25/07/05 15:20:07 INFO DAGScheduler: Submitting 1 missing tasks from ResultStage 0 (MapPartitionsRDD[3] at csv at NativeMethodAccessorImpl.java:0) (first 15 tasks are for partitions Vector(0))","logger":"airflow.task.hooks.airflow.providers.standard.hooks.subprocess.SubprocessHook"}
{"timestamp":"2025-07-05T15:20:07.336562","level":"info","event":"25/07/05 15:20:07 INFO TaskSchedulerImpl: Adding task set 0.0 with 1 tasks resource profile 0","logger":"airflow.task.hooks.airflow.providers.standard.hooks.subprocess.SubprocessHook"}
{"timestamp":"2025-07-05T15:20:07.368542","level":"info","event":"25/07/05 15:20:07 INFO TaskSetManager: Starting task 0.0 in stage 0.0 (TID 0) (172.21.0.6, executor 0, partition 0, ANY, 4876 bytes) taskResourceAssignments Map()","logger":"airflow.task.hooks.airflow.providers.standard.hooks.subprocess.SubprocessHook"}
{"timestamp":"2025-07-05T15:20:07.614619","level":"info","event":"25/07/05 15:20:07 INFO BlockManagerInfo: Added broadcast_1_piece0 in memory on 172.21.0.6:37913 (size: 5.4 KiB, free: 366.3 MiB)","logger":"airflow.task.hooks.airflow.providers.standard.hooks.subprocess.SubprocessHook"}
{"timestamp":"2025-07-05T15:20:08.304178","level":"info","event":"25/07/05 15:20:08 INFO BlockManagerInfo: Added broadcast_0_piece0 in memory on 172.21.0.6:37913 (size: 27.6 KiB, free: 366.3 MiB)","logger":"airflow.task.hooks.airflow.providers.standard.hooks.subprocess.SubprocessHook"}
{"timestamp":"2025-07-05T15:20:08.967718","level":"info","event":"25/07/05 15:20:08 INFO TaskSetManager: Finished task 0.0 in stage 0.0 (TID 0) in 1607 ms on 172.21.0.6 (executor 0) (1/1)","logger":"airflow.task.hooks.airflow.providers.standard.hooks.subprocess.SubprocessHook"}
{"timestamp":"2025-07-05T15:20:08.969197","level":"info","event":"25/07/05 15:20:08 INFO TaskSchedulerImpl: Removed TaskSet 0.0, whose tasks have all completed, from pool","logger":"airflow.task.hooks.airflow.providers.standard.hooks.subprocess.SubprocessHook"}
{"timestamp":"2025-07-05T15:20:08.975403","level":"info","event":"25/07/05 15:20:08 INFO DAGScheduler: ResultStage 0 (csv at NativeMethodAccessorImpl.java:0) finished in 1.686 s","logger":"airflow.task.hooks.airflow.providers.standard.hooks.subprocess.SubprocessHook"}
{"timestamp":"2025-07-05T15:20:08.977794","level":"info","event":"25/07/05 15:20:08 INFO DAGScheduler: Job 0 is finished. Cancelling potential speculative or zombie tasks for this job","logger":"airflow.task.hooks.airflow.providers.standard.hooks.subprocess.SubprocessHook"}
{"timestamp":"2025-07-05T15:20:08.978065","level":"info","event":"25/07/05 15:20:08 INFO TaskSchedulerImpl: Killing all running tasks in stage 0: Stage finished","logger":"airflow.task.hooks.airflow.providers.standard.hooks.subprocess.SubprocessHook"}
{"timestamp":"2025-07-05T15:20:08.980500","level":"info","event":"25/07/05 15:20:08 INFO DAGScheduler: Job 0 finished: csv at NativeMethodAccessorImpl.java:0, took 1.721424 s","logger":"airflow.task.hooks.airflow.providers.standard.hooks.subprocess.SubprocessHook"}
{"timestamp":"2025-07-05T15:20:09.002473","level":"info","event":"25/07/05 15:20:09 INFO CodeGenerator: Code generated in 11.734125 ms","logger":"airflow.task.hooks.airflow.providers.standard.hooks.subprocess.SubprocessHook"}
{"timestamp":"2025-07-05T15:20:09.044143","level":"info","event":"25/07/05 15:20:09 INFO FileSourceStrategy: Pushed Filters:","logger":"airflow.task.hooks.airflow.providers.standard.hooks.subprocess.SubprocessHook"}
{"timestamp":"2025-07-05T15:20:09.044305","level":"info","event":"25/07/05 15:20:09 INFO FileSourceStrategy: Post-Scan Filters:","logger":"airflow.task.hooks.airflow.providers.standard.hooks.subprocess.SubprocessHook"}
{"timestamp":"2025-07-05T15:20:09.044350","level":"info","event":"25/07/05 15:20:09 INFO FileSourceStrategy: Output Data Schema: struct<value: string>","logger":"airflow.task.hooks.airflow.providers.standard.hooks.subprocess.SubprocessHook"}
{"timestamp":"2025-07-05T15:20:09.050519","level":"info","event":"25/07/05 15:20:09 INFO MemoryStore: Block broadcast_2 stored as values in memory (estimated size 304.3 KiB, free 365.7 MiB)","logger":"airflow.task.hooks.airflow.providers.standard.hooks.subprocess.SubprocessHook"}
{"timestamp":"2025-07-05T15:20:09.056535","level":"info","event":"25/07/05 15:20:09 INFO MemoryStore: Block broadcast_2_piece0 stored as bytes in memory (estimated size 27.6 KiB, free 365.6 MiB)","logger":"airflow.task.hooks.airflow.providers.standard.hooks.subprocess.SubprocessHook"}
{"timestamp":"2025-07-05T15:20:09.057320","level":"info","event":"25/07/05 15:20:09 INFO BlockManagerInfo: Added broadcast_2_piece0 in memory on d4aed7f68172:34253 (size: 27.6 KiB, free: 366.2 MiB)","logger":"airflow.task.hooks.airflow.providers.standard.hooks.subprocess.SubprocessHook"}
{"timestamp":"2025-07-05T15:20:09.057775","level":"info","event":"25/07/05 15:20:09 INFO SparkContext: Created broadcast 2 from csv at NativeMethodAccessorImpl.java:0","logger":"airflow.task.hooks.airflow.providers.standard.hooks.subprocess.SubprocessHook"}
{"timestamp":"2025-07-05T15:20:09.058432","level":"info","event":"25/07/05 15:20:09 INFO FileSourceScanExec: Planning scan with bin packing, max size: 4194304 bytes, open cost is considered as scanning 4194304 bytes.","logger":"airflow.task.hooks.airflow.providers.standard.hooks.subprocess.SubprocessHook"}
{"timestamp":"2025-07-05T15:20:09.105251","level":"info","event":"25/07/05 15:20:09 INFO SparkContext: Starting job: csv at NativeMethodAccessorImpl.java:0","logger":"airflow.task.hooks.airflow.providers.standard.hooks.subprocess.SubprocessHook"}
{"timestamp":"2025-07-05T15:20:09.106348","level":"info","event":"25/07/05 15:20:09 INFO DAGScheduler: Got job 1 (csv at NativeMethodAccessorImpl.java:0) with 1 output partitions","logger":"airflow.task.hooks.airflow.providers.standard.hooks.subprocess.SubprocessHook"}
{"timestamp":"2025-07-05T15:20:09.106507","level":"info","event":"25/07/05 15:20:09 INFO DAGScheduler: Final stage: ResultStage 1 (csv at NativeMethodAccessorImpl.java:0)","logger":"airflow.task.hooks.airflow.providers.standard.hooks.subprocess.SubprocessHook"}
{"timestamp":"2025-07-05T15:20:09.106591","level":"info","event":"25/07/05 15:20:09 INFO DAGScheduler: Parents of final stage: List()","logger":"airflow.task.hooks.airflow.providers.standard.hooks.subprocess.SubprocessHook"}
{"timestamp":"2025-07-05T15:20:09.106685","level":"info","event":"25/07/05 15:20:09 INFO DAGScheduler: Missing parents: List()","logger":"airflow.task.hooks.airflow.providers.standard.hooks.subprocess.SubprocessHook"}
{"timestamp":"2025-07-05T15:20:09.107508","level":"info","event":"25/07/05 15:20:09 INFO DAGScheduler: Submitting ResultStage 1 (MapPartitionsRDD[9] at csv at NativeMethodAccessorImpl.java:0), which has no missing parents","logger":"airflow.task.hooks.airflow.providers.standard.hooks.subprocess.SubprocessHook"}
{"timestamp":"2025-07-05T15:20:09.125240","level":"info","event":"25/07/05 15:20:09 INFO MemoryStore: Block broadcast_3 stored as values in memory (estimated size 16.0 KiB, free 365.6 MiB)","logger":"airflow.task.hooks.airflow.providers.standard.hooks.subprocess.SubprocessHook"}
{"timestamp":"2025-07-05T15:20:09.126894","level":"info","event":"25/07/05 15:20:09 INFO MemoryStore: Block broadcast_3_piece0 stored as bytes in memory (estimated size 8.1 KiB, free 365.6 MiB)","logger":"airflow.task.hooks.airflow.providers.standard.hooks.subprocess.SubprocessHook"}
{"timestamp":"2025-07-05T15:20:09.127230","level":"info","event":"25/07/05 15:20:09 INFO BlockManagerInfo: Added broadcast_3_piece0 in memory on d4aed7f68172:34253 (size: 8.1 KiB, free: 366.2 MiB)","logger":"airflow.task.hooks.airflow.providers.standard.hooks.subprocess.SubprocessHook"}
{"timestamp":"2025-07-05T15:20:09.127654","level":"info","event":"25/07/05 15:20:09 INFO SparkContext: Created broadcast 3 from broadcast at DAGScheduler.scala:1383","logger":"airflow.task.hooks.airflow.providers.standard.hooks.subprocess.SubprocessHook"}
{"timestamp":"2025-07-05T15:20:09.128961","level":"info","event":"25/07/05 15:20:09 INFO DAGScheduler: Submitting 1 missing tasks from ResultStage 1 (MapPartitionsRDD[9] at csv at NativeMethodAccessorImpl.java:0) (first 15 tasks are for partitions Vector(0))","logger":"airflow.task.hooks.airflow.providers.standard.hooks.subprocess.SubprocessHook"}
{"timestamp":"2025-07-05T15:20:09.129091","level":"info","event":"25/07/05 15:20:09 INFO TaskSchedulerImpl: Adding task set 1.0 with 1 tasks resource profile 0","logger":"airflow.task.hooks.airflow.providers.standard.hooks.subprocess.SubprocessHook"}
{"timestamp":"2025-07-05T15:20:09.130510","level":"info","event":"25/07/05 15:20:09 INFO TaskSetManager: Starting task 0.0 in stage 1.0 (TID 1) (172.21.0.6, executor 0, partition 0, ANY, 4876 bytes) taskResourceAssignments Map()","logger":"airflow.task.hooks.airflow.providers.standard.hooks.subprocess.SubprocessHook"}
{"timestamp":"2025-07-05T15:20:09.149994","level":"info","event":"25/07/05 15:20:09 INFO BlockManagerInfo: Added broadcast_3_piece0 in memory on 172.21.0.6:37913 (size: 8.1 KiB, free: 366.3 MiB)","logger":"airflow.task.hooks.airflow.providers.standard.hooks.subprocess.SubprocessHook"}
{"timestamp":"2025-07-05T15:20:10.106945","level":"info","event":"25/07/05 15:20:10 INFO BlockManagerInfo: Added broadcast_2_piece0 in memory on 172.21.0.6:37913 (size: 27.6 KiB, free: 366.2 MiB)","logger":"airflow.task.hooks.airflow.providers.standard.hooks.subprocess.SubprocessHook"}
{"timestamp":"2025-07-05T15:20:10.309850","level":"info","event":"25/07/05 15:20:10 INFO TaskSetManager: Finished task 0.0 in stage 1.0 (TID 1) in 1180 ms on 172.21.0.6 (executor 0) (1/1)","logger":"airflow.task.hooks.airflow.providers.standard.hooks.subprocess.SubprocessHook"}
{"timestamp":"2025-07-05T15:20:10.310011","level":"info","event":"25/07/05 15:20:10 INFO TaskSchedulerImpl: Removed TaskSet 1.0, whose tasks have all completed, from pool","logger":"airflow.task.hooks.airflow.providers.standard.hooks.subprocess.SubprocessHook"}
{"timestamp":"2025-07-05T15:20:10.310676","level":"info","event":"25/07/05 15:20:10 INFO DAGScheduler: ResultStage 1 (csv at NativeMethodAccessorImpl.java:0) finished in 1.202 s","logger":"airflow.task.hooks.airflow.providers.standard.hooks.subprocess.SubprocessHook"}
{"timestamp":"2025-07-05T15:20:10.310866","level":"info","event":"25/07/05 15:20:10 INFO DAGScheduler: Job 1 is finished. Cancelling potential speculative or zombie tasks for this job","logger":"airflow.task.hooks.airflow.providers.standard.hooks.subprocess.SubprocessHook"}
{"timestamp":"2025-07-05T15:20:10.310940","level":"info","event":"25/07/05 15:20:10 INFO TaskSchedulerImpl: Killing all running tasks in stage 1: Stage finished","logger":"airflow.task.hooks.airflow.providers.standard.hooks.subprocess.SubprocessHook"}
{"timestamp":"2025-07-05T15:20:10.312339","level":"info","event":"25/07/05 15:20:10 INFO DAGScheduler: Job 1 finished: csv at NativeMethodAccessorImpl.java:0, took 1.207324 s","logger":"airflow.task.hooks.airflow.providers.standard.hooks.subprocess.SubprocessHook"}
{"timestamp":"2025-07-05T15:20:10.797336","level":"info","event":"25/07/05 15:20:10 INFO FileSourceStrategy: Pushed Filters:","logger":"airflow.task.hooks.airflow.providers.standard.hooks.subprocess.SubprocessHook"}
{"timestamp":"2025-07-05T15:20:10.797472","level":"info","event":"25/07/05 15:20:10 INFO FileSourceStrategy: Post-Scan Filters:","logger":"airflow.task.hooks.airflow.providers.standard.hooks.subprocess.SubprocessHook"}
{"timestamp":"2025-07-05T15:20:10.797589","level":"info","event":"25/07/05 15:20:10 INFO FileSourceStrategy: Output Data Schema: struct<TotalCharges: string>","logger":"airflow.task.hooks.airflow.providers.standard.hooks.subprocess.SubprocessHook"}
{"timestamp":"2025-07-05T15:20:10.828622","level":"info","event":"25/07/05 15:20:10 INFO CodeGenerator: Code generated in 14.999297 ms","logger":"airflow.task.hooks.airflow.providers.standard.hooks.subprocess.SubprocessHook"}
{"timestamp":"2025-07-05T15:20:10.832761","level":"info","event":"25/07/05 15:20:10 INFO MemoryStore: Block broadcast_4 stored as values in memory (estimated size 304.2 KiB, free 365.3 MiB)","logger":"airflow.task.hooks.airflow.providers.standard.hooks.subprocess.SubprocessHook"}
{"timestamp":"2025-07-05T15:20:10.840174","level":"info","event":"25/07/05 15:20:10 INFO MemoryStore: Block broadcast_4_piece0 stored as bytes in memory (estimated size 27.6 KiB, free 365.3 MiB)","logger":"airflow.task.hooks.airflow.providers.standard.hooks.subprocess.SubprocessHook"}
{"timestamp":"2025-07-05T15:20:10.840757","level":"info","event":"25/07/05 15:20:10 INFO BlockManagerInfo: Added broadcast_4_piece0 in memory on d4aed7f68172:34253 (size: 27.6 KiB, free: 366.2 MiB)","logger":"airflow.task.hooks.airflow.providers.standard.hooks.subprocess.SubprocessHook"}
{"timestamp":"2025-07-05T15:20:10.841116","level":"info","event":"25/07/05 15:20:10 INFO SparkContext: Created broadcast 4 from approxQuantile at NativeMethodAccessorImpl.java:0","logger":"airflow.task.hooks.airflow.providers.standard.hooks.subprocess.SubprocessHook"}
{"timestamp":"2025-07-05T15:20:10.844411","level":"info","event":"25/07/05 15:20:10 INFO FileSourceScanExec: Planning scan with bin packing, max size: 4194304 bytes, open cost is considered as scanning 4194304 bytes.","logger":"airflow.task.hooks.airflow.providers.standard.hooks.subprocess.SubprocessHook"}
{"timestamp":"2025-07-05T15:20:10.864171","level":"info","event":"25/07/05 15:20:10 INFO SparkContext: Starting job: approxQuantile at NativeMethodAccessorImpl.java:0","logger":"airflow.task.hooks.airflow.providers.standard.hooks.subprocess.SubprocessHook"}
{"timestamp":"2025-07-05T15:20:10.864816","level":"info","event":"25/07/05 15:20:10 INFO DAGScheduler: Got job 2 (approxQuantile at NativeMethodAccessorImpl.java:0) with 1 output partitions","logger":"airflow.task.hooks.airflow.providers.standard.hooks.subprocess.SubprocessHook"}
{"timestamp":"2025-07-05T15:20:10.864956","level":"info","event":"25/07/05 15:20:10 INFO DAGScheduler: Final stage: ResultStage 2 (approxQuantile at NativeMethodAccessorImpl.java:0)","logger":"airflow.task.hooks.airflow.providers.standard.hooks.subprocess.SubprocessHook"}
{"timestamp":"2025-07-05T15:20:10.865030","level":"info","event":"25/07/05 15:20:10 INFO DAGScheduler: Parents of final stage: List()","logger":"airflow.task.hooks.airflow.providers.standard.hooks.subprocess.SubprocessHook"}
{"timestamp":"2025-07-05T15:20:10.865445","level":"info","event":"25/07/05 15:20:10 INFO DAGScheduler: Missing parents: List()","logger":"airflow.task.hooks.airflow.providers.standard.hooks.subprocess.SubprocessHook"}
{"timestamp":"2025-07-05T15:20:10.866230","level":"info","event":"25/07/05 15:20:10 INFO DAGScheduler: Submitting ResultStage 2 (MapPartitionsRDD[16] at approxQuantile at NativeMethodAccessorImpl.java:0), which has no missing parents","logger":"airflow.task.hooks.airflow.providers.standard.hooks.subprocess.SubprocessHook"}
{"timestamp":"2025-07-05T15:20:10.878555","level":"info","event":"25/07/05 15:20:10 INFO MemoryStore: Block broadcast_5 stored as values in memory (estimated size 20.3 KiB, free 365.3 MiB)","logger":"airflow.task.hooks.airflow.providers.standard.hooks.subprocess.SubprocessHook"}
{"timestamp":"2025-07-05T15:20:10.879627","level":"info","event":"25/07/05 15:20:10 INFO MemoryStore: Block broadcast_5_piece0 stored as bytes in memory (estimated size 9.8 KiB, free 365.3 MiB)","logger":"airflow.task.hooks.airflow.providers.standard.hooks.subprocess.SubprocessHook"}
{"timestamp":"2025-07-05T15:20:10.880482","level":"info","event":"25/07/05 15:20:10 INFO BlockManagerInfo: Added broadcast_5_piece0 in memory on d4aed7f68172:34253 (size: 9.8 KiB, free: 366.2 MiB)","logger":"airflow.task.hooks.airflow.providers.standard.hooks.subprocess.SubprocessHook"}
{"timestamp":"2025-07-05T15:20:10.880869","level":"info","event":"25/07/05 15:20:10 INFO SparkContext: Created broadcast 5 from broadcast at DAGScheduler.scala:1383","logger":"airflow.task.hooks.airflow.providers.standard.hooks.subprocess.SubprocessHook"}
{"timestamp":"2025-07-05T15:20:10.881367","level":"info","event":"25/07/05 15:20:10 INFO DAGScheduler: Submitting 1 missing tasks from ResultStage 2 (MapPartitionsRDD[16] at approxQuantile at NativeMethodAccessorImpl.java:0) (first 15 tasks are for partitions Vector(0))","logger":"airflow.task.hooks.airflow.providers.standard.hooks.subprocess.SubprocessHook"}
{"timestamp":"2025-07-05T15:20:10.881464","level":"info","event":"25/07/05 15:20:10 INFO TaskSchedulerImpl: Adding task set 2.0 with 1 tasks resource profile 0","logger":"airflow.task.hooks.airflow.providers.standard.hooks.subprocess.SubprocessHook"}
{"timestamp":"2025-07-05T15:20:10.882725","level":"info","event":"25/07/05 15:20:10 INFO TaskSetManager: Starting task 0.0 in stage 2.0 (TID 2) (172.21.0.6, executor 0, partition 0, ANY, 4876 bytes) taskResourceAssignments Map()","logger":"airflow.task.hooks.airflow.providers.standard.hooks.subprocess.SubprocessHook"}
{"timestamp":"2025-07-05T15:20:10.894899","level":"info","event":"25/07/05 15:20:10 INFO BlockManagerInfo: Added broadcast_5_piece0 in memory on 172.21.0.6:37913 (size: 9.8 KiB, free: 366.2 MiB)","logger":"airflow.task.hooks.airflow.providers.standard.hooks.subprocess.SubprocessHook"}
{"timestamp":"2025-07-05T15:20:10.997646","level":"info","event":"25/07/05 15:20:10 INFO BlockManagerInfo: Added broadcast_4_piece0 in memory on 172.21.0.6:37913 (size: 27.6 KiB, free: 366.2 MiB)","logger":"airflow.task.hooks.airflow.providers.standard.hooks.subprocess.SubprocessHook"}
{"timestamp":"2025-07-05T15:20:11.152107","level":"info","event":"25/07/05 15:20:11 INFO TaskSetManager: Finished task 0.0 in stage 2.0 (TID 2) in 269 ms on 172.21.0.6 (executor 0) (1/1)","logger":"airflow.task.hooks.airflow.providers.standard.hooks.subprocess.SubprocessHook"}
{"timestamp":"2025-07-05T15:20:11.152336","level":"info","event":"25/07/05 15:20:11 INFO TaskSchedulerImpl: Removed TaskSet 2.0, whose tasks have all completed, from pool","logger":"airflow.task.hooks.airflow.providers.standard.hooks.subprocess.SubprocessHook"}
{"timestamp":"2025-07-05T15:20:11.152412","level":"info","event":"25/07/05 15:20:11 INFO DAGScheduler: ResultStage 2 (approxQuantile at NativeMethodAccessorImpl.java:0) finished in 0.284 s","logger":"airflow.task.hooks.airflow.providers.standard.hooks.subprocess.SubprocessHook"}
{"timestamp":"2025-07-05T15:20:11.152449","level":"info","event":"25/07/05 15:20:11 INFO DAGScheduler: Job 2 is finished. Cancelling potential speculative or zombie tasks for this job","logger":"airflow.task.hooks.airflow.providers.standard.hooks.subprocess.SubprocessHook"}
{"timestamp":"2025-07-05T15:20:11.152477","level":"info","event":"25/07/05 15:20:11 INFO TaskSchedulerImpl: Killing all running tasks in stage 2: Stage finished","logger":"airflow.task.hooks.airflow.providers.standard.hooks.subprocess.SubprocessHook"}
{"timestamp":"2025-07-05T15:20:11.154371","level":"info","event":"25/07/05 15:20:11 INFO DAGScheduler: Job 2 finished: approxQuantile at NativeMethodAccessorImpl.java:0, took 0.290401 s","logger":"airflow.task.hooks.airflow.providers.standard.hooks.subprocess.SubprocessHook"}
{"timestamp":"2025-07-05T15:20:11.254411","level":"info","event":"25/07/05 15:20:11 INFO FileSourceStrategy: Pushed Filters:","logger":"airflow.task.hooks.airflow.providers.standard.hooks.subprocess.SubprocessHook"}
{"timestamp":"2025-07-05T15:20:11.255098","level":"info","event":"25/07/05 15:20:11 INFO FileSourceStrategy: Post-Scan Filters: ((CASE WHEN isnull(cast(TotalCharges#35 as double)) THEN 0.0 ELSE cast(TotalCharges#35 as double) END < -3927.1499999999996) OR (CASE WHEN isnull(cast(TotalCharges#35 as double)) THEN 0.0 ELSE cast(TotalCharges#35 as double) END > 7662.049999999999))","logger":"airflow.task.hooks.airflow.providers.standard.hooks.subprocess.SubprocessHook"}
{"timestamp":"2025-07-05T15:20:11.255238","level":"info","event":"25/07/05 15:20:11 INFO FileSourceStrategy: Output Data Schema: struct<TotalCharges: string>","logger":"airflow.task.hooks.airflow.providers.standard.hooks.subprocess.SubprocessHook"}
{"timestamp":"2025-07-05T15:20:11.299431","level":"info","event":"25/07/05 15:20:11 INFO CodeGenerator: Code generated in 8.604968 ms","logger":"airflow.task.hooks.airflow.providers.standard.hooks.subprocess.SubprocessHook"}
{"timestamp":"2025-07-05T15:20:11.328086","level":"info","event":"25/07/05 15:20:11 INFO CodeGenerator: Code generated in 19.644359 ms","logger":"airflow.task.hooks.airflow.providers.standard.hooks.subprocess.SubprocessHook"}
{"timestamp":"2025-07-05T15:20:11.331397","level":"info","event":"25/07/05 15:20:11 INFO MemoryStore: Block broadcast_6 stored as values in memory (estimated size 304.2 KiB, free 365.0 MiB)","logger":"airflow.task.hooks.airflow.providers.standard.hooks.subprocess.SubprocessHook"}
{"timestamp":"2025-07-05T15:20:11.338477","level":"info","event":"25/07/05 15:20:11 INFO MemoryStore: Block broadcast_6_piece0 stored as bytes in memory (estimated size 27.6 KiB, free 364.9 MiB)","logger":"airflow.task.hooks.airflow.providers.standard.hooks.subprocess.SubprocessHook"}
{"timestamp":"2025-07-05T15:20:11.339365","level":"info","event":"25/07/05 15:20:11 INFO BlockManagerInfo: Added broadcast_6_piece0 in memory on d4aed7f68172:34253 (size: 27.6 KiB, free: 366.2 MiB)","logger":"airflow.task.hooks.airflow.providers.standard.hooks.subprocess.SubprocessHook"}
{"timestamp":"2025-07-05T15:20:11.339799","level":"info","event":"25/07/05 15:20:11 INFO SparkContext: Created broadcast 6 from count at NativeMethodAccessorImpl.java:0","logger":"airflow.task.hooks.airflow.providers.standard.hooks.subprocess.SubprocessHook"}
{"timestamp":"2025-07-05T15:20:11.340755","level":"info","event":"25/07/05 15:20:11 INFO FileSourceScanExec: Planning scan with bin packing, max size: 4194304 bytes, open cost is considered as scanning 4194304 bytes.","logger":"airflow.task.hooks.airflow.providers.standard.hooks.subprocess.SubprocessHook"}
{"timestamp":"2025-07-05T15:20:11.368655","level":"info","event":"25/07/05 15:20:11 INFO SparkContext: Starting job: count at NativeMethodAccessorImpl.java:0","logger":"airflow.task.hooks.airflow.providers.standard.hooks.subprocess.SubprocessHook"}
{"timestamp":"2025-07-05T15:20:11.371251","level":"info","event":"25/07/05 15:20:11 INFO DAGScheduler: Registering RDD 20 (count at NativeMethodAccessorImpl.java:0) as input to shuffle 0","logger":"airflow.task.hooks.airflow.providers.standard.hooks.subprocess.SubprocessHook"}
{"timestamp":"2025-07-05T15:20:11.373331","level":"info","event":"25/07/05 15:20:11 INFO DAGScheduler: Got job 3 (count at NativeMethodAccessorImpl.java:0) with 1 output partitions","logger":"airflow.task.hooks.airflow.providers.standard.hooks.subprocess.SubprocessHook"}
{"timestamp":"2025-07-05T15:20:11.373443","level":"info","event":"25/07/05 15:20:11 INFO DAGScheduler: Final stage: ResultStage 4 (count at NativeMethodAccessorImpl.java:0)","logger":"airflow.task.hooks.airflow.providers.standard.hooks.subprocess.SubprocessHook"}
{"timestamp":"2025-07-05T15:20:11.373482","level":"info","event":"25/07/05 15:20:11 INFO DAGScheduler: Parents of final stage: List(ShuffleMapStage 3)","logger":"airflow.task.hooks.airflow.providers.standard.hooks.subprocess.SubprocessHook"}
{"timestamp":"2025-07-05T15:20:11.374631","level":"info","event":"25/07/05 15:20:11 INFO DAGScheduler: Missing parents: List(ShuffleMapStage 3)","logger":"airflow.task.hooks.airflow.providers.standard.hooks.subprocess.SubprocessHook"}
{"timestamp":"2025-07-05T15:20:11.375994","level":"info","event":"25/07/05 15:20:11 INFO DAGScheduler: Submitting ShuffleMapStage 3 (MapPartitionsRDD[20] at count at NativeMethodAccessorImpl.java:0), which has no missing parents","logger":"airflow.task.hooks.airflow.providers.standard.hooks.subprocess.SubprocessHook"}
{"timestamp":"2025-07-05T15:20:11.384932","level":"info","event":"25/07/05 15:20:11 INFO MemoryStore: Block broadcast_7 stored as values in memory (estimated size 19.7 KiB, free 364.9 MiB)","logger":"airflow.task.hooks.airflow.providers.standard.hooks.subprocess.SubprocessHook"}
{"timestamp":"2025-07-05T15:20:11.386451","level":"info","event":"25/07/05 15:20:11 INFO MemoryStore: Block broadcast_7_piece0 stored as bytes in memory (estimated size 9.3 KiB, free 364.9 MiB)","logger":"airflow.task.hooks.airflow.providers.standard.hooks.subprocess.SubprocessHook"}
{"timestamp":"2025-07-05T15:20:11.387288","level":"info","event":"25/07/05 15:20:11 INFO BlockManagerInfo: Added broadcast_7_piece0 in memory on d4aed7f68172:34253 (size: 9.3 KiB, free: 366.2 MiB)","logger":"airflow.task.hooks.airflow.providers.standard.hooks.subprocess.SubprocessHook"}
{"timestamp":"2025-07-05T15:20:11.387617","level":"info","event":"25/07/05 15:20:11 INFO SparkContext: Created broadcast 7 from broadcast at DAGScheduler.scala:1383","logger":"airflow.task.hooks.airflow.providers.standard.hooks.subprocess.SubprocessHook"}
{"timestamp":"2025-07-05T15:20:11.389121","level":"info","event":"25/07/05 15:20:11 INFO DAGScheduler: Submitting 1 missing tasks from ShuffleMapStage 3 (MapPartitionsRDD[20] at count at NativeMethodAccessorImpl.java:0) (first 15 tasks are for partitions Vector(0))","logger":"airflow.task.hooks.airflow.providers.standard.hooks.subprocess.SubprocessHook"}
{"timestamp":"2025-07-05T15:20:11.389284","level":"info","event":"25/07/05 15:20:11 INFO TaskSchedulerImpl: Adding task set 3.0 with 1 tasks resource profile 0","logger":"airflow.task.hooks.airflow.providers.standard.hooks.subprocess.SubprocessHook"}
{"timestamp":"2025-07-05T15:20:11.391660","level":"info","event":"25/07/05 15:20:11 INFO TaskSetManager: Starting task 0.0 in stage 3.0 (TID 3) (172.21.0.6, executor 0, partition 0, ANY, 4865 bytes) taskResourceAssignments Map()","logger":"airflow.task.hooks.airflow.providers.standard.hooks.subprocess.SubprocessHook"}
{"timestamp":"2025-07-05T15:20:11.406114","level":"info","event":"25/07/05 15:20:11 INFO BlockManagerInfo: Added broadcast_7_piece0 in memory on 172.21.0.6:37913 (size: 9.3 KiB, free: 366.2 MiB)","logger":"airflow.task.hooks.airflow.providers.standard.hooks.subprocess.SubprocessHook"}
{"timestamp":"2025-07-05T15:20:11.476090","level":"info","event":"25/07/05 15:20:11 INFO BlockManagerInfo: Added broadcast_6_piece0 in memory on 172.21.0.6:37913 (size: 27.6 KiB, free: 366.2 MiB)","logger":"airflow.task.hooks.airflow.providers.standard.hooks.subprocess.SubprocessHook"}
{"timestamp":"2025-07-05T15:20:11.540087","level":"info","event":"25/07/05 15:20:11 INFO TaskSetManager: Finished task 0.0 in stage 3.0 (TID 3) in 149 ms on 172.21.0.6 (executor 0) (1/1)","logger":"airflow.task.hooks.airflow.providers.standard.hooks.subprocess.SubprocessHook"}
{"timestamp":"2025-07-05T15:20:11.540264","level":"info","event":"25/07/05 15:20:11 INFO TaskSchedulerImpl: Removed TaskSet 3.0, whose tasks have all completed, from pool","logger":"airflow.task.hooks.airflow.providers.standard.hooks.subprocess.SubprocessHook"}
{"timestamp":"2025-07-05T15:20:11.541756","level":"info","event":"25/07/05 15:20:11 INFO DAGScheduler: ShuffleMapStage 3 (count at NativeMethodAccessorImpl.java:0) finished in 0.162 s","logger":"airflow.task.hooks.airflow.providers.standard.hooks.subprocess.SubprocessHook"}
{"timestamp":"2025-07-05T15:20:11.541904","level":"info","event":"25/07/05 15:20:11 INFO DAGScheduler: looking for newly runnable stages","logger":"airflow.task.hooks.airflow.providers.standard.hooks.subprocess.SubprocessHook"}
{"timestamp":"2025-07-05T15:20:11.542357","level":"info","event":"25/07/05 15:20:11 INFO DAGScheduler: running: Set()","logger":"airflow.task.hooks.airflow.providers.standard.hooks.subprocess.SubprocessHook"}
{"timestamp":"2025-07-05T15:20:11.542459","level":"info","event":"25/07/05 15:20:11 INFO DAGScheduler: waiting: Set(ResultStage 4)","logger":"airflow.task.hooks.airflow.providers.standard.hooks.subprocess.SubprocessHook"}
{"timestamp":"2025-07-05T15:20:11.542709","level":"info","event":"25/07/05 15:20:11 INFO DAGScheduler: failed: Set()","logger":"airflow.task.hooks.airflow.providers.standard.hooks.subprocess.SubprocessHook"}
{"timestamp":"2025-07-05T15:20:11.545131","level":"info","event":"25/07/05 15:20:11 INFO DAGScheduler: Submitting ResultStage 4 (MapPartitionsRDD[23] at count at NativeMethodAccessorImpl.java:0), which has no missing parents","logger":"airflow.task.hooks.airflow.providers.standard.hooks.subprocess.SubprocessHook"}
{"timestamp":"2025-07-05T15:20:11.550728","level":"info","event":"25/07/05 15:20:11 INFO MemoryStore: Block broadcast_8 stored as values in memory (estimated size 10.1 KiB, free 364.9 MiB)","logger":"airflow.task.hooks.airflow.providers.standard.hooks.subprocess.SubprocessHook"}
{"timestamp":"2025-07-05T15:20:11.552128","level":"info","event":"25/07/05 15:20:11 INFO MemoryStore: Block broadcast_8_piece0 stored as bytes in memory (estimated size 5.0 KiB, free 364.9 MiB)","logger":"airflow.task.hooks.airflow.providers.standard.hooks.subprocess.SubprocessHook"}
{"timestamp":"2025-07-05T15:20:11.553280","level":"info","event":"25/07/05 15:20:11 INFO BlockManagerInfo: Added broadcast_8_piece0 in memory on d4aed7f68172:34253 (size: 5.0 KiB, free: 366.2 MiB)","logger":"airflow.task.hooks.airflow.providers.standard.hooks.subprocess.SubprocessHook"}
{"timestamp":"2025-07-05T15:20:11.553677","level":"info","event":"25/07/05 15:20:11 INFO SparkContext: Created broadcast 8 from broadcast at DAGScheduler.scala:1383","logger":"airflow.task.hooks.airflow.providers.standard.hooks.subprocess.SubprocessHook"}
{"timestamp":"2025-07-05T15:20:11.554099","level":"info","event":"25/07/05 15:20:11 INFO DAGScheduler: Submitting 1 missing tasks from ResultStage 4 (MapPartitionsRDD[23] at count at NativeMethodAccessorImpl.java:0) (first 15 tasks are for partitions Vector(0))","logger":"airflow.task.hooks.airflow.providers.standard.hooks.subprocess.SubprocessHook"}
{"timestamp":"2025-07-05T15:20:11.554190","level":"info","event":"25/07/05 15:20:11 INFO TaskSchedulerImpl: Adding task set 4.0 with 1 tasks resource profile 0","logger":"airflow.task.hooks.airflow.providers.standard.hooks.subprocess.SubprocessHook"}
{"timestamp":"2025-07-05T15:20:11.557861","level":"info","event":"25/07/05 15:20:11 INFO TaskSetManager: Starting task 0.0 in stage 4.0 (TID 4) (172.21.0.6, executor 0, partition 0, NODE_LOCAL, 4457 bytes) taskResourceAssignments Map()","logger":"airflow.task.hooks.airflow.providers.standard.hooks.subprocess.SubprocessHook"}
{"timestamp":"2025-07-05T15:20:11.572696","level":"info","event":"25/07/05 15:20:11 INFO BlockManagerInfo: Added broadcast_8_piece0 in memory on 172.21.0.6:37913 (size: 5.0 KiB, free: 366.2 MiB)","logger":"airflow.task.hooks.airflow.providers.standard.hooks.subprocess.SubprocessHook"}
{"timestamp":"2025-07-05T15:20:11.586475","level":"info","event":"25/07/05 15:20:11 INFO MapOutputTrackerMasterEndpoint: Asked to send map output locations for shuffle 0 to 172.21.0.6:51908","logger":"airflow.task.hooks.airflow.providers.standard.hooks.subprocess.SubprocessHook"}
{"timestamp":"2025-07-05T15:20:11.671364","level":"info","event":"25/07/05 15:20:11 INFO TaskSetManager: Finished task 0.0 in stage 4.0 (TID 4) in 115 ms on 172.21.0.6 (executor 0) (1/1)","logger":"airflow.task.hooks.airflow.providers.standard.hooks.subprocess.SubprocessHook"}
{"timestamp":"2025-07-05T15:20:11.671566","level":"info","event":"25/07/05 15:20:11 INFO TaskSchedulerImpl: Removed TaskSet 4.0, whose tasks have all completed, from pool","logger":"airflow.task.hooks.airflow.providers.standard.hooks.subprocess.SubprocessHook"}
{"timestamp":"2025-07-05T15:20:11.672460","level":"info","event":"25/07/05 15:20:11 INFO DAGScheduler: ResultStage 4 (count at NativeMethodAccessorImpl.java:0) finished in 0.122 s","logger":"airflow.task.hooks.airflow.providers.standard.hooks.subprocess.SubprocessHook"}
{"timestamp":"2025-07-05T15:20:11.672567","level":"info","event":"25/07/05 15:20:11 INFO DAGScheduler: Job 3 is finished. Cancelling potential speculative or zombie tasks for this job","logger":"airflow.task.hooks.airflow.providers.standard.hooks.subprocess.SubprocessHook"}
{"timestamp":"2025-07-05T15:20:11.672629","level":"info","event":"25/07/05 15:20:11 INFO TaskSchedulerImpl: Killing all running tasks in stage 4: Stage finished","logger":"airflow.task.hooks.airflow.providers.standard.hooks.subprocess.SubprocessHook"}
{"timestamp":"2025-07-05T15:20:11.672669","level":"info","event":"25/07/05 15:20:11 INFO DAGScheduler: Job 3 finished: count at NativeMethodAccessorImpl.java:0, took 0.304067 s","logger":"airflow.task.hooks.airflow.providers.standard.hooks.subprocess.SubprocessHook"}
{"timestamp":"2025-07-05T15:20:11.675369","level":"info","event":"Number of outliers in totalcharges: 154","logger":"airflow.task.hooks.airflow.providers.standard.hooks.subprocess.SubprocessHook"}
{"timestamp":"2025-07-05T15:20:11.773184","level":"info","event":"25/07/05 15:20:11 INFO FileSourceStrategy: Pushed Filters:","logger":"airflow.task.hooks.airflow.providers.standard.hooks.subprocess.SubprocessHook"}
{"timestamp":"2025-07-05T15:20:11.773386","level":"info","event":"25/07/05 15:20:11 INFO FileSourceStrategy: Post-Scan Filters:","logger":"airflow.task.hooks.airflow.providers.standard.hooks.subprocess.SubprocessHook"}
{"timestamp":"2025-07-05T15:20:11.773484","level":"info","event":"25/07/05 15:20:11 INFO FileSourceStrategy: Output Data Schema: struct<customerID: string, gender: string, SeniorCitizen: int, Partner: string, Dependents: string ... 19 more fields>","logger":"airflow.task.hooks.airflow.providers.standard.hooks.subprocess.SubprocessHook"}
{"timestamp":"2025-07-05T15:20:11.819643","level":"info","event":"25/07/05 15:20:11 INFO ParquetFileFormat: Using default output committer for Parquet: org.apache.parquet.hadoop.ParquetOutputCommitter","logger":"airflow.task.hooks.airflow.providers.standard.hooks.subprocess.SubprocessHook"}
{"timestamp":"2025-07-05T15:20:11.838775","level":"info","event":"25/07/05 15:20:11 INFO FileOutputCommitter: File Output Committer Algorithm version is 1","logger":"airflow.task.hooks.airflow.providers.standard.hooks.subprocess.SubprocessHook"}
{"timestamp":"2025-07-05T15:20:11.838957","level":"info","event":"25/07/05 15:20:11 INFO FileOutputCommitter: FileOutputCommitter skip cleanup _temporary folders under output directory:false, ignore cleanup failures: false","logger":"airflow.task.hooks.airflow.providers.standard.hooks.subprocess.SubprocessHook"}
{"timestamp":"2025-07-05T15:20:11.839859","level":"info","event":"25/07/05 15:20:11 INFO SQLHadoopMapReduceCommitProtocol: Using user defined output committer class org.apache.parquet.hadoop.ParquetOutputCommitter","logger":"airflow.task.hooks.airflow.providers.standard.hooks.subprocess.SubprocessHook"}
{"timestamp":"2025-07-05T15:20:11.840407","level":"info","event":"25/07/05 15:20:11 INFO FileOutputCommitter: File Output Committer Algorithm version is 1","logger":"airflow.task.hooks.airflow.providers.standard.hooks.subprocess.SubprocessHook"}
{"timestamp":"2025-07-05T15:20:11.840548","level":"info","event":"25/07/05 15:20:11 INFO FileOutputCommitter: FileOutputCommitter skip cleanup _temporary folders under output directory:false, ignore cleanup failures: false","logger":"airflow.task.hooks.airflow.providers.standard.hooks.subprocess.SubprocessHook"}
{"timestamp":"2025-07-05T15:20:11.841341","level":"info","event":"25/07/05 15:20:11 INFO SQLHadoopMapReduceCommitProtocol: Using output committer class org.apache.parquet.hadoop.ParquetOutputCommitter","logger":"airflow.task.hooks.airflow.providers.standard.hooks.subprocess.SubprocessHook"}
{"timestamp":"2025-07-05T15:20:11.896170","level":"info","event":"25/07/05 15:20:11 INFO CodeGenerator: Code generated in 26.433338 ms","logger":"airflow.task.hooks.airflow.providers.standard.hooks.subprocess.SubprocessHook"}
{"timestamp":"2025-07-05T15:20:11.898914","level":"info","event":"25/07/05 15:20:11 INFO MemoryStore: Block broadcast_9 stored as values in memory (estimated size 304.2 KiB, free 364.6 MiB)","logger":"airflow.task.hooks.airflow.providers.standard.hooks.subprocess.SubprocessHook"}
{"timestamp":"2025-07-05T15:20:11.905143","level":"info","event":"25/07/05 15:20:11 INFO MemoryStore: Block broadcast_9_piece0 stored as bytes in memory (estimated size 27.6 KiB, free 364.6 MiB)","logger":"airflow.task.hooks.airflow.providers.standard.hooks.subprocess.SubprocessHook"}
{"timestamp":"2025-07-05T15:20:11.906617","level":"info","event":"25/07/05 15:20:11 INFO BlockManagerInfo: Added broadcast_9_piece0 in memory on d4aed7f68172:34253 (size: 27.6 KiB, free: 366.1 MiB)","logger":"airflow.task.hooks.airflow.providers.standard.hooks.subprocess.SubprocessHook"}
{"timestamp":"2025-07-05T15:20:11.907153","level":"info","event":"25/07/05 15:20:11 INFO SparkContext: Created broadcast 9 from parquet at NativeMethodAccessorImpl.java:0","logger":"airflow.task.hooks.airflow.providers.standard.hooks.subprocess.SubprocessHook"}
{"timestamp":"2025-07-05T15:20:11.908685","level":"info","event":"25/07/05 15:20:11 INFO FileSourceScanExec: Planning scan with bin packing, max size: 4194304 bytes, open cost is considered as scanning 4194304 bytes.","logger":"airflow.task.hooks.airflow.providers.standard.hooks.subprocess.SubprocessHook"}
{"timestamp":"2025-07-05T15:20:11.929913","level":"info","event":"25/07/05 15:20:11 INFO SparkContext: Starting job: parquet at NativeMethodAccessorImpl.java:0","logger":"airflow.task.hooks.airflow.providers.standard.hooks.subprocess.SubprocessHook"}
{"timestamp":"2025-07-05T15:20:11.930678","level":"info","event":"25/07/05 15:20:11 INFO DAGScheduler: Got job 4 (parquet at NativeMethodAccessorImpl.java:0) with 1 output partitions","logger":"airflow.task.hooks.airflow.providers.standard.hooks.subprocess.SubprocessHook"}
{"timestamp":"2025-07-05T15:20:11.930827","level":"info","event":"25/07/05 15:20:11 INFO DAGScheduler: Final stage: ResultStage 5 (parquet at NativeMethodAccessorImpl.java:0)","logger":"airflow.task.hooks.airflow.providers.standard.hooks.subprocess.SubprocessHook"}
{"timestamp":"2025-07-05T15:20:11.930898","level":"info","event":"25/07/05 15:20:11 INFO DAGScheduler: Parents of final stage: List()","logger":"airflow.task.hooks.airflow.providers.standard.hooks.subprocess.SubprocessHook"}
{"timestamp":"2025-07-05T15:20:11.930956","level":"info","event":"25/07/05 15:20:11 INFO DAGScheduler: Missing parents: List()","logger":"airflow.task.hooks.airflow.providers.standard.hooks.subprocess.SubprocessHook"}
{"timestamp":"2025-07-05T15:20:11.932401","level":"info","event":"25/07/05 15:20:11 INFO DAGScheduler: Submitting ResultStage 5 (MapPartitionsRDD[26] at parquet at NativeMethodAccessorImpl.java:0), which has no missing parents","logger":"airflow.task.hooks.airflow.providers.standard.hooks.subprocess.SubprocessHook"}
{"timestamp":"2025-07-05T15:20:11.944409","level":"info","event":"25/07/05 15:20:11 INFO MemoryStore: Block broadcast_10 stored as values in memory (estimated size 191.6 KiB, free 364.4 MiB)","logger":"airflow.task.hooks.airflow.providers.standard.hooks.subprocess.SubprocessHook"}
{"timestamp":"2025-07-05T15:20:11.946428","level":"info","event":"25/07/05 15:20:11 INFO MemoryStore: Block broadcast_10_piece0 stored as bytes in memory (estimated size 67.2 KiB, free 364.3 MiB)","logger":"airflow.task.hooks.airflow.providers.standard.hooks.subprocess.SubprocessHook"}
{"timestamp":"2025-07-05T15:20:11.946973","level":"info","event":"25/07/05 15:20:11 INFO BlockManagerInfo: Added broadcast_10_piece0 in memory on d4aed7f68172:34253 (size: 67.2 KiB, free: 366.1 MiB)","logger":"airflow.task.hooks.airflow.providers.standard.hooks.subprocess.SubprocessHook"}
{"timestamp":"2025-07-05T15:20:11.947486","level":"info","event":"25/07/05 15:20:11 INFO SparkContext: Created broadcast 10 from broadcast at DAGScheduler.scala:1383","logger":"airflow.task.hooks.airflow.providers.standard.hooks.subprocess.SubprocessHook"}
{"timestamp":"2025-07-05T15:20:11.948536","level":"info","event":"25/07/05 15:20:11 INFO DAGScheduler: Submitting 1 missing tasks from ResultStage 5 (MapPartitionsRDD[26] at parquet at NativeMethodAccessorImpl.java:0) (first 15 tasks are for partitions Vector(0))","logger":"airflow.task.hooks.airflow.providers.standard.hooks.subprocess.SubprocessHook"}
{"timestamp":"2025-07-05T15:20:11.948708","level":"info","event":"25/07/05 15:20:11 INFO TaskSchedulerImpl: Adding task set 5.0 with 1 tasks resource profile 0","logger":"airflow.task.hooks.airflow.providers.standard.hooks.subprocess.SubprocessHook"}
{"timestamp":"2025-07-05T15:20:11.949667","level":"info","event":"25/07/05 15:20:11 INFO TaskSetManager: Starting task 0.0 in stage 5.0 (TID 5) (172.21.0.6, executor 0, partition 0, ANY, 4876 bytes) taskResourceAssignments Map()","logger":"airflow.task.hooks.airflow.providers.standard.hooks.subprocess.SubprocessHook"}
{"timestamp":"2025-07-05T15:20:11.963485","level":"info","event":"25/07/05 15:20:11 INFO BlockManagerInfo: Added broadcast_10_piece0 in memory on 172.21.0.6:37913 (size: 67.2 KiB, free: 366.1 MiB)","logger":"airflow.task.hooks.airflow.providers.standard.hooks.subprocess.SubprocessHook"}
{"timestamp":"2025-07-05T15:20:12.353437","level":"info","event":"25/07/05 15:20:12 INFO BlockManagerInfo: Added broadcast_9_piece0 in memory on 172.21.0.6:37913 (size: 27.6 KiB, free: 366.1 MiB)","logger":"airflow.task.hooks.airflow.providers.standard.hooks.subprocess.SubprocessHook"}
{"timestamp":"2025-07-05T15:20:12.728206","level":"info","event":"25/07/05 15:20:12 INFO TaskSetManager: Finished task 0.0 in stage 5.0 (TID 5) in 778 ms on 172.21.0.6 (executor 0) (1/1)","logger":"airflow.task.hooks.airflow.providers.standard.hooks.subprocess.SubprocessHook"}
{"timestamp":"2025-07-05T15:20:12.728664","level":"info","event":"25/07/05 15:20:12 INFO TaskSchedulerImpl: Removed TaskSet 5.0, whose tasks have all completed, from pool","logger":"airflow.task.hooks.airflow.providers.standard.hooks.subprocess.SubprocessHook"}
{"timestamp":"2025-07-05T15:20:12.730983","level":"info","event":"25/07/05 15:20:12 INFO DAGScheduler: ResultStage 5 (parquet at NativeMethodAccessorImpl.java:0) finished in 0.795 s","logger":"airflow.task.hooks.airflow.providers.standard.hooks.subprocess.SubprocessHook"}
{"timestamp":"2025-07-05T15:20:12.731391","level":"info","event":"25/07/05 15:20:12 INFO DAGScheduler: Job 4 is finished. Cancelling potential speculative or zombie tasks for this job","logger":"airflow.task.hooks.airflow.providers.standard.hooks.subprocess.SubprocessHook"}
{"timestamp":"2025-07-05T15:20:12.731634","level":"info","event":"25/07/05 15:20:12 INFO TaskSchedulerImpl: Killing all running tasks in stage 5: Stage finished","logger":"airflow.task.hooks.airflow.providers.standard.hooks.subprocess.SubprocessHook"}
{"timestamp":"2025-07-05T15:20:12.732647","level":"info","event":"25/07/05 15:20:12 INFO DAGScheduler: Job 4 finished: parquet at NativeMethodAccessorImpl.java:0, took 0.800483 s","logger":"airflow.task.hooks.airflow.providers.standard.hooks.subprocess.SubprocessHook"}
{"timestamp":"2025-07-05T15:20:12.790699","level":"info","event":"25/07/05 15:20:12 INFO FileFormatWriter: Write Job 470fdc7b-13c4-4cf9-9718-dfda2c7e5fce committed.","logger":"airflow.task.hooks.airflow.providers.standard.hooks.subprocess.SubprocessHook"}
{"timestamp":"2025-07-05T15:20:12.796889","level":"info","event":"25/07/05 15:20:12 INFO FileFormatWriter: Finished processing stats for write job 470fdc7b-13c4-4cf9-9718-dfda2c7e5fce.","logger":"airflow.task.hooks.airflow.providers.standard.hooks.subprocess.SubprocessHook"}
{"timestamp":"2025-07-05T15:20:13.046783","level":"info","event":"25/07/05 15:20:13 INFO BlockManagerInfo: Removed broadcast_10_piece0 on d4aed7f68172:34253 in memory (size: 67.2 KiB, free: 366.1 MiB)","logger":"airflow.task.hooks.airflow.providers.standard.hooks.subprocess.SubprocessHook"}
{"timestamp":"2025-07-05T15:20:13.050263","level":"info","event":"25/07/05 15:20:13 INFO BlockManagerInfo: Removed broadcast_10_piece0 on 172.21.0.6:37913 in memory (size: 67.2 KiB, free: 366.1 MiB)","logger":"airflow.task.hooks.airflow.providers.standard.hooks.subprocess.SubprocessHook"}
{"timestamp":"2025-07-05T15:20:13.059292","level":"info","event":"25/07/05 15:20:13 INFO BlockManagerInfo: Removed broadcast_1_piece0 on d4aed7f68172:34253 in memory (size: 5.4 KiB, free: 366.1 MiB)","logger":"airflow.task.hooks.airflow.providers.standard.hooks.subprocess.SubprocessHook"}
{"timestamp":"2025-07-05T15:20:13.062021","level":"info","event":"25/07/05 15:20:13 INFO BlockManagerInfo: Removed broadcast_1_piece0 on 172.21.0.6:37913 in memory (size: 5.4 KiB, free: 366.1 MiB)","logger":"airflow.task.hooks.airflow.providers.standard.hooks.subprocess.SubprocessHook"}
{"timestamp":"2025-07-05T15:20:13.069346","level":"info","event":"25/07/05 15:20:13 INFO BlockManagerInfo: Removed broadcast_8_piece0 on d4aed7f68172:34253 in memory (size: 5.0 KiB, free: 366.1 MiB)","logger":"airflow.task.hooks.airflow.providers.standard.hooks.subprocess.SubprocessHook"}
{"timestamp":"2025-07-05T15:20:13.071279","level":"info","event":"25/07/05 15:20:13 INFO BlockManagerInfo: Removed broadcast_8_piece0 on 172.21.0.6:37913 in memory (size: 5.0 KiB, free: 366.1 MiB)","logger":"airflow.task.hooks.airflow.providers.standard.hooks.subprocess.SubprocessHook"}
{"timestamp":"2025-07-05T15:20:13.082129","level":"info","event":"25/07/05 15:20:13 INFO BlockManagerInfo: Removed broadcast_6_piece0 on d4aed7f68172:34253 in memory (size: 27.6 KiB, free: 366.2 MiB)","logger":"airflow.task.hooks.airflow.providers.standard.hooks.subprocess.SubprocessHook"}
{"timestamp":"2025-07-05T15:20:13.085130","level":"info","event":"25/07/05 15:20:13 INFO BlockManagerInfo: Removed broadcast_6_piece0 on 172.21.0.6:37913 in memory (size: 27.6 KiB, free: 366.2 MiB)","logger":"airflow.task.hooks.airflow.providers.standard.hooks.subprocess.SubprocessHook"}
{"timestamp":"2025-07-05T15:20:13.092033","level":"info","event":"25/07/05 15:20:13 INFO BlockManagerInfo: Removed broadcast_9_piece0 on d4aed7f68172:34253 in memory (size: 27.6 KiB, free: 366.2 MiB)","logger":"airflow.task.hooks.airflow.providers.standard.hooks.subprocess.SubprocessHook"}
{"timestamp":"2025-07-05T15:20:13.093863","level":"info","event":"25/07/05 15:20:13 INFO BlockManagerInfo: Removed broadcast_9_piece0 on 172.21.0.6:37913 in memory (size: 27.6 KiB, free: 366.2 MiB)","logger":"airflow.task.hooks.airflow.providers.standard.hooks.subprocess.SubprocessHook"}
{"timestamp":"2025-07-05T15:20:13.100609","level":"info","event":"25/07/05 15:20:13 INFO BlockManagerInfo: Removed broadcast_7_piece0 on d4aed7f68172:34253 in memory (size: 9.3 KiB, free: 366.2 MiB)","logger":"airflow.task.hooks.airflow.providers.standard.hooks.subprocess.SubprocessHook"}
{"timestamp":"2025-07-05T15:20:13.102090","level":"info","event":"25/07/05 15:20:13 INFO BlockManagerInfo: Removed broadcast_7_piece0 on 172.21.0.6:37913 in memory (size: 9.3 KiB, free: 366.2 MiB)","logger":"airflow.task.hooks.airflow.providers.standard.hooks.subprocess.SubprocessHook"}
{"timestamp":"2025-07-05T15:20:13.107801","level":"info","event":"25/07/05 15:20:13 INFO BlockManagerInfo: Removed broadcast_3_piece0 on d4aed7f68172:34253 in memory (size: 8.1 KiB, free: 366.2 MiB)","logger":"airflow.task.hooks.airflow.providers.standard.hooks.subprocess.SubprocessHook"}
{"timestamp":"2025-07-05T15:20:13.110012","level":"info","event":"25/07/05 15:20:13 INFO BlockManagerInfo: Removed broadcast_3_piece0 on 172.21.0.6:37913 in memory (size: 8.1 KiB, free: 366.2 MiB)","logger":"airflow.task.hooks.airflow.providers.standard.hooks.subprocess.SubprocessHook"}
{"timestamp":"2025-07-05T15:20:13.117231","level":"info","event":"25/07/05 15:20:13 INFO BlockManagerInfo: Removed broadcast_4_piece0 on d4aed7f68172:34253 in memory (size: 27.6 KiB, free: 366.2 MiB)","logger":"airflow.task.hooks.airflow.providers.standard.hooks.subprocess.SubprocessHook"}
{"timestamp":"2025-07-05T15:20:13.118984","level":"info","event":"25/07/05 15:20:13 INFO BlockManagerInfo: Removed broadcast_4_piece0 on 172.21.0.6:37913 in memory (size: 27.6 KiB, free: 366.2 MiB)","logger":"airflow.task.hooks.airflow.providers.standard.hooks.subprocess.SubprocessHook"}
{"timestamp":"2025-07-05T15:20:13.125465","level":"info","event":"25/07/05 15:20:13 INFO BlockManagerInfo: Removed broadcast_5_piece0 on d4aed7f68172:34253 in memory (size: 9.8 KiB, free: 366.2 MiB)","logger":"airflow.task.hooks.airflow.providers.standard.hooks.subprocess.SubprocessHook"}
{"timestamp":"2025-07-05T15:20:13.127444","level":"info","event":"25/07/05 15:20:13 INFO BlockManagerInfo: Removed broadcast_5_piece0 on 172.21.0.6:37913 in memory (size: 9.8 KiB, free: 366.2 MiB)","logger":"airflow.task.hooks.airflow.providers.standard.hooks.subprocess.SubprocessHook"}
{"timestamp":"2025-07-05T15:20:13.161946","level":"info","event":"25/07/05 15:20:13 INFO FileSourceStrategy: Pushed Filters:","logger":"airflow.task.hooks.airflow.providers.standard.hooks.subprocess.SubprocessHook"}
{"timestamp":"2025-07-05T15:20:13.162124","level":"info","event":"25/07/05 15:20:13 INFO FileSourceStrategy: Post-Scan Filters:","logger":"airflow.task.hooks.airflow.providers.standard.hooks.subprocess.SubprocessHook"}
{"timestamp":"2025-07-05T15:20:13.162200","level":"info","event":"25/07/05 15:20:13 INFO FileSourceStrategy: Output Data Schema: struct<customerID: string, gender: string, SeniorCitizen: int, Partner: string, Dependents: string ... 19 more fields>","logger":"airflow.task.hooks.airflow.providers.standard.hooks.subprocess.SubprocessHook"}
{"timestamp":"2025-07-05T15:20:13.175607","level":"info","event":"25/07/05 15:20:13 INFO MemoryStore: Block broadcast_11 stored as values in memory (estimated size 304.2 KiB, free 365.4 MiB)","logger":"airflow.task.hooks.airflow.providers.standard.hooks.subprocess.SubprocessHook"}
{"timestamp":"2025-07-05T15:20:13.182251","level":"info","event":"25/07/05 15:20:13 INFO MemoryStore: Block broadcast_11_piece0 stored as bytes in memory (estimated size 27.6 KiB, free 365.3 MiB)","logger":"airflow.task.hooks.airflow.providers.standard.hooks.subprocess.SubprocessHook"}
{"timestamp":"2025-07-05T15:20:13.183382","level":"info","event":"25/07/05 15:20:13 INFO BlockManagerInfo: Added broadcast_11_piece0 in memory on d4aed7f68172:34253 (size: 27.6 KiB, free: 366.2 MiB)","logger":"airflow.task.hooks.airflow.providers.standard.hooks.subprocess.SubprocessHook"}
{"timestamp":"2025-07-05T15:20:13.183565","level":"info","event":"25/07/05 15:20:13 INFO SparkContext: Created broadcast 11 from save at NativeMethodAccessorImpl.java:0","logger":"airflow.task.hooks.airflow.providers.standard.hooks.subprocess.SubprocessHook"}
{"timestamp":"2025-07-05T15:20:13.184736","level":"info","event":"25/07/05 15:20:13 INFO FileSourceScanExec: Planning scan with bin packing, max size: 4194304 bytes, open cost is considered as scanning 4194304 bytes.","logger":"airflow.task.hooks.airflow.providers.standard.hooks.subprocess.SubprocessHook"}
{"timestamp":"2025-07-05T15:20:13.217044","level":"info","event":"25/07/05 15:20:13 INFO SparkContext: Starting job: save at NativeMethodAccessorImpl.java:0","logger":"airflow.task.hooks.airflow.providers.standard.hooks.subprocess.SubprocessHook"}
{"timestamp":"2025-07-05T15:20:13.218093","level":"info","event":"25/07/05 15:20:13 INFO DAGScheduler: Got job 5 (save at NativeMethodAccessorImpl.java:0) with 1 output partitions","logger":"airflow.task.hooks.airflow.providers.standard.hooks.subprocess.SubprocessHook"}
{"timestamp":"2025-07-05T15:20:13.218213","level":"info","event":"25/07/05 15:20:13 INFO DAGScheduler: Final stage: ResultStage 6 (save at NativeMethodAccessorImpl.java:0)","logger":"airflow.task.hooks.airflow.providers.standard.hooks.subprocess.SubprocessHook"}
{"timestamp":"2025-07-05T15:20:13.218268","level":"info","event":"25/07/05 15:20:13 INFO DAGScheduler: Parents of final stage: List()","logger":"airflow.task.hooks.airflow.providers.standard.hooks.subprocess.SubprocessHook"}
{"timestamp":"2025-07-05T15:20:13.218314","level":"info","event":"25/07/05 15:20:13 INFO DAGScheduler: Missing parents: List()","logger":"airflow.task.hooks.airflow.providers.standard.hooks.subprocess.SubprocessHook"}
{"timestamp":"2025-07-05T15:20:13.219457","level":"info","event":"25/07/05 15:20:13 INFO DAGScheduler: Submitting ResultStage 6 (MapPartitionsRDD[34] at save at NativeMethodAccessorImpl.java:0), which has no missing parents","logger":"airflow.task.hooks.airflow.providers.standard.hooks.subprocess.SubprocessHook"}
{"timestamp":"2025-07-05T15:20:13.244156","level":"info","event":"25/07/05 15:20:13 INFO MemoryStore: Block broadcast_12 stored as values in memory (estimated size 37.8 KiB, free 365.3 MiB)","logger":"airflow.task.hooks.airflow.providers.standard.hooks.subprocess.SubprocessHook"}
{"timestamp":"2025-07-05T15:20:13.245955","level":"info","event":"25/07/05 15:20:13 INFO MemoryStore: Block broadcast_12_piece0 stored as bytes in memory (estimated size 15.5 KiB, free 365.3 MiB)","logger":"airflow.task.hooks.airflow.providers.standard.hooks.subprocess.SubprocessHook"}
{"timestamp":"2025-07-05T15:20:13.246535","level":"info","event":"25/07/05 15:20:13 INFO BlockManagerInfo: Added broadcast_12_piece0 in memory on d4aed7f68172:34253 (size: 15.5 KiB, free: 366.2 MiB)","logger":"airflow.task.hooks.airflow.providers.standard.hooks.subprocess.SubprocessHook"}
{"timestamp":"2025-07-05T15:20:13.246800","level":"info","event":"25/07/05 15:20:13 INFO SparkContext: Created broadcast 12 from broadcast at DAGScheduler.scala:1383","logger":"airflow.task.hooks.airflow.providers.standard.hooks.subprocess.SubprocessHook"}
{"timestamp":"2025-07-05T15:20:13.247346","level":"info","event":"25/07/05 15:20:13 INFO DAGScheduler: Submitting 1 missing tasks from ResultStage 6 (MapPartitionsRDD[34] at save at NativeMethodAccessorImpl.java:0) (first 15 tasks are for partitions Vector(0))","logger":"airflow.task.hooks.airflow.providers.standard.hooks.subprocess.SubprocessHook"}
{"timestamp":"2025-07-05T15:20:13.247422","level":"info","event":"25/07/05 15:20:13 INFO TaskSchedulerImpl: Adding task set 6.0 with 1 tasks resource profile 0","logger":"airflow.task.hooks.airflow.providers.standard.hooks.subprocess.SubprocessHook"}
{"timestamp":"2025-07-05T15:20:13.248746","level":"info","event":"25/07/05 15:20:13 INFO TaskSetManager: Starting task 0.0 in stage 6.0 (TID 6) (172.21.0.6, executor 0, partition 0, ANY, 4876 bytes) taskResourceAssignments Map()","logger":"airflow.task.hooks.airflow.providers.standard.hooks.subprocess.SubprocessHook"}
{"timestamp":"2025-07-05T15:20:13.261935","level":"info","event":"25/07/05 15:20:13 INFO BlockManagerInfo: Added broadcast_12_piece0 in memory on 172.21.0.6:37913 (size: 15.5 KiB, free: 366.2 MiB)","logger":"airflow.task.hooks.airflow.providers.standard.hooks.subprocess.SubprocessHook"}
{"timestamp":"2025-07-05T15:20:13.568290","level":"info","event":"25/07/05 15:20:13 INFO BlockManagerInfo: Added broadcast_11_piece0 in memory on 172.21.0.6:37913 (size: 27.6 KiB, free: 366.2 MiB)","logger":"airflow.task.hooks.airflow.providers.standard.hooks.subprocess.SubprocessHook"}
{"timestamp":"2025-07-05T15:20:13.769696","level":"info","event":"25/07/05 15:20:13 INFO TaskSetManager: Finished task 0.0 in stage 6.0 (TID 6) in 521 ms on 172.21.0.6 (executor 0) (1/1)","logger":"airflow.task.hooks.airflow.providers.standard.hooks.subprocess.SubprocessHook"}
{"timestamp":"2025-07-05T15:20:13.769900","level":"info","event":"25/07/05 15:20:13 INFO TaskSchedulerImpl: Removed TaskSet 6.0, whose tasks have all completed, from pool","logger":"airflow.task.hooks.airflow.providers.standard.hooks.subprocess.SubprocessHook"}
{"timestamp":"2025-07-05T15:20:13.770000","level":"info","event":"25/07/05 15:20:13 INFO DAGScheduler: ResultStage 6 (save at NativeMethodAccessorImpl.java:0) finished in 0.551 s","logger":"airflow.task.hooks.airflow.providers.standard.hooks.subprocess.SubprocessHook"}
{"timestamp":"2025-07-05T15:20:13.770309","level":"info","event":"25/07/05 15:20:13 INFO DAGScheduler: Job 5 is finished. Cancelling potential speculative or zombie tasks for this job","logger":"airflow.task.hooks.airflow.providers.standard.hooks.subprocess.SubprocessHook"}
{"timestamp":"2025-07-05T15:20:13.770390","level":"info","event":"25/07/05 15:20:13 INFO TaskSchedulerImpl: Killing all running tasks in stage 6: Stage finished","logger":"airflow.task.hooks.airflow.providers.standard.hooks.subprocess.SubprocessHook"}
{"timestamp":"2025-07-05T15:20:13.770441","level":"info","event":"25/07/05 15:20:13 INFO DAGScheduler: Job 5 finished: save at NativeMethodAccessorImpl.java:0, took 0.553816 s","logger":"airflow.task.hooks.airflow.providers.standard.hooks.subprocess.SubprocessHook"}
{"timestamp":"2025-07-05T15:20:13.832194","level":"info","event":"The Cleaning is done!","logger":"airflow.task.hooks.airflow.providers.standard.hooks.subprocess.SubprocessHook"}
{"timestamp":"2025-07-05T15:20:13.864347","level":"info","event":"25/07/05 15:20:13 INFO SparkContext: Invoking stop() from shutdown hook","logger":"airflow.task.hooks.airflow.providers.standard.hooks.subprocess.SubprocessHook"}
{"timestamp":"2025-07-05T15:20:13.874929","level":"info","event":"25/07/05 15:20:13 INFO SparkUI: Stopped Spark web UI at http://d4aed7f68172:4040","logger":"airflow.task.hooks.airflow.providers.standard.hooks.subprocess.SubprocessHook"}
{"timestamp":"2025-07-05T15:20:13.881031","level":"info","event":"25/07/05 15:20:13 INFO StandaloneSchedulerBackend: Shutting down all executors","logger":"airflow.task.hooks.airflow.providers.standard.hooks.subprocess.SubprocessHook"}
{"timestamp":"2025-07-05T15:20:13.881354","level":"info","event":"25/07/05 15:20:13 INFO CoarseGrainedSchedulerBackend$DriverEndpoint: Asking each executor to shut down","logger":"airflow.task.hooks.airflow.providers.standard.hooks.subprocess.SubprocessHook"}
{"timestamp":"2025-07-05T15:20:13.905277","level":"info","event":"25/07/05 15:20:13 INFO MapOutputTrackerMasterEndpoint: MapOutputTrackerMasterEndpoint stopped!","logger":"airflow.task.hooks.airflow.providers.standard.hooks.subprocess.SubprocessHook"}
{"timestamp":"2025-07-05T15:20:13.923731","level":"info","event":"25/07/05 15:20:13 INFO MemoryStore: MemoryStore cleared","logger":"airflow.task.hooks.airflow.providers.standard.hooks.subprocess.SubprocessHook"}
{"timestamp":"2025-07-05T15:20:13.924358","level":"info","event":"25/07/05 15:20:13 INFO BlockManager: BlockManager stopped","logger":"airflow.task.hooks.airflow.providers.standard.hooks.subprocess.SubprocessHook"}
{"timestamp":"2025-07-05T15:20:13.934354","level":"info","event":"25/07/05 15:20:13 INFO BlockManagerMaster: BlockManagerMaster stopped","logger":"airflow.task.hooks.airflow.providers.standard.hooks.subprocess.SubprocessHook"}
{"timestamp":"2025-07-05T15:20:13.937226","level":"info","event":"25/07/05 15:20:13 INFO OutputCommitCoordinator$OutputCommitCoordinatorEndpoint: OutputCommitCoordinator stopped!","logger":"airflow.task.hooks.airflow.providers.standard.hooks.subprocess.SubprocessHook"}
{"timestamp":"2025-07-05T15:20:13.947387","level":"info","event":"25/07/05 15:20:13 INFO SparkContext: Successfully stopped SparkContext","logger":"airflow.task.hooks.airflow.providers.standard.hooks.subprocess.SubprocessHook"}
{"timestamp":"2025-07-05T15:20:13.947540","level":"info","event":"25/07/05 15:20:13 INFO ShutdownHookManager: Shutdown hook called","logger":"airflow.task.hooks.airflow.providers.standard.hooks.subprocess.SubprocessHook"}
{"timestamp":"2025-07-05T15:20:13.948197","level":"info","event":"25/07/05 15:20:13 INFO ShutdownHookManager: Deleting directory /tmp/spark-af94186e-c89e-4bed-927d-9e2819ef5aca","logger":"airflow.task.hooks.airflow.providers.standard.hooks.subprocess.SubprocessHook"}
{"timestamp":"2025-07-05T15:20:13.952106","level":"info","event":"25/07/05 15:20:13 INFO ShutdownHookManager: Deleting directory /tmp/spark-357569e2-7e57-44dc-8201-1e21ea054fe6","logger":"airflow.task.hooks.airflow.providers.standard.hooks.subprocess.SubprocessHook"}
{"timestamp":"2025-07-05T15:20:13.956351","level":"info","event":"25/07/05 15:20:13 INFO ShutdownHookManager: Deleting directory /tmp/spark-357569e2-7e57-44dc-8201-1e21ea054fe6/pyspark-ed9ec13e-7995-4bc5-a91f-b1e14fb64d94","logger":"airflow.task.hooks.airflow.providers.standard.hooks.subprocess.SubprocessHook"}
{"timestamp":"2025-07-05T15:20:14.104827","level":"info","event":"Command exited with return code 0","logger":"airflow.task.hooks.airflow.providers.standard.hooks.subprocess.SubprocessHook"}
{"timestamp":"2025-07-05T15:20:14.105495","level":"info","event":"Pushing xcom","ti":"RuntimeTaskInstance(id=UUID('0197db2c-270c-79bf-8cb4-84b0f468cf44'), task_id='run_spark_cleaning_and_upload', dag_id='telco_to_hdfs_dag', run_id='manual__2025-07-05T15:19:53.336294+00:00', try_number=1, map_index=-1, hostname='5986b2597cca', context_carrier=None, task=<Task(BashOperator): run_spark_cleaning_and_upload>, bundle_instance=LocalDagBundle(name=dags-folder), max_tries=0, start_date=datetime.datetime(2025, 7, 5, 15, 20, 0, 290311, tzinfo=TzInfo(UTC)), end_date=None, is_mapped=False)","logger":"task"}
