{"timestamp":"2025-07-05T15:36:45.069129","level":"info","event":"DAG bundles loaded: dags-folder","logger":"airflow.dag_processing.bundles.manager.DagBundlesManager"}
{"timestamp":"2025-07-05T15:36:45.069738","level":"info","event":"Filling up the DagBag from /opt/airflow/dags/telco_to_hdfs_dag.py","logger":"airflow.models.dagbag.DagBag"}
{"timestamp":"2025-07-05T15:36:45.086497","level":"info","event":"Tmp dir root location: /tmp","logger":"airflow.task.hooks.airflow.providers.standard.hooks.subprocess.SubprocessHook"}
{"timestamp":"2025-07-05T15:36:45.087584","level":"info","event":"Running command: ['/usr/bin/bash', '-c', 'docker exec spark-master /opt/bitnami/spark/bin/spark-submit --master spark://spark-master:7077 /opt/spark-apps/get_clean.py']","logger":"airflow.task.hooks.airflow.providers.standard.hooks.subprocess.SubprocessHook"}
{"timestamp":"2025-07-05T15:36:45.097302","level":"info","event":"Output:","logger":"airflow.task.hooks.airflow.providers.standard.hooks.subprocess.SubprocessHook"}
{"timestamp":"2025-07-05T15:36:46.252069","level":"info","event":"25/07/05 15:36:46 WARN NativeCodeLoader: Unable to load native-hadoop library for your platform... using builtin-java classes where applicable","logger":"airflow.task.hooks.airflow.providers.standard.hooks.subprocess.SubprocessHook"}
{"timestamp":"2025-07-05T15:36:46.889193","level":"info","event":"Using Spark's default log4j profile: org/apache/spark/log4j-defaults.properties","logger":"airflow.task.hooks.airflow.providers.standard.hooks.subprocess.SubprocessHook"}
{"timestamp":"2025-07-05T15:36:46.897386","level":"info","event":"25/07/05 15:36:46 INFO SparkContext: Running Spark version 3.1.1","logger":"airflow.task.hooks.airflow.providers.standard.hooks.subprocess.SubprocessHook"}
{"timestamp":"2025-07-05T15:36:46.929082","level":"info","event":"25/07/05 15:36:46 INFO ResourceUtils: ==============================================================","logger":"airflow.task.hooks.airflow.providers.standard.hooks.subprocess.SubprocessHook"}
{"timestamp":"2025-07-05T15:36:46.929262","level":"info","event":"25/07/05 15:36:46 INFO ResourceUtils: No custom resources configured for spark.driver.","logger":"airflow.task.hooks.airflow.providers.standard.hooks.subprocess.SubprocessHook"}
{"timestamp":"2025-07-05T15:36:46.929327","level":"info","event":"25/07/05 15:36:46 INFO ResourceUtils: ==============================================================","logger":"airflow.task.hooks.airflow.providers.standard.hooks.subprocess.SubprocessHook"}
{"timestamp":"2025-07-05T15:36:46.929649","level":"info","event":"25/07/05 15:36:46 INFO SparkContext: Submitted application: TelcoExploration","logger":"airflow.task.hooks.airflow.providers.standard.hooks.subprocess.SubprocessHook"}
{"timestamp":"2025-07-05T15:36:46.953103","level":"info","event":"25/07/05 15:36:46 INFO ResourceProfile: Default ResourceProfile created, executor resources: Map(cores -> name: cores, amount: 1, script: , vendor: , memory -> name: memory, amount: 1024, script: , vendor: , offHeap -> name: offHeap, amount: 0, script: , vendor: ), task resources: Map(cpus -> name: cpus, amount: 1.0)","logger":"airflow.task.hooks.airflow.providers.standard.hooks.subprocess.SubprocessHook"}
{"timestamp":"2025-07-05T15:36:46.962420","level":"info","event":"25/07/05 15:36:46 INFO ResourceProfile: Limiting resource is cpu","logger":"airflow.task.hooks.airflow.providers.standard.hooks.subprocess.SubprocessHook"}
{"timestamp":"2025-07-05T15:36:46.962667","level":"info","event":"25/07/05 15:36:46 INFO ResourceProfileManager: Added ResourceProfile id: 0","logger":"airflow.task.hooks.airflow.providers.standard.hooks.subprocess.SubprocessHook"}
{"timestamp":"2025-07-05T15:36:47.004133","level":"info","event":"25/07/05 15:36:47 INFO SecurityManager: Changing view acls to: spark","logger":"airflow.task.hooks.airflow.providers.standard.hooks.subprocess.SubprocessHook"}
{"timestamp":"2025-07-05T15:36:47.004272","level":"info","event":"25/07/05 15:36:47 INFO SecurityManager: Changing modify acls to: spark","logger":"airflow.task.hooks.airflow.providers.standard.hooks.subprocess.SubprocessHook"}
{"timestamp":"2025-07-05T15:36:47.004320","level":"info","event":"25/07/05 15:36:47 INFO SecurityManager: Changing view acls groups to:","logger":"airflow.task.hooks.airflow.providers.standard.hooks.subprocess.SubprocessHook"}
{"timestamp":"2025-07-05T15:36:47.004351","level":"info","event":"25/07/05 15:36:47 INFO SecurityManager: Changing modify acls groups to:","logger":"airflow.task.hooks.airflow.providers.standard.hooks.subprocess.SubprocessHook"}
{"timestamp":"2025-07-05T15:36:47.004382","level":"info","event":"25/07/05 15:36:47 INFO SecurityManager: SecurityManager: authentication disabled; ui acls disabled; users  with view permissions: Set(spark); groups with view permissions: Set(); users  with modify permissions: Set(spark); groups with modify permissions: Set()","logger":"airflow.task.hooks.airflow.providers.standard.hooks.subprocess.SubprocessHook"}
{"timestamp":"2025-07-05T15:36:47.183372","level":"info","event":"25/07/05 15:36:47 INFO Utils: Successfully started service 'sparkDriver' on port 37453.","logger":"airflow.task.hooks.airflow.providers.standard.hooks.subprocess.SubprocessHook"}
{"timestamp":"2025-07-05T15:36:47.212864","level":"info","event":"25/07/05 15:36:47 INFO SparkEnv: Registering MapOutputTracker","logger":"airflow.task.hooks.airflow.providers.standard.hooks.subprocess.SubprocessHook"}
{"timestamp":"2025-07-05T15:36:47.240635","level":"info","event":"25/07/05 15:36:47 INFO SparkEnv: Registering BlockManagerMaster","logger":"airflow.task.hooks.airflow.providers.standard.hooks.subprocess.SubprocessHook"}
{"timestamp":"2025-07-05T15:36:47.258667","level":"info","event":"25/07/05 15:36:47 INFO BlockManagerMasterEndpoint: Using org.apache.spark.storage.DefaultTopologyMapper for getting topology information","logger":"airflow.task.hooks.airflow.providers.standard.hooks.subprocess.SubprocessHook"}
{"timestamp":"2025-07-05T15:36:47.258805","level":"info","event":"25/07/05 15:36:47 INFO BlockManagerMasterEndpoint: BlockManagerMasterEndpoint up","logger":"airflow.task.hooks.airflow.providers.standard.hooks.subprocess.SubprocessHook"}
{"timestamp":"2025-07-05T15:36:47.262593","level":"info","event":"25/07/05 15:36:47 INFO SparkEnv: Registering BlockManagerMasterHeartbeat","logger":"airflow.task.hooks.airflow.providers.standard.hooks.subprocess.SubprocessHook"}
{"timestamp":"2025-07-05T15:36:47.275179","level":"info","event":"25/07/05 15:36:47 INFO DiskBlockManager: Created local directory at /tmp/blockmgr-52ec58ef-310c-4dee-8f33-c6151d427a09","logger":"airflow.task.hooks.airflow.providers.standard.hooks.subprocess.SubprocessHook"}
{"timestamp":"2025-07-05T15:36:47.295908","level":"info","event":"25/07/05 15:36:47 INFO MemoryStore: MemoryStore started with capacity 366.3 MiB","logger":"airflow.task.hooks.airflow.providers.standard.hooks.subprocess.SubprocessHook"}
{"timestamp":"2025-07-05T15:36:47.309936","level":"info","event":"25/07/05 15:36:47 INFO SparkEnv: Registering OutputCommitCoordinator","logger":"airflow.task.hooks.airflow.providers.standard.hooks.subprocess.SubprocessHook"}
{"timestamp":"2025-07-05T15:36:47.494865","level":"info","event":"25/07/05 15:36:47 INFO Utils: Successfully started service 'SparkUI' on port 4040.","logger":"airflow.task.hooks.airflow.providers.standard.hooks.subprocess.SubprocessHook"}
{"timestamp":"2025-07-05T15:36:47.560969","level":"info","event":"25/07/05 15:36:47 INFO SparkUI: Bound SparkUI to 0.0.0.0, and started at http://d4aed7f68172:4040","logger":"airflow.task.hooks.airflow.providers.standard.hooks.subprocess.SubprocessHook"}
{"timestamp":"2025-07-05T15:36:47.577511","level":"info","event":"25/07/05 15:36:47 INFO SparkContext: Added JAR /opt/bitnami/spark/jars/postgresql-42.7.7.jar at spark://d4aed7f68172:37453/jars/postgresql-42.7.7.jar with timestamp 1751729806886","logger":"airflow.task.hooks.airflow.providers.standard.hooks.subprocess.SubprocessHook"}
{"timestamp":"2025-07-05T15:36:47.719370","level":"info","event":"25/07/05 15:36:47 INFO StandaloneAppClient$ClientEndpoint: Connecting to master spark://spark-master:7077...","logger":"airflow.task.hooks.airflow.providers.standard.hooks.subprocess.SubprocessHook"}
{"timestamp":"2025-07-05T15:36:47.763006","level":"info","event":"25/07/05 15:36:47 INFO TransportClientFactory: Successfully created connection to spark-master/172.21.0.3:7077 after 26 ms (0 ms spent in bootstraps)","logger":"airflow.task.hooks.airflow.providers.standard.hooks.subprocess.SubprocessHook"}
{"timestamp":"2025-07-05T15:36:47.873844","level":"info","event":"25/07/05 15:36:47 INFO StandaloneSchedulerBackend: Connected to Spark cluster with app ID app-20250705153647-0000","logger":"airflow.task.hooks.airflow.providers.standard.hooks.subprocess.SubprocessHook"}
{"timestamp":"2025-07-05T15:36:47.880427","level":"info","event":"25/07/05 15:36:47 INFO Utils: Successfully started service 'org.apache.spark.network.netty.NettyBlockTransferService' on port 46683.","logger":"airflow.task.hooks.airflow.providers.standard.hooks.subprocess.SubprocessHook"}
{"timestamp":"2025-07-05T15:36:47.880631","level":"info","event":"25/07/05 15:36:47 INFO NettyBlockTransferService: Server created on d4aed7f68172:46683","logger":"airflow.task.hooks.airflow.providers.standard.hooks.subprocess.SubprocessHook"}
{"timestamp":"2025-07-05T15:36:47.882865","level":"info","event":"25/07/05 15:36:47 INFO BlockManager: Using org.apache.spark.storage.RandomBlockReplicationPolicy for block replication policy","logger":"airflow.task.hooks.airflow.providers.standard.hooks.subprocess.SubprocessHook"}
{"timestamp":"2025-07-05T15:36:47.891033","level":"info","event":"25/07/05 15:36:47 INFO BlockManagerMaster: Registering BlockManager BlockManagerId(driver, d4aed7f68172, 46683, None)","logger":"airflow.task.hooks.airflow.providers.standard.hooks.subprocess.SubprocessHook"}
{"timestamp":"2025-07-05T15:36:47.894412","level":"info","event":"25/07/05 15:36:47 INFO BlockManagerMasterEndpoint: Registering block manager d4aed7f68172:46683 with 366.3 MiB RAM, BlockManagerId(driver, d4aed7f68172, 46683, None)","logger":"airflow.task.hooks.airflow.providers.standard.hooks.subprocess.SubprocessHook"}
{"timestamp":"2025-07-05T15:36:47.896835","level":"info","event":"25/07/05 15:36:47 INFO BlockManagerMaster: Registered BlockManager BlockManagerId(driver, d4aed7f68172, 46683, None)","logger":"airflow.task.hooks.airflow.providers.standard.hooks.subprocess.SubprocessHook"}
{"timestamp":"2025-07-05T15:36:47.898683","level":"info","event":"25/07/05 15:36:47 INFO BlockManager: Initialized BlockManager: BlockManagerId(driver, d4aed7f68172, 46683, None)","logger":"airflow.task.hooks.airflow.providers.standard.hooks.subprocess.SubprocessHook"}
{"timestamp":"2025-07-05T15:36:47.903489","level":"info","event":"25/07/05 15:36:47 INFO StandaloneAppClient$ClientEndpoint: Executor added: app-20250705153647-0000/0 on worker-20250705153445-172.21.0.6-45747 (172.21.0.6:45747) with 12 core(s)","logger":"airflow.task.hooks.airflow.providers.standard.hooks.subprocess.SubprocessHook"}
{"timestamp":"2025-07-05T15:36:47.904456","level":"info","event":"25/07/05 15:36:47 INFO StandaloneSchedulerBackend: Granted executor ID app-20250705153647-0000/0 on hostPort 172.21.0.6:45747 with 12 core(s), 1024.0 MiB RAM","logger":"airflow.task.hooks.airflow.providers.standard.hooks.subprocess.SubprocessHook"}
{"timestamp":"2025-07-05T15:36:48.017452","level":"info","event":"25/07/05 15:36:48 INFO StandaloneAppClient$ClientEndpoint: Executor updated: app-20250705153647-0000/0 is now RUNNING","logger":"airflow.task.hooks.airflow.providers.standard.hooks.subprocess.SubprocessHook"}
{"timestamp":"2025-07-05T15:36:48.076130","level":"info","event":"25/07/05 15:36:48 INFO StandaloneSchedulerBackend: SchedulerBackend is ready for scheduling beginning after reached minRegisteredResourcesRatio: 0.0","logger":"airflow.task.hooks.airflow.providers.standard.hooks.subprocess.SubprocessHook"}
{"timestamp":"2025-07-05T15:36:48.301221","level":"info","event":"25/07/05 15:36:48 INFO SharedState: Setting hive.metastore.warehouse.dir ('null') to the value of spark.sql.warehouse.dir ('file:/opt/bitnami/spark/spark-warehouse').","logger":"airflow.task.hooks.airflow.providers.standard.hooks.subprocess.SubprocessHook"}
{"timestamp":"2025-07-05T15:36:48.301372","level":"info","event":"25/07/05 15:36:48 INFO SharedState: Warehouse path is 'file:/opt/bitnami/spark/spark-warehouse'.","logger":"airflow.task.hooks.airflow.providers.standard.hooks.subprocess.SubprocessHook"}
{"timestamp":"2025-07-05T15:36:49.319524","level":"info","event":"25/07/05 15:36:49 INFO InMemoryFileIndex: It took 52 ms to list leaf files for 1 paths.","logger":"airflow.task.hooks.airflow.providers.standard.hooks.subprocess.SubprocessHook"}
{"timestamp":"2025-07-05T15:36:49.383225","level":"info","event":"25/07/05 15:36:49 INFO InMemoryFileIndex: It took 7 ms to list leaf files for 1 paths.","logger":"airflow.task.hooks.airflow.providers.standard.hooks.subprocess.SubprocessHook"}
{"timestamp":"2025-07-05T15:36:49.592145","level":"info","event":"25/07/05 15:36:49 INFO CoarseGrainedSchedulerBackend$DriverEndpoint: Registered executor NettyRpcEndpointRef(spark-client://Executor) (172.21.0.6:39774) with ID 0,  ResourceProfileId 0","logger":"airflow.task.hooks.airflow.providers.standard.hooks.subprocess.SubprocessHook"}
{"timestamp":"2025-07-05T15:36:49.680743","level":"info","event":"25/07/05 15:36:49 INFO BlockManagerMasterEndpoint: Registering block manager 172.21.0.6:36997 with 366.3 MiB RAM, BlockManagerId(0, 172.21.0.6, 36997, None)","logger":"airflow.task.hooks.airflow.providers.standard.hooks.subprocess.SubprocessHook"}
{"timestamp":"2025-07-05T15:36:51.022167","level":"info","event":"25/07/05 15:36:51 INFO FileSourceStrategy: Pushed Filters:","logger":"airflow.task.hooks.airflow.providers.standard.hooks.subprocess.SubprocessHook"}
{"timestamp":"2025-07-05T15:36:51.025120","level":"info","event":"25/07/05 15:36:51 INFO FileSourceStrategy: Post-Scan Filters: (length(trim(value#0, None)) > 0)","logger":"airflow.task.hooks.airflow.providers.standard.hooks.subprocess.SubprocessHook"}
{"timestamp":"2025-07-05T15:36:51.027829","level":"info","event":"25/07/05 15:36:51 INFO FileSourceStrategy: Output Data Schema: struct<value: string>","logger":"airflow.task.hooks.airflow.providers.standard.hooks.subprocess.SubprocessHook"}
{"timestamp":"2025-07-05T15:36:51.650716","level":"info","event":"25/07/05 15:36:51 INFO CodeGenerator: Code generated in 217.81848 ms","logger":"airflow.task.hooks.airflow.providers.standard.hooks.subprocess.SubprocessHook"}
{"timestamp":"2025-07-05T15:36:51.708349","level":"info","event":"25/07/05 15:36:51 INFO MemoryStore: Block broadcast_0 stored as values in memory (estimated size 304.3 KiB, free 366.0 MiB)","logger":"airflow.task.hooks.airflow.providers.standard.hooks.subprocess.SubprocessHook"}
{"timestamp":"2025-07-05T15:36:51.754989","level":"info","event":"25/07/05 15:36:51 INFO MemoryStore: Block broadcast_0_piece0 stored as bytes in memory (estimated size 27.6 KiB, free 366.0 MiB)","logger":"airflow.task.hooks.airflow.providers.standard.hooks.subprocess.SubprocessHook"}
{"timestamp":"2025-07-05T15:36:51.757898","level":"info","event":"25/07/05 15:36:51 INFO BlockManagerInfo: Added broadcast_0_piece0 in memory on d4aed7f68172:46683 (size: 27.6 KiB, free: 366.3 MiB)","logger":"airflow.task.hooks.airflow.providers.standard.hooks.subprocess.SubprocessHook"}
{"timestamp":"2025-07-05T15:36:51.760346","level":"info","event":"25/07/05 15:36:51 INFO SparkContext: Created broadcast 0 from csv at NativeMethodAccessorImpl.java:0","logger":"airflow.task.hooks.airflow.providers.standard.hooks.subprocess.SubprocessHook"}
{"timestamp":"2025-07-05T15:36:51.766706","level":"info","event":"25/07/05 15:36:51 INFO FileSourceScanExec: Planning scan with bin packing, max size: 4194304 bytes, open cost is considered as scanning 4194304 bytes.","logger":"airflow.task.hooks.airflow.providers.standard.hooks.subprocess.SubprocessHook"}
{"timestamp":"2025-07-05T15:36:51.852712","level":"info","event":"25/07/05 15:36:51 INFO SparkContext: Starting job: csv at NativeMethodAccessorImpl.java:0","logger":"airflow.task.hooks.airflow.providers.standard.hooks.subprocess.SubprocessHook"}
{"timestamp":"2025-07-05T15:36:51.865792","level":"info","event":"25/07/05 15:36:51 INFO DAGScheduler: Got job 0 (csv at NativeMethodAccessorImpl.java:0) with 1 output partitions","logger":"airflow.task.hooks.airflow.providers.standard.hooks.subprocess.SubprocessHook"}
{"timestamp":"2025-07-05T15:36:51.865938","level":"info","event":"25/07/05 15:36:51 INFO DAGScheduler: Final stage: ResultStage 0 (csv at NativeMethodAccessorImpl.java:0)","logger":"airflow.task.hooks.airflow.providers.standard.hooks.subprocess.SubprocessHook"}
{"timestamp":"2025-07-05T15:36:51.865999","level":"info","event":"25/07/05 15:36:51 INFO DAGScheduler: Parents of final stage: List()","logger":"airflow.task.hooks.airflow.providers.standard.hooks.subprocess.SubprocessHook"}
{"timestamp":"2025-07-05T15:36:51.867275","level":"info","event":"25/07/05 15:36:51 INFO DAGScheduler: Missing parents: List()","logger":"airflow.task.hooks.airflow.providers.standard.hooks.subprocess.SubprocessHook"}
{"timestamp":"2025-07-05T15:36:51.872374","level":"info","event":"25/07/05 15:36:51 INFO DAGScheduler: Submitting ResultStage 0 (MapPartitionsRDD[3] at csv at NativeMethodAccessorImpl.java:0), which has no missing parents","logger":"airflow.task.hooks.airflow.providers.standard.hooks.subprocess.SubprocessHook"}
{"timestamp":"2025-07-05T15:36:51.924075","level":"info","event":"25/07/05 15:36:51 INFO MemoryStore: Block broadcast_1 stored as values in memory (estimated size 10.8 KiB, free 366.0 MiB)","logger":"airflow.task.hooks.airflow.providers.standard.hooks.subprocess.SubprocessHook"}
{"timestamp":"2025-07-05T15:36:51.926617","level":"info","event":"25/07/05 15:36:51 INFO MemoryStore: Block broadcast_1_piece0 stored as bytes in memory (estimated size 5.4 KiB, free 366.0 MiB)","logger":"airflow.task.hooks.airflow.providers.standard.hooks.subprocess.SubprocessHook"}
{"timestamp":"2025-07-05T15:36:51.927343","level":"info","event":"25/07/05 15:36:51 INFO BlockManagerInfo: Added broadcast_1_piece0 in memory on d4aed7f68172:46683 (size: 5.4 KiB, free: 366.3 MiB)","logger":"airflow.task.hooks.airflow.providers.standard.hooks.subprocess.SubprocessHook"}
{"timestamp":"2025-07-05T15:36:51.927583","level":"info","event":"25/07/05 15:36:51 INFO SparkContext: Created broadcast 1 from broadcast at DAGScheduler.scala:1383","logger":"airflow.task.hooks.airflow.providers.standard.hooks.subprocess.SubprocessHook"}
{"timestamp":"2025-07-05T15:36:51.939884","level":"info","event":"25/07/05 15:36:51 INFO DAGScheduler: Submitting 1 missing tasks from ResultStage 0 (MapPartitionsRDD[3] at csv at NativeMethodAccessorImpl.java:0) (first 15 tasks are for partitions Vector(0))","logger":"airflow.task.hooks.airflow.providers.standard.hooks.subprocess.SubprocessHook"}
{"timestamp":"2025-07-05T15:36:51.940451","level":"info","event":"25/07/05 15:36:51 INFO TaskSchedulerImpl: Adding task set 0.0 with 1 tasks resource profile 0","logger":"airflow.task.hooks.airflow.providers.standard.hooks.subprocess.SubprocessHook"}
{"timestamp":"2025-07-05T15:36:51.972096","level":"info","event":"25/07/05 15:36:51 INFO TaskSetManager: Starting task 0.0 in stage 0.0 (TID 0) (172.21.0.6, executor 0, partition 0, ANY, 4876 bytes) taskResourceAssignments Map()","logger":"airflow.task.hooks.airflow.providers.standard.hooks.subprocess.SubprocessHook"}
{"timestamp":"2025-07-05T15:36:52.173264","level":"info","event":"25/07/05 15:36:52 INFO BlockManagerInfo: Added broadcast_1_piece0 in memory on 172.21.0.6:36997 (size: 5.4 KiB, free: 366.3 MiB)","logger":"airflow.task.hooks.airflow.providers.standard.hooks.subprocess.SubprocessHook"}
{"timestamp":"2025-07-05T15:36:52.925496","level":"info","event":"25/07/05 15:36:52 INFO BlockManagerInfo: Added broadcast_0_piece0 in memory on 172.21.0.6:36997 (size: 27.6 KiB, free: 366.3 MiB)","logger":"airflow.task.hooks.airflow.providers.standard.hooks.subprocess.SubprocessHook"}
{"timestamp":"2025-07-05T15:36:53.591254","level":"info","event":"25/07/05 15:36:53 INFO TaskSetManager: Finished task 0.0 in stage 0.0 (TID 0) in 1629 ms on 172.21.0.6 (executor 0) (1/1)","logger":"airflow.task.hooks.airflow.providers.standard.hooks.subprocess.SubprocessHook"}
{"timestamp":"2025-07-05T15:36:53.593258","level":"info","event":"25/07/05 15:36:53 INFO TaskSchedulerImpl: Removed TaskSet 0.0, whose tasks have all completed, from pool","logger":"airflow.task.hooks.airflow.providers.standard.hooks.subprocess.SubprocessHook"}
{"timestamp":"2025-07-05T15:36:53.600152","level":"info","event":"25/07/05 15:36:53 INFO DAGScheduler: ResultStage 0 (csv at NativeMethodAccessorImpl.java:0) finished in 1.712 s","logger":"airflow.task.hooks.airflow.providers.standard.hooks.subprocess.SubprocessHook"}
{"timestamp":"2025-07-05T15:36:53.602924","level":"info","event":"25/07/05 15:36:53 INFO DAGScheduler: Job 0 is finished. Cancelling potential speculative or zombie tasks for this job","logger":"airflow.task.hooks.airflow.providers.standard.hooks.subprocess.SubprocessHook"}
{"timestamp":"2025-07-05T15:36:53.603178","level":"info","event":"25/07/05 15:36:53 INFO TaskSchedulerImpl: Killing all running tasks in stage 0: Stage finished","logger":"airflow.task.hooks.airflow.providers.standard.hooks.subprocess.SubprocessHook"}
{"timestamp":"2025-07-05T15:36:53.605578","level":"info","event":"25/07/05 15:36:53 INFO DAGScheduler: Job 0 finished: csv at NativeMethodAccessorImpl.java:0, took 1.752654 s","logger":"airflow.task.hooks.airflow.providers.standard.hooks.subprocess.SubprocessHook"}
{"timestamp":"2025-07-05T15:36:53.624953","level":"info","event":"25/07/05 15:36:53 INFO CodeGenerator: Code generated in 9.901155 ms","logger":"airflow.task.hooks.airflow.providers.standard.hooks.subprocess.SubprocessHook"}
{"timestamp":"2025-07-05T15:36:53.672504","level":"info","event":"25/07/05 15:36:53 INFO FileSourceStrategy: Pushed Filters:","logger":"airflow.task.hooks.airflow.providers.standard.hooks.subprocess.SubprocessHook"}
{"timestamp":"2025-07-05T15:36:53.672657","level":"info","event":"25/07/05 15:36:53 INFO FileSourceStrategy: Post-Scan Filters:","logger":"airflow.task.hooks.airflow.providers.standard.hooks.subprocess.SubprocessHook"}
{"timestamp":"2025-07-05T15:36:53.672711","level":"info","event":"25/07/05 15:36:53 INFO FileSourceStrategy: Output Data Schema: struct<value: string>","logger":"airflow.task.hooks.airflow.providers.standard.hooks.subprocess.SubprocessHook"}
{"timestamp":"2025-07-05T15:36:53.679095","level":"info","event":"25/07/05 15:36:53 INFO MemoryStore: Block broadcast_2 stored as values in memory (estimated size 304.3 KiB, free 365.7 MiB)","logger":"airflow.task.hooks.airflow.providers.standard.hooks.subprocess.SubprocessHook"}
{"timestamp":"2025-07-05T15:36:53.685707","level":"info","event":"25/07/05 15:36:53 INFO MemoryStore: Block broadcast_2_piece0 stored as bytes in memory (estimated size 27.6 KiB, free 365.6 MiB)","logger":"airflow.task.hooks.airflow.providers.standard.hooks.subprocess.SubprocessHook"}
{"timestamp":"2025-07-05T15:36:53.686575","level":"info","event":"25/07/05 15:36:53 INFO BlockManagerInfo: Added broadcast_2_piece0 in memory on d4aed7f68172:46683 (size: 27.6 KiB, free: 366.2 MiB)","logger":"airflow.task.hooks.airflow.providers.standard.hooks.subprocess.SubprocessHook"}
{"timestamp":"2025-07-05T15:36:53.687483","level":"info","event":"25/07/05 15:36:53 INFO SparkContext: Created broadcast 2 from csv at NativeMethodAccessorImpl.java:0","logger":"airflow.task.hooks.airflow.providers.standard.hooks.subprocess.SubprocessHook"}
{"timestamp":"2025-07-05T15:36:53.688185","level":"info","event":"25/07/05 15:36:53 INFO FileSourceScanExec: Planning scan with bin packing, max size: 4194304 bytes, open cost is considered as scanning 4194304 bytes.","logger":"airflow.task.hooks.airflow.providers.standard.hooks.subprocess.SubprocessHook"}
{"timestamp":"2025-07-05T15:36:53.738292","level":"info","event":"25/07/05 15:36:53 INFO SparkContext: Starting job: csv at NativeMethodAccessorImpl.java:0","logger":"airflow.task.hooks.airflow.providers.standard.hooks.subprocess.SubprocessHook"}
{"timestamp":"2025-07-05T15:36:53.739556","level":"info","event":"25/07/05 15:36:53 INFO DAGScheduler: Got job 1 (csv at NativeMethodAccessorImpl.java:0) with 1 output partitions","logger":"airflow.task.hooks.airflow.providers.standard.hooks.subprocess.SubprocessHook"}
{"timestamp":"2025-07-05T15:36:53.739736","level":"info","event":"25/07/05 15:36:53 INFO DAGScheduler: Final stage: ResultStage 1 (csv at NativeMethodAccessorImpl.java:0)","logger":"airflow.task.hooks.airflow.providers.standard.hooks.subprocess.SubprocessHook"}
{"timestamp":"2025-07-05T15:36:53.739815","level":"info","event":"25/07/05 15:36:53 INFO DAGScheduler: Parents of final stage: List()","logger":"airflow.task.hooks.airflow.providers.standard.hooks.subprocess.SubprocessHook"}
{"timestamp":"2025-07-05T15:36:53.739915","level":"info","event":"25/07/05 15:36:53 INFO DAGScheduler: Missing parents: List()","logger":"airflow.task.hooks.airflow.providers.standard.hooks.subprocess.SubprocessHook"}
{"timestamp":"2025-07-05T15:36:53.741237","level":"info","event":"25/07/05 15:36:53 INFO DAGScheduler: Submitting ResultStage 1 (MapPartitionsRDD[9] at csv at NativeMethodAccessorImpl.java:0), which has no missing parents","logger":"airflow.task.hooks.airflow.providers.standard.hooks.subprocess.SubprocessHook"}
{"timestamp":"2025-07-05T15:36:53.761335","level":"info","event":"25/07/05 15:36:53 INFO MemoryStore: Block broadcast_3 stored as values in memory (estimated size 16.0 KiB, free 365.6 MiB)","logger":"airflow.task.hooks.airflow.providers.standard.hooks.subprocess.SubprocessHook"}
{"timestamp":"2025-07-05T15:36:53.763450","level":"info","event":"25/07/05 15:36:53 INFO MemoryStore: Block broadcast_3_piece0 stored as bytes in memory (estimated size 8.1 KiB, free 365.6 MiB)","logger":"airflow.task.hooks.airflow.providers.standard.hooks.subprocess.SubprocessHook"}
{"timestamp":"2025-07-05T15:36:53.763748","level":"info","event":"25/07/05 15:36:53 INFO BlockManagerInfo: Added broadcast_3_piece0 in memory on d4aed7f68172:46683 (size: 8.1 KiB, free: 366.2 MiB)","logger":"airflow.task.hooks.airflow.providers.standard.hooks.subprocess.SubprocessHook"}
{"timestamp":"2025-07-05T15:36:53.764522","level":"info","event":"25/07/05 15:36:53 INFO SparkContext: Created broadcast 3 from broadcast at DAGScheduler.scala:1383","logger":"airflow.task.hooks.airflow.providers.standard.hooks.subprocess.SubprocessHook"}
{"timestamp":"2025-07-05T15:36:53.764948","level":"info","event":"25/07/05 15:36:53 INFO DAGScheduler: Submitting 1 missing tasks from ResultStage 1 (MapPartitionsRDD[9] at csv at NativeMethodAccessorImpl.java:0) (first 15 tasks are for partitions Vector(0))","logger":"airflow.task.hooks.airflow.providers.standard.hooks.subprocess.SubprocessHook"}
{"timestamp":"2025-07-05T15:36:53.765045","level":"info","event":"25/07/05 15:36:53 INFO TaskSchedulerImpl: Adding task set 1.0 with 1 tasks resource profile 0","logger":"airflow.task.hooks.airflow.providers.standard.hooks.subprocess.SubprocessHook"}
{"timestamp":"2025-07-05T15:36:53.767154","level":"info","event":"25/07/05 15:36:53 INFO TaskSetManager: Starting task 0.0 in stage 1.0 (TID 1) (172.21.0.6, executor 0, partition 0, ANY, 4876 bytes) taskResourceAssignments Map()","logger":"airflow.task.hooks.airflow.providers.standard.hooks.subprocess.SubprocessHook"}
{"timestamp":"2025-07-05T15:36:53.787036","level":"info","event":"25/07/05 15:36:53 INFO BlockManagerInfo: Added broadcast_3_piece0 in memory on 172.21.0.6:36997 (size: 8.1 KiB, free: 366.3 MiB)","logger":"airflow.task.hooks.airflow.providers.standard.hooks.subprocess.SubprocessHook"}
{"timestamp":"2025-07-05T15:36:54.767757","level":"info","event":"25/07/05 15:36:54 INFO BlockManagerInfo: Added broadcast_2_piece0 in memory on 172.21.0.6:36997 (size: 27.6 KiB, free: 366.2 MiB)","logger":"airflow.task.hooks.airflow.providers.standard.hooks.subprocess.SubprocessHook"}
{"timestamp":"2025-07-05T15:36:54.950416","level":"info","event":"25/07/05 15:36:54 INFO TaskSetManager: Finished task 0.0 in stage 1.0 (TID 1) in 1183 ms on 172.21.0.6 (executor 0) (1/1)","logger":"airflow.task.hooks.airflow.providers.standard.hooks.subprocess.SubprocessHook"}
{"timestamp":"2025-07-05T15:36:54.950618","level":"info","event":"25/07/05 15:36:54 INFO TaskSchedulerImpl: Removed TaskSet 1.0, whose tasks have all completed, from pool","logger":"airflow.task.hooks.airflow.providers.standard.hooks.subprocess.SubprocessHook"}
{"timestamp":"2025-07-05T15:36:54.951584","level":"info","event":"25/07/05 15:36:54 INFO DAGScheduler: ResultStage 1 (csv at NativeMethodAccessorImpl.java:0) finished in 1.209 s","logger":"airflow.task.hooks.airflow.providers.standard.hooks.subprocess.SubprocessHook"}
{"timestamp":"2025-07-05T15:36:54.951675","level":"info","event":"25/07/05 15:36:54 INFO DAGScheduler: Job 1 is finished. Cancelling potential speculative or zombie tasks for this job","logger":"airflow.task.hooks.airflow.providers.standard.hooks.subprocess.SubprocessHook"}
{"timestamp":"2025-07-05T15:36:54.951712","level":"info","event":"25/07/05 15:36:54 INFO TaskSchedulerImpl: Killing all running tasks in stage 1: Stage finished","logger":"airflow.task.hooks.airflow.providers.standard.hooks.subprocess.SubprocessHook"}
{"timestamp":"2025-07-05T15:36:54.953141","level":"info","event":"25/07/05 15:36:54 INFO DAGScheduler: Job 1 finished: csv at NativeMethodAccessorImpl.java:0, took 1.214771 s","logger":"airflow.task.hooks.airflow.providers.standard.hooks.subprocess.SubprocessHook"}
{"timestamp":"2025-07-05T15:36:55.435449","level":"info","event":"25/07/05 15:36:55 INFO FileSourceStrategy: Pushed Filters:","logger":"airflow.task.hooks.airflow.providers.standard.hooks.subprocess.SubprocessHook"}
{"timestamp":"2025-07-05T15:36:55.435621","level":"info","event":"25/07/05 15:36:55 INFO FileSourceStrategy: Post-Scan Filters:","logger":"airflow.task.hooks.airflow.providers.standard.hooks.subprocess.SubprocessHook"}
{"timestamp":"2025-07-05T15:36:55.435678","level":"info","event":"25/07/05 15:36:55 INFO FileSourceStrategy: Output Data Schema: struct<TotalCharges: string>","logger":"airflow.task.hooks.airflow.providers.standard.hooks.subprocess.SubprocessHook"}
{"timestamp":"2025-07-05T15:36:55.475795","level":"info","event":"25/07/05 15:36:55 INFO CodeGenerator: Code generated in 20.327816 ms","logger":"airflow.task.hooks.airflow.providers.standard.hooks.subprocess.SubprocessHook"}
{"timestamp":"2025-07-05T15:36:55.482217","level":"info","event":"25/07/05 15:36:55 INFO MemoryStore: Block broadcast_4 stored as values in memory (estimated size 304.2 KiB, free 365.3 MiB)","logger":"airflow.task.hooks.airflow.providers.standard.hooks.subprocess.SubprocessHook"}
{"timestamp":"2025-07-05T15:36:55.489046","level":"info","event":"25/07/05 15:36:55 INFO MemoryStore: Block broadcast_4_piece0 stored as bytes in memory (estimated size 27.6 KiB, free 365.3 MiB)","logger":"airflow.task.hooks.airflow.providers.standard.hooks.subprocess.SubprocessHook"}
{"timestamp":"2025-07-05T15:36:55.490178","level":"info","event":"25/07/05 15:36:55 INFO BlockManagerInfo: Added broadcast_4_piece0 in memory on d4aed7f68172:46683 (size: 27.6 KiB, free: 366.2 MiB)","logger":"airflow.task.hooks.airflow.providers.standard.hooks.subprocess.SubprocessHook"}
{"timestamp":"2025-07-05T15:36:55.490615","level":"info","event":"25/07/05 15:36:55 INFO SparkContext: Created broadcast 4 from approxQuantile at NativeMethodAccessorImpl.java:0","logger":"airflow.task.hooks.airflow.providers.standard.hooks.subprocess.SubprocessHook"}
{"timestamp":"2025-07-05T15:36:55.494795","level":"info","event":"25/07/05 15:36:55 INFO FileSourceScanExec: Planning scan with bin packing, max size: 4194304 bytes, open cost is considered as scanning 4194304 bytes.","logger":"airflow.task.hooks.airflow.providers.standard.hooks.subprocess.SubprocessHook"}
{"timestamp":"2025-07-05T15:36:55.523567","level":"info","event":"25/07/05 15:36:55 INFO SparkContext: Starting job: approxQuantile at NativeMethodAccessorImpl.java:0","logger":"airflow.task.hooks.airflow.providers.standard.hooks.subprocess.SubprocessHook"}
{"timestamp":"2025-07-05T15:36:55.524786","level":"info","event":"25/07/05 15:36:55 INFO DAGScheduler: Got job 2 (approxQuantile at NativeMethodAccessorImpl.java:0) with 1 output partitions","logger":"airflow.task.hooks.airflow.providers.standard.hooks.subprocess.SubprocessHook"}
{"timestamp":"2025-07-05T15:36:55.524932","level":"info","event":"25/07/05 15:36:55 INFO DAGScheduler: Final stage: ResultStage 2 (approxQuantile at NativeMethodAccessorImpl.java:0)","logger":"airflow.task.hooks.airflow.providers.standard.hooks.subprocess.SubprocessHook"}
{"timestamp":"2025-07-05T15:36:55.524991","level":"info","event":"25/07/05 15:36:55 INFO DAGScheduler: Parents of final stage: List()","logger":"airflow.task.hooks.airflow.providers.standard.hooks.subprocess.SubprocessHook"}
{"timestamp":"2025-07-05T15:36:55.525470","level":"info","event":"25/07/05 15:36:55 INFO DAGScheduler: Missing parents: List()","logger":"airflow.task.hooks.airflow.providers.standard.hooks.subprocess.SubprocessHook"}
{"timestamp":"2025-07-05T15:36:55.526542","level":"info","event":"25/07/05 15:36:55 INFO DAGScheduler: Submitting ResultStage 2 (MapPartitionsRDD[16] at approxQuantile at NativeMethodAccessorImpl.java:0), which has no missing parents","logger":"airflow.task.hooks.airflow.providers.standard.hooks.subprocess.SubprocessHook"}
{"timestamp":"2025-07-05T15:36:55.543909","level":"info","event":"25/07/05 15:36:55 INFO MemoryStore: Block broadcast_5 stored as values in memory (estimated size 20.3 KiB, free 365.3 MiB)","logger":"airflow.task.hooks.airflow.providers.standard.hooks.subprocess.SubprocessHook"}
{"timestamp":"2025-07-05T15:36:55.545419","level":"info","event":"25/07/05 15:36:55 INFO MemoryStore: Block broadcast_5_piece0 stored as bytes in memory (estimated size 9.8 KiB, free 365.3 MiB)","logger":"airflow.task.hooks.airflow.providers.standard.hooks.subprocess.SubprocessHook"}
{"timestamp":"2025-07-05T15:36:55.546663","level":"info","event":"25/07/05 15:36:55 INFO BlockManagerInfo: Added broadcast_5_piece0 in memory on d4aed7f68172:46683 (size: 9.8 KiB, free: 366.2 MiB)","logger":"airflow.task.hooks.airflow.providers.standard.hooks.subprocess.SubprocessHook"}
{"timestamp":"2025-07-05T15:36:55.547361","level":"info","event":"25/07/05 15:36:55 INFO SparkContext: Created broadcast 5 from broadcast at DAGScheduler.scala:1383","logger":"airflow.task.hooks.airflow.providers.standard.hooks.subprocess.SubprocessHook"}
{"timestamp":"2025-07-05T15:36:55.547494","level":"info","event":"25/07/05 15:36:55 INFO DAGScheduler: Submitting 1 missing tasks from ResultStage 2 (MapPartitionsRDD[16] at approxQuantile at NativeMethodAccessorImpl.java:0) (first 15 tasks are for partitions Vector(0))","logger":"airflow.task.hooks.airflow.providers.standard.hooks.subprocess.SubprocessHook"}
{"timestamp":"2025-07-05T15:36:55.547694","level":"info","event":"25/07/05 15:36:55 INFO TaskSchedulerImpl: Adding task set 2.0 with 1 tasks resource profile 0","logger":"airflow.task.hooks.airflow.providers.standard.hooks.subprocess.SubprocessHook"}
{"timestamp":"2025-07-05T15:36:55.549777","level":"info","event":"25/07/05 15:36:55 INFO TaskSetManager: Starting task 0.0 in stage 2.0 (TID 2) (172.21.0.6, executor 0, partition 0, ANY, 4876 bytes) taskResourceAssignments Map()","logger":"airflow.task.hooks.airflow.providers.standard.hooks.subprocess.SubprocessHook"}
{"timestamp":"2025-07-05T15:36:55.564689","level":"info","event":"25/07/05 15:36:55 INFO BlockManagerInfo: Added broadcast_5_piece0 in memory on 172.21.0.6:36997 (size: 9.8 KiB, free: 366.2 MiB)","logger":"airflow.task.hooks.airflow.providers.standard.hooks.subprocess.SubprocessHook"}
{"timestamp":"2025-07-05T15:36:55.670531","level":"info","event":"25/07/05 15:36:55 INFO BlockManagerInfo: Added broadcast_4_piece0 in memory on 172.21.0.6:36997 (size: 27.6 KiB, free: 366.2 MiB)","logger":"airflow.task.hooks.airflow.providers.standard.hooks.subprocess.SubprocessHook"}
{"timestamp":"2025-07-05T15:36:55.828253","level":"info","event":"25/07/05 15:36:55 INFO TaskSetManager: Finished task 0.0 in stage 2.0 (TID 2) in 278 ms on 172.21.0.6 (executor 0) (1/1)","logger":"airflow.task.hooks.airflow.providers.standard.hooks.subprocess.SubprocessHook"}
{"timestamp":"2025-07-05T15:36:55.828410","level":"info","event":"25/07/05 15:36:55 INFO TaskSchedulerImpl: Removed TaskSet 2.0, whose tasks have all completed, from pool","logger":"airflow.task.hooks.airflow.providers.standard.hooks.subprocess.SubprocessHook"}
{"timestamp":"2025-07-05T15:36:55.828616","level":"info","event":"25/07/05 15:36:55 INFO DAGScheduler: ResultStage 2 (approxQuantile at NativeMethodAccessorImpl.java:0) finished in 0.301 s","logger":"airflow.task.hooks.airflow.providers.standard.hooks.subprocess.SubprocessHook"}
{"timestamp":"2025-07-05T15:36:55.828670","level":"info","event":"25/07/05 15:36:55 INFO DAGScheduler: Job 2 is finished. Cancelling potential speculative or zombie tasks for this job","logger":"airflow.task.hooks.airflow.providers.standard.hooks.subprocess.SubprocessHook"}
{"timestamp":"2025-07-05T15:36:55.828706","level":"info","event":"25/07/05 15:36:55 INFO TaskSchedulerImpl: Killing all running tasks in stage 2: Stage finished","logger":"airflow.task.hooks.airflow.providers.standard.hooks.subprocess.SubprocessHook"}
{"timestamp":"2025-07-05T15:36:55.830894","level":"info","event":"25/07/05 15:36:55 INFO DAGScheduler: Job 2 finished: approxQuantile at NativeMethodAccessorImpl.java:0, took 0.306870 s","logger":"airflow.task.hooks.airflow.providers.standard.hooks.subprocess.SubprocessHook"}
{"timestamp":"2025-07-05T15:36:55.927239","level":"info","event":"25/07/05 15:36:55 INFO FileSourceStrategy: Pushed Filters:","logger":"airflow.task.hooks.airflow.providers.standard.hooks.subprocess.SubprocessHook"}
{"timestamp":"2025-07-05T15:36:55.927914","level":"info","event":"25/07/05 15:36:55 INFO FileSourceStrategy: Post-Scan Filters: ((CASE WHEN isnull(cast(TotalCharges#35 as double)) THEN 0.0 ELSE cast(TotalCharges#35 as double) END < -3927.1499999999996) OR (CASE WHEN isnull(cast(TotalCharges#35 as double)) THEN 0.0 ELSE cast(TotalCharges#35 as double) END > 7662.049999999999))","logger":"airflow.task.hooks.airflow.providers.standard.hooks.subprocess.SubprocessHook"}
{"timestamp":"2025-07-05T15:36:55.928012","level":"info","event":"25/07/05 15:36:55 INFO FileSourceStrategy: Output Data Schema: struct<TotalCharges: string>","logger":"airflow.task.hooks.airflow.providers.standard.hooks.subprocess.SubprocessHook"}
{"timestamp":"2025-07-05T15:36:55.974801","level":"info","event":"25/07/05 15:36:55 INFO CodeGenerator: Code generated in 11.576812 ms","logger":"airflow.task.hooks.airflow.providers.standard.hooks.subprocess.SubprocessHook"}
{"timestamp":"2025-07-05T15:36:56.008716","level":"info","event":"25/07/05 15:36:56 INFO CodeGenerator: Code generated in 22.478522 ms","logger":"airflow.task.hooks.airflow.providers.standard.hooks.subprocess.SubprocessHook"}
{"timestamp":"2025-07-05T15:36:56.013892","level":"info","event":"25/07/05 15:36:56 INFO MemoryStore: Block broadcast_6 stored as values in memory (estimated size 304.2 KiB, free 365.0 MiB)","logger":"airflow.task.hooks.airflow.providers.standard.hooks.subprocess.SubprocessHook"}
{"timestamp":"2025-07-05T15:36:56.022133","level":"info","event":"25/07/05 15:36:56 INFO MemoryStore: Block broadcast_6_piece0 stored as bytes in memory (estimated size 27.6 KiB, free 364.9 MiB)","logger":"airflow.task.hooks.airflow.providers.standard.hooks.subprocess.SubprocessHook"}
{"timestamp":"2025-07-05T15:36:56.023097","level":"info","event":"25/07/05 15:36:56 INFO BlockManagerInfo: Added broadcast_6_piece0 in memory on d4aed7f68172:46683 (size: 27.6 KiB, free: 366.2 MiB)","logger":"airflow.task.hooks.airflow.providers.standard.hooks.subprocess.SubprocessHook"}
{"timestamp":"2025-07-05T15:36:56.023835","level":"info","event":"25/07/05 15:36:56 INFO SparkContext: Created broadcast 6 from count at NativeMethodAccessorImpl.java:0","logger":"airflow.task.hooks.airflow.providers.standard.hooks.subprocess.SubprocessHook"}
{"timestamp":"2025-07-05T15:36:56.024879","level":"info","event":"25/07/05 15:36:56 INFO FileSourceScanExec: Planning scan with bin packing, max size: 4194304 bytes, open cost is considered as scanning 4194304 bytes.","logger":"airflow.task.hooks.airflow.providers.standard.hooks.subprocess.SubprocessHook"}
{"timestamp":"2025-07-05T15:36:56.057381","level":"info","event":"25/07/05 15:36:56 INFO SparkContext: Starting job: count at NativeMethodAccessorImpl.java:0","logger":"airflow.task.hooks.airflow.providers.standard.hooks.subprocess.SubprocessHook"}
{"timestamp":"2025-07-05T15:36:56.060185","level":"info","event":"25/07/05 15:36:56 INFO DAGScheduler: Registering RDD 20 (count at NativeMethodAccessorImpl.java:0) as input to shuffle 0","logger":"airflow.task.hooks.airflow.providers.standard.hooks.subprocess.SubprocessHook"}
{"timestamp":"2025-07-05T15:36:56.062494","level":"info","event":"25/07/05 15:36:56 INFO DAGScheduler: Got job 3 (count at NativeMethodAccessorImpl.java:0) with 1 output partitions","logger":"airflow.task.hooks.airflow.providers.standard.hooks.subprocess.SubprocessHook"}
{"timestamp":"2025-07-05T15:36:56.062629","level":"info","event":"25/07/05 15:36:56 INFO DAGScheduler: Final stage: ResultStage 4 (count at NativeMethodAccessorImpl.java:0)","logger":"airflow.task.hooks.airflow.providers.standard.hooks.subprocess.SubprocessHook"}
{"timestamp":"2025-07-05T15:36:56.062676","level":"info","event":"25/07/05 15:36:56 INFO DAGScheduler: Parents of final stage: List(ShuffleMapStage 3)","logger":"airflow.task.hooks.airflow.providers.standard.hooks.subprocess.SubprocessHook"}
{"timestamp":"2025-07-05T15:36:56.064258","level":"info","event":"25/07/05 15:36:56 INFO DAGScheduler: Missing parents: List(ShuffleMapStage 3)","logger":"airflow.task.hooks.airflow.providers.standard.hooks.subprocess.SubprocessHook"}
{"timestamp":"2025-07-05T15:36:56.065389","level":"info","event":"25/07/05 15:36:56 INFO DAGScheduler: Submitting ShuffleMapStage 3 (MapPartitionsRDD[20] at count at NativeMethodAccessorImpl.java:0), which has no missing parents","logger":"airflow.task.hooks.airflow.providers.standard.hooks.subprocess.SubprocessHook"}
{"timestamp":"2025-07-05T15:36:56.076508","level":"info","event":"25/07/05 15:36:56 INFO MemoryStore: Block broadcast_7 stored as values in memory (estimated size 19.7 KiB, free 364.9 MiB)","logger":"airflow.task.hooks.airflow.providers.standard.hooks.subprocess.SubprocessHook"}
{"timestamp":"2025-07-05T15:36:56.079511","level":"info","event":"25/07/05 15:36:56 INFO MemoryStore: Block broadcast_7_piece0 stored as bytes in memory (estimated size 9.3 KiB, free 364.9 MiB)","logger":"airflow.task.hooks.airflow.providers.standard.hooks.subprocess.SubprocessHook"}
{"timestamp":"2025-07-05T15:36:56.081297","level":"info","event":"25/07/05 15:36:56 INFO BlockManagerInfo: Added broadcast_7_piece0 in memory on d4aed7f68172:46683 (size: 9.3 KiB, free: 366.2 MiB)","logger":"airflow.task.hooks.airflow.providers.standard.hooks.subprocess.SubprocessHook"}
{"timestamp":"2025-07-05T15:36:56.081483","level":"info","event":"25/07/05 15:36:56 INFO SparkContext: Created broadcast 7 from broadcast at DAGScheduler.scala:1383","logger":"airflow.task.hooks.airflow.providers.standard.hooks.subprocess.SubprocessHook"}
{"timestamp":"2025-07-05T15:36:56.083317","level":"info","event":"25/07/05 15:36:56 INFO DAGScheduler: Submitting 1 missing tasks from ShuffleMapStage 3 (MapPartitionsRDD[20] at count at NativeMethodAccessorImpl.java:0) (first 15 tasks are for partitions Vector(0))","logger":"airflow.task.hooks.airflow.providers.standard.hooks.subprocess.SubprocessHook"}
{"timestamp":"2025-07-05T15:36:56.083442","level":"info","event":"25/07/05 15:36:56 INFO TaskSchedulerImpl: Adding task set 3.0 with 1 tasks resource profile 0","logger":"airflow.task.hooks.airflow.providers.standard.hooks.subprocess.SubprocessHook"}
{"timestamp":"2025-07-05T15:36:56.085760","level":"info","event":"25/07/05 15:36:56 INFO TaskSetManager: Starting task 0.0 in stage 3.0 (TID 3) (172.21.0.6, executor 0, partition 0, ANY, 4865 bytes) taskResourceAssignments Map()","logger":"airflow.task.hooks.airflow.providers.standard.hooks.subprocess.SubprocessHook"}
{"timestamp":"2025-07-05T15:36:56.101410","level":"info","event":"25/07/05 15:36:56 INFO BlockManagerInfo: Added broadcast_7_piece0 in memory on 172.21.0.6:36997 (size: 9.3 KiB, free: 366.2 MiB)","logger":"airflow.task.hooks.airflow.providers.standard.hooks.subprocess.SubprocessHook"}
{"timestamp":"2025-07-05T15:36:56.168072","level":"info","event":"25/07/05 15:36:56 INFO BlockManagerInfo: Added broadcast_6_piece0 in memory on 172.21.0.6:36997 (size: 27.6 KiB, free: 366.2 MiB)","logger":"airflow.task.hooks.airflow.providers.standard.hooks.subprocess.SubprocessHook"}
{"timestamp":"2025-07-05T15:36:56.228226","level":"info","event":"25/07/05 15:36:56 INFO TaskSetManager: Finished task 0.0 in stage 3.0 (TID 3) in 143 ms on 172.21.0.6 (executor 0) (1/1)","logger":"airflow.task.hooks.airflow.providers.standard.hooks.subprocess.SubprocessHook"}
{"timestamp":"2025-07-05T15:36:56.228362","level":"info","event":"25/07/05 15:36:56 INFO TaskSchedulerImpl: Removed TaskSet 3.0, whose tasks have all completed, from pool","logger":"airflow.task.hooks.airflow.providers.standard.hooks.subprocess.SubprocessHook"}
{"timestamp":"2025-07-05T15:36:56.229911","level":"info","event":"25/07/05 15:36:56 INFO DAGScheduler: ShuffleMapStage 3 (count at NativeMethodAccessorImpl.java:0) finished in 0.161 s","logger":"airflow.task.hooks.airflow.providers.standard.hooks.subprocess.SubprocessHook"}
{"timestamp":"2025-07-05T15:36:56.230107","level":"info","event":"25/07/05 15:36:56 INFO DAGScheduler: looking for newly runnable stages","logger":"airflow.task.hooks.airflow.providers.standard.hooks.subprocess.SubprocessHook"}
{"timestamp":"2025-07-05T15:36:56.230632","level":"info","event":"25/07/05 15:36:56 INFO DAGScheduler: running: Set()","logger":"airflow.task.hooks.airflow.providers.standard.hooks.subprocess.SubprocessHook"}
{"timestamp":"2025-07-05T15:36:56.231112","level":"info","event":"25/07/05 15:36:56 INFO DAGScheduler: waiting: Set(ResultStage 4)","logger":"airflow.task.hooks.airflow.providers.standard.hooks.subprocess.SubprocessHook"}
{"timestamp":"2025-07-05T15:36:56.231205","level":"info","event":"25/07/05 15:36:56 INFO DAGScheduler: failed: Set()","logger":"airflow.task.hooks.airflow.providers.standard.hooks.subprocess.SubprocessHook"}
{"timestamp":"2025-07-05T15:36:56.233698","level":"info","event":"25/07/05 15:36:56 INFO DAGScheduler: Submitting ResultStage 4 (MapPartitionsRDD[23] at count at NativeMethodAccessorImpl.java:0), which has no missing parents","logger":"airflow.task.hooks.airflow.providers.standard.hooks.subprocess.SubprocessHook"}
{"timestamp":"2025-07-05T15:36:56.239551","level":"info","event":"25/07/05 15:36:56 INFO MemoryStore: Block broadcast_8 stored as values in memory (estimated size 10.1 KiB, free 364.9 MiB)","logger":"airflow.task.hooks.airflow.providers.standard.hooks.subprocess.SubprocessHook"}
{"timestamp":"2025-07-05T15:36:56.242106","level":"info","event":"25/07/05 15:36:56 INFO MemoryStore: Block broadcast_8_piece0 stored as bytes in memory (estimated size 5.0 KiB, free 364.9 MiB)","logger":"airflow.task.hooks.airflow.providers.standard.hooks.subprocess.SubprocessHook"}
{"timestamp":"2025-07-05T15:36:56.242828","level":"info","event":"25/07/05 15:36:56 INFO BlockManagerInfo: Added broadcast_8_piece0 in memory on d4aed7f68172:46683 (size: 5.0 KiB, free: 366.2 MiB)","logger":"airflow.task.hooks.airflow.providers.standard.hooks.subprocess.SubprocessHook"}
{"timestamp":"2025-07-05T15:36:56.243499","level":"info","event":"25/07/05 15:36:56 INFO SparkContext: Created broadcast 8 from broadcast at DAGScheduler.scala:1383","logger":"airflow.task.hooks.airflow.providers.standard.hooks.subprocess.SubprocessHook"}
{"timestamp":"2025-07-05T15:36:56.244089","level":"info","event":"25/07/05 15:36:56 INFO DAGScheduler: Submitting 1 missing tasks from ResultStage 4 (MapPartitionsRDD[23] at count at NativeMethodAccessorImpl.java:0) (first 15 tasks are for partitions Vector(0))","logger":"airflow.task.hooks.airflow.providers.standard.hooks.subprocess.SubprocessHook"}
{"timestamp":"2025-07-05T15:36:56.244173","level":"info","event":"25/07/05 15:36:56 INFO TaskSchedulerImpl: Adding task set 4.0 with 1 tasks resource profile 0","logger":"airflow.task.hooks.airflow.providers.standard.hooks.subprocess.SubprocessHook"}
{"timestamp":"2025-07-05T15:36:56.247148","level":"info","event":"25/07/05 15:36:56 INFO TaskSetManager: Starting task 0.0 in stage 4.0 (TID 4) (172.21.0.6, executor 0, partition 0, NODE_LOCAL, 4457 bytes) taskResourceAssignments Map()","logger":"airflow.task.hooks.airflow.providers.standard.hooks.subprocess.SubprocessHook"}
{"timestamp":"2025-07-05T15:36:56.261379","level":"info","event":"25/07/05 15:36:56 INFO BlockManagerInfo: Added broadcast_8_piece0 in memory on 172.21.0.6:36997 (size: 5.0 KiB, free: 366.2 MiB)","logger":"airflow.task.hooks.airflow.providers.standard.hooks.subprocess.SubprocessHook"}
{"timestamp":"2025-07-05T15:36:56.274533","level":"info","event":"25/07/05 15:36:56 INFO MapOutputTrackerMasterEndpoint: Asked to send map output locations for shuffle 0 to 172.21.0.6:39774","logger":"airflow.task.hooks.airflow.providers.standard.hooks.subprocess.SubprocessHook"}
{"timestamp":"2025-07-05T15:36:56.347744","level":"info","event":"25/07/05 15:36:56 INFO TaskSetManager: Finished task 0.0 in stage 4.0 (TID 4) in 102 ms on 172.21.0.6 (executor 0) (1/1)","logger":"airflow.task.hooks.airflow.providers.standard.hooks.subprocess.SubprocessHook"}
{"timestamp":"2025-07-05T15:36:56.347957","level":"info","event":"25/07/05 15:36:56 INFO TaskSchedulerImpl: Removed TaskSet 4.0, whose tasks have all completed, from pool","logger":"airflow.task.hooks.airflow.providers.standard.hooks.subprocess.SubprocessHook"}
{"timestamp":"2025-07-05T15:36:56.348454","level":"info","event":"25/07/05 15:36:56 INFO DAGScheduler: ResultStage 4 (count at NativeMethodAccessorImpl.java:0) finished in 0.109 s","logger":"airflow.task.hooks.airflow.providers.standard.hooks.subprocess.SubprocessHook"}
{"timestamp":"2025-07-05T15:36:56.348528","level":"info","event":"25/07/05 15:36:56 INFO DAGScheduler: Job 3 is finished. Cancelling potential speculative or zombie tasks for this job","logger":"airflow.task.hooks.airflow.providers.standard.hooks.subprocess.SubprocessHook"}
{"timestamp":"2025-07-05T15:36:56.348562","level":"info","event":"25/07/05 15:36:56 INFO TaskSchedulerImpl: Killing all running tasks in stage 4: Stage finished","logger":"airflow.task.hooks.airflow.providers.standard.hooks.subprocess.SubprocessHook"}
{"timestamp":"2025-07-05T15:36:56.348588","level":"info","event":"25/07/05 15:36:56 INFO DAGScheduler: Job 3 finished: count at NativeMethodAccessorImpl.java:0, took 0.291484 s","logger":"airflow.task.hooks.airflow.providers.standard.hooks.subprocess.SubprocessHook"}
{"timestamp":"2025-07-05T15:36:56.351939","level":"info","event":"Number of outliers in totalcharges: 154","logger":"airflow.task.hooks.airflow.providers.standard.hooks.subprocess.SubprocessHook"}
{"timestamp":"2025-07-05T15:36:56.464588","level":"info","event":"25/07/05 15:36:56 INFO FileSourceStrategy: Pushed Filters:","logger":"airflow.task.hooks.airflow.providers.standard.hooks.subprocess.SubprocessHook"}
{"timestamp":"2025-07-05T15:36:56.464777","level":"info","event":"25/07/05 15:36:56 INFO FileSourceStrategy: Post-Scan Filters:","logger":"airflow.task.hooks.airflow.providers.standard.hooks.subprocess.SubprocessHook"}
{"timestamp":"2025-07-05T15:36:56.464844","level":"info","event":"25/07/05 15:36:56 INFO FileSourceStrategy: Output Data Schema: struct<customerID: string, gender: string, SeniorCitizen: int, Partner: string, Dependents: string ... 19 more fields>","logger":"airflow.task.hooks.airflow.providers.standard.hooks.subprocess.SubprocessHook"}
{"timestamp":"2025-07-05T15:36:56.477521","level":"info","event":"25/07/05 15:36:56 INFO BlockManagerInfo: Removed broadcast_7_piece0 on d4aed7f68172:46683 in memory (size: 9.3 KiB, free: 366.2 MiB)","logger":"airflow.task.hooks.airflow.providers.standard.hooks.subprocess.SubprocessHook"}
{"timestamp":"2025-07-05T15:36:56.483997","level":"info","event":"25/07/05 15:36:56 INFO BlockManagerInfo: Removed broadcast_7_piece0 on 172.21.0.6:36997 in memory (size: 9.3 KiB, free: 366.2 MiB)","logger":"airflow.task.hooks.airflow.providers.standard.hooks.subprocess.SubprocessHook"}
{"timestamp":"2025-07-05T15:36:56.491659","level":"info","event":"25/07/05 15:36:56 INFO BlockManagerInfo: Removed broadcast_1_piece0 on d4aed7f68172:46683 in memory (size: 5.4 KiB, free: 366.2 MiB)","logger":"airflow.task.hooks.airflow.providers.standard.hooks.subprocess.SubprocessHook"}
{"timestamp":"2025-07-05T15:36:56.494410","level":"info","event":"25/07/05 15:36:56 INFO BlockManagerInfo: Removed broadcast_1_piece0 on 172.21.0.6:36997 in memory (size: 5.4 KiB, free: 366.2 MiB)","logger":"airflow.task.hooks.airflow.providers.standard.hooks.subprocess.SubprocessHook"}
{"timestamp":"2025-07-05T15:36:56.500116","level":"info","event":"25/07/05 15:36:56 INFO BlockManagerInfo: Removed broadcast_3_piece0 on d4aed7f68172:46683 in memory (size: 8.1 KiB, free: 366.2 MiB)","logger":"airflow.task.hooks.airflow.providers.standard.hooks.subprocess.SubprocessHook"}
{"timestamp":"2025-07-05T15:36:56.502314","level":"info","event":"25/07/05 15:36:56 INFO BlockManagerInfo: Removed broadcast_3_piece0 on 172.21.0.6:36997 in memory (size: 8.1 KiB, free: 366.2 MiB)","logger":"airflow.task.hooks.airflow.providers.standard.hooks.subprocess.SubprocessHook"}
{"timestamp":"2025-07-05T15:36:56.508069","level":"info","event":"25/07/05 15:36:56 INFO BlockManagerInfo: Removed broadcast_4_piece0 on d4aed7f68172:46683 in memory (size: 27.6 KiB, free: 366.2 MiB)","logger":"airflow.task.hooks.airflow.providers.standard.hooks.subprocess.SubprocessHook"}
{"timestamp":"2025-07-05T15:36:56.510782","level":"info","event":"25/07/05 15:36:56 INFO BlockManagerInfo: Removed broadcast_4_piece0 on 172.21.0.6:36997 in memory (size: 27.6 KiB, free: 366.2 MiB)","logger":"airflow.task.hooks.airflow.providers.standard.hooks.subprocess.SubprocessHook"}
{"timestamp":"2025-07-05T15:36:56.516327","level":"info","event":"25/07/05 15:36:56 INFO BlockManagerInfo: Removed broadcast_8_piece0 on d4aed7f68172:46683 in memory (size: 5.0 KiB, free: 366.2 MiB)","logger":"airflow.task.hooks.airflow.providers.standard.hooks.subprocess.SubprocessHook"}
{"timestamp":"2025-07-05T15:36:56.518390","level":"info","event":"25/07/05 15:36:56 INFO BlockManagerInfo: Removed broadcast_8_piece0 on 172.21.0.6:36997 in memory (size: 5.0 KiB, free: 366.2 MiB)","logger":"airflow.task.hooks.airflow.providers.standard.hooks.subprocess.SubprocessHook"}
{"timestamp":"2025-07-05T15:36:56.521032","level":"info","event":"25/07/05 15:36:56 INFO ParquetFileFormat: Using default output committer for Parquet: org.apache.parquet.hadoop.ParquetOutputCommitter","logger":"airflow.task.hooks.airflow.providers.standard.hooks.subprocess.SubprocessHook"}
{"timestamp":"2025-07-05T15:36:56.525605","level":"info","event":"25/07/05 15:36:56 INFO BlockManagerInfo: Removed broadcast_5_piece0 on d4aed7f68172:46683 in memory (size: 9.8 KiB, free: 366.2 MiB)","logger":"airflow.task.hooks.airflow.providers.standard.hooks.subprocess.SubprocessHook"}
{"timestamp":"2025-07-05T15:36:56.527878","level":"info","event":"25/07/05 15:36:56 INFO BlockManagerInfo: Removed broadcast_5_piece0 on 172.21.0.6:36997 in memory (size: 9.8 KiB, free: 366.2 MiB)","logger":"airflow.task.hooks.airflow.providers.standard.hooks.subprocess.SubprocessHook"}
{"timestamp":"2025-07-05T15:36:56.541004","level":"info","event":"25/07/05 15:36:56 INFO FileOutputCommitter: File Output Committer Algorithm version is 1","logger":"airflow.task.hooks.airflow.providers.standard.hooks.subprocess.SubprocessHook"}
{"timestamp":"2025-07-05T15:36:56.541171","level":"info","event":"25/07/05 15:36:56 INFO FileOutputCommitter: FileOutputCommitter skip cleanup _temporary folders under output directory:false, ignore cleanup failures: false","logger":"airflow.task.hooks.airflow.providers.standard.hooks.subprocess.SubprocessHook"}
{"timestamp":"2025-07-05T15:36:56.541575","level":"info","event":"25/07/05 15:36:56 INFO SQLHadoopMapReduceCommitProtocol: Using user defined output committer class org.apache.parquet.hadoop.ParquetOutputCommitter","logger":"airflow.task.hooks.airflow.providers.standard.hooks.subprocess.SubprocessHook"}
{"timestamp":"2025-07-05T15:36:56.541637","level":"info","event":"25/07/05 15:36:56 INFO FileOutputCommitter: File Output Committer Algorithm version is 1","logger":"airflow.task.hooks.airflow.providers.standard.hooks.subprocess.SubprocessHook"}
{"timestamp":"2025-07-05T15:36:56.541671","level":"info","event":"25/07/05 15:36:56 INFO FileOutputCommitter: FileOutputCommitter skip cleanup _temporary folders under output directory:false, ignore cleanup failures: false","logger":"airflow.task.hooks.airflow.providers.standard.hooks.subprocess.SubprocessHook"}
{"timestamp":"2025-07-05T15:36:56.542227","level":"info","event":"25/07/05 15:36:56 INFO SQLHadoopMapReduceCommitProtocol: Using output committer class org.apache.parquet.hadoop.ParquetOutputCommitter","logger":"airflow.task.hooks.airflow.providers.standard.hooks.subprocess.SubprocessHook"}
{"timestamp":"2025-07-05T15:36:56.669476","level":"info","event":"25/07/05 15:36:56 INFO CodeGenerator: Code generated in 31.553361 ms","logger":"airflow.task.hooks.airflow.providers.standard.hooks.subprocess.SubprocessHook"}
{"timestamp":"2025-07-05T15:36:56.673155","level":"info","event":"25/07/05 15:36:56 INFO MemoryStore: Block broadcast_9 stored as values in memory (estimated size 304.2 KiB, free 365.0 MiB)","logger":"airflow.task.hooks.airflow.providers.standard.hooks.subprocess.SubprocessHook"}
{"timestamp":"2025-07-05T15:36:56.681672","level":"info","event":"25/07/05 15:36:56 INFO MemoryStore: Block broadcast_9_piece0 stored as bytes in memory (estimated size 27.6 KiB, free 365.0 MiB)","logger":"airflow.task.hooks.airflow.providers.standard.hooks.subprocess.SubprocessHook"}
{"timestamp":"2025-07-05T15:36:56.682296","level":"info","event":"25/07/05 15:36:56 INFO BlockManagerInfo: Added broadcast_9_piece0 in memory on d4aed7f68172:46683 (size: 27.6 KiB, free: 366.2 MiB)","logger":"airflow.task.hooks.airflow.providers.standard.hooks.subprocess.SubprocessHook"}
{"timestamp":"2025-07-05T15:36:56.683007","level":"info","event":"25/07/05 15:36:56 INFO SparkContext: Created broadcast 9 from parquet at NativeMethodAccessorImpl.java:0","logger":"airflow.task.hooks.airflow.providers.standard.hooks.subprocess.SubprocessHook"}
{"timestamp":"2025-07-05T15:36:56.683944","level":"info","event":"25/07/05 15:36:56 INFO FileSourceScanExec: Planning scan with bin packing, max size: 4194304 bytes, open cost is considered as scanning 4194304 bytes.","logger":"airflow.task.hooks.airflow.providers.standard.hooks.subprocess.SubprocessHook"}
{"timestamp":"2025-07-05T15:36:56.703369","level":"info","event":"25/07/05 15:36:56 INFO SparkContext: Starting job: parquet at NativeMethodAccessorImpl.java:0","logger":"airflow.task.hooks.airflow.providers.standard.hooks.subprocess.SubprocessHook"}
{"timestamp":"2025-07-05T15:36:56.704219","level":"info","event":"25/07/05 15:36:56 INFO DAGScheduler: Got job 4 (parquet at NativeMethodAccessorImpl.java:0) with 1 output partitions","logger":"airflow.task.hooks.airflow.providers.standard.hooks.subprocess.SubprocessHook"}
{"timestamp":"2025-07-05T15:36:56.704332","level":"info","event":"25/07/05 15:36:56 INFO DAGScheduler: Final stage: ResultStage 5 (parquet at NativeMethodAccessorImpl.java:0)","logger":"airflow.task.hooks.airflow.providers.standard.hooks.subprocess.SubprocessHook"}
{"timestamp":"2025-07-05T15:36:56.704388","level":"info","event":"25/07/05 15:36:56 INFO DAGScheduler: Parents of final stage: List()","logger":"airflow.task.hooks.airflow.providers.standard.hooks.subprocess.SubprocessHook"}
{"timestamp":"2025-07-05T15:36:56.704434","level":"info","event":"25/07/05 15:36:56 INFO DAGScheduler: Missing parents: List()","logger":"airflow.task.hooks.airflow.providers.standard.hooks.subprocess.SubprocessHook"}
{"timestamp":"2025-07-05T15:36:56.704909","level":"info","event":"25/07/05 15:36:56 INFO DAGScheduler: Submitting ResultStage 5 (MapPartitionsRDD[26] at parquet at NativeMethodAccessorImpl.java:0), which has no missing parents","logger":"airflow.task.hooks.airflow.providers.standard.hooks.subprocess.SubprocessHook"}
{"timestamp":"2025-07-05T15:36:56.716971","level":"info","event":"25/07/05 15:36:56 INFO MemoryStore: Block broadcast_10 stored as values in memory (estimated size 191.6 KiB, free 364.8 MiB)","logger":"airflow.task.hooks.airflow.providers.standard.hooks.subprocess.SubprocessHook"}
{"timestamp":"2025-07-05T15:36:56.718652","level":"info","event":"25/07/05 15:36:56 INFO MemoryStore: Block broadcast_10_piece0 stored as bytes in memory (estimated size 67.1 KiB, free 364.8 MiB)","logger":"airflow.task.hooks.airflow.providers.standard.hooks.subprocess.SubprocessHook"}
{"timestamp":"2025-07-05T15:36:56.719719","level":"info","event":"25/07/05 15:36:56 INFO BlockManagerInfo: Added broadcast_10_piece0 in memory on d4aed7f68172:46683 (size: 67.1 KiB, free: 366.1 MiB)","logger":"airflow.task.hooks.airflow.providers.standard.hooks.subprocess.SubprocessHook"}
{"timestamp":"2025-07-05T15:36:56.720334","level":"info","event":"25/07/05 15:36:56 INFO SparkContext: Created broadcast 10 from broadcast at DAGScheduler.scala:1383","logger":"airflow.task.hooks.airflow.providers.standard.hooks.subprocess.SubprocessHook"}
{"timestamp":"2025-07-05T15:36:56.721019","level":"info","event":"25/07/05 15:36:56 INFO DAGScheduler: Submitting 1 missing tasks from ResultStage 5 (MapPartitionsRDD[26] at parquet at NativeMethodAccessorImpl.java:0) (first 15 tasks are for partitions Vector(0))","logger":"airflow.task.hooks.airflow.providers.standard.hooks.subprocess.SubprocessHook"}
{"timestamp":"2025-07-05T15:36:56.721138","level":"info","event":"25/07/05 15:36:56 INFO TaskSchedulerImpl: Adding task set 5.0 with 1 tasks resource profile 0","logger":"airflow.task.hooks.airflow.providers.standard.hooks.subprocess.SubprocessHook"}
{"timestamp":"2025-07-05T15:36:56.722692","level":"info","event":"25/07/05 15:36:56 INFO TaskSetManager: Starting task 0.0 in stage 5.0 (TID 5) (172.21.0.6, executor 0, partition 0, ANY, 4876 bytes) taskResourceAssignments Map()","logger":"airflow.task.hooks.airflow.providers.standard.hooks.subprocess.SubprocessHook"}
{"timestamp":"2025-07-05T15:36:56.735202","level":"info","event":"25/07/05 15:36:56 INFO BlockManagerInfo: Added broadcast_10_piece0 in memory on 172.21.0.6:36997 (size: 67.1 KiB, free: 366.2 MiB)","logger":"airflow.task.hooks.airflow.providers.standard.hooks.subprocess.SubprocessHook"}
{"timestamp":"2025-07-05T15:36:57.111353","level":"info","event":"25/07/05 15:36:57 INFO BlockManagerInfo: Added broadcast_9_piece0 in memory on 172.21.0.6:36997 (size: 27.6 KiB, free: 366.1 MiB)","logger":"airflow.task.hooks.airflow.providers.standard.hooks.subprocess.SubprocessHook"}
{"timestamp":"2025-07-05T15:36:57.515553","level":"info","event":"25/07/05 15:36:57 INFO TaskSetManager: Finished task 0.0 in stage 5.0 (TID 5) in 793 ms on 172.21.0.6 (executor 0) (1/1)","logger":"airflow.task.hooks.airflow.providers.standard.hooks.subprocess.SubprocessHook"}
{"timestamp":"2025-07-05T15:36:57.515760","level":"info","event":"25/07/05 15:36:57 INFO TaskSchedulerImpl: Removed TaskSet 5.0, whose tasks have all completed, from pool","logger":"airflow.task.hooks.airflow.providers.standard.hooks.subprocess.SubprocessHook"}
{"timestamp":"2025-07-05T15:36:57.516498","level":"info","event":"25/07/05 15:36:57 INFO DAGScheduler: ResultStage 5 (parquet at NativeMethodAccessorImpl.java:0) finished in 0.811 s","logger":"airflow.task.hooks.airflow.providers.standard.hooks.subprocess.SubprocessHook"}
{"timestamp":"2025-07-05T15:36:57.516674","level":"info","event":"25/07/05 15:36:57 INFO DAGScheduler: Job 4 is finished. Cancelling potential speculative or zombie tasks for this job","logger":"airflow.task.hooks.airflow.providers.standard.hooks.subprocess.SubprocessHook"}
{"timestamp":"2025-07-05T15:36:57.516760","level":"info","event":"25/07/05 15:36:57 INFO TaskSchedulerImpl: Killing all running tasks in stage 5: Stage finished","logger":"airflow.task.hooks.airflow.providers.standard.hooks.subprocess.SubprocessHook"}
{"timestamp":"2025-07-05T15:36:57.517480","level":"info","event":"25/07/05 15:36:57 INFO DAGScheduler: Job 4 finished: parquet at NativeMethodAccessorImpl.java:0, took 0.814253 s","logger":"airflow.task.hooks.airflow.providers.standard.hooks.subprocess.SubprocessHook"}
{"timestamp":"2025-07-05T15:36:57.587843","level":"info","event":"25/07/05 15:36:57 INFO FileFormatWriter: Write Job c4e89218-ef29-439e-a09c-2a3360a9b2a0 committed.","logger":"airflow.task.hooks.airflow.providers.standard.hooks.subprocess.SubprocessHook"}
{"timestamp":"2025-07-05T15:36:57.590849","level":"info","event":"25/07/05 15:36:57 INFO FileFormatWriter: Finished processing stats for write job c4e89218-ef29-439e-a09c-2a3360a9b2a0.","logger":"airflow.task.hooks.airflow.providers.standard.hooks.subprocess.SubprocessHook"}
{"timestamp":"2025-07-05T15:36:57.899392","level":"info","event":"25/07/05 15:36:57 INFO FileSourceStrategy: Pushed Filters:","logger":"airflow.task.hooks.airflow.providers.standard.hooks.subprocess.SubprocessHook"}
{"timestamp":"2025-07-05T15:36:57.899659","level":"info","event":"25/07/05 15:36:57 INFO FileSourceStrategy: Post-Scan Filters:","logger":"airflow.task.hooks.airflow.providers.standard.hooks.subprocess.SubprocessHook"}
{"timestamp":"2025-07-05T15:36:57.899740","level":"info","event":"25/07/05 15:36:57 INFO FileSourceStrategy: Output Data Schema: struct<customerID: string, gender: string, SeniorCitizen: int, Partner: string, Dependents: string ... 19 more fields>","logger":"airflow.task.hooks.airflow.providers.standard.hooks.subprocess.SubprocessHook"}
{"timestamp":"2025-07-05T15:36:57.912921","level":"info","event":"25/07/05 15:36:57 INFO MemoryStore: Block broadcast_11 stored as values in memory (estimated size 304.2 KiB, free 364.5 MiB)","logger":"airflow.task.hooks.airflow.providers.standard.hooks.subprocess.SubprocessHook"}
{"timestamp":"2025-07-05T15:36:57.917836","level":"info","event":"25/07/05 15:36:57 INFO MemoryStore: Block broadcast_11_piece0 stored as bytes in memory (estimated size 27.6 KiB, free 364.4 MiB)","logger":"airflow.task.hooks.airflow.providers.standard.hooks.subprocess.SubprocessHook"}
{"timestamp":"2025-07-05T15:36:57.918447","level":"info","event":"25/07/05 15:36:57 INFO BlockManagerInfo: Added broadcast_11_piece0 in memory on d4aed7f68172:46683 (size: 27.6 KiB, free: 366.1 MiB)","logger":"airflow.task.hooks.airflow.providers.standard.hooks.subprocess.SubprocessHook"}
{"timestamp":"2025-07-05T15:36:57.918960","level":"info","event":"25/07/05 15:36:57 INFO SparkContext: Created broadcast 11 from save at NativeMethodAccessorImpl.java:0","logger":"airflow.task.hooks.airflow.providers.standard.hooks.subprocess.SubprocessHook"}
{"timestamp":"2025-07-05T15:36:57.919920","level":"info","event":"25/07/05 15:36:57 INFO FileSourceScanExec: Planning scan with bin packing, max size: 4194304 bytes, open cost is considered as scanning 4194304 bytes.","logger":"airflow.task.hooks.airflow.providers.standard.hooks.subprocess.SubprocessHook"}
{"timestamp":"2025-07-05T15:36:57.939421","level":"info","event":"25/07/05 15:36:57 INFO SparkContext: Starting job: save at NativeMethodAccessorImpl.java:0","logger":"airflow.task.hooks.airflow.providers.standard.hooks.subprocess.SubprocessHook"}
{"timestamp":"2025-07-05T15:36:57.940227","level":"info","event":"25/07/05 15:36:57 INFO DAGScheduler: Got job 5 (save at NativeMethodAccessorImpl.java:0) with 1 output partitions","logger":"airflow.task.hooks.airflow.providers.standard.hooks.subprocess.SubprocessHook"}
{"timestamp":"2025-07-05T15:36:57.940388","level":"info","event":"25/07/05 15:36:57 INFO DAGScheduler: Final stage: ResultStage 6 (save at NativeMethodAccessorImpl.java:0)","logger":"airflow.task.hooks.airflow.providers.standard.hooks.subprocess.SubprocessHook"}
{"timestamp":"2025-07-05T15:36:57.940539","level":"info","event":"25/07/05 15:36:57 INFO DAGScheduler: Parents of final stage: List()","logger":"airflow.task.hooks.airflow.providers.standard.hooks.subprocess.SubprocessHook"}
{"timestamp":"2025-07-05T15:36:57.940704","level":"info","event":"25/07/05 15:36:57 INFO DAGScheduler: Missing parents: List()","logger":"airflow.task.hooks.airflow.providers.standard.hooks.subprocess.SubprocessHook"}
{"timestamp":"2025-07-05T15:36:57.941685","level":"info","event":"25/07/05 15:36:57 INFO DAGScheduler: Submitting ResultStage 6 (MapPartitionsRDD[34] at save at NativeMethodAccessorImpl.java:0), which has no missing parents","logger":"airflow.task.hooks.airflow.providers.standard.hooks.subprocess.SubprocessHook"}
{"timestamp":"2025-07-05T15:36:57.960085","level":"info","event":"25/07/05 15:36:57 INFO MemoryStore: Block broadcast_12 stored as values in memory (estimated size 37.8 KiB, free 364.4 MiB)","logger":"airflow.task.hooks.airflow.providers.standard.hooks.subprocess.SubprocessHook"}
{"timestamp":"2025-07-05T15:36:57.961847","level":"info","event":"25/07/05 15:36:57 INFO MemoryStore: Block broadcast_12_piece0 stored as bytes in memory (estimated size 15.5 KiB, free 364.4 MiB)","logger":"airflow.task.hooks.airflow.providers.standard.hooks.subprocess.SubprocessHook"}
{"timestamp":"2025-07-05T15:36:57.962773","level":"info","event":"25/07/05 15:36:57 INFO BlockManagerInfo: Added broadcast_12_piece0 in memory on d4aed7f68172:46683 (size: 15.5 KiB, free: 366.1 MiB)","logger":"airflow.task.hooks.airflow.providers.standard.hooks.subprocess.SubprocessHook"}
{"timestamp":"2025-07-05T15:36:57.963480","level":"info","event":"25/07/05 15:36:57 INFO SparkContext: Created broadcast 12 from broadcast at DAGScheduler.scala:1383","logger":"airflow.task.hooks.airflow.providers.standard.hooks.subprocess.SubprocessHook"}
{"timestamp":"2025-07-05T15:36:57.963926","level":"info","event":"25/07/05 15:36:57 INFO DAGScheduler: Submitting 1 missing tasks from ResultStage 6 (MapPartitionsRDD[34] at save at NativeMethodAccessorImpl.java:0) (first 15 tasks are for partitions Vector(0))","logger":"airflow.task.hooks.airflow.providers.standard.hooks.subprocess.SubprocessHook"}
{"timestamp":"2025-07-05T15:36:57.964009","level":"info","event":"25/07/05 15:36:57 INFO TaskSchedulerImpl: Adding task set 6.0 with 1 tasks resource profile 0","logger":"airflow.task.hooks.airflow.providers.standard.hooks.subprocess.SubprocessHook"}
{"timestamp":"2025-07-05T15:36:57.965231","level":"info","event":"25/07/05 15:36:57 INFO TaskSetManager: Starting task 0.0 in stage 6.0 (TID 6) (172.21.0.6, executor 0, partition 0, ANY, 4876 bytes) taskResourceAssignments Map()","logger":"airflow.task.hooks.airflow.providers.standard.hooks.subprocess.SubprocessHook"}
{"timestamp":"2025-07-05T15:36:57.976862","level":"info","event":"25/07/05 15:36:57 INFO BlockManagerInfo: Added broadcast_12_piece0 in memory on 172.21.0.6:36997 (size: 15.5 KiB, free: 366.1 MiB)","logger":"airflow.task.hooks.airflow.providers.standard.hooks.subprocess.SubprocessHook"}
{"timestamp":"2025-07-05T15:36:58.289631","level":"info","event":"25/07/05 15:36:58 INFO BlockManagerInfo: Added broadcast_11_piece0 in memory on 172.21.0.6:36997 (size: 27.6 KiB, free: 366.1 MiB)","logger":"airflow.task.hooks.airflow.providers.standard.hooks.subprocess.SubprocessHook"}
{"timestamp":"2025-07-05T15:36:58.499290","level":"info","event":"25/07/05 15:36:58 INFO TaskSetManager: Finished task 0.0 in stage 6.0 (TID 6) in 533 ms on 172.21.0.6 (executor 0) (1/1)","logger":"airflow.task.hooks.airflow.providers.standard.hooks.subprocess.SubprocessHook"}
{"timestamp":"2025-07-05T15:36:58.499531","level":"info","event":"25/07/05 15:36:58 INFO TaskSchedulerImpl: Removed TaskSet 6.0, whose tasks have all completed, from pool","logger":"airflow.task.hooks.airflow.providers.standard.hooks.subprocess.SubprocessHook"}
{"timestamp":"2025-07-05T15:36:58.500381","level":"info","event":"25/07/05 15:36:58 INFO DAGScheduler: ResultStage 6 (save at NativeMethodAccessorImpl.java:0) finished in 0.557 s","logger":"airflow.task.hooks.airflow.providers.standard.hooks.subprocess.SubprocessHook"}
{"timestamp":"2025-07-05T15:36:58.500568","level":"info","event":"25/07/05 15:36:58 INFO DAGScheduler: Job 5 is finished. Cancelling potential speculative or zombie tasks for this job","logger":"airflow.task.hooks.airflow.providers.standard.hooks.subprocess.SubprocessHook"}
{"timestamp":"2025-07-05T15:36:58.500651","level":"info","event":"25/07/05 15:36:58 INFO TaskSchedulerImpl: Killing all running tasks in stage 6: Stage finished","logger":"airflow.task.hooks.airflow.providers.standard.hooks.subprocess.SubprocessHook"}
{"timestamp":"2025-07-05T15:36:58.500710","level":"info","event":"25/07/05 15:36:58 INFO DAGScheduler: Job 5 finished: save at NativeMethodAccessorImpl.java:0, took 0.561391 s","logger":"airflow.task.hooks.airflow.providers.standard.hooks.subprocess.SubprocessHook"}
{"timestamp":"2025-07-05T15:36:58.567200","level":"info","event":"The Cleaning is done!","logger":"airflow.task.hooks.airflow.providers.standard.hooks.subprocess.SubprocessHook"}
{"timestamp":"2025-07-05T15:36:58.598802","level":"info","event":"25/07/05 15:36:58 INFO SparkContext: Invoking stop() from shutdown hook","logger":"airflow.task.hooks.airflow.providers.standard.hooks.subprocess.SubprocessHook"}
{"timestamp":"2025-07-05T15:36:58.607828","level":"info","event":"25/07/05 15:36:58 INFO SparkUI: Stopped Spark web UI at http://d4aed7f68172:4040","logger":"airflow.task.hooks.airflow.providers.standard.hooks.subprocess.SubprocessHook"}
{"timestamp":"2025-07-05T15:36:58.611011","level":"info","event":"25/07/05 15:36:58 INFO StandaloneSchedulerBackend: Shutting down all executors","logger":"airflow.task.hooks.airflow.providers.standard.hooks.subprocess.SubprocessHook"}
{"timestamp":"2025-07-05T15:36:58.611414","level":"info","event":"25/07/05 15:36:58 INFO CoarseGrainedSchedulerBackend$DriverEndpoint: Asking each executor to shut down","logger":"airflow.task.hooks.airflow.providers.standard.hooks.subprocess.SubprocessHook"}
{"timestamp":"2025-07-05T15:36:58.638166","level":"info","event":"25/07/05 15:36:58 INFO MapOutputTrackerMasterEndpoint: MapOutputTrackerMasterEndpoint stopped!","logger":"airflow.task.hooks.airflow.providers.standard.hooks.subprocess.SubprocessHook"}
{"timestamp":"2025-07-05T15:36:58.658477","level":"info","event":"25/07/05 15:36:58 INFO MemoryStore: MemoryStore cleared","logger":"airflow.task.hooks.airflow.providers.standard.hooks.subprocess.SubprocessHook"}
{"timestamp":"2025-07-05T15:36:58.659810","level":"info","event":"25/07/05 15:36:58 INFO BlockManager: BlockManager stopped","logger":"airflow.task.hooks.airflow.providers.standard.hooks.subprocess.SubprocessHook"}
{"timestamp":"2025-07-05T15:36:58.665185","level":"info","event":"25/07/05 15:36:58 INFO BlockManagerMaster: BlockManagerMaster stopped","logger":"airflow.task.hooks.airflow.providers.standard.hooks.subprocess.SubprocessHook"}
{"timestamp":"2025-07-05T15:36:58.667562","level":"info","event":"25/07/05 15:36:58 INFO OutputCommitCoordinator$OutputCommitCoordinatorEndpoint: OutputCommitCoordinator stopped!","logger":"airflow.task.hooks.airflow.providers.standard.hooks.subprocess.SubprocessHook"}
{"timestamp":"2025-07-05T15:36:58.678726","level":"info","event":"25/07/05 15:36:58 INFO SparkContext: Successfully stopped SparkContext","logger":"airflow.task.hooks.airflow.providers.standard.hooks.subprocess.SubprocessHook"}
{"timestamp":"2025-07-05T15:36:58.679243","level":"info","event":"25/07/05 15:36:58 INFO ShutdownHookManager: Shutdown hook called","logger":"airflow.task.hooks.airflow.providers.standard.hooks.subprocess.SubprocessHook"}
{"timestamp":"2025-07-05T15:36:58.679355","level":"info","event":"25/07/05 15:36:58 INFO ShutdownHookManager: Deleting directory /tmp/spark-816ea5ff-2e36-4b68-996b-da90bcc95b08/pyspark-9c6637a6-06e9-4243-9826-f1afc82db7ae","logger":"airflow.task.hooks.airflow.providers.standard.hooks.subprocess.SubprocessHook"}
{"timestamp":"2025-07-05T15:36:58.684626","level":"info","event":"25/07/05 15:36:58 INFO ShutdownHookManager: Deleting directory /tmp/spark-1f72ce76-8f53-494c-8d91-304696a7bf36","logger":"airflow.task.hooks.airflow.providers.standard.hooks.subprocess.SubprocessHook"}
{"timestamp":"2025-07-05T15:36:58.689035","level":"info","event":"25/07/05 15:36:58 INFO ShutdownHookManager: Deleting directory /tmp/spark-816ea5ff-2e36-4b68-996b-da90bcc95b08","logger":"airflow.task.hooks.airflow.providers.standard.hooks.subprocess.SubprocessHook"}
{"timestamp":"2025-07-05T15:36:58.844968","level":"info","event":"Command exited with return code 0","logger":"airflow.task.hooks.airflow.providers.standard.hooks.subprocess.SubprocessHook"}
{"timestamp":"2025-07-05T15:36:58.845611","level":"info","event":"Pushing xcom","ti":"RuntimeTaskInstance(id=UUID('0197db3b-7c6b-7700-bf7d-209352617365'), task_id='run_spark_cleaning_and_upload', dag_id='telco_to_hdfs_dag', run_id='manual__2025-07-05T15:36:38.215793+00:00', try_number=1, map_index=-1, hostname='5986b2597cca', context_carrier=None, task=<Task(BashOperator): run_spark_cleaning_and_upload>, bundle_instance=LocalDagBundle(name=dags-folder), max_tries=0, start_date=datetime.datetime(2025, 7, 5, 15, 36, 45, 23287, tzinfo=TzInfo(UTC)), end_date=None, is_mapped=False)","logger":"task"}
