{"timestamp":"2025-07-05T15:39:48.242867","level":"info","event":"DAG bundles loaded: dags-folder","logger":"airflow.dag_processing.bundles.manager.DagBundlesManager"}
{"timestamp":"2025-07-05T15:39:48.243272","level":"info","event":"Filling up the DagBag from /opt/airflow/dags/telco_to_hdfs_dag.py","logger":"airflow.models.dagbag.DagBag"}
{"timestamp":"2025-07-05T15:39:48.257931","level":"info","event":"Tmp dir root location: /tmp","logger":"airflow.task.hooks.airflow.providers.standard.hooks.subprocess.SubprocessHook"}
{"timestamp":"2025-07-05T15:39:48.258505","level":"info","event":"Running command: ['/usr/bin/bash', '-c', 'docker exec spark-master /opt/bitnami/spark/bin/spark-submit --master spark://spark-master:7077 /opt/spark-apps/get_clean.py']","logger":"airflow.task.hooks.airflow.providers.standard.hooks.subprocess.SubprocessHook"}
{"timestamp":"2025-07-05T15:39:48.265888","level":"info","event":"Output:","logger":"airflow.task.hooks.airflow.providers.standard.hooks.subprocess.SubprocessHook"}
{"timestamp":"2025-07-05T15:39:49.246442","level":"info","event":"25/07/05 15:39:49 WARN NativeCodeLoader: Unable to load native-hadoop library for your platform... using builtin-java classes where applicable","logger":"airflow.task.hooks.airflow.providers.standard.hooks.subprocess.SubprocessHook"}
{"timestamp":"2025-07-05T15:39:49.813958","level":"info","event":"Using Spark's default log4j profile: org/apache/spark/log4j-defaults.properties","logger":"airflow.task.hooks.airflow.providers.standard.hooks.subprocess.SubprocessHook"}
{"timestamp":"2025-07-05T15:39:49.819996","level":"info","event":"25/07/05 15:39:49 INFO SparkContext: Running Spark version 3.1.1","logger":"airflow.task.hooks.airflow.providers.standard.hooks.subprocess.SubprocessHook"}
{"timestamp":"2025-07-05T15:39:49.848871","level":"info","event":"25/07/05 15:39:49 INFO ResourceUtils: ==============================================================","logger":"airflow.task.hooks.airflow.providers.standard.hooks.subprocess.SubprocessHook"}
{"timestamp":"2025-07-05T15:39:49.849142","level":"info","event":"25/07/05 15:39:49 INFO ResourceUtils: No custom resources configured for spark.driver.","logger":"airflow.task.hooks.airflow.providers.standard.hooks.subprocess.SubprocessHook"}
{"timestamp":"2025-07-05T15:39:49.849287","level":"info","event":"25/07/05 15:39:49 INFO ResourceUtils: ==============================================================","logger":"airflow.task.hooks.airflow.providers.standard.hooks.subprocess.SubprocessHook"}
{"timestamp":"2025-07-05T15:39:49.849721","level":"info","event":"25/07/05 15:39:49 INFO SparkContext: Submitted application: TelcoExploration","logger":"airflow.task.hooks.airflow.providers.standard.hooks.subprocess.SubprocessHook"}
{"timestamp":"2025-07-05T15:39:49.868576","level":"info","event":"25/07/05 15:39:49 INFO ResourceProfile: Default ResourceProfile created, executor resources: Map(cores -> name: cores, amount: 1, script: , vendor: , memory -> name: memory, amount: 1024, script: , vendor: , offHeap -> name: offHeap, amount: 0, script: , vendor: ), task resources: Map(cpus -> name: cpus, amount: 1.0)","logger":"airflow.task.hooks.airflow.providers.standard.hooks.subprocess.SubprocessHook"}
{"timestamp":"2025-07-05T15:39:49.877854","level":"info","event":"25/07/05 15:39:49 INFO ResourceProfile: Limiting resource is cpu","logger":"airflow.task.hooks.airflow.providers.standard.hooks.subprocess.SubprocessHook"}
{"timestamp":"2025-07-05T15:39:49.878290","level":"info","event":"25/07/05 15:39:49 INFO ResourceProfileManager: Added ResourceProfile id: 0","logger":"airflow.task.hooks.airflow.providers.standard.hooks.subprocess.SubprocessHook"}
{"timestamp":"2025-07-05T15:39:49.913322","level":"info","event":"25/07/05 15:39:49 INFO SecurityManager: Changing view acls to: spark","logger":"airflow.task.hooks.airflow.providers.standard.hooks.subprocess.SubprocessHook"}
{"timestamp":"2025-07-05T15:39:49.913490","level":"info","event":"25/07/05 15:39:49 INFO SecurityManager: Changing modify acls to: spark","logger":"airflow.task.hooks.airflow.providers.standard.hooks.subprocess.SubprocessHook"}
{"timestamp":"2025-07-05T15:39:49.913555","level":"info","event":"25/07/05 15:39:49 INFO SecurityManager: Changing view acls groups to:","logger":"airflow.task.hooks.airflow.providers.standard.hooks.subprocess.SubprocessHook"}
{"timestamp":"2025-07-05T15:39:49.913595","level":"info","event":"25/07/05 15:39:49 INFO SecurityManager: Changing modify acls groups to:","logger":"airflow.task.hooks.airflow.providers.standard.hooks.subprocess.SubprocessHook"}
{"timestamp":"2025-07-05T15:39:49.913633","level":"info","event":"25/07/05 15:39:49 INFO SecurityManager: SecurityManager: authentication disabled; ui acls disabled; users  with view permissions: Set(spark); groups with view permissions: Set(); users  with modify permissions: Set(spark); groups with modify permissions: Set()","logger":"airflow.task.hooks.airflow.providers.standard.hooks.subprocess.SubprocessHook"}
{"timestamp":"2025-07-05T15:39:50.104893","level":"info","event":"25/07/05 15:39:50 INFO Utils: Successfully started service 'sparkDriver' on port 34467.","logger":"airflow.task.hooks.airflow.providers.standard.hooks.subprocess.SubprocessHook"}
{"timestamp":"2025-07-05T15:39:50.130852","level":"info","event":"25/07/05 15:39:50 INFO SparkEnv: Registering MapOutputTracker","logger":"airflow.task.hooks.airflow.providers.standard.hooks.subprocess.SubprocessHook"}
{"timestamp":"2025-07-05T15:39:50.158460","level":"info","event":"25/07/05 15:39:50 INFO SparkEnv: Registering BlockManagerMaster","logger":"airflow.task.hooks.airflow.providers.standard.hooks.subprocess.SubprocessHook"}
{"timestamp":"2025-07-05T15:39:50.176433","level":"info","event":"25/07/05 15:39:50 INFO BlockManagerMasterEndpoint: Using org.apache.spark.storage.DefaultTopologyMapper for getting topology information","logger":"airflow.task.hooks.airflow.providers.standard.hooks.subprocess.SubprocessHook"}
{"timestamp":"2025-07-05T15:39:50.176592","level":"info","event":"25/07/05 15:39:50 INFO BlockManagerMasterEndpoint: BlockManagerMasterEndpoint up","logger":"airflow.task.hooks.airflow.providers.standard.hooks.subprocess.SubprocessHook"}
{"timestamp":"2025-07-05T15:39:50.180275","level":"info","event":"25/07/05 15:39:50 INFO SparkEnv: Registering BlockManagerMasterHeartbeat","logger":"airflow.task.hooks.airflow.providers.standard.hooks.subprocess.SubprocessHook"}
{"timestamp":"2025-07-05T15:39:50.192195","level":"info","event":"25/07/05 15:39:50 INFO DiskBlockManager: Created local directory at /tmp/blockmgr-dc8624a1-5196-4ffb-8e7f-cd7d0664c7b2","logger":"airflow.task.hooks.airflow.providers.standard.hooks.subprocess.SubprocessHook"}
{"timestamp":"2025-07-05T15:39:50.208998","level":"info","event":"25/07/05 15:39:50 INFO MemoryStore: MemoryStore started with capacity 366.3 MiB","logger":"airflow.task.hooks.airflow.providers.standard.hooks.subprocess.SubprocessHook"}
{"timestamp":"2025-07-05T15:39:50.225309","level":"info","event":"25/07/05 15:39:50 INFO SparkEnv: Registering OutputCommitCoordinator","logger":"airflow.task.hooks.airflow.providers.standard.hooks.subprocess.SubprocessHook"}
{"timestamp":"2025-07-05T15:39:50.417049","level":"info","event":"25/07/05 15:39:50 INFO Utils: Successfully started service 'SparkUI' on port 4040.","logger":"airflow.task.hooks.airflow.providers.standard.hooks.subprocess.SubprocessHook"}
{"timestamp":"2025-07-05T15:39:50.464099","level":"info","event":"25/07/05 15:39:50 INFO SparkUI: Bound SparkUI to 0.0.0.0, and started at http://d4aed7f68172:4040","logger":"airflow.task.hooks.airflow.providers.standard.hooks.subprocess.SubprocessHook"}
{"timestamp":"2025-07-05T15:39:50.483917","level":"info","event":"25/07/05 15:39:50 INFO SparkContext: Added JAR /opt/bitnami/spark/jars/postgresql-42.7.7.jar at spark://d4aed7f68172:34467/jars/postgresql-42.7.7.jar with timestamp 1751729989811","logger":"airflow.task.hooks.airflow.providers.standard.hooks.subprocess.SubprocessHook"}
{"timestamp":"2025-07-05T15:39:50.645404","level":"info","event":"25/07/05 15:39:50 INFO StandaloneAppClient$ClientEndpoint: Connecting to master spark://spark-master:7077...","logger":"airflow.task.hooks.airflow.providers.standard.hooks.subprocess.SubprocessHook"}
{"timestamp":"2025-07-05T15:39:50.688818","level":"info","event":"25/07/05 15:39:50 INFO TransportClientFactory: Successfully created connection to spark-master/172.21.0.3:7077 after 25 ms (0 ms spent in bootstraps)","logger":"airflow.task.hooks.airflow.providers.standard.hooks.subprocess.SubprocessHook"}
{"timestamp":"2025-07-05T15:39:50.769009","level":"info","event":"25/07/05 15:39:50 INFO StandaloneSchedulerBackend: Connected to Spark cluster with app ID app-20250705153950-0002","logger":"airflow.task.hooks.airflow.providers.standard.hooks.subprocess.SubprocessHook"}
{"timestamp":"2025-07-05T15:39:50.770348","level":"info","event":"25/07/05 15:39:50 INFO StandaloneAppClient$ClientEndpoint: Executor added: app-20250705153950-0002/0 on worker-20250705153445-172.21.0.6-45747 (172.21.0.6:45747) with 12 core(s)","logger":"airflow.task.hooks.airflow.providers.standard.hooks.subprocess.SubprocessHook"}
{"timestamp":"2025-07-05T15:39:50.771954","level":"info","event":"25/07/05 15:39:50 INFO StandaloneSchedulerBackend: Granted executor ID app-20250705153950-0002/0 on hostPort 172.21.0.6:45747 with 12 core(s), 1024.0 MiB RAM","logger":"airflow.task.hooks.airflow.providers.standard.hooks.subprocess.SubprocessHook"}
{"timestamp":"2025-07-05T15:39:50.776143","level":"info","event":"25/07/05 15:39:50 INFO Utils: Successfully started service 'org.apache.spark.network.netty.NettyBlockTransferService' on port 35461.","logger":"airflow.task.hooks.airflow.providers.standard.hooks.subprocess.SubprocessHook"}
{"timestamp":"2025-07-05T15:39:50.776342","level":"info","event":"25/07/05 15:39:50 INFO NettyBlockTransferService: Server created on d4aed7f68172:35461","logger":"airflow.task.hooks.airflow.providers.standard.hooks.subprocess.SubprocessHook"}
{"timestamp":"2025-07-05T15:39:50.778062","level":"info","event":"25/07/05 15:39:50 INFO BlockManager: Using org.apache.spark.storage.RandomBlockReplicationPolicy for block replication policy","logger":"airflow.task.hooks.airflow.providers.standard.hooks.subprocess.SubprocessHook"}
{"timestamp":"2025-07-05T15:39:50.786588","level":"info","event":"25/07/05 15:39:50 INFO BlockManagerMaster: Registering BlockManager BlockManagerId(driver, d4aed7f68172, 35461, None)","logger":"airflow.task.hooks.airflow.providers.standard.hooks.subprocess.SubprocessHook"}
{"timestamp":"2025-07-05T15:39:50.790142","level":"info","event":"25/07/05 15:39:50 INFO BlockManagerMasterEndpoint: Registering block manager d4aed7f68172:35461 with 366.3 MiB RAM, BlockManagerId(driver, d4aed7f68172, 35461, None)","logger":"airflow.task.hooks.airflow.providers.standard.hooks.subprocess.SubprocessHook"}
{"timestamp":"2025-07-05T15:39:50.792524","level":"info","event":"25/07/05 15:39:50 INFO BlockManagerMaster: Registered BlockManager BlockManagerId(driver, d4aed7f68172, 35461, None)","logger":"airflow.task.hooks.airflow.providers.standard.hooks.subprocess.SubprocessHook"}
{"timestamp":"2025-07-05T15:39:50.793754","level":"info","event":"25/07/05 15:39:50 INFO BlockManager: Initialized BlockManager: BlockManagerId(driver, d4aed7f68172, 35461, None)","logger":"airflow.task.hooks.airflow.providers.standard.hooks.subprocess.SubprocessHook"}
{"timestamp":"2025-07-05T15:39:50.798548","level":"info","event":"25/07/05 15:39:50 INFO StandaloneAppClient$ClientEndpoint: Executor updated: app-20250705153950-0002/0 is now RUNNING","logger":"airflow.task.hooks.airflow.providers.standard.hooks.subprocess.SubprocessHook"}
{"timestamp":"2025-07-05T15:39:50.969241","level":"info","event":"25/07/05 15:39:50 INFO StandaloneSchedulerBackend: SchedulerBackend is ready for scheduling beginning after reached minRegisteredResourcesRatio: 0.0","logger":"airflow.task.hooks.airflow.providers.standard.hooks.subprocess.SubprocessHook"}
{"timestamp":"2025-07-05T15:39:51.216314","level":"info","event":"25/07/05 15:39:51 INFO SharedState: Setting hive.metastore.warehouse.dir ('null') to the value of spark.sql.warehouse.dir ('file:/opt/bitnami/spark/spark-warehouse').","logger":"airflow.task.hooks.airflow.providers.standard.hooks.subprocess.SubprocessHook"}
{"timestamp":"2025-07-05T15:39:51.216499","level":"info","event":"25/07/05 15:39:51 INFO SharedState: Warehouse path is 'file:/opt/bitnami/spark/spark-warehouse'.","logger":"airflow.task.hooks.airflow.providers.standard.hooks.subprocess.SubprocessHook"}
{"timestamp":"2025-07-05T15:39:52.172738","level":"info","event":"25/07/05 15:39:52 INFO InMemoryFileIndex: It took 43 ms to list leaf files for 1 paths.","logger":"airflow.task.hooks.airflow.providers.standard.hooks.subprocess.SubprocessHook"}
{"timestamp":"2025-07-05T15:39:52.225873","level":"info","event":"25/07/05 15:39:52 INFO InMemoryFileIndex: It took 4 ms to list leaf files for 1 paths.","logger":"airflow.task.hooks.airflow.providers.standard.hooks.subprocess.SubprocessHook"}
{"timestamp":"2025-07-05T15:39:52.348621","level":"info","event":"25/07/05 15:39:52 INFO CoarseGrainedSchedulerBackend$DriverEndpoint: Registered executor NettyRpcEndpointRef(spark-client://Executor) (172.21.0.6:59468) with ID 0,  ResourceProfileId 0","logger":"airflow.task.hooks.airflow.providers.standard.hooks.subprocess.SubprocessHook"}
{"timestamp":"2025-07-05T15:39:52.435545","level":"info","event":"25/07/05 15:39:52 INFO BlockManagerMasterEndpoint: Registering block manager 172.21.0.6:34369 with 366.3 MiB RAM, BlockManagerId(0, 172.21.0.6, 34369, None)","logger":"airflow.task.hooks.airflow.providers.standard.hooks.subprocess.SubprocessHook"}
{"timestamp":"2025-07-05T15:39:53.683424","level":"info","event":"25/07/05 15:39:53 INFO FileSourceStrategy: Pushed Filters:","logger":"airflow.task.hooks.airflow.providers.standard.hooks.subprocess.SubprocessHook"}
{"timestamp":"2025-07-05T15:39:53.687566","level":"info","event":"25/07/05 15:39:53 INFO FileSourceStrategy: Post-Scan Filters: (length(trim(value#0, None)) > 0)","logger":"airflow.task.hooks.airflow.providers.standard.hooks.subprocess.SubprocessHook"}
{"timestamp":"2025-07-05T15:39:53.691505","level":"info","event":"25/07/05 15:39:53 INFO FileSourceStrategy: Output Data Schema: struct<value: string>","logger":"airflow.task.hooks.airflow.providers.standard.hooks.subprocess.SubprocessHook"}
{"timestamp":"2025-07-05T15:39:54.218774","level":"info","event":"25/07/05 15:39:54 INFO CodeGenerator: Code generated in 206.463345 ms","logger":"airflow.task.hooks.airflow.providers.standard.hooks.subprocess.SubprocessHook"}
{"timestamp":"2025-07-05T15:39:54.261712","level":"info","event":"25/07/05 15:39:54 INFO MemoryStore: Block broadcast_0 stored as values in memory (estimated size 304.3 KiB, free 366.0 MiB)","logger":"airflow.task.hooks.airflow.providers.standard.hooks.subprocess.SubprocessHook"}
{"timestamp":"2025-07-05T15:39:54.312739","level":"info","event":"25/07/05 15:39:54 INFO MemoryStore: Block broadcast_0_piece0 stored as bytes in memory (estimated size 27.6 KiB, free 366.0 MiB)","logger":"airflow.task.hooks.airflow.providers.standard.hooks.subprocess.SubprocessHook"}
{"timestamp":"2025-07-05T15:39:54.314913","level":"info","event":"25/07/05 15:39:54 INFO BlockManagerInfo: Added broadcast_0_piece0 in memory on d4aed7f68172:35461 (size: 27.6 KiB, free: 366.3 MiB)","logger":"airflow.task.hooks.airflow.providers.standard.hooks.subprocess.SubprocessHook"}
{"timestamp":"2025-07-05T15:39:54.316878","level":"info","event":"25/07/05 15:39:54 INFO SparkContext: Created broadcast 0 from csv at NativeMethodAccessorImpl.java:0","logger":"airflow.task.hooks.airflow.providers.standard.hooks.subprocess.SubprocessHook"}
{"timestamp":"2025-07-05T15:39:54.322616","level":"info","event":"25/07/05 15:39:54 INFO FileSourceScanExec: Planning scan with bin packing, max size: 4194304 bytes, open cost is considered as scanning 4194304 bytes.","logger":"airflow.task.hooks.airflow.providers.standard.hooks.subprocess.SubprocessHook"}
{"timestamp":"2025-07-05T15:39:54.395035","level":"info","event":"25/07/05 15:39:54 INFO SparkContext: Starting job: csv at NativeMethodAccessorImpl.java:0","logger":"airflow.task.hooks.airflow.providers.standard.hooks.subprocess.SubprocessHook"}
{"timestamp":"2025-07-05T15:39:54.407463","level":"info","event":"25/07/05 15:39:54 INFO DAGScheduler: Got job 0 (csv at NativeMethodAccessorImpl.java:0) with 1 output partitions","logger":"airflow.task.hooks.airflow.providers.standard.hooks.subprocess.SubprocessHook"}
{"timestamp":"2025-07-05T15:39:54.407591","level":"info","event":"25/07/05 15:39:54 INFO DAGScheduler: Final stage: ResultStage 0 (csv at NativeMethodAccessorImpl.java:0)","logger":"airflow.task.hooks.airflow.providers.standard.hooks.subprocess.SubprocessHook"}
{"timestamp":"2025-07-05T15:39:54.407638","level":"info","event":"25/07/05 15:39:54 INFO DAGScheduler: Parents of final stage: List()","logger":"airflow.task.hooks.airflow.providers.standard.hooks.subprocess.SubprocessHook"}
{"timestamp":"2025-07-05T15:39:54.408956","level":"info","event":"25/07/05 15:39:54 INFO DAGScheduler: Missing parents: List()","logger":"airflow.task.hooks.airflow.providers.standard.hooks.subprocess.SubprocessHook"}
{"timestamp":"2025-07-05T15:39:54.413588","level":"info","event":"25/07/05 15:39:54 INFO DAGScheduler: Submitting ResultStage 0 (MapPartitionsRDD[3] at csv at NativeMethodAccessorImpl.java:0), which has no missing parents","logger":"airflow.task.hooks.airflow.providers.standard.hooks.subprocess.SubprocessHook"}
{"timestamp":"2025-07-05T15:39:54.463568","level":"info","event":"25/07/05 15:39:54 INFO MemoryStore: Block broadcast_1 stored as values in memory (estimated size 10.8 KiB, free 366.0 MiB)","logger":"airflow.task.hooks.airflow.providers.standard.hooks.subprocess.SubprocessHook"}
{"timestamp":"2025-07-05T15:39:54.466116","level":"info","event":"25/07/05 15:39:54 INFO MemoryStore: Block broadcast_1_piece0 stored as bytes in memory (estimated size 5.4 KiB, free 366.0 MiB)","logger":"airflow.task.hooks.airflow.providers.standard.hooks.subprocess.SubprocessHook"}
{"timestamp":"2025-07-05T15:39:54.466699","level":"info","event":"25/07/05 15:39:54 INFO BlockManagerInfo: Added broadcast_1_piece0 in memory on d4aed7f68172:35461 (size: 5.4 KiB, free: 366.3 MiB)","logger":"airflow.task.hooks.airflow.providers.standard.hooks.subprocess.SubprocessHook"}
{"timestamp":"2025-07-05T15:39:54.466822","level":"info","event":"25/07/05 15:39:54 INFO SparkContext: Created broadcast 1 from broadcast at DAGScheduler.scala:1383","logger":"airflow.task.hooks.airflow.providers.standard.hooks.subprocess.SubprocessHook"}
{"timestamp":"2025-07-05T15:39:54.478217","level":"info","event":"25/07/05 15:39:54 INFO DAGScheduler: Submitting 1 missing tasks from ResultStage 0 (MapPartitionsRDD[3] at csv at NativeMethodAccessorImpl.java:0) (first 15 tasks are for partitions Vector(0))","logger":"airflow.task.hooks.airflow.providers.standard.hooks.subprocess.SubprocessHook"}
{"timestamp":"2025-07-05T15:39:54.478699","level":"info","event":"25/07/05 15:39:54 INFO TaskSchedulerImpl: Adding task set 0.0 with 1 tasks resource profile 0","logger":"airflow.task.hooks.airflow.providers.standard.hooks.subprocess.SubprocessHook"}
{"timestamp":"2025-07-05T15:39:54.511439","level":"info","event":"25/07/05 15:39:54 INFO TaskSetManager: Starting task 0.0 in stage 0.0 (TID 0) (172.21.0.6, executor 0, partition 0, ANY, 4876 bytes) taskResourceAssignments Map()","logger":"airflow.task.hooks.airflow.providers.standard.hooks.subprocess.SubprocessHook"}
{"timestamp":"2025-07-05T15:39:54.702120","level":"info","event":"25/07/05 15:39:54 INFO BlockManagerInfo: Added broadcast_1_piece0 in memory on 172.21.0.6:34369 (size: 5.4 KiB, free: 366.3 MiB)","logger":"airflow.task.hooks.airflow.providers.standard.hooks.subprocess.SubprocessHook"}
{"timestamp":"2025-07-05T15:39:55.353990","level":"info","event":"25/07/05 15:39:55 INFO BlockManagerInfo: Added broadcast_0_piece0 in memory on 172.21.0.6:34369 (size: 27.6 KiB, free: 366.3 MiB)","logger":"airflow.task.hooks.airflow.providers.standard.hooks.subprocess.SubprocessHook"}
{"timestamp":"2025-07-05T15:39:55.919617","level":"info","event":"25/07/05 15:39:55 INFO TaskSetManager: Finished task 0.0 in stage 0.0 (TID 0) in 1419 ms on 172.21.0.6 (executor 0) (1/1)","logger":"airflow.task.hooks.airflow.providers.standard.hooks.subprocess.SubprocessHook"}
{"timestamp":"2025-07-05T15:39:55.921642","level":"info","event":"25/07/05 15:39:55 INFO TaskSchedulerImpl: Removed TaskSet 0.0, whose tasks have all completed, from pool","logger":"airflow.task.hooks.airflow.providers.standard.hooks.subprocess.SubprocessHook"}
{"timestamp":"2025-07-05T15:39:55.926886","level":"info","event":"25/07/05 15:39:55 INFO DAGScheduler: ResultStage 0 (csv at NativeMethodAccessorImpl.java:0) finished in 1.499 s","logger":"airflow.task.hooks.airflow.providers.standard.hooks.subprocess.SubprocessHook"}
{"timestamp":"2025-07-05T15:39:55.930059","level":"info","event":"25/07/05 15:39:55 INFO DAGScheduler: Job 0 is finished. Cancelling potential speculative or zombie tasks for this job","logger":"airflow.task.hooks.airflow.providers.standard.hooks.subprocess.SubprocessHook"}
{"timestamp":"2025-07-05T15:39:55.930195","level":"info","event":"25/07/05 15:39:55 INFO TaskSchedulerImpl: Killing all running tasks in stage 0: Stage finished","logger":"airflow.task.hooks.airflow.providers.standard.hooks.subprocess.SubprocessHook"}
{"timestamp":"2025-07-05T15:39:55.932707","level":"info","event":"25/07/05 15:39:55 INFO DAGScheduler: Job 0 finished: csv at NativeMethodAccessorImpl.java:0, took 1.537230 s","logger":"airflow.task.hooks.airflow.providers.standard.hooks.subprocess.SubprocessHook"}
{"timestamp":"2025-07-05T15:39:55.952944","level":"info","event":"25/07/05 15:39:55 INFO CodeGenerator: Code generated in 10.638887 ms","logger":"airflow.task.hooks.airflow.providers.standard.hooks.subprocess.SubprocessHook"}
{"timestamp":"2025-07-05T15:39:56.006960","level":"info","event":"25/07/05 15:39:56 INFO FileSourceStrategy: Pushed Filters:","logger":"airflow.task.hooks.airflow.providers.standard.hooks.subprocess.SubprocessHook"}
{"timestamp":"2025-07-05T15:39:56.007164","level":"info","event":"25/07/05 15:39:56 INFO FileSourceStrategy: Post-Scan Filters:","logger":"airflow.task.hooks.airflow.providers.standard.hooks.subprocess.SubprocessHook"}
{"timestamp":"2025-07-05T15:39:56.007249","level":"info","event":"25/07/05 15:39:56 INFO FileSourceStrategy: Output Data Schema: struct<value: string>","logger":"airflow.task.hooks.airflow.providers.standard.hooks.subprocess.SubprocessHook"}
{"timestamp":"2025-07-05T15:39:56.014115","level":"info","event":"25/07/05 15:39:56 INFO MemoryStore: Block broadcast_2 stored as values in memory (estimated size 304.3 KiB, free 365.7 MiB)","logger":"airflow.task.hooks.airflow.providers.standard.hooks.subprocess.SubprocessHook"}
{"timestamp":"2025-07-05T15:39:56.020722","level":"info","event":"25/07/05 15:39:56 INFO MemoryStore: Block broadcast_2_piece0 stored as bytes in memory (estimated size 27.6 KiB, free 365.6 MiB)","logger":"airflow.task.hooks.airflow.providers.standard.hooks.subprocess.SubprocessHook"}
{"timestamp":"2025-07-05T15:39:56.021592","level":"info","event":"25/07/05 15:39:56 INFO BlockManagerInfo: Added broadcast_2_piece0 in memory on d4aed7f68172:35461 (size: 27.6 KiB, free: 366.2 MiB)","logger":"airflow.task.hooks.airflow.providers.standard.hooks.subprocess.SubprocessHook"}
{"timestamp":"2025-07-05T15:39:56.022200","level":"info","event":"25/07/05 15:39:56 INFO SparkContext: Created broadcast 2 from csv at NativeMethodAccessorImpl.java:0","logger":"airflow.task.hooks.airflow.providers.standard.hooks.subprocess.SubprocessHook"}
{"timestamp":"2025-07-05T15:39:56.022972","level":"info","event":"25/07/05 15:39:56 INFO FileSourceScanExec: Planning scan with bin packing, max size: 4194304 bytes, open cost is considered as scanning 4194304 bytes.","logger":"airflow.task.hooks.airflow.providers.standard.hooks.subprocess.SubprocessHook"}
{"timestamp":"2025-07-05T15:39:56.076325","level":"info","event":"25/07/05 15:39:56 INFO SparkContext: Starting job: csv at NativeMethodAccessorImpl.java:0","logger":"airflow.task.hooks.airflow.providers.standard.hooks.subprocess.SubprocessHook"}
{"timestamp":"2025-07-05T15:39:56.077686","level":"info","event":"25/07/05 15:39:56 INFO DAGScheduler: Got job 1 (csv at NativeMethodAccessorImpl.java:0) with 1 output partitions","logger":"airflow.task.hooks.airflow.providers.standard.hooks.subprocess.SubprocessHook"}
{"timestamp":"2025-07-05T15:39:56.077869","level":"info","event":"25/07/05 15:39:56 INFO DAGScheduler: Final stage: ResultStage 1 (csv at NativeMethodAccessorImpl.java:0)","logger":"airflow.task.hooks.airflow.providers.standard.hooks.subprocess.SubprocessHook"}
{"timestamp":"2025-07-05T15:39:56.077940","level":"info","event":"25/07/05 15:39:56 INFO DAGScheduler: Parents of final stage: List()","logger":"airflow.task.hooks.airflow.providers.standard.hooks.subprocess.SubprocessHook"}
{"timestamp":"2025-07-05T15:39:56.077991","level":"info","event":"25/07/05 15:39:56 INFO DAGScheduler: Missing parents: List()","logger":"airflow.task.hooks.airflow.providers.standard.hooks.subprocess.SubprocessHook"}
{"timestamp":"2025-07-05T15:39:56.078829","level":"info","event":"25/07/05 15:39:56 INFO DAGScheduler: Submitting ResultStage 1 (MapPartitionsRDD[9] at csv at NativeMethodAccessorImpl.java:0), which has no missing parents","logger":"airflow.task.hooks.airflow.providers.standard.hooks.subprocess.SubprocessHook"}
{"timestamp":"2025-07-05T15:39:56.097488","level":"info","event":"25/07/05 15:39:56 INFO MemoryStore: Block broadcast_3 stored as values in memory (estimated size 16.0 KiB, free 365.6 MiB)","logger":"airflow.task.hooks.airflow.providers.standard.hooks.subprocess.SubprocessHook"}
{"timestamp":"2025-07-05T15:39:56.099281","level":"info","event":"25/07/05 15:39:56 INFO MemoryStore: Block broadcast_3_piece0 stored as bytes in memory (estimated size 8.1 KiB, free 365.6 MiB)","logger":"airflow.task.hooks.airflow.providers.standard.hooks.subprocess.SubprocessHook"}
{"timestamp":"2025-07-05T15:39:56.099533","level":"info","event":"25/07/05 15:39:56 INFO BlockManagerInfo: Added broadcast_3_piece0 in memory on d4aed7f68172:35461 (size: 8.1 KiB, free: 366.2 MiB)","logger":"airflow.task.hooks.airflow.providers.standard.hooks.subprocess.SubprocessHook"}
{"timestamp":"2025-07-05T15:39:56.100020","level":"info","event":"25/07/05 15:39:56 INFO SparkContext: Created broadcast 3 from broadcast at DAGScheduler.scala:1383","logger":"airflow.task.hooks.airflow.providers.standard.hooks.subprocess.SubprocessHook"}
{"timestamp":"2025-07-05T15:39:56.101014","level":"info","event":"25/07/05 15:39:56 INFO DAGScheduler: Submitting 1 missing tasks from ResultStage 1 (MapPartitionsRDD[9] at csv at NativeMethodAccessorImpl.java:0) (first 15 tasks are for partitions Vector(0))","logger":"airflow.task.hooks.airflow.providers.standard.hooks.subprocess.SubprocessHook"}
{"timestamp":"2025-07-05T15:39:56.101163","level":"info","event":"25/07/05 15:39:56 INFO TaskSchedulerImpl: Adding task set 1.0 with 1 tasks resource profile 0","logger":"airflow.task.hooks.airflow.providers.standard.hooks.subprocess.SubprocessHook"}
{"timestamp":"2025-07-05T15:39:56.102680","level":"info","event":"25/07/05 15:39:56 INFO TaskSetManager: Starting task 0.0 in stage 1.0 (TID 1) (172.21.0.6, executor 0, partition 0, ANY, 4876 bytes) taskResourceAssignments Map()","logger":"airflow.task.hooks.airflow.providers.standard.hooks.subprocess.SubprocessHook"}
{"timestamp":"2025-07-05T15:39:56.123566","level":"info","event":"25/07/05 15:39:56 INFO BlockManagerInfo: Added broadcast_3_piece0 in memory on 172.21.0.6:34369 (size: 8.1 KiB, free: 366.3 MiB)","logger":"airflow.task.hooks.airflow.providers.standard.hooks.subprocess.SubprocessHook"}
{"timestamp":"2025-07-05T15:39:57.023602","level":"info","event":"25/07/05 15:39:57 INFO BlockManagerInfo: Added broadcast_2_piece0 in memory on 172.21.0.6:34369 (size: 27.6 KiB, free: 366.2 MiB)","logger":"airflow.task.hooks.airflow.providers.standard.hooks.subprocess.SubprocessHook"}
{"timestamp":"2025-07-05T15:39:57.189260","level":"info","event":"25/07/05 15:39:57 INFO TaskSetManager: Finished task 0.0 in stage 1.0 (TID 1) in 1086 ms on 172.21.0.6 (executor 0) (1/1)","logger":"airflow.task.hooks.airflow.providers.standard.hooks.subprocess.SubprocessHook"}
{"timestamp":"2025-07-05T15:39:57.189450","level":"info","event":"25/07/05 15:39:57 INFO TaskSchedulerImpl: Removed TaskSet 1.0, whose tasks have all completed, from pool","logger":"airflow.task.hooks.airflow.providers.standard.hooks.subprocess.SubprocessHook"}
{"timestamp":"2025-07-05T15:39:57.190442","level":"info","event":"25/07/05 15:39:57 INFO DAGScheduler: ResultStage 1 (csv at NativeMethodAccessorImpl.java:0) finished in 1.109 s","logger":"airflow.task.hooks.airflow.providers.standard.hooks.subprocess.SubprocessHook"}
{"timestamp":"2025-07-05T15:39:57.190968","level":"info","event":"25/07/05 15:39:57 INFO DAGScheduler: Job 1 is finished. Cancelling potential speculative or zombie tasks for this job","logger":"airflow.task.hooks.airflow.providers.standard.hooks.subprocess.SubprocessHook"}
{"timestamp":"2025-07-05T15:39:57.191042","level":"info","event":"25/07/05 15:39:57 INFO TaskSchedulerImpl: Killing all running tasks in stage 1: Stage finished","logger":"airflow.task.hooks.airflow.providers.standard.hooks.subprocess.SubprocessHook"}
{"timestamp":"2025-07-05T15:39:57.192773","level":"info","event":"25/07/05 15:39:57 INFO DAGScheduler: Job 1 finished: csv at NativeMethodAccessorImpl.java:0, took 1.116669 s","logger":"airflow.task.hooks.airflow.providers.standard.hooks.subprocess.SubprocessHook"}
{"timestamp":"2025-07-05T15:39:57.649893","level":"info","event":"25/07/05 15:39:57 INFO FileSourceStrategy: Pushed Filters:","logger":"airflow.task.hooks.airflow.providers.standard.hooks.subprocess.SubprocessHook"}
{"timestamp":"2025-07-05T15:39:57.650074","level":"info","event":"25/07/05 15:39:57 INFO FileSourceStrategy: Post-Scan Filters:","logger":"airflow.task.hooks.airflow.providers.standard.hooks.subprocess.SubprocessHook"}
{"timestamp":"2025-07-05T15:39:57.650123","level":"info","event":"25/07/05 15:39:57 INFO FileSourceStrategy: Output Data Schema: struct<TotalCharges: string>","logger":"airflow.task.hooks.airflow.providers.standard.hooks.subprocess.SubprocessHook"}
{"timestamp":"2025-07-05T15:39:57.678450","level":"info","event":"25/07/05 15:39:57 INFO CodeGenerator: Code generated in 13.345384 ms","logger":"airflow.task.hooks.airflow.providers.standard.hooks.subprocess.SubprocessHook"}
{"timestamp":"2025-07-05T15:39:57.682339","level":"info","event":"25/07/05 15:39:57 INFO MemoryStore: Block broadcast_4 stored as values in memory (estimated size 304.2 KiB, free 365.3 MiB)","logger":"airflow.task.hooks.airflow.providers.standard.hooks.subprocess.SubprocessHook"}
{"timestamp":"2025-07-05T15:39:57.690150","level":"info","event":"25/07/05 15:39:57 INFO MemoryStore: Block broadcast_4_piece0 stored as bytes in memory (estimated size 27.6 KiB, free 365.3 MiB)","logger":"airflow.task.hooks.airflow.providers.standard.hooks.subprocess.SubprocessHook"}
{"timestamp":"2025-07-05T15:39:57.690951","level":"info","event":"25/07/05 15:39:57 INFO BlockManagerInfo: Added broadcast_4_piece0 in memory on d4aed7f68172:35461 (size: 27.6 KiB, free: 366.2 MiB)","logger":"airflow.task.hooks.airflow.providers.standard.hooks.subprocess.SubprocessHook"}
{"timestamp":"2025-07-05T15:39:57.691387","level":"info","event":"25/07/05 15:39:57 INFO SparkContext: Created broadcast 4 from approxQuantile at NativeMethodAccessorImpl.java:0","logger":"airflow.task.hooks.airflow.providers.standard.hooks.subprocess.SubprocessHook"}
{"timestamp":"2025-07-05T15:39:57.694380","level":"info","event":"25/07/05 15:39:57 INFO FileSourceScanExec: Planning scan with bin packing, max size: 4194304 bytes, open cost is considered as scanning 4194304 bytes.","logger":"airflow.task.hooks.airflow.providers.standard.hooks.subprocess.SubprocessHook"}
{"timestamp":"2025-07-05T15:39:57.713140","level":"info","event":"25/07/05 15:39:57 INFO SparkContext: Starting job: approxQuantile at NativeMethodAccessorImpl.java:0","logger":"airflow.task.hooks.airflow.providers.standard.hooks.subprocess.SubprocessHook"}
{"timestamp":"2025-07-05T15:39:57.714026","level":"info","event":"25/07/05 15:39:57 INFO DAGScheduler: Got job 2 (approxQuantile at NativeMethodAccessorImpl.java:0) with 1 output partitions","logger":"airflow.task.hooks.airflow.providers.standard.hooks.subprocess.SubprocessHook"}
{"timestamp":"2025-07-05T15:39:57.714164","level":"info","event":"25/07/05 15:39:57 INFO DAGScheduler: Final stage: ResultStage 2 (approxQuantile at NativeMethodAccessorImpl.java:0)","logger":"airflow.task.hooks.airflow.providers.standard.hooks.subprocess.SubprocessHook"}
{"timestamp":"2025-07-05T15:39:57.714229","level":"info","event":"25/07/05 15:39:57 INFO DAGScheduler: Parents of final stage: List()","logger":"airflow.task.hooks.airflow.providers.standard.hooks.subprocess.SubprocessHook"}
{"timestamp":"2025-07-05T15:39:57.714276","level":"info","event":"25/07/05 15:39:57 INFO DAGScheduler: Missing parents: List()","logger":"airflow.task.hooks.airflow.providers.standard.hooks.subprocess.SubprocessHook"}
{"timestamp":"2025-07-05T15:39:57.715158","level":"info","event":"25/07/05 15:39:57 INFO DAGScheduler: Submitting ResultStage 2 (MapPartitionsRDD[16] at approxQuantile at NativeMethodAccessorImpl.java:0), which has no missing parents","logger":"airflow.task.hooks.airflow.providers.standard.hooks.subprocess.SubprocessHook"}
{"timestamp":"2025-07-05T15:39:57.728844","level":"info","event":"25/07/05 15:39:57 INFO MemoryStore: Block broadcast_5 stored as values in memory (estimated size 20.3 KiB, free 365.3 MiB)","logger":"airflow.task.hooks.airflow.providers.standard.hooks.subprocess.SubprocessHook"}
{"timestamp":"2025-07-05T15:39:57.731377","level":"info","event":"25/07/05 15:39:57 INFO MemoryStore: Block broadcast_5_piece0 stored as bytes in memory (estimated size 9.8 KiB, free 365.3 MiB)","logger":"airflow.task.hooks.airflow.providers.standard.hooks.subprocess.SubprocessHook"}
{"timestamp":"2025-07-05T15:39:57.732216","level":"info","event":"25/07/05 15:39:57 INFO BlockManagerInfo: Added broadcast_5_piece0 in memory on d4aed7f68172:35461 (size: 9.8 KiB, free: 366.2 MiB)","logger":"airflow.task.hooks.airflow.providers.standard.hooks.subprocess.SubprocessHook"}
{"timestamp":"2025-07-05T15:39:57.732789","level":"info","event":"25/07/05 15:39:57 INFO SparkContext: Created broadcast 5 from broadcast at DAGScheduler.scala:1383","logger":"airflow.task.hooks.airflow.providers.standard.hooks.subprocess.SubprocessHook"}
{"timestamp":"2025-07-05T15:39:57.733288","level":"info","event":"25/07/05 15:39:57 INFO DAGScheduler: Submitting 1 missing tasks from ResultStage 2 (MapPartitionsRDD[16] at approxQuantile at NativeMethodAccessorImpl.java:0) (first 15 tasks are for partitions Vector(0))","logger":"airflow.task.hooks.airflow.providers.standard.hooks.subprocess.SubprocessHook"}
{"timestamp":"2025-07-05T15:39:57.733372","level":"info","event":"25/07/05 15:39:57 INFO TaskSchedulerImpl: Adding task set 2.0 with 1 tasks resource profile 0","logger":"airflow.task.hooks.airflow.providers.standard.hooks.subprocess.SubprocessHook"}
{"timestamp":"2025-07-05T15:39:57.734537","level":"info","event":"25/07/05 15:39:57 INFO TaskSetManager: Starting task 0.0 in stage 2.0 (TID 2) (172.21.0.6, executor 0, partition 0, ANY, 4876 bytes) taskResourceAssignments Map()","logger":"airflow.task.hooks.airflow.providers.standard.hooks.subprocess.SubprocessHook"}
{"timestamp":"2025-07-05T15:39:57.748404","level":"info","event":"25/07/05 15:39:57 INFO BlockManagerInfo: Added broadcast_5_piece0 in memory on 172.21.0.6:34369 (size: 9.8 KiB, free: 366.2 MiB)","logger":"airflow.task.hooks.airflow.providers.standard.hooks.subprocess.SubprocessHook"}
{"timestamp":"2025-07-05T15:39:57.846284","level":"info","event":"25/07/05 15:39:57 INFO BlockManagerInfo: Added broadcast_4_piece0 in memory on 172.21.0.6:34369 (size: 27.6 KiB, free: 366.2 MiB)","logger":"airflow.task.hooks.airflow.providers.standard.hooks.subprocess.SubprocessHook"}
{"timestamp":"2025-07-05T15:39:57.987508","level":"info","event":"25/07/05 15:39:57 INFO TaskSetManager: Finished task 0.0 in stage 2.0 (TID 2) in 253 ms on 172.21.0.6 (executor 0) (1/1)","logger":"airflow.task.hooks.airflow.providers.standard.hooks.subprocess.SubprocessHook"}
{"timestamp":"2025-07-05T15:39:57.987687","level":"info","event":"25/07/05 15:39:57 INFO TaskSchedulerImpl: Removed TaskSet 2.0, whose tasks have all completed, from pool","logger":"airflow.task.hooks.airflow.providers.standard.hooks.subprocess.SubprocessHook"}
{"timestamp":"2025-07-05T15:39:57.988121","level":"info","event":"25/07/05 15:39:57 INFO DAGScheduler: ResultStage 2 (approxQuantile at NativeMethodAccessorImpl.java:0) finished in 0.271 s","logger":"airflow.task.hooks.airflow.providers.standard.hooks.subprocess.SubprocessHook"}
{"timestamp":"2025-07-05T15:39:57.988211","level":"info","event":"25/07/05 15:39:57 INFO DAGScheduler: Job 2 is finished. Cancelling potential speculative or zombie tasks for this job","logger":"airflow.task.hooks.airflow.providers.standard.hooks.subprocess.SubprocessHook"}
{"timestamp":"2025-07-05T15:39:57.988269","level":"info","event":"25/07/05 15:39:57 INFO TaskSchedulerImpl: Killing all running tasks in stage 2: Stage finished","logger":"airflow.task.hooks.airflow.providers.standard.hooks.subprocess.SubprocessHook"}
{"timestamp":"2025-07-05T15:39:57.989981","level":"info","event":"25/07/05 15:39:57 INFO DAGScheduler: Job 2 finished: approxQuantile at NativeMethodAccessorImpl.java:0, took 0.276653 s","logger":"airflow.task.hooks.airflow.providers.standard.hooks.subprocess.SubprocessHook"}
{"timestamp":"2025-07-05T15:39:58.093225","level":"info","event":"25/07/05 15:39:58 INFO FileSourceStrategy: Pushed Filters:","logger":"airflow.task.hooks.airflow.providers.standard.hooks.subprocess.SubprocessHook"}
{"timestamp":"2025-07-05T15:39:58.093924","level":"info","event":"25/07/05 15:39:58 INFO FileSourceStrategy: Post-Scan Filters: ((CASE WHEN isnull(cast(TotalCharges#35 as double)) THEN 0.0 ELSE cast(TotalCharges#35 as double) END < -3927.1499999999996) OR (CASE WHEN isnull(cast(TotalCharges#35 as double)) THEN 0.0 ELSE cast(TotalCharges#35 as double) END > 7662.049999999999))","logger":"airflow.task.hooks.airflow.providers.standard.hooks.subprocess.SubprocessHook"}
{"timestamp":"2025-07-05T15:39:58.094537","level":"info","event":"25/07/05 15:39:58 INFO FileSourceStrategy: Output Data Schema: struct<TotalCharges: string>","logger":"airflow.task.hooks.airflow.providers.standard.hooks.subprocess.SubprocessHook"}
{"timestamp":"2025-07-05T15:39:58.136785","level":"info","event":"25/07/05 15:39:58 INFO CodeGenerator: Code generated in 9.139833 ms","logger":"airflow.task.hooks.airflow.providers.standard.hooks.subprocess.SubprocessHook"}
{"timestamp":"2025-07-05T15:39:58.169967","level":"info","event":"25/07/05 15:39:58 INFO CodeGenerator: Code generated in 22.414375 ms","logger":"airflow.task.hooks.airflow.providers.standard.hooks.subprocess.SubprocessHook"}
{"timestamp":"2025-07-05T15:39:58.173104","level":"info","event":"25/07/05 15:39:58 INFO MemoryStore: Block broadcast_6 stored as values in memory (estimated size 304.2 KiB, free 365.0 MiB)","logger":"airflow.task.hooks.airflow.providers.standard.hooks.subprocess.SubprocessHook"}
{"timestamp":"2025-07-05T15:39:58.185105","level":"info","event":"25/07/05 15:39:58 INFO MemoryStore: Block broadcast_6_piece0 stored as bytes in memory (estimated size 27.6 KiB, free 364.9 MiB)","logger":"airflow.task.hooks.airflow.providers.standard.hooks.subprocess.SubprocessHook"}
{"timestamp":"2025-07-05T15:39:58.185851","level":"info","event":"25/07/05 15:39:58 INFO BlockManagerInfo: Added broadcast_6_piece0 in memory on d4aed7f68172:35461 (size: 27.6 KiB, free: 366.2 MiB)","logger":"airflow.task.hooks.airflow.providers.standard.hooks.subprocess.SubprocessHook"}
{"timestamp":"2025-07-05T15:39:58.186700","level":"info","event":"25/07/05 15:39:58 INFO SparkContext: Created broadcast 6 from count at NativeMethodAccessorImpl.java:0","logger":"airflow.task.hooks.airflow.providers.standard.hooks.subprocess.SubprocessHook"}
{"timestamp":"2025-07-05T15:39:58.187807","level":"info","event":"25/07/05 15:39:58 INFO FileSourceScanExec: Planning scan with bin packing, max size: 4194304 bytes, open cost is considered as scanning 4194304 bytes.","logger":"airflow.task.hooks.airflow.providers.standard.hooks.subprocess.SubprocessHook"}
{"timestamp":"2025-07-05T15:39:58.218906","level":"info","event":"25/07/05 15:39:58 INFO SparkContext: Starting job: count at NativeMethodAccessorImpl.java:0","logger":"airflow.task.hooks.airflow.providers.standard.hooks.subprocess.SubprocessHook"}
{"timestamp":"2025-07-05T15:39:58.220886","level":"info","event":"25/07/05 15:39:58 INFO DAGScheduler: Registering RDD 20 (count at NativeMethodAccessorImpl.java:0) as input to shuffle 0","logger":"airflow.task.hooks.airflow.providers.standard.hooks.subprocess.SubprocessHook"}
{"timestamp":"2025-07-05T15:39:58.222655","level":"info","event":"25/07/05 15:39:58 INFO DAGScheduler: Got job 3 (count at NativeMethodAccessorImpl.java:0) with 1 output partitions","logger":"airflow.task.hooks.airflow.providers.standard.hooks.subprocess.SubprocessHook"}
{"timestamp":"2025-07-05T15:39:58.222763","level":"info","event":"25/07/05 15:39:58 INFO DAGScheduler: Final stage: ResultStage 4 (count at NativeMethodAccessorImpl.java:0)","logger":"airflow.task.hooks.airflow.providers.standard.hooks.subprocess.SubprocessHook"}
{"timestamp":"2025-07-05T15:39:58.222805","level":"info","event":"25/07/05 15:39:58 INFO DAGScheduler: Parents of final stage: List(ShuffleMapStage 3)","logger":"airflow.task.hooks.airflow.providers.standard.hooks.subprocess.SubprocessHook"}
{"timestamp":"2025-07-05T15:39:58.223919","level":"info","event":"25/07/05 15:39:58 INFO DAGScheduler: Missing parents: List(ShuffleMapStage 3)","logger":"airflow.task.hooks.airflow.providers.standard.hooks.subprocess.SubprocessHook"}
{"timestamp":"2025-07-05T15:39:58.225202","level":"info","event":"25/07/05 15:39:58 INFO DAGScheduler: Submitting ShuffleMapStage 3 (MapPartitionsRDD[20] at count at NativeMethodAccessorImpl.java:0), which has no missing parents","logger":"airflow.task.hooks.airflow.providers.standard.hooks.subprocess.SubprocessHook"}
{"timestamp":"2025-07-05T15:39:58.233636","level":"info","event":"25/07/05 15:39:58 INFO MemoryStore: Block broadcast_7 stored as values in memory (estimated size 19.7 KiB, free 364.9 MiB)","logger":"airflow.task.hooks.airflow.providers.standard.hooks.subprocess.SubprocessHook"}
{"timestamp":"2025-07-05T15:39:58.237738","level":"info","event":"25/07/05 15:39:58 INFO MemoryStore: Block broadcast_7_piece0 stored as bytes in memory (estimated size 9.3 KiB, free 364.9 MiB)","logger":"airflow.task.hooks.airflow.providers.standard.hooks.subprocess.SubprocessHook"}
{"timestamp":"2025-07-05T15:39:58.238370","level":"info","event":"25/07/05 15:39:58 INFO BlockManagerInfo: Added broadcast_7_piece0 in memory on d4aed7f68172:35461 (size: 9.3 KiB, free: 366.2 MiB)","logger":"airflow.task.hooks.airflow.providers.standard.hooks.subprocess.SubprocessHook"}
{"timestamp":"2025-07-05T15:39:58.238764","level":"info","event":"25/07/05 15:39:58 INFO SparkContext: Created broadcast 7 from broadcast at DAGScheduler.scala:1383","logger":"airflow.task.hooks.airflow.providers.standard.hooks.subprocess.SubprocessHook"}
{"timestamp":"2025-07-05T15:39:58.240369","level":"info","event":"25/07/05 15:39:58 INFO DAGScheduler: Submitting 1 missing tasks from ShuffleMapStage 3 (MapPartitionsRDD[20] at count at NativeMethodAccessorImpl.java:0) (first 15 tasks are for partitions Vector(0))","logger":"airflow.task.hooks.airflow.providers.standard.hooks.subprocess.SubprocessHook"}
{"timestamp":"2025-07-05T15:39:58.240495","level":"info","event":"25/07/05 15:39:58 INFO TaskSchedulerImpl: Adding task set 3.0 with 1 tasks resource profile 0","logger":"airflow.task.hooks.airflow.providers.standard.hooks.subprocess.SubprocessHook"}
{"timestamp":"2025-07-05T15:39:58.242617","level":"info","event":"25/07/05 15:39:58 INFO TaskSetManager: Starting task 0.0 in stage 3.0 (TID 3) (172.21.0.6, executor 0, partition 0, ANY, 4865 bytes) taskResourceAssignments Map()","logger":"airflow.task.hooks.airflow.providers.standard.hooks.subprocess.SubprocessHook"}
{"timestamp":"2025-07-05T15:39:58.255613","level":"info","event":"25/07/05 15:39:58 INFO BlockManagerInfo: Added broadcast_7_piece0 in memory on 172.21.0.6:34369 (size: 9.3 KiB, free: 366.2 MiB)","logger":"airflow.task.hooks.airflow.providers.standard.hooks.subprocess.SubprocessHook"}
{"timestamp":"2025-07-05T15:39:58.342372","level":"info","event":"25/07/05 15:39:58 INFO BlockManagerInfo: Added broadcast_6_piece0 in memory on 172.21.0.6:34369 (size: 27.6 KiB, free: 366.2 MiB)","logger":"airflow.task.hooks.airflow.providers.standard.hooks.subprocess.SubprocessHook"}
{"timestamp":"2025-07-05T15:39:58.424332","level":"info","event":"25/07/05 15:39:58 INFO TaskSetManager: Finished task 0.0 in stage 3.0 (TID 3) in 183 ms on 172.21.0.6 (executor 0) (1/1)","logger":"airflow.task.hooks.airflow.providers.standard.hooks.subprocess.SubprocessHook"}
{"timestamp":"2025-07-05T15:39:58.424465","level":"info","event":"25/07/05 15:39:58 INFO TaskSchedulerImpl: Removed TaskSet 3.0, whose tasks have all completed, from pool","logger":"airflow.task.hooks.airflow.providers.standard.hooks.subprocess.SubprocessHook"}
{"timestamp":"2025-07-05T15:39:58.425767","level":"info","event":"25/07/05 15:39:58 INFO DAGScheduler: ShuffleMapStage 3 (count at NativeMethodAccessorImpl.java:0) finished in 0.197 s","logger":"airflow.task.hooks.airflow.providers.standard.hooks.subprocess.SubprocessHook"}
{"timestamp":"2025-07-05T15:39:58.426182","level":"info","event":"25/07/05 15:39:58 INFO DAGScheduler: looking for newly runnable stages","logger":"airflow.task.hooks.airflow.providers.standard.hooks.subprocess.SubprocessHook"}
{"timestamp":"2025-07-05T15:39:58.426293","level":"info","event":"25/07/05 15:39:58 INFO DAGScheduler: running: Set()","logger":"airflow.task.hooks.airflow.providers.standard.hooks.subprocess.SubprocessHook"}
{"timestamp":"2025-07-05T15:39:58.426720","level":"info","event":"25/07/05 15:39:58 INFO DAGScheduler: waiting: Set(ResultStage 4)","logger":"airflow.task.hooks.airflow.providers.standard.hooks.subprocess.SubprocessHook"}
{"timestamp":"2025-07-05T15:39:58.427014","level":"info","event":"25/07/05 15:39:58 INFO DAGScheduler: failed: Set()","logger":"airflow.task.hooks.airflow.providers.standard.hooks.subprocess.SubprocessHook"}
{"timestamp":"2025-07-05T15:39:58.429304","level":"info","event":"25/07/05 15:39:58 INFO DAGScheduler: Submitting ResultStage 4 (MapPartitionsRDD[23] at count at NativeMethodAccessorImpl.java:0), which has no missing parents","logger":"airflow.task.hooks.airflow.providers.standard.hooks.subprocess.SubprocessHook"}
{"timestamp":"2025-07-05T15:39:58.434825","level":"info","event":"25/07/05 15:39:58 INFO MemoryStore: Block broadcast_8 stored as values in memory (estimated size 10.1 KiB, free 364.9 MiB)","logger":"airflow.task.hooks.airflow.providers.standard.hooks.subprocess.SubprocessHook"}
{"timestamp":"2025-07-05T15:39:58.438943","level":"info","event":"25/07/05 15:39:58 INFO MemoryStore: Block broadcast_8_piece0 stored as bytes in memory (estimated size 5.0 KiB, free 364.9 MiB)","logger":"airflow.task.hooks.airflow.providers.standard.hooks.subprocess.SubprocessHook"}
{"timestamp":"2025-07-05T15:39:58.439433","level":"info","event":"25/07/05 15:39:58 INFO BlockManagerInfo: Added broadcast_8_piece0 in memory on d4aed7f68172:35461 (size: 5.0 KiB, free: 366.2 MiB)","logger":"airflow.task.hooks.airflow.providers.standard.hooks.subprocess.SubprocessHook"}
{"timestamp":"2025-07-05T15:39:58.440220","level":"info","event":"25/07/05 15:39:58 INFO SparkContext: Created broadcast 8 from broadcast at DAGScheduler.scala:1383","logger":"airflow.task.hooks.airflow.providers.standard.hooks.subprocess.SubprocessHook"}
{"timestamp":"2025-07-05T15:39:58.440539","level":"info","event":"25/07/05 15:39:58 INFO DAGScheduler: Submitting 1 missing tasks from ResultStage 4 (MapPartitionsRDD[23] at count at NativeMethodAccessorImpl.java:0) (first 15 tasks are for partitions Vector(0))","logger":"airflow.task.hooks.airflow.providers.standard.hooks.subprocess.SubprocessHook"}
{"timestamp":"2025-07-05T15:39:58.440633","level":"info","event":"25/07/05 15:39:58 INFO TaskSchedulerImpl: Adding task set 4.0 with 1 tasks resource profile 0","logger":"airflow.task.hooks.airflow.providers.standard.hooks.subprocess.SubprocessHook"}
{"timestamp":"2025-07-05T15:39:58.444355","level":"info","event":"25/07/05 15:39:58 INFO TaskSetManager: Starting task 0.0 in stage 4.0 (TID 4) (172.21.0.6, executor 0, partition 0, NODE_LOCAL, 4457 bytes) taskResourceAssignments Map()","logger":"airflow.task.hooks.airflow.providers.standard.hooks.subprocess.SubprocessHook"}
{"timestamp":"2025-07-05T15:39:58.458581","level":"info","event":"25/07/05 15:39:58 INFO BlockManagerInfo: Added broadcast_8_piece0 in memory on 172.21.0.6:34369 (size: 5.0 KiB, free: 366.2 MiB)","logger":"airflow.task.hooks.airflow.providers.standard.hooks.subprocess.SubprocessHook"}
{"timestamp":"2025-07-05T15:39:58.489186","level":"info","event":"25/07/05 15:39:58 INFO MapOutputTrackerMasterEndpoint: Asked to send map output locations for shuffle 0 to 172.21.0.6:59468","logger":"airflow.task.hooks.airflow.providers.standard.hooks.subprocess.SubprocessHook"}
{"timestamp":"2025-07-05T15:39:58.560775","level":"info","event":"25/07/05 15:39:58 INFO TaskSetManager: Finished task 0.0 in stage 4.0 (TID 4) in 118 ms on 172.21.0.6 (executor 0) (1/1)","logger":"airflow.task.hooks.airflow.providers.standard.hooks.subprocess.SubprocessHook"}
{"timestamp":"2025-07-05T15:39:58.561041","level":"info","event":"25/07/05 15:39:58 INFO TaskSchedulerImpl: Removed TaskSet 4.0, whose tasks have all completed, from pool","logger":"airflow.task.hooks.airflow.providers.standard.hooks.subprocess.SubprocessHook"}
{"timestamp":"2025-07-05T15:39:58.561963","level":"info","event":"25/07/05 15:39:58 INFO DAGScheduler: ResultStage 4 (count at NativeMethodAccessorImpl.java:0) finished in 0.128 s","logger":"airflow.task.hooks.airflow.providers.standard.hooks.subprocess.SubprocessHook"}
{"timestamp":"2025-07-05T15:39:58.562065","level":"info","event":"25/07/05 15:39:58 INFO DAGScheduler: Job 3 is finished. Cancelling potential speculative or zombie tasks for this job","logger":"airflow.task.hooks.airflow.providers.standard.hooks.subprocess.SubprocessHook"}
{"timestamp":"2025-07-05T15:39:58.562106","level":"info","event":"25/07/05 15:39:58 INFO TaskSchedulerImpl: Killing all running tasks in stage 4: Stage finished","logger":"airflow.task.hooks.airflow.providers.standard.hooks.subprocess.SubprocessHook"}
{"timestamp":"2025-07-05T15:39:58.562136","level":"info","event":"25/07/05 15:39:58 INFO DAGScheduler: Job 3 finished: count at NativeMethodAccessorImpl.java:0, took 0.343342 s","logger":"airflow.task.hooks.airflow.providers.standard.hooks.subprocess.SubprocessHook"}
{"timestamp":"2025-07-05T15:39:58.565429","level":"info","event":"Number of outliers in totalcharges: 154","logger":"airflow.task.hooks.airflow.providers.standard.hooks.subprocess.SubprocessHook"}
{"timestamp":"2025-07-05T15:39:58.672890","level":"info","event":"25/07/05 15:39:58 INFO FileSourceStrategy: Pushed Filters:","logger":"airflow.task.hooks.airflow.providers.standard.hooks.subprocess.SubprocessHook"}
{"timestamp":"2025-07-05T15:39:58.673085","level":"info","event":"25/07/05 15:39:58 INFO FileSourceStrategy: Post-Scan Filters:","logger":"airflow.task.hooks.airflow.providers.standard.hooks.subprocess.SubprocessHook"}
{"timestamp":"2025-07-05T15:39:58.673217","level":"info","event":"25/07/05 15:39:58 INFO FileSourceStrategy: Output Data Schema: struct<customerID: string, gender: string, SeniorCitizen: int, Partner: string, Dependents: string ... 19 more fields>","logger":"airflow.task.hooks.airflow.providers.standard.hooks.subprocess.SubprocessHook"}
{"timestamp":"2025-07-05T15:39:58.729343","level":"info","event":"25/07/05 15:39:58 INFO ParquetFileFormat: Using default output committer for Parquet: org.apache.parquet.hadoop.ParquetOutputCommitter","logger":"airflow.task.hooks.airflow.providers.standard.hooks.subprocess.SubprocessHook"}
{"timestamp":"2025-07-05T15:39:58.755731","level":"info","event":"25/07/05 15:39:58 INFO FileOutputCommitter: File Output Committer Algorithm version is 1","logger":"airflow.task.hooks.airflow.providers.standard.hooks.subprocess.SubprocessHook"}
{"timestamp":"2025-07-05T15:39:58.755938","level":"info","event":"25/07/05 15:39:58 INFO FileOutputCommitter: FileOutputCommitter skip cleanup _temporary folders under output directory:false, ignore cleanup failures: false","logger":"airflow.task.hooks.airflow.providers.standard.hooks.subprocess.SubprocessHook"}
{"timestamp":"2025-07-05T15:39:58.756518","level":"info","event":"25/07/05 15:39:58 INFO SQLHadoopMapReduceCommitProtocol: Using user defined output committer class org.apache.parquet.hadoop.ParquetOutputCommitter","logger":"airflow.task.hooks.airflow.providers.standard.hooks.subprocess.SubprocessHook"}
{"timestamp":"2025-07-05T15:39:58.756889","level":"info","event":"25/07/05 15:39:58 INFO FileOutputCommitter: File Output Committer Algorithm version is 1","logger":"airflow.task.hooks.airflow.providers.standard.hooks.subprocess.SubprocessHook"}
{"timestamp":"2025-07-05T15:39:58.756976","level":"info","event":"25/07/05 15:39:58 INFO FileOutputCommitter: FileOutputCommitter skip cleanup _temporary folders under output directory:false, ignore cleanup failures: false","logger":"airflow.task.hooks.airflow.providers.standard.hooks.subprocess.SubprocessHook"}
{"timestamp":"2025-07-05T15:39:58.758477","level":"info","event":"25/07/05 15:39:58 INFO SQLHadoopMapReduceCommitProtocol: Using output committer class org.apache.parquet.hadoop.ParquetOutputCommitter","logger":"airflow.task.hooks.airflow.providers.standard.hooks.subprocess.SubprocessHook"}
{"timestamp":"2025-07-05T15:39:58.802840","level":"info","event":"25/07/05 15:39:58 INFO BlockManagerInfo: Removed broadcast_4_piece0 on d4aed7f68172:35461 in memory (size: 27.6 KiB, free: 366.2 MiB)","logger":"airflow.task.hooks.airflow.providers.standard.hooks.subprocess.SubprocessHook"}
{"timestamp":"2025-07-05T15:39:58.809391","level":"info","event":"25/07/05 15:39:58 INFO BlockManagerInfo: Removed broadcast_4_piece0 on 172.21.0.6:34369 in memory (size: 27.6 KiB, free: 366.2 MiB)","logger":"airflow.task.hooks.airflow.providers.standard.hooks.subprocess.SubprocessHook"}
{"timestamp":"2025-07-05T15:39:58.817521","level":"info","event":"25/07/05 15:39:58 INFO BlockManagerInfo: Removed broadcast_3_piece0 on d4aed7f68172:35461 in memory (size: 8.1 KiB, free: 366.2 MiB)","logger":"airflow.task.hooks.airflow.providers.standard.hooks.subprocess.SubprocessHook"}
{"timestamp":"2025-07-05T15:39:58.820490","level":"info","event":"25/07/05 15:39:58 INFO BlockManagerInfo: Removed broadcast_3_piece0 on 172.21.0.6:34369 in memory (size: 8.1 KiB, free: 366.2 MiB)","logger":"airflow.task.hooks.airflow.providers.standard.hooks.subprocess.SubprocessHook"}
{"timestamp":"2025-07-05T15:39:58.828413","level":"info","event":"25/07/05 15:39:58 INFO BlockManagerInfo: Removed broadcast_1_piece0 on d4aed7f68172:35461 in memory (size: 5.4 KiB, free: 366.2 MiB)","logger":"airflow.task.hooks.airflow.providers.standard.hooks.subprocess.SubprocessHook"}
{"timestamp":"2025-07-05T15:39:58.830692","level":"info","event":"25/07/05 15:39:58 INFO BlockManagerInfo: Removed broadcast_1_piece0 on 172.21.0.6:34369 in memory (size: 5.4 KiB, free: 366.2 MiB)","logger":"airflow.task.hooks.airflow.providers.standard.hooks.subprocess.SubprocessHook"}
{"timestamp":"2025-07-05T15:39:58.837054","level":"info","event":"25/07/05 15:39:58 INFO CodeGenerator: Code generated in 35.31132 ms","logger":"airflow.task.hooks.airflow.providers.standard.hooks.subprocess.SubprocessHook"}
{"timestamp":"2025-07-05T15:39:58.841493","level":"info","event":"25/07/05 15:39:58 INFO BlockManagerInfo: Removed broadcast_6_piece0 on d4aed7f68172:35461 in memory (size: 27.6 KiB, free: 366.2 MiB)","logger":"airflow.task.hooks.airflow.providers.standard.hooks.subprocess.SubprocessHook"}
{"timestamp":"2025-07-05T15:39:58.841724","level":"info","event":"25/07/05 15:39:58 INFO MemoryStore: Block broadcast_9 stored as values in memory (estimated size 304.2 KiB, free 365.0 MiB)","logger":"airflow.task.hooks.airflow.providers.standard.hooks.subprocess.SubprocessHook"}
{"timestamp":"2025-07-05T15:39:58.844754","level":"info","event":"25/07/05 15:39:58 INFO BlockManagerInfo: Removed broadcast_6_piece0 on 172.21.0.6:34369 in memory (size: 27.6 KiB, free: 366.2 MiB)","logger":"airflow.task.hooks.airflow.providers.standard.hooks.subprocess.SubprocessHook"}
{"timestamp":"2025-07-05T15:39:58.850757","level":"info","event":"25/07/05 15:39:58 INFO MemoryStore: Block broadcast_9_piece0 stored as bytes in memory (estimated size 27.6 KiB, free 365.3 MiB)","logger":"airflow.task.hooks.airflow.providers.standard.hooks.subprocess.SubprocessHook"}
{"timestamp":"2025-07-05T15:39:58.852077","level":"info","event":"25/07/05 15:39:58 INFO BlockManagerInfo: Added broadcast_9_piece0 in memory on d4aed7f68172:35461 (size: 27.6 KiB, free: 366.2 MiB)","logger":"airflow.task.hooks.airflow.providers.standard.hooks.subprocess.SubprocessHook"}
{"timestamp":"2025-07-05T15:39:58.853344","level":"info","event":"25/07/05 15:39:58 INFO BlockManagerInfo: Removed broadcast_7_piece0 on d4aed7f68172:35461 in memory (size: 9.3 KiB, free: 366.2 MiB)","logger":"airflow.task.hooks.airflow.providers.standard.hooks.subprocess.SubprocessHook"}
{"timestamp":"2025-07-05T15:39:58.853520","level":"info","event":"25/07/05 15:39:58 INFO SparkContext: Created broadcast 9 from parquet at NativeMethodAccessorImpl.java:0","logger":"airflow.task.hooks.airflow.providers.standard.hooks.subprocess.SubprocessHook"}
{"timestamp":"2025-07-05T15:39:58.855206","level":"info","event":"25/07/05 15:39:58 INFO FileSourceScanExec: Planning scan with bin packing, max size: 4194304 bytes, open cost is considered as scanning 4194304 bytes.","logger":"airflow.task.hooks.airflow.providers.standard.hooks.subprocess.SubprocessHook"}
{"timestamp":"2025-07-05T15:39:58.855388","level":"info","event":"25/07/05 15:39:58 INFO BlockManagerInfo: Removed broadcast_7_piece0 on 172.21.0.6:34369 in memory (size: 9.3 KiB, free: 366.2 MiB)","logger":"airflow.task.hooks.airflow.providers.standard.hooks.subprocess.SubprocessHook"}
{"timestamp":"2025-07-05T15:39:58.863900","level":"info","event":"25/07/05 15:39:58 INFO BlockManagerInfo: Removed broadcast_5_piece0 on d4aed7f68172:35461 in memory (size: 9.8 KiB, free: 366.2 MiB)","logger":"airflow.task.hooks.airflow.providers.standard.hooks.subprocess.SubprocessHook"}
{"timestamp":"2025-07-05T15:39:58.867819","level":"info","event":"25/07/05 15:39:58 INFO BlockManagerInfo: Removed broadcast_5_piece0 on 172.21.0.6:34369 in memory (size: 9.8 KiB, free: 366.2 MiB)","logger":"airflow.task.hooks.airflow.providers.standard.hooks.subprocess.SubprocessHook"}
{"timestamp":"2025-07-05T15:39:58.875076","level":"info","event":"25/07/05 15:39:58 INFO BlockManagerInfo: Removed broadcast_8_piece0 on d4aed7f68172:35461 in memory (size: 5.0 KiB, free: 366.2 MiB)","logger":"airflow.task.hooks.airflow.providers.standard.hooks.subprocess.SubprocessHook"}
{"timestamp":"2025-07-05T15:39:58.877747","level":"info","event":"25/07/05 15:39:58 INFO BlockManagerInfo: Removed broadcast_8_piece0 on 172.21.0.6:34369 in memory (size: 5.0 KiB, free: 366.2 MiB)","logger":"airflow.task.hooks.airflow.providers.standard.hooks.subprocess.SubprocessHook"}
{"timestamp":"2025-07-05T15:39:58.884658","level":"info","event":"25/07/05 15:39:58 INFO SparkContext: Starting job: parquet at NativeMethodAccessorImpl.java:0","logger":"airflow.task.hooks.airflow.providers.standard.hooks.subprocess.SubprocessHook"}
{"timestamp":"2025-07-05T15:39:58.886287","level":"info","event":"25/07/05 15:39:58 INFO DAGScheduler: Got job 4 (parquet at NativeMethodAccessorImpl.java:0) with 1 output partitions","logger":"airflow.task.hooks.airflow.providers.standard.hooks.subprocess.SubprocessHook"}
{"timestamp":"2025-07-05T15:39:58.886565","level":"info","event":"25/07/05 15:39:58 INFO DAGScheduler: Final stage: ResultStage 5 (parquet at NativeMethodAccessorImpl.java:0)","logger":"airflow.task.hooks.airflow.providers.standard.hooks.subprocess.SubprocessHook"}
{"timestamp":"2025-07-05T15:39:58.886758","level":"info","event":"25/07/05 15:39:58 INFO DAGScheduler: Parents of final stage: List()","logger":"airflow.task.hooks.airflow.providers.standard.hooks.subprocess.SubprocessHook"}
{"timestamp":"2025-07-05T15:39:58.886972","level":"info","event":"25/07/05 15:39:58 INFO DAGScheduler: Missing parents: List()","logger":"airflow.task.hooks.airflow.providers.standard.hooks.subprocess.SubprocessHook"}
{"timestamp":"2025-07-05T15:39:58.887123","level":"info","event":"25/07/05 15:39:58 INFO DAGScheduler: Submitting ResultStage 5 (MapPartitionsRDD[26] at parquet at NativeMethodAccessorImpl.java:0), which has no missing parents","logger":"airflow.task.hooks.airflow.providers.standard.hooks.subprocess.SubprocessHook"}
{"timestamp":"2025-07-05T15:39:58.898944","level":"info","event":"25/07/05 15:39:58 INFO MemoryStore: Block broadcast_10 stored as values in memory (estimated size 191.6 KiB, free 365.1 MiB)","logger":"airflow.task.hooks.airflow.providers.standard.hooks.subprocess.SubprocessHook"}
{"timestamp":"2025-07-05T15:39:58.901331","level":"info","event":"25/07/05 15:39:58 INFO MemoryStore: Block broadcast_10_piece0 stored as bytes in memory (estimated size 67.1 KiB, free 365.1 MiB)","logger":"airflow.task.hooks.airflow.providers.standard.hooks.subprocess.SubprocessHook"}
{"timestamp":"2025-07-05T15:39:58.902011","level":"info","event":"25/07/05 15:39:58 INFO BlockManagerInfo: Added broadcast_10_piece0 in memory on d4aed7f68172:35461 (size: 67.1 KiB, free: 366.2 MiB)","logger":"airflow.task.hooks.airflow.providers.standard.hooks.subprocess.SubprocessHook"}
{"timestamp":"2025-07-05T15:39:58.902657","level":"info","event":"25/07/05 15:39:58 INFO SparkContext: Created broadcast 10 from broadcast at DAGScheduler.scala:1383","logger":"airflow.task.hooks.airflow.providers.standard.hooks.subprocess.SubprocessHook"}
{"timestamp":"2025-07-05T15:39:58.903436","level":"info","event":"25/07/05 15:39:58 INFO DAGScheduler: Submitting 1 missing tasks from ResultStage 5 (MapPartitionsRDD[26] at parquet at NativeMethodAccessorImpl.java:0) (first 15 tasks are for partitions Vector(0))","logger":"airflow.task.hooks.airflow.providers.standard.hooks.subprocess.SubprocessHook"}
{"timestamp":"2025-07-05T15:39:58.903524","level":"info","event":"25/07/05 15:39:58 INFO TaskSchedulerImpl: Adding task set 5.0 with 1 tasks resource profile 0","logger":"airflow.task.hooks.airflow.providers.standard.hooks.subprocess.SubprocessHook"}
{"timestamp":"2025-07-05T15:39:58.904718","level":"info","event":"25/07/05 15:39:58 INFO TaskSetManager: Starting task 0.0 in stage 5.0 (TID 5) (172.21.0.6, executor 0, partition 0, ANY, 4876 bytes) taskResourceAssignments Map()","logger":"airflow.task.hooks.airflow.providers.standard.hooks.subprocess.SubprocessHook"}
{"timestamp":"2025-07-05T15:39:58.919780","level":"info","event":"25/07/05 15:39:58 INFO BlockManagerInfo: Added broadcast_10_piece0 in memory on 172.21.0.6:34369 (size: 67.1 KiB, free: 366.2 MiB)","logger":"airflow.task.hooks.airflow.providers.standard.hooks.subprocess.SubprocessHook"}
{"timestamp":"2025-07-05T15:39:59.287991","level":"info","event":"25/07/05 15:39:59 INFO BlockManagerInfo: Added broadcast_9_piece0 in memory on 172.21.0.6:34369 (size: 27.6 KiB, free: 366.2 MiB)","logger":"airflow.task.hooks.airflow.providers.standard.hooks.subprocess.SubprocessHook"}
{"timestamp":"2025-07-05T15:39:59.653910","level":"info","event":"25/07/05 15:39:59 INFO TaskSetManager: Finished task 0.0 in stage 5.0 (TID 5) in 749 ms on 172.21.0.6 (executor 0) (1/1)","logger":"airflow.task.hooks.airflow.providers.standard.hooks.subprocess.SubprocessHook"}
{"timestamp":"2025-07-05T15:39:59.654170","level":"info","event":"25/07/05 15:39:59 INFO TaskSchedulerImpl: Removed TaskSet 5.0, whose tasks have all completed, from pool","logger":"airflow.task.hooks.airflow.providers.standard.hooks.subprocess.SubprocessHook"}
{"timestamp":"2025-07-05T15:39:59.655237","level":"info","event":"25/07/05 15:39:59 INFO DAGScheduler: ResultStage 5 (parquet at NativeMethodAccessorImpl.java:0) finished in 0.765 s","logger":"airflow.task.hooks.airflow.providers.standard.hooks.subprocess.SubprocessHook"}
{"timestamp":"2025-07-05T15:39:59.655433","level":"info","event":"25/07/05 15:39:59 INFO DAGScheduler: Job 4 is finished. Cancelling potential speculative or zombie tasks for this job","logger":"airflow.task.hooks.airflow.providers.standard.hooks.subprocess.SubprocessHook"}
{"timestamp":"2025-07-05T15:39:59.655552","level":"info","event":"25/07/05 15:39:59 INFO TaskSchedulerImpl: Killing all running tasks in stage 5: Stage finished","logger":"airflow.task.hooks.airflow.providers.standard.hooks.subprocess.SubprocessHook"}
{"timestamp":"2025-07-05T15:39:59.656525","level":"info","event":"25/07/05 15:39:59 INFO DAGScheduler: Job 4 finished: parquet at NativeMethodAccessorImpl.java:0, took 0.771636 s","logger":"airflow.task.hooks.airflow.providers.standard.hooks.subprocess.SubprocessHook"}
{"timestamp":"2025-07-05T15:39:59.707360","level":"info","event":"25/07/05 15:39:59 INFO FileFormatWriter: Write Job 89d4bfc2-6185-4343-8d1a-8aabe91d6e0b committed.","logger":"airflow.task.hooks.airflow.providers.standard.hooks.subprocess.SubprocessHook"}
{"timestamp":"2025-07-05T15:39:59.710007","level":"info","event":"25/07/05 15:39:59 INFO FileFormatWriter: Finished processing stats for write job 89d4bfc2-6185-4343-8d1a-8aabe91d6e0b.","logger":"airflow.task.hooks.airflow.providers.standard.hooks.subprocess.SubprocessHook"}
{"timestamp":"2025-07-05T15:40:00.005498","level":"info","event":"25/07/05 15:40:00 INFO FileSourceStrategy: Pushed Filters:","logger":"airflow.task.hooks.airflow.providers.standard.hooks.subprocess.SubprocessHook"}
{"timestamp":"2025-07-05T15:40:00.005704","level":"info","event":"25/07/05 15:40:00 INFO FileSourceStrategy: Post-Scan Filters:","logger":"airflow.task.hooks.airflow.providers.standard.hooks.subprocess.SubprocessHook"}
{"timestamp":"2025-07-05T15:40:00.005784","level":"info","event":"25/07/05 15:40:00 INFO FileSourceStrategy: Output Data Schema: struct<customerID: string, gender: string, SeniorCitizen: int, Partner: string, Dependents: string ... 19 more fields>","logger":"airflow.task.hooks.airflow.providers.standard.hooks.subprocess.SubprocessHook"}
{"timestamp":"2025-07-05T15:40:00.021128","level":"info","event":"25/07/05 15:40:00 INFO MemoryStore: Block broadcast_11 stored as values in memory (estimated size 304.2 KiB, free 364.8 MiB)","logger":"airflow.task.hooks.airflow.providers.standard.hooks.subprocess.SubprocessHook"}
{"timestamp":"2025-07-05T15:40:00.029492","level":"info","event":"25/07/05 15:40:00 INFO MemoryStore: Block broadcast_11_piece0 stored as bytes in memory (estimated size 27.6 KiB, free 364.8 MiB)","logger":"airflow.task.hooks.airflow.providers.standard.hooks.subprocess.SubprocessHook"}
{"timestamp":"2025-07-05T15:40:00.030891","level":"info","event":"25/07/05 15:40:00 INFO BlockManagerInfo: Added broadcast_11_piece0 in memory on d4aed7f68172:35461 (size: 27.6 KiB, free: 366.1 MiB)","logger":"airflow.task.hooks.airflow.providers.standard.hooks.subprocess.SubprocessHook"}
{"timestamp":"2025-07-05T15:40:00.031298","level":"info","event":"25/07/05 15:40:00 INFO SparkContext: Created broadcast 11 from save at NativeMethodAccessorImpl.java:0","logger":"airflow.task.hooks.airflow.providers.standard.hooks.subprocess.SubprocessHook"}
{"timestamp":"2025-07-05T15:40:00.032452","level":"info","event":"25/07/05 15:40:00 INFO FileSourceScanExec: Planning scan with bin packing, max size: 4194304 bytes, open cost is considered as scanning 4194304 bytes.","logger":"airflow.task.hooks.airflow.providers.standard.hooks.subprocess.SubprocessHook"}
{"timestamp":"2025-07-05T15:40:00.069503","level":"info","event":"25/07/05 15:40:00 INFO SparkContext: Starting job: save at NativeMethodAccessorImpl.java:0","logger":"airflow.task.hooks.airflow.providers.standard.hooks.subprocess.SubprocessHook"}
{"timestamp":"2025-07-05T15:40:00.070840","level":"info","event":"25/07/05 15:40:00 INFO DAGScheduler: Got job 5 (save at NativeMethodAccessorImpl.java:0) with 1 output partitions","logger":"airflow.task.hooks.airflow.providers.standard.hooks.subprocess.SubprocessHook"}
{"timestamp":"2025-07-05T15:40:00.071016","level":"info","event":"25/07/05 15:40:00 INFO DAGScheduler: Final stage: ResultStage 6 (save at NativeMethodAccessorImpl.java:0)","logger":"airflow.task.hooks.airflow.providers.standard.hooks.subprocess.SubprocessHook"}
{"timestamp":"2025-07-05T15:40:00.071099","level":"info","event":"25/07/05 15:40:00 INFO DAGScheduler: Parents of final stage: List()","logger":"airflow.task.hooks.airflow.providers.standard.hooks.subprocess.SubprocessHook"}
{"timestamp":"2025-07-05T15:40:00.071157","level":"info","event":"25/07/05 15:40:00 INFO DAGScheduler: Missing parents: List()","logger":"airflow.task.hooks.airflow.providers.standard.hooks.subprocess.SubprocessHook"}
{"timestamp":"2025-07-05T15:40:00.072273","level":"info","event":"25/07/05 15:40:00 INFO DAGScheduler: Submitting ResultStage 6 (MapPartitionsRDD[34] at save at NativeMethodAccessorImpl.java:0), which has no missing parents","logger":"airflow.task.hooks.airflow.providers.standard.hooks.subprocess.SubprocessHook"}
{"timestamp":"2025-07-05T15:40:00.096802","level":"info","event":"25/07/05 15:40:00 INFO MemoryStore: Block broadcast_12 stored as values in memory (estimated size 37.8 KiB, free 364.7 MiB)","logger":"airflow.task.hooks.airflow.providers.standard.hooks.subprocess.SubprocessHook"}
{"timestamp":"2025-07-05T15:40:00.098844","level":"info","event":"25/07/05 15:40:00 INFO MemoryStore: Block broadcast_12_piece0 stored as bytes in memory (estimated size 15.5 KiB, free 364.7 MiB)","logger":"airflow.task.hooks.airflow.providers.standard.hooks.subprocess.SubprocessHook"}
{"timestamp":"2025-07-05T15:40:00.099897","level":"info","event":"25/07/05 15:40:00 INFO BlockManagerInfo: Added broadcast_12_piece0 in memory on d4aed7f68172:35461 (size: 15.5 KiB, free: 366.1 MiB)","logger":"airflow.task.hooks.airflow.providers.standard.hooks.subprocess.SubprocessHook"}
{"timestamp":"2025-07-05T15:40:00.100090","level":"info","event":"25/07/05 15:40:00 INFO SparkContext: Created broadcast 12 from broadcast at DAGScheduler.scala:1383","logger":"airflow.task.hooks.airflow.providers.standard.hooks.subprocess.SubprocessHook"}
{"timestamp":"2025-07-05T15:40:00.100881","level":"info","event":"25/07/05 15:40:00 INFO DAGScheduler: Submitting 1 missing tasks from ResultStage 6 (MapPartitionsRDD[34] at save at NativeMethodAccessorImpl.java:0) (first 15 tasks are for partitions Vector(0))","logger":"airflow.task.hooks.airflow.providers.standard.hooks.subprocess.SubprocessHook"}
{"timestamp":"2025-07-05T15:40:00.101001","level":"info","event":"25/07/05 15:40:00 INFO TaskSchedulerImpl: Adding task set 6.0 with 1 tasks resource profile 0","logger":"airflow.task.hooks.airflow.providers.standard.hooks.subprocess.SubprocessHook"}
{"timestamp":"2025-07-05T15:40:00.102212","level":"info","event":"25/07/05 15:40:00 INFO TaskSetManager: Starting task 0.0 in stage 6.0 (TID 6) (172.21.0.6, executor 0, partition 0, ANY, 4876 bytes) taskResourceAssignments Map()","logger":"airflow.task.hooks.airflow.providers.standard.hooks.subprocess.SubprocessHook"}
{"timestamp":"2025-07-05T15:40:00.115717","level":"info","event":"25/07/05 15:40:00 INFO BlockManagerInfo: Added broadcast_12_piece0 in memory on 172.21.0.6:34369 (size: 15.5 KiB, free: 366.1 MiB)","logger":"airflow.task.hooks.airflow.providers.standard.hooks.subprocess.SubprocessHook"}
{"timestamp":"2025-07-05T15:40:00.475499","level":"info","event":"25/07/05 15:40:00 INFO BlockManagerInfo: Added broadcast_11_piece0 in memory on 172.21.0.6:34369 (size: 27.6 KiB, free: 366.1 MiB)","logger":"airflow.task.hooks.airflow.providers.standard.hooks.subprocess.SubprocessHook"}
{"timestamp":"2025-07-05T15:40:00.667936","level":"info","event":"25/07/05 15:40:00 INFO TaskSetManager: Finished task 0.0 in stage 6.0 (TID 6) in 566 ms on 172.21.0.6 (executor 0) (1/1)","logger":"airflow.task.hooks.airflow.providers.standard.hooks.subprocess.SubprocessHook"}
{"timestamp":"2025-07-05T15:40:00.668149","level":"info","event":"25/07/05 15:40:00 INFO TaskSchedulerImpl: Removed TaskSet 6.0, whose tasks have all completed, from pool","logger":"airflow.task.hooks.airflow.providers.standard.hooks.subprocess.SubprocessHook"}
{"timestamp":"2025-07-05T15:40:00.668539","level":"info","event":"25/07/05 15:40:00 INFO DAGScheduler: ResultStage 6 (save at NativeMethodAccessorImpl.java:0) finished in 0.596 s","logger":"airflow.task.hooks.airflow.providers.standard.hooks.subprocess.SubprocessHook"}
{"timestamp":"2025-07-05T15:40:00.668638","level":"info","event":"25/07/05 15:40:00 INFO DAGScheduler: Job 5 is finished. Cancelling potential speculative or zombie tasks for this job","logger":"airflow.task.hooks.airflow.providers.standard.hooks.subprocess.SubprocessHook"}
{"timestamp":"2025-07-05T15:40:00.668699","level":"info","event":"25/07/05 15:40:00 INFO TaskSchedulerImpl: Killing all running tasks in stage 6: Stage finished","logger":"airflow.task.hooks.airflow.providers.standard.hooks.subprocess.SubprocessHook"}
{"timestamp":"2025-07-05T15:40:00.668848","level":"info","event":"25/07/05 15:40:00 INFO DAGScheduler: Job 5 finished: save at NativeMethodAccessorImpl.java:0, took 0.599605 s","logger":"airflow.task.hooks.airflow.providers.standard.hooks.subprocess.SubprocessHook"}
{"timestamp":"2025-07-05T15:40:00.727122","level":"info","event":"The Cleaning is done!","logger":"airflow.task.hooks.airflow.providers.standard.hooks.subprocess.SubprocessHook"}
{"timestamp":"2025-07-05T15:40:00.753863","level":"info","event":"25/07/05 15:40:00 INFO SparkContext: Invoking stop() from shutdown hook","logger":"airflow.task.hooks.airflow.providers.standard.hooks.subprocess.SubprocessHook"}
{"timestamp":"2025-07-05T15:40:00.762026","level":"info","event":"25/07/05 15:40:00 INFO SparkUI: Stopped Spark web UI at http://d4aed7f68172:4040","logger":"airflow.task.hooks.airflow.providers.standard.hooks.subprocess.SubprocessHook"}
{"timestamp":"2025-07-05T15:40:00.764451","level":"info","event":"25/07/05 15:40:00 INFO StandaloneSchedulerBackend: Shutting down all executors","logger":"airflow.task.hooks.airflow.providers.standard.hooks.subprocess.SubprocessHook"}
{"timestamp":"2025-07-05T15:40:00.764856","level":"info","event":"25/07/05 15:40:00 INFO CoarseGrainedSchedulerBackend$DriverEndpoint: Asking each executor to shut down","logger":"airflow.task.hooks.airflow.providers.standard.hooks.subprocess.SubprocessHook"}
{"timestamp":"2025-07-05T15:40:00.779963","level":"info","event":"25/07/05 15:40:00 INFO MapOutputTrackerMasterEndpoint: MapOutputTrackerMasterEndpoint stopped!","logger":"airflow.task.hooks.airflow.providers.standard.hooks.subprocess.SubprocessHook"}
{"timestamp":"2025-07-05T15:40:00.796533","level":"info","event":"25/07/05 15:40:00 INFO MemoryStore: MemoryStore cleared","logger":"airflow.task.hooks.airflow.providers.standard.hooks.subprocess.SubprocessHook"}
{"timestamp":"2025-07-05T15:40:00.796877","level":"info","event":"25/07/05 15:40:00 INFO BlockManager: BlockManager stopped","logger":"airflow.task.hooks.airflow.providers.standard.hooks.subprocess.SubprocessHook"}
{"timestamp":"2025-07-05T15:40:00.805761","level":"info","event":"25/07/05 15:40:00 INFO BlockManagerMaster: BlockManagerMaster stopped","logger":"airflow.task.hooks.airflow.providers.standard.hooks.subprocess.SubprocessHook"}
{"timestamp":"2025-07-05T15:40:00.806928","level":"info","event":"25/07/05 15:40:00 INFO OutputCommitCoordinator$OutputCommitCoordinatorEndpoint: OutputCommitCoordinator stopped!","logger":"airflow.task.hooks.airflow.providers.standard.hooks.subprocess.SubprocessHook"}
{"timestamp":"2025-07-05T15:40:00.815333","level":"info","event":"25/07/05 15:40:00 INFO SparkContext: Successfully stopped SparkContext","logger":"airflow.task.hooks.airflow.providers.standard.hooks.subprocess.SubprocessHook"}
{"timestamp":"2025-07-05T15:40:00.815495","level":"info","event":"25/07/05 15:40:00 INFO ShutdownHookManager: Shutdown hook called","logger":"airflow.task.hooks.airflow.providers.standard.hooks.subprocess.SubprocessHook"}
{"timestamp":"2025-07-05T15:40:00.815924","level":"info","event":"25/07/05 15:40:00 INFO ShutdownHookManager: Deleting directory /tmp/spark-79881838-dcf6-432b-8864-89737780264e","logger":"airflow.task.hooks.airflow.providers.standard.hooks.subprocess.SubprocessHook"}
{"timestamp":"2025-07-05T15:40:00.820134","level":"info","event":"25/07/05 15:40:00 INFO ShutdownHookManager: Deleting directory /tmp/spark-79881838-dcf6-432b-8864-89737780264e/pyspark-ccd95c46-649a-405c-a1d1-1c5bc0bdbe9d","logger":"airflow.task.hooks.airflow.providers.standard.hooks.subprocess.SubprocessHook"}
{"timestamp":"2025-07-05T15:40:00.823140","level":"info","event":"25/07/05 15:40:00 INFO ShutdownHookManager: Deleting directory /tmp/spark-d2bdd26c-5b3c-4a47-a5a8-e1e311f573d0","logger":"airflow.task.hooks.airflow.providers.standard.hooks.subprocess.SubprocessHook"}
{"timestamp":"2025-07-05T15:40:00.993614","level":"info","event":"Command exited with return code 0","logger":"airflow.task.hooks.airflow.providers.standard.hooks.subprocess.SubprocessHook"}
{"timestamp":"2025-07-05T15:40:00.994214","level":"info","event":"Pushing xcom","ti":"RuntimeTaskInstance(id=UUID('0197db37-c8cb-7b76-9094-0fe6f8eace2c'), task_id='run_spark_cleaning_and_upload', dag_id='telco_to_hdfs_dag', run_id='manual__2025-07-05T15:32:35.639117+00:00', try_number=2, map_index=-1, hostname='5986b2597cca', context_carrier=None, task=<Task(BashOperator): run_spark_cleaning_and_upload>, bundle_instance=LocalDagBundle(name=dags-folder), max_tries=0, start_date=datetime.datetime(2025, 7, 5, 15, 39, 48, 197363, tzinfo=TzInfo(UTC)), end_date=None, is_mapped=False)","logger":"task"}
