{"timestamp":"2025-06-30T23:25:46.930452","level":"info","event":"DAG bundles loaded: dags-folder","logger":"airflow.dag_processing.bundles.manager.DagBundlesManager"}
{"timestamp":"2025-06-30T23:25:46.930876","level":"info","event":"Filling up the DagBag from /opt/airflow/dags/telco_to_hdfs_dag.py","logger":"airflow.models.dagbag.DagBag"}
{"timestamp":"2025-06-30T23:25:46.947232","level":"info","event":"Tmp dir root location: /tmp","logger":"airflow.task.hooks.airflow.providers.standard.hooks.subprocess.SubprocessHook"}
{"timestamp":"2025-06-30T23:25:46.947734","level":"info","event":"Running command: ['/usr/bin/bash', '-c', 'docker exec spark-master /spark/bin/spark-submit /opt/spark-apps/get_clean.py']","logger":"airflow.task.hooks.airflow.providers.standard.hooks.subprocess.SubprocessHook"}
{"timestamp":"2025-06-30T23:25:46.953764","level":"info","event":"Output:","logger":"airflow.task.hooks.airflow.providers.standard.hooks.subprocess.SubprocessHook"}
{"timestamp":"2025-06-30T23:25:48.280078","level":"info","event":"25/06/30 23:25:48 WARN NativeCodeLoader: Unable to load native-hadoop library for your platform... using builtin-java classes where applicable","logger":"airflow.task.hooks.airflow.providers.standard.hooks.subprocess.SubprocessHook"}
{"timestamp":"2025-06-30T23:25:48.846882","level":"info","event":"Using Spark's default log4j profile: org/apache/spark/log4j-defaults.properties","logger":"airflow.task.hooks.airflow.providers.standard.hooks.subprocess.SubprocessHook"}
{"timestamp":"2025-06-30T23:25:48.855842","level":"info","event":"25/06/30 23:25:48 INFO SparkContext: Running Spark version 3.1.1","logger":"airflow.task.hooks.airflow.providers.standard.hooks.subprocess.SubprocessHook"}
{"timestamp":"2025-06-30T23:25:48.894776","level":"info","event":"25/06/30 23:25:48 INFO ResourceUtils: ==============================================================","logger":"airflow.task.hooks.airflow.providers.standard.hooks.subprocess.SubprocessHook"}
{"timestamp":"2025-06-30T23:25:48.894935","level":"info","event":"25/06/30 23:25:48 INFO ResourceUtils: No custom resources configured for spark.driver.","logger":"airflow.task.hooks.airflow.providers.standard.hooks.subprocess.SubprocessHook"}
{"timestamp":"2025-06-30T23:25:48.895011","level":"info","event":"25/06/30 23:25:48 INFO ResourceUtils: ==============================================================","logger":"airflow.task.hooks.airflow.providers.standard.hooks.subprocess.SubprocessHook"}
{"timestamp":"2025-06-30T23:25:48.895742","level":"info","event":"25/06/30 23:25:48 INFO SparkContext: Submitted application: TelcoExploration","logger":"airflow.task.hooks.airflow.providers.standard.hooks.subprocess.SubprocessHook"}
{"timestamp":"2025-06-30T23:25:48.916672","level":"info","event":"25/06/30 23:25:48 INFO ResourceProfile: Default ResourceProfile created, executor resources: Map(cores -> name: cores, amount: 1, script: , vendor: , memory -> name: memory, amount: 1024, script: , vendor: , offHeap -> name: offHeap, amount: 0, script: , vendor: ), task resources: Map(cpus -> name: cpus, amount: 1.0)","logger":"airflow.task.hooks.airflow.providers.standard.hooks.subprocess.SubprocessHook"}
{"timestamp":"2025-06-30T23:25:48.931858","level":"info","event":"25/06/30 23:25:48 INFO ResourceProfile: Limiting resource is cpu","logger":"airflow.task.hooks.airflow.providers.standard.hooks.subprocess.SubprocessHook"}
{"timestamp":"2025-06-30T23:25:48.932336","level":"info","event":"25/06/30 23:25:48 INFO ResourceProfileManager: Added ResourceProfile id: 0","logger":"airflow.task.hooks.airflow.providers.standard.hooks.subprocess.SubprocessHook"}
{"timestamp":"2025-06-30T23:25:48.978411","level":"info","event":"25/06/30 23:25:48 INFO SecurityManager: Changing view acls to: root","logger":"airflow.task.hooks.airflow.providers.standard.hooks.subprocess.SubprocessHook"}
{"timestamp":"2025-06-30T23:25:48.978528","level":"info","event":"25/06/30 23:25:48 INFO SecurityManager: Changing modify acls to: root","logger":"airflow.task.hooks.airflow.providers.standard.hooks.subprocess.SubprocessHook"}
{"timestamp":"2025-06-30T23:25:48.978692","level":"info","event":"25/06/30 23:25:48 INFO SecurityManager: Changing view acls groups to:","logger":"airflow.task.hooks.airflow.providers.standard.hooks.subprocess.SubprocessHook"}
{"timestamp":"2025-06-30T23:25:48.979044","level":"info","event":"25/06/30 23:25:48 INFO SecurityManager: Changing modify acls groups to:","logger":"airflow.task.hooks.airflow.providers.standard.hooks.subprocess.SubprocessHook"}
{"timestamp":"2025-06-30T23:25:48.979306","level":"info","event":"25/06/30 23:25:48 INFO SecurityManager: SecurityManager: authentication disabled; ui acls disabled; users  with view permissions: Set(root); groups with view permissions: Set(); users  with modify permissions: Set(root); groups with modify permissions: Set()","logger":"airflow.task.hooks.airflow.providers.standard.hooks.subprocess.SubprocessHook"}
{"timestamp":"2025-06-30T23:25:49.177195","level":"info","event":"25/06/30 23:25:49 INFO Utils: Successfully started service 'sparkDriver' on port 42917.","logger":"airflow.task.hooks.airflow.providers.standard.hooks.subprocess.SubprocessHook"}
{"timestamp":"2025-06-30T23:25:49.208126","level":"info","event":"25/06/30 23:25:49 INFO SparkEnv: Registering MapOutputTracker","logger":"airflow.task.hooks.airflow.providers.standard.hooks.subprocess.SubprocessHook"}
{"timestamp":"2025-06-30T23:25:49.235750","level":"info","event":"25/06/30 23:25:49 INFO SparkEnv: Registering BlockManagerMaster","logger":"airflow.task.hooks.airflow.providers.standard.hooks.subprocess.SubprocessHook"}
{"timestamp":"2025-06-30T23:25:49.254661","level":"info","event":"25/06/30 23:25:49 INFO BlockManagerMasterEndpoint: Using org.apache.spark.storage.DefaultTopologyMapper for getting topology information","logger":"airflow.task.hooks.airflow.providers.standard.hooks.subprocess.SubprocessHook"}
{"timestamp":"2025-06-30T23:25:49.254776","level":"info","event":"25/06/30 23:25:49 INFO BlockManagerMasterEndpoint: BlockManagerMasterEndpoint up","logger":"airflow.task.hooks.airflow.providers.standard.hooks.subprocess.SubprocessHook"}
{"timestamp":"2025-06-30T23:25:49.258475","level":"info","event":"25/06/30 23:25:49 INFO SparkEnv: Registering BlockManagerMasterHeartbeat","logger":"airflow.task.hooks.airflow.providers.standard.hooks.subprocess.SubprocessHook"}
{"timestamp":"2025-06-30T23:25:49.270541","level":"info","event":"25/06/30 23:25:49 INFO DiskBlockManager: Created local directory at /tmp/blockmgr-a06949ce-602e-4ac7-a525-36cd9e276fec","logger":"airflow.task.hooks.airflow.providers.standard.hooks.subprocess.SubprocessHook"}
{"timestamp":"2025-06-30T23:25:49.290755","level":"info","event":"25/06/30 23:25:49 INFO MemoryStore: MemoryStore started with capacity 366.3 MiB","logger":"airflow.task.hooks.airflow.providers.standard.hooks.subprocess.SubprocessHook"}
{"timestamp":"2025-06-30T23:25:49.305868","level":"info","event":"25/06/30 23:25:49 INFO SparkEnv: Registering OutputCommitCoordinator","logger":"airflow.task.hooks.airflow.providers.standard.hooks.subprocess.SubprocessHook"}
{"timestamp":"2025-06-30T23:25:49.526808","level":"info","event":"25/06/30 23:25:49 INFO Utils: Successfully started service 'SparkUI' on port 4040.","logger":"airflow.task.hooks.airflow.providers.standard.hooks.subprocess.SubprocessHook"}
{"timestamp":"2025-06-30T23:25:49.588197","level":"info","event":"25/06/30 23:25:49 INFO SparkUI: Bound SparkUI to 0.0.0.0, and started at http://a5088bcdb211:4040","logger":"airflow.task.hooks.airflow.providers.standard.hooks.subprocess.SubprocessHook"}
{"timestamp":"2025-06-30T23:25:49.805581","level":"info","event":"25/06/30 23:25:49 INFO StandaloneAppClient$ClientEndpoint: Connecting to master spark://spark-master:7077...","logger":"airflow.task.hooks.airflow.providers.standard.hooks.subprocess.SubprocessHook"}
{"timestamp":"2025-06-30T23:25:49.853778","level":"info","event":"25/06/30 23:25:49 INFO TransportClientFactory: Successfully created connection to spark-master/172.21.0.4:7077 after 29 ms (0 ms spent in bootstraps)","logger":"airflow.task.hooks.airflow.providers.standard.hooks.subprocess.SubprocessHook"}
{"timestamp":"2025-06-30T23:25:49.988334","level":"info","event":"25/06/30 23:25:49 INFO StandaloneSchedulerBackend: Connected to Spark cluster with app ID app-20250630232549-0000","logger":"airflow.task.hooks.airflow.providers.standard.hooks.subprocess.SubprocessHook"}
{"timestamp":"2025-06-30T23:25:49.995322","level":"info","event":"25/06/30 23:25:49 INFO Utils: Successfully started service 'org.apache.spark.network.netty.NettyBlockTransferService' on port 43743.","logger":"airflow.task.hooks.airflow.providers.standard.hooks.subprocess.SubprocessHook"}
{"timestamp":"2025-06-30T23:25:49.995520","level":"info","event":"25/06/30 23:25:49 INFO NettyBlockTransferService: Server created on a5088bcdb211:43743","logger":"airflow.task.hooks.airflow.providers.standard.hooks.subprocess.SubprocessHook"}
{"timestamp":"2025-06-30T23:25:49.997150","level":"info","event":"25/06/30 23:25:49 INFO BlockManager: Using org.apache.spark.storage.RandomBlockReplicationPolicy for block replication policy","logger":"airflow.task.hooks.airflow.providers.standard.hooks.subprocess.SubprocessHook"}
{"timestamp":"2025-06-30T23:25:50.005638","level":"info","event":"25/06/30 23:25:50 INFO BlockManagerMaster: Registering BlockManager BlockManagerId(driver, a5088bcdb211, 43743, None)","logger":"airflow.task.hooks.airflow.providers.standard.hooks.subprocess.SubprocessHook"}
{"timestamp":"2025-06-30T23:25:50.008814","level":"info","event":"25/06/30 23:25:50 INFO BlockManagerMasterEndpoint: Registering block manager a5088bcdb211:43743 with 366.3 MiB RAM, BlockManagerId(driver, a5088bcdb211, 43743, None)","logger":"airflow.task.hooks.airflow.providers.standard.hooks.subprocess.SubprocessHook"}
{"timestamp":"2025-06-30T23:25:50.011526","level":"info","event":"25/06/30 23:25:50 INFO BlockManagerMaster: Registered BlockManager BlockManagerId(driver, a5088bcdb211, 43743, None)","logger":"airflow.task.hooks.airflow.providers.standard.hooks.subprocess.SubprocessHook"}
{"timestamp":"2025-06-30T23:25:50.012546","level":"info","event":"25/06/30 23:25:50 INFO BlockManager: Initialized BlockManager: BlockManagerId(driver, a5088bcdb211, 43743, None)","logger":"airflow.task.hooks.airflow.providers.standard.hooks.subprocess.SubprocessHook"}
{"timestamp":"2025-06-30T23:25:50.020843","level":"info","event":"25/06/30 23:25:50 INFO StandaloneAppClient$ClientEndpoint: Executor added: app-20250630232549-0000/0 on worker-20250630232508-172.21.0.6-34681 (172.21.0.6:34681) with 12 core(s)","logger":"airflow.task.hooks.airflow.providers.standard.hooks.subprocess.SubprocessHook"}
{"timestamp":"2025-06-30T23:25:50.022276","level":"info","event":"25/06/30 23:25:50 INFO StandaloneSchedulerBackend: Granted executor ID app-20250630232549-0000/0 on hostPort 172.21.0.6:34681 with 12 core(s), 1024.0 MiB RAM","logger":"airflow.task.hooks.airflow.providers.standard.hooks.subprocess.SubprocessHook"}
{"timestamp":"2025-06-30T23:25:50.172346","level":"info","event":"25/06/30 23:25:50 INFO StandaloneAppClient$ClientEndpoint: Executor updated: app-20250630232549-0000/0 is now RUNNING","logger":"airflow.task.hooks.airflow.providers.standard.hooks.subprocess.SubprocessHook"}
{"timestamp":"2025-06-30T23:25:50.190542","level":"info","event":"25/06/30 23:25:50 INFO StandaloneSchedulerBackend: SchedulerBackend is ready for scheduling beginning after reached minRegisteredResourcesRatio: 0.0","logger":"airflow.task.hooks.airflow.providers.standard.hooks.subprocess.SubprocessHook"}
{"timestamp":"2025-06-30T23:25:50.437773","level":"info","event":"25/06/30 23:25:50 INFO SharedState: Setting hive.metastore.warehouse.dir ('null') to the value of spark.sql.warehouse.dir ('file:/spark-warehouse').","logger":"airflow.task.hooks.airflow.providers.standard.hooks.subprocess.SubprocessHook"}
{"timestamp":"2025-06-30T23:25:50.437956","level":"info","event":"25/06/30 23:25:50 INFO SharedState: Warehouse path is 'file:/spark-warehouse'.","logger":"airflow.task.hooks.airflow.providers.standard.hooks.subprocess.SubprocessHook"}
{"timestamp":"2025-06-30T23:25:51.755076","level":"info","event":"25/06/30 23:25:51 INFO InMemoryFileIndex: It took 77 ms to list leaf files for 1 paths.","logger":"airflow.task.hooks.airflow.providers.standard.hooks.subprocess.SubprocessHook"}
{"timestamp":"2025-06-30T23:25:51.818961","level":"info","event":"25/06/30 23:25:51 INFO InMemoryFileIndex: It took 5 ms to list leaf files for 1 paths.","logger":"airflow.task.hooks.airflow.providers.standard.hooks.subprocess.SubprocessHook"}
{"timestamp":"2025-06-30T23:25:52.112067","level":"info","event":"25/06/30 23:25:52 INFO CoarseGrainedSchedulerBackend$DriverEndpoint: Registered executor NettyRpcEndpointRef(spark-client://Executor) (172.21.0.6:34306) with ID 0,  ResourceProfileId 0","logger":"airflow.task.hooks.airflow.providers.standard.hooks.subprocess.SubprocessHook"}
{"timestamp":"2025-06-30T23:25:52.225744","level":"info","event":"25/06/30 23:25:52 INFO BlockManagerMasterEndpoint: Registering block manager 172.21.0.6:38347 with 366.3 MiB RAM, BlockManagerId(0, 172.21.0.6, 38347, None)","logger":"airflow.task.hooks.airflow.providers.standard.hooks.subprocess.SubprocessHook"}
{"timestamp":"2025-06-30T23:25:53.524868","level":"info","event":"25/06/30 23:25:53 INFO FileSourceStrategy: Pushed Filters:","logger":"airflow.task.hooks.airflow.providers.standard.hooks.subprocess.SubprocessHook"}
{"timestamp":"2025-06-30T23:25:53.529881","level":"info","event":"25/06/30 23:25:53 INFO FileSourceStrategy: Post-Scan Filters: (length(trim(value#0, None)) > 0)","logger":"airflow.task.hooks.airflow.providers.standard.hooks.subprocess.SubprocessHook"}
{"timestamp":"2025-06-30T23:25:53.534338","level":"info","event":"25/06/30 23:25:53 INFO FileSourceStrategy: Output Data Schema: struct<value: string>","logger":"airflow.task.hooks.airflow.providers.standard.hooks.subprocess.SubprocessHook"}
{"timestamp":"2025-06-30T23:25:54.258450","level":"info","event":"25/06/30 23:25:54 INFO CodeGenerator: Code generated in 302.279839 ms","logger":"airflow.task.hooks.airflow.providers.standard.hooks.subprocess.SubprocessHook"}
{"timestamp":"2025-06-30T23:25:54.320115","level":"info","event":"25/06/30 23:25:54 INFO MemoryStore: Block broadcast_0 stored as values in memory (estimated size 303.8 KiB, free 366.0 MiB)","logger":"airflow.task.hooks.airflow.providers.standard.hooks.subprocess.SubprocessHook"}
{"timestamp":"2025-06-30T23:25:54.376355","level":"info","event":"25/06/30 23:25:54 INFO MemoryStore: Block broadcast_0_piece0 stored as bytes in memory (estimated size 27.5 KiB, free 366.0 MiB)","logger":"airflow.task.hooks.airflow.providers.standard.hooks.subprocess.SubprocessHook"}
{"timestamp":"2025-06-30T23:25:54.379013","level":"info","event":"25/06/30 23:25:54 INFO BlockManagerInfo: Added broadcast_0_piece0 in memory on a5088bcdb211:43743 (size: 27.5 KiB, free: 366.3 MiB)","logger":"airflow.task.hooks.airflow.providers.standard.hooks.subprocess.SubprocessHook"}
{"timestamp":"2025-06-30T23:25:54.382655","level":"info","event":"25/06/30 23:25:54 INFO SparkContext: Created broadcast 0 from csv at NativeMethodAccessorImpl.java:0","logger":"airflow.task.hooks.airflow.providers.standard.hooks.subprocess.SubprocessHook"}
{"timestamp":"2025-06-30T23:25:54.390573","level":"info","event":"25/06/30 23:25:54 INFO FileSourceScanExec: Planning scan with bin packing, max size: 4194304 bytes, open cost is considered as scanning 4194304 bytes.","logger":"airflow.task.hooks.airflow.providers.standard.hooks.subprocess.SubprocessHook"}
{"timestamp":"2025-06-30T23:25:54.487239","level":"info","event":"25/06/30 23:25:54 INFO SparkContext: Starting job: csv at NativeMethodAccessorImpl.java:0","logger":"airflow.task.hooks.airflow.providers.standard.hooks.subprocess.SubprocessHook"}
{"timestamp":"2025-06-30T23:25:54.500819","level":"info","event":"25/06/30 23:25:54 INFO DAGScheduler: Got job 0 (csv at NativeMethodAccessorImpl.java:0) with 1 output partitions","logger":"airflow.task.hooks.airflow.providers.standard.hooks.subprocess.SubprocessHook"}
{"timestamp":"2025-06-30T23:25:54.501083","level":"info","event":"25/06/30 23:25:54 INFO DAGScheduler: Final stage: ResultStage 0 (csv at NativeMethodAccessorImpl.java:0)","logger":"airflow.task.hooks.airflow.providers.standard.hooks.subprocess.SubprocessHook"}
{"timestamp":"2025-06-30T23:25:54.501485","level":"info","event":"25/06/30 23:25:54 INFO DAGScheduler: Parents of final stage: List()","logger":"airflow.task.hooks.airflow.providers.standard.hooks.subprocess.SubprocessHook"}
{"timestamp":"2025-06-30T23:25:54.504091","level":"info","event":"25/06/30 23:25:54 INFO DAGScheduler: Missing parents: List()","logger":"airflow.task.hooks.airflow.providers.standard.hooks.subprocess.SubprocessHook"}
{"timestamp":"2025-06-30T23:25:54.510422","level":"info","event":"25/06/30 23:25:54 INFO DAGScheduler: Submitting ResultStage 0 (MapPartitionsRDD[3] at csv at NativeMethodAccessorImpl.java:0), which has no missing parents","logger":"airflow.task.hooks.airflow.providers.standard.hooks.subprocess.SubprocessHook"}
{"timestamp":"2025-06-30T23:25:54.569495","level":"info","event":"25/06/30 23:25:54 INFO MemoryStore: Block broadcast_1 stored as values in memory (estimated size 10.8 KiB, free 366.0 MiB)","logger":"airflow.task.hooks.airflow.providers.standard.hooks.subprocess.SubprocessHook"}
{"timestamp":"2025-06-30T23:25:54.571823","level":"info","event":"25/06/30 23:25:54 INFO MemoryStore: Block broadcast_1_piece0 stored as bytes in memory (estimated size 5.4 KiB, free 366.0 MiB)","logger":"airflow.task.hooks.airflow.providers.standard.hooks.subprocess.SubprocessHook"}
{"timestamp":"2025-06-30T23:25:54.572276","level":"info","event":"25/06/30 23:25:54 INFO BlockManagerInfo: Added broadcast_1_piece0 in memory on a5088bcdb211:43743 (size: 5.4 KiB, free: 366.3 MiB)","logger":"airflow.task.hooks.airflow.providers.standard.hooks.subprocess.SubprocessHook"}
{"timestamp":"2025-06-30T23:25:54.573058","level":"info","event":"25/06/30 23:25:54 INFO SparkContext: Created broadcast 1 from broadcast at DAGScheduler.scala:1383","logger":"airflow.task.hooks.airflow.providers.standard.hooks.subprocess.SubprocessHook"}
{"timestamp":"2025-06-30T23:25:54.585982","level":"info","event":"25/06/30 23:25:54 INFO DAGScheduler: Submitting 1 missing tasks from ResultStage 0 (MapPartitionsRDD[3] at csv at NativeMethodAccessorImpl.java:0) (first 15 tasks are for partitions Vector(0))","logger":"airflow.task.hooks.airflow.providers.standard.hooks.subprocess.SubprocessHook"}
{"timestamp":"2025-06-30T23:25:54.586805","level":"info","event":"25/06/30 23:25:54 INFO TaskSchedulerImpl: Adding task set 0.0 with 1 tasks resource profile 0","logger":"airflow.task.hooks.airflow.providers.standard.hooks.subprocess.SubprocessHook"}
{"timestamp":"2025-06-30T23:25:54.622084","level":"info","event":"25/06/30 23:25:54 INFO TaskSetManager: Starting task 0.0 in stage 0.0 (TID 0) (172.21.0.6, executor 0, partition 0, ANY, 4876 bytes) taskResourceAssignments Map()","logger":"airflow.task.hooks.airflow.providers.standard.hooks.subprocess.SubprocessHook"}
{"timestamp":"2025-06-30T23:25:54.855987","level":"info","event":"25/06/30 23:25:54 INFO BlockManagerInfo: Added broadcast_1_piece0 in memory on 172.21.0.6:38347 (size: 5.4 KiB, free: 366.3 MiB)","logger":"airflow.task.hooks.airflow.providers.standard.hooks.subprocess.SubprocessHook"}
{"timestamp":"2025-06-30T23:25:55.757619","level":"info","event":"25/06/30 23:25:55 INFO BlockManagerInfo: Added broadcast_0_piece0 in memory on 172.21.0.6:38347 (size: 27.5 KiB, free: 366.3 MiB)","logger":"airflow.task.hooks.airflow.providers.standard.hooks.subprocess.SubprocessHook"}
{"timestamp":"2025-06-30T23:25:56.556211","level":"info","event":"25/06/30 23:25:56 INFO TaskSetManager: Finished task 0.0 in stage 0.0 (TID 0) in 1943 ms on 172.21.0.6 (executor 0) (1/1)","logger":"airflow.task.hooks.airflow.providers.standard.hooks.subprocess.SubprocessHook"}
{"timestamp":"2025-06-30T23:25:56.557912","level":"info","event":"25/06/30 23:25:56 INFO TaskSchedulerImpl: Removed TaskSet 0.0, whose tasks have all completed, from pool","logger":"airflow.task.hooks.airflow.providers.standard.hooks.subprocess.SubprocessHook"}
{"timestamp":"2025-06-30T23:25:56.563411","level":"info","event":"25/06/30 23:25:56 INFO DAGScheduler: ResultStage 0 (csv at NativeMethodAccessorImpl.java:0) finished in 2.035 s","logger":"airflow.task.hooks.airflow.providers.standard.hooks.subprocess.SubprocessHook"}
{"timestamp":"2025-06-30T23:25:56.565933","level":"info","event":"25/06/30 23:25:56 INFO DAGScheduler: Job 0 is finished. Cancelling potential speculative or zombie tasks for this job","logger":"airflow.task.hooks.airflow.providers.standard.hooks.subprocess.SubprocessHook"}
{"timestamp":"2025-06-30T23:25:56.566128","level":"info","event":"25/06/30 23:25:56 INFO TaskSchedulerImpl: Killing all running tasks in stage 0: Stage finished","logger":"airflow.task.hooks.airflow.providers.standard.hooks.subprocess.SubprocessHook"}
{"timestamp":"2025-06-30T23:25:56.568254","level":"info","event":"25/06/30 23:25:56 INFO DAGScheduler: Job 0 finished: csv at NativeMethodAccessorImpl.java:0, took 2.080822 s","logger":"airflow.task.hooks.airflow.providers.standard.hooks.subprocess.SubprocessHook"}
{"timestamp":"2025-06-30T23:25:56.589423","level":"info","event":"25/06/30 23:25:56 INFO CodeGenerator: Code generated in 11.637551 ms","logger":"airflow.task.hooks.airflow.providers.standard.hooks.subprocess.SubprocessHook"}
{"timestamp":"2025-06-30T23:25:56.632288","level":"info","event":"25/06/30 23:25:56 INFO FileSourceStrategy: Pushed Filters:","logger":"airflow.task.hooks.airflow.providers.standard.hooks.subprocess.SubprocessHook"}
{"timestamp":"2025-06-30T23:25:56.632450","level":"info","event":"25/06/30 23:25:56 INFO FileSourceStrategy: Post-Scan Filters:","logger":"airflow.task.hooks.airflow.providers.standard.hooks.subprocess.SubprocessHook"}
{"timestamp":"2025-06-30T23:25:56.632502","level":"info","event":"25/06/30 23:25:56 INFO FileSourceStrategy: Output Data Schema: struct<value: string>","logger":"airflow.task.hooks.airflow.providers.standard.hooks.subprocess.SubprocessHook"}
{"timestamp":"2025-06-30T23:25:56.638874","level":"info","event":"25/06/30 23:25:56 INFO MemoryStore: Block broadcast_2 stored as values in memory (estimated size 303.8 KiB, free 365.7 MiB)","logger":"airflow.task.hooks.airflow.providers.standard.hooks.subprocess.SubprocessHook"}
{"timestamp":"2025-06-30T23:25:56.664335","level":"info","event":"25/06/30 23:25:56 INFO MemoryStore: Block broadcast_2_piece0 stored as bytes in memory (estimated size 27.5 KiB, free 365.6 MiB)","logger":"airflow.task.hooks.airflow.providers.standard.hooks.subprocess.SubprocessHook"}
{"timestamp":"2025-06-30T23:25:56.664921","level":"info","event":"25/06/30 23:25:56 INFO BlockManagerInfo: Added broadcast_2_piece0 in memory on a5088bcdb211:43743 (size: 27.5 KiB, free: 366.2 MiB)","logger":"airflow.task.hooks.airflow.providers.standard.hooks.subprocess.SubprocessHook"}
{"timestamp":"2025-06-30T23:25:56.665516","level":"info","event":"25/06/30 23:25:56 INFO SparkContext: Created broadcast 2 from csv at NativeMethodAccessorImpl.java:0","logger":"airflow.task.hooks.airflow.providers.standard.hooks.subprocess.SubprocessHook"}
{"timestamp":"2025-06-30T23:25:56.666362","level":"info","event":"25/06/30 23:25:56 INFO FileSourceScanExec: Planning scan with bin packing, max size: 4194304 bytes, open cost is considered as scanning 4194304 bytes.","logger":"airflow.task.hooks.airflow.providers.standard.hooks.subprocess.SubprocessHook"}
{"timestamp":"2025-06-30T23:25:56.725031","level":"info","event":"25/06/30 23:25:56 INFO SparkContext: Starting job: csv at NativeMethodAccessorImpl.java:0","logger":"airflow.task.hooks.airflow.providers.standard.hooks.subprocess.SubprocessHook"}
{"timestamp":"2025-06-30T23:25:56.726395","level":"info","event":"25/06/30 23:25:56 INFO DAGScheduler: Got job 1 (csv at NativeMethodAccessorImpl.java:0) with 1 output partitions","logger":"airflow.task.hooks.airflow.providers.standard.hooks.subprocess.SubprocessHook"}
{"timestamp":"2025-06-30T23:25:56.726538","level":"info","event":"25/06/30 23:25:56 INFO DAGScheduler: Final stage: ResultStage 1 (csv at NativeMethodAccessorImpl.java:0)","logger":"airflow.task.hooks.airflow.providers.standard.hooks.subprocess.SubprocessHook"}
{"timestamp":"2025-06-30T23:25:56.726594","level":"info","event":"25/06/30 23:25:56 INFO DAGScheduler: Parents of final stage: List()","logger":"airflow.task.hooks.airflow.providers.standard.hooks.subprocess.SubprocessHook"}
{"timestamp":"2025-06-30T23:25:56.726644","level":"info","event":"25/06/30 23:25:56 INFO DAGScheduler: Missing parents: List()","logger":"airflow.task.hooks.airflow.providers.standard.hooks.subprocess.SubprocessHook"}
{"timestamp":"2025-06-30T23:25:56.727764","level":"info","event":"25/06/30 23:25:56 INFO DAGScheduler: Submitting ResultStage 1 (MapPartitionsRDD[9] at csv at NativeMethodAccessorImpl.java:0), which has no missing parents","logger":"airflow.task.hooks.airflow.providers.standard.hooks.subprocess.SubprocessHook"}
{"timestamp":"2025-06-30T23:25:56.755215","level":"info","event":"25/06/30 23:25:56 INFO MemoryStore: Block broadcast_3 stored as values in memory (estimated size 15.8 KiB, free 365.6 MiB)","logger":"airflow.task.hooks.airflow.providers.standard.hooks.subprocess.SubprocessHook"}
{"timestamp":"2025-06-30T23:25:56.759155","level":"info","event":"25/06/30 23:25:56 INFO MemoryStore: Block broadcast_3_piece0 stored as bytes in memory (estimated size 8.0 KiB, free 365.6 MiB)","logger":"airflow.task.hooks.airflow.providers.standard.hooks.subprocess.SubprocessHook"}
{"timestamp":"2025-06-30T23:25:56.759676","level":"info","event":"25/06/30 23:25:56 INFO BlockManagerInfo: Added broadcast_3_piece0 in memory on a5088bcdb211:43743 (size: 8.0 KiB, free: 366.2 MiB)","logger":"airflow.task.hooks.airflow.providers.standard.hooks.subprocess.SubprocessHook"}
{"timestamp":"2025-06-30T23:25:56.760243","level":"info","event":"25/06/30 23:25:56 INFO SparkContext: Created broadcast 3 from broadcast at DAGScheduler.scala:1383","logger":"airflow.task.hooks.airflow.providers.standard.hooks.subprocess.SubprocessHook"}
{"timestamp":"2025-06-30T23:25:56.760932","level":"info","event":"25/06/30 23:25:56 INFO DAGScheduler: Submitting 1 missing tasks from ResultStage 1 (MapPartitionsRDD[9] at csv at NativeMethodAccessorImpl.java:0) (first 15 tasks are for partitions Vector(0))","logger":"airflow.task.hooks.airflow.providers.standard.hooks.subprocess.SubprocessHook"}
{"timestamp":"2025-06-30T23:25:56.761060","level":"info","event":"25/06/30 23:25:56 INFO TaskSchedulerImpl: Adding task set 1.0 with 1 tasks resource profile 0","logger":"airflow.task.hooks.airflow.providers.standard.hooks.subprocess.SubprocessHook"}
{"timestamp":"2025-06-30T23:25:56.763374","level":"info","event":"25/06/30 23:25:56 INFO TaskSetManager: Starting task 0.0 in stage 1.0 (TID 1) (172.21.0.6, executor 0, partition 0, ANY, 4876 bytes) taskResourceAssignments Map()","logger":"airflow.task.hooks.airflow.providers.standard.hooks.subprocess.SubprocessHook"}
{"timestamp":"2025-06-30T23:25:56.792248","level":"info","event":"25/06/30 23:25:56 INFO BlockManagerInfo: Added broadcast_3_piece0 in memory on 172.21.0.6:38347 (size: 8.0 KiB, free: 366.3 MiB)","logger":"airflow.task.hooks.airflow.providers.standard.hooks.subprocess.SubprocessHook"}
{"timestamp":"2025-06-30T23:25:57.906803","level":"info","event":"25/06/30 23:25:57 INFO BlockManagerInfo: Added broadcast_2_piece0 in memory on 172.21.0.6:38347 (size: 27.5 KiB, free: 366.2 MiB)","logger":"airflow.task.hooks.airflow.providers.standard.hooks.subprocess.SubprocessHook"}
{"timestamp":"2025-06-30T23:25:58.203039","level":"info","event":"25/06/30 23:25:58 INFO TaskSetManager: Finished task 0.0 in stage 1.0 (TID 1) in 1438 ms on 172.21.0.6 (executor 0) (1/1)","logger":"airflow.task.hooks.airflow.providers.standard.hooks.subprocess.SubprocessHook"}
{"timestamp":"2025-06-30T23:25:58.203258","level":"info","event":"25/06/30 23:25:58 INFO TaskSchedulerImpl: Removed TaskSet 1.0, whose tasks have all completed, from pool","logger":"airflow.task.hooks.airflow.providers.standard.hooks.subprocess.SubprocessHook"}
{"timestamp":"2025-06-30T23:25:58.203347","level":"info","event":"25/06/30 23:25:58 INFO DAGScheduler: ResultStage 1 (csv at NativeMethodAccessorImpl.java:0) finished in 1.472 s","logger":"airflow.task.hooks.airflow.providers.standard.hooks.subprocess.SubprocessHook"}
{"timestamp":"2025-06-30T23:25:58.203402","level":"info","event":"25/06/30 23:25:58 INFO DAGScheduler: Job 1 is finished. Cancelling potential speculative or zombie tasks for this job","logger":"airflow.task.hooks.airflow.providers.standard.hooks.subprocess.SubprocessHook"}
{"timestamp":"2025-06-30T23:25:58.203449","level":"info","event":"25/06/30 23:25:58 INFO TaskSchedulerImpl: Killing all running tasks in stage 1: Stage finished","logger":"airflow.task.hooks.airflow.providers.standard.hooks.subprocess.SubprocessHook"}
{"timestamp":"2025-06-30T23:25:58.210724","level":"info","event":"25/06/30 23:25:58 INFO DAGScheduler: Job 1 finished: csv at NativeMethodAccessorImpl.java:0, took 1.479821 s","logger":"airflow.task.hooks.airflow.providers.standard.hooks.subprocess.SubprocessHook"}
{"timestamp":"2025-06-30T23:25:58.814605","level":"info","event":"25/06/30 23:25:58 INFO FileSourceStrategy: Pushed Filters:","logger":"airflow.task.hooks.airflow.providers.standard.hooks.subprocess.SubprocessHook"}
{"timestamp":"2025-06-30T23:25:58.814799","level":"info","event":"25/06/30 23:25:58 INFO FileSourceStrategy: Post-Scan Filters:","logger":"airflow.task.hooks.airflow.providers.standard.hooks.subprocess.SubprocessHook"}
{"timestamp":"2025-06-30T23:25:58.814863","level":"info","event":"25/06/30 23:25:58 INFO FileSourceStrategy: Output Data Schema: struct<customerID: string, gender: string, SeniorCitizen: int, Partner: string, Dependents: string ... 19 more fields>","logger":"airflow.task.hooks.airflow.providers.standard.hooks.subprocess.SubprocessHook"}
{"timestamp":"2025-06-30T23:25:58.882187","level":"info","event":"25/06/30 23:25:58 INFO ParquetFileFormat: Using default output committer for Parquet: org.apache.parquet.hadoop.ParquetOutputCommitter","logger":"airflow.task.hooks.airflow.providers.standard.hooks.subprocess.SubprocessHook"}
{"timestamp":"2025-06-30T23:25:58.904688","level":"info","event":"25/06/30 23:25:58 INFO FileOutputCommitter: File Output Committer Algorithm version is 1","logger":"airflow.task.hooks.airflow.providers.standard.hooks.subprocess.SubprocessHook"}
{"timestamp":"2025-06-30T23:25:58.904868","level":"info","event":"25/06/30 23:25:58 INFO FileOutputCommitter: FileOutputCommitter skip cleanup _temporary folders under output directory:false, ignore cleanup failures: false","logger":"airflow.task.hooks.airflow.providers.standard.hooks.subprocess.SubprocessHook"}
{"timestamp":"2025-06-30T23:25:58.906003","level":"info","event":"25/06/30 23:25:58 INFO SQLHadoopMapReduceCommitProtocol: Using user defined output committer class org.apache.parquet.hadoop.ParquetOutputCommitter","logger":"airflow.task.hooks.airflow.providers.standard.hooks.subprocess.SubprocessHook"}
{"timestamp":"2025-06-30T23:25:58.906131","level":"info","event":"25/06/30 23:25:58 INFO FileOutputCommitter: File Output Committer Algorithm version is 1","logger":"airflow.task.hooks.airflow.providers.standard.hooks.subprocess.SubprocessHook"}
{"timestamp":"2025-06-30T23:25:58.906197","level":"info","event":"25/06/30 23:25:58 INFO FileOutputCommitter: FileOutputCommitter skip cleanup _temporary folders under output directory:false, ignore cleanup failures: false","logger":"airflow.task.hooks.airflow.providers.standard.hooks.subprocess.SubprocessHook"}
{"timestamp":"2025-06-30T23:25:58.907972","level":"info","event":"25/06/30 23:25:58 INFO SQLHadoopMapReduceCommitProtocol: Using output committer class org.apache.parquet.hadoop.ParquetOutputCommitter","logger":"airflow.task.hooks.airflow.providers.standard.hooks.subprocess.SubprocessHook"}
{"timestamp":"2025-06-30T23:25:58.990165","level":"info","event":"25/06/30 23:25:58 INFO CodeGenerator: Code generated in 37.619702 ms","logger":"airflow.task.hooks.airflow.providers.standard.hooks.subprocess.SubprocessHook"}
{"timestamp":"2025-06-30T23:25:58.994648","level":"info","event":"25/06/30 23:25:58 INFO MemoryStore: Block broadcast_4 stored as values in memory (estimated size 303.7 KiB, free 365.3 MiB)","logger":"airflow.task.hooks.airflow.providers.standard.hooks.subprocess.SubprocessHook"}
{"timestamp":"2025-06-30T23:25:59.004858","level":"info","event":"25/06/30 23:25:59 INFO MemoryStore: Block broadcast_4_piece0 stored as bytes in memory (estimated size 27.5 KiB, free 365.3 MiB)","logger":"airflow.task.hooks.airflow.providers.standard.hooks.subprocess.SubprocessHook"}
{"timestamp":"2025-06-30T23:25:59.005876","level":"info","event":"25/06/30 23:25:59 INFO BlockManagerInfo: Added broadcast_4_piece0 in memory on a5088bcdb211:43743 (size: 27.5 KiB, free: 366.2 MiB)","logger":"airflow.task.hooks.airflow.providers.standard.hooks.subprocess.SubprocessHook"}
{"timestamp":"2025-06-30T23:25:59.007005","level":"info","event":"25/06/30 23:25:59 INFO SparkContext: Created broadcast 4 from parquet at NativeMethodAccessorImpl.java:0","logger":"airflow.task.hooks.airflow.providers.standard.hooks.subprocess.SubprocessHook"}
{"timestamp":"2025-06-30T23:25:59.011155","level":"info","event":"25/06/30 23:25:59 INFO FileSourceScanExec: Planning scan with bin packing, max size: 4194304 bytes, open cost is considered as scanning 4194304 bytes.","logger":"airflow.task.hooks.airflow.providers.standard.hooks.subprocess.SubprocessHook"}
{"timestamp":"2025-06-30T23:25:59.037536","level":"info","event":"25/06/30 23:25:59 INFO SparkContext: Starting job: parquet at NativeMethodAccessorImpl.java:0","logger":"airflow.task.hooks.airflow.providers.standard.hooks.subprocess.SubprocessHook"}
{"timestamp":"2025-06-30T23:25:59.038348","level":"info","event":"25/06/30 23:25:59 INFO DAGScheduler: Got job 2 (parquet at NativeMethodAccessorImpl.java:0) with 1 output partitions","logger":"airflow.task.hooks.airflow.providers.standard.hooks.subprocess.SubprocessHook"}
{"timestamp":"2025-06-30T23:25:59.038478","level":"info","event":"25/06/30 23:25:59 INFO DAGScheduler: Final stage: ResultStage 2 (parquet at NativeMethodAccessorImpl.java:0)","logger":"airflow.task.hooks.airflow.providers.standard.hooks.subprocess.SubprocessHook"}
{"timestamp":"2025-06-30T23:25:59.038546","level":"info","event":"25/06/30 23:25:59 INFO DAGScheduler: Parents of final stage: List()","logger":"airflow.task.hooks.airflow.providers.standard.hooks.subprocess.SubprocessHook"}
{"timestamp":"2025-06-30T23:25:59.038600","level":"info","event":"25/06/30 23:25:59 INFO DAGScheduler: Missing parents: List()","logger":"airflow.task.hooks.airflow.providers.standard.hooks.subprocess.SubprocessHook"}
{"timestamp":"2025-06-30T23:25:59.039671","level":"info","event":"25/06/30 23:25:59 INFO DAGScheduler: Submitting ResultStage 2 (MapPartitionsRDD[12] at parquet at NativeMethodAccessorImpl.java:0), which has no missing parents","logger":"airflow.task.hooks.airflow.providers.standard.hooks.subprocess.SubprocessHook"}
{"timestamp":"2025-06-30T23:25:59.053993","level":"info","event":"25/06/30 23:25:59 INFO MemoryStore: Block broadcast_5 stored as values in memory (estimated size 187.5 KiB, free 365.1 MiB)","logger":"airflow.task.hooks.airflow.providers.standard.hooks.subprocess.SubprocessHook"}
{"timestamp":"2025-06-30T23:25:59.056705","level":"info","event":"25/06/30 23:25:59 INFO MemoryStore: Block broadcast_5_piece0 stored as bytes in memory (estimated size 65.8 KiB, free 365.0 MiB)","logger":"airflow.task.hooks.airflow.providers.standard.hooks.subprocess.SubprocessHook"}
{"timestamp":"2025-06-30T23:25:59.057612","level":"info","event":"25/06/30 23:25:59 INFO BlockManagerInfo: Added broadcast_5_piece0 in memory on a5088bcdb211:43743 (size: 65.8 KiB, free: 366.1 MiB)","logger":"airflow.task.hooks.airflow.providers.standard.hooks.subprocess.SubprocessHook"}
{"timestamp":"2025-06-30T23:25:59.058077","level":"info","event":"25/06/30 23:25:59 INFO SparkContext: Created broadcast 5 from broadcast at DAGScheduler.scala:1383","logger":"airflow.task.hooks.airflow.providers.standard.hooks.subprocess.SubprocessHook"}
{"timestamp":"2025-06-30T23:25:59.058665","level":"info","event":"25/06/30 23:25:59 INFO DAGScheduler: Submitting 1 missing tasks from ResultStage 2 (MapPartitionsRDD[12] at parquet at NativeMethodAccessorImpl.java:0) (first 15 tasks are for partitions Vector(0))","logger":"airflow.task.hooks.airflow.providers.standard.hooks.subprocess.SubprocessHook"}
{"timestamp":"2025-06-30T23:25:59.058781","level":"info","event":"25/06/30 23:25:59 INFO TaskSchedulerImpl: Adding task set 2.0 with 1 tasks resource profile 0","logger":"airflow.task.hooks.airflow.providers.standard.hooks.subprocess.SubprocessHook"}
{"timestamp":"2025-06-30T23:25:59.061024","level":"info","event":"25/06/30 23:25:59 INFO TaskSetManager: Starting task 0.0 in stage 2.0 (TID 2) (172.21.0.6, executor 0, partition 0, ANY, 4876 bytes) taskResourceAssignments Map()","logger":"airflow.task.hooks.airflow.providers.standard.hooks.subprocess.SubprocessHook"}
{"timestamp":"2025-06-30T23:25:59.075793","level":"info","event":"25/06/30 23:25:59 INFO BlockManagerInfo: Added broadcast_5_piece0 in memory on 172.21.0.6:38347 (size: 65.8 KiB, free: 366.2 MiB)","logger":"airflow.task.hooks.airflow.providers.standard.hooks.subprocess.SubprocessHook"}
{"timestamp":"2025-06-30T23:25:59.612522","level":"info","event":"25/06/30 23:25:59 INFO BlockManagerInfo: Added broadcast_4_piece0 in memory on 172.21.0.6:38347 (size: 27.5 KiB, free: 366.1 MiB)","logger":"airflow.task.hooks.airflow.providers.standard.hooks.subprocess.SubprocessHook"}
{"timestamp":"2025-06-30T23:26:00.520507","level":"info","event":"25/06/30 23:26:00 INFO TaskSetManager: Finished task 0.0 in stage 2.0 (TID 2) in 1459 ms on 172.21.0.6 (executor 0) (1/1)","logger":"airflow.task.hooks.airflow.providers.standard.hooks.subprocess.SubprocessHook"}
{"timestamp":"2025-06-30T23:26:00.520686","level":"info","event":"25/06/30 23:26:00 INFO TaskSchedulerImpl: Removed TaskSet 2.0, whose tasks have all completed, from pool","logger":"airflow.task.hooks.airflow.providers.standard.hooks.subprocess.SubprocessHook"}
{"timestamp":"2025-06-30T23:26:00.521340","level":"info","event":"25/06/30 23:26:00 INFO DAGScheduler: ResultStage 2 (parquet at NativeMethodAccessorImpl.java:0) finished in 1.480 s","logger":"airflow.task.hooks.airflow.providers.standard.hooks.subprocess.SubprocessHook"}
{"timestamp":"2025-06-30T23:26:00.521437","level":"info","event":"25/06/30 23:26:00 INFO DAGScheduler: Job 2 is finished. Cancelling potential speculative or zombie tasks for this job","logger":"airflow.task.hooks.airflow.providers.standard.hooks.subprocess.SubprocessHook"}
{"timestamp":"2025-06-30T23:26:00.521479","level":"info","event":"25/06/30 23:26:00 INFO TaskSchedulerImpl: Killing all running tasks in stage 2: Stage finished","logger":"airflow.task.hooks.airflow.providers.standard.hooks.subprocess.SubprocessHook"}
{"timestamp":"2025-06-30T23:26:00.521684","level":"info","event":"25/06/30 23:26:00 INFO DAGScheduler: Job 2 finished: parquet at NativeMethodAccessorImpl.java:0, took 1.484315 s","logger":"airflow.task.hooks.airflow.providers.standard.hooks.subprocess.SubprocessHook"}
{"timestamp":"2025-06-30T23:26:00.582789","level":"info","event":"25/06/30 23:26:00 INFO FileFormatWriter: Write Job fdf5c2bf-64c6-4a59-bbfc-fe2a47b77633 committed.","logger":"airflow.task.hooks.airflow.providers.standard.hooks.subprocess.SubprocessHook"}
{"timestamp":"2025-06-30T23:26:00.589582","level":"info","event":"25/06/30 23:26:00 INFO FileFormatWriter: Finished processing stats for write job fdf5c2bf-64c6-4a59-bbfc-fe2a47b77633.","logger":"airflow.task.hooks.airflow.providers.standard.hooks.subprocess.SubprocessHook"}
{"timestamp":"2025-06-30T23:26:00.597301","level":"info","event":"The Cleaning is done!","logger":"airflow.task.hooks.airflow.providers.standard.hooks.subprocess.SubprocessHook"}
{"timestamp":"2025-06-30T23:26:00.616977","level":"info","event":"25/06/30 23:26:00 INFO SparkContext: Invoking stop() from shutdown hook","logger":"airflow.task.hooks.airflow.providers.standard.hooks.subprocess.SubprocessHook"}
{"timestamp":"2025-06-30T23:26:00.631747","level":"info","event":"25/06/30 23:26:00 INFO SparkUI: Stopped Spark web UI at http://a5088bcdb211:4040","logger":"airflow.task.hooks.airflow.providers.standard.hooks.subprocess.SubprocessHook"}
{"timestamp":"2025-06-30T23:26:00.634933","level":"info","event":"25/06/30 23:26:00 INFO StandaloneSchedulerBackend: Shutting down all executors","logger":"airflow.task.hooks.airflow.providers.standard.hooks.subprocess.SubprocessHook"}
{"timestamp":"2025-06-30T23:26:00.635457","level":"info","event":"25/06/30 23:26:00 INFO CoarseGrainedSchedulerBackend$DriverEndpoint: Asking each executor to shut down","logger":"airflow.task.hooks.airflow.providers.standard.hooks.subprocess.SubprocessHook"}
{"timestamp":"2025-06-30T23:26:00.687204","level":"info","event":"25/06/30 23:26:00 INFO MapOutputTrackerMasterEndpoint: MapOutputTrackerMasterEndpoint stopped!","logger":"airflow.task.hooks.airflow.providers.standard.hooks.subprocess.SubprocessHook"}
{"timestamp":"2025-06-30T23:26:00.698066","level":"info","event":"25/06/30 23:26:00 INFO MemoryStore: MemoryStore cleared","logger":"airflow.task.hooks.airflow.providers.standard.hooks.subprocess.SubprocessHook"}
{"timestamp":"2025-06-30T23:26:00.698199","level":"info","event":"25/06/30 23:26:00 INFO BlockManager: BlockManager stopped","logger":"airflow.task.hooks.airflow.providers.standard.hooks.subprocess.SubprocessHook"}
{"timestamp":"2025-06-30T23:26:00.706602","level":"info","event":"25/06/30 23:26:00 INFO BlockManagerMaster: BlockManagerMaster stopped","logger":"airflow.task.hooks.airflow.providers.standard.hooks.subprocess.SubprocessHook"}
{"timestamp":"2025-06-30T23:26:00.708997","level":"info","event":"25/06/30 23:26:00 INFO OutputCommitCoordinator$OutputCommitCoordinatorEndpoint: OutputCommitCoordinator stopped!","logger":"airflow.task.hooks.airflow.providers.standard.hooks.subprocess.SubprocessHook"}
{"timestamp":"2025-06-30T23:26:00.715842","level":"info","event":"25/06/30 23:26:00 INFO SparkContext: Successfully stopped SparkContext","logger":"airflow.task.hooks.airflow.providers.standard.hooks.subprocess.SubprocessHook"}
{"timestamp":"2025-06-30T23:26:00.716055","level":"info","event":"25/06/30 23:26:00 INFO ShutdownHookManager: Shutdown hook called","logger":"airflow.task.hooks.airflow.providers.standard.hooks.subprocess.SubprocessHook"}
{"timestamp":"2025-06-30T23:26:00.716721","level":"info","event":"25/06/30 23:26:00 INFO ShutdownHookManager: Deleting directory /tmp/spark-9de2f40b-1565-48a9-ac12-cd8652c7819b","logger":"airflow.task.hooks.airflow.providers.standard.hooks.subprocess.SubprocessHook"}
{"timestamp":"2025-06-30T23:26:00.720381","level":"info","event":"25/06/30 23:26:00 INFO ShutdownHookManager: Deleting directory /tmp/spark-9de2f40b-1565-48a9-ac12-cd8652c7819b/pyspark-4afaf371-fe4f-413f-888b-c819f8e1fb05","logger":"airflow.task.hooks.airflow.providers.standard.hooks.subprocess.SubprocessHook"}
{"timestamp":"2025-06-30T23:26:00.722905","level":"info","event":"25/06/30 23:26:00 INFO ShutdownHookManager: Deleting directory /tmp/spark-3bfca467-1b85-4997-9493-5ecece332d03","logger":"airflow.task.hooks.airflow.providers.standard.hooks.subprocess.SubprocessHook"}
{"timestamp":"2025-06-30T23:26:00.869298","level":"info","event":"Command exited with return code 0","logger":"airflow.task.hooks.airflow.providers.standard.hooks.subprocess.SubprocessHook"}
{"timestamp":"2025-06-30T23:26:00.869971","level":"info","event":"Pushing xcom","ti":"RuntimeTaskInstance(id=UUID('0197c323-3215-79d5-bb7d-82cb249ae6e2'), task_id='run_spark_cleaning_and_upload', dag_id='telco_to_hdfs_dag', run_id='manual__2025-06-30T23:19:13.148855+00:00', try_number=2, map_index=-1, hostname='bbf1c163fe09', context_carrier=None, task=<Task(BashOperator): run_spark_cleaning_and_upload>, bundle_instance=LocalDagBundle(name=dags-folder), max_tries=0, start_date=datetime.datetime(2025, 6, 30, 23, 25, 44, 57825, tzinfo=TzInfo(UTC)), end_date=None, is_mapped=False)","logger":"task"}
