{"timestamp":"2025-07-03T23:42:02.237253","level":"info","event":"DAG bundles loaded: dags-folder","logger":"airflow.dag_processing.bundles.manager.DagBundlesManager"}
{"timestamp":"2025-07-03T23:42:02.237924","level":"info","event":"Filling up the DagBag from /opt/airflow/dags/telco_to_hdfs_dag.py","logger":"airflow.models.dagbag.DagBag"}
{"timestamp":"2025-07-03T23:42:02.270100","level":"info","event":"Tmp dir root location: /tmp","logger":"airflow.task.hooks.airflow.providers.standard.hooks.subprocess.SubprocessHook"}
{"timestamp":"2025-07-03T23:42:02.271035","level":"info","event":"Running command: ['/usr/bin/bash', '-c', 'docker exec spark-master /opt/bitnami/spark/bin/spark-submit /opt/spark-apps/get_clean.py']","logger":"airflow.task.hooks.airflow.providers.standard.hooks.subprocess.SubprocessHook"}
{"timestamp":"2025-07-03T23:42:02.282454","level":"info","event":"Output:","logger":"airflow.task.hooks.airflow.providers.standard.hooks.subprocess.SubprocessHook"}
{"timestamp":"2025-07-03T23:42:03.551932","level":"info","event":"25/07/03 23:42:03 WARN NativeCodeLoader: Unable to load native-hadoop library for your platform... using builtin-java classes where applicable","logger":"airflow.task.hooks.airflow.providers.standard.hooks.subprocess.SubprocessHook"}
{"timestamp":"2025-07-03T23:42:04.284217","level":"info","event":"Using Spark's default log4j profile: org/apache/spark/log4j-defaults.properties","logger":"airflow.task.hooks.airflow.providers.standard.hooks.subprocess.SubprocessHook"}
{"timestamp":"2025-07-03T23:42:04.294277","level":"info","event":"25/07/03 23:42:04 INFO SparkContext: Running Spark version 3.1.1","logger":"airflow.task.hooks.airflow.providers.standard.hooks.subprocess.SubprocessHook"}
{"timestamp":"2025-07-03T23:42:04.329611","level":"info","event":"25/07/03 23:42:04 INFO ResourceUtils: ==============================================================","logger":"airflow.task.hooks.airflow.providers.standard.hooks.subprocess.SubprocessHook"}
{"timestamp":"2025-07-03T23:42:04.329789","level":"info","event":"25/07/03 23:42:04 INFO ResourceUtils: No custom resources configured for spark.driver.","logger":"airflow.task.hooks.airflow.providers.standard.hooks.subprocess.SubprocessHook"}
{"timestamp":"2025-07-03T23:42:04.329862","level":"info","event":"25/07/03 23:42:04 INFO ResourceUtils: ==============================================================","logger":"airflow.task.hooks.airflow.providers.standard.hooks.subprocess.SubprocessHook"}
{"timestamp":"2025-07-03T23:42:04.330239","level":"info","event":"25/07/03 23:42:04 INFO SparkContext: Submitted application: TelcoExploration","logger":"airflow.task.hooks.airflow.providers.standard.hooks.subprocess.SubprocessHook"}
{"timestamp":"2025-07-03T23:42:04.351620","level":"info","event":"25/07/03 23:42:04 INFO ResourceProfile: Default ResourceProfile created, executor resources: Map(cores -> name: cores, amount: 1, script: , vendor: , memory -> name: memory, amount: 1024, script: , vendor: , offHeap -> name: offHeap, amount: 0, script: , vendor: ), task resources: Map(cpus -> name: cpus, amount: 1.0)","logger":"airflow.task.hooks.airflow.providers.standard.hooks.subprocess.SubprocessHook"}
{"timestamp":"2025-07-03T23:42:04.361754","level":"info","event":"25/07/03 23:42:04 INFO ResourceProfile: Limiting resource is cpu","logger":"airflow.task.hooks.airflow.providers.standard.hooks.subprocess.SubprocessHook"}
{"timestamp":"2025-07-03T23:42:04.362195","level":"info","event":"25/07/03 23:42:04 INFO ResourceProfileManager: Added ResourceProfile id: 0","logger":"airflow.task.hooks.airflow.providers.standard.hooks.subprocess.SubprocessHook"}
{"timestamp":"2025-07-03T23:42:04.409035","level":"info","event":"25/07/03 23:42:04 INFO SecurityManager: Changing view acls to: spark","logger":"airflow.task.hooks.airflow.providers.standard.hooks.subprocess.SubprocessHook"}
{"timestamp":"2025-07-03T23:42:04.409193","level":"info","event":"25/07/03 23:42:04 INFO SecurityManager: Changing modify acls to: spark","logger":"airflow.task.hooks.airflow.providers.standard.hooks.subprocess.SubprocessHook"}
{"timestamp":"2025-07-03T23:42:04.409245","level":"info","event":"25/07/03 23:42:04 INFO SecurityManager: Changing view acls groups to:","logger":"airflow.task.hooks.airflow.providers.standard.hooks.subprocess.SubprocessHook"}
{"timestamp":"2025-07-03T23:42:04.409279","level":"info","event":"25/07/03 23:42:04 INFO SecurityManager: Changing modify acls groups to:","logger":"airflow.task.hooks.airflow.providers.standard.hooks.subprocess.SubprocessHook"}
{"timestamp":"2025-07-03T23:42:04.409307","level":"info","event":"25/07/03 23:42:04 INFO SecurityManager: SecurityManager: authentication disabled; ui acls disabled; users  with view permissions: Set(spark); groups with view permissions: Set(); users  with modify permissions: Set(spark); groups with modify permissions: Set()","logger":"airflow.task.hooks.airflow.providers.standard.hooks.subprocess.SubprocessHook"}
{"timestamp":"2025-07-03T23:42:04.625635","level":"info","event":"25/07/03 23:42:04 INFO Utils: Successfully started service 'sparkDriver' on port 39127.","logger":"airflow.task.hooks.airflow.providers.standard.hooks.subprocess.SubprocessHook"}
{"timestamp":"2025-07-03T23:42:04.652979","level":"info","event":"25/07/03 23:42:04 INFO SparkEnv: Registering MapOutputTracker","logger":"airflow.task.hooks.airflow.providers.standard.hooks.subprocess.SubprocessHook"}
{"timestamp":"2025-07-03T23:42:04.684165","level":"info","event":"25/07/03 23:42:04 INFO SparkEnv: Registering BlockManagerMaster","logger":"airflow.task.hooks.airflow.providers.standard.hooks.subprocess.SubprocessHook"}
{"timestamp":"2025-07-03T23:42:04.704944","level":"info","event":"25/07/03 23:42:04 INFO BlockManagerMasterEndpoint: Using org.apache.spark.storage.DefaultTopologyMapper for getting topology information","logger":"airflow.task.hooks.airflow.providers.standard.hooks.subprocess.SubprocessHook"}
{"timestamp":"2025-07-03T23:42:04.705094","level":"info","event":"25/07/03 23:42:04 INFO BlockManagerMasterEndpoint: BlockManagerMasterEndpoint up","logger":"airflow.task.hooks.airflow.providers.standard.hooks.subprocess.SubprocessHook"}
{"timestamp":"2025-07-03T23:42:04.709377","level":"info","event":"25/07/03 23:42:04 INFO SparkEnv: Registering BlockManagerMasterHeartbeat","logger":"airflow.task.hooks.airflow.providers.standard.hooks.subprocess.SubprocessHook"}
{"timestamp":"2025-07-03T23:42:04.722334","level":"info","event":"25/07/03 23:42:04 INFO DiskBlockManager: Created local directory at /tmp/blockmgr-404c8376-a05b-41bc-be39-0a8116db15b6","logger":"airflow.task.hooks.airflow.providers.standard.hooks.subprocess.SubprocessHook"}
{"timestamp":"2025-07-03T23:42:04.740256","level":"info","event":"25/07/03 23:42:04 INFO MemoryStore: MemoryStore started with capacity 366.3 MiB","logger":"airflow.task.hooks.airflow.providers.standard.hooks.subprocess.SubprocessHook"}
{"timestamp":"2025-07-03T23:42:04.758430","level":"info","event":"25/07/03 23:42:04 INFO SparkEnv: Registering OutputCommitCoordinator","logger":"airflow.task.hooks.airflow.providers.standard.hooks.subprocess.SubprocessHook"}
{"timestamp":"2025-07-03T23:42:04.974236","level":"info","event":"25/07/03 23:42:04 INFO Utils: Successfully started service 'SparkUI' on port 4040.","logger":"airflow.task.hooks.airflow.providers.standard.hooks.subprocess.SubprocessHook"}
{"timestamp":"2025-07-03T23:42:05.031481","level":"info","event":"25/07/03 23:42:05 INFO SparkUI: Bound SparkUI to 0.0.0.0, and started at http://bdbce0b0eeea:4040","logger":"airflow.task.hooks.airflow.providers.standard.hooks.subprocess.SubprocessHook"}
{"timestamp":"2025-07-03T23:42:05.262083","level":"info","event":"25/07/03 23:42:05 INFO StandaloneAppClient$ClientEndpoint: Connecting to master spark://spark-master:7077...","logger":"airflow.task.hooks.airflow.providers.standard.hooks.subprocess.SubprocessHook"}
{"timestamp":"2025-07-03T23:42:05.315453","level":"info","event":"25/07/03 23:42:05 INFO TransportClientFactory: Successfully created connection to spark-master/172.21.0.4:7077 after 33 ms (0 ms spent in bootstraps)","logger":"airflow.task.hooks.airflow.providers.standard.hooks.subprocess.SubprocessHook"}
{"timestamp":"2025-07-03T23:42:05.413068","level":"info","event":"25/07/03 23:42:05 INFO StandaloneSchedulerBackend: Connected to Spark cluster with app ID app-20250703234205-0005","logger":"airflow.task.hooks.airflow.providers.standard.hooks.subprocess.SubprocessHook"}
{"timestamp":"2025-07-03T23:42:05.413931","level":"info","event":"25/07/03 23:42:05 INFO StandaloneAppClient$ClientEndpoint: Executor added: app-20250703234205-0005/0 on worker-20250703232811-172.21.0.6-43319 (172.21.0.6:43319) with 1 core(s)","logger":"airflow.task.hooks.airflow.providers.standard.hooks.subprocess.SubprocessHook"}
{"timestamp":"2025-07-03T23:42:05.414094","level":"info","event":"25/07/03 23:42:05 INFO StandaloneSchedulerBackend: Granted executor ID app-20250703234205-0005/0 on hostPort 172.21.0.6:43319 with 1 core(s), 1024.0 MiB RAM","logger":"airflow.task.hooks.airflow.providers.standard.hooks.subprocess.SubprocessHook"}
{"timestamp":"2025-07-03T23:42:05.419730","level":"info","event":"25/07/03 23:42:05 INFO Utils: Successfully started service 'org.apache.spark.network.netty.NettyBlockTransferService' on port 34359.","logger":"airflow.task.hooks.airflow.providers.standard.hooks.subprocess.SubprocessHook"}
{"timestamp":"2025-07-03T23:42:05.419938","level":"info","event":"25/07/03 23:42:05 INFO NettyBlockTransferService: Server created on bdbce0b0eeea:34359","logger":"airflow.task.hooks.airflow.providers.standard.hooks.subprocess.SubprocessHook"}
{"timestamp":"2025-07-03T23:42:05.422069","level":"info","event":"25/07/03 23:42:05 INFO BlockManager: Using org.apache.spark.storage.RandomBlockReplicationPolicy for block replication policy","logger":"airflow.task.hooks.airflow.providers.standard.hooks.subprocess.SubprocessHook"}
{"timestamp":"2025-07-03T23:42:05.446431","level":"info","event":"25/07/03 23:42:05 INFO BlockManagerMaster: Registering BlockManager BlockManagerId(driver, bdbce0b0eeea, 34359, None)","logger":"airflow.task.hooks.airflow.providers.standard.hooks.subprocess.SubprocessHook"}
{"timestamp":"2025-07-03T23:42:05.447290","level":"info","event":"25/07/03 23:42:05 INFO BlockManagerMasterEndpoint: Registering block manager bdbce0b0eeea:34359 with 366.3 MiB RAM, BlockManagerId(driver, bdbce0b0eeea, 34359, None)","logger":"airflow.task.hooks.airflow.providers.standard.hooks.subprocess.SubprocessHook"}
{"timestamp":"2025-07-03T23:42:05.447979","level":"info","event":"25/07/03 23:42:05 INFO BlockManagerMaster: Registered BlockManager BlockManagerId(driver, bdbce0b0eeea, 34359, None)","logger":"airflow.task.hooks.airflow.providers.standard.hooks.subprocess.SubprocessHook"}
{"timestamp":"2025-07-03T23:42:05.448738","level":"info","event":"25/07/03 23:42:05 INFO BlockManager: Initialized BlockManager: BlockManagerId(driver, bdbce0b0eeea, 34359, None)","logger":"airflow.task.hooks.airflow.providers.standard.hooks.subprocess.SubprocessHook"}
{"timestamp":"2025-07-03T23:42:05.451433","level":"info","event":"25/07/03 23:42:05 INFO StandaloneAppClient$ClientEndpoint: Executor updated: app-20250703234205-0005/0 is now RUNNING","logger":"airflow.task.hooks.airflow.providers.standard.hooks.subprocess.SubprocessHook"}
{"timestamp":"2025-07-03T23:42:05.689641","level":"info","event":"25/07/03 23:42:05 INFO StandaloneSchedulerBackend: SchedulerBackend is ready for scheduling beginning after reached minRegisteredResourcesRatio: 0.0","logger":"airflow.task.hooks.airflow.providers.standard.hooks.subprocess.SubprocessHook"}
{"timestamp":"2025-07-03T23:42:06.006813","level":"info","event":"25/07/03 23:42:06 INFO SharedState: Setting hive.metastore.warehouse.dir ('null') to the value of spark.sql.warehouse.dir ('file:/opt/bitnami/spark/spark-warehouse').","logger":"airflow.task.hooks.airflow.providers.standard.hooks.subprocess.SubprocessHook"}
{"timestamp":"2025-07-03T23:42:06.007053","level":"info","event":"25/07/03 23:42:06 INFO SharedState: Warehouse path is 'file:/opt/bitnami/spark/spark-warehouse'.","logger":"airflow.task.hooks.airflow.providers.standard.hooks.subprocess.SubprocessHook"}
{"timestamp":"2025-07-03T23:42:07.317118","level":"info","event":"25/07/03 23:42:07 INFO InMemoryFileIndex: It took 61 ms to list leaf files for 1 paths.","logger":"airflow.task.hooks.airflow.providers.standard.hooks.subprocess.SubprocessHook"}
{"timestamp":"2025-07-03T23:42:07.392533","level":"info","event":"25/07/03 23:42:07 INFO InMemoryFileIndex: It took 5 ms to list leaf files for 1 paths.","logger":"airflow.task.hooks.airflow.providers.standard.hooks.subprocess.SubprocessHook"}
{"timestamp":"2025-07-03T23:42:07.515918","level":"info","event":"25/07/03 23:42:07 INFO CoarseGrainedSchedulerBackend$DriverEndpoint: Registered executor NettyRpcEndpointRef(spark-client://Executor) (172.21.0.6:37022) with ID 0,  ResourceProfileId 0","logger":"airflow.task.hooks.airflow.providers.standard.hooks.subprocess.SubprocessHook"}
{"timestamp":"2025-07-03T23:42:07.631092","level":"info","event":"25/07/03 23:42:07 INFO BlockManagerMasterEndpoint: Registering block manager 172.21.0.6:35695 with 366.3 MiB RAM, BlockManagerId(0, 172.21.0.6, 35695, None)","logger":"airflow.task.hooks.airflow.providers.standard.hooks.subprocess.SubprocessHook"}
{"timestamp":"2025-07-03T23:42:09.370792","level":"info","event":"25/07/03 23:42:09 INFO FileSourceStrategy: Pushed Filters:","logger":"airflow.task.hooks.airflow.providers.standard.hooks.subprocess.SubprocessHook"}
{"timestamp":"2025-07-03T23:42:09.375916","level":"info","event":"25/07/03 23:42:09 INFO FileSourceStrategy: Post-Scan Filters: (length(trim(value#0, None)) > 0)","logger":"airflow.task.hooks.airflow.providers.standard.hooks.subprocess.SubprocessHook"}
{"timestamp":"2025-07-03T23:42:09.380194","level":"info","event":"25/07/03 23:42:09 INFO FileSourceStrategy: Output Data Schema: struct<value: string>","logger":"airflow.task.hooks.airflow.providers.standard.hooks.subprocess.SubprocessHook"}
{"timestamp":"2025-07-03T23:42:10.139871","level":"info","event":"25/07/03 23:42:10 INFO CodeGenerator: Code generated in 269.906443 ms","logger":"airflow.task.hooks.airflow.providers.standard.hooks.subprocess.SubprocessHook"}
{"timestamp":"2025-07-03T23:42:10.197862","level":"info","event":"25/07/03 23:42:10 INFO MemoryStore: Block broadcast_0 stored as values in memory (estimated size 303.8 KiB, free 366.0 MiB)","logger":"airflow.task.hooks.airflow.providers.standard.hooks.subprocess.SubprocessHook"}
{"timestamp":"2025-07-03T23:42:10.241487","level":"info","event":"25/07/03 23:42:10 INFO MemoryStore: Block broadcast_0_piece0 stored as bytes in memory (estimated size 27.5 KiB, free 366.0 MiB)","logger":"airflow.task.hooks.airflow.providers.standard.hooks.subprocess.SubprocessHook"}
{"timestamp":"2025-07-03T23:42:10.244786","level":"info","event":"25/07/03 23:42:10 INFO BlockManagerInfo: Added broadcast_0_piece0 in memory on bdbce0b0eeea:34359 (size: 27.5 KiB, free: 366.3 MiB)","logger":"airflow.task.hooks.airflow.providers.standard.hooks.subprocess.SubprocessHook"}
{"timestamp":"2025-07-03T23:42:10.248134","level":"info","event":"25/07/03 23:42:10 INFO SparkContext: Created broadcast 0 from csv at NativeMethodAccessorImpl.java:0","logger":"airflow.task.hooks.airflow.providers.standard.hooks.subprocess.SubprocessHook"}
{"timestamp":"2025-07-03T23:42:10.256635","level":"info","event":"25/07/03 23:42:10 INFO FileSourceScanExec: Planning scan with bin packing, max size: 4194304 bytes, open cost is considered as scanning 4194304 bytes.","logger":"airflow.task.hooks.airflow.providers.standard.hooks.subprocess.SubprocessHook"}
{"timestamp":"2025-07-03T23:42:10.355296","level":"info","event":"25/07/03 23:42:10 INFO SparkContext: Starting job: csv at NativeMethodAccessorImpl.java:0","logger":"airflow.task.hooks.airflow.providers.standard.hooks.subprocess.SubprocessHook"}
{"timestamp":"2025-07-03T23:42:10.369376","level":"info","event":"25/07/03 23:42:10 INFO DAGScheduler: Got job 0 (csv at NativeMethodAccessorImpl.java:0) with 1 output partitions","logger":"airflow.task.hooks.airflow.providers.standard.hooks.subprocess.SubprocessHook"}
{"timestamp":"2025-07-03T23:42:10.369513","level":"info","event":"25/07/03 23:42:10 INFO DAGScheduler: Final stage: ResultStage 0 (csv at NativeMethodAccessorImpl.java:0)","logger":"airflow.task.hooks.airflow.providers.standard.hooks.subprocess.SubprocessHook"}
{"timestamp":"2025-07-03T23:42:10.369584","level":"info","event":"25/07/03 23:42:10 INFO DAGScheduler: Parents of final stage: List()","logger":"airflow.task.hooks.airflow.providers.standard.hooks.subprocess.SubprocessHook"}
{"timestamp":"2025-07-03T23:42:10.370855","level":"info","event":"25/07/03 23:42:10 INFO DAGScheduler: Missing parents: List()","logger":"airflow.task.hooks.airflow.providers.standard.hooks.subprocess.SubprocessHook"}
{"timestamp":"2025-07-03T23:42:10.375425","level":"info","event":"25/07/03 23:42:10 INFO DAGScheduler: Submitting ResultStage 0 (MapPartitionsRDD[3] at csv at NativeMethodAccessorImpl.java:0), which has no missing parents","logger":"airflow.task.hooks.airflow.providers.standard.hooks.subprocess.SubprocessHook"}
{"timestamp":"2025-07-03T23:42:10.433147","level":"info","event":"25/07/03 23:42:10 INFO MemoryStore: Block broadcast_1 stored as values in memory (estimated size 10.8 KiB, free 366.0 MiB)","logger":"airflow.task.hooks.airflow.providers.standard.hooks.subprocess.SubprocessHook"}
{"timestamp":"2025-07-03T23:42:10.436257","level":"info","event":"25/07/03 23:42:10 INFO MemoryStore: Block broadcast_1_piece0 stored as bytes in memory (estimated size 5.4 KiB, free 366.0 MiB)","logger":"airflow.task.hooks.airflow.providers.standard.hooks.subprocess.SubprocessHook"}
{"timestamp":"2025-07-03T23:42:10.436705","level":"info","event":"25/07/03 23:42:10 INFO BlockManagerInfo: Added broadcast_1_piece0 in memory on bdbce0b0eeea:34359 (size: 5.4 KiB, free: 366.3 MiB)","logger":"airflow.task.hooks.airflow.providers.standard.hooks.subprocess.SubprocessHook"}
{"timestamp":"2025-07-03T23:42:10.437013","level":"info","event":"25/07/03 23:42:10 INFO SparkContext: Created broadcast 1 from broadcast at DAGScheduler.scala:1383","logger":"airflow.task.hooks.airflow.providers.standard.hooks.subprocess.SubprocessHook"}
{"timestamp":"2025-07-03T23:42:10.452270","level":"info","event":"25/07/03 23:42:10 INFO DAGScheduler: Submitting 1 missing tasks from ResultStage 0 (MapPartitionsRDD[3] at csv at NativeMethodAccessorImpl.java:0) (first 15 tasks are for partitions Vector(0))","logger":"airflow.task.hooks.airflow.providers.standard.hooks.subprocess.SubprocessHook"}
{"timestamp":"2025-07-03T23:42:10.452901","level":"info","event":"25/07/03 23:42:10 INFO TaskSchedulerImpl: Adding task set 0.0 with 1 tasks resource profile 0","logger":"airflow.task.hooks.airflow.providers.standard.hooks.subprocess.SubprocessHook"}
{"timestamp":"2025-07-03T23:42:10.490520","level":"info","event":"25/07/03 23:42:10 INFO TaskSetManager: Starting task 0.0 in stage 0.0 (TID 0) (172.21.0.6, executor 0, partition 0, ANY, 4876 bytes) taskResourceAssignments Map()","logger":"airflow.task.hooks.airflow.providers.standard.hooks.subprocess.SubprocessHook"}
{"timestamp":"2025-07-03T23:42:10.727163","level":"info","event":"25/07/03 23:42:10 INFO BlockManagerInfo: Added broadcast_1_piece0 in memory on 172.21.0.6:35695 (size: 5.4 KiB, free: 366.3 MiB)","logger":"airflow.task.hooks.airflow.providers.standard.hooks.subprocess.SubprocessHook"}
{"timestamp":"2025-07-03T23:42:11.704810","level":"info","event":"25/07/03 23:42:11 INFO BlockManagerInfo: Added broadcast_0_piece0 in memory on 172.21.0.6:35695 (size: 27.5 KiB, free: 366.3 MiB)","logger":"airflow.task.hooks.airflow.providers.standard.hooks.subprocess.SubprocessHook"}
{"timestamp":"2025-07-03T23:42:12.291542","level":"info","event":"25/07/03 23:42:12 INFO TaskSetManager: Finished task 0.0 in stage 0.0 (TID 0) in 1813 ms on 172.21.0.6 (executor 0) (1/1)","logger":"airflow.task.hooks.airflow.providers.standard.hooks.subprocess.SubprocessHook"}
{"timestamp":"2025-07-03T23:42:12.294211","level":"info","event":"25/07/03 23:42:12 INFO TaskSchedulerImpl: Removed TaskSet 0.0, whose tasks have all completed, from pool","logger":"airflow.task.hooks.airflow.providers.standard.hooks.subprocess.SubprocessHook"}
{"timestamp":"2025-07-03T23:42:12.300181","level":"info","event":"25/07/03 23:42:12 INFO DAGScheduler: ResultStage 0 (csv at NativeMethodAccessorImpl.java:0) finished in 1.912 s","logger":"airflow.task.hooks.airflow.providers.standard.hooks.subprocess.SubprocessHook"}
{"timestamp":"2025-07-03T23:42:12.303714","level":"info","event":"25/07/03 23:42:12 INFO DAGScheduler: Job 0 is finished. Cancelling potential speculative or zombie tasks for this job","logger":"airflow.task.hooks.airflow.providers.standard.hooks.subprocess.SubprocessHook"}
{"timestamp":"2025-07-03T23:42:12.303861","level":"info","event":"25/07/03 23:42:12 INFO TaskSchedulerImpl: Killing all running tasks in stage 0: Stage finished","logger":"airflow.task.hooks.airflow.providers.standard.hooks.subprocess.SubprocessHook"}
{"timestamp":"2025-07-03T23:42:12.306422","level":"info","event":"25/07/03 23:42:12 INFO DAGScheduler: Job 0 finished: csv at NativeMethodAccessorImpl.java:0, took 1.951370 s","logger":"airflow.task.hooks.airflow.providers.standard.hooks.subprocess.SubprocessHook"}
{"timestamp":"2025-07-03T23:42:12.329809","level":"info","event":"25/07/03 23:42:12 INFO CodeGenerator: Code generated in 12.004457 ms","logger":"airflow.task.hooks.airflow.providers.standard.hooks.subprocess.SubprocessHook"}
{"timestamp":"2025-07-03T23:42:12.383244","level":"info","event":"25/07/03 23:42:12 INFO FileSourceStrategy: Pushed Filters:","logger":"airflow.task.hooks.airflow.providers.standard.hooks.subprocess.SubprocessHook"}
{"timestamp":"2025-07-03T23:42:12.383387","level":"info","event":"25/07/03 23:42:12 INFO FileSourceStrategy: Post-Scan Filters:","logger":"airflow.task.hooks.airflow.providers.standard.hooks.subprocess.SubprocessHook"}
{"timestamp":"2025-07-03T23:42:12.383433","level":"info","event":"25/07/03 23:42:12 INFO FileSourceStrategy: Output Data Schema: struct<value: string>","logger":"airflow.task.hooks.airflow.providers.standard.hooks.subprocess.SubprocessHook"}
{"timestamp":"2025-07-03T23:42:12.392174","level":"info","event":"25/07/03 23:42:12 INFO MemoryStore: Block broadcast_2 stored as values in memory (estimated size 303.8 KiB, free 365.7 MiB)","logger":"airflow.task.hooks.airflow.providers.standard.hooks.subprocess.SubprocessHook"}
{"timestamp":"2025-07-03T23:42:12.399789","level":"info","event":"25/07/03 23:42:12 INFO MemoryStore: Block broadcast_2_piece0 stored as bytes in memory (estimated size 27.5 KiB, free 365.6 MiB)","logger":"airflow.task.hooks.airflow.providers.standard.hooks.subprocess.SubprocessHook"}
{"timestamp":"2025-07-03T23:42:12.400496","level":"info","event":"25/07/03 23:42:12 INFO BlockManagerInfo: Added broadcast_2_piece0 in memory on bdbce0b0eeea:34359 (size: 27.5 KiB, free: 366.2 MiB)","logger":"airflow.task.hooks.airflow.providers.standard.hooks.subprocess.SubprocessHook"}
{"timestamp":"2025-07-03T23:42:12.401196","level":"info","event":"25/07/03 23:42:12 INFO SparkContext: Created broadcast 2 from csv at NativeMethodAccessorImpl.java:0","logger":"airflow.task.hooks.airflow.providers.standard.hooks.subprocess.SubprocessHook"}
{"timestamp":"2025-07-03T23:42:12.402579","level":"info","event":"25/07/03 23:42:12 INFO FileSourceScanExec: Planning scan with bin packing, max size: 4194304 bytes, open cost is considered as scanning 4194304 bytes.","logger":"airflow.task.hooks.airflow.providers.standard.hooks.subprocess.SubprocessHook"}
{"timestamp":"2025-07-03T23:42:12.458925","level":"info","event":"25/07/03 23:42:12 INFO SparkContext: Starting job: csv at NativeMethodAccessorImpl.java:0","logger":"airflow.task.hooks.airflow.providers.standard.hooks.subprocess.SubprocessHook"}
{"timestamp":"2025-07-03T23:42:12.461038","level":"info","event":"25/07/03 23:42:12 INFO DAGScheduler: Got job 1 (csv at NativeMethodAccessorImpl.java:0) with 1 output partitions","logger":"airflow.task.hooks.airflow.providers.standard.hooks.subprocess.SubprocessHook"}
{"timestamp":"2025-07-03T23:42:12.461210","level":"info","event":"25/07/03 23:42:12 INFO DAGScheduler: Final stage: ResultStage 1 (csv at NativeMethodAccessorImpl.java:0)","logger":"airflow.task.hooks.airflow.providers.standard.hooks.subprocess.SubprocessHook"}
{"timestamp":"2025-07-03T23:42:12.461303","level":"info","event":"25/07/03 23:42:12 INFO DAGScheduler: Parents of final stage: List()","logger":"airflow.task.hooks.airflow.providers.standard.hooks.subprocess.SubprocessHook"}
{"timestamp":"2025-07-03T23:42:12.461357","level":"info","event":"25/07/03 23:42:12 INFO DAGScheduler: Missing parents: List()","logger":"airflow.task.hooks.airflow.providers.standard.hooks.subprocess.SubprocessHook"}
{"timestamp":"2025-07-03T23:42:12.462202","level":"info","event":"25/07/03 23:42:12 INFO DAGScheduler: Submitting ResultStage 1 (MapPartitionsRDD[9] at csv at NativeMethodAccessorImpl.java:0), which has no missing parents","logger":"airflow.task.hooks.airflow.providers.standard.hooks.subprocess.SubprocessHook"}
{"timestamp":"2025-07-03T23:42:12.489473","level":"info","event":"25/07/03 23:42:12 INFO MemoryStore: Block broadcast_3 stored as values in memory (estimated size 15.8 KiB, free 365.6 MiB)","logger":"airflow.task.hooks.airflow.providers.standard.hooks.subprocess.SubprocessHook"}
{"timestamp":"2025-07-03T23:42:12.491705","level":"info","event":"25/07/03 23:42:12 INFO MemoryStore: Block broadcast_3_piece0 stored as bytes in memory (estimated size 8.0 KiB, free 365.6 MiB)","logger":"airflow.task.hooks.airflow.providers.standard.hooks.subprocess.SubprocessHook"}
{"timestamp":"2025-07-03T23:42:12.492170","level":"info","event":"25/07/03 23:42:12 INFO BlockManagerInfo: Added broadcast_3_piece0 in memory on bdbce0b0eeea:34359 (size: 8.0 KiB, free: 366.2 MiB)","logger":"airflow.task.hooks.airflow.providers.standard.hooks.subprocess.SubprocessHook"}
{"timestamp":"2025-07-03T23:42:12.493742","level":"info","event":"25/07/03 23:42:12 INFO SparkContext: Created broadcast 3 from broadcast at DAGScheduler.scala:1383","logger":"airflow.task.hooks.airflow.providers.standard.hooks.subprocess.SubprocessHook"}
{"timestamp":"2025-07-03T23:42:12.495059","level":"info","event":"25/07/03 23:42:12 INFO DAGScheduler: Submitting 1 missing tasks from ResultStage 1 (MapPartitionsRDD[9] at csv at NativeMethodAccessorImpl.java:0) (first 15 tasks are for partitions Vector(0))","logger":"airflow.task.hooks.airflow.providers.standard.hooks.subprocess.SubprocessHook"}
{"timestamp":"2025-07-03T23:42:12.495183","level":"info","event":"25/07/03 23:42:12 INFO TaskSchedulerImpl: Adding task set 1.0 with 1 tasks resource profile 0","logger":"airflow.task.hooks.airflow.providers.standard.hooks.subprocess.SubprocessHook"}
{"timestamp":"2025-07-03T23:42:12.497025","level":"info","event":"25/07/03 23:42:12 INFO TaskSetManager: Starting task 0.0 in stage 1.0 (TID 1) (172.21.0.6, executor 0, partition 0, ANY, 4876 bytes) taskResourceAssignments Map()","logger":"airflow.task.hooks.airflow.providers.standard.hooks.subprocess.SubprocessHook"}
{"timestamp":"2025-07-03T23:42:12.520460","level":"info","event":"25/07/03 23:42:12 INFO BlockManagerInfo: Added broadcast_3_piece0 in memory on 172.21.0.6:35695 (size: 8.0 KiB, free: 366.3 MiB)","logger":"airflow.task.hooks.airflow.providers.standard.hooks.subprocess.SubprocessHook"}
{"timestamp":"2025-07-03T23:42:13.678451","level":"info","event":"25/07/03 23:42:13 INFO BlockManagerInfo: Added broadcast_2_piece0 in memory on 172.21.0.6:35695 (size: 27.5 KiB, free: 366.2 MiB)","logger":"airflow.task.hooks.airflow.providers.standard.hooks.subprocess.SubprocessHook"}
{"timestamp":"2025-07-03T23:42:13.882993","level":"info","event":"25/07/03 23:42:13 INFO TaskSetManager: Finished task 0.0 in stage 1.0 (TID 1) in 1386 ms on 172.21.0.6 (executor 0) (1/1)","logger":"airflow.task.hooks.airflow.providers.standard.hooks.subprocess.SubprocessHook"}
{"timestamp":"2025-07-03T23:42:13.883173","level":"info","event":"25/07/03 23:42:13 INFO TaskSchedulerImpl: Removed TaskSet 1.0, whose tasks have all completed, from pool","logger":"airflow.task.hooks.airflow.providers.standard.hooks.subprocess.SubprocessHook"}
{"timestamp":"2025-07-03T23:42:13.884805","level":"info","event":"25/07/03 23:42:13 INFO DAGScheduler: ResultStage 1 (csv at NativeMethodAccessorImpl.java:0) finished in 1.420 s","logger":"airflow.task.hooks.airflow.providers.standard.hooks.subprocess.SubprocessHook"}
{"timestamp":"2025-07-03T23:42:13.884959","level":"info","event":"25/07/03 23:42:13 INFO DAGScheduler: Job 1 is finished. Cancelling potential speculative or zombie tasks for this job","logger":"airflow.task.hooks.airflow.providers.standard.hooks.subprocess.SubprocessHook"}
{"timestamp":"2025-07-03T23:42:13.885031","level":"info","event":"25/07/03 23:42:13 INFO TaskSchedulerImpl: Killing all running tasks in stage 1: Stage finished","logger":"airflow.task.hooks.airflow.providers.standard.hooks.subprocess.SubprocessHook"}
{"timestamp":"2025-07-03T23:42:13.885756","level":"info","event":"25/07/03 23:42:13 INFO DAGScheduler: Job 1 finished: csv at NativeMethodAccessorImpl.java:0, took 1.426626 s","logger":"airflow.task.hooks.airflow.providers.standard.hooks.subprocess.SubprocessHook"}
{"timestamp":"2025-07-03T23:42:14.452668","level":"info","event":"25/07/03 23:42:14 INFO FileSourceStrategy: Pushed Filters:","logger":"airflow.task.hooks.airflow.providers.standard.hooks.subprocess.SubprocessHook"}
{"timestamp":"2025-07-03T23:42:14.452821","level":"info","event":"25/07/03 23:42:14 INFO FileSourceStrategy: Post-Scan Filters:","logger":"airflow.task.hooks.airflow.providers.standard.hooks.subprocess.SubprocessHook"}
{"timestamp":"2025-07-03T23:42:14.453020","level":"info","event":"25/07/03 23:42:14 INFO FileSourceStrategy: Output Data Schema: struct<TotalCharges: string>","logger":"airflow.task.hooks.airflow.providers.standard.hooks.subprocess.SubprocessHook"}
{"timestamp":"2025-07-03T23:42:14.496589","level":"info","event":"25/07/03 23:42:14 INFO CodeGenerator: Code generated in 19.043955 ms","logger":"airflow.task.hooks.airflow.providers.standard.hooks.subprocess.SubprocessHook"}
{"timestamp":"2025-07-03T23:42:14.501409","level":"info","event":"25/07/03 23:42:14 INFO MemoryStore: Block broadcast_4 stored as values in memory (estimated size 303.7 KiB, free 365.3 MiB)","logger":"airflow.task.hooks.airflow.providers.standard.hooks.subprocess.SubprocessHook"}
{"timestamp":"2025-07-03T23:42:14.511043","level":"info","event":"25/07/03 23:42:14 INFO MemoryStore: Block broadcast_4_piece0 stored as bytes in memory (estimated size 27.5 KiB, free 365.3 MiB)","logger":"airflow.task.hooks.airflow.providers.standard.hooks.subprocess.SubprocessHook"}
{"timestamp":"2025-07-03T23:42:14.512183","level":"info","event":"25/07/03 23:42:14 INFO BlockManagerInfo: Added broadcast_4_piece0 in memory on bdbce0b0eeea:34359 (size: 27.5 KiB, free: 366.2 MiB)","logger":"airflow.task.hooks.airflow.providers.standard.hooks.subprocess.SubprocessHook"}
{"timestamp":"2025-07-03T23:42:14.513122","level":"info","event":"25/07/03 23:42:14 INFO SparkContext: Created broadcast 4 from approxQuantile at NativeMethodAccessorImpl.java:0","logger":"airflow.task.hooks.airflow.providers.standard.hooks.subprocess.SubprocessHook"}
{"timestamp":"2025-07-03T23:42:14.516908","level":"info","event":"25/07/03 23:42:14 INFO FileSourceScanExec: Planning scan with bin packing, max size: 4194304 bytes, open cost is considered as scanning 4194304 bytes.","logger":"airflow.task.hooks.airflow.providers.standard.hooks.subprocess.SubprocessHook"}
{"timestamp":"2025-07-03T23:42:14.546003","level":"info","event":"25/07/03 23:42:14 INFO SparkContext: Starting job: approxQuantile at NativeMethodAccessorImpl.java:0","logger":"airflow.task.hooks.airflow.providers.standard.hooks.subprocess.SubprocessHook"}
{"timestamp":"2025-07-03T23:42:14.547761","level":"info","event":"25/07/03 23:42:14 INFO DAGScheduler: Got job 2 (approxQuantile at NativeMethodAccessorImpl.java:0) with 1 output partitions","logger":"airflow.task.hooks.airflow.providers.standard.hooks.subprocess.SubprocessHook"}
{"timestamp":"2025-07-03T23:42:14.548113","level":"info","event":"25/07/03 23:42:14 INFO DAGScheduler: Final stage: ResultStage 2 (approxQuantile at NativeMethodAccessorImpl.java:0)","logger":"airflow.task.hooks.airflow.providers.standard.hooks.subprocess.SubprocessHook"}
{"timestamp":"2025-07-03T23:42:14.548364","level":"info","event":"25/07/03 23:42:14 INFO DAGScheduler: Parents of final stage: List()","logger":"airflow.task.hooks.airflow.providers.standard.hooks.subprocess.SubprocessHook"}
{"timestamp":"2025-07-03T23:42:14.548497","level":"info","event":"25/07/03 23:42:14 INFO DAGScheduler: Missing parents: List()","logger":"airflow.task.hooks.airflow.providers.standard.hooks.subprocess.SubprocessHook"}
{"timestamp":"2025-07-03T23:42:14.549897","level":"info","event":"25/07/03 23:42:14 INFO DAGScheduler: Submitting ResultStage 2 (MapPartitionsRDD[16] at approxQuantile at NativeMethodAccessorImpl.java:0), which has no missing parents","logger":"airflow.task.hooks.airflow.providers.standard.hooks.subprocess.SubprocessHook"}
{"timestamp":"2025-07-03T23:42:14.568296","level":"info","event":"25/07/03 23:42:14 INFO MemoryStore: Block broadcast_5 stored as values in memory (estimated size 20.1 KiB, free 365.3 MiB)","logger":"airflow.task.hooks.airflow.providers.standard.hooks.subprocess.SubprocessHook"}
{"timestamp":"2025-07-03T23:42:14.571234","level":"info","event":"25/07/03 23:42:14 INFO MemoryStore: Block broadcast_5_piece0 stored as bytes in memory (estimated size 9.7 KiB, free 365.3 MiB)","logger":"airflow.task.hooks.airflow.providers.standard.hooks.subprocess.SubprocessHook"}
{"timestamp":"2025-07-03T23:42:14.572877","level":"info","event":"25/07/03 23:42:14 INFO BlockManagerInfo: Added broadcast_5_piece0 in memory on bdbce0b0eeea:34359 (size: 9.7 KiB, free: 366.2 MiB)","logger":"airflow.task.hooks.airflow.providers.standard.hooks.subprocess.SubprocessHook"}
{"timestamp":"2025-07-03T23:42:14.573381","level":"info","event":"25/07/03 23:42:14 INFO SparkContext: Created broadcast 5 from broadcast at DAGScheduler.scala:1383","logger":"airflow.task.hooks.airflow.providers.standard.hooks.subprocess.SubprocessHook"}
{"timestamp":"2025-07-03T23:42:14.575310","level":"info","event":"25/07/03 23:42:14 INFO DAGScheduler: Submitting 1 missing tasks from ResultStage 2 (MapPartitionsRDD[16] at approxQuantile at NativeMethodAccessorImpl.java:0) (first 15 tasks are for partitions Vector(0))","logger":"airflow.task.hooks.airflow.providers.standard.hooks.subprocess.SubprocessHook"}
{"timestamp":"2025-07-03T23:42:14.575472","level":"info","event":"25/07/03 23:42:14 INFO TaskSchedulerImpl: Adding task set 2.0 with 1 tasks resource profile 0","logger":"airflow.task.hooks.airflow.providers.standard.hooks.subprocess.SubprocessHook"}
{"timestamp":"2025-07-03T23:42:14.578685","level":"info","event":"25/07/03 23:42:14 INFO TaskSetManager: Starting task 0.0 in stage 2.0 (TID 2) (172.21.0.6, executor 0, partition 0, ANY, 4876 bytes) taskResourceAssignments Map()","logger":"airflow.task.hooks.airflow.providers.standard.hooks.subprocess.SubprocessHook"}
{"timestamp":"2025-07-03T23:42:14.593993","level":"info","event":"25/07/03 23:42:14 INFO BlockManagerInfo: Added broadcast_5_piece0 in memory on 172.21.0.6:35695 (size: 9.7 KiB, free: 366.2 MiB)","logger":"airflow.task.hooks.airflow.providers.standard.hooks.subprocess.SubprocessHook"}
{"timestamp":"2025-07-03T23:42:14.721531","level":"info","event":"25/07/03 23:42:14 INFO BlockManagerInfo: Added broadcast_4_piece0 in memory on 172.21.0.6:35695 (size: 27.5 KiB, free: 366.2 MiB)","logger":"airflow.task.hooks.airflow.providers.standard.hooks.subprocess.SubprocessHook"}
{"timestamp":"2025-07-03T23:42:14.911034","level":"info","event":"25/07/03 23:42:14 INFO TaskSetManager: Finished task 0.0 in stage 2.0 (TID 2) in 332 ms on 172.21.0.6 (executor 0) (1/1)","logger":"airflow.task.hooks.airflow.providers.standard.hooks.subprocess.SubprocessHook"}
{"timestamp":"2025-07-03T23:42:14.911253","level":"info","event":"25/07/03 23:42:14 INFO TaskSchedulerImpl: Removed TaskSet 2.0, whose tasks have all completed, from pool","logger":"airflow.task.hooks.airflow.providers.standard.hooks.subprocess.SubprocessHook"}
{"timestamp":"2025-07-03T23:42:14.911344","level":"info","event":"25/07/03 23:42:14 INFO DAGScheduler: ResultStage 2 (approxQuantile at NativeMethodAccessorImpl.java:0) finished in 0.360 s","logger":"airflow.task.hooks.airflow.providers.standard.hooks.subprocess.SubprocessHook"}
{"timestamp":"2025-07-03T23:42:14.911398","level":"info","event":"25/07/03 23:42:14 INFO DAGScheduler: Job 2 is finished. Cancelling potential speculative or zombie tasks for this job","logger":"airflow.task.hooks.airflow.providers.standard.hooks.subprocess.SubprocessHook"}
{"timestamp":"2025-07-03T23:42:14.911443","level":"info","event":"25/07/03 23:42:14 INFO TaskSchedulerImpl: Killing all running tasks in stage 2: Stage finished","logger":"airflow.task.hooks.airflow.providers.standard.hooks.subprocess.SubprocessHook"}
{"timestamp":"2025-07-03T23:42:14.913772","level":"info","event":"25/07/03 23:42:14 INFO DAGScheduler: Job 2 finished: approxQuantile at NativeMethodAccessorImpl.java:0, took 0.367918 s","logger":"airflow.task.hooks.airflow.providers.standard.hooks.subprocess.SubprocessHook"}
{"timestamp":"2025-07-03T23:42:15.063448","level":"info","event":"25/07/03 23:42:15 INFO FileSourceStrategy: Pushed Filters:","logger":"airflow.task.hooks.airflow.providers.standard.hooks.subprocess.SubprocessHook"}
{"timestamp":"2025-07-03T23:42:15.064952","level":"info","event":"25/07/03 23:42:15 INFO FileSourceStrategy: Post-Scan Filters: ((CASE WHEN isnull(cast(TotalCharges#35 as double)) THEN 0.0 ELSE cast(TotalCharges#35 as double) END < -3927.1499999999996) OR (CASE WHEN isnull(cast(TotalCharges#35 as double)) THEN 0.0 ELSE cast(TotalCharges#35 as double) END > 7662.049999999999))","logger":"airflow.task.hooks.airflow.providers.standard.hooks.subprocess.SubprocessHook"}
{"timestamp":"2025-07-03T23:42:15.065087","level":"info","event":"25/07/03 23:42:15 INFO FileSourceStrategy: Output Data Schema: struct<TotalCharges: string>","logger":"airflow.task.hooks.airflow.providers.standard.hooks.subprocess.SubprocessHook"}
{"timestamp":"2025-07-03T23:42:15.122402","level":"info","event":"25/07/03 23:42:15 INFO CodeGenerator: Code generated in 12.445326 ms","logger":"airflow.task.hooks.airflow.providers.standard.hooks.subprocess.SubprocessHook"}
{"timestamp":"2025-07-03T23:42:15.165845","level":"info","event":"25/07/03 23:42:15 INFO CodeGenerator: Code generated in 29.692086 ms","logger":"airflow.task.hooks.airflow.providers.standard.hooks.subprocess.SubprocessHook"}
{"timestamp":"2025-07-03T23:42:15.169974","level":"info","event":"25/07/03 23:42:15 INFO MemoryStore: Block broadcast_6 stored as values in memory (estimated size 303.7 KiB, free 365.0 MiB)","logger":"airflow.task.hooks.airflow.providers.standard.hooks.subprocess.SubprocessHook"}
{"timestamp":"2025-07-03T23:42:15.183077","level":"info","event":"25/07/03 23:42:15 INFO MemoryStore: Block broadcast_6_piece0 stored as bytes in memory (estimated size 27.5 KiB, free 364.9 MiB)","logger":"airflow.task.hooks.airflow.providers.standard.hooks.subprocess.SubprocessHook"}
{"timestamp":"2025-07-03T23:42:15.184380","level":"info","event":"25/07/03 23:42:15 INFO BlockManagerInfo: Added broadcast_6_piece0 in memory on bdbce0b0eeea:34359 (size: 27.5 KiB, free: 366.2 MiB)","logger":"airflow.task.hooks.airflow.providers.standard.hooks.subprocess.SubprocessHook"}
{"timestamp":"2025-07-03T23:42:15.185731","level":"info","event":"25/07/03 23:42:15 INFO SparkContext: Created broadcast 6 from count at NativeMethodAccessorImpl.java:0","logger":"airflow.task.hooks.airflow.providers.standard.hooks.subprocess.SubprocessHook"}
{"timestamp":"2025-07-03T23:42:15.186615","level":"info","event":"25/07/03 23:42:15 INFO FileSourceScanExec: Planning scan with bin packing, max size: 4194304 bytes, open cost is considered as scanning 4194304 bytes.","logger":"airflow.task.hooks.airflow.providers.standard.hooks.subprocess.SubprocessHook"}
{"timestamp":"2025-07-03T23:42:15.227145","level":"info","event":"25/07/03 23:42:15 INFO SparkContext: Starting job: count at NativeMethodAccessorImpl.java:0","logger":"airflow.task.hooks.airflow.providers.standard.hooks.subprocess.SubprocessHook"}
{"timestamp":"2025-07-03T23:42:15.229655","level":"info","event":"25/07/03 23:42:15 INFO DAGScheduler: Registering RDD 20 (count at NativeMethodAccessorImpl.java:0) as input to shuffle 0","logger":"airflow.task.hooks.airflow.providers.standard.hooks.subprocess.SubprocessHook"}
{"timestamp":"2025-07-03T23:42:15.232232","level":"info","event":"25/07/03 23:42:15 INFO DAGScheduler: Got job 3 (count at NativeMethodAccessorImpl.java:0) with 1 output partitions","logger":"airflow.task.hooks.airflow.providers.standard.hooks.subprocess.SubprocessHook"}
{"timestamp":"2025-07-03T23:42:15.232340","level":"info","event":"25/07/03 23:42:15 INFO DAGScheduler: Final stage: ResultStage 4 (count at NativeMethodAccessorImpl.java:0)","logger":"airflow.task.hooks.airflow.providers.standard.hooks.subprocess.SubprocessHook"}
{"timestamp":"2025-07-03T23:42:15.232377","level":"info","event":"25/07/03 23:42:15 INFO DAGScheduler: Parents of final stage: List(ShuffleMapStage 3)","logger":"airflow.task.hooks.airflow.providers.standard.hooks.subprocess.SubprocessHook"}
{"timestamp":"2025-07-03T23:42:15.233458","level":"info","event":"25/07/03 23:42:15 INFO DAGScheduler: Missing parents: List(ShuffleMapStage 3)","logger":"airflow.task.hooks.airflow.providers.standard.hooks.subprocess.SubprocessHook"}
{"timestamp":"2025-07-03T23:42:15.235410","level":"info","event":"25/07/03 23:42:15 INFO DAGScheduler: Submitting ShuffleMapStage 3 (MapPartitionsRDD[20] at count at NativeMethodAccessorImpl.java:0), which has no missing parents","logger":"airflow.task.hooks.airflow.providers.standard.hooks.subprocess.SubprocessHook"}
{"timestamp":"2025-07-03T23:42:15.246879","level":"info","event":"25/07/03 23:42:15 INFO MemoryStore: Block broadcast_7 stored as values in memory (estimated size 19.7 KiB, free 364.9 MiB)","logger":"airflow.task.hooks.airflow.providers.standard.hooks.subprocess.SubprocessHook"}
{"timestamp":"2025-07-03T23:42:15.251202","level":"info","event":"25/07/03 23:42:15 INFO MemoryStore: Block broadcast_7_piece0 stored as bytes in memory (estimated size 9.3 KiB, free 364.9 MiB)","logger":"airflow.task.hooks.airflow.providers.standard.hooks.subprocess.SubprocessHook"}
{"timestamp":"2025-07-03T23:42:15.252435","level":"info","event":"25/07/03 23:42:15 INFO BlockManagerInfo: Added broadcast_7_piece0 in memory on bdbce0b0eeea:34359 (size: 9.3 KiB, free: 366.2 MiB)","logger":"airflow.task.hooks.airflow.providers.standard.hooks.subprocess.SubprocessHook"}
{"timestamp":"2025-07-03T23:42:15.252682","level":"info","event":"25/07/03 23:42:15 INFO SparkContext: Created broadcast 7 from broadcast at DAGScheduler.scala:1383","logger":"airflow.task.hooks.airflow.providers.standard.hooks.subprocess.SubprocessHook"}
{"timestamp":"2025-07-03T23:42:15.254583","level":"info","event":"25/07/03 23:42:15 INFO DAGScheduler: Submitting 1 missing tasks from ShuffleMapStage 3 (MapPartitionsRDD[20] at count at NativeMethodAccessorImpl.java:0) (first 15 tasks are for partitions Vector(0))","logger":"airflow.task.hooks.airflow.providers.standard.hooks.subprocess.SubprocessHook"}
{"timestamp":"2025-07-03T23:42:15.254774","level":"info","event":"25/07/03 23:42:15 INFO TaskSchedulerImpl: Adding task set 3.0 with 1 tasks resource profile 0","logger":"airflow.task.hooks.airflow.providers.standard.hooks.subprocess.SubprocessHook"}
{"timestamp":"2025-07-03T23:42:15.257156","level":"info","event":"25/07/03 23:42:15 INFO TaskSetManager: Starting task 0.0 in stage 3.0 (TID 3) (172.21.0.6, executor 0, partition 0, ANY, 4865 bytes) taskResourceAssignments Map()","logger":"airflow.task.hooks.airflow.providers.standard.hooks.subprocess.SubprocessHook"}
{"timestamp":"2025-07-03T23:42:15.272284","level":"info","event":"25/07/03 23:42:15 INFO BlockManagerInfo: Added broadcast_7_piece0 in memory on 172.21.0.6:35695 (size: 9.3 KiB, free: 366.2 MiB)","logger":"airflow.task.hooks.airflow.providers.standard.hooks.subprocess.SubprocessHook"}
{"timestamp":"2025-07-03T23:42:15.353763","level":"info","event":"25/07/03 23:42:15 INFO BlockManagerInfo: Added broadcast_6_piece0 in memory on 172.21.0.6:35695 (size: 27.5 KiB, free: 366.2 MiB)","logger":"airflow.task.hooks.airflow.providers.standard.hooks.subprocess.SubprocessHook"}
{"timestamp":"2025-07-03T23:42:15.428345","level":"info","event":"25/07/03 23:42:15 INFO TaskSetManager: Finished task 0.0 in stage 3.0 (TID 3) in 172 ms on 172.21.0.6 (executor 0) (1/1)","logger":"airflow.task.hooks.airflow.providers.standard.hooks.subprocess.SubprocessHook"}
{"timestamp":"2025-07-03T23:42:15.428570","level":"info","event":"25/07/03 23:42:15 INFO TaskSchedulerImpl: Removed TaskSet 3.0, whose tasks have all completed, from pool","logger":"airflow.task.hooks.airflow.providers.standard.hooks.subprocess.SubprocessHook"}
{"timestamp":"2025-07-03T23:42:15.431052","level":"info","event":"25/07/03 23:42:15 INFO DAGScheduler: ShuffleMapStage 3 (count at NativeMethodAccessorImpl.java:0) finished in 0.191 s","logger":"airflow.task.hooks.airflow.providers.standard.hooks.subprocess.SubprocessHook"}
{"timestamp":"2025-07-03T23:42:15.431713","level":"info","event":"25/07/03 23:42:15 INFO DAGScheduler: looking for newly runnable stages","logger":"airflow.task.hooks.airflow.providers.standard.hooks.subprocess.SubprocessHook"}
{"timestamp":"2025-07-03T23:42:15.432028","level":"info","event":"25/07/03 23:42:15 INFO DAGScheduler: running: Set()","logger":"airflow.task.hooks.airflow.providers.standard.hooks.subprocess.SubprocessHook"}
{"timestamp":"2025-07-03T23:42:15.432757","level":"info","event":"25/07/03 23:42:15 INFO DAGScheduler: waiting: Set(ResultStage 4)","logger":"airflow.task.hooks.airflow.providers.standard.hooks.subprocess.SubprocessHook"}
{"timestamp":"2025-07-03T23:42:15.433507","level":"info","event":"25/07/03 23:42:15 INFO DAGScheduler: failed: Set()","logger":"airflow.task.hooks.airflow.providers.standard.hooks.subprocess.SubprocessHook"}
{"timestamp":"2025-07-03T23:42:15.436329","level":"info","event":"25/07/03 23:42:15 INFO DAGScheduler: Submitting ResultStage 4 (MapPartitionsRDD[23] at count at NativeMethodAccessorImpl.java:0), which has no missing parents","logger":"airflow.task.hooks.airflow.providers.standard.hooks.subprocess.SubprocessHook"}
{"timestamp":"2025-07-03T23:42:15.442979","level":"info","event":"25/07/03 23:42:15 INFO MemoryStore: Block broadcast_8 stored as values in memory (estimated size 10.1 KiB, free 364.9 MiB)","logger":"airflow.task.hooks.airflow.providers.standard.hooks.subprocess.SubprocessHook"}
{"timestamp":"2025-07-03T23:42:15.446922","level":"info","event":"25/07/03 23:42:15 INFO MemoryStore: Block broadcast_8_piece0 stored as bytes in memory (estimated size 5.0 KiB, free 364.9 MiB)","logger":"airflow.task.hooks.airflow.providers.standard.hooks.subprocess.SubprocessHook"}
{"timestamp":"2025-07-03T23:42:15.447718","level":"info","event":"25/07/03 23:42:15 INFO BlockManagerInfo: Added broadcast_8_piece0 in memory on bdbce0b0eeea:34359 (size: 5.0 KiB, free: 366.2 MiB)","logger":"airflow.task.hooks.airflow.providers.standard.hooks.subprocess.SubprocessHook"}
{"timestamp":"2025-07-03T23:42:15.448329","level":"info","event":"25/07/03 23:42:15 INFO SparkContext: Created broadcast 8 from broadcast at DAGScheduler.scala:1383","logger":"airflow.task.hooks.airflow.providers.standard.hooks.subprocess.SubprocessHook"}
{"timestamp":"2025-07-03T23:42:15.448565","level":"info","event":"25/07/03 23:42:15 INFO DAGScheduler: Submitting 1 missing tasks from ResultStage 4 (MapPartitionsRDD[23] at count at NativeMethodAccessorImpl.java:0) (first 15 tasks are for partitions Vector(0))","logger":"airflow.task.hooks.airflow.providers.standard.hooks.subprocess.SubprocessHook"}
{"timestamp":"2025-07-03T23:42:15.448626","level":"info","event":"25/07/03 23:42:15 INFO TaskSchedulerImpl: Adding task set 4.0 with 1 tasks resource profile 0","logger":"airflow.task.hooks.airflow.providers.standard.hooks.subprocess.SubprocessHook"}
{"timestamp":"2025-07-03T23:42:15.452334","level":"info","event":"25/07/03 23:42:15 INFO TaskSetManager: Starting task 0.0 in stage 4.0 (TID 4) (172.21.0.6, executor 0, partition 0, NODE_LOCAL, 4457 bytes) taskResourceAssignments Map()","logger":"airflow.task.hooks.airflow.providers.standard.hooks.subprocess.SubprocessHook"}
{"timestamp":"2025-07-03T23:42:15.467743","level":"info","event":"25/07/03 23:42:15 INFO BlockManagerInfo: Added broadcast_8_piece0 in memory on 172.21.0.6:35695 (size: 5.0 KiB, free: 366.2 MiB)","logger":"airflow.task.hooks.airflow.providers.standard.hooks.subprocess.SubprocessHook"}
{"timestamp":"2025-07-03T23:42:15.483919","level":"info","event":"25/07/03 23:42:15 INFO MapOutputTrackerMasterEndpoint: Asked to send map output locations for shuffle 0 to 172.21.0.6:37022","logger":"airflow.task.hooks.airflow.providers.standard.hooks.subprocess.SubprocessHook"}
{"timestamp":"2025-07-03T23:42:15.573978","level":"info","event":"25/07/03 23:42:15 INFO TaskSetManager: Finished task 0.0 in stage 4.0 (TID 4) in 123 ms on 172.21.0.6 (executor 0) (1/1)","logger":"airflow.task.hooks.airflow.providers.standard.hooks.subprocess.SubprocessHook"}
{"timestamp":"2025-07-03T23:42:15.574196","level":"info","event":"25/07/03 23:42:15 INFO TaskSchedulerImpl: Removed TaskSet 4.0, whose tasks have all completed, from pool","logger":"airflow.task.hooks.airflow.providers.standard.hooks.subprocess.SubprocessHook"}
{"timestamp":"2025-07-03T23:42:15.574499","level":"info","event":"25/07/03 23:42:15 INFO DAGScheduler: ResultStage 4 (count at NativeMethodAccessorImpl.java:0) finished in 0.133 s","logger":"airflow.task.hooks.airflow.providers.standard.hooks.subprocess.SubprocessHook"}
{"timestamp":"2025-07-03T23:42:15.574595","level":"info","event":"25/07/03 23:42:15 INFO DAGScheduler: Job 3 is finished. Cancelling potential speculative or zombie tasks for this job","logger":"airflow.task.hooks.airflow.providers.standard.hooks.subprocess.SubprocessHook"}
{"timestamp":"2025-07-03T23:42:15.574651","level":"info","event":"25/07/03 23:42:15 INFO TaskSchedulerImpl: Killing all running tasks in stage 4: Stage finished","logger":"airflow.task.hooks.airflow.providers.standard.hooks.subprocess.SubprocessHook"}
{"timestamp":"2025-07-03T23:42:15.574955","level":"info","event":"25/07/03 23:42:15 INFO DAGScheduler: Job 3 finished: count at NativeMethodAccessorImpl.java:0, took 0.348025 s","logger":"airflow.task.hooks.airflow.providers.standard.hooks.subprocess.SubprocessHook"}
{"timestamp":"2025-07-03T23:42:15.578554","level":"info","event":"Number of outliers in totalcharges: 154","logger":"airflow.task.hooks.airflow.providers.standard.hooks.subprocess.SubprocessHook"}
{"timestamp":"2025-07-03T23:42:15.701836","level":"info","event":"25/07/03 23:42:15 INFO FileSourceStrategy: Pushed Filters:","logger":"airflow.task.hooks.airflow.providers.standard.hooks.subprocess.SubprocessHook"}
{"timestamp":"2025-07-03T23:42:15.702048","level":"info","event":"25/07/03 23:42:15 INFO FileSourceStrategy: Post-Scan Filters:","logger":"airflow.task.hooks.airflow.providers.standard.hooks.subprocess.SubprocessHook"}
{"timestamp":"2025-07-03T23:42:15.703128","level":"info","event":"25/07/03 23:42:15 INFO FileSourceStrategy: Output Data Schema: struct<customerID: string, gender: string, SeniorCitizen: int, Partner: string, Dependents: string ... 19 more fields>","logger":"airflow.task.hooks.airflow.providers.standard.hooks.subprocess.SubprocessHook"}
{"timestamp":"2025-07-03T23:42:15.766109","level":"info","event":"25/07/03 23:42:15 INFO ParquetFileFormat: Using default output committer for Parquet: org.apache.parquet.hadoop.ParquetOutputCommitter","logger":"airflow.task.hooks.airflow.providers.standard.hooks.subprocess.SubprocessHook"}
{"timestamp":"2025-07-03T23:42:15.791320","level":"info","event":"25/07/03 23:42:15 INFO FileOutputCommitter: File Output Committer Algorithm version is 1","logger":"airflow.task.hooks.airflow.providers.standard.hooks.subprocess.SubprocessHook"}
{"timestamp":"2025-07-03T23:42:15.791505","level":"info","event":"25/07/03 23:42:15 INFO FileOutputCommitter: FileOutputCommitter skip cleanup _temporary folders under output directory:false, ignore cleanup failures: false","logger":"airflow.task.hooks.airflow.providers.standard.hooks.subprocess.SubprocessHook"}
{"timestamp":"2025-07-03T23:42:15.794131","level":"info","event":"25/07/03 23:42:15 INFO SQLHadoopMapReduceCommitProtocol: Using user defined output committer class org.apache.parquet.hadoop.ParquetOutputCommitter","logger":"airflow.task.hooks.airflow.providers.standard.hooks.subprocess.SubprocessHook"}
{"timestamp":"2025-07-03T23:42:15.794377","level":"info","event":"25/07/03 23:42:15 INFO FileOutputCommitter: File Output Committer Algorithm version is 1","logger":"airflow.task.hooks.airflow.providers.standard.hooks.subprocess.SubprocessHook"}
{"timestamp":"2025-07-03T23:42:15.794493","level":"info","event":"25/07/03 23:42:15 INFO FileOutputCommitter: FileOutputCommitter skip cleanup _temporary folders under output directory:false, ignore cleanup failures: false","logger":"airflow.task.hooks.airflow.providers.standard.hooks.subprocess.SubprocessHook"}
{"timestamp":"2025-07-03T23:42:15.795392","level":"info","event":"25/07/03 23:42:15 INFO SQLHadoopMapReduceCommitProtocol: Using output committer class org.apache.parquet.hadoop.ParquetOutputCommitter","logger":"airflow.task.hooks.airflow.providers.standard.hooks.subprocess.SubprocessHook"}
{"timestamp":"2025-07-03T23:42:15.879333","level":"info","event":"25/07/03 23:42:15 INFO CodeGenerator: Code generated in 44.557172 ms","logger":"airflow.task.hooks.airflow.providers.standard.hooks.subprocess.SubprocessHook"}
{"timestamp":"2025-07-03T23:42:15.883298","level":"info","event":"25/07/03 23:42:15 INFO MemoryStore: Block broadcast_9 stored as values in memory (estimated size 303.7 KiB, free 364.6 MiB)","logger":"airflow.task.hooks.airflow.providers.standard.hooks.subprocess.SubprocessHook"}
{"timestamp":"2025-07-03T23:42:15.893760","level":"info","event":"25/07/03 23:42:15 INFO MemoryStore: Block broadcast_9_piece0 stored as bytes in memory (estimated size 27.5 KiB, free 364.6 MiB)","logger":"airflow.task.hooks.airflow.providers.standard.hooks.subprocess.SubprocessHook"}
{"timestamp":"2025-07-03T23:42:15.894560","level":"info","event":"25/07/03 23:42:15 INFO BlockManagerInfo: Added broadcast_9_piece0 in memory on bdbce0b0eeea:34359 (size: 27.5 KiB, free: 366.1 MiB)","logger":"airflow.task.hooks.airflow.providers.standard.hooks.subprocess.SubprocessHook"}
{"timestamp":"2025-07-03T23:42:15.895281","level":"info","event":"25/07/03 23:42:15 INFO SparkContext: Created broadcast 9 from parquet at NativeMethodAccessorImpl.java:0","logger":"airflow.task.hooks.airflow.providers.standard.hooks.subprocess.SubprocessHook"}
{"timestamp":"2025-07-03T23:42:15.896488","level":"info","event":"25/07/03 23:42:15 INFO FileSourceScanExec: Planning scan with bin packing, max size: 4194304 bytes, open cost is considered as scanning 4194304 bytes.","logger":"airflow.task.hooks.airflow.providers.standard.hooks.subprocess.SubprocessHook"}
{"timestamp":"2025-07-03T23:42:15.945825","level":"info","event":"25/07/03 23:42:15 INFO SparkContext: Starting job: parquet at NativeMethodAccessorImpl.java:0","logger":"airflow.task.hooks.airflow.providers.standard.hooks.subprocess.SubprocessHook"}
{"timestamp":"2025-07-03T23:42:15.948401","level":"info","event":"25/07/03 23:42:15 INFO DAGScheduler: Got job 4 (parquet at NativeMethodAccessorImpl.java:0) with 1 output partitions","logger":"airflow.task.hooks.airflow.providers.standard.hooks.subprocess.SubprocessHook"}
{"timestamp":"2025-07-03T23:42:15.948557","level":"info","event":"25/07/03 23:42:15 INFO DAGScheduler: Final stage: ResultStage 5 (parquet at NativeMethodAccessorImpl.java:0)","logger":"airflow.task.hooks.airflow.providers.standard.hooks.subprocess.SubprocessHook"}
{"timestamp":"2025-07-03T23:42:15.948617","level":"info","event":"25/07/03 23:42:15 INFO DAGScheduler: Parents of final stage: List()","logger":"airflow.task.hooks.airflow.providers.standard.hooks.subprocess.SubprocessHook"}
{"timestamp":"2025-07-03T23:42:15.948669","level":"info","event":"25/07/03 23:42:15 INFO DAGScheduler: Missing parents: List()","logger":"airflow.task.hooks.airflow.providers.standard.hooks.subprocess.SubprocessHook"}
{"timestamp":"2025-07-03T23:42:15.949420","level":"info","event":"25/07/03 23:42:15 INFO DAGScheduler: Submitting ResultStage 5 (MapPartitionsRDD[26] at parquet at NativeMethodAccessorImpl.java:0), which has no missing parents","logger":"airflow.task.hooks.airflow.providers.standard.hooks.subprocess.SubprocessHook"}
{"timestamp":"2025-07-03T23:42:15.965498","level":"info","event":"25/07/03 23:42:15 INFO MemoryStore: Block broadcast_10 stored as values in memory (estimated size 191.1 KiB, free 364.4 MiB)","logger":"airflow.task.hooks.airflow.providers.standard.hooks.subprocess.SubprocessHook"}
{"timestamp":"2025-07-03T23:42:15.969400","level":"info","event":"25/07/03 23:42:15 INFO MemoryStore: Block broadcast_10_piece0 stored as bytes in memory (estimated size 66.8 KiB, free 364.3 MiB)","logger":"airflow.task.hooks.airflow.providers.standard.hooks.subprocess.SubprocessHook"}
{"timestamp":"2025-07-03T23:42:15.969633","level":"info","event":"25/07/03 23:42:15 INFO BlockManagerInfo: Removed broadcast_8_piece0 on bdbce0b0eeea:34359 in memory (size: 5.0 KiB, free: 366.1 MiB)","logger":"airflow.task.hooks.airflow.providers.standard.hooks.subprocess.SubprocessHook"}
{"timestamp":"2025-07-03T23:42:15.970362","level":"info","event":"25/07/03 23:42:15 INFO BlockManagerInfo: Added broadcast_10_piece0 in memory on bdbce0b0eeea:34359 (size: 66.8 KiB, free: 366.1 MiB)","logger":"airflow.task.hooks.airflow.providers.standard.hooks.subprocess.SubprocessHook"}
{"timestamp":"2025-07-03T23:42:15.970503","level":"info","event":"25/07/03 23:42:15 INFO SparkContext: Created broadcast 10 from broadcast at DAGScheduler.scala:1383","logger":"airflow.task.hooks.airflow.providers.standard.hooks.subprocess.SubprocessHook"}
{"timestamp":"2025-07-03T23:42:15.970667","level":"info","event":"25/07/03 23:42:15 INFO DAGScheduler: Submitting 1 missing tasks from ResultStage 5 (MapPartitionsRDD[26] at parquet at NativeMethodAccessorImpl.java:0) (first 15 tasks are for partitions Vector(0))","logger":"airflow.task.hooks.airflow.providers.standard.hooks.subprocess.SubprocessHook"}
{"timestamp":"2025-07-03T23:42:15.970763","level":"info","event":"25/07/03 23:42:15 INFO TaskSchedulerImpl: Adding task set 5.0 with 1 tasks resource profile 0","logger":"airflow.task.hooks.airflow.providers.standard.hooks.subprocess.SubprocessHook"}
{"timestamp":"2025-07-03T23:42:15.973272","level":"info","event":"25/07/03 23:42:15 INFO TaskSetManager: Starting task 0.0 in stage 5.0 (TID 5) (172.21.0.6, executor 0, partition 0, ANY, 4876 bytes) taskResourceAssignments Map()","logger":"airflow.task.hooks.airflow.providers.standard.hooks.subprocess.SubprocessHook"}
{"timestamp":"2025-07-03T23:42:15.979109","level":"info","event":"25/07/03 23:42:15 INFO BlockManagerInfo: Removed broadcast_8_piece0 on 172.21.0.6:35695 in memory (size: 5.0 KiB, free: 366.2 MiB)","logger":"airflow.task.hooks.airflow.providers.standard.hooks.subprocess.SubprocessHook"}
{"timestamp":"2025-07-03T23:42:15.990459","level":"info","event":"25/07/03 23:42:15 INFO BlockManagerInfo: Removed broadcast_6_piece0 on bdbce0b0eeea:34359 in memory (size: 27.5 KiB, free: 366.1 MiB)","logger":"airflow.task.hooks.airflow.providers.standard.hooks.subprocess.SubprocessHook"}
{"timestamp":"2025-07-03T23:42:15.991961","level":"info","event":"25/07/03 23:42:15 INFO BlockManagerInfo: Added broadcast_10_piece0 in memory on 172.21.0.6:35695 (size: 66.8 KiB, free: 366.1 MiB)","logger":"airflow.task.hooks.airflow.providers.standard.hooks.subprocess.SubprocessHook"}
{"timestamp":"2025-07-03T23:42:15.994121","level":"info","event":"25/07/03 23:42:15 INFO BlockManagerInfo: Removed broadcast_6_piece0 on 172.21.0.6:35695 in memory (size: 27.5 KiB, free: 366.1 MiB)","logger":"airflow.task.hooks.airflow.providers.standard.hooks.subprocess.SubprocessHook"}
{"timestamp":"2025-07-03T23:42:16.001292","level":"info","event":"25/07/03 23:42:15 INFO BlockManagerInfo: Removed broadcast_3_piece0 on bdbce0b0eeea:34359 in memory (size: 8.0 KiB, free: 366.1 MiB)","logger":"airflow.task.hooks.airflow.providers.standard.hooks.subprocess.SubprocessHook"}
{"timestamp":"2025-07-03T23:42:16.004233","level":"info","event":"25/07/03 23:42:16 INFO BlockManagerInfo: Removed broadcast_3_piece0 on 172.21.0.6:35695 in memory (size: 8.0 KiB, free: 366.1 MiB)","logger":"airflow.task.hooks.airflow.providers.standard.hooks.subprocess.SubprocessHook"}
{"timestamp":"2025-07-03T23:42:16.013977","level":"info","event":"25/07/03 23:42:16 INFO BlockManagerInfo: Removed broadcast_1_piece0 on bdbce0b0eeea:34359 in memory (size: 5.4 KiB, free: 366.1 MiB)","logger":"airflow.task.hooks.airflow.providers.standard.hooks.subprocess.SubprocessHook"}
{"timestamp":"2025-07-03T23:42:16.017331","level":"info","event":"25/07/03 23:42:16 INFO BlockManagerInfo: Removed broadcast_1_piece0 on 172.21.0.6:35695 in memory (size: 5.4 KiB, free: 366.1 MiB)","logger":"airflow.task.hooks.airflow.providers.standard.hooks.subprocess.SubprocessHook"}
{"timestamp":"2025-07-03T23:42:16.025681","level":"info","event":"25/07/03 23:42:16 INFO BlockManagerInfo: Removed broadcast_5_piece0 on bdbce0b0eeea:34359 in memory (size: 9.7 KiB, free: 366.1 MiB)","logger":"airflow.task.hooks.airflow.providers.standard.hooks.subprocess.SubprocessHook"}
{"timestamp":"2025-07-03T23:42:16.029083","level":"info","event":"25/07/03 23:42:16 INFO BlockManagerInfo: Removed broadcast_5_piece0 on 172.21.0.6:35695 in memory (size: 9.7 KiB, free: 366.1 MiB)","logger":"airflow.task.hooks.airflow.providers.standard.hooks.subprocess.SubprocessHook"}
{"timestamp":"2025-07-03T23:42:16.037334","level":"info","event":"25/07/03 23:42:16 INFO BlockManagerInfo: Removed broadcast_7_piece0 on bdbce0b0eeea:34359 in memory (size: 9.3 KiB, free: 366.1 MiB)","logger":"airflow.task.hooks.airflow.providers.standard.hooks.subprocess.SubprocessHook"}
{"timestamp":"2025-07-03T23:42:16.041312","level":"info","event":"25/07/03 23:42:16 INFO BlockManagerInfo: Removed broadcast_7_piece0 on 172.21.0.6:35695 in memory (size: 9.3 KiB, free: 366.2 MiB)","logger":"airflow.task.hooks.airflow.providers.standard.hooks.subprocess.SubprocessHook"}
{"timestamp":"2025-07-03T23:42:16.048814","level":"info","event":"25/07/03 23:42:16 INFO BlockManagerInfo: Removed broadcast_4_piece0 on bdbce0b0eeea:34359 in memory (size: 27.5 KiB, free: 366.2 MiB)","logger":"airflow.task.hooks.airflow.providers.standard.hooks.subprocess.SubprocessHook"}
{"timestamp":"2025-07-03T23:42:16.052131","level":"info","event":"25/07/03 23:42:16 INFO BlockManagerInfo: Removed broadcast_4_piece0 on 172.21.0.6:35695 in memory (size: 27.5 KiB, free: 366.2 MiB)","logger":"airflow.task.hooks.airflow.providers.standard.hooks.subprocess.SubprocessHook"}
{"timestamp":"2025-07-03T23:42:16.450986","level":"info","event":"25/07/03 23:42:16 INFO BlockManagerInfo: Added broadcast_9_piece0 in memory on 172.21.0.6:35695 (size: 27.5 KiB, free: 366.2 MiB)","logger":"airflow.task.hooks.airflow.providers.standard.hooks.subprocess.SubprocessHook"}
{"timestamp":"2025-07-03T23:42:16.861994","level":"info","event":"25/07/03 23:42:16 INFO TaskSetManager: Finished task 0.0 in stage 5.0 (TID 5) in 889 ms on 172.21.0.6 (executor 0) (1/1)","logger":"airflow.task.hooks.airflow.providers.standard.hooks.subprocess.SubprocessHook"}
{"timestamp":"2025-07-03T23:42:16.862195","level":"info","event":"25/07/03 23:42:16 INFO TaskSchedulerImpl: Removed TaskSet 5.0, whose tasks have all completed, from pool","logger":"airflow.task.hooks.airflow.providers.standard.hooks.subprocess.SubprocessHook"}
{"timestamp":"2025-07-03T23:42:16.862261","level":"info","event":"25/07/03 23:42:16 INFO DAGScheduler: ResultStage 5 (parquet at NativeMethodAccessorImpl.java:0) finished in 0.912 s","logger":"airflow.task.hooks.airflow.providers.standard.hooks.subprocess.SubprocessHook"}
{"timestamp":"2025-07-03T23:42:16.862294","level":"info","event":"25/07/03 23:42:16 INFO DAGScheduler: Job 4 is finished. Cancelling potential speculative or zombie tasks for this job","logger":"airflow.task.hooks.airflow.providers.standard.hooks.subprocess.SubprocessHook"}
{"timestamp":"2025-07-03T23:42:16.862324","level":"info","event":"25/07/03 23:42:16 INFO TaskSchedulerImpl: Killing all running tasks in stage 5: Stage finished","logger":"airflow.task.hooks.airflow.providers.standard.hooks.subprocess.SubprocessHook"}
{"timestamp":"2025-07-03T23:42:16.863513","level":"info","event":"25/07/03 23:42:16 INFO DAGScheduler: Job 4 finished: parquet at NativeMethodAccessorImpl.java:0, took 0.917812 s","logger":"airflow.task.hooks.airflow.providers.standard.hooks.subprocess.SubprocessHook"}
{"timestamp":"2025-07-03T23:42:16.930313","level":"info","event":"25/07/03 23:42:16 INFO FileFormatWriter: Write Job 0986c040-980e-4355-ab08-75669c12d685 committed.","logger":"airflow.task.hooks.airflow.providers.standard.hooks.subprocess.SubprocessHook"}
{"timestamp":"2025-07-03T23:42:16.934599","level":"info","event":"25/07/03 23:42:16 INFO FileFormatWriter: Finished processing stats for write job 0986c040-980e-4355-ab08-75669c12d685.","logger":"airflow.task.hooks.airflow.providers.standard.hooks.subprocess.SubprocessHook"}
{"timestamp":"2025-07-03T23:42:16.950440","level":"info","event":"Traceback (most recent call last):","logger":"airflow.task.hooks.airflow.providers.standard.hooks.subprocess.SubprocessHook"}
{"timestamp":"2025-07-03T23:42:16.950608","level":"info","event":"  File \"/opt/spark-apps/get_clean.py\", line 67, in <module>","logger":"airflow.task.hooks.airflow.providers.standard.hooks.subprocess.SubprocessHook"}
{"timestamp":"2025-07-03T23:42:16.953141","level":"info","event":"    .mode(\"overewrite\")\\","logger":"airflow.task.hooks.airflow.providers.standard.hooks.subprocess.SubprocessHook"}
{"timestamp":"2025-07-03T23:42:16.953428","level":"info","event":"  File \"/opt/bitnami/spark/python/lib/pyspark.zip/pyspark/sql/readwriter.py\", line 910, in mode","logger":"airflow.task.hooks.airflow.providers.standard.hooks.subprocess.SubprocessHook"}
{"timestamp":"2025-07-03T23:42:16.953532","level":"info","event":"  File \"/opt/bitnami/spark/python/lib/py4j-0.10.9-src.zip/py4j/java_gateway.py\", line 1305, in __call__","logger":"airflow.task.hooks.airflow.providers.standard.hooks.subprocess.SubprocessHook"}
{"timestamp":"2025-07-03T23:42:16.953577","level":"info","event":"  File \"/opt/bitnami/spark/python/lib/pyspark.zip/pyspark/sql/utils.py\", line 117, in deco","logger":"airflow.task.hooks.airflow.providers.standard.hooks.subprocess.SubprocessHook"}
{"timestamp":"2025-07-03T23:42:16.958878","level":"info","event":"pyspark.sql.utils.IllegalArgumentException: Unknown save mode: overewrite. Accepted save modes are 'overwrite', 'append', 'ignore', 'error', 'errorifexists', 'default'.","logger":"airflow.task.hooks.airflow.providers.standard.hooks.subprocess.SubprocessHook"}
{"timestamp":"2025-07-03T23:42:16.994583","level":"info","event":"25/07/03 23:42:16 INFO SparkContext: Invoking stop() from shutdown hook","logger":"airflow.task.hooks.airflow.providers.standard.hooks.subprocess.SubprocessHook"}
{"timestamp":"2025-07-03T23:42:17.004140","level":"info","event":"25/07/03 23:42:17 INFO SparkUI: Stopped Spark web UI at http://bdbce0b0eeea:4040","logger":"airflow.task.hooks.airflow.providers.standard.hooks.subprocess.SubprocessHook"}
{"timestamp":"2025-07-03T23:42:17.007412","level":"info","event":"25/07/03 23:42:17 INFO StandaloneSchedulerBackend: Shutting down all executors","logger":"airflow.task.hooks.airflow.providers.standard.hooks.subprocess.SubprocessHook"}
{"timestamp":"2025-07-03T23:42:17.007604","level":"info","event":"25/07/03 23:42:17 INFO CoarseGrainedSchedulerBackend$DriverEndpoint: Asking each executor to shut down","logger":"airflow.task.hooks.airflow.providers.standard.hooks.subprocess.SubprocessHook"}
{"timestamp":"2025-07-03T23:42:17.024508","level":"info","event":"25/07/03 23:42:17 INFO MapOutputTrackerMasterEndpoint: MapOutputTrackerMasterEndpoint stopped!","logger":"airflow.task.hooks.airflow.providers.standard.hooks.subprocess.SubprocessHook"}
{"timestamp":"2025-07-03T23:42:17.041064","level":"info","event":"25/07/03 23:42:17 INFO MemoryStore: MemoryStore cleared","logger":"airflow.task.hooks.airflow.providers.standard.hooks.subprocess.SubprocessHook"}
{"timestamp":"2025-07-03T23:42:17.042605","level":"info","event":"25/07/03 23:42:17 INFO BlockManager: BlockManager stopped","logger":"airflow.task.hooks.airflow.providers.standard.hooks.subprocess.SubprocessHook"}
{"timestamp":"2025-07-03T23:42:17.046984","level":"info","event":"25/07/03 23:42:17 INFO BlockManagerMaster: BlockManagerMaster stopped","logger":"airflow.task.hooks.airflow.providers.standard.hooks.subprocess.SubprocessHook"}
{"timestamp":"2025-07-03T23:42:17.049978","level":"info","event":"25/07/03 23:42:17 INFO OutputCommitCoordinator$OutputCommitCoordinatorEndpoint: OutputCommitCoordinator stopped!","logger":"airflow.task.hooks.airflow.providers.standard.hooks.subprocess.SubprocessHook"}
{"timestamp":"2025-07-03T23:42:17.057844","level":"info","event":"25/07/03 23:42:17 INFO SparkContext: Successfully stopped SparkContext","logger":"airflow.task.hooks.airflow.providers.standard.hooks.subprocess.SubprocessHook"}
{"timestamp":"2025-07-03T23:42:17.058015","level":"info","event":"25/07/03 23:42:17 INFO ShutdownHookManager: Shutdown hook called","logger":"airflow.task.hooks.airflow.providers.standard.hooks.subprocess.SubprocessHook"}
{"timestamp":"2025-07-03T23:42:17.058400","level":"info","event":"25/07/03 23:42:17 INFO ShutdownHookManager: Deleting directory /tmp/spark-46a6ab39-c528-44c3-9e5c-b095e8c7a0d8/pyspark-9f84ebcf-6933-4244-93c5-79fcab922c55","logger":"airflow.task.hooks.airflow.providers.standard.hooks.subprocess.SubprocessHook"}
{"timestamp":"2025-07-03T23:42:17.062142","level":"info","event":"25/07/03 23:42:17 INFO ShutdownHookManager: Deleting directory /tmp/spark-46a6ab39-c528-44c3-9e5c-b095e8c7a0d8","logger":"airflow.task.hooks.airflow.providers.standard.hooks.subprocess.SubprocessHook"}
{"timestamp":"2025-07-03T23:42:17.065462","level":"info","event":"25/07/03 23:42:17 INFO ShutdownHookManager: Deleting directory /tmp/spark-9aaa6029-622c-452d-8b6d-cb3345b04009","logger":"airflow.task.hooks.airflow.providers.standard.hooks.subprocess.SubprocessHook"}
{"timestamp":"2025-07-03T23:42:17.216732","level":"info","event":"Command exited with return code 1","logger":"airflow.task.hooks.airflow.providers.standard.hooks.subprocess.SubprocessHook"}
{"timestamp":"2025-07-03T23:42:17.217462","level":"error","event":"Task failed with exception","logger":"task","error_detail":[{"exc_type":"AirflowException","exc_value":"Bash command failed. The command returned a non-zero exit code 1.","exc_notes":[],"syntax_error":null,"is_cause":false,"frames":[{"filename":"/home/airflow/.local/lib/python3.12/site-packages/airflow/sdk/execution_time/task_runner.py","lineno":825,"name":"run"},{"filename":"/home/airflow/.local/lib/python3.12/site-packages/airflow/sdk/execution_time/task_runner.py","lineno":1088,"name":"_execute_task"},{"filename":"/home/airflow/.local/lib/python3.12/site-packages/airflow/sdk/bases/operator.py","lineno":408,"name":"wrapper"},{"filename":"/home/airflow/.local/lib/python3.12/site-packages/airflow/providers/standard/operators/bash.py","lineno":233,"name":"execute"}]}]}
