{"timestamp":"2025-06-30T23:26:32.095050","level":"info","event":"DAG bundles loaded: dags-folder","logger":"airflow.dag_processing.bundles.manager.DagBundlesManager"}
{"timestamp":"2025-06-30T23:26:32.095486","level":"info","event":"Filling up the DagBag from /opt/airflow/dags/telco_to_hdfs_dag.py","logger":"airflow.models.dagbag.DagBag"}
{"timestamp":"2025-06-30T23:26:32.111354","level":"info","event":"Tmp dir root location: /tmp","logger":"airflow.task.hooks.airflow.providers.standard.hooks.subprocess.SubprocessHook"}
{"timestamp":"2025-06-30T23:26:32.111903","level":"info","event":"Running command: ['/usr/bin/bash', '-c', 'docker exec spark-master /spark/bin/spark-submit /opt/spark-apps/get_clean.py']","logger":"airflow.task.hooks.airflow.providers.standard.hooks.subprocess.SubprocessHook"}
{"timestamp":"2025-06-30T23:26:32.120693","level":"info","event":"Output:","logger":"airflow.task.hooks.airflow.providers.standard.hooks.subprocess.SubprocessHook"}
{"timestamp":"2025-06-30T23:26:33.462790","level":"info","event":"25/06/30 23:26:33 WARN NativeCodeLoader: Unable to load native-hadoop library for your platform... using builtin-java classes where applicable","logger":"airflow.task.hooks.airflow.providers.standard.hooks.subprocess.SubprocessHook"}
{"timestamp":"2025-06-30T23:26:34.011385","level":"info","event":"Using Spark's default log4j profile: org/apache/spark/log4j-defaults.properties","logger":"airflow.task.hooks.airflow.providers.standard.hooks.subprocess.SubprocessHook"}
{"timestamp":"2025-06-30T23:26:34.019744","level":"info","event":"25/06/30 23:26:34 INFO SparkContext: Running Spark version 3.1.1","logger":"airflow.task.hooks.airflow.providers.standard.hooks.subprocess.SubprocessHook"}
{"timestamp":"2025-06-30T23:26:34.054966","level":"info","event":"25/06/30 23:26:34 INFO ResourceUtils: ==============================================================","logger":"airflow.task.hooks.airflow.providers.standard.hooks.subprocess.SubprocessHook"}
{"timestamp":"2025-06-30T23:26:34.055150","level":"info","event":"25/06/30 23:26:34 INFO ResourceUtils: No custom resources configured for spark.driver.","logger":"airflow.task.hooks.airflow.providers.standard.hooks.subprocess.SubprocessHook"}
{"timestamp":"2025-06-30T23:26:34.055219","level":"info","event":"25/06/30 23:26:34 INFO ResourceUtils: ==============================================================","logger":"airflow.task.hooks.airflow.providers.standard.hooks.subprocess.SubprocessHook"}
{"timestamp":"2025-06-30T23:26:34.055695","level":"info","event":"25/06/30 23:26:34 INFO SparkContext: Submitted application: TelcoExploration","logger":"airflow.task.hooks.airflow.providers.standard.hooks.subprocess.SubprocessHook"}
{"timestamp":"2025-06-30T23:26:34.077219","level":"info","event":"25/06/30 23:26:34 INFO ResourceProfile: Default ResourceProfile created, executor resources: Map(cores -> name: cores, amount: 1, script: , vendor: , memory -> name: memory, amount: 1024, script: , vendor: , offHeap -> name: offHeap, amount: 0, script: , vendor: ), task resources: Map(cpus -> name: cpus, amount: 1.0)","logger":"airflow.task.hooks.airflow.providers.standard.hooks.subprocess.SubprocessHook"}
{"timestamp":"2025-06-30T23:26:34.090877","level":"info","event":"25/06/30 23:26:34 INFO ResourceProfile: Limiting resource is cpu","logger":"airflow.task.hooks.airflow.providers.standard.hooks.subprocess.SubprocessHook"}
{"timestamp":"2025-06-30T23:26:34.091076","level":"info","event":"25/06/30 23:26:34 INFO ResourceProfileManager: Added ResourceProfile id: 0","logger":"airflow.task.hooks.airflow.providers.standard.hooks.subprocess.SubprocessHook"}
{"timestamp":"2025-06-30T23:26:34.140110","level":"info","event":"25/06/30 23:26:34 INFO SecurityManager: Changing view acls to: root","logger":"airflow.task.hooks.airflow.providers.standard.hooks.subprocess.SubprocessHook"}
{"timestamp":"2025-06-30T23:26:34.140334","level":"info","event":"25/06/30 23:26:34 INFO SecurityManager: Changing modify acls to: root","logger":"airflow.task.hooks.airflow.providers.standard.hooks.subprocess.SubprocessHook"}
{"timestamp":"2025-06-30T23:26:34.140415","level":"info","event":"25/06/30 23:26:34 INFO SecurityManager: Changing view acls groups to:","logger":"airflow.task.hooks.airflow.providers.standard.hooks.subprocess.SubprocessHook"}
{"timestamp":"2025-06-30T23:26:34.140468","level":"info","event":"25/06/30 23:26:34 INFO SecurityManager: Changing modify acls groups to:","logger":"airflow.task.hooks.airflow.providers.standard.hooks.subprocess.SubprocessHook"}
{"timestamp":"2025-06-30T23:26:34.140508","level":"info","event":"25/06/30 23:26:34 INFO SecurityManager: SecurityManager: authentication disabled; ui acls disabled; users  with view permissions: Set(root); groups with view permissions: Set(); users  with modify permissions: Set(root); groups with modify permissions: Set()","logger":"airflow.task.hooks.airflow.providers.standard.hooks.subprocess.SubprocessHook"}
{"timestamp":"2025-06-30T23:26:34.318186","level":"info","event":"25/06/30 23:26:34 INFO Utils: Successfully started service 'sparkDriver' on port 46201.","logger":"airflow.task.hooks.airflow.providers.standard.hooks.subprocess.SubprocessHook"}
{"timestamp":"2025-06-30T23:26:34.345642","level":"info","event":"25/06/30 23:26:34 INFO SparkEnv: Registering MapOutputTracker","logger":"airflow.task.hooks.airflow.providers.standard.hooks.subprocess.SubprocessHook"}
{"timestamp":"2025-06-30T23:26:34.373899","level":"info","event":"25/06/30 23:26:34 INFO SparkEnv: Registering BlockManagerMaster","logger":"airflow.task.hooks.airflow.providers.standard.hooks.subprocess.SubprocessHook"}
{"timestamp":"2025-06-30T23:26:34.393865","level":"info","event":"25/06/30 23:26:34 INFO BlockManagerMasterEndpoint: Using org.apache.spark.storage.DefaultTopologyMapper for getting topology information","logger":"airflow.task.hooks.airflow.providers.standard.hooks.subprocess.SubprocessHook"}
{"timestamp":"2025-06-30T23:26:34.394015","level":"info","event":"25/06/30 23:26:34 INFO BlockManagerMasterEndpoint: BlockManagerMasterEndpoint up","logger":"airflow.task.hooks.airflow.providers.standard.hooks.subprocess.SubprocessHook"}
{"timestamp":"2025-06-30T23:26:34.397742","level":"info","event":"25/06/30 23:26:34 INFO SparkEnv: Registering BlockManagerMasterHeartbeat","logger":"airflow.task.hooks.airflow.providers.standard.hooks.subprocess.SubprocessHook"}
{"timestamp":"2025-06-30T23:26:34.410046","level":"info","event":"25/06/30 23:26:34 INFO DiskBlockManager: Created local directory at /tmp/blockmgr-821149b4-7d2d-4d31-bfe6-90fb0cd35e47","logger":"airflow.task.hooks.airflow.providers.standard.hooks.subprocess.SubprocessHook"}
{"timestamp":"2025-06-30T23:26:34.431338","level":"info","event":"25/06/30 23:26:34 INFO MemoryStore: MemoryStore started with capacity 366.3 MiB","logger":"airflow.task.hooks.airflow.providers.standard.hooks.subprocess.SubprocessHook"}
{"timestamp":"2025-06-30T23:26:34.445527","level":"info","event":"25/06/30 23:26:34 INFO SparkEnv: Registering OutputCommitCoordinator","logger":"airflow.task.hooks.airflow.providers.standard.hooks.subprocess.SubprocessHook"}
{"timestamp":"2025-06-30T23:26:34.664224","level":"info","event":"25/06/30 23:26:34 INFO Utils: Successfully started service 'SparkUI' on port 4040.","logger":"airflow.task.hooks.airflow.providers.standard.hooks.subprocess.SubprocessHook"}
{"timestamp":"2025-06-30T23:26:34.711855","level":"info","event":"25/06/30 23:26:34 INFO SparkUI: Bound SparkUI to 0.0.0.0, and started at http://a5088bcdb211:4040","logger":"airflow.task.hooks.airflow.providers.standard.hooks.subprocess.SubprocessHook"}
{"timestamp":"2025-06-30T23:26:34.905134","level":"info","event":"25/06/30 23:26:34 INFO StandaloneAppClient$ClientEndpoint: Connecting to master spark://spark-master:7077...","logger":"airflow.task.hooks.airflow.providers.standard.hooks.subprocess.SubprocessHook"}
{"timestamp":"2025-06-30T23:26:34.952257","level":"info","event":"25/06/30 23:26:34 INFO TransportClientFactory: Successfully created connection to spark-master/172.21.0.4:7077 after 30 ms (0 ms spent in bootstraps)","logger":"airflow.task.hooks.airflow.providers.standard.hooks.subprocess.SubprocessHook"}
{"timestamp":"2025-06-30T23:26:35.028322","level":"info","event":"25/06/30 23:26:35 INFO StandaloneSchedulerBackend: Connected to Spark cluster with app ID app-20250630232635-0001","logger":"airflow.task.hooks.airflow.providers.standard.hooks.subprocess.SubprocessHook"}
{"timestamp":"2025-06-30T23:26:35.030486","level":"info","event":"25/06/30 23:26:35 INFO StandaloneAppClient$ClientEndpoint: Executor added: app-20250630232635-0001/0 on worker-20250630232508-172.21.0.6-34681 (172.21.0.6:34681) with 12 core(s)","logger":"airflow.task.hooks.airflow.providers.standard.hooks.subprocess.SubprocessHook"}
{"timestamp":"2025-06-30T23:26:35.031994","level":"info","event":"25/06/30 23:26:35 INFO StandaloneSchedulerBackend: Granted executor ID app-20250630232635-0001/0 on hostPort 172.21.0.6:34681 with 12 core(s), 1024.0 MiB RAM","logger":"airflow.task.hooks.airflow.providers.standard.hooks.subprocess.SubprocessHook"}
{"timestamp":"2025-06-30T23:26:35.035413","level":"info","event":"25/06/30 23:26:35 INFO Utils: Successfully started service 'org.apache.spark.network.netty.NettyBlockTransferService' on port 46287.","logger":"airflow.task.hooks.airflow.providers.standard.hooks.subprocess.SubprocessHook"}
{"timestamp":"2025-06-30T23:26:35.035557","level":"info","event":"25/06/30 23:26:35 INFO NettyBlockTransferService: Server created on a5088bcdb211:46287","logger":"airflow.task.hooks.airflow.providers.standard.hooks.subprocess.SubprocessHook"}
{"timestamp":"2025-06-30T23:26:35.037552","level":"info","event":"25/06/30 23:26:35 INFO BlockManager: Using org.apache.spark.storage.RandomBlockReplicationPolicy for block replication policy","logger":"airflow.task.hooks.airflow.providers.standard.hooks.subprocess.SubprocessHook"}
{"timestamp":"2025-06-30T23:26:35.047055","level":"info","event":"25/06/30 23:26:35 INFO BlockManagerMaster: Registering BlockManager BlockManagerId(driver, a5088bcdb211, 46287, None)","logger":"airflow.task.hooks.airflow.providers.standard.hooks.subprocess.SubprocessHook"}
{"timestamp":"2025-06-30T23:26:35.050305","level":"info","event":"25/06/30 23:26:35 INFO BlockManagerMasterEndpoint: Registering block manager a5088bcdb211:46287 with 366.3 MiB RAM, BlockManagerId(driver, a5088bcdb211, 46287, None)","logger":"airflow.task.hooks.airflow.providers.standard.hooks.subprocess.SubprocessHook"}
{"timestamp":"2025-06-30T23:26:35.053161","level":"info","event":"25/06/30 23:26:35 INFO BlockManagerMaster: Registered BlockManager BlockManagerId(driver, a5088bcdb211, 46287, None)","logger":"airflow.task.hooks.airflow.providers.standard.hooks.subprocess.SubprocessHook"}
{"timestamp":"2025-06-30T23:26:35.054638","level":"info","event":"25/06/30 23:26:35 INFO BlockManager: Initialized BlockManager: BlockManagerId(driver, a5088bcdb211, 46287, None)","logger":"airflow.task.hooks.airflow.providers.standard.hooks.subprocess.SubprocessHook"}
{"timestamp":"2025-06-30T23:26:35.062982","level":"info","event":"25/06/30 23:26:35 INFO StandaloneAppClient$ClientEndpoint: Executor updated: app-20250630232635-0001/0 is now RUNNING","logger":"airflow.task.hooks.airflow.providers.standard.hooks.subprocess.SubprocessHook"}
{"timestamp":"2025-06-30T23:26:35.225379","level":"info","event":"25/06/30 23:26:35 INFO StandaloneSchedulerBackend: SchedulerBackend is ready for scheduling beginning after reached minRegisteredResourcesRatio: 0.0","logger":"airflow.task.hooks.airflow.providers.standard.hooks.subprocess.SubprocessHook"}
{"timestamp":"2025-06-30T23:26:35.478701","level":"info","event":"25/06/30 23:26:35 INFO SharedState: Setting hive.metastore.warehouse.dir ('null') to the value of spark.sql.warehouse.dir ('file:/spark-warehouse').","logger":"airflow.task.hooks.airflow.providers.standard.hooks.subprocess.SubprocessHook"}
{"timestamp":"2025-06-30T23:26:35.478923","level":"info","event":"25/06/30 23:26:35 INFO SharedState: Warehouse path is 'file:/spark-warehouse'.","logger":"airflow.task.hooks.airflow.providers.standard.hooks.subprocess.SubprocessHook"}
{"timestamp":"2025-06-30T23:26:36.747104","level":"info","event":"25/06/30 23:26:36 INFO InMemoryFileIndex: It took 62 ms to list leaf files for 1 paths.","logger":"airflow.task.hooks.airflow.providers.standard.hooks.subprocess.SubprocessHook"}
{"timestamp":"2025-06-30T23:26:36.807573","level":"info","event":"25/06/30 23:26:36 INFO InMemoryFileIndex: It took 5 ms to list leaf files for 1 paths.","logger":"airflow.task.hooks.airflow.providers.standard.hooks.subprocess.SubprocessHook"}
{"timestamp":"2025-06-30T23:26:37.032780","level":"info","event":"25/06/30 23:26:37 INFO CoarseGrainedSchedulerBackend$DriverEndpoint: Registered executor NettyRpcEndpointRef(spark-client://Executor) (172.21.0.6:49980) with ID 0,  ResourceProfileId 0","logger":"airflow.task.hooks.airflow.providers.standard.hooks.subprocess.SubprocessHook"}
{"timestamp":"2025-06-30T23:26:37.139125","level":"info","event":"25/06/30 23:26:37 INFO BlockManagerMasterEndpoint: Registering block manager 172.21.0.6:41841 with 366.3 MiB RAM, BlockManagerId(0, 172.21.0.6, 41841, None)","logger":"airflow.task.hooks.airflow.providers.standard.hooks.subprocess.SubprocessHook"}
{"timestamp":"2025-06-30T23:26:38.794026","level":"info","event":"25/06/30 23:26:38 INFO FileSourceStrategy: Pushed Filters:","logger":"airflow.task.hooks.airflow.providers.standard.hooks.subprocess.SubprocessHook"}
{"timestamp":"2025-06-30T23:26:38.798092","level":"info","event":"25/06/30 23:26:38 INFO FileSourceStrategy: Post-Scan Filters: (length(trim(value#0, None)) > 0)","logger":"airflow.task.hooks.airflow.providers.standard.hooks.subprocess.SubprocessHook"}
{"timestamp":"2025-06-30T23:26:38.801739","level":"info","event":"25/06/30 23:26:38 INFO FileSourceStrategy: Output Data Schema: struct<value: string>","logger":"airflow.task.hooks.airflow.providers.standard.hooks.subprocess.SubprocessHook"}
{"timestamp":"2025-06-30T23:26:39.459163","level":"info","event":"25/06/30 23:26:39 INFO CodeGenerator: Code generated in 258.62814 ms","logger":"airflow.task.hooks.airflow.providers.standard.hooks.subprocess.SubprocessHook"}
{"timestamp":"2025-06-30T23:26:39.514363","level":"info","event":"25/06/30 23:26:39 INFO MemoryStore: Block broadcast_0 stored as values in memory (estimated size 303.8 KiB, free 366.0 MiB)","logger":"airflow.task.hooks.airflow.providers.standard.hooks.subprocess.SubprocessHook"}
{"timestamp":"2025-06-30T23:26:39.571006","level":"info","event":"25/06/30 23:26:39 INFO MemoryStore: Block broadcast_0_piece0 stored as bytes in memory (estimated size 27.5 KiB, free 366.0 MiB)","logger":"airflow.task.hooks.airflow.providers.standard.hooks.subprocess.SubprocessHook"}
{"timestamp":"2025-06-30T23:26:39.574117","level":"info","event":"25/06/30 23:26:39 INFO BlockManagerInfo: Added broadcast_0_piece0 in memory on a5088bcdb211:46287 (size: 27.5 KiB, free: 366.3 MiB)","logger":"airflow.task.hooks.airflow.providers.standard.hooks.subprocess.SubprocessHook"}
{"timestamp":"2025-06-30T23:26:39.576997","level":"info","event":"25/06/30 23:26:39 INFO SparkContext: Created broadcast 0 from csv at NativeMethodAccessorImpl.java:0","logger":"airflow.task.hooks.airflow.providers.standard.hooks.subprocess.SubprocessHook"}
{"timestamp":"2025-06-30T23:26:39.587278","level":"info","event":"25/06/30 23:26:39 INFO FileSourceScanExec: Planning scan with bin packing, max size: 4194304 bytes, open cost is considered as scanning 4194304 bytes.","logger":"airflow.task.hooks.airflow.providers.standard.hooks.subprocess.SubprocessHook"}
{"timestamp":"2025-06-30T23:26:39.686366","level":"info","event":"25/06/30 23:26:39 INFO SparkContext: Starting job: csv at NativeMethodAccessorImpl.java:0","logger":"airflow.task.hooks.airflow.providers.standard.hooks.subprocess.SubprocessHook"}
{"timestamp":"2025-06-30T23:26:39.699683","level":"info","event":"25/06/30 23:26:39 INFO DAGScheduler: Got job 0 (csv at NativeMethodAccessorImpl.java:0) with 1 output partitions","logger":"airflow.task.hooks.airflow.providers.standard.hooks.subprocess.SubprocessHook"}
{"timestamp":"2025-06-30T23:26:39.700069","level":"info","event":"25/06/30 23:26:39 INFO DAGScheduler: Final stage: ResultStage 0 (csv at NativeMethodAccessorImpl.java:0)","logger":"airflow.task.hooks.airflow.providers.standard.hooks.subprocess.SubprocessHook"}
{"timestamp":"2025-06-30T23:26:39.700616","level":"info","event":"25/06/30 23:26:39 INFO DAGScheduler: Parents of final stage: List()","logger":"airflow.task.hooks.airflow.providers.standard.hooks.subprocess.SubprocessHook"}
{"timestamp":"2025-06-30T23:26:39.702167","level":"info","event":"25/06/30 23:26:39 INFO DAGScheduler: Missing parents: List()","logger":"airflow.task.hooks.airflow.providers.standard.hooks.subprocess.SubprocessHook"}
{"timestamp":"2025-06-30T23:26:39.706616","level":"info","event":"25/06/30 23:26:39 INFO DAGScheduler: Submitting ResultStage 0 (MapPartitionsRDD[3] at csv at NativeMethodAccessorImpl.java:0), which has no missing parents","logger":"airflow.task.hooks.airflow.providers.standard.hooks.subprocess.SubprocessHook"}
{"timestamp":"2025-06-30T23:26:39.761301","level":"info","event":"25/06/30 23:26:39 INFO MemoryStore: Block broadcast_1 stored as values in memory (estimated size 10.8 KiB, free 366.0 MiB)","logger":"airflow.task.hooks.airflow.providers.standard.hooks.subprocess.SubprocessHook"}
{"timestamp":"2025-06-30T23:26:39.764072","level":"info","event":"25/06/30 23:26:39 INFO MemoryStore: Block broadcast_1_piece0 stored as bytes in memory (estimated size 5.4 KiB, free 366.0 MiB)","logger":"airflow.task.hooks.airflow.providers.standard.hooks.subprocess.SubprocessHook"}
{"timestamp":"2025-06-30T23:26:39.764423","level":"info","event":"25/06/30 23:26:39 INFO BlockManagerInfo: Added broadcast_1_piece0 in memory on a5088bcdb211:46287 (size: 5.4 KiB, free: 366.3 MiB)","logger":"airflow.task.hooks.airflow.providers.standard.hooks.subprocess.SubprocessHook"}
{"timestamp":"2025-06-30T23:26:39.764990","level":"info","event":"25/06/30 23:26:39 INFO SparkContext: Created broadcast 1 from broadcast at DAGScheduler.scala:1383","logger":"airflow.task.hooks.airflow.providers.standard.hooks.subprocess.SubprocessHook"}
{"timestamp":"2025-06-30T23:26:39.777408","level":"info","event":"25/06/30 23:26:39 INFO DAGScheduler: Submitting 1 missing tasks from ResultStage 0 (MapPartitionsRDD[3] at csv at NativeMethodAccessorImpl.java:0) (first 15 tasks are for partitions Vector(0))","logger":"airflow.task.hooks.airflow.providers.standard.hooks.subprocess.SubprocessHook"}
{"timestamp":"2025-06-30T23:26:39.777879","level":"info","event":"25/06/30 23:26:39 INFO TaskSchedulerImpl: Adding task set 0.0 with 1 tasks resource profile 0","logger":"airflow.task.hooks.airflow.providers.standard.hooks.subprocess.SubprocessHook"}
{"timestamp":"2025-06-30T23:26:39.811609","level":"info","event":"25/06/30 23:26:39 INFO TaskSetManager: Starting task 0.0 in stage 0.0 (TID 0) (172.21.0.6, executor 0, partition 0, ANY, 4876 bytes) taskResourceAssignments Map()","logger":"airflow.task.hooks.airflow.providers.standard.hooks.subprocess.SubprocessHook"}
{"timestamp":"2025-06-30T23:26:40.047179","level":"info","event":"25/06/30 23:26:40 INFO BlockManagerInfo: Added broadcast_1_piece0 in memory on 172.21.0.6:41841 (size: 5.4 KiB, free: 366.3 MiB)","logger":"airflow.task.hooks.airflow.providers.standard.hooks.subprocess.SubprocessHook"}
{"timestamp":"2025-06-30T23:26:40.849533","level":"info","event":"25/06/30 23:26:40 INFO BlockManagerInfo: Added broadcast_0_piece0 in memory on 172.21.0.6:41841 (size: 27.5 KiB, free: 366.3 MiB)","logger":"airflow.task.hooks.airflow.providers.standard.hooks.subprocess.SubprocessHook"}
{"timestamp":"2025-06-30T23:26:41.529754","level":"info","event":"25/06/30 23:26:41 INFO TaskSetManager: Finished task 0.0 in stage 0.0 (TID 0) in 1727 ms on 172.21.0.6 (executor 0) (1/1)","logger":"airflow.task.hooks.airflow.providers.standard.hooks.subprocess.SubprocessHook"}
{"timestamp":"2025-06-30T23:26:41.532185","level":"info","event":"25/06/30 23:26:41 INFO TaskSchedulerImpl: Removed TaskSet 0.0, whose tasks have all completed, from pool","logger":"airflow.task.hooks.airflow.providers.standard.hooks.subprocess.SubprocessHook"}
{"timestamp":"2025-06-30T23:26:41.538136","level":"info","event":"25/06/30 23:26:41 INFO DAGScheduler: ResultStage 0 (csv at NativeMethodAccessorImpl.java:0) finished in 1.815 s","logger":"airflow.task.hooks.airflow.providers.standard.hooks.subprocess.SubprocessHook"}
{"timestamp":"2025-06-30T23:26:41.541605","level":"info","event":"25/06/30 23:26:41 INFO DAGScheduler: Job 0 is finished. Cancelling potential speculative or zombie tasks for this job","logger":"airflow.task.hooks.airflow.providers.standard.hooks.subprocess.SubprocessHook"}
{"timestamp":"2025-06-30T23:26:41.541785","level":"info","event":"25/06/30 23:26:41 INFO TaskSchedulerImpl: Killing all running tasks in stage 0: Stage finished","logger":"airflow.task.hooks.airflow.providers.standard.hooks.subprocess.SubprocessHook"}
{"timestamp":"2025-06-30T23:26:41.544950","level":"info","event":"25/06/30 23:26:41 INFO DAGScheduler: Job 0 finished: csv at NativeMethodAccessorImpl.java:0, took 1.857538 s","logger":"airflow.task.hooks.airflow.providers.standard.hooks.subprocess.SubprocessHook"}
{"timestamp":"2025-06-30T23:26:41.565918","level":"info","event":"25/06/30 23:26:41 INFO CodeGenerator: Code generated in 11.502308 ms","logger":"airflow.task.hooks.airflow.providers.standard.hooks.subprocess.SubprocessHook"}
{"timestamp":"2025-06-30T23:26:41.607301","level":"info","event":"25/06/30 23:26:41 INFO FileSourceStrategy: Pushed Filters:","logger":"airflow.task.hooks.airflow.providers.standard.hooks.subprocess.SubprocessHook"}
{"timestamp":"2025-06-30T23:26:41.607450","level":"info","event":"25/06/30 23:26:41 INFO FileSourceStrategy: Post-Scan Filters:","logger":"airflow.task.hooks.airflow.providers.standard.hooks.subprocess.SubprocessHook"}
{"timestamp":"2025-06-30T23:26:41.607502","level":"info","event":"25/06/30 23:26:41 INFO FileSourceStrategy: Output Data Schema: struct<value: string>","logger":"airflow.task.hooks.airflow.providers.standard.hooks.subprocess.SubprocessHook"}
{"timestamp":"2025-06-30T23:26:41.614993","level":"info","event":"25/06/30 23:26:41 INFO MemoryStore: Block broadcast_2 stored as values in memory (estimated size 303.8 KiB, free 365.7 MiB)","logger":"airflow.task.hooks.airflow.providers.standard.hooks.subprocess.SubprocessHook"}
{"timestamp":"2025-06-30T23:26:41.636662","level":"info","event":"25/06/30 23:26:41 INFO MemoryStore: Block broadcast_2_piece0 stored as bytes in memory (estimated size 27.5 KiB, free 365.6 MiB)","logger":"airflow.task.hooks.airflow.providers.standard.hooks.subprocess.SubprocessHook"}
{"timestamp":"2025-06-30T23:26:41.638641","level":"info","event":"25/06/30 23:26:41 INFO BlockManagerInfo: Added broadcast_2_piece0 in memory on a5088bcdb211:46287 (size: 27.5 KiB, free: 366.2 MiB)","logger":"airflow.task.hooks.airflow.providers.standard.hooks.subprocess.SubprocessHook"}
{"timestamp":"2025-06-30T23:26:41.641439","level":"info","event":"25/06/30 23:26:41 INFO SparkContext: Created broadcast 2 from csv at NativeMethodAccessorImpl.java:0","logger":"airflow.task.hooks.airflow.providers.standard.hooks.subprocess.SubprocessHook"}
{"timestamp":"2025-06-30T23:26:41.644422","level":"info","event":"25/06/30 23:26:41 INFO FileSourceScanExec: Planning scan with bin packing, max size: 4194304 bytes, open cost is considered as scanning 4194304 bytes.","logger":"airflow.task.hooks.airflow.providers.standard.hooks.subprocess.SubprocessHook"}
{"timestamp":"2025-06-30T23:26:41.698930","level":"info","event":"25/06/30 23:26:41 INFO SparkContext: Starting job: csv at NativeMethodAccessorImpl.java:0","logger":"airflow.task.hooks.airflow.providers.standard.hooks.subprocess.SubprocessHook"}
{"timestamp":"2025-06-30T23:26:41.700009","level":"info","event":"25/06/30 23:26:41 INFO DAGScheduler: Got job 1 (csv at NativeMethodAccessorImpl.java:0) with 1 output partitions","logger":"airflow.task.hooks.airflow.providers.standard.hooks.subprocess.SubprocessHook"}
{"timestamp":"2025-06-30T23:26:41.700149","level":"info","event":"25/06/30 23:26:41 INFO DAGScheduler: Final stage: ResultStage 1 (csv at NativeMethodAccessorImpl.java:0)","logger":"airflow.task.hooks.airflow.providers.standard.hooks.subprocess.SubprocessHook"}
{"timestamp":"2025-06-30T23:26:41.700204","level":"info","event":"25/06/30 23:26:41 INFO DAGScheduler: Parents of final stage: List()","logger":"airflow.task.hooks.airflow.providers.standard.hooks.subprocess.SubprocessHook"}
{"timestamp":"2025-06-30T23:26:41.700448","level":"info","event":"25/06/30 23:26:41 INFO DAGScheduler: Missing parents: List()","logger":"airflow.task.hooks.airflow.providers.standard.hooks.subprocess.SubprocessHook"}
{"timestamp":"2025-06-30T23:26:41.701356","level":"info","event":"25/06/30 23:26:41 INFO DAGScheduler: Submitting ResultStage 1 (MapPartitionsRDD[9] at csv at NativeMethodAccessorImpl.java:0), which has no missing parents","logger":"airflow.task.hooks.airflow.providers.standard.hooks.subprocess.SubprocessHook"}
{"timestamp":"2025-06-30T23:26:41.721266","level":"info","event":"25/06/30 23:26:41 INFO MemoryStore: Block broadcast_3 stored as values in memory (estimated size 15.8 KiB, free 365.6 MiB)","logger":"airflow.task.hooks.airflow.providers.standard.hooks.subprocess.SubprocessHook"}
{"timestamp":"2025-06-30T23:26:41.722762","level":"info","event":"25/06/30 23:26:41 INFO MemoryStore: Block broadcast_3_piece0 stored as bytes in memory (estimated size 8.0 KiB, free 365.6 MiB)","logger":"airflow.task.hooks.airflow.providers.standard.hooks.subprocess.SubprocessHook"}
{"timestamp":"2025-06-30T23:26:41.723075","level":"info","event":"25/06/30 23:26:41 INFO BlockManagerInfo: Added broadcast_3_piece0 in memory on a5088bcdb211:46287 (size: 8.0 KiB, free: 366.2 MiB)","logger":"airflow.task.hooks.airflow.providers.standard.hooks.subprocess.SubprocessHook"}
{"timestamp":"2025-06-30T23:26:41.723765","level":"info","event":"25/06/30 23:26:41 INFO SparkContext: Created broadcast 3 from broadcast at DAGScheduler.scala:1383","logger":"airflow.task.hooks.airflow.providers.standard.hooks.subprocess.SubprocessHook"}
{"timestamp":"2025-06-30T23:26:41.724440","level":"info","event":"25/06/30 23:26:41 INFO DAGScheduler: Submitting 1 missing tasks from ResultStage 1 (MapPartitionsRDD[9] at csv at NativeMethodAccessorImpl.java:0) (first 15 tasks are for partitions Vector(0))","logger":"airflow.task.hooks.airflow.providers.standard.hooks.subprocess.SubprocessHook"}
{"timestamp":"2025-06-30T23:26:41.724525","level":"info","event":"25/06/30 23:26:41 INFO TaskSchedulerImpl: Adding task set 1.0 with 1 tasks resource profile 0","logger":"airflow.task.hooks.airflow.providers.standard.hooks.subprocess.SubprocessHook"}
{"timestamp":"2025-06-30T23:26:41.725825","level":"info","event":"25/06/30 23:26:41 INFO TaskSetManager: Starting task 0.0 in stage 1.0 (TID 1) (172.21.0.6, executor 0, partition 0, ANY, 4876 bytes) taskResourceAssignments Map()","logger":"airflow.task.hooks.airflow.providers.standard.hooks.subprocess.SubprocessHook"}
{"timestamp":"2025-06-30T23:26:41.745375","level":"info","event":"25/06/30 23:26:41 INFO BlockManagerInfo: Added broadcast_3_piece0 in memory on 172.21.0.6:41841 (size: 8.0 KiB, free: 366.3 MiB)","logger":"airflow.task.hooks.airflow.providers.standard.hooks.subprocess.SubprocessHook"}
{"timestamp":"2025-06-30T23:26:42.822157","level":"info","event":"25/06/30 23:26:42 INFO BlockManagerInfo: Added broadcast_2_piece0 in memory on 172.21.0.6:41841 (size: 27.5 KiB, free: 366.2 MiB)","logger":"airflow.task.hooks.airflow.providers.standard.hooks.subprocess.SubprocessHook"}
{"timestamp":"2025-06-30T23:26:43.035836","level":"info","event":"25/06/30 23:26:43 INFO TaskSetManager: Finished task 0.0 in stage 1.0 (TID 1) in 1310 ms on 172.21.0.6 (executor 0) (1/1)","logger":"airflow.task.hooks.airflow.providers.standard.hooks.subprocess.SubprocessHook"}
{"timestamp":"2025-06-30T23:26:43.036047","level":"info","event":"25/06/30 23:26:43 INFO TaskSchedulerImpl: Removed TaskSet 1.0, whose tasks have all completed, from pool","logger":"airflow.task.hooks.airflow.providers.standard.hooks.subprocess.SubprocessHook"}
{"timestamp":"2025-06-30T23:26:43.036970","level":"info","event":"25/06/30 23:26:43 INFO DAGScheduler: ResultStage 1 (csv at NativeMethodAccessorImpl.java:0) finished in 1.334 s","logger":"airflow.task.hooks.airflow.providers.standard.hooks.subprocess.SubprocessHook"}
{"timestamp":"2025-06-30T23:26:43.037119","level":"info","event":"25/06/30 23:26:43 INFO DAGScheduler: Job 1 is finished. Cancelling potential speculative or zombie tasks for this job","logger":"airflow.task.hooks.airflow.providers.standard.hooks.subprocess.SubprocessHook"}
{"timestamp":"2025-06-30T23:26:43.037184","level":"info","event":"25/06/30 23:26:43 INFO TaskSchedulerImpl: Killing all running tasks in stage 1: Stage finished","logger":"airflow.task.hooks.airflow.providers.standard.hooks.subprocess.SubprocessHook"}
{"timestamp":"2025-06-30T23:26:43.038755","level":"info","event":"25/06/30 23:26:43 INFO DAGScheduler: Job 1 finished: csv at NativeMethodAccessorImpl.java:0, took 1.339694 s","logger":"airflow.task.hooks.airflow.providers.standard.hooks.subprocess.SubprocessHook"}
{"timestamp":"2025-06-30T23:26:43.577559","level":"info","event":"25/06/30 23:26:43 INFO FileSourceStrategy: Pushed Filters:","logger":"airflow.task.hooks.airflow.providers.standard.hooks.subprocess.SubprocessHook"}
{"timestamp":"2025-06-30T23:26:43.577748","level":"info","event":"25/06/30 23:26:43 INFO FileSourceStrategy: Post-Scan Filters:","logger":"airflow.task.hooks.airflow.providers.standard.hooks.subprocess.SubprocessHook"}
{"timestamp":"2025-06-30T23:26:43.577826","level":"info","event":"25/06/30 23:26:43 INFO FileSourceStrategy: Output Data Schema: struct<customerID: string, gender: string, SeniorCitizen: int, Partner: string, Dependents: string ... 19 more fields>","logger":"airflow.task.hooks.airflow.providers.standard.hooks.subprocess.SubprocessHook"}
{"timestamp":"2025-06-30T23:26:43.629540","level":"info","event":"25/06/30 23:26:43 INFO ParquetFileFormat: Using default output committer for Parquet: org.apache.parquet.hadoop.ParquetOutputCommitter","logger":"airflow.task.hooks.airflow.providers.standard.hooks.subprocess.SubprocessHook"}
{"timestamp":"2025-06-30T23:26:43.649136","level":"info","event":"25/06/30 23:26:43 INFO FileOutputCommitter: File Output Committer Algorithm version is 1","logger":"airflow.task.hooks.airflow.providers.standard.hooks.subprocess.SubprocessHook"}
{"timestamp":"2025-06-30T23:26:43.649996","level":"info","event":"25/06/30 23:26:43 INFO FileOutputCommitter: FileOutputCommitter skip cleanup _temporary folders under output directory:false, ignore cleanup failures: false","logger":"airflow.task.hooks.airflow.providers.standard.hooks.subprocess.SubprocessHook"}
{"timestamp":"2025-06-30T23:26:43.651613","level":"info","event":"25/06/30 23:26:43 INFO SQLHadoopMapReduceCommitProtocol: Using user defined output committer class org.apache.parquet.hadoop.ParquetOutputCommitter","logger":"airflow.task.hooks.airflow.providers.standard.hooks.subprocess.SubprocessHook"}
{"timestamp":"2025-06-30T23:26:43.651895","level":"info","event":"25/06/30 23:26:43 INFO FileOutputCommitter: File Output Committer Algorithm version is 1","logger":"airflow.task.hooks.airflow.providers.standard.hooks.subprocess.SubprocessHook"}
{"timestamp":"2025-06-30T23:26:43.652035","level":"info","event":"25/06/30 23:26:43 INFO FileOutputCommitter: FileOutputCommitter skip cleanup _temporary folders under output directory:false, ignore cleanup failures: false","logger":"airflow.task.hooks.airflow.providers.standard.hooks.subprocess.SubprocessHook"}
{"timestamp":"2025-06-30T23:26:43.653033","level":"info","event":"25/06/30 23:26:43 INFO SQLHadoopMapReduceCommitProtocol: Using output committer class org.apache.parquet.hadoop.ParquetOutputCommitter","logger":"airflow.task.hooks.airflow.providers.standard.hooks.subprocess.SubprocessHook"}
{"timestamp":"2025-06-30T23:26:43.728779","level":"info","event":"25/06/30 23:26:43 INFO CodeGenerator: Code generated in 38.203137 ms","logger":"airflow.task.hooks.airflow.providers.standard.hooks.subprocess.SubprocessHook"}
{"timestamp":"2025-06-30T23:26:43.733268","level":"info","event":"25/06/30 23:26:43 INFO MemoryStore: Block broadcast_4 stored as values in memory (estimated size 303.7 KiB, free 365.3 MiB)","logger":"airflow.task.hooks.airflow.providers.standard.hooks.subprocess.SubprocessHook"}
{"timestamp":"2025-06-30T23:26:43.747180","level":"info","event":"25/06/30 23:26:43 INFO MemoryStore: Block broadcast_4_piece0 stored as bytes in memory (estimated size 27.5 KiB, free 365.3 MiB)","logger":"airflow.task.hooks.airflow.providers.standard.hooks.subprocess.SubprocessHook"}
{"timestamp":"2025-06-30T23:26:43.747910","level":"info","event":"25/06/30 23:26:43 INFO BlockManagerInfo: Added broadcast_4_piece0 in memory on a5088bcdb211:46287 (size: 27.5 KiB, free: 366.2 MiB)","logger":"airflow.task.hooks.airflow.providers.standard.hooks.subprocess.SubprocessHook"}
{"timestamp":"2025-06-30T23:26:43.748574","level":"info","event":"25/06/30 23:26:43 INFO SparkContext: Created broadcast 4 from parquet at NativeMethodAccessorImpl.java:0","logger":"airflow.task.hooks.airflow.providers.standard.hooks.subprocess.SubprocessHook"}
{"timestamp":"2025-06-30T23:26:43.752089","level":"info","event":"25/06/30 23:26:43 INFO FileSourceScanExec: Planning scan with bin packing, max size: 4194304 bytes, open cost is considered as scanning 4194304 bytes.","logger":"airflow.task.hooks.airflow.providers.standard.hooks.subprocess.SubprocessHook"}
{"timestamp":"2025-06-30T23:26:43.777879","level":"info","event":"25/06/30 23:26:43 INFO SparkContext: Starting job: parquet at NativeMethodAccessorImpl.java:0","logger":"airflow.task.hooks.airflow.providers.standard.hooks.subprocess.SubprocessHook"}
{"timestamp":"2025-06-30T23:26:43.778596","level":"info","event":"25/06/30 23:26:43 INFO DAGScheduler: Got job 2 (parquet at NativeMethodAccessorImpl.java:0) with 1 output partitions","logger":"airflow.task.hooks.airflow.providers.standard.hooks.subprocess.SubprocessHook"}
{"timestamp":"2025-06-30T23:26:43.778742","level":"info","event":"25/06/30 23:26:43 INFO DAGScheduler: Final stage: ResultStage 2 (parquet at NativeMethodAccessorImpl.java:0)","logger":"airflow.task.hooks.airflow.providers.standard.hooks.subprocess.SubprocessHook"}
{"timestamp":"2025-06-30T23:26:43.778814","level":"info","event":"25/06/30 23:26:43 INFO DAGScheduler: Parents of final stage: List()","logger":"airflow.task.hooks.airflow.providers.standard.hooks.subprocess.SubprocessHook"}
{"timestamp":"2025-06-30T23:26:43.779547","level":"info","event":"25/06/30 23:26:43 INFO DAGScheduler: Missing parents: List()","logger":"airflow.task.hooks.airflow.providers.standard.hooks.subprocess.SubprocessHook"}
{"timestamp":"2025-06-30T23:26:43.780009","level":"info","event":"25/06/30 23:26:43 INFO DAGScheduler: Submitting ResultStage 2 (MapPartitionsRDD[12] at parquet at NativeMethodAccessorImpl.java:0), which has no missing parents","logger":"airflow.task.hooks.airflow.providers.standard.hooks.subprocess.SubprocessHook"}
{"timestamp":"2025-06-30T23:26:43.795172","level":"info","event":"25/06/30 23:26:43 INFO MemoryStore: Block broadcast_5 stored as values in memory (estimated size 187.5 KiB, free 365.1 MiB)","logger":"airflow.task.hooks.airflow.providers.standard.hooks.subprocess.SubprocessHook"}
{"timestamp":"2025-06-30T23:26:43.799187","level":"info","event":"25/06/30 23:26:43 INFO MemoryStore: Block broadcast_5_piece0 stored as bytes in memory (estimated size 65.9 KiB, free 365.0 MiB)","logger":"airflow.task.hooks.airflow.providers.standard.hooks.subprocess.SubprocessHook"}
{"timestamp":"2025-06-30T23:26:43.800199","level":"info","event":"25/06/30 23:26:43 INFO BlockManagerInfo: Added broadcast_5_piece0 in memory on a5088bcdb211:46287 (size: 65.9 KiB, free: 366.1 MiB)","logger":"airflow.task.hooks.airflow.providers.standard.hooks.subprocess.SubprocessHook"}
{"timestamp":"2025-06-30T23:26:43.800404","level":"info","event":"25/06/30 23:26:43 INFO SparkContext: Created broadcast 5 from broadcast at DAGScheduler.scala:1383","logger":"airflow.task.hooks.airflow.providers.standard.hooks.subprocess.SubprocessHook"}
{"timestamp":"2025-06-30T23:26:43.801080","level":"info","event":"25/06/30 23:26:43 INFO DAGScheduler: Submitting 1 missing tasks from ResultStage 2 (MapPartitionsRDD[12] at parquet at NativeMethodAccessorImpl.java:0) (first 15 tasks are for partitions Vector(0))","logger":"airflow.task.hooks.airflow.providers.standard.hooks.subprocess.SubprocessHook"}
{"timestamp":"2025-06-30T23:26:43.801222","level":"info","event":"25/06/30 23:26:43 INFO TaskSchedulerImpl: Adding task set 2.0 with 1 tasks resource profile 0","logger":"airflow.task.hooks.airflow.providers.standard.hooks.subprocess.SubprocessHook"}
{"timestamp":"2025-06-30T23:26:43.802721","level":"info","event":"25/06/30 23:26:43 INFO TaskSetManager: Starting task 0.0 in stage 2.0 (TID 2) (172.21.0.6, executor 0, partition 0, ANY, 4876 bytes) taskResourceAssignments Map()","logger":"airflow.task.hooks.airflow.providers.standard.hooks.subprocess.SubprocessHook"}
{"timestamp":"2025-06-30T23:26:43.817480","level":"info","event":"25/06/30 23:26:43 INFO BlockManagerInfo: Added broadcast_5_piece0 in memory on 172.21.0.6:41841 (size: 65.9 KiB, free: 366.2 MiB)","logger":"airflow.task.hooks.airflow.providers.standard.hooks.subprocess.SubprocessHook"}
{"timestamp":"2025-06-30T23:26:44.334198","level":"info","event":"25/06/30 23:26:44 INFO BlockManagerInfo: Added broadcast_4_piece0 in memory on 172.21.0.6:41841 (size: 27.5 KiB, free: 366.1 MiB)","logger":"airflow.task.hooks.airflow.providers.standard.hooks.subprocess.SubprocessHook"}
{"timestamp":"2025-06-30T23:26:44.755431","level":"info","event":"25/06/30 23:26:44 INFO TaskSetManager: Finished task 0.0 in stage 2.0 (TID 2) in 951 ms on 172.21.0.6 (executor 0) (1/1)","logger":"airflow.task.hooks.airflow.providers.standard.hooks.subprocess.SubprocessHook"}
{"timestamp":"2025-06-30T23:26:44.755747","level":"info","event":"25/06/30 23:26:44 INFO TaskSchedulerImpl: Removed TaskSet 2.0, whose tasks have all completed, from pool","logger":"airflow.task.hooks.airflow.providers.standard.hooks.subprocess.SubprocessHook"}
{"timestamp":"2025-06-30T23:26:44.755869","level":"info","event":"25/06/30 23:26:44 INFO DAGScheduler: ResultStage 2 (parquet at NativeMethodAccessorImpl.java:0) finished in 0.974 s","logger":"airflow.task.hooks.airflow.providers.standard.hooks.subprocess.SubprocessHook"}
{"timestamp":"2025-06-30T23:26:44.756013","level":"info","event":"25/06/30 23:26:44 INFO DAGScheduler: Job 2 is finished. Cancelling potential speculative or zombie tasks for this job","logger":"airflow.task.hooks.airflow.providers.standard.hooks.subprocess.SubprocessHook"}
{"timestamp":"2025-06-30T23:26:44.756205","level":"info","event":"25/06/30 23:26:44 INFO TaskSchedulerImpl: Killing all running tasks in stage 2: Stage finished","logger":"airflow.task.hooks.airflow.providers.standard.hooks.subprocess.SubprocessHook"}
{"timestamp":"2025-06-30T23:26:44.757150","level":"info","event":"25/06/30 23:26:44 INFO DAGScheduler: Job 2 finished: parquet at NativeMethodAccessorImpl.java:0, took 0.978902 s","logger":"airflow.task.hooks.airflow.providers.standard.hooks.subprocess.SubprocessHook"}
{"timestamp":"2025-06-30T23:26:44.815541","level":"info","event":"25/06/30 23:26:44 INFO FileFormatWriter: Write Job 51a43ff8-cc53-4acd-b246-cab21699d796 committed.","logger":"airflow.task.hooks.airflow.providers.standard.hooks.subprocess.SubprocessHook"}
{"timestamp":"2025-06-30T23:26:44.821200","level":"info","event":"25/06/30 23:26:44 INFO FileFormatWriter: Finished processing stats for write job 51a43ff8-cc53-4acd-b246-cab21699d796.","logger":"airflow.task.hooks.airflow.providers.standard.hooks.subprocess.SubprocessHook"}
{"timestamp":"2025-06-30T23:26:44.828183","level":"info","event":"The Cleaning is done!","logger":"airflow.task.hooks.airflow.providers.standard.hooks.subprocess.SubprocessHook"}
{"timestamp":"2025-06-30T23:26:44.846323","level":"info","event":"25/06/30 23:26:44 INFO SparkContext: Invoking stop() from shutdown hook","logger":"airflow.task.hooks.airflow.providers.standard.hooks.subprocess.SubprocessHook"}
{"timestamp":"2025-06-30T23:26:44.872697","level":"info","event":"25/06/30 23:26:44 INFO SparkUI: Stopped Spark web UI at http://a5088bcdb211:4040","logger":"airflow.task.hooks.airflow.providers.standard.hooks.subprocess.SubprocessHook"}
{"timestamp":"2025-06-30T23:26:44.877970","level":"info","event":"25/06/30 23:26:44 INFO StandaloneSchedulerBackend: Shutting down all executors","logger":"airflow.task.hooks.airflow.providers.standard.hooks.subprocess.SubprocessHook"}
{"timestamp":"2025-06-30T23:26:44.878478","level":"info","event":"25/06/30 23:26:44 INFO CoarseGrainedSchedulerBackend$DriverEndpoint: Asking each executor to shut down","logger":"airflow.task.hooks.airflow.providers.standard.hooks.subprocess.SubprocessHook"}
{"timestamp":"2025-06-30T23:26:44.901549","level":"info","event":"25/06/30 23:26:44 INFO MapOutputTrackerMasterEndpoint: MapOutputTrackerMasterEndpoint stopped!","logger":"airflow.task.hooks.airflow.providers.standard.hooks.subprocess.SubprocessHook"}
{"timestamp":"2025-06-30T23:26:44.934896","level":"info","event":"25/06/30 23:26:44 INFO MemoryStore: MemoryStore cleared","logger":"airflow.task.hooks.airflow.providers.standard.hooks.subprocess.SubprocessHook"}
{"timestamp":"2025-06-30T23:26:44.935077","level":"info","event":"25/06/30 23:26:44 INFO BlockManager: BlockManager stopped","logger":"airflow.task.hooks.airflow.providers.standard.hooks.subprocess.SubprocessHook"}
{"timestamp":"2025-06-30T23:26:44.941889","level":"info","event":"25/06/30 23:26:44 INFO BlockManagerMaster: BlockManagerMaster stopped","logger":"airflow.task.hooks.airflow.providers.standard.hooks.subprocess.SubprocessHook"}
{"timestamp":"2025-06-30T23:26:44.944397","level":"info","event":"25/06/30 23:26:44 INFO OutputCommitCoordinator$OutputCommitCoordinatorEndpoint: OutputCommitCoordinator stopped!","logger":"airflow.task.hooks.airflow.providers.standard.hooks.subprocess.SubprocessHook"}
{"timestamp":"2025-06-30T23:26:44.951899","level":"info","event":"25/06/30 23:26:44 INFO SparkContext: Successfully stopped SparkContext","logger":"airflow.task.hooks.airflow.providers.standard.hooks.subprocess.SubprocessHook"}
{"timestamp":"2025-06-30T23:26:44.952041","level":"info","event":"25/06/30 23:26:44 INFO ShutdownHookManager: Shutdown hook called","logger":"airflow.task.hooks.airflow.providers.standard.hooks.subprocess.SubprocessHook"}
{"timestamp":"2025-06-30T23:26:44.952433","level":"info","event":"25/06/30 23:26:44 INFO ShutdownHookManager: Deleting directory /tmp/spark-e3eab2b0-511a-4e40-a6e7-d7c9d5e425a0/pyspark-4483b9e0-561c-4d7c-8707-49f94dd408cc","logger":"airflow.task.hooks.airflow.providers.standard.hooks.subprocess.SubprocessHook"}
{"timestamp":"2025-06-30T23:26:44.955180","level":"info","event":"25/06/30 23:26:44 INFO ShutdownHookManager: Deleting directory /tmp/spark-e3eab2b0-511a-4e40-a6e7-d7c9d5e425a0","logger":"airflow.task.hooks.airflow.providers.standard.hooks.subprocess.SubprocessHook"}
{"timestamp":"2025-06-30T23:26:44.957875","level":"info","event":"25/06/30 23:26:44 INFO ShutdownHookManager: Deleting directory /tmp/spark-0db3c60a-36a6-4cb5-af63-3621b1340e9f","logger":"airflow.task.hooks.airflow.providers.standard.hooks.subprocess.SubprocessHook"}
{"timestamp":"2025-06-30T23:26:45.100962","level":"info","event":"Command exited with return code 0","logger":"airflow.task.hooks.airflow.providers.standard.hooks.subprocess.SubprocessHook"}
{"timestamp":"2025-06-30T23:26:45.101886","level":"info","event":"Pushing xcom","ti":"RuntimeTaskInstance(id=UUID('0197c329-ce43-7588-9381-616da88ac565'), task_id='run_spark_cleaning_and_upload', dag_id='telco_to_hdfs_dag', run_id='manual__2025-06-30T23:26:26.351410+00:00', try_number=1, map_index=-1, hostname='bbf1c163fe09', context_carrier=None, task=<Task(BashOperator): run_spark_cleaning_and_upload>, bundle_instance=LocalDagBundle(name=dags-folder), max_tries=0, start_date=datetime.datetime(2025, 6, 30, 23, 26, 32, 46289, tzinfo=TzInfo(UTC)), end_date=None, is_mapped=False)","logger":"task"}
