{"timestamp":"2025-07-04T00:01:43.620066","level":"info","event":"DAG bundles loaded: dags-folder","logger":"airflow.dag_processing.bundles.manager.DagBundlesManager"}
{"timestamp":"2025-07-04T00:01:43.620624","level":"info","event":"Filling up the DagBag from /opt/airflow/dags/telco_to_hdfs_dag.py","logger":"airflow.models.dagbag.DagBag"}
{"timestamp":"2025-07-04T00:01:43.635820","level":"info","event":"Tmp dir root location: /tmp","logger":"airflow.task.hooks.airflow.providers.standard.hooks.subprocess.SubprocessHook"}
{"timestamp":"2025-07-04T00:01:43.636467","level":"info","event":"Running command: ['/usr/bin/bash', '-c', 'docker exec spark-master /opt/bitnami/spark/bin/spark-submit /opt/spark-apps/get_clean.py']","logger":"airflow.task.hooks.airflow.providers.standard.hooks.subprocess.SubprocessHook"}
{"timestamp":"2025-07-04T00:01:43.646437","level":"info","event":"Output:","logger":"airflow.task.hooks.airflow.providers.standard.hooks.subprocess.SubprocessHook"}
{"timestamp":"2025-07-04T00:01:44.724991","level":"info","event":"25/07/04 00:01:44 WARN NativeCodeLoader: Unable to load native-hadoop library for your platform... using builtin-java classes where applicable","logger":"airflow.task.hooks.airflow.providers.standard.hooks.subprocess.SubprocessHook"}
{"timestamp":"2025-07-04T00:01:45.383039","level":"info","event":"Using Spark's default log4j profile: org/apache/spark/log4j-defaults.properties","logger":"airflow.task.hooks.airflow.providers.standard.hooks.subprocess.SubprocessHook"}
{"timestamp":"2025-07-04T00:01:45.391907","level":"info","event":"25/07/04 00:01:45 INFO SparkContext: Running Spark version 3.1.1","logger":"airflow.task.hooks.airflow.providers.standard.hooks.subprocess.SubprocessHook"}
{"timestamp":"2025-07-04T00:01:45.426351","level":"info","event":"25/07/04 00:01:45 INFO ResourceUtils: ==============================================================","logger":"airflow.task.hooks.airflow.providers.standard.hooks.subprocess.SubprocessHook"}
{"timestamp":"2025-07-04T00:01:45.426591","level":"info","event":"25/07/04 00:01:45 INFO ResourceUtils: No custom resources configured for spark.driver.","logger":"airflow.task.hooks.airflow.providers.standard.hooks.subprocess.SubprocessHook"}
{"timestamp":"2025-07-04T00:01:45.426701","level":"info","event":"25/07/04 00:01:45 INFO ResourceUtils: ==============================================================","logger":"airflow.task.hooks.airflow.providers.standard.hooks.subprocess.SubprocessHook"}
{"timestamp":"2025-07-04T00:01:45.426869","level":"info","event":"25/07/04 00:01:45 INFO SparkContext: Submitted application: TelcoExploration","logger":"airflow.task.hooks.airflow.providers.standard.hooks.subprocess.SubprocessHook"}
{"timestamp":"2025-07-04T00:01:45.445676","level":"info","event":"25/07/04 00:01:45 INFO ResourceProfile: Default ResourceProfile created, executor resources: Map(cores -> name: cores, amount: 1, script: , vendor: , memory -> name: memory, amount: 1024, script: , vendor: , offHeap -> name: offHeap, amount: 0, script: , vendor: ), task resources: Map(cpus -> name: cpus, amount: 1.0)","logger":"airflow.task.hooks.airflow.providers.standard.hooks.subprocess.SubprocessHook"}
{"timestamp":"2025-07-04T00:01:45.453557","level":"info","event":"25/07/04 00:01:45 INFO ResourceProfile: Limiting resource is cpu","logger":"airflow.task.hooks.airflow.providers.standard.hooks.subprocess.SubprocessHook"}
{"timestamp":"2025-07-04T00:01:45.453939","level":"info","event":"25/07/04 00:01:45 INFO ResourceProfileManager: Added ResourceProfile id: 0","logger":"airflow.task.hooks.airflow.providers.standard.hooks.subprocess.SubprocessHook"}
{"timestamp":"2025-07-04T00:01:45.491904","level":"info","event":"25/07/04 00:01:45 INFO SecurityManager: Changing view acls to: spark","logger":"airflow.task.hooks.airflow.providers.standard.hooks.subprocess.SubprocessHook"}
{"timestamp":"2025-07-04T00:01:45.492065","level":"info","event":"25/07/04 00:01:45 INFO SecurityManager: Changing modify acls to: spark","logger":"airflow.task.hooks.airflow.providers.standard.hooks.subprocess.SubprocessHook"}
{"timestamp":"2025-07-04T00:01:45.492114","level":"info","event":"25/07/04 00:01:45 INFO SecurityManager: Changing view acls groups to:","logger":"airflow.task.hooks.airflow.providers.standard.hooks.subprocess.SubprocessHook"}
{"timestamp":"2025-07-04T00:01:45.492157","level":"info","event":"25/07/04 00:01:45 INFO SecurityManager: Changing modify acls groups to:","logger":"airflow.task.hooks.airflow.providers.standard.hooks.subprocess.SubprocessHook"}
{"timestamp":"2025-07-04T00:01:45.492183","level":"info","event":"25/07/04 00:01:45 INFO SecurityManager: SecurityManager: authentication disabled; ui acls disabled; users  with view permissions: Set(spark); groups with view permissions: Set(); users  with modify permissions: Set(spark); groups with modify permissions: Set()","logger":"airflow.task.hooks.airflow.providers.standard.hooks.subprocess.SubprocessHook"}
{"timestamp":"2025-07-04T00:01:45.655703","level":"info","event":"25/07/04 00:01:45 INFO Utils: Successfully started service 'sparkDriver' on port 32809.","logger":"airflow.task.hooks.airflow.providers.standard.hooks.subprocess.SubprocessHook"}
{"timestamp":"2025-07-04T00:01:45.684832","level":"info","event":"25/07/04 00:01:45 INFO SparkEnv: Registering MapOutputTracker","logger":"airflow.task.hooks.airflow.providers.standard.hooks.subprocess.SubprocessHook"}
{"timestamp":"2025-07-04T00:01:45.709359","level":"info","event":"25/07/04 00:01:45 INFO SparkEnv: Registering BlockManagerMaster","logger":"airflow.task.hooks.airflow.providers.standard.hooks.subprocess.SubprocessHook"}
{"timestamp":"2025-07-04T00:01:45.731448","level":"info","event":"25/07/04 00:01:45 INFO BlockManagerMasterEndpoint: Using org.apache.spark.storage.DefaultTopologyMapper for getting topology information","logger":"airflow.task.hooks.airflow.providers.standard.hooks.subprocess.SubprocessHook"}
{"timestamp":"2025-07-04T00:01:45.731781","level":"info","event":"25/07/04 00:01:45 INFO BlockManagerMasterEndpoint: BlockManagerMasterEndpoint up","logger":"airflow.task.hooks.airflow.providers.standard.hooks.subprocess.SubprocessHook"}
{"timestamp":"2025-07-04T00:01:45.735814","level":"info","event":"25/07/04 00:01:45 INFO SparkEnv: Registering BlockManagerMasterHeartbeat","logger":"airflow.task.hooks.airflow.providers.standard.hooks.subprocess.SubprocessHook"}
{"timestamp":"2025-07-04T00:01:45.748139","level":"info","event":"25/07/04 00:01:45 INFO DiskBlockManager: Created local directory at /tmp/blockmgr-41455113-4a12-4ec1-ad32-1be15254b81d","logger":"airflow.task.hooks.airflow.providers.standard.hooks.subprocess.SubprocessHook"}
{"timestamp":"2025-07-04T00:01:45.764375","level":"info","event":"25/07/04 00:01:45 INFO MemoryStore: MemoryStore started with capacity 366.3 MiB","logger":"airflow.task.hooks.airflow.providers.standard.hooks.subprocess.SubprocessHook"}
{"timestamp":"2025-07-04T00:01:45.779109","level":"info","event":"25/07/04 00:01:45 INFO SparkEnv: Registering OutputCommitCoordinator","logger":"airflow.task.hooks.airflow.providers.standard.hooks.subprocess.SubprocessHook"}
{"timestamp":"2025-07-04T00:01:45.957914","level":"info","event":"25/07/04 00:01:45 INFO Utils: Successfully started service 'SparkUI' on port 4040.","logger":"airflow.task.hooks.airflow.providers.standard.hooks.subprocess.SubprocessHook"}
{"timestamp":"2025-07-04T00:01:46.003970","level":"info","event":"25/07/04 00:01:46 INFO SparkUI: Bound SparkUI to 0.0.0.0, and started at http://ba2333d50e1e:4040","logger":"airflow.task.hooks.airflow.providers.standard.hooks.subprocess.SubprocessHook"}
{"timestamp":"2025-07-04T00:01:46.159624","level":"info","event":"25/07/04 00:01:46 INFO StandaloneAppClient$ClientEndpoint: Connecting to master spark://spark-master:7077...","logger":"airflow.task.hooks.airflow.providers.standard.hooks.subprocess.SubprocessHook"}
{"timestamp":"2025-07-04T00:01:46.209993","level":"info","event":"25/07/04 00:01:46 INFO TransportClientFactory: Successfully created connection to spark-master/172.21.0.2:7077 after 34 ms (0 ms spent in bootstraps)","logger":"airflow.task.hooks.airflow.providers.standard.hooks.subprocess.SubprocessHook"}
{"timestamp":"2025-07-04T00:01:46.280065","level":"info","event":"25/07/04 00:01:46 INFO StandaloneSchedulerBackend: Connected to Spark cluster with app ID app-20250704000146-0002","logger":"airflow.task.hooks.airflow.providers.standard.hooks.subprocess.SubprocessHook"}
{"timestamp":"2025-07-04T00:01:46.281076","level":"info","event":"25/07/04 00:01:46 INFO StandaloneAppClient$ClientEndpoint: Executor added: app-20250704000146-0002/0 on worker-20250703235538-172.21.0.10-33271 (172.21.0.10:33271) with 1 core(s)","logger":"airflow.task.hooks.airflow.providers.standard.hooks.subprocess.SubprocessHook"}
{"timestamp":"2025-07-04T00:01:46.282602","level":"info","event":"25/07/04 00:01:46 INFO StandaloneSchedulerBackend: Granted executor ID app-20250704000146-0002/0 on hostPort 172.21.0.10:33271 with 1 core(s), 1024.0 MiB RAM","logger":"airflow.task.hooks.airflow.providers.standard.hooks.subprocess.SubprocessHook"}
{"timestamp":"2025-07-04T00:01:46.287113","level":"info","event":"25/07/04 00:01:46 INFO Utils: Successfully started service 'org.apache.spark.network.netty.NettyBlockTransferService' on port 37625.","logger":"airflow.task.hooks.airflow.providers.standard.hooks.subprocess.SubprocessHook"}
{"timestamp":"2025-07-04T00:01:46.287292","level":"info","event":"25/07/04 00:01:46 INFO NettyBlockTransferService: Server created on ba2333d50e1e:37625","logger":"airflow.task.hooks.airflow.providers.standard.hooks.subprocess.SubprocessHook"}
{"timestamp":"2025-07-04T00:01:46.289688","level":"info","event":"25/07/04 00:01:46 INFO BlockManager: Using org.apache.spark.storage.RandomBlockReplicationPolicy for block replication policy","logger":"airflow.task.hooks.airflow.providers.standard.hooks.subprocess.SubprocessHook"}
{"timestamp":"2025-07-04T00:01:46.297629","level":"info","event":"25/07/04 00:01:46 INFO BlockManagerMaster: Registering BlockManager BlockManagerId(driver, ba2333d50e1e, 37625, None)","logger":"airflow.task.hooks.airflow.providers.standard.hooks.subprocess.SubprocessHook"}
{"timestamp":"2025-07-04T00:01:46.300681","level":"info","event":"25/07/04 00:01:46 INFO BlockManagerMasterEndpoint: Registering block manager ba2333d50e1e:37625 with 366.3 MiB RAM, BlockManagerId(driver, ba2333d50e1e, 37625, None)","logger":"airflow.task.hooks.airflow.providers.standard.hooks.subprocess.SubprocessHook"}
{"timestamp":"2025-07-04T00:01:46.303355","level":"info","event":"25/07/04 00:01:46 INFO BlockManagerMaster: Registered BlockManager BlockManagerId(driver, ba2333d50e1e, 37625, None)","logger":"airflow.task.hooks.airflow.providers.standard.hooks.subprocess.SubprocessHook"}
{"timestamp":"2025-07-04T00:01:46.304662","level":"info","event":"25/07/04 00:01:46 INFO BlockManager: Initialized BlockManager: BlockManagerId(driver, ba2333d50e1e, 37625, None)","logger":"airflow.task.hooks.airflow.providers.standard.hooks.subprocess.SubprocessHook"}
{"timestamp":"2025-07-04T00:01:46.309503","level":"info","event":"25/07/04 00:01:46 INFO StandaloneAppClient$ClientEndpoint: Executor updated: app-20250704000146-0002/0 is now RUNNING","logger":"airflow.task.hooks.airflow.providers.standard.hooks.subprocess.SubprocessHook"}
{"timestamp":"2025-07-04T00:01:46.494681","level":"info","event":"25/07/04 00:01:46 INFO StandaloneSchedulerBackend: SchedulerBackend is ready for scheduling beginning after reached minRegisteredResourcesRatio: 0.0","logger":"airflow.task.hooks.airflow.providers.standard.hooks.subprocess.SubprocessHook"}
{"timestamp":"2025-07-04T00:01:46.754981","level":"info","event":"25/07/04 00:01:46 INFO SharedState: Setting hive.metastore.warehouse.dir ('null') to the value of spark.sql.warehouse.dir ('file:/opt/bitnami/spark/spark-warehouse').","logger":"airflow.task.hooks.airflow.providers.standard.hooks.subprocess.SubprocessHook"}
{"timestamp":"2025-07-04T00:01:46.755114","level":"info","event":"25/07/04 00:01:46 INFO SharedState: Warehouse path is 'file:/opt/bitnami/spark/spark-warehouse'.","logger":"airflow.task.hooks.airflow.providers.standard.hooks.subprocess.SubprocessHook"}
{"timestamp":"2025-07-04T00:01:48.074291","level":"info","event":"25/07/04 00:01:48 INFO InMemoryFileIndex: It took 48 ms to list leaf files for 1 paths.","logger":"airflow.task.hooks.airflow.providers.standard.hooks.subprocess.SubprocessHook"}
{"timestamp":"2025-07-04T00:01:48.127138","level":"info","event":"25/07/04 00:01:48 INFO InMemoryFileIndex: It took 5 ms to list leaf files for 1 paths.","logger":"airflow.task.hooks.airflow.providers.standard.hooks.subprocess.SubprocessHook"}
{"timestamp":"2025-07-04T00:01:48.230494","level":"info","event":"25/07/04 00:01:48 INFO CoarseGrainedSchedulerBackend$DriverEndpoint: Registered executor NettyRpcEndpointRef(spark-client://Executor) (172.21.0.10:36206) with ID 0,  ResourceProfileId 0","logger":"airflow.task.hooks.airflow.providers.standard.hooks.subprocess.SubprocessHook"}
{"timestamp":"2025-07-04T00:01:48.321474","level":"info","event":"25/07/04 00:01:48 INFO BlockManagerMasterEndpoint: Registering block manager 172.21.0.10:38947 with 366.3 MiB RAM, BlockManagerId(0, 172.21.0.10, 38947, None)","logger":"airflow.task.hooks.airflow.providers.standard.hooks.subprocess.SubprocessHook"}
{"timestamp":"2025-07-04T00:01:49.799935","level":"info","event":"25/07/04 00:01:49 INFO FileSourceStrategy: Pushed Filters:","logger":"airflow.task.hooks.airflow.providers.standard.hooks.subprocess.SubprocessHook"}
{"timestamp":"2025-07-04T00:01:49.806057","level":"info","event":"25/07/04 00:01:49 INFO FileSourceStrategy: Post-Scan Filters: (length(trim(value#0, None)) > 0)","logger":"airflow.task.hooks.airflow.providers.standard.hooks.subprocess.SubprocessHook"}
{"timestamp":"2025-07-04T00:01:49.810253","level":"info","event":"25/07/04 00:01:49 INFO FileSourceStrategy: Output Data Schema: struct<value: string>","logger":"airflow.task.hooks.airflow.providers.standard.hooks.subprocess.SubprocessHook"}
{"timestamp":"2025-07-04T00:01:50.420229","level":"info","event":"25/07/04 00:01:50 INFO CodeGenerator: Code generated in 238.614194 ms","logger":"airflow.task.hooks.airflow.providers.standard.hooks.subprocess.SubprocessHook"}
{"timestamp":"2025-07-04T00:01:50.472310","level":"info","event":"25/07/04 00:01:50 INFO MemoryStore: Block broadcast_0 stored as values in memory (estimated size 304.0 KiB, free 366.0 MiB)","logger":"airflow.task.hooks.airflow.providers.standard.hooks.subprocess.SubprocessHook"}
{"timestamp":"2025-07-04T00:01:50.511014","level":"info","event":"25/07/04 00:01:50 INFO MemoryStore: Block broadcast_0_piece0 stored as bytes in memory (estimated size 27.6 KiB, free 366.0 MiB)","logger":"airflow.task.hooks.airflow.providers.standard.hooks.subprocess.SubprocessHook"}
{"timestamp":"2025-07-04T00:01:50.514530","level":"info","event":"25/07/04 00:01:50 INFO BlockManagerInfo: Added broadcast_0_piece0 in memory on ba2333d50e1e:37625 (size: 27.6 KiB, free: 366.3 MiB)","logger":"airflow.task.hooks.airflow.providers.standard.hooks.subprocess.SubprocessHook"}
{"timestamp":"2025-07-04T00:01:50.518131","level":"info","event":"25/07/04 00:01:50 INFO SparkContext: Created broadcast 0 from csv at NativeMethodAccessorImpl.java:0","logger":"airflow.task.hooks.airflow.providers.standard.hooks.subprocess.SubprocessHook"}
{"timestamp":"2025-07-04T00:01:50.525482","level":"info","event":"25/07/04 00:01:50 INFO FileSourceScanExec: Planning scan with bin packing, max size: 4194304 bytes, open cost is considered as scanning 4194304 bytes.","logger":"airflow.task.hooks.airflow.providers.standard.hooks.subprocess.SubprocessHook"}
{"timestamp":"2025-07-04T00:01:50.612129","level":"info","event":"25/07/04 00:01:50 INFO SparkContext: Starting job: csv at NativeMethodAccessorImpl.java:0","logger":"airflow.task.hooks.airflow.providers.standard.hooks.subprocess.SubprocessHook"}
{"timestamp":"2025-07-04T00:01:50.625319","level":"info","event":"25/07/04 00:01:50 INFO DAGScheduler: Got job 0 (csv at NativeMethodAccessorImpl.java:0) with 1 output partitions","logger":"airflow.task.hooks.airflow.providers.standard.hooks.subprocess.SubprocessHook"}
{"timestamp":"2025-07-04T00:01:50.625601","level":"info","event":"25/07/04 00:01:50 INFO DAGScheduler: Final stage: ResultStage 0 (csv at NativeMethodAccessorImpl.java:0)","logger":"airflow.task.hooks.airflow.providers.standard.hooks.subprocess.SubprocessHook"}
{"timestamp":"2025-07-04T00:01:50.625717","level":"info","event":"25/07/04 00:01:50 INFO DAGScheduler: Parents of final stage: List()","logger":"airflow.task.hooks.airflow.providers.standard.hooks.subprocess.SubprocessHook"}
{"timestamp":"2025-07-04T00:01:50.628879","level":"info","event":"25/07/04 00:01:50 INFO DAGScheduler: Missing parents: List()","logger":"airflow.task.hooks.airflow.providers.standard.hooks.subprocess.SubprocessHook"}
{"timestamp":"2025-07-04T00:01:50.642465","level":"info","event":"25/07/04 00:01:50 INFO DAGScheduler: Submitting ResultStage 0 (MapPartitionsRDD[3] at csv at NativeMethodAccessorImpl.java:0), which has no missing parents","logger":"airflow.task.hooks.airflow.providers.standard.hooks.subprocess.SubprocessHook"}
{"timestamp":"2025-07-04T00:01:50.698337","level":"info","event":"25/07/04 00:01:50 INFO MemoryStore: Block broadcast_1 stored as values in memory (estimated size 10.8 KiB, free 366.0 MiB)","logger":"airflow.task.hooks.airflow.providers.standard.hooks.subprocess.SubprocessHook"}
{"timestamp":"2025-07-04T00:01:50.700568","level":"info","event":"25/07/04 00:01:50 INFO MemoryStore: Block broadcast_1_piece0 stored as bytes in memory (estimated size 5.4 KiB, free 366.0 MiB)","logger":"airflow.task.hooks.airflow.providers.standard.hooks.subprocess.SubprocessHook"}
{"timestamp":"2025-07-04T00:01:50.701041","level":"info","event":"25/07/04 00:01:50 INFO BlockManagerInfo: Added broadcast_1_piece0 in memory on ba2333d50e1e:37625 (size: 5.4 KiB, free: 366.3 MiB)","logger":"airflow.task.hooks.airflow.providers.standard.hooks.subprocess.SubprocessHook"}
{"timestamp":"2025-07-04T00:01:50.701491","level":"info","event":"25/07/04 00:01:50 INFO SparkContext: Created broadcast 1 from broadcast at DAGScheduler.scala:1383","logger":"airflow.task.hooks.airflow.providers.standard.hooks.subprocess.SubprocessHook"}
{"timestamp":"2025-07-04T00:01:50.713410","level":"info","event":"25/07/04 00:01:50 INFO DAGScheduler: Submitting 1 missing tasks from ResultStage 0 (MapPartitionsRDD[3] at csv at NativeMethodAccessorImpl.java:0) (first 15 tasks are for partitions Vector(0))","logger":"airflow.task.hooks.airflow.providers.standard.hooks.subprocess.SubprocessHook"}
{"timestamp":"2025-07-04T00:01:50.713905","level":"info","event":"25/07/04 00:01:50 INFO TaskSchedulerImpl: Adding task set 0.0 with 1 tasks resource profile 0","logger":"airflow.task.hooks.airflow.providers.standard.hooks.subprocess.SubprocessHook"}
{"timestamp":"2025-07-04T00:01:50.744305","level":"info","event":"25/07/04 00:01:50 INFO TaskSetManager: Starting task 0.0 in stage 0.0 (TID 0) (172.21.0.10, executor 0, partition 0, ANY, 4876 bytes) taskResourceAssignments Map()","logger":"airflow.task.hooks.airflow.providers.standard.hooks.subprocess.SubprocessHook"}
{"timestamp":"2025-07-04T00:01:50.939020","level":"info","event":"25/07/04 00:01:50 INFO BlockManagerInfo: Added broadcast_1_piece0 in memory on 172.21.0.10:38947 (size: 5.4 KiB, free: 366.3 MiB)","logger":"airflow.task.hooks.airflow.providers.standard.hooks.subprocess.SubprocessHook"}
{"timestamp":"2025-07-04T00:01:51.751036","level":"info","event":"25/07/04 00:01:51 INFO BlockManagerInfo: Added broadcast_0_piece0 in memory on 172.21.0.10:38947 (size: 27.6 KiB, free: 366.3 MiB)","logger":"airflow.task.hooks.airflow.providers.standard.hooks.subprocess.SubprocessHook"}
{"timestamp":"2025-07-04T00:01:52.400051","level":"info","event":"25/07/04 00:01:52 INFO TaskSetManager: Finished task 0.0 in stage 0.0 (TID 0) in 1664 ms on 172.21.0.10 (executor 0) (1/1)","logger":"airflow.task.hooks.airflow.providers.standard.hooks.subprocess.SubprocessHook"}
{"timestamp":"2025-07-04T00:01:52.403024","level":"info","event":"25/07/04 00:01:52 INFO TaskSchedulerImpl: Removed TaskSet 0.0, whose tasks have all completed, from pool","logger":"airflow.task.hooks.airflow.providers.standard.hooks.subprocess.SubprocessHook"}
{"timestamp":"2025-07-04T00:01:52.408801","level":"info","event":"25/07/04 00:01:52 INFO DAGScheduler: ResultStage 0 (csv at NativeMethodAccessorImpl.java:0) finished in 1.746 s","logger":"airflow.task.hooks.airflow.providers.standard.hooks.subprocess.SubprocessHook"}
{"timestamp":"2025-07-04T00:01:52.412405","level":"info","event":"25/07/04 00:01:52 INFO DAGScheduler: Job 0 is finished. Cancelling potential speculative or zombie tasks for this job","logger":"airflow.task.hooks.airflow.providers.standard.hooks.subprocess.SubprocessHook"}
{"timestamp":"2025-07-04T00:01:52.412591","level":"info","event":"25/07/04 00:01:52 INFO TaskSchedulerImpl: Killing all running tasks in stage 0: Stage finished","logger":"airflow.task.hooks.airflow.providers.standard.hooks.subprocess.SubprocessHook"}
{"timestamp":"2025-07-04T00:01:52.415575","level":"info","event":"25/07/04 00:01:52 INFO DAGScheduler: Job 0 finished: csv at NativeMethodAccessorImpl.java:0, took 1.803369 s","logger":"airflow.task.hooks.airflow.providers.standard.hooks.subprocess.SubprocessHook"}
{"timestamp":"2025-07-04T00:01:52.438620","level":"info","event":"25/07/04 00:01:52 INFO CodeGenerator: Code generated in 12.64889 ms","logger":"airflow.task.hooks.airflow.providers.standard.hooks.subprocess.SubprocessHook"}
{"timestamp":"2025-07-04T00:01:52.484762","level":"info","event":"25/07/04 00:01:52 INFO FileSourceStrategy: Pushed Filters:","logger":"airflow.task.hooks.airflow.providers.standard.hooks.subprocess.SubprocessHook"}
{"timestamp":"2025-07-04T00:01:52.484979","level":"info","event":"25/07/04 00:01:52 INFO FileSourceStrategy: Post-Scan Filters:","logger":"airflow.task.hooks.airflow.providers.standard.hooks.subprocess.SubprocessHook"}
{"timestamp":"2025-07-04T00:01:52.485096","level":"info","event":"25/07/04 00:01:52 INFO FileSourceStrategy: Output Data Schema: struct<value: string>","logger":"airflow.task.hooks.airflow.providers.standard.hooks.subprocess.SubprocessHook"}
{"timestamp":"2025-07-04T00:01:52.492250","level":"info","event":"25/07/04 00:01:52 INFO MemoryStore: Block broadcast_2 stored as values in memory (estimated size 304.0 KiB, free 365.7 MiB)","logger":"airflow.task.hooks.airflow.providers.standard.hooks.subprocess.SubprocessHook"}
{"timestamp":"2025-07-04T00:01:52.499035","level":"info","event":"25/07/04 00:01:52 INFO MemoryStore: Block broadcast_2_piece0 stored as bytes in memory (estimated size 27.6 KiB, free 365.6 MiB)","logger":"airflow.task.hooks.airflow.providers.standard.hooks.subprocess.SubprocessHook"}
{"timestamp":"2025-07-04T00:01:52.499583","level":"info","event":"25/07/04 00:01:52 INFO BlockManagerInfo: Added broadcast_2_piece0 in memory on ba2333d50e1e:37625 (size: 27.6 KiB, free: 366.2 MiB)","logger":"airflow.task.hooks.airflow.providers.standard.hooks.subprocess.SubprocessHook"}
{"timestamp":"2025-07-04T00:01:52.500093","level":"info","event":"25/07/04 00:01:52 INFO SparkContext: Created broadcast 2 from csv at NativeMethodAccessorImpl.java:0","logger":"airflow.task.hooks.airflow.providers.standard.hooks.subprocess.SubprocessHook"}
{"timestamp":"2025-07-04T00:01:52.500972","level":"info","event":"25/07/04 00:01:52 INFO FileSourceScanExec: Planning scan with bin packing, max size: 4194304 bytes, open cost is considered as scanning 4194304 bytes.","logger":"airflow.task.hooks.airflow.providers.standard.hooks.subprocess.SubprocessHook"}
{"timestamp":"2025-07-04T00:01:52.561027","level":"info","event":"25/07/04 00:01:52 INFO SparkContext: Starting job: csv at NativeMethodAccessorImpl.java:0","logger":"airflow.task.hooks.airflow.providers.standard.hooks.subprocess.SubprocessHook"}
{"timestamp":"2025-07-04T00:01:52.562686","level":"info","event":"25/07/04 00:01:52 INFO DAGScheduler: Got job 1 (csv at NativeMethodAccessorImpl.java:0) with 1 output partitions","logger":"airflow.task.hooks.airflow.providers.standard.hooks.subprocess.SubprocessHook"}
{"timestamp":"2025-07-04T00:01:52.562888","level":"info","event":"25/07/04 00:01:52 INFO DAGScheduler: Final stage: ResultStage 1 (csv at NativeMethodAccessorImpl.java:0)","logger":"airflow.task.hooks.airflow.providers.standard.hooks.subprocess.SubprocessHook"}
{"timestamp":"2025-07-04T00:01:52.562975","level":"info","event":"25/07/04 00:01:52 INFO DAGScheduler: Parents of final stage: List()","logger":"airflow.task.hooks.airflow.providers.standard.hooks.subprocess.SubprocessHook"}
{"timestamp":"2025-07-04T00:01:52.563033","level":"info","event":"25/07/04 00:01:52 INFO DAGScheduler: Missing parents: List()","logger":"airflow.task.hooks.airflow.providers.standard.hooks.subprocess.SubprocessHook"}
{"timestamp":"2025-07-04T00:01:52.563988","level":"info","event":"25/07/04 00:01:52 INFO DAGScheduler: Submitting ResultStage 1 (MapPartitionsRDD[9] at csv at NativeMethodAccessorImpl.java:0), which has no missing parents","logger":"airflow.task.hooks.airflow.providers.standard.hooks.subprocess.SubprocessHook"}
{"timestamp":"2025-07-04T00:01:52.585363","level":"info","event":"25/07/04 00:01:52 INFO MemoryStore: Block broadcast_3 stored as values in memory (estimated size 15.9 KiB, free 365.6 MiB)","logger":"airflow.task.hooks.airflow.providers.standard.hooks.subprocess.SubprocessHook"}
{"timestamp":"2025-07-04T00:01:52.587554","level":"info","event":"25/07/04 00:01:52 INFO MemoryStore: Block broadcast_3_piece0 stored as bytes in memory (estimated size 8.1 KiB, free 365.6 MiB)","logger":"airflow.task.hooks.airflow.providers.standard.hooks.subprocess.SubprocessHook"}
{"timestamp":"2025-07-04T00:01:52.587995","level":"info","event":"25/07/04 00:01:52 INFO BlockManagerInfo: Added broadcast_3_piece0 in memory on ba2333d50e1e:37625 (size: 8.1 KiB, free: 366.2 MiB)","logger":"airflow.task.hooks.airflow.providers.standard.hooks.subprocess.SubprocessHook"}
{"timestamp":"2025-07-04T00:01:52.588939","level":"info","event":"25/07/04 00:01:52 INFO SparkContext: Created broadcast 3 from broadcast at DAGScheduler.scala:1383","logger":"airflow.task.hooks.airflow.providers.standard.hooks.subprocess.SubprocessHook"}
{"timestamp":"2025-07-04T00:01:52.589412","level":"info","event":"25/07/04 00:01:52 INFO DAGScheduler: Submitting 1 missing tasks from ResultStage 1 (MapPartitionsRDD[9] at csv at NativeMethodAccessorImpl.java:0) (first 15 tasks are for partitions Vector(0))","logger":"airflow.task.hooks.airflow.providers.standard.hooks.subprocess.SubprocessHook"}
{"timestamp":"2025-07-04T00:01:52.589542","level":"info","event":"25/07/04 00:01:52 INFO TaskSchedulerImpl: Adding task set 1.0 with 1 tasks resource profile 0","logger":"airflow.task.hooks.airflow.providers.standard.hooks.subprocess.SubprocessHook"}
{"timestamp":"2025-07-04T00:01:52.591289","level":"info","event":"25/07/04 00:01:52 INFO TaskSetManager: Starting task 0.0 in stage 1.0 (TID 1) (172.21.0.10, executor 0, partition 0, ANY, 4876 bytes) taskResourceAssignments Map()","logger":"airflow.task.hooks.airflow.providers.standard.hooks.subprocess.SubprocessHook"}
{"timestamp":"2025-07-04T00:01:52.612555","level":"info","event":"25/07/04 00:01:52 INFO BlockManagerInfo: Added broadcast_3_piece0 in memory on 172.21.0.10:38947 (size: 8.1 KiB, free: 366.3 MiB)","logger":"airflow.task.hooks.airflow.providers.standard.hooks.subprocess.SubprocessHook"}
{"timestamp":"2025-07-04T00:01:53.700569","level":"info","event":"25/07/04 00:01:53 INFO BlockManagerInfo: Added broadcast_2_piece0 in memory on 172.21.0.10:38947 (size: 27.6 KiB, free: 366.2 MiB)","logger":"airflow.task.hooks.airflow.providers.standard.hooks.subprocess.SubprocessHook"}
{"timestamp":"2025-07-04T00:01:53.875871","level":"info","event":"25/07/04 00:01:53 INFO TaskSetManager: Finished task 0.0 in stage 1.0 (TID 1) in 1285 ms on 172.21.0.10 (executor 0) (1/1)","logger":"airflow.task.hooks.airflow.providers.standard.hooks.subprocess.SubprocessHook"}
{"timestamp":"2025-07-04T00:01:53.876102","level":"info","event":"25/07/04 00:01:53 INFO TaskSchedulerImpl: Removed TaskSet 1.0, whose tasks have all completed, from pool","logger":"airflow.task.hooks.airflow.providers.standard.hooks.subprocess.SubprocessHook"}
{"timestamp":"2025-07-04T00:01:53.876953","level":"info","event":"25/07/04 00:01:53 INFO DAGScheduler: ResultStage 1 (csv at NativeMethodAccessorImpl.java:0) finished in 1.311 s","logger":"airflow.task.hooks.airflow.providers.standard.hooks.subprocess.SubprocessHook"}
{"timestamp":"2025-07-04T00:01:53.877405","level":"info","event":"25/07/04 00:01:53 INFO DAGScheduler: Job 1 is finished. Cancelling potential speculative or zombie tasks for this job","logger":"airflow.task.hooks.airflow.providers.standard.hooks.subprocess.SubprocessHook"}
{"timestamp":"2025-07-04T00:01:53.877508","level":"info","event":"25/07/04 00:01:53 INFO TaskSchedulerImpl: Killing all running tasks in stage 1: Stage finished","logger":"airflow.task.hooks.airflow.providers.standard.hooks.subprocess.SubprocessHook"}
{"timestamp":"2025-07-04T00:01:53.879134","level":"info","event":"25/07/04 00:01:53 INFO DAGScheduler: Job 1 finished: csv at NativeMethodAccessorImpl.java:0, took 1.318272 s","logger":"airflow.task.hooks.airflow.providers.standard.hooks.subprocess.SubprocessHook"}
{"timestamp":"2025-07-04T00:01:54.330567","level":"info","event":"25/07/04 00:01:54 INFO FileSourceStrategy: Pushed Filters:","logger":"airflow.task.hooks.airflow.providers.standard.hooks.subprocess.SubprocessHook"}
{"timestamp":"2025-07-04T00:01:54.330708","level":"info","event":"25/07/04 00:01:54 INFO FileSourceStrategy: Post-Scan Filters:","logger":"airflow.task.hooks.airflow.providers.standard.hooks.subprocess.SubprocessHook"}
{"timestamp":"2025-07-04T00:01:54.330755","level":"info","event":"25/07/04 00:01:54 INFO FileSourceStrategy: Output Data Schema: struct<TotalCharges: string>","logger":"airflow.task.hooks.airflow.providers.standard.hooks.subprocess.SubprocessHook"}
{"timestamp":"2025-07-04T00:01:54.367914","level":"info","event":"25/07/04 00:01:54 INFO CodeGenerator: Code generated in 16.467843 ms","logger":"airflow.task.hooks.airflow.providers.standard.hooks.subprocess.SubprocessHook"}
{"timestamp":"2025-07-04T00:01:54.372231","level":"info","event":"25/07/04 00:01:54 INFO MemoryStore: Block broadcast_4 stored as values in memory (estimated size 303.9 KiB, free 365.3 MiB)","logger":"airflow.task.hooks.airflow.providers.standard.hooks.subprocess.SubprocessHook"}
{"timestamp":"2025-07-04T00:01:54.379055","level":"info","event":"25/07/04 00:01:54 INFO MemoryStore: Block broadcast_4_piece0 stored as bytes in memory (estimated size 27.6 KiB, free 365.3 MiB)","logger":"airflow.task.hooks.airflow.providers.standard.hooks.subprocess.SubprocessHook"}
{"timestamp":"2025-07-04T00:01:54.379734","level":"info","event":"25/07/04 00:01:54 INFO BlockManagerInfo: Added broadcast_4_piece0 in memory on ba2333d50e1e:37625 (size: 27.6 KiB, free: 366.2 MiB)","logger":"airflow.task.hooks.airflow.providers.standard.hooks.subprocess.SubprocessHook"}
{"timestamp":"2025-07-04T00:01:54.380199","level":"info","event":"25/07/04 00:01:54 INFO SparkContext: Created broadcast 4 from approxQuantile at NativeMethodAccessorImpl.java:0","logger":"airflow.task.hooks.airflow.providers.standard.hooks.subprocess.SubprocessHook"}
{"timestamp":"2025-07-04T00:01:54.383290","level":"info","event":"25/07/04 00:01:54 INFO FileSourceScanExec: Planning scan with bin packing, max size: 4194304 bytes, open cost is considered as scanning 4194304 bytes.","logger":"airflow.task.hooks.airflow.providers.standard.hooks.subprocess.SubprocessHook"}
{"timestamp":"2025-07-04T00:01:54.404219","level":"info","event":"25/07/04 00:01:54 INFO SparkContext: Starting job: approxQuantile at NativeMethodAccessorImpl.java:0","logger":"airflow.task.hooks.airflow.providers.standard.hooks.subprocess.SubprocessHook"}
{"timestamp":"2025-07-04T00:01:54.405003","level":"info","event":"25/07/04 00:01:54 INFO DAGScheduler: Got job 2 (approxQuantile at NativeMethodAccessorImpl.java:0) with 1 output partitions","logger":"airflow.task.hooks.airflow.providers.standard.hooks.subprocess.SubprocessHook"}
{"timestamp":"2025-07-04T00:01:54.405127","level":"info","event":"25/07/04 00:01:54 INFO DAGScheduler: Final stage: ResultStage 2 (approxQuantile at NativeMethodAccessorImpl.java:0)","logger":"airflow.task.hooks.airflow.providers.standard.hooks.subprocess.SubprocessHook"}
{"timestamp":"2025-07-04T00:01:54.405174","level":"info","event":"25/07/04 00:01:54 INFO DAGScheduler: Parents of final stage: List()","logger":"airflow.task.hooks.airflow.providers.standard.hooks.subprocess.SubprocessHook"}
{"timestamp":"2025-07-04T00:01:54.405555","level":"info","event":"25/07/04 00:01:54 INFO DAGScheduler: Missing parents: List()","logger":"airflow.task.hooks.airflow.providers.standard.hooks.subprocess.SubprocessHook"}
{"timestamp":"2025-07-04T00:01:54.406253","level":"info","event":"25/07/04 00:01:54 INFO DAGScheduler: Submitting ResultStage 2 (MapPartitionsRDD[16] at approxQuantile at NativeMethodAccessorImpl.java:0), which has no missing parents","logger":"airflow.task.hooks.airflow.providers.standard.hooks.subprocess.SubprocessHook"}
{"timestamp":"2025-07-04T00:01:54.418990","level":"info","event":"25/07/04 00:01:54 INFO MemoryStore: Block broadcast_5 stored as values in memory (estimated size 20.2 KiB, free 365.3 MiB)","logger":"airflow.task.hooks.airflow.providers.standard.hooks.subprocess.SubprocessHook"}
{"timestamp":"2025-07-04T00:01:54.420567","level":"info","event":"25/07/04 00:01:54 INFO MemoryStore: Block broadcast_5_piece0 stored as bytes in memory (estimated size 9.8 KiB, free 365.3 MiB)","logger":"airflow.task.hooks.airflow.providers.standard.hooks.subprocess.SubprocessHook"}
{"timestamp":"2025-07-04T00:01:54.421322","level":"info","event":"25/07/04 00:01:54 INFO BlockManagerInfo: Added broadcast_5_piece0 in memory on ba2333d50e1e:37625 (size: 9.8 KiB, free: 366.2 MiB)","logger":"airflow.task.hooks.airflow.providers.standard.hooks.subprocess.SubprocessHook"}
{"timestamp":"2025-07-04T00:01:54.421711","level":"info","event":"25/07/04 00:01:54 INFO SparkContext: Created broadcast 5 from broadcast at DAGScheduler.scala:1383","logger":"airflow.task.hooks.airflow.providers.standard.hooks.subprocess.SubprocessHook"}
{"timestamp":"2025-07-04T00:01:54.422165","level":"info","event":"25/07/04 00:01:54 INFO DAGScheduler: Submitting 1 missing tasks from ResultStage 2 (MapPartitionsRDD[16] at approxQuantile at NativeMethodAccessorImpl.java:0) (first 15 tasks are for partitions Vector(0))","logger":"airflow.task.hooks.airflow.providers.standard.hooks.subprocess.SubprocessHook"}
{"timestamp":"2025-07-04T00:01:54.422313","level":"info","event":"25/07/04 00:01:54 INFO TaskSchedulerImpl: Adding task set 2.0 with 1 tasks resource profile 0","logger":"airflow.task.hooks.airflow.providers.standard.hooks.subprocess.SubprocessHook"}
{"timestamp":"2025-07-04T00:01:54.424293","level":"info","event":"25/07/04 00:01:54 INFO TaskSetManager: Starting task 0.0 in stage 2.0 (TID 2) (172.21.0.10, executor 0, partition 0, ANY, 4876 bytes) taskResourceAssignments Map()","logger":"airflow.task.hooks.airflow.providers.standard.hooks.subprocess.SubprocessHook"}
{"timestamp":"2025-07-04T00:01:54.437707","level":"info","event":"25/07/04 00:01:54 INFO BlockManagerInfo: Added broadcast_5_piece0 in memory on 172.21.0.10:38947 (size: 9.8 KiB, free: 366.2 MiB)","logger":"airflow.task.hooks.airflow.providers.standard.hooks.subprocess.SubprocessHook"}
{"timestamp":"2025-07-04T00:01:54.530011","level":"info","event":"25/07/04 00:01:54 INFO BlockManagerInfo: Added broadcast_4_piece0 in memory on 172.21.0.10:38947 (size: 27.6 KiB, free: 366.2 MiB)","logger":"airflow.task.hooks.airflow.providers.standard.hooks.subprocess.SubprocessHook"}
{"timestamp":"2025-07-04T00:01:54.674286","level":"info","event":"25/07/04 00:01:54 INFO TaskSetManager: Finished task 0.0 in stage 2.0 (TID 2) in 250 ms on 172.21.0.10 (executor 0) (1/1)","logger":"airflow.task.hooks.airflow.providers.standard.hooks.subprocess.SubprocessHook"}
{"timestamp":"2025-07-04T00:01:54.674481","level":"info","event":"25/07/04 00:01:54 INFO TaskSchedulerImpl: Removed TaskSet 2.0, whose tasks have all completed, from pool","logger":"airflow.task.hooks.airflow.providers.standard.hooks.subprocess.SubprocessHook"}
{"timestamp":"2025-07-04T00:01:54.675262","level":"info","event":"25/07/04 00:01:54 INFO DAGScheduler: ResultStage 2 (approxQuantile at NativeMethodAccessorImpl.java:0) finished in 0.267 s","logger":"airflow.task.hooks.airflow.providers.standard.hooks.subprocess.SubprocessHook"}
{"timestamp":"2025-07-04T00:01:54.675340","level":"info","event":"25/07/04 00:01:54 INFO DAGScheduler: Job 2 is finished. Cancelling potential speculative or zombie tasks for this job","logger":"airflow.task.hooks.airflow.providers.standard.hooks.subprocess.SubprocessHook"}
{"timestamp":"2025-07-04T00:01:54.675373","level":"info","event":"25/07/04 00:01:54 INFO TaskSchedulerImpl: Killing all running tasks in stage 2: Stage finished","logger":"airflow.task.hooks.airflow.providers.standard.hooks.subprocess.SubprocessHook"}
{"timestamp":"2025-07-04T00:01:54.676908","level":"info","event":"25/07/04 00:01:54 INFO DAGScheduler: Job 2 finished: approxQuantile at NativeMethodAccessorImpl.java:0, took 0.272890 s","logger":"airflow.task.hooks.airflow.providers.standard.hooks.subprocess.SubprocessHook"}
{"timestamp":"2025-07-04T00:01:54.773619","level":"info","event":"25/07/04 00:01:54 INFO FileSourceStrategy: Pushed Filters:","logger":"airflow.task.hooks.airflow.providers.standard.hooks.subprocess.SubprocessHook"}
{"timestamp":"2025-07-04T00:01:54.774089","level":"info","event":"25/07/04 00:01:54 INFO FileSourceStrategy: Post-Scan Filters: ((CASE WHEN isnull(cast(TotalCharges#35 as double)) THEN 0.0 ELSE cast(TotalCharges#35 as double) END < -3927.1499999999996) OR (CASE WHEN isnull(cast(TotalCharges#35 as double)) THEN 0.0 ELSE cast(TotalCharges#35 as double) END > 7662.049999999999))","logger":"airflow.task.hooks.airflow.providers.standard.hooks.subprocess.SubprocessHook"}
{"timestamp":"2025-07-04T00:01:54.774495","level":"info","event":"25/07/04 00:01:54 INFO FileSourceStrategy: Output Data Schema: struct<TotalCharges: string>","logger":"airflow.task.hooks.airflow.providers.standard.hooks.subprocess.SubprocessHook"}
{"timestamp":"2025-07-04T00:01:54.848196","level":"info","event":"25/07/04 00:01:54 INFO CodeGenerator: Code generated in 16.649359 ms","logger":"airflow.task.hooks.airflow.providers.standard.hooks.subprocess.SubprocessHook"}
{"timestamp":"2025-07-04T00:01:54.885072","level":"info","event":"25/07/04 00:01:54 INFO CodeGenerator: Code generated in 24.528427 ms","logger":"airflow.task.hooks.airflow.providers.standard.hooks.subprocess.SubprocessHook"}
{"timestamp":"2025-07-04T00:01:54.888709","level":"info","event":"25/07/04 00:01:54 INFO MemoryStore: Block broadcast_6 stored as values in memory (estimated size 303.9 KiB, free 365.0 MiB)","logger":"airflow.task.hooks.airflow.providers.standard.hooks.subprocess.SubprocessHook"}
{"timestamp":"2025-07-04T00:01:54.900739","level":"info","event":"25/07/04 00:01:54 INFO MemoryStore: Block broadcast_6_piece0 stored as bytes in memory (estimated size 27.6 KiB, free 364.9 MiB)","logger":"airflow.task.hooks.airflow.providers.standard.hooks.subprocess.SubprocessHook"}
{"timestamp":"2025-07-04T00:01:54.901318","level":"info","event":"25/07/04 00:01:54 INFO BlockManagerInfo: Added broadcast_6_piece0 in memory on ba2333d50e1e:37625 (size: 27.6 KiB, free: 366.2 MiB)","logger":"airflow.task.hooks.airflow.providers.standard.hooks.subprocess.SubprocessHook"}
{"timestamp":"2025-07-04T00:01:54.901923","level":"info","event":"25/07/04 00:01:54 INFO SparkContext: Created broadcast 6 from count at NativeMethodAccessorImpl.java:0","logger":"airflow.task.hooks.airflow.providers.standard.hooks.subprocess.SubprocessHook"}
{"timestamp":"2025-07-04T00:01:54.902841","level":"info","event":"25/07/04 00:01:54 INFO FileSourceScanExec: Planning scan with bin packing, max size: 4194304 bytes, open cost is considered as scanning 4194304 bytes.","logger":"airflow.task.hooks.airflow.providers.standard.hooks.subprocess.SubprocessHook"}
{"timestamp":"2025-07-04T00:01:54.956535","level":"info","event":"25/07/04 00:01:54 INFO SparkContext: Starting job: count at NativeMethodAccessorImpl.java:0","logger":"airflow.task.hooks.airflow.providers.standard.hooks.subprocess.SubprocessHook"}
{"timestamp":"2025-07-04T00:01:54.958974","level":"info","event":"25/07/04 00:01:54 INFO DAGScheduler: Registering RDD 20 (count at NativeMethodAccessorImpl.java:0) as input to shuffle 0","logger":"airflow.task.hooks.airflow.providers.standard.hooks.subprocess.SubprocessHook"}
{"timestamp":"2025-07-04T00:01:54.961981","level":"info","event":"25/07/04 00:01:54 INFO DAGScheduler: Got job 3 (count at NativeMethodAccessorImpl.java:0) with 1 output partitions","logger":"airflow.task.hooks.airflow.providers.standard.hooks.subprocess.SubprocessHook"}
{"timestamp":"2025-07-04T00:01:54.962162","level":"info","event":"25/07/04 00:01:54 INFO DAGScheduler: Final stage: ResultStage 4 (count at NativeMethodAccessorImpl.java:0)","logger":"airflow.task.hooks.airflow.providers.standard.hooks.subprocess.SubprocessHook"}
{"timestamp":"2025-07-04T00:01:54.962298","level":"info","event":"25/07/04 00:01:54 INFO DAGScheduler: Parents of final stage: List(ShuffleMapStage 3)","logger":"airflow.task.hooks.airflow.providers.standard.hooks.subprocess.SubprocessHook"}
{"timestamp":"2025-07-04T00:01:54.962894","level":"info","event":"25/07/04 00:01:54 INFO DAGScheduler: Missing parents: List(ShuffleMapStage 3)","logger":"airflow.task.hooks.airflow.providers.standard.hooks.subprocess.SubprocessHook"}
{"timestamp":"2025-07-04T00:01:54.964692","level":"info","event":"25/07/04 00:01:54 INFO DAGScheduler: Submitting ShuffleMapStage 3 (MapPartitionsRDD[20] at count at NativeMethodAccessorImpl.java:0), which has no missing parents","logger":"airflow.task.hooks.airflow.providers.standard.hooks.subprocess.SubprocessHook"}
{"timestamp":"2025-07-04T00:01:54.966334","level":"info","event":"25/07/04 00:01:54 INFO BlockManagerInfo: Removed broadcast_5_piece0 on ba2333d50e1e:37625 in memory (size: 9.8 KiB, free: 366.2 MiB)","logger":"airflow.task.hooks.airflow.providers.standard.hooks.subprocess.SubprocessHook"}
{"timestamp":"2025-07-04T00:01:54.973796","level":"info","event":"25/07/04 00:01:54 INFO MemoryStore: Block broadcast_7 stored as values in memory (estimated size 19.7 KiB, free 364.9 MiB)","logger":"airflow.task.hooks.airflow.providers.standard.hooks.subprocess.SubprocessHook"}
{"timestamp":"2025-07-04T00:01:54.975245","level":"info","event":"25/07/04 00:01:54 INFO BlockManagerInfo: Removed broadcast_5_piece0 on 172.21.0.10:38947 in memory (size: 9.8 KiB, free: 366.2 MiB)","logger":"airflow.task.hooks.airflow.providers.standard.hooks.subprocess.SubprocessHook"}
{"timestamp":"2025-07-04T00:01:54.975409","level":"info","event":"25/07/04 00:01:54 INFO MemoryStore: Block broadcast_7_piece0 stored as bytes in memory (estimated size 9.3 KiB, free 364.9 MiB)","logger":"airflow.task.hooks.airflow.providers.standard.hooks.subprocess.SubprocessHook"}
{"timestamp":"2025-07-04T00:01:54.976045","level":"info","event":"25/07/04 00:01:54 INFO BlockManagerInfo: Added broadcast_7_piece0 in memory on ba2333d50e1e:37625 (size: 9.3 KiB, free: 366.2 MiB)","logger":"airflow.task.hooks.airflow.providers.standard.hooks.subprocess.SubprocessHook"}
{"timestamp":"2025-07-04T00:01:54.976437","level":"info","event":"25/07/04 00:01:54 INFO SparkContext: Created broadcast 7 from broadcast at DAGScheduler.scala:1383","logger":"airflow.task.hooks.airflow.providers.standard.hooks.subprocess.SubprocessHook"}
{"timestamp":"2025-07-04T00:01:54.978257","level":"info","event":"25/07/04 00:01:54 INFO DAGScheduler: Submitting 1 missing tasks from ShuffleMapStage 3 (MapPartitionsRDD[20] at count at NativeMethodAccessorImpl.java:0) (first 15 tasks are for partitions Vector(0))","logger":"airflow.task.hooks.airflow.providers.standard.hooks.subprocess.SubprocessHook"}
{"timestamp":"2025-07-04T00:01:54.978432","level":"info","event":"25/07/04 00:01:54 INFO TaskSchedulerImpl: Adding task set 3.0 with 1 tasks resource profile 0","logger":"airflow.task.hooks.airflow.providers.standard.hooks.subprocess.SubprocessHook"}
{"timestamp":"2025-07-04T00:01:54.980081","level":"info","event":"25/07/04 00:01:54 INFO TaskSetManager: Starting task 0.0 in stage 3.0 (TID 3) (172.21.0.10, executor 0, partition 0, ANY, 4865 bytes) taskResourceAssignments Map()","logger":"airflow.task.hooks.airflow.providers.standard.hooks.subprocess.SubprocessHook"}
{"timestamp":"2025-07-04T00:01:54.982575","level":"info","event":"25/07/04 00:01:54 INFO BlockManagerInfo: Removed broadcast_4_piece0 on ba2333d50e1e:37625 in memory (size: 27.6 KiB, free: 366.2 MiB)","logger":"airflow.task.hooks.airflow.providers.standard.hooks.subprocess.SubprocessHook"}
{"timestamp":"2025-07-04T00:01:54.985550","level":"info","event":"25/07/04 00:01:54 INFO BlockManagerInfo: Removed broadcast_4_piece0 on 172.21.0.10:38947 in memory (size: 27.6 KiB, free: 366.2 MiB)","logger":"airflow.task.hooks.airflow.providers.standard.hooks.subprocess.SubprocessHook"}
{"timestamp":"2025-07-04T00:01:54.991865","level":"info","event":"25/07/04 00:01:54 INFO BlockManagerInfo: Removed broadcast_1_piece0 on ba2333d50e1e:37625 in memory (size: 5.4 KiB, free: 366.2 MiB)","logger":"airflow.task.hooks.airflow.providers.standard.hooks.subprocess.SubprocessHook"}
{"timestamp":"2025-07-04T00:01:54.994447","level":"info","event":"25/07/04 00:01:54 INFO BlockManagerInfo: Removed broadcast_1_piece0 on 172.21.0.10:38947 in memory (size: 5.4 KiB, free: 366.2 MiB)","logger":"airflow.task.hooks.airflow.providers.standard.hooks.subprocess.SubprocessHook"}
{"timestamp":"2025-07-04T00:01:54.996167","level":"info","event":"25/07/04 00:01:54 INFO BlockManagerInfo: Added broadcast_7_piece0 in memory on 172.21.0.10:38947 (size: 9.3 KiB, free: 366.2 MiB)","logger":"airflow.task.hooks.airflow.providers.standard.hooks.subprocess.SubprocessHook"}
{"timestamp":"2025-07-04T00:01:55.000704","level":"info","event":"25/07/04 00:01:54 INFO BlockManagerInfo: Removed broadcast_3_piece0 on ba2333d50e1e:37625 in memory (size: 8.1 KiB, free: 366.2 MiB)","logger":"airflow.task.hooks.airflow.providers.standard.hooks.subprocess.SubprocessHook"}
{"timestamp":"2025-07-04T00:01:55.003587","level":"info","event":"25/07/04 00:01:55 INFO BlockManagerInfo: Removed broadcast_3_piece0 on 172.21.0.10:38947 in memory (size: 8.1 KiB, free: 366.2 MiB)","logger":"airflow.task.hooks.airflow.providers.standard.hooks.subprocess.SubprocessHook"}
{"timestamp":"2025-07-04T00:01:55.082173","level":"info","event":"25/07/04 00:01:55 INFO BlockManagerInfo: Added broadcast_6_piece0 in memory on 172.21.0.10:38947 (size: 27.6 KiB, free: 366.2 MiB)","logger":"airflow.task.hooks.airflow.providers.standard.hooks.subprocess.SubprocessHook"}
{"timestamp":"2025-07-04T00:01:55.169935","level":"info","event":"25/07/04 00:01:55 INFO TaskSetManager: Finished task 0.0 in stage 3.0 (TID 3) in 190 ms on 172.21.0.10 (executor 0) (1/1)","logger":"airflow.task.hooks.airflow.providers.standard.hooks.subprocess.SubprocessHook"}
{"timestamp":"2025-07-04T00:01:55.170124","level":"info","event":"25/07/04 00:01:55 INFO TaskSchedulerImpl: Removed TaskSet 3.0, whose tasks have all completed, from pool","logger":"airflow.task.hooks.airflow.providers.standard.hooks.subprocess.SubprocessHook"}
{"timestamp":"2025-07-04T00:01:55.172098","level":"info","event":"25/07/04 00:01:55 INFO DAGScheduler: ShuffleMapStage 3 (count at NativeMethodAccessorImpl.java:0) finished in 0.203 s","logger":"airflow.task.hooks.airflow.providers.standard.hooks.subprocess.SubprocessHook"}
{"timestamp":"2025-07-04T00:01:55.172252","level":"info","event":"25/07/04 00:01:55 INFO DAGScheduler: looking for newly runnable stages","logger":"airflow.task.hooks.airflow.providers.standard.hooks.subprocess.SubprocessHook"}
{"timestamp":"2025-07-04T00:01:55.172500","level":"info","event":"25/07/04 00:01:55 INFO DAGScheduler: running: Set()","logger":"airflow.task.hooks.airflow.providers.standard.hooks.subprocess.SubprocessHook"}
{"timestamp":"2025-07-04T00:01:55.172833","level":"info","event":"25/07/04 00:01:55 INFO DAGScheduler: waiting: Set(ResultStage 4)","logger":"airflow.task.hooks.airflow.providers.standard.hooks.subprocess.SubprocessHook"}
{"timestamp":"2025-07-04T00:01:55.173115","level":"info","event":"25/07/04 00:01:55 INFO DAGScheduler: failed: Set()","logger":"airflow.task.hooks.airflow.providers.standard.hooks.subprocess.SubprocessHook"}
{"timestamp":"2025-07-04T00:01:55.175617","level":"info","event":"25/07/04 00:01:55 INFO DAGScheduler: Submitting ResultStage 4 (MapPartitionsRDD[23] at count at NativeMethodAccessorImpl.java:0), which has no missing parents","logger":"airflow.task.hooks.airflow.providers.standard.hooks.subprocess.SubprocessHook"}
{"timestamp":"2025-07-04T00:01:55.181560","level":"info","event":"25/07/04 00:01:55 INFO MemoryStore: Block broadcast_8 stored as values in memory (estimated size 10.1 KiB, free 365.3 MiB)","logger":"airflow.task.hooks.airflow.providers.standard.hooks.subprocess.SubprocessHook"}
{"timestamp":"2025-07-04T00:01:55.182964","level":"info","event":"25/07/04 00:01:55 INFO MemoryStore: Block broadcast_8_piece0 stored as bytes in memory (estimated size 5.0 KiB, free 365.3 MiB)","logger":"airflow.task.hooks.airflow.providers.standard.hooks.subprocess.SubprocessHook"}
{"timestamp":"2025-07-04T00:01:55.183585","level":"info","event":"25/07/04 00:01:55 INFO BlockManagerInfo: Added broadcast_8_piece0 in memory on ba2333d50e1e:37625 (size: 5.0 KiB, free: 366.2 MiB)","logger":"airflow.task.hooks.airflow.providers.standard.hooks.subprocess.SubprocessHook"}
{"timestamp":"2025-07-04T00:01:55.183900","level":"info","event":"25/07/04 00:01:55 INFO SparkContext: Created broadcast 8 from broadcast at DAGScheduler.scala:1383","logger":"airflow.task.hooks.airflow.providers.standard.hooks.subprocess.SubprocessHook"}
{"timestamp":"2025-07-04T00:01:55.184240","level":"info","event":"25/07/04 00:01:55 INFO DAGScheduler: Submitting 1 missing tasks from ResultStage 4 (MapPartitionsRDD[23] at count at NativeMethodAccessorImpl.java:0) (first 15 tasks are for partitions Vector(0))","logger":"airflow.task.hooks.airflow.providers.standard.hooks.subprocess.SubprocessHook"}
{"timestamp":"2025-07-04T00:01:55.184320","level":"info","event":"25/07/04 00:01:55 INFO TaskSchedulerImpl: Adding task set 4.0 with 1 tasks resource profile 0","logger":"airflow.task.hooks.airflow.providers.standard.hooks.subprocess.SubprocessHook"}
{"timestamp":"2025-07-04T00:01:55.187337","level":"info","event":"25/07/04 00:01:55 INFO TaskSetManager: Starting task 0.0 in stage 4.0 (TID 4) (172.21.0.10, executor 0, partition 0, NODE_LOCAL, 4457 bytes) taskResourceAssignments Map()","logger":"airflow.task.hooks.airflow.providers.standard.hooks.subprocess.SubprocessHook"}
{"timestamp":"2025-07-04T00:01:55.202622","level":"info","event":"25/07/04 00:01:55 INFO BlockManagerInfo: Added broadcast_8_piece0 in memory on 172.21.0.10:38947 (size: 5.0 KiB, free: 366.2 MiB)","logger":"airflow.task.hooks.airflow.providers.standard.hooks.subprocess.SubprocessHook"}
{"timestamp":"2025-07-04T00:01:55.216939","level":"info","event":"25/07/04 00:01:55 INFO MapOutputTrackerMasterEndpoint: Asked to send map output locations for shuffle 0 to 172.21.0.10:36206","logger":"airflow.task.hooks.airflow.providers.standard.hooks.subprocess.SubprocessHook"}
{"timestamp":"2025-07-04T00:01:55.297363","level":"info","event":"25/07/04 00:01:55 INFO TaskSetManager: Finished task 0.0 in stage 4.0 (TID 4) in 111 ms on 172.21.0.10 (executor 0) (1/1)","logger":"airflow.task.hooks.airflow.providers.standard.hooks.subprocess.SubprocessHook"}
{"timestamp":"2025-07-04T00:01:55.297599","level":"info","event":"25/07/04 00:01:55 INFO TaskSchedulerImpl: Removed TaskSet 4.0, whose tasks have all completed, from pool","logger":"airflow.task.hooks.airflow.providers.standard.hooks.subprocess.SubprocessHook"}
{"timestamp":"2025-07-04T00:01:55.298181","level":"info","event":"25/07/04 00:01:55 INFO DAGScheduler: ResultStage 4 (count at NativeMethodAccessorImpl.java:0) finished in 0.117 s","logger":"airflow.task.hooks.airflow.providers.standard.hooks.subprocess.SubprocessHook"}
{"timestamp":"2025-07-04T00:01:55.298304","level":"info","event":"25/07/04 00:01:55 INFO DAGScheduler: Job 3 is finished. Cancelling potential speculative or zombie tasks for this job","logger":"airflow.task.hooks.airflow.providers.standard.hooks.subprocess.SubprocessHook"}
{"timestamp":"2025-07-04T00:01:55.298368","level":"info","event":"25/07/04 00:01:55 INFO TaskSchedulerImpl: Killing all running tasks in stage 4: Stage finished","logger":"airflow.task.hooks.airflow.providers.standard.hooks.subprocess.SubprocessHook"}
{"timestamp":"2025-07-04T00:01:55.298596","level":"info","event":"25/07/04 00:01:55 INFO DAGScheduler: Job 3 finished: count at NativeMethodAccessorImpl.java:0, took 0.342163 s","logger":"airflow.task.hooks.airflow.providers.standard.hooks.subprocess.SubprocessHook"}
{"timestamp":"2025-07-04T00:01:55.301822","level":"info","event":"Number of outliers in totalcharges: 154","logger":"airflow.task.hooks.airflow.providers.standard.hooks.subprocess.SubprocessHook"}
{"timestamp":"2025-07-04T00:01:55.388415","level":"info","event":"25/07/04 00:01:55 INFO FileSourceStrategy: Pushed Filters:","logger":"airflow.task.hooks.airflow.providers.standard.hooks.subprocess.SubprocessHook"}
{"timestamp":"2025-07-04T00:01:55.388606","level":"info","event":"25/07/04 00:01:55 INFO FileSourceStrategy: Post-Scan Filters:","logger":"airflow.task.hooks.airflow.providers.standard.hooks.subprocess.SubprocessHook"}
{"timestamp":"2025-07-04T00:01:55.388689","level":"info","event":"25/07/04 00:01:55 INFO FileSourceStrategy: Output Data Schema: struct<customerID: string, gender: string, SeniorCitizen: int, Partner: string, Dependents: string ... 19 more fields>","logger":"airflow.task.hooks.airflow.providers.standard.hooks.subprocess.SubprocessHook"}
{"timestamp":"2025-07-04T00:01:55.431426","level":"info","event":"25/07/04 00:01:55 INFO ParquetFileFormat: Using default output committer for Parquet: org.apache.parquet.hadoop.ParquetOutputCommitter","logger":"airflow.task.hooks.airflow.providers.standard.hooks.subprocess.SubprocessHook"}
{"timestamp":"2025-07-04T00:01:55.449838","level":"info","event":"25/07/04 00:01:55 INFO FileOutputCommitter: File Output Committer Algorithm version is 1","logger":"airflow.task.hooks.airflow.providers.standard.hooks.subprocess.SubprocessHook"}
{"timestamp":"2025-07-04T00:01:55.450079","level":"info","event":"25/07/04 00:01:55 INFO FileOutputCommitter: FileOutputCommitter skip cleanup _temporary folders under output directory:false, ignore cleanup failures: false","logger":"airflow.task.hooks.airflow.providers.standard.hooks.subprocess.SubprocessHook"}
{"timestamp":"2025-07-04T00:01:55.450897","level":"info","event":"25/07/04 00:01:55 INFO SQLHadoopMapReduceCommitProtocol: Using user defined output committer class org.apache.parquet.hadoop.ParquetOutputCommitter","logger":"airflow.task.hooks.airflow.providers.standard.hooks.subprocess.SubprocessHook"}
{"timestamp":"2025-07-04T00:01:55.451024","level":"info","event":"25/07/04 00:01:55 INFO FileOutputCommitter: File Output Committer Algorithm version is 1","logger":"airflow.task.hooks.airflow.providers.standard.hooks.subprocess.SubprocessHook"}
{"timestamp":"2025-07-04T00:01:55.451104","level":"info","event":"25/07/04 00:01:55 INFO FileOutputCommitter: FileOutputCommitter skip cleanup _temporary folders under output directory:false, ignore cleanup failures: false","logger":"airflow.task.hooks.airflow.providers.standard.hooks.subprocess.SubprocessHook"}
{"timestamp":"2025-07-04T00:01:55.451971","level":"info","event":"25/07/04 00:01:55 INFO SQLHadoopMapReduceCommitProtocol: Using output committer class org.apache.parquet.hadoop.ParquetOutputCommitter","logger":"airflow.task.hooks.airflow.providers.standard.hooks.subprocess.SubprocessHook"}
{"timestamp":"2025-07-04T00:01:55.504986","level":"info","event":"25/07/04 00:01:55 INFO CodeGenerator: Code generated in 27.825377 ms","logger":"airflow.task.hooks.airflow.providers.standard.hooks.subprocess.SubprocessHook"}
{"timestamp":"2025-07-04T00:01:55.507816","level":"info","event":"25/07/04 00:01:55 INFO MemoryStore: Block broadcast_9 stored as values in memory (estimated size 303.9 KiB, free 365.0 MiB)","logger":"airflow.task.hooks.airflow.providers.standard.hooks.subprocess.SubprocessHook"}
{"timestamp":"2025-07-04T00:01:55.514334","level":"info","event":"25/07/04 00:01:55 INFO MemoryStore: Block broadcast_9_piece0 stored as bytes in memory (estimated size 27.6 KiB, free 365.0 MiB)","logger":"airflow.task.hooks.airflow.providers.standard.hooks.subprocess.SubprocessHook"}
{"timestamp":"2025-07-04T00:01:55.514989","level":"info","event":"25/07/04 00:01:55 INFO BlockManagerInfo: Added broadcast_9_piece0 in memory on ba2333d50e1e:37625 (size: 27.6 KiB, free: 366.2 MiB)","logger":"airflow.task.hooks.airflow.providers.standard.hooks.subprocess.SubprocessHook"}
{"timestamp":"2025-07-04T00:01:55.515422","level":"info","event":"25/07/04 00:01:55 INFO SparkContext: Created broadcast 9 from parquet at NativeMethodAccessorImpl.java:0","logger":"airflow.task.hooks.airflow.providers.standard.hooks.subprocess.SubprocessHook"}
{"timestamp":"2025-07-04T00:01:55.516496","level":"info","event":"25/07/04 00:01:55 INFO FileSourceScanExec: Planning scan with bin packing, max size: 4194304 bytes, open cost is considered as scanning 4194304 bytes.","logger":"airflow.task.hooks.airflow.providers.standard.hooks.subprocess.SubprocessHook"}
{"timestamp":"2025-07-04T00:01:55.539804","level":"info","event":"25/07/04 00:01:55 INFO SparkContext: Starting job: parquet at NativeMethodAccessorImpl.java:0","logger":"airflow.task.hooks.airflow.providers.standard.hooks.subprocess.SubprocessHook"}
{"timestamp":"2025-07-04T00:01:55.540552","level":"info","event":"25/07/04 00:01:55 INFO DAGScheduler: Got job 4 (parquet at NativeMethodAccessorImpl.java:0) with 1 output partitions","logger":"airflow.task.hooks.airflow.providers.standard.hooks.subprocess.SubprocessHook"}
{"timestamp":"2025-07-04T00:01:55.540702","level":"info","event":"25/07/04 00:01:55 INFO DAGScheduler: Final stage: ResultStage 5 (parquet at NativeMethodAccessorImpl.java:0)","logger":"airflow.task.hooks.airflow.providers.standard.hooks.subprocess.SubprocessHook"}
{"timestamp":"2025-07-04T00:01:55.540778","level":"info","event":"25/07/04 00:01:55 INFO DAGScheduler: Parents of final stage: List()","logger":"airflow.task.hooks.airflow.providers.standard.hooks.subprocess.SubprocessHook"}
{"timestamp":"2025-07-04T00:01:55.540829","level":"info","event":"25/07/04 00:01:55 INFO DAGScheduler: Missing parents: List()","logger":"airflow.task.hooks.airflow.providers.standard.hooks.subprocess.SubprocessHook"}
{"timestamp":"2025-07-04T00:01:55.541749","level":"info","event":"25/07/04 00:01:55 INFO DAGScheduler: Submitting ResultStage 5 (MapPartitionsRDD[26] at parquet at NativeMethodAccessorImpl.java:0), which has no missing parents","logger":"airflow.task.hooks.airflow.providers.standard.hooks.subprocess.SubprocessHook"}
{"timestamp":"2025-07-04T00:01:55.553788","level":"info","event":"25/07/04 00:01:55 INFO MemoryStore: Block broadcast_10 stored as values in memory (estimated size 191.3 KiB, free 364.8 MiB)","logger":"airflow.task.hooks.airflow.providers.standard.hooks.subprocess.SubprocessHook"}
{"timestamp":"2025-07-04T00:01:55.555974","level":"info","event":"25/07/04 00:01:55 INFO MemoryStore: Block broadcast_10_piece0 stored as bytes in memory (estimated size 66.9 KiB, free 364.7 MiB)","logger":"airflow.task.hooks.airflow.providers.standard.hooks.subprocess.SubprocessHook"}
{"timestamp":"2025-07-04T00:01:55.556913","level":"info","event":"25/07/04 00:01:55 INFO BlockManagerInfo: Added broadcast_10_piece0 in memory on ba2333d50e1e:37625 (size: 66.9 KiB, free: 366.1 MiB)","logger":"airflow.task.hooks.airflow.providers.standard.hooks.subprocess.SubprocessHook"}
{"timestamp":"2025-07-04T00:01:55.557266","level":"info","event":"25/07/04 00:01:55 INFO SparkContext: Created broadcast 10 from broadcast at DAGScheduler.scala:1383","logger":"airflow.task.hooks.airflow.providers.standard.hooks.subprocess.SubprocessHook"}
{"timestamp":"2025-07-04T00:01:55.557932","level":"info","event":"25/07/04 00:01:55 INFO DAGScheduler: Submitting 1 missing tasks from ResultStage 5 (MapPartitionsRDD[26] at parquet at NativeMethodAccessorImpl.java:0) (first 15 tasks are for partitions Vector(0))","logger":"airflow.task.hooks.airflow.providers.standard.hooks.subprocess.SubprocessHook"}
{"timestamp":"2025-07-04T00:01:55.558062","level":"info","event":"25/07/04 00:01:55 INFO TaskSchedulerImpl: Adding task set 5.0 with 1 tasks resource profile 0","logger":"airflow.task.hooks.airflow.providers.standard.hooks.subprocess.SubprocessHook"}
{"timestamp":"2025-07-04T00:01:55.559471","level":"info","event":"25/07/04 00:01:55 INFO TaskSetManager: Starting task 0.0 in stage 5.0 (TID 5) (172.21.0.10, executor 0, partition 0, ANY, 4876 bytes) taskResourceAssignments Map()","logger":"airflow.task.hooks.airflow.providers.standard.hooks.subprocess.SubprocessHook"}
{"timestamp":"2025-07-04T00:01:55.573050","level":"info","event":"25/07/04 00:01:55 INFO BlockManagerInfo: Added broadcast_10_piece0 in memory on 172.21.0.10:38947 (size: 66.9 KiB, free: 366.1 MiB)","logger":"airflow.task.hooks.airflow.providers.standard.hooks.subprocess.SubprocessHook"}
{"timestamp":"2025-07-04T00:01:56.003477","level":"info","event":"25/07/04 00:01:56 INFO BlockManagerInfo: Added broadcast_9_piece0 in memory on 172.21.0.10:38947 (size: 27.6 KiB, free: 366.1 MiB)","logger":"airflow.task.hooks.airflow.providers.standard.hooks.subprocess.SubprocessHook"}
{"timestamp":"2025-07-04T00:01:56.361077","level":"info","event":"25/07/04 00:01:56 INFO TaskSetManager: Finished task 0.0 in stage 5.0 (TID 5) in 802 ms on 172.21.0.10 (executor 0) (1/1)","logger":"airflow.task.hooks.airflow.providers.standard.hooks.subprocess.SubprocessHook"}
{"timestamp":"2025-07-04T00:01:56.361268","level":"info","event":"25/07/04 00:01:56 INFO TaskSchedulerImpl: Removed TaskSet 5.0, whose tasks have all completed, from pool","logger":"airflow.task.hooks.airflow.providers.standard.hooks.subprocess.SubprocessHook"}
{"timestamp":"2025-07-04T00:01:56.361599","level":"info","event":"25/07/04 00:01:56 INFO DAGScheduler: ResultStage 5 (parquet at NativeMethodAccessorImpl.java:0) finished in 0.819 s","logger":"airflow.task.hooks.airflow.providers.standard.hooks.subprocess.SubprocessHook"}
{"timestamp":"2025-07-04T00:01:56.361765","level":"info","event":"25/07/04 00:01:56 INFO DAGScheduler: Job 4 is finished. Cancelling potential speculative or zombie tasks for this job","logger":"airflow.task.hooks.airflow.providers.standard.hooks.subprocess.SubprocessHook"}
{"timestamp":"2025-07-04T00:01:56.361833","level":"info","event":"25/07/04 00:01:56 INFO TaskSchedulerImpl: Killing all running tasks in stage 5: Stage finished","logger":"airflow.task.hooks.airflow.providers.standard.hooks.subprocess.SubprocessHook"}
{"timestamp":"2025-07-04T00:01:56.362988","level":"info","event":"25/07/04 00:01:56 INFO DAGScheduler: Job 4 finished: parquet at NativeMethodAccessorImpl.java:0, took 0.823172 s","logger":"airflow.task.hooks.airflow.providers.standard.hooks.subprocess.SubprocessHook"}
{"timestamp":"2025-07-04T00:01:56.416089","level":"info","event":"25/07/04 00:01:56 INFO FileFormatWriter: Write Job 55be64b8-01fc-4711-898d-fc2c4f3b1389 committed.","logger":"airflow.task.hooks.airflow.providers.standard.hooks.subprocess.SubprocessHook"}
{"timestamp":"2025-07-04T00:01:56.419001","level":"info","event":"25/07/04 00:01:56 INFO FileFormatWriter: Finished processing stats for write job 55be64b8-01fc-4711-898d-fc2c4f3b1389.","logger":"airflow.task.hooks.airflow.providers.standard.hooks.subprocess.SubprocessHook"}
{"timestamp":"2025-07-04T00:01:56.469602","level":"info","event":"Traceback (most recent call last):","logger":"airflow.task.hooks.airflow.providers.standard.hooks.subprocess.SubprocessHook"}
{"timestamp":"2025-07-04T00:01:56.469742","level":"info","event":"  File \"/opt/spark-apps/get_clean.py\", line 67, in <module>","logger":"airflow.task.hooks.airflow.providers.standard.hooks.subprocess.SubprocessHook"}
{"timestamp":"2025-07-04T00:01:56.471427","level":"info","event":"    .mode(\"overwrite\")\\","logger":"airflow.task.hooks.airflow.providers.standard.hooks.subprocess.SubprocessHook"}
{"timestamp":"2025-07-04T00:01:56.471586","level":"info","event":"  File \"/opt/bitnami/spark/python/lib/pyspark.zip/pyspark/sql/readwriter.py\", line 1107, in save","logger":"airflow.task.hooks.airflow.providers.standard.hooks.subprocess.SubprocessHook"}
{"timestamp":"2025-07-04T00:01:56.471661","level":"info","event":"  File \"/opt/bitnami/spark/python/lib/py4j-0.10.9-src.zip/py4j/java_gateway.py\", line 1305, in __call__","logger":"airflow.task.hooks.airflow.providers.standard.hooks.subprocess.SubprocessHook"}
{"timestamp":"2025-07-04T00:01:56.472382","level":"info","event":"  File \"/opt/bitnami/spark/python/lib/pyspark.zip/pyspark/sql/utils.py\", line 111, in deco","logger":"airflow.task.hooks.airflow.providers.standard.hooks.subprocess.SubprocessHook"}
{"timestamp":"2025-07-04T00:01:56.472896","level":"info","event":"  File \"/opt/bitnami/spark/python/lib/py4j-0.10.9-src.zip/py4j/protocol.py\", line 328, in get_return_value","logger":"airflow.task.hooks.airflow.providers.standard.hooks.subprocess.SubprocessHook"}
{"timestamp":"2025-07-04T00:01:56.473925","level":"info","event":"py4j.protocol.Py4JJavaError: An error occurred while calling o115.save.","logger":"airflow.task.hooks.airflow.providers.standard.hooks.subprocess.SubprocessHook"}
{"timestamp":"2025-07-04T00:01:56.474029","level":"info","event":": java.sql.SQLException: No suitable driver","logger":"airflow.task.hooks.airflow.providers.standard.hooks.subprocess.SubprocessHook"}
{"timestamp":"2025-07-04T00:01:56.474071","level":"info","event":"\tat java.sql.DriverManager.getDriver(DriverManager.java:315)","logger":"airflow.task.hooks.airflow.providers.standard.hooks.subprocess.SubprocessHook"}
{"timestamp":"2025-07-04T00:01:56.474100","level":"info","event":"\tat org.apache.spark.sql.execution.datasources.jdbc.JDBCOptions.$anonfun$driverClass$2(JDBCOptions.scala:108)","logger":"airflow.task.hooks.airflow.providers.standard.hooks.subprocess.SubprocessHook"}
{"timestamp":"2025-07-04T00:01:56.474149","level":"info","event":"\tat scala.Option.getOrElse(Option.scala:189)","logger":"airflow.task.hooks.airflow.providers.standard.hooks.subprocess.SubprocessHook"}
{"timestamp":"2025-07-04T00:01:56.474179","level":"info","event":"\tat org.apache.spark.sql.execution.datasources.jdbc.JDBCOptions.<init>(JDBCOptions.scala:108)","logger":"airflow.task.hooks.airflow.providers.standard.hooks.subprocess.SubprocessHook"}
{"timestamp":"2025-07-04T00:01:56.474258","level":"info","event":"\tat org.apache.spark.sql.execution.datasources.jdbc.JdbcOptionsInWrite.<init>(JDBCOptions.scala:215)","logger":"airflow.task.hooks.airflow.providers.standard.hooks.subprocess.SubprocessHook"}
{"timestamp":"2025-07-04T00:01:56.474297","level":"info","event":"\tat org.apache.spark.sql.execution.datasources.jdbc.JdbcOptionsInWrite.<init>(JDBCOptions.scala:219)","logger":"airflow.task.hooks.airflow.providers.standard.hooks.subprocess.SubprocessHook"}
{"timestamp":"2025-07-04T00:01:56.474324","level":"info","event":"\tat org.apache.spark.sql.execution.datasources.jdbc.JdbcRelationProvider.createRelation(JdbcRelationProvider.scala:45)","logger":"airflow.task.hooks.airflow.providers.standard.hooks.subprocess.SubprocessHook"}
{"timestamp":"2025-07-04T00:01:56.474395","level":"info","event":"\tat org.apache.spark.sql.execution.datasources.SaveIntoDataSourceCommand.run(SaveIntoDataSourceCommand.scala:46)","logger":"airflow.task.hooks.airflow.providers.standard.hooks.subprocess.SubprocessHook"}
{"timestamp":"2025-07-04T00:01:56.474432","level":"info","event":"\tat org.apache.spark.sql.execution.command.ExecutedCommandExec.sideEffectResult$lzycompute(commands.scala:70)","logger":"airflow.task.hooks.airflow.providers.standard.hooks.subprocess.SubprocessHook"}
{"timestamp":"2025-07-04T00:01:56.474458","level":"info","event":"\tat org.apache.spark.sql.execution.command.ExecutedCommandExec.sideEffectResult(commands.scala:68)","logger":"airflow.task.hooks.airflow.providers.standard.hooks.subprocess.SubprocessHook"}
{"timestamp":"2025-07-04T00:01:56.474483","level":"info","event":"\tat org.apache.spark.sql.execution.command.ExecutedCommandExec.doExecute(commands.scala:90)","logger":"airflow.task.hooks.airflow.providers.standard.hooks.subprocess.SubprocessHook"}
{"timestamp":"2025-07-04T00:01:56.474522","level":"info","event":"\tat org.apache.spark.sql.execution.SparkPlan.$anonfun$execute$1(SparkPlan.scala:180)","logger":"airflow.task.hooks.airflow.providers.standard.hooks.subprocess.SubprocessHook"}
{"timestamp":"2025-07-04T00:01:56.474568","level":"info","event":"\tat org.apache.spark.sql.execution.SparkPlan.$anonfun$executeQuery$1(SparkPlan.scala:218)","logger":"airflow.task.hooks.airflow.providers.standard.hooks.subprocess.SubprocessHook"}
{"timestamp":"2025-07-04T00:01:56.474608","level":"info","event":"\tat org.apache.spark.rdd.RDDOperationScope$.withScope(RDDOperationScope.scala:151)","logger":"airflow.task.hooks.airflow.providers.standard.hooks.subprocess.SubprocessHook"}
{"timestamp":"2025-07-04T00:01:56.474647","level":"info","event":"\tat org.apache.spark.sql.execution.SparkPlan.executeQuery(SparkPlan.scala:215)","logger":"airflow.task.hooks.airflow.providers.standard.hooks.subprocess.SubprocessHook"}
{"timestamp":"2025-07-04T00:01:56.474684","level":"info","event":"\tat org.apache.spark.sql.execution.SparkPlan.execute(SparkPlan.scala:176)","logger":"airflow.task.hooks.airflow.providers.standard.hooks.subprocess.SubprocessHook"}
{"timestamp":"2025-07-04T00:01:56.474721","level":"info","event":"\tat org.apache.spark.sql.execution.QueryExecution.toRdd$lzycompute(QueryExecution.scala:132)","logger":"airflow.task.hooks.airflow.providers.standard.hooks.subprocess.SubprocessHook"}
{"timestamp":"2025-07-04T00:01:56.474760","level":"info","event":"\tat org.apache.spark.sql.execution.QueryExecution.toRdd(QueryExecution.scala:131)","logger":"airflow.task.hooks.airflow.providers.standard.hooks.subprocess.SubprocessHook"}
{"timestamp":"2025-07-04T00:01:56.474798","level":"info","event":"\tat org.apache.spark.sql.DataFrameWriter.$anonfun$runCommand$1(DataFrameWriter.scala:989)","logger":"airflow.task.hooks.airflow.providers.standard.hooks.subprocess.SubprocessHook"}
{"timestamp":"2025-07-04T00:01:56.474838","level":"info","event":"\tat org.apache.spark.sql.execution.SQLExecution$.$anonfun$withNewExecutionId$5(SQLExecution.scala:103)","logger":"airflow.task.hooks.airflow.providers.standard.hooks.subprocess.SubprocessHook"}
{"timestamp":"2025-07-04T00:01:56.474897","level":"info","event":"\tat org.apache.spark.sql.execution.SQLExecution$.withSQLConfPropagated(SQLExecution.scala:163)","logger":"airflow.task.hooks.airflow.providers.standard.hooks.subprocess.SubprocessHook"}
{"timestamp":"2025-07-04T00:01:56.475164","level":"info","event":"\tat org.apache.spark.sql.execution.SQLExecution$.$anonfun$withNewExecutionId$1(SQLExecution.scala:90)","logger":"airflow.task.hooks.airflow.providers.standard.hooks.subprocess.SubprocessHook"}
{"timestamp":"2025-07-04T00:01:56.475257","level":"info","event":"\tat org.apache.spark.sql.SparkSession.withActive(SparkSession.scala:772)","logger":"airflow.task.hooks.airflow.providers.standard.hooks.subprocess.SubprocessHook"}
{"timestamp":"2025-07-04T00:01:56.475390","level":"info","event":"\tat org.apache.spark.sql.execution.SQLExecution$.withNewExecutionId(SQLExecution.scala:64)","logger":"airflow.task.hooks.airflow.providers.standard.hooks.subprocess.SubprocessHook"}
{"timestamp":"2025-07-04T00:01:56.475486","level":"info","event":"\tat org.apache.spark.sql.DataFrameWriter.runCommand(DataFrameWriter.scala:989)","logger":"airflow.task.hooks.airflow.providers.standard.hooks.subprocess.SubprocessHook"}
{"timestamp":"2025-07-04T00:01:56.475540","level":"info","event":"\tat org.apache.spark.sql.DataFrameWriter.saveToV1Source(DataFrameWriter.scala:438)","logger":"airflow.task.hooks.airflow.providers.standard.hooks.subprocess.SubprocessHook"}
{"timestamp":"2025-07-04T00:01:56.475589","level":"info","event":"\tat org.apache.spark.sql.DataFrameWriter.saveInternal(DataFrameWriter.scala:415)","logger":"airflow.task.hooks.airflow.providers.standard.hooks.subprocess.SubprocessHook"}
{"timestamp":"2025-07-04T00:01:56.475634","level":"info","event":"\tat org.apache.spark.sql.DataFrameWriter.save(DataFrameWriter.scala:301)","logger":"airflow.task.hooks.airflow.providers.standard.hooks.subprocess.SubprocessHook"}
{"timestamp":"2025-07-04T00:01:56.475799","level":"info","event":"\tat sun.reflect.NativeMethodAccessorImpl.invoke0(Native Method)","logger":"airflow.task.hooks.airflow.providers.standard.hooks.subprocess.SubprocessHook"}
{"timestamp":"2025-07-04T00:01:56.475902","level":"info","event":"\tat sun.reflect.NativeMethodAccessorImpl.invoke(NativeMethodAccessorImpl.java:62)","logger":"airflow.task.hooks.airflow.providers.standard.hooks.subprocess.SubprocessHook"}
{"timestamp":"2025-07-04T00:01:56.476006","level":"info","event":"\tat sun.reflect.DelegatingMethodAccessorImpl.invoke(DelegatingMethodAccessorImpl.java:43)","logger":"airflow.task.hooks.airflow.providers.standard.hooks.subprocess.SubprocessHook"}
{"timestamp":"2025-07-04T00:01:56.476054","level":"info","event":"\tat java.lang.reflect.Method.invoke(Method.java:498)","logger":"airflow.task.hooks.airflow.providers.standard.hooks.subprocess.SubprocessHook"}
{"timestamp":"2025-07-04T00:01:56.476299","level":"info","event":"\tat py4j.reflection.MethodInvoker.invoke(MethodInvoker.java:244)","logger":"airflow.task.hooks.airflow.providers.standard.hooks.subprocess.SubprocessHook"}
{"timestamp":"2025-07-04T00:01:56.476353","level":"info","event":"\tat py4j.reflection.ReflectionEngine.invoke(ReflectionEngine.java:357)","logger":"airflow.task.hooks.airflow.providers.standard.hooks.subprocess.SubprocessHook"}
{"timestamp":"2025-07-04T00:01:56.476382","level":"info","event":"\tat py4j.Gateway.invoke(Gateway.java:282)","logger":"airflow.task.hooks.airflow.providers.standard.hooks.subprocess.SubprocessHook"}
{"timestamp":"2025-07-04T00:01:56.476410","level":"info","event":"\tat py4j.commands.AbstractCommand.invokeMethod(AbstractCommand.java:132)","logger":"airflow.task.hooks.airflow.providers.standard.hooks.subprocess.SubprocessHook"}
{"timestamp":"2025-07-04T00:01:56.476435","level":"info","event":"\tat py4j.commands.CallCommand.execute(CallCommand.java:79)","logger":"airflow.task.hooks.airflow.providers.standard.hooks.subprocess.SubprocessHook"}
{"timestamp":"2025-07-04T00:01:56.476462","level":"info","event":"\tat py4j.GatewayConnection.run(GatewayConnection.java:238)","logger":"airflow.task.hooks.airflow.providers.standard.hooks.subprocess.SubprocessHook"}
{"timestamp":"2025-07-04T00:01:56.476521","level":"info","event":"\tat java.lang.Thread.run(Thread.java:748)","logger":"airflow.task.hooks.airflow.providers.standard.hooks.subprocess.SubprocessHook"}
{"timestamp":"2025-07-04T00:01:56.476554","level":"info","event":"","logger":"airflow.task.hooks.airflow.providers.standard.hooks.subprocess.SubprocessHook"}
{"timestamp":"2025-07-04T00:01:56.503831","level":"info","event":"25/07/04 00:01:56 INFO SparkContext: Invoking stop() from shutdown hook","logger":"airflow.task.hooks.airflow.providers.standard.hooks.subprocess.SubprocessHook"}
{"timestamp":"2025-07-04T00:01:56.513608","level":"info","event":"25/07/04 00:01:56 INFO SparkUI: Stopped Spark web UI at http://ba2333d50e1e:4040","logger":"airflow.task.hooks.airflow.providers.standard.hooks.subprocess.SubprocessHook"}
{"timestamp":"2025-07-04T00:01:56.517274","level":"info","event":"25/07/04 00:01:56 INFO StandaloneSchedulerBackend: Shutting down all executors","logger":"airflow.task.hooks.airflow.providers.standard.hooks.subprocess.SubprocessHook"}
{"timestamp":"2025-07-04T00:01:56.517657","level":"info","event":"25/07/04 00:01:56 INFO CoarseGrainedSchedulerBackend$DriverEndpoint: Asking each executor to shut down","logger":"airflow.task.hooks.airflow.providers.standard.hooks.subprocess.SubprocessHook"}
{"timestamp":"2025-07-04T00:01:56.534614","level":"info","event":"25/07/04 00:01:56 INFO MapOutputTrackerMasterEndpoint: MapOutputTrackerMasterEndpoint stopped!","logger":"airflow.task.hooks.airflow.providers.standard.hooks.subprocess.SubprocessHook"}
{"timestamp":"2025-07-04T00:01:56.548557","level":"info","event":"25/07/04 00:01:56 INFO MemoryStore: MemoryStore cleared","logger":"airflow.task.hooks.airflow.providers.standard.hooks.subprocess.SubprocessHook"}
{"timestamp":"2025-07-04T00:01:56.548711","level":"info","event":"25/07/04 00:01:56 INFO BlockManager: BlockManager stopped","logger":"airflow.task.hooks.airflow.providers.standard.hooks.subprocess.SubprocessHook"}
{"timestamp":"2025-07-04T00:01:56.552959","level":"info","event":"25/07/04 00:01:56 INFO BlockManagerMaster: BlockManagerMaster stopped","logger":"airflow.task.hooks.airflow.providers.standard.hooks.subprocess.SubprocessHook"}
{"timestamp":"2025-07-04T00:01:56.555349","level":"info","event":"25/07/04 00:01:56 INFO OutputCommitCoordinator$OutputCommitCoordinatorEndpoint: OutputCommitCoordinator stopped!","logger":"airflow.task.hooks.airflow.providers.standard.hooks.subprocess.SubprocessHook"}
{"timestamp":"2025-07-04T00:01:56.563632","level":"info","event":"25/07/04 00:01:56 INFO SparkContext: Successfully stopped SparkContext","logger":"airflow.task.hooks.airflow.providers.standard.hooks.subprocess.SubprocessHook"}
{"timestamp":"2025-07-04T00:01:56.563769","level":"info","event":"25/07/04 00:01:56 INFO ShutdownHookManager: Shutdown hook called","logger":"airflow.task.hooks.airflow.providers.standard.hooks.subprocess.SubprocessHook"}
{"timestamp":"2025-07-04T00:01:56.564111","level":"info","event":"25/07/04 00:01:56 INFO ShutdownHookManager: Deleting directory /tmp/spark-e14ee448-f034-4ba8-8bed-861c64ffffd9","logger":"airflow.task.hooks.airflow.providers.standard.hooks.subprocess.SubprocessHook"}
{"timestamp":"2025-07-04T00:01:56.567756","level":"info","event":"25/07/04 00:01:56 INFO ShutdownHookManager: Deleting directory /tmp/spark-c994b58b-9930-4af4-a857-5462a119caeb/pyspark-d190a786-5acb-4523-b716-e6f53ee8eba6","logger":"airflow.task.hooks.airflow.providers.standard.hooks.subprocess.SubprocessHook"}
{"timestamp":"2025-07-04T00:01:56.570450","level":"info","event":"25/07/04 00:01:56 INFO ShutdownHookManager: Deleting directory /tmp/spark-c994b58b-9930-4af4-a857-5462a119caeb","logger":"airflow.task.hooks.airflow.providers.standard.hooks.subprocess.SubprocessHook"}
{"timestamp":"2025-07-04T00:01:56.736630","level":"info","event":"Command exited with return code 1","logger":"airflow.task.hooks.airflow.providers.standard.hooks.subprocess.SubprocessHook"}
{"timestamp":"2025-07-04T00:01:56.737065","level":"error","event":"Task failed with exception","logger":"task","error_detail":[{"exc_type":"AirflowException","exc_value":"Bash command failed. The command returned a non-zero exit code 1.","exc_notes":[],"syntax_error":null,"is_cause":false,"frames":[{"filename":"/home/airflow/.local/lib/python3.12/site-packages/airflow/sdk/execution_time/task_runner.py","lineno":825,"name":"run"},{"filename":"/home/airflow/.local/lib/python3.12/site-packages/airflow/sdk/execution_time/task_runner.py","lineno":1088,"name":"_execute_task"},{"filename":"/home/airflow/.local/lib/python3.12/site-packages/airflow/sdk/bases/operator.py","lineno":408,"name":"wrapper"},{"filename":"/home/airflow/.local/lib/python3.12/site-packages/airflow/providers/standard/operators/bash.py","lineno":233,"name":"execute"}]}]}
