{"timestamp":"2025-07-22T22:15:51.999116","level":"info","event":"DAG bundles loaded: dags-folder","logger":"airflow.dag_processing.bundles.manager.DagBundlesManager"}
{"timestamp":"2025-07-22T22:15:51.999679","level":"info","event":"Filling up the DagBag from /opt/airflow/dags/telco_to_hdfs_dag.py","logger":"airflow.models.dagbag.DagBag"}
{"timestamp":"2025-07-22T22:15:52.019455","level":"info","event":"Tmp dir root location: /tmp","logger":"airflow.task.hooks.airflow.providers.standard.hooks.subprocess.SubprocessHook"}
{"timestamp":"2025-07-22T22:15:52.020048","level":"info","event":"Running command: ['/usr/bin/bash', '-c', 'docker exec spark-master /opt/bitnami/spark/bin/spark-submit --master spark://spark-master:7077 /opt/spark-apps/get_clean.py']","logger":"airflow.task.hooks.airflow.providers.standard.hooks.subprocess.SubprocessHook"}
{"timestamp":"2025-07-22T22:15:52.027962","level":"info","event":"Output:","logger":"airflow.task.hooks.airflow.providers.standard.hooks.subprocess.SubprocessHook"}
{"timestamp":"2025-07-22T22:15:53.723248","level":"info","event":"25/07/22 22:15:53 WARN NativeCodeLoader: Unable to load native-hadoop library for your platform... using builtin-java classes where applicable","logger":"airflow.task.hooks.airflow.providers.standard.hooks.subprocess.SubprocessHook"}
{"timestamp":"2025-07-22T22:15:54.648923","level":"info","event":"Using Spark's default log4j profile: org/apache/spark/log4j-defaults.properties","logger":"airflow.task.hooks.airflow.providers.standard.hooks.subprocess.SubprocessHook"}
{"timestamp":"2025-07-22T22:15:54.658117","level":"info","event":"25/07/22 22:15:54 INFO SparkContext: Running Spark version 3.1.1","logger":"airflow.task.hooks.airflow.providers.standard.hooks.subprocess.SubprocessHook"}
{"timestamp":"2025-07-22T22:15:54.702904","level":"info","event":"25/07/22 22:15:54 INFO ResourceUtils: ==============================================================","logger":"airflow.task.hooks.airflow.providers.standard.hooks.subprocess.SubprocessHook"}
{"timestamp":"2025-07-22T22:15:54.703058","level":"info","event":"25/07/22 22:15:54 INFO ResourceUtils: No custom resources configured for spark.driver.","logger":"airflow.task.hooks.airflow.providers.standard.hooks.subprocess.SubprocessHook"}
{"timestamp":"2025-07-22T22:15:54.703114","level":"info","event":"25/07/22 22:15:54 INFO ResourceUtils: ==============================================================","logger":"airflow.task.hooks.airflow.providers.standard.hooks.subprocess.SubprocessHook"}
{"timestamp":"2025-07-22T22:15:54.703162","level":"info","event":"25/07/22 22:15:54 INFO SparkContext: Submitted application: TelcoExploration","logger":"airflow.task.hooks.airflow.providers.standard.hooks.subprocess.SubprocessHook"}
{"timestamp":"2025-07-22T22:15:54.731150","level":"info","event":"25/07/22 22:15:54 INFO ResourceProfile: Default ResourceProfile created, executor resources: Map(cores -> name: cores, amount: 1, script: , vendor: , memory -> name: memory, amount: 1024, script: , vendor: , offHeap -> name: offHeap, amount: 0, script: , vendor: ), task resources: Map(cpus -> name: cpus, amount: 1.0)","logger":"airflow.task.hooks.airflow.providers.standard.hooks.subprocess.SubprocessHook"}
{"timestamp":"2025-07-22T22:15:54.741736","level":"info","event":"25/07/22 22:15:54 INFO ResourceProfile: Limiting resource is cpu","logger":"airflow.task.hooks.airflow.providers.standard.hooks.subprocess.SubprocessHook"}
{"timestamp":"2025-07-22T22:15:54.742614","level":"info","event":"25/07/22 22:15:54 INFO ResourceProfileManager: Added ResourceProfile id: 0","logger":"airflow.task.hooks.airflow.providers.standard.hooks.subprocess.SubprocessHook"}
{"timestamp":"2025-07-22T22:15:54.798004","level":"info","event":"25/07/22 22:15:54 INFO SecurityManager: Changing view acls to: spark","logger":"airflow.task.hooks.airflow.providers.standard.hooks.subprocess.SubprocessHook"}
{"timestamp":"2025-07-22T22:15:54.798209","level":"info","event":"25/07/22 22:15:54 INFO SecurityManager: Changing modify acls to: spark","logger":"airflow.task.hooks.airflow.providers.standard.hooks.subprocess.SubprocessHook"}
{"timestamp":"2025-07-22T22:15:54.798313","level":"info","event":"25/07/22 22:15:54 INFO SecurityManager: Changing view acls groups to:","logger":"airflow.task.hooks.airflow.providers.standard.hooks.subprocess.SubprocessHook"}
{"timestamp":"2025-07-22T22:15:54.798368","level":"info","event":"25/07/22 22:15:54 INFO SecurityManager: Changing modify acls groups to:","logger":"airflow.task.hooks.airflow.providers.standard.hooks.subprocess.SubprocessHook"}
{"timestamp":"2025-07-22T22:15:54.798673","level":"info","event":"25/07/22 22:15:54 INFO SecurityManager: SecurityManager: authentication disabled; ui acls disabled; users  with view permissions: Set(spark); groups with view permissions: Set(); users  with modify permissions: Set(spark); groups with modify permissions: Set()","logger":"airflow.task.hooks.airflow.providers.standard.hooks.subprocess.SubprocessHook"}
{"timestamp":"2025-07-22T22:15:55.020988","level":"info","event":"25/07/22 22:15:55 INFO Utils: Successfully started service 'sparkDriver' on port 34195.","logger":"airflow.task.hooks.airflow.providers.standard.hooks.subprocess.SubprocessHook"}
{"timestamp":"2025-07-22T22:15:55.048271","level":"info","event":"25/07/22 22:15:55 INFO SparkEnv: Registering MapOutputTracker","logger":"airflow.task.hooks.airflow.providers.standard.hooks.subprocess.SubprocessHook"}
{"timestamp":"2025-07-22T22:15:55.090335","level":"info","event":"25/07/22 22:15:55 INFO SparkEnv: Registering BlockManagerMaster","logger":"airflow.task.hooks.airflow.providers.standard.hooks.subprocess.SubprocessHook"}
{"timestamp":"2025-07-22T22:15:55.118952","level":"info","event":"25/07/22 22:15:55 INFO BlockManagerMasterEndpoint: Using org.apache.spark.storage.DefaultTopologyMapper for getting topology information","logger":"airflow.task.hooks.airflow.providers.standard.hooks.subprocess.SubprocessHook"}
{"timestamp":"2025-07-22T22:15:55.119576","level":"info","event":"25/07/22 22:15:55 INFO BlockManagerMasterEndpoint: BlockManagerMasterEndpoint up","logger":"airflow.task.hooks.airflow.providers.standard.hooks.subprocess.SubprocessHook"}
{"timestamp":"2025-07-22T22:15:55.126295","level":"info","event":"25/07/22 22:15:55 INFO SparkEnv: Registering BlockManagerMasterHeartbeat","logger":"airflow.task.hooks.airflow.providers.standard.hooks.subprocess.SubprocessHook"}
{"timestamp":"2025-07-22T22:15:55.147302","level":"info","event":"25/07/22 22:15:55 INFO DiskBlockManager: Created local directory at /tmp/blockmgr-c4188610-f3c2-496c-a325-37a762d92572","logger":"airflow.task.hooks.airflow.providers.standard.hooks.subprocess.SubprocessHook"}
{"timestamp":"2025-07-22T22:15:55.171840","level":"info","event":"25/07/22 22:15:55 INFO MemoryStore: MemoryStore started with capacity 366.3 MiB","logger":"airflow.task.hooks.airflow.providers.standard.hooks.subprocess.SubprocessHook"}
{"timestamp":"2025-07-22T22:15:55.196506","level":"info","event":"25/07/22 22:15:55 INFO SparkEnv: Registering OutputCommitCoordinator","logger":"airflow.task.hooks.airflow.providers.standard.hooks.subprocess.SubprocessHook"}
{"timestamp":"2025-07-22T22:15:55.501254","level":"info","event":"25/07/22 22:15:55 INFO Utils: Successfully started service 'SparkUI' on port 4040.","logger":"airflow.task.hooks.airflow.providers.standard.hooks.subprocess.SubprocessHook"}
{"timestamp":"2025-07-22T22:15:55.580585","level":"info","event":"25/07/22 22:15:55 INFO SparkUI: Bound SparkUI to 0.0.0.0, and started at http://80e78d8298a8:4040","logger":"airflow.task.hooks.airflow.providers.standard.hooks.subprocess.SubprocessHook"}
{"timestamp":"2025-07-22T22:15:55.625340","level":"info","event":"25/07/22 22:15:55 INFO SparkContext: Added JAR /opt/bitnami/spark/jars/postgresql-42.7.7.jar at spark://80e78d8298a8:34195/jars/postgresql-42.7.7.jar with timestamp 1753222554644","logger":"airflow.task.hooks.airflow.providers.standard.hooks.subprocess.SubprocessHook"}
{"timestamp":"2025-07-22T22:15:55.844959","level":"info","event":"25/07/22 22:15:55 INFO StandaloneAppClient$ClientEndpoint: Connecting to master spark://spark-master:7077...","logger":"airflow.task.hooks.airflow.providers.standard.hooks.subprocess.SubprocessHook"}
{"timestamp":"2025-07-22T22:15:55.908256","level":"info","event":"25/07/22 22:15:55 INFO TransportClientFactory: Successfully created connection to spark-master/172.21.0.3:7077 after 42 ms (0 ms spent in bootstraps)","logger":"airflow.task.hooks.airflow.providers.standard.hooks.subprocess.SubprocessHook"}
{"timestamp":"2025-07-22T22:15:56.061968","level":"info","event":"25/07/22 22:15:56 INFO StandaloneSchedulerBackend: Connected to Spark cluster with app ID app-20250722221556-0000","logger":"airflow.task.hooks.airflow.providers.standard.hooks.subprocess.SubprocessHook"}
{"timestamp":"2025-07-22T22:15:56.069666","level":"info","event":"25/07/22 22:15:56 INFO Utils: Successfully started service 'org.apache.spark.network.netty.NettyBlockTransferService' on port 38709.","logger":"airflow.task.hooks.airflow.providers.standard.hooks.subprocess.SubprocessHook"}
{"timestamp":"2025-07-22T22:15:56.069847","level":"info","event":"25/07/22 22:15:56 INFO NettyBlockTransferService: Server created on 80e78d8298a8:38709","logger":"airflow.task.hooks.airflow.providers.standard.hooks.subprocess.SubprocessHook"}
{"timestamp":"2025-07-22T22:15:56.072752","level":"info","event":"25/07/22 22:15:56 INFO BlockManager: Using org.apache.spark.storage.RandomBlockReplicationPolicy for block replication policy","logger":"airflow.task.hooks.airflow.providers.standard.hooks.subprocess.SubprocessHook"}
{"timestamp":"2025-07-22T22:15:56.085484","level":"info","event":"25/07/22 22:15:56 INFO BlockManagerMaster: Registering BlockManager BlockManagerId(driver, 80e78d8298a8, 38709, None)","logger":"airflow.task.hooks.airflow.providers.standard.hooks.subprocess.SubprocessHook"}
{"timestamp":"2025-07-22T22:15:56.092054","level":"info","event":"25/07/22 22:15:56 INFO BlockManagerMasterEndpoint: Registering block manager 80e78d8298a8:38709 with 366.3 MiB RAM, BlockManagerId(driver, 80e78d8298a8, 38709, None)","logger":"airflow.task.hooks.airflow.providers.standard.hooks.subprocess.SubprocessHook"}
{"timestamp":"2025-07-22T22:15:56.096799","level":"info","event":"25/07/22 22:15:56 INFO BlockManagerMaster: Registered BlockManager BlockManagerId(driver, 80e78d8298a8, 38709, None)","logger":"airflow.task.hooks.airflow.providers.standard.hooks.subprocess.SubprocessHook"}
{"timestamp":"2025-07-22T22:15:56.107438","level":"info","event":"25/07/22 22:15:56 INFO BlockManager: Initialized BlockManager: BlockManagerId(driver, 80e78d8298a8, 38709, None)","logger":"airflow.task.hooks.airflow.providers.standard.hooks.subprocess.SubprocessHook"}
{"timestamp":"2025-07-22T22:15:56.108639","level":"info","event":"25/07/22 22:15:56 INFO StandaloneAppClient$ClientEndpoint: Executor added: app-20250722221556-0000/0 on worker-20250722221430-172.21.0.6-34647 (172.21.0.6:34647) with 12 core(s)","logger":"airflow.task.hooks.airflow.providers.standard.hooks.subprocess.SubprocessHook"}
{"timestamp":"2025-07-22T22:15:56.109165","level":"info","event":"25/07/22 22:15:56 INFO StandaloneSchedulerBackend: Granted executor ID app-20250722221556-0000/0 on hostPort 172.21.0.6:34647 with 12 core(s), 1024.0 MiB RAM","logger":"airflow.task.hooks.airflow.providers.standard.hooks.subprocess.SubprocessHook"}
{"timestamp":"2025-07-22T22:15:56.300054","level":"info","event":"25/07/22 22:15:56 INFO StandaloneAppClient$ClientEndpoint: Executor updated: app-20250722221556-0000/0 is now RUNNING","logger":"airflow.task.hooks.airflow.providers.standard.hooks.subprocess.SubprocessHook"}
{"timestamp":"2025-07-22T22:15:56.431458","level":"info","event":"25/07/22 22:15:56 INFO StandaloneSchedulerBackend: SchedulerBackend is ready for scheduling beginning after reached minRegisteredResourcesRatio: 0.0","logger":"airflow.task.hooks.airflow.providers.standard.hooks.subprocess.SubprocessHook"}
{"timestamp":"2025-07-22T22:15:56.775864","level":"info","event":"25/07/22 22:15:56 INFO SharedState: Setting hive.metastore.warehouse.dir ('null') to the value of spark.sql.warehouse.dir ('file:/opt/bitnami/spark/spark-warehouse').","logger":"airflow.task.hooks.airflow.providers.standard.hooks.subprocess.SubprocessHook"}
{"timestamp":"2025-07-22T22:15:56.776059","level":"info","event":"25/07/22 22:15:56 INFO SharedState: Warehouse path is 'file:/opt/bitnami/spark/spark-warehouse'.","logger":"airflow.task.hooks.airflow.providers.standard.hooks.subprocess.SubprocessHook"}
{"timestamp":"2025-07-22T22:15:58.374708","level":"info","event":"25/07/22 22:15:58 INFO InMemoryFileIndex: It took 241 ms to list leaf files for 1 paths.","logger":"airflow.task.hooks.airflow.providers.standard.hooks.subprocess.SubprocessHook"}
{"timestamp":"2025-07-22T22:15:58.447871","level":"info","event":"25/07/22 22:15:58 INFO InMemoryFileIndex: It took 5 ms to list leaf files for 1 paths.","logger":"airflow.task.hooks.airflow.providers.standard.hooks.subprocess.SubprocessHook"}
{"timestamp":"2025-07-22T22:15:58.559568","level":"info","event":"25/07/22 22:15:58 INFO CoarseGrainedSchedulerBackend$DriverEndpoint: Registered executor NettyRpcEndpointRef(spark-client://Executor) (172.21.0.6:51952) with ID 0,  ResourceProfileId 0","logger":"airflow.task.hooks.airflow.providers.standard.hooks.subprocess.SubprocessHook"}
{"timestamp":"2025-07-22T22:15:58.701005","level":"info","event":"25/07/22 22:15:58 INFO BlockManagerMasterEndpoint: Registering block manager 172.21.0.6:33893 with 366.3 MiB RAM, BlockManagerId(0, 172.21.0.6, 33893, None)","logger":"airflow.task.hooks.airflow.providers.standard.hooks.subprocess.SubprocessHook"}
{"timestamp":"2025-07-22T22:16:00.417294","level":"info","event":"25/07/22 22:16:00 INFO FileSourceStrategy: Pushed Filters:","logger":"airflow.task.hooks.airflow.providers.standard.hooks.subprocess.SubprocessHook"}
{"timestamp":"2025-07-22T22:16:00.423359","level":"info","event":"25/07/22 22:16:00 INFO FileSourceStrategy: Post-Scan Filters: (length(trim(value#0, None)) > 0)","logger":"airflow.task.hooks.airflow.providers.standard.hooks.subprocess.SubprocessHook"}
{"timestamp":"2025-07-22T22:16:00.428725","level":"info","event":"25/07/22 22:16:00 INFO FileSourceStrategy: Output Data Schema: struct<value: string>","logger":"airflow.task.hooks.airflow.providers.standard.hooks.subprocess.SubprocessHook"}
{"timestamp":"2025-07-22T22:16:01.165747","level":"info","event":"25/07/22 22:16:01 INFO CodeGenerator: Code generated in 239.742251 ms","logger":"airflow.task.hooks.airflow.providers.standard.hooks.subprocess.SubprocessHook"}
{"timestamp":"2025-07-22T22:16:01.215497","level":"info","event":"25/07/22 22:16:01 INFO MemoryStore: Block broadcast_0 stored as values in memory (estimated size 304.3 KiB, free 366.0 MiB)","logger":"airflow.task.hooks.airflow.providers.standard.hooks.subprocess.SubprocessHook"}
{"timestamp":"2025-07-22T22:16:01.264655","level":"info","event":"25/07/22 22:16:01 INFO MemoryStore: Block broadcast_0_piece0 stored as bytes in memory (estimated size 27.6 KiB, free 366.0 MiB)","logger":"airflow.task.hooks.airflow.providers.standard.hooks.subprocess.SubprocessHook"}
{"timestamp":"2025-07-22T22:16:01.267837","level":"info","event":"25/07/22 22:16:01 INFO BlockManagerInfo: Added broadcast_0_piece0 in memory on 80e78d8298a8:38709 (size: 27.6 KiB, free: 366.3 MiB)","logger":"airflow.task.hooks.airflow.providers.standard.hooks.subprocess.SubprocessHook"}
{"timestamp":"2025-07-22T22:16:01.270023","level":"info","event":"25/07/22 22:16:01 INFO SparkContext: Created broadcast 0 from csv at NativeMethodAccessorImpl.java:0","logger":"airflow.task.hooks.airflow.providers.standard.hooks.subprocess.SubprocessHook"}
{"timestamp":"2025-07-22T22:16:01.277230","level":"info","event":"25/07/22 22:16:01 INFO FileSourceScanExec: Planning scan with bin packing, max size: 4194304 bytes, open cost is considered as scanning 4194304 bytes.","logger":"airflow.task.hooks.airflow.providers.standard.hooks.subprocess.SubprocessHook"}
{"timestamp":"2025-07-22T22:16:01.370682","level":"info","event":"25/07/22 22:16:01 INFO SparkContext: Starting job: csv at NativeMethodAccessorImpl.java:0","logger":"airflow.task.hooks.airflow.providers.standard.hooks.subprocess.SubprocessHook"}
{"timestamp":"2025-07-22T22:16:01.384862","level":"info","event":"25/07/22 22:16:01 INFO DAGScheduler: Got job 0 (csv at NativeMethodAccessorImpl.java:0) with 1 output partitions","logger":"airflow.task.hooks.airflow.providers.standard.hooks.subprocess.SubprocessHook"}
{"timestamp":"2025-07-22T22:16:01.385544","level":"info","event":"25/07/22 22:16:01 INFO DAGScheduler: Final stage: ResultStage 0 (csv at NativeMethodAccessorImpl.java:0)","logger":"airflow.task.hooks.airflow.providers.standard.hooks.subprocess.SubprocessHook"}
{"timestamp":"2025-07-22T22:16:01.386396","level":"info","event":"25/07/22 22:16:01 INFO DAGScheduler: Parents of final stage: List()","logger":"airflow.task.hooks.airflow.providers.standard.hooks.subprocess.SubprocessHook"}
{"timestamp":"2025-07-22T22:16:01.388410","level":"info","event":"25/07/22 22:16:01 INFO DAGScheduler: Missing parents: List()","logger":"airflow.task.hooks.airflow.providers.standard.hooks.subprocess.SubprocessHook"}
{"timestamp":"2025-07-22T22:16:01.392848","level":"info","event":"25/07/22 22:16:01 INFO DAGScheduler: Submitting ResultStage 0 (MapPartitionsRDD[3] at csv at NativeMethodAccessorImpl.java:0), which has no missing parents","logger":"airflow.task.hooks.airflow.providers.standard.hooks.subprocess.SubprocessHook"}
{"timestamp":"2025-07-22T22:16:01.450861","level":"info","event":"25/07/22 22:16:01 INFO MemoryStore: Block broadcast_1 stored as values in memory (estimated size 10.8 KiB, free 366.0 MiB)","logger":"airflow.task.hooks.airflow.providers.standard.hooks.subprocess.SubprocessHook"}
{"timestamp":"2025-07-22T22:16:01.453525","level":"info","event":"25/07/22 22:16:01 INFO MemoryStore: Block broadcast_1_piece0 stored as bytes in memory (estimated size 5.4 KiB, free 366.0 MiB)","logger":"airflow.task.hooks.airflow.providers.standard.hooks.subprocess.SubprocessHook"}
{"timestamp":"2025-07-22T22:16:01.454275","level":"info","event":"25/07/22 22:16:01 INFO BlockManagerInfo: Added broadcast_1_piece0 in memory on 80e78d8298a8:38709 (size: 5.4 KiB, free: 366.3 MiB)","logger":"airflow.task.hooks.airflow.providers.standard.hooks.subprocess.SubprocessHook"}
{"timestamp":"2025-07-22T22:16:01.454537","level":"info","event":"25/07/22 22:16:01 INFO SparkContext: Created broadcast 1 from broadcast at DAGScheduler.scala:1383","logger":"airflow.task.hooks.airflow.providers.standard.hooks.subprocess.SubprocessHook"}
{"timestamp":"2025-07-22T22:16:01.469774","level":"info","event":"25/07/22 22:16:01 INFO DAGScheduler: Submitting 1 missing tasks from ResultStage 0 (MapPartitionsRDD[3] at csv at NativeMethodAccessorImpl.java:0) (first 15 tasks are for partitions Vector(0))","logger":"airflow.task.hooks.airflow.providers.standard.hooks.subprocess.SubprocessHook"}
{"timestamp":"2025-07-22T22:16:01.470482","level":"info","event":"25/07/22 22:16:01 INFO TaskSchedulerImpl: Adding task set 0.0 with 1 tasks resource profile 0","logger":"airflow.task.hooks.airflow.providers.standard.hooks.subprocess.SubprocessHook"}
{"timestamp":"2025-07-22T22:16:01.506519","level":"info","event":"25/07/22 22:16:01 INFO TaskSetManager: Starting task 0.0 in stage 0.0 (TID 0) (172.21.0.6, executor 0, partition 0, ANY, 4876 bytes) taskResourceAssignments Map()","logger":"airflow.task.hooks.airflow.providers.standard.hooks.subprocess.SubprocessHook"}
{"timestamp":"2025-07-22T22:16:01.853360","level":"info","event":"25/07/22 22:16:01 INFO BlockManagerInfo: Added broadcast_1_piece0 in memory on 172.21.0.6:33893 (size: 5.4 KiB, free: 366.3 MiB)","logger":"airflow.task.hooks.airflow.providers.standard.hooks.subprocess.SubprocessHook"}
{"timestamp":"2025-07-22T22:16:02.700537","level":"info","event":"25/07/22 22:16:02 INFO BlockManagerInfo: Added broadcast_0_piece0 in memory on 172.21.0.6:33893 (size: 27.6 KiB, free: 366.3 MiB)","logger":"airflow.task.hooks.airflow.providers.standard.hooks.subprocess.SubprocessHook"}
{"timestamp":"2025-07-22T22:16:03.503022","level":"info","event":"25/07/22 22:16:03 INFO TaskSetManager: Finished task 0.0 in stage 0.0 (TID 0) in 2004 ms on 172.21.0.6 (executor 0) (1/1)","logger":"airflow.task.hooks.airflow.providers.standard.hooks.subprocess.SubprocessHook"}
{"timestamp":"2025-07-22T22:16:03.505721","level":"info","event":"25/07/22 22:16:03 INFO TaskSchedulerImpl: Removed TaskSet 0.0, whose tasks have all completed, from pool","logger":"airflow.task.hooks.airflow.providers.standard.hooks.subprocess.SubprocessHook"}
{"timestamp":"2025-07-22T22:16:03.514449","level":"info","event":"25/07/22 22:16:03 INFO DAGScheduler: ResultStage 0 (csv at NativeMethodAccessorImpl.java:0) finished in 2.107 s","logger":"airflow.task.hooks.airflow.providers.standard.hooks.subprocess.SubprocessHook"}
{"timestamp":"2025-07-22T22:16:03.517329","level":"info","event":"25/07/22 22:16:03 INFO DAGScheduler: Job 0 is finished. Cancelling potential speculative or zombie tasks for this job","logger":"airflow.task.hooks.airflow.providers.standard.hooks.subprocess.SubprocessHook"}
{"timestamp":"2025-07-22T22:16:03.517442","level":"info","event":"25/07/22 22:16:03 INFO TaskSchedulerImpl: Killing all running tasks in stage 0: Stage finished","logger":"airflow.task.hooks.airflow.providers.standard.hooks.subprocess.SubprocessHook"}
{"timestamp":"2025-07-22T22:16:03.519487","level":"info","event":"25/07/22 22:16:03 INFO DAGScheduler: Job 0 finished: csv at NativeMethodAccessorImpl.java:0, took 2.148545 s","logger":"airflow.task.hooks.airflow.providers.standard.hooks.subprocess.SubprocessHook"}
{"timestamp":"2025-07-22T22:16:03.541100","level":"info","event":"25/07/22 22:16:03 INFO CodeGenerator: Code generated in 10.854145 ms","logger":"airflow.task.hooks.airflow.providers.standard.hooks.subprocess.SubprocessHook"}
{"timestamp":"2025-07-22T22:16:03.598168","level":"info","event":"25/07/22 22:16:03 INFO FileSourceStrategy: Pushed Filters:","logger":"airflow.task.hooks.airflow.providers.standard.hooks.subprocess.SubprocessHook"}
{"timestamp":"2025-07-22T22:16:03.598341","level":"info","event":"25/07/22 22:16:03 INFO FileSourceStrategy: Post-Scan Filters:","logger":"airflow.task.hooks.airflow.providers.standard.hooks.subprocess.SubprocessHook"}
{"timestamp":"2025-07-22T22:16:03.598425","level":"info","event":"25/07/22 22:16:03 INFO FileSourceStrategy: Output Data Schema: struct<value: string>","logger":"airflow.task.hooks.airflow.providers.standard.hooks.subprocess.SubprocessHook"}
{"timestamp":"2025-07-22T22:16:03.608441","level":"info","event":"25/07/22 22:16:03 INFO MemoryStore: Block broadcast_2 stored as values in memory (estimated size 304.3 KiB, free 365.7 MiB)","logger":"airflow.task.hooks.airflow.providers.standard.hooks.subprocess.SubprocessHook"}
{"timestamp":"2025-07-22T22:16:03.614432","level":"info","event":"25/07/22 22:16:03 INFO MemoryStore: Block broadcast_2_piece0 stored as bytes in memory (estimated size 27.6 KiB, free 365.6 MiB)","logger":"airflow.task.hooks.airflow.providers.standard.hooks.subprocess.SubprocessHook"}
{"timestamp":"2025-07-22T22:16:03.615290","level":"info","event":"25/07/22 22:16:03 INFO BlockManagerInfo: Added broadcast_2_piece0 in memory on 80e78d8298a8:38709 (size: 27.6 KiB, free: 366.2 MiB)","logger":"airflow.task.hooks.airflow.providers.standard.hooks.subprocess.SubprocessHook"}
{"timestamp":"2025-07-22T22:16:03.615909","level":"info","event":"25/07/22 22:16:03 INFO SparkContext: Created broadcast 2 from csv at NativeMethodAccessorImpl.java:0","logger":"airflow.task.hooks.airflow.providers.standard.hooks.subprocess.SubprocessHook"}
{"timestamp":"2025-07-22T22:16:03.616332","level":"info","event":"25/07/22 22:16:03 INFO FileSourceScanExec: Planning scan with bin packing, max size: 4194304 bytes, open cost is considered as scanning 4194304 bytes.","logger":"airflow.task.hooks.airflow.providers.standard.hooks.subprocess.SubprocessHook"}
{"timestamp":"2025-07-22T22:16:03.673674","level":"info","event":"25/07/22 22:16:03 INFO SparkContext: Starting job: csv at NativeMethodAccessorImpl.java:0","logger":"airflow.task.hooks.airflow.providers.standard.hooks.subprocess.SubprocessHook"}
{"timestamp":"2025-07-22T22:16:03.674868","level":"info","event":"25/07/22 22:16:03 INFO DAGScheduler: Got job 1 (csv at NativeMethodAccessorImpl.java:0) with 1 output partitions","logger":"airflow.task.hooks.airflow.providers.standard.hooks.subprocess.SubprocessHook"}
{"timestamp":"2025-07-22T22:16:03.675002","level":"info","event":"25/07/22 22:16:03 INFO DAGScheduler: Final stage: ResultStage 1 (csv at NativeMethodAccessorImpl.java:0)","logger":"airflow.task.hooks.airflow.providers.standard.hooks.subprocess.SubprocessHook"}
{"timestamp":"2025-07-22T22:16:03.675057","level":"info","event":"25/07/22 22:16:03 INFO DAGScheduler: Parents of final stage: List()","logger":"airflow.task.hooks.airflow.providers.standard.hooks.subprocess.SubprocessHook"}
{"timestamp":"2025-07-22T22:16:03.676024","level":"info","event":"25/07/22 22:16:03 INFO DAGScheduler: Missing parents: List()","logger":"airflow.task.hooks.airflow.providers.standard.hooks.subprocess.SubprocessHook"}
{"timestamp":"2025-07-22T22:16:03.676125","level":"info","event":"25/07/22 22:16:03 INFO DAGScheduler: Submitting ResultStage 1 (MapPartitionsRDD[9] at csv at NativeMethodAccessorImpl.java:0), which has no missing parents","logger":"airflow.task.hooks.airflow.providers.standard.hooks.subprocess.SubprocessHook"}
{"timestamp":"2025-07-22T22:16:03.701058","level":"info","event":"25/07/22 22:16:03 INFO MemoryStore: Block broadcast_3 stored as values in memory (estimated size 16.0 KiB, free 365.6 MiB)","logger":"airflow.task.hooks.airflow.providers.standard.hooks.subprocess.SubprocessHook"}
{"timestamp":"2025-07-22T22:16:03.703465","level":"info","event":"25/07/22 22:16:03 INFO MemoryStore: Block broadcast_3_piece0 stored as bytes in memory (estimated size 8.1 KiB, free 365.6 MiB)","logger":"airflow.task.hooks.airflow.providers.standard.hooks.subprocess.SubprocessHook"}
{"timestamp":"2025-07-22T22:16:03.703762","level":"info","event":"25/07/22 22:16:03 INFO BlockManagerInfo: Added broadcast_3_piece0 in memory on 80e78d8298a8:38709 (size: 8.1 KiB, free: 366.2 MiB)","logger":"airflow.task.hooks.airflow.providers.standard.hooks.subprocess.SubprocessHook"}
{"timestamp":"2025-07-22T22:16:03.704247","level":"info","event":"25/07/22 22:16:03 INFO SparkContext: Created broadcast 3 from broadcast at DAGScheduler.scala:1383","logger":"airflow.task.hooks.airflow.providers.standard.hooks.subprocess.SubprocessHook"}
{"timestamp":"2025-07-22T22:16:03.705336","level":"info","event":"25/07/22 22:16:03 INFO DAGScheduler: Submitting 1 missing tasks from ResultStage 1 (MapPartitionsRDD[9] at csv at NativeMethodAccessorImpl.java:0) (first 15 tasks are for partitions Vector(0))","logger":"airflow.task.hooks.airflow.providers.standard.hooks.subprocess.SubprocessHook"}
{"timestamp":"2025-07-22T22:16:03.705495","level":"info","event":"25/07/22 22:16:03 INFO TaskSchedulerImpl: Adding task set 1.0 with 1 tasks resource profile 0","logger":"airflow.task.hooks.airflow.providers.standard.hooks.subprocess.SubprocessHook"}
{"timestamp":"2025-07-22T22:16:03.708002","level":"info","event":"25/07/22 22:16:03 INFO TaskSetManager: Starting task 0.0 in stage 1.0 (TID 1) (172.21.0.6, executor 0, partition 0, ANY, 4876 bytes) taskResourceAssignments Map()","logger":"airflow.task.hooks.airflow.providers.standard.hooks.subprocess.SubprocessHook"}
{"timestamp":"2025-07-22T22:16:03.729911","level":"info","event":"25/07/22 22:16:03 INFO BlockManagerInfo: Added broadcast_3_piece0 in memory on 172.21.0.6:33893 (size: 8.1 KiB, free: 366.3 MiB)","logger":"airflow.task.hooks.airflow.providers.standard.hooks.subprocess.SubprocessHook"}
{"timestamp":"2025-07-22T22:16:04.896521","level":"info","event":"25/07/22 22:16:04 INFO BlockManagerInfo: Added broadcast_2_piece0 in memory on 172.21.0.6:33893 (size: 27.6 KiB, free: 366.2 MiB)","logger":"airflow.task.hooks.airflow.providers.standard.hooks.subprocess.SubprocessHook"}
{"timestamp":"2025-07-22T22:16:05.093921","level":"info","event":"25/07/22 22:16:05 INFO TaskSetManager: Finished task 0.0 in stage 1.0 (TID 1) in 1386 ms on 172.21.0.6 (executor 0) (1/1)","logger":"airflow.task.hooks.airflow.providers.standard.hooks.subprocess.SubprocessHook"}
{"timestamp":"2025-07-22T22:16:05.094094","level":"info","event":"25/07/22 22:16:05 INFO TaskSchedulerImpl: Removed TaskSet 1.0, whose tasks have all completed, from pool","logger":"airflow.task.hooks.airflow.providers.standard.hooks.subprocess.SubprocessHook"}
{"timestamp":"2025-07-22T22:16:05.094835","level":"info","event":"25/07/22 22:16:05 INFO DAGScheduler: ResultStage 1 (csv at NativeMethodAccessorImpl.java:0) finished in 1.416 s","logger":"airflow.task.hooks.airflow.providers.standard.hooks.subprocess.SubprocessHook"}
{"timestamp":"2025-07-22T22:16:05.094937","level":"info","event":"25/07/22 22:16:05 INFO DAGScheduler: Job 1 is finished. Cancelling potential speculative or zombie tasks for this job","logger":"airflow.task.hooks.airflow.providers.standard.hooks.subprocess.SubprocessHook"}
{"timestamp":"2025-07-22T22:16:05.096440","level":"info","event":"25/07/22 22:16:05 INFO TaskSchedulerImpl: Killing all running tasks in stage 1: Stage finished","logger":"airflow.task.hooks.airflow.providers.standard.hooks.subprocess.SubprocessHook"}
{"timestamp":"2025-07-22T22:16:05.096560","level":"info","event":"25/07/22 22:16:05 INFO DAGScheduler: Job 1 finished: csv at NativeMethodAccessorImpl.java:0, took 1.422604 s","logger":"airflow.task.hooks.airflow.providers.standard.hooks.subprocess.SubprocessHook"}
{"timestamp":"2025-07-22T22:16:05.610707","level":"info","event":"25/07/22 22:16:05 INFO FileSourceStrategy: Pushed Filters:","logger":"airflow.task.hooks.airflow.providers.standard.hooks.subprocess.SubprocessHook"}
{"timestamp":"2025-07-22T22:16:05.610894","level":"info","event":"25/07/22 22:16:05 INFO FileSourceStrategy: Post-Scan Filters:","logger":"airflow.task.hooks.airflow.providers.standard.hooks.subprocess.SubprocessHook"}
{"timestamp":"2025-07-22T22:16:05.611011","level":"info","event":"25/07/22 22:16:05 INFO FileSourceStrategy: Output Data Schema: struct<TotalCharges: string>","logger":"airflow.task.hooks.airflow.providers.standard.hooks.subprocess.SubprocessHook"}
{"timestamp":"2025-07-22T22:16:05.649608","level":"info","event":"25/07/22 22:16:05 INFO CodeGenerator: Code generated in 16.220028 ms","logger":"airflow.task.hooks.airflow.providers.standard.hooks.subprocess.SubprocessHook"}
{"timestamp":"2025-07-22T22:16:05.653831","level":"info","event":"25/07/22 22:16:05 INFO MemoryStore: Block broadcast_4 stored as values in memory (estimated size 304.2 KiB, free 365.3 MiB)","logger":"airflow.task.hooks.airflow.providers.standard.hooks.subprocess.SubprocessHook"}
{"timestamp":"2025-07-22T22:16:05.660294","level":"info","event":"25/07/22 22:16:05 INFO MemoryStore: Block broadcast_4_piece0 stored as bytes in memory (estimated size 27.6 KiB, free 365.3 MiB)","logger":"airflow.task.hooks.airflow.providers.standard.hooks.subprocess.SubprocessHook"}
{"timestamp":"2025-07-22T22:16:05.661582","level":"info","event":"25/07/22 22:16:05 INFO BlockManagerInfo: Added broadcast_4_piece0 in memory on 80e78d8298a8:38709 (size: 27.6 KiB, free: 366.2 MiB)","logger":"airflow.task.hooks.airflow.providers.standard.hooks.subprocess.SubprocessHook"}
{"timestamp":"2025-07-22T22:16:05.662213","level":"info","event":"25/07/22 22:16:05 INFO SparkContext: Created broadcast 4 from approxQuantile at NativeMethodAccessorImpl.java:0","logger":"airflow.task.hooks.airflow.providers.standard.hooks.subprocess.SubprocessHook"}
{"timestamp":"2025-07-22T22:16:05.665777","level":"info","event":"25/07/22 22:16:05 INFO FileSourceScanExec: Planning scan with bin packing, max size: 4194304 bytes, open cost is considered as scanning 4194304 bytes.","logger":"airflow.task.hooks.airflow.providers.standard.hooks.subprocess.SubprocessHook"}
{"timestamp":"2025-07-22T22:16:05.689545","level":"info","event":"25/07/22 22:16:05 INFO SparkContext: Starting job: approxQuantile at NativeMethodAccessorImpl.java:0","logger":"airflow.task.hooks.airflow.providers.standard.hooks.subprocess.SubprocessHook"}
{"timestamp":"2025-07-22T22:16:05.690684","level":"info","event":"25/07/22 22:16:05 INFO DAGScheduler: Got job 2 (approxQuantile at NativeMethodAccessorImpl.java:0) with 1 output partitions","logger":"airflow.task.hooks.airflow.providers.standard.hooks.subprocess.SubprocessHook"}
{"timestamp":"2025-07-22T22:16:05.690882","level":"info","event":"25/07/22 22:16:05 INFO DAGScheduler: Final stage: ResultStage 2 (approxQuantile at NativeMethodAccessorImpl.java:0)","logger":"airflow.task.hooks.airflow.providers.standard.hooks.subprocess.SubprocessHook"}
{"timestamp":"2025-07-22T22:16:05.690970","level":"info","event":"25/07/22 22:16:05 INFO DAGScheduler: Parents of final stage: List()","logger":"airflow.task.hooks.airflow.providers.standard.hooks.subprocess.SubprocessHook"}
{"timestamp":"2025-07-22T22:16:05.691019","level":"info","event":"25/07/22 22:16:05 INFO DAGScheduler: Missing parents: List()","logger":"airflow.task.hooks.airflow.providers.standard.hooks.subprocess.SubprocessHook"}
{"timestamp":"2025-07-22T22:16:05.691688","level":"info","event":"25/07/22 22:16:05 INFO DAGScheduler: Submitting ResultStage 2 (MapPartitionsRDD[16] at approxQuantile at NativeMethodAccessorImpl.java:0), which has no missing parents","logger":"airflow.task.hooks.airflow.providers.standard.hooks.subprocess.SubprocessHook"}
{"timestamp":"2025-07-22T22:16:05.707748","level":"info","event":"25/07/22 22:16:05 INFO MemoryStore: Block broadcast_5 stored as values in memory (estimated size 20.3 KiB, free 365.3 MiB)","logger":"airflow.task.hooks.airflow.providers.standard.hooks.subprocess.SubprocessHook"}
{"timestamp":"2025-07-22T22:16:05.709790","level":"info","event":"25/07/22 22:16:05 INFO MemoryStore: Block broadcast_5_piece0 stored as bytes in memory (estimated size 9.8 KiB, free 365.3 MiB)","logger":"airflow.task.hooks.airflow.providers.standard.hooks.subprocess.SubprocessHook"}
{"timestamp":"2025-07-22T22:16:05.710589","level":"info","event":"25/07/22 22:16:05 INFO BlockManagerInfo: Added broadcast_5_piece0 in memory on 80e78d8298a8:38709 (size: 9.8 KiB, free: 366.2 MiB)","logger":"airflow.task.hooks.airflow.providers.standard.hooks.subprocess.SubprocessHook"}
{"timestamp":"2025-07-22T22:16:05.711050","level":"info","event":"25/07/22 22:16:05 INFO SparkContext: Created broadcast 5 from broadcast at DAGScheduler.scala:1383","logger":"airflow.task.hooks.airflow.providers.standard.hooks.subprocess.SubprocessHook"}
{"timestamp":"2025-07-22T22:16:05.711611","level":"info","event":"25/07/22 22:16:05 INFO DAGScheduler: Submitting 1 missing tasks from ResultStage 2 (MapPartitionsRDD[16] at approxQuantile at NativeMethodAccessorImpl.java:0) (first 15 tasks are for partitions Vector(0))","logger":"airflow.task.hooks.airflow.providers.standard.hooks.subprocess.SubprocessHook"}
{"timestamp":"2025-07-22T22:16:05.711727","level":"info","event":"25/07/22 22:16:05 INFO TaskSchedulerImpl: Adding task set 2.0 with 1 tasks resource profile 0","logger":"airflow.task.hooks.airflow.providers.standard.hooks.subprocess.SubprocessHook"}
{"timestamp":"2025-07-22T22:16:05.713626","level":"info","event":"25/07/22 22:16:05 INFO TaskSetManager: Starting task 0.0 in stage 2.0 (TID 2) (172.21.0.6, executor 0, partition 0, ANY, 4876 bytes) taskResourceAssignments Map()","logger":"airflow.task.hooks.airflow.providers.standard.hooks.subprocess.SubprocessHook"}
{"timestamp":"2025-07-22T22:16:05.727490","level":"info","event":"25/07/22 22:16:05 INFO BlockManagerInfo: Added broadcast_5_piece0 in memory on 172.21.0.6:33893 (size: 9.8 KiB, free: 366.2 MiB)","logger":"airflow.task.hooks.airflow.providers.standard.hooks.subprocess.SubprocessHook"}
{"timestamp":"2025-07-22T22:16:05.834488","level":"info","event":"25/07/22 22:16:05 INFO BlockManagerInfo: Added broadcast_4_piece0 in memory on 172.21.0.6:33893 (size: 27.6 KiB, free: 366.2 MiB)","logger":"airflow.task.hooks.airflow.providers.standard.hooks.subprocess.SubprocessHook"}
{"timestamp":"2025-07-22T22:16:06.006336","level":"info","event":"25/07/22 22:16:06 INFO TaskSetManager: Finished task 0.0 in stage 2.0 (TID 2) in 288 ms on 172.21.0.6 (executor 0) (1/1)","logger":"airflow.task.hooks.airflow.providers.standard.hooks.subprocess.SubprocessHook"}
{"timestamp":"2025-07-22T22:16:06.006511","level":"info","event":"25/07/22 22:16:06 INFO TaskSchedulerImpl: Removed TaskSet 2.0, whose tasks have all completed, from pool","logger":"airflow.task.hooks.airflow.providers.standard.hooks.subprocess.SubprocessHook"}
{"timestamp":"2025-07-22T22:16:06.006585","level":"info","event":"25/07/22 22:16:06 INFO DAGScheduler: ResultStage 2 (approxQuantile at NativeMethodAccessorImpl.java:0) finished in 0.310 s","logger":"airflow.task.hooks.airflow.providers.standard.hooks.subprocess.SubprocessHook"}
{"timestamp":"2025-07-22T22:16:06.006629","level":"info","event":"25/07/22 22:16:06 INFO DAGScheduler: Job 2 is finished. Cancelling potential speculative or zombie tasks for this job","logger":"airflow.task.hooks.airflow.providers.standard.hooks.subprocess.SubprocessHook"}
{"timestamp":"2025-07-22T22:16:06.006670","level":"info","event":"25/07/22 22:16:06 INFO TaskSchedulerImpl: Killing all running tasks in stage 2: Stage finished","logger":"airflow.task.hooks.airflow.providers.standard.hooks.subprocess.SubprocessHook"}
{"timestamp":"2025-07-22T22:16:06.007454","level":"info","event":"25/07/22 22:16:06 INFO DAGScheduler: Job 2 finished: approxQuantile at NativeMethodAccessorImpl.java:0, took 0.315239 s","logger":"airflow.task.hooks.airflow.providers.standard.hooks.subprocess.SubprocessHook"}
{"timestamp":"2025-07-22T22:16:06.121658","level":"info","event":"25/07/22 22:16:06 INFO FileSourceStrategy: Pushed Filters:","logger":"airflow.task.hooks.airflow.providers.standard.hooks.subprocess.SubprocessHook"}
{"timestamp":"2025-07-22T22:16:06.122525","level":"info","event":"25/07/22 22:16:06 INFO FileSourceStrategy: Post-Scan Filters: ((CASE WHEN isnull(cast(TotalCharges#35 as double)) THEN 0.0 ELSE cast(TotalCharges#35 as double) END < -3927.1499999999996) OR (CASE WHEN isnull(cast(TotalCharges#35 as double)) THEN 0.0 ELSE cast(TotalCharges#35 as double) END > 7662.049999999999))","logger":"airflow.task.hooks.airflow.providers.standard.hooks.subprocess.SubprocessHook"}
{"timestamp":"2025-07-22T22:16:06.122626","level":"info","event":"25/07/22 22:16:06 INFO FileSourceStrategy: Output Data Schema: struct<TotalCharges: string>","logger":"airflow.task.hooks.airflow.providers.standard.hooks.subprocess.SubprocessHook"}
{"timestamp":"2025-07-22T22:16:06.171906","level":"info","event":"25/07/22 22:16:06 INFO CodeGenerator: Code generated in 12.411413 ms","logger":"airflow.task.hooks.airflow.providers.standard.hooks.subprocess.SubprocessHook"}
{"timestamp":"2025-07-22T22:16:06.203702","level":"info","event":"25/07/22 22:16:06 INFO CodeGenerator: Code generated in 22.130145 ms","logger":"airflow.task.hooks.airflow.providers.standard.hooks.subprocess.SubprocessHook"}
{"timestamp":"2025-07-22T22:16:06.206918","level":"info","event":"25/07/22 22:16:06 INFO MemoryStore: Block broadcast_6 stored as values in memory (estimated size 304.2 KiB, free 365.0 MiB)","logger":"airflow.task.hooks.airflow.providers.standard.hooks.subprocess.SubprocessHook"}
{"timestamp":"2025-07-22T22:16:06.213804","level":"info","event":"25/07/22 22:16:06 INFO MemoryStore: Block broadcast_6_piece0 stored as bytes in memory (estimated size 27.6 KiB, free 364.9 MiB)","logger":"airflow.task.hooks.airflow.providers.standard.hooks.subprocess.SubprocessHook"}
{"timestamp":"2025-07-22T22:16:06.214805","level":"info","event":"25/07/22 22:16:06 INFO BlockManagerInfo: Added broadcast_6_piece0 in memory on 80e78d8298a8:38709 (size: 27.6 KiB, free: 366.2 MiB)","logger":"airflow.task.hooks.airflow.providers.standard.hooks.subprocess.SubprocessHook"}
{"timestamp":"2025-07-22T22:16:06.215427","level":"info","event":"25/07/22 22:16:06 INFO SparkContext: Created broadcast 6 from count at NativeMethodAccessorImpl.java:0","logger":"airflow.task.hooks.airflow.providers.standard.hooks.subprocess.SubprocessHook"}
{"timestamp":"2025-07-22T22:16:06.217066","level":"info","event":"25/07/22 22:16:06 INFO FileSourceScanExec: Planning scan with bin packing, max size: 4194304 bytes, open cost is considered as scanning 4194304 bytes.","logger":"airflow.task.hooks.airflow.providers.standard.hooks.subprocess.SubprocessHook"}
{"timestamp":"2025-07-22T22:16:06.252821","level":"info","event":"25/07/22 22:16:06 INFO SparkContext: Starting job: count at NativeMethodAccessorImpl.java:0","logger":"airflow.task.hooks.airflow.providers.standard.hooks.subprocess.SubprocessHook"}
{"timestamp":"2025-07-22T22:16:06.255201","level":"info","event":"25/07/22 22:16:06 INFO DAGScheduler: Registering RDD 20 (count at NativeMethodAccessorImpl.java:0) as input to shuffle 0","logger":"airflow.task.hooks.airflow.providers.standard.hooks.subprocess.SubprocessHook"}
{"timestamp":"2025-07-22T22:16:06.257571","level":"info","event":"25/07/22 22:16:06 INFO DAGScheduler: Got job 3 (count at NativeMethodAccessorImpl.java:0) with 1 output partitions","logger":"airflow.task.hooks.airflow.providers.standard.hooks.subprocess.SubprocessHook"}
{"timestamp":"2025-07-22T22:16:06.257722","level":"info","event":"25/07/22 22:16:06 INFO DAGScheduler: Final stage: ResultStage 4 (count at NativeMethodAccessorImpl.java:0)","logger":"airflow.task.hooks.airflow.providers.standard.hooks.subprocess.SubprocessHook"}
{"timestamp":"2025-07-22T22:16:06.257793","level":"info","event":"25/07/22 22:16:06 INFO DAGScheduler: Parents of final stage: List(ShuffleMapStage 3)","logger":"airflow.task.hooks.airflow.providers.standard.hooks.subprocess.SubprocessHook"}
{"timestamp":"2025-07-22T22:16:06.259329","level":"info","event":"25/07/22 22:16:06 INFO DAGScheduler: Missing parents: List(ShuffleMapStage 3)","logger":"airflow.task.hooks.airflow.providers.standard.hooks.subprocess.SubprocessHook"}
{"timestamp":"2025-07-22T22:16:06.260348","level":"info","event":"25/07/22 22:16:06 INFO DAGScheduler: Submitting ShuffleMapStage 3 (MapPartitionsRDD[20] at count at NativeMethodAccessorImpl.java:0), which has no missing parents","logger":"airflow.task.hooks.airflow.providers.standard.hooks.subprocess.SubprocessHook"}
{"timestamp":"2025-07-22T22:16:06.271562","level":"info","event":"25/07/22 22:16:06 INFO MemoryStore: Block broadcast_7 stored as values in memory (estimated size 19.7 KiB, free 364.9 MiB)","logger":"airflow.task.hooks.airflow.providers.standard.hooks.subprocess.SubprocessHook"}
{"timestamp":"2025-07-22T22:16:06.272694","level":"info","event":"25/07/22 22:16:06 INFO MemoryStore: Block broadcast_7_piece0 stored as bytes in memory (estimated size 9.3 KiB, free 364.9 MiB)","logger":"airflow.task.hooks.airflow.providers.standard.hooks.subprocess.SubprocessHook"}
{"timestamp":"2025-07-22T22:16:06.274601","level":"info","event":"25/07/22 22:16:06 INFO BlockManagerInfo: Added broadcast_7_piece0 in memory on 80e78d8298a8:38709 (size: 9.3 KiB, free: 366.2 MiB)","logger":"airflow.task.hooks.airflow.providers.standard.hooks.subprocess.SubprocessHook"}
{"timestamp":"2025-07-22T22:16:06.274797","level":"info","event":"25/07/22 22:16:06 INFO SparkContext: Created broadcast 7 from broadcast at DAGScheduler.scala:1383","logger":"airflow.task.hooks.airflow.providers.standard.hooks.subprocess.SubprocessHook"}
{"timestamp":"2025-07-22T22:16:06.275810","level":"info","event":"25/07/22 22:16:06 INFO DAGScheduler: Submitting 1 missing tasks from ShuffleMapStage 3 (MapPartitionsRDD[20] at count at NativeMethodAccessorImpl.java:0) (first 15 tasks are for partitions Vector(0))","logger":"airflow.task.hooks.airflow.providers.standard.hooks.subprocess.SubprocessHook"}
{"timestamp":"2025-07-22T22:16:06.275926","level":"info","event":"25/07/22 22:16:06 INFO TaskSchedulerImpl: Adding task set 3.0 with 1 tasks resource profile 0","logger":"airflow.task.hooks.airflow.providers.standard.hooks.subprocess.SubprocessHook"}
{"timestamp":"2025-07-22T22:16:06.278280","level":"info","event":"25/07/22 22:16:06 INFO TaskSetManager: Starting task 0.0 in stage 3.0 (TID 3) (172.21.0.6, executor 0, partition 0, ANY, 4865 bytes) taskResourceAssignments Map()","logger":"airflow.task.hooks.airflow.providers.standard.hooks.subprocess.SubprocessHook"}
{"timestamp":"2025-07-22T22:16:06.293245","level":"info","event":"25/07/22 22:16:06 INFO BlockManagerInfo: Added broadcast_7_piece0 in memory on 172.21.0.6:33893 (size: 9.3 KiB, free: 366.2 MiB)","logger":"airflow.task.hooks.airflow.providers.standard.hooks.subprocess.SubprocessHook"}
{"timestamp":"2025-07-22T22:16:06.382471","level":"info","event":"25/07/22 22:16:06 INFO BlockManagerInfo: Added broadcast_6_piece0 in memory on 172.21.0.6:33893 (size: 27.6 KiB, free: 366.2 MiB)","logger":"airflow.task.hooks.airflow.providers.standard.hooks.subprocess.SubprocessHook"}
{"timestamp":"2025-07-22T22:16:06.494900","level":"info","event":"25/07/22 22:16:06 INFO TaskSetManager: Finished task 0.0 in stage 3.0 (TID 3) in 217 ms on 172.21.0.6 (executor 0) (1/1)","logger":"airflow.task.hooks.airflow.providers.standard.hooks.subprocess.SubprocessHook"}
{"timestamp":"2025-07-22T22:16:06.495078","level":"info","event":"25/07/22 22:16:06 INFO TaskSchedulerImpl: Removed TaskSet 3.0, whose tasks have all completed, from pool","logger":"airflow.task.hooks.airflow.providers.standard.hooks.subprocess.SubprocessHook"}
{"timestamp":"2025-07-22T22:16:06.495158","level":"info","event":"25/07/22 22:16:06 INFO DAGScheduler: ShuffleMapStage 3 (count at NativeMethodAccessorImpl.java:0) finished in 0.230 s","logger":"airflow.task.hooks.airflow.providers.standard.hooks.subprocess.SubprocessHook"}
{"timestamp":"2025-07-22T22:16:06.495216","level":"info","event":"25/07/22 22:16:06 INFO DAGScheduler: looking for newly runnable stages","logger":"airflow.task.hooks.airflow.providers.standard.hooks.subprocess.SubprocessHook"}
{"timestamp":"2025-07-22T22:16:06.495398","level":"info","event":"25/07/22 22:16:06 INFO DAGScheduler: running: Set()","logger":"airflow.task.hooks.airflow.providers.standard.hooks.subprocess.SubprocessHook"}
{"timestamp":"2025-07-22T22:16:06.495791","level":"info","event":"25/07/22 22:16:06 INFO DAGScheduler: waiting: Set(ResultStage 4)","logger":"airflow.task.hooks.airflow.providers.standard.hooks.subprocess.SubprocessHook"}
{"timestamp":"2025-07-22T22:16:06.496060","level":"info","event":"25/07/22 22:16:06 INFO DAGScheduler: failed: Set()","logger":"airflow.task.hooks.airflow.providers.standard.hooks.subprocess.SubprocessHook"}
{"timestamp":"2025-07-22T22:16:06.498549","level":"info","event":"25/07/22 22:16:06 INFO DAGScheduler: Submitting ResultStage 4 (MapPartitionsRDD[23] at count at NativeMethodAccessorImpl.java:0), which has no missing parents","logger":"airflow.task.hooks.airflow.providers.standard.hooks.subprocess.SubprocessHook"}
{"timestamp":"2025-07-22T22:16:06.508848","level":"info","event":"25/07/22 22:16:06 INFO MemoryStore: Block broadcast_8 stored as values in memory (estimated size 10.1 KiB, free 364.9 MiB)","logger":"airflow.task.hooks.airflow.providers.standard.hooks.subprocess.SubprocessHook"}
{"timestamp":"2025-07-22T22:16:06.510639","level":"info","event":"25/07/22 22:16:06 INFO MemoryStore: Block broadcast_8_piece0 stored as bytes in memory (estimated size 5.0 KiB, free 364.9 MiB)","logger":"airflow.task.hooks.airflow.providers.standard.hooks.subprocess.SubprocessHook"}
{"timestamp":"2025-07-22T22:16:06.511297","level":"info","event":"25/07/22 22:16:06 INFO BlockManagerInfo: Added broadcast_8_piece0 in memory on 80e78d8298a8:38709 (size: 5.0 KiB, free: 366.2 MiB)","logger":"airflow.task.hooks.airflow.providers.standard.hooks.subprocess.SubprocessHook"}
{"timestamp":"2025-07-22T22:16:06.512393","level":"info","event":"25/07/22 22:16:06 INFO SparkContext: Created broadcast 8 from broadcast at DAGScheduler.scala:1383","logger":"airflow.task.hooks.airflow.providers.standard.hooks.subprocess.SubprocessHook"}
{"timestamp":"2025-07-22T22:16:06.512787","level":"info","event":"25/07/22 22:16:06 INFO DAGScheduler: Submitting 1 missing tasks from ResultStage 4 (MapPartitionsRDD[23] at count at NativeMethodAccessorImpl.java:0) (first 15 tasks are for partitions Vector(0))","logger":"airflow.task.hooks.airflow.providers.standard.hooks.subprocess.SubprocessHook"}
{"timestamp":"2025-07-22T22:16:06.512879","level":"info","event":"25/07/22 22:16:06 INFO TaskSchedulerImpl: Adding task set 4.0 with 1 tasks resource profile 0","logger":"airflow.task.hooks.airflow.providers.standard.hooks.subprocess.SubprocessHook"}
{"timestamp":"2025-07-22T22:16:06.516246","level":"info","event":"25/07/22 22:16:06 INFO TaskSetManager: Starting task 0.0 in stage 4.0 (TID 4) (172.21.0.6, executor 0, partition 0, NODE_LOCAL, 4457 bytes) taskResourceAssignments Map()","logger":"airflow.task.hooks.airflow.providers.standard.hooks.subprocess.SubprocessHook"}
{"timestamp":"2025-07-22T22:16:06.531285","level":"info","event":"25/07/22 22:16:06 INFO BlockManagerInfo: Added broadcast_8_piece0 in memory on 172.21.0.6:33893 (size: 5.0 KiB, free: 366.2 MiB)","logger":"airflow.task.hooks.airflow.providers.standard.hooks.subprocess.SubprocessHook"}
{"timestamp":"2025-07-22T22:16:06.545815","level":"info","event":"25/07/22 22:16:06 INFO MapOutputTrackerMasterEndpoint: Asked to send map output locations for shuffle 0 to 172.21.0.6:51952","logger":"airflow.task.hooks.airflow.providers.standard.hooks.subprocess.SubprocessHook"}
{"timestamp":"2025-07-22T22:16:06.642346","level":"info","event":"25/07/22 22:16:06 INFO TaskSetManager: Finished task 0.0 in stage 4.0 (TID 4) in 127 ms on 172.21.0.6 (executor 0) (1/1)","logger":"airflow.task.hooks.airflow.providers.standard.hooks.subprocess.SubprocessHook"}
{"timestamp":"2025-07-22T22:16:06.642514","level":"info","event":"25/07/22 22:16:06 INFO TaskSchedulerImpl: Removed TaskSet 4.0, whose tasks have all completed, from pool","logger":"airflow.task.hooks.airflow.providers.standard.hooks.subprocess.SubprocessHook"}
{"timestamp":"2025-07-22T22:16:06.643473","level":"info","event":"25/07/22 22:16:06 INFO DAGScheduler: ResultStage 4 (count at NativeMethodAccessorImpl.java:0) finished in 0.135 s","logger":"airflow.task.hooks.airflow.providers.standard.hooks.subprocess.SubprocessHook"}
{"timestamp":"2025-07-22T22:16:06.643580","level":"info","event":"25/07/22 22:16:06 INFO DAGScheduler: Job 3 is finished. Cancelling potential speculative or zombie tasks for this job","logger":"airflow.task.hooks.airflow.providers.standard.hooks.subprocess.SubprocessHook"}
{"timestamp":"2025-07-22T22:16:06.643630","level":"info","event":"25/07/22 22:16:06 INFO TaskSchedulerImpl: Killing all running tasks in stage 4: Stage finished","logger":"airflow.task.hooks.airflow.providers.standard.hooks.subprocess.SubprocessHook"}
{"timestamp":"2025-07-22T22:16:06.643671","level":"info","event":"25/07/22 22:16:06 INFO DAGScheduler: Job 3 finished: count at NativeMethodAccessorImpl.java:0, took 0.390780 s","logger":"airflow.task.hooks.airflow.providers.standard.hooks.subprocess.SubprocessHook"}
{"timestamp":"2025-07-22T22:16:06.646639","level":"info","event":"Number of outliers in totalcharges: 154","logger":"airflow.task.hooks.airflow.providers.standard.hooks.subprocess.SubprocessHook"}
{"timestamp":"2025-07-22T22:16:06.768891","level":"info","event":"25/07/22 22:16:06 INFO FileSourceStrategy: Pushed Filters:","logger":"airflow.task.hooks.airflow.providers.standard.hooks.subprocess.SubprocessHook"}
{"timestamp":"2025-07-22T22:16:06.769078","level":"info","event":"25/07/22 22:16:06 INFO FileSourceStrategy: Post-Scan Filters:","logger":"airflow.task.hooks.airflow.providers.standard.hooks.subprocess.SubprocessHook"}
{"timestamp":"2025-07-22T22:16:06.769169","level":"info","event":"25/07/22 22:16:06 INFO FileSourceStrategy: Output Data Schema: struct<customerID: string, gender: string, SeniorCitizen: int, Partner: string, Dependents: string ... 19 more fields>","logger":"airflow.task.hooks.airflow.providers.standard.hooks.subprocess.SubprocessHook"}
{"timestamp":"2025-07-22T22:16:06.835376","level":"info","event":"25/07/22 22:16:06 INFO ParquetFileFormat: Using default output committer for Parquet: org.apache.parquet.hadoop.ParquetOutputCommitter","logger":"airflow.task.hooks.airflow.providers.standard.hooks.subprocess.SubprocessHook"}
{"timestamp":"2025-07-22T22:16:06.861255","level":"info","event":"25/07/22 22:16:06 INFO FileOutputCommitter: File Output Committer Algorithm version is 1","logger":"airflow.task.hooks.airflow.providers.standard.hooks.subprocess.SubprocessHook"}
{"timestamp":"2025-07-22T22:16:06.861431","level":"info","event":"25/07/22 22:16:06 INFO FileOutputCommitter: FileOutputCommitter skip cleanup _temporary folders under output directory:false, ignore cleanup failures: false","logger":"airflow.task.hooks.airflow.providers.standard.hooks.subprocess.SubprocessHook"}
{"timestamp":"2025-07-22T22:16:06.862008","level":"info","event":"25/07/22 22:16:06 INFO SQLHadoopMapReduceCommitProtocol: Using user defined output committer class org.apache.parquet.hadoop.ParquetOutputCommitter","logger":"airflow.task.hooks.airflow.providers.standard.hooks.subprocess.SubprocessHook"}
{"timestamp":"2025-07-22T22:16:06.862095","level":"info","event":"25/07/22 22:16:06 INFO FileOutputCommitter: File Output Committer Algorithm version is 1","logger":"airflow.task.hooks.airflow.providers.standard.hooks.subprocess.SubprocessHook"}
{"timestamp":"2025-07-22T22:16:06.862143","level":"info","event":"25/07/22 22:16:06 INFO FileOutputCommitter: FileOutputCommitter skip cleanup _temporary folders under output directory:false, ignore cleanup failures: false","logger":"airflow.task.hooks.airflow.providers.standard.hooks.subprocess.SubprocessHook"}
{"timestamp":"2025-07-22T22:16:06.862820","level":"info","event":"25/07/22 22:16:06 INFO SQLHadoopMapReduceCommitProtocol: Using output committer class org.apache.parquet.hadoop.ParquetOutputCommitter","logger":"airflow.task.hooks.airflow.providers.standard.hooks.subprocess.SubprocessHook"}
{"timestamp":"2025-07-22T22:16:06.941272","level":"info","event":"25/07/22 22:16:06 INFO CodeGenerator: Code generated in 40.832785 ms","logger":"airflow.task.hooks.airflow.providers.standard.hooks.subprocess.SubprocessHook"}
{"timestamp":"2025-07-22T22:16:06.944692","level":"info","event":"25/07/22 22:16:06 INFO MemoryStore: Block broadcast_9 stored as values in memory (estimated size 304.2 KiB, free 364.6 MiB)","logger":"airflow.task.hooks.airflow.providers.standard.hooks.subprocess.SubprocessHook"}
{"timestamp":"2025-07-22T22:16:06.951624","level":"info","event":"25/07/22 22:16:06 INFO MemoryStore: Block broadcast_9_piece0 stored as bytes in memory (estimated size 27.6 KiB, free 364.6 MiB)","logger":"airflow.task.hooks.airflow.providers.standard.hooks.subprocess.SubprocessHook"}
{"timestamp":"2025-07-22T22:16:06.952365","level":"info","event":"25/07/22 22:16:06 INFO BlockManagerInfo: Added broadcast_9_piece0 in memory on 80e78d8298a8:38709 (size: 27.6 KiB, free: 366.1 MiB)","logger":"airflow.task.hooks.airflow.providers.standard.hooks.subprocess.SubprocessHook"}
{"timestamp":"2025-07-22T22:16:06.953969","level":"info","event":"25/07/22 22:16:06 INFO SparkContext: Created broadcast 9 from parquet at NativeMethodAccessorImpl.java:0","logger":"airflow.task.hooks.airflow.providers.standard.hooks.subprocess.SubprocessHook"}
{"timestamp":"2025-07-22T22:16:06.955655","level":"info","event":"25/07/22 22:16:06 INFO FileSourceScanExec: Planning scan with bin packing, max size: 4194304 bytes, open cost is considered as scanning 4194304 bytes.","logger":"airflow.task.hooks.airflow.providers.standard.hooks.subprocess.SubprocessHook"}
{"timestamp":"2025-07-22T22:16:06.977442","level":"info","event":"25/07/22 22:16:06 INFO SparkContext: Starting job: parquet at NativeMethodAccessorImpl.java:0","logger":"airflow.task.hooks.airflow.providers.standard.hooks.subprocess.SubprocessHook"}
{"timestamp":"2025-07-22T22:16:06.978803","level":"info","event":"25/07/22 22:16:06 INFO DAGScheduler: Got job 4 (parquet at NativeMethodAccessorImpl.java:0) with 1 output partitions","logger":"airflow.task.hooks.airflow.providers.standard.hooks.subprocess.SubprocessHook"}
{"timestamp":"2025-07-22T22:16:06.978966","level":"info","event":"25/07/22 22:16:06 INFO DAGScheduler: Final stage: ResultStage 5 (parquet at NativeMethodAccessorImpl.java:0)","logger":"airflow.task.hooks.airflow.providers.standard.hooks.subprocess.SubprocessHook"}
{"timestamp":"2025-07-22T22:16:06.979032","level":"info","event":"25/07/22 22:16:06 INFO DAGScheduler: Parents of final stage: List()","logger":"airflow.task.hooks.airflow.providers.standard.hooks.subprocess.SubprocessHook"}
{"timestamp":"2025-07-22T22:16:06.979079","level":"info","event":"25/07/22 22:16:06 INFO DAGScheduler: Missing parents: List()","logger":"airflow.task.hooks.airflow.providers.standard.hooks.subprocess.SubprocessHook"}
{"timestamp":"2025-07-22T22:16:06.979124","level":"info","event":"25/07/22 22:16:06 INFO DAGScheduler: Submitting ResultStage 5 (MapPartitionsRDD[26] at parquet at NativeMethodAccessorImpl.java:0), which has no missing parents","logger":"airflow.task.hooks.airflow.providers.standard.hooks.subprocess.SubprocessHook"}
{"timestamp":"2025-07-22T22:16:06.993409","level":"info","event":"25/07/22 22:16:06 INFO MemoryStore: Block broadcast_10 stored as values in memory (estimated size 191.6 KiB, free 364.4 MiB)","logger":"airflow.task.hooks.airflow.providers.standard.hooks.subprocess.SubprocessHook"}
{"timestamp":"2025-07-22T22:16:06.998188","level":"info","event":"25/07/22 22:16:06 INFO MemoryStore: Block broadcast_10_piece0 stored as bytes in memory (estimated size 67.0 KiB, free 364.3 MiB)","logger":"airflow.task.hooks.airflow.providers.standard.hooks.subprocess.SubprocessHook"}
{"timestamp":"2025-07-22T22:16:06.998739","level":"info","event":"25/07/22 22:16:06 INFO BlockManagerInfo: Added broadcast_10_piece0 in memory on 80e78d8298a8:38709 (size: 67.0 KiB, free: 366.1 MiB)","logger":"airflow.task.hooks.airflow.providers.standard.hooks.subprocess.SubprocessHook"}
{"timestamp":"2025-07-22T22:16:06.998837","level":"info","event":"25/07/22 22:16:06 INFO SparkContext: Created broadcast 10 from broadcast at DAGScheduler.scala:1383","logger":"airflow.task.hooks.airflow.providers.standard.hooks.subprocess.SubprocessHook"}
{"timestamp":"2025-07-22T22:16:06.999411","level":"info","event":"25/07/22 22:16:06 INFO DAGScheduler: Submitting 1 missing tasks from ResultStage 5 (MapPartitionsRDD[26] at parquet at NativeMethodAccessorImpl.java:0) (first 15 tasks are for partitions Vector(0))","logger":"airflow.task.hooks.airflow.providers.standard.hooks.subprocess.SubprocessHook"}
{"timestamp":"2025-07-22T22:16:06.999929","level":"info","event":"25/07/22 22:16:06 INFO TaskSchedulerImpl: Adding task set 5.0 with 1 tasks resource profile 0","logger":"airflow.task.hooks.airflow.providers.standard.hooks.subprocess.SubprocessHook"}
{"timestamp":"2025-07-22T22:16:07.002066","level":"info","event":"25/07/22 22:16:06 INFO TaskSetManager: Starting task 0.0 in stage 5.0 (TID 5) (172.21.0.6, executor 0, partition 0, ANY, 4876 bytes) taskResourceAssignments Map()","logger":"airflow.task.hooks.airflow.providers.standard.hooks.subprocess.SubprocessHook"}
{"timestamp":"2025-07-22T22:16:07.040275","level":"info","event":"25/07/22 22:16:07 INFO BlockManagerInfo: Added broadcast_10_piece0 in memory on 172.21.0.6:33893 (size: 67.0 KiB, free: 366.1 MiB)","logger":"airflow.task.hooks.airflow.providers.standard.hooks.subprocess.SubprocessHook"}
{"timestamp":"2025-07-22T22:16:07.082625","level":"info","event":"25/07/22 22:16:07 INFO BlockManagerInfo: Removed broadcast_1_piece0 on 80e78d8298a8:38709 in memory (size: 5.4 KiB, free: 366.1 MiB)","logger":"airflow.task.hooks.airflow.providers.standard.hooks.subprocess.SubprocessHook"}
{"timestamp":"2025-07-22T22:16:07.087835","level":"info","event":"25/07/22 22:16:07 INFO BlockManagerInfo: Removed broadcast_1_piece0 on 172.21.0.6:33893 in memory (size: 5.4 KiB, free: 366.1 MiB)","logger":"airflow.task.hooks.airflow.providers.standard.hooks.subprocess.SubprocessHook"}
{"timestamp":"2025-07-22T22:16:07.106087","level":"info","event":"25/07/22 22:16:07 INFO BlockManagerInfo: Removed broadcast_4_piece0 on 80e78d8298a8:38709 in memory (size: 27.6 KiB, free: 366.1 MiB)","logger":"airflow.task.hooks.airflow.providers.standard.hooks.subprocess.SubprocessHook"}
{"timestamp":"2025-07-22T22:16:07.108972","level":"info","event":"25/07/22 22:16:07 INFO BlockManagerInfo: Removed broadcast_4_piece0 on 172.21.0.6:33893 in memory (size: 27.6 KiB, free: 366.1 MiB)","logger":"airflow.task.hooks.airflow.providers.standard.hooks.subprocess.SubprocessHook"}
{"timestamp":"2025-07-22T22:16:07.117209","level":"info","event":"25/07/22 22:16:07 INFO BlockManagerInfo: Removed broadcast_3_piece0 on 80e78d8298a8:38709 in memory (size: 8.1 KiB, free: 366.1 MiB)","logger":"airflow.task.hooks.airflow.providers.standard.hooks.subprocess.SubprocessHook"}
{"timestamp":"2025-07-22T22:16:07.119826","level":"info","event":"25/07/22 22:16:07 INFO BlockManagerInfo: Removed broadcast_3_piece0 on 172.21.0.6:33893 in memory (size: 8.1 KiB, free: 366.1 MiB)","logger":"airflow.task.hooks.airflow.providers.standard.hooks.subprocess.SubprocessHook"}
{"timestamp":"2025-07-22T22:16:07.127482","level":"info","event":"25/07/22 22:16:07 INFO BlockManagerInfo: Removed broadcast_8_piece0 on 80e78d8298a8:38709 in memory (size: 5.0 KiB, free: 366.1 MiB)","logger":"airflow.task.hooks.airflow.providers.standard.hooks.subprocess.SubprocessHook"}
{"timestamp":"2025-07-22T22:16:07.131890","level":"info","event":"25/07/22 22:16:07 INFO BlockManagerInfo: Removed broadcast_8_piece0 on 172.21.0.6:33893 in memory (size: 5.0 KiB, free: 366.1 MiB)","logger":"airflow.task.hooks.airflow.providers.standard.hooks.subprocess.SubprocessHook"}
{"timestamp":"2025-07-22T22:16:07.139057","level":"info","event":"25/07/22 22:16:07 INFO BlockManagerInfo: Removed broadcast_7_piece0 on 80e78d8298a8:38709 in memory (size: 9.3 KiB, free: 366.1 MiB)","logger":"airflow.task.hooks.airflow.providers.standard.hooks.subprocess.SubprocessHook"}
{"timestamp":"2025-07-22T22:16:07.142113","level":"info","event":"25/07/22 22:16:07 INFO BlockManagerInfo: Removed broadcast_7_piece0 on 172.21.0.6:33893 in memory (size: 9.3 KiB, free: 366.1 MiB)","logger":"airflow.task.hooks.airflow.providers.standard.hooks.subprocess.SubprocessHook"}
{"timestamp":"2025-07-22T22:16:07.149947","level":"info","event":"25/07/22 22:16:07 INFO BlockManagerInfo: Removed broadcast_6_piece0 on 80e78d8298a8:38709 in memory (size: 27.6 KiB, free: 366.1 MiB)","logger":"airflow.task.hooks.airflow.providers.standard.hooks.subprocess.SubprocessHook"}
{"timestamp":"2025-07-22T22:16:07.152862","level":"info","event":"25/07/22 22:16:07 INFO BlockManagerInfo: Removed broadcast_6_piece0 on 172.21.0.6:33893 in memory (size: 27.6 KiB, free: 366.2 MiB)","logger":"airflow.task.hooks.airflow.providers.standard.hooks.subprocess.SubprocessHook"}
{"timestamp":"2025-07-22T22:16:07.159631","level":"info","event":"25/07/22 22:16:07 INFO BlockManagerInfo: Removed broadcast_5_piece0 on 80e78d8298a8:38709 in memory (size: 9.8 KiB, free: 366.2 MiB)","logger":"airflow.task.hooks.airflow.providers.standard.hooks.subprocess.SubprocessHook"}
{"timestamp":"2025-07-22T22:16:07.161637","level":"info","event":"25/07/22 22:16:07 INFO BlockManagerInfo: Removed broadcast_5_piece0 on 172.21.0.6:33893 in memory (size: 9.8 KiB, free: 366.2 MiB)","logger":"airflow.task.hooks.airflow.providers.standard.hooks.subprocess.SubprocessHook"}
{"timestamp":"2025-07-22T22:16:07.532052","level":"info","event":"25/07/22 22:16:07 INFO BlockManagerInfo: Added broadcast_9_piece0 in memory on 172.21.0.6:33893 (size: 27.6 KiB, free: 366.2 MiB)","logger":"airflow.task.hooks.airflow.providers.standard.hooks.subprocess.SubprocessHook"}
{"timestamp":"2025-07-22T22:16:07.914405","level":"info","event":"25/07/22 22:16:07 INFO TaskSetManager: Finished task 0.0 in stage 5.0 (TID 5) in 914 ms on 172.21.0.6 (executor 0) (1/1)","logger":"airflow.task.hooks.airflow.providers.standard.hooks.subprocess.SubprocessHook"}
{"timestamp":"2025-07-22T22:16:07.914602","level":"info","event":"25/07/22 22:16:07 INFO TaskSchedulerImpl: Removed TaskSet 5.0, whose tasks have all completed, from pool","logger":"airflow.task.hooks.airflow.providers.standard.hooks.subprocess.SubprocessHook"}
{"timestamp":"2025-07-22T22:16:07.914870","level":"info","event":"25/07/22 22:16:07 INFO DAGScheduler: ResultStage 5 (parquet at NativeMethodAccessorImpl.java:0) finished in 0.935 s","logger":"airflow.task.hooks.airflow.providers.standard.hooks.subprocess.SubprocessHook"}
{"timestamp":"2025-07-22T22:16:07.914960","level":"info","event":"25/07/22 22:16:07 INFO DAGScheduler: Job 4 is finished. Cancelling potential speculative or zombie tasks for this job","logger":"airflow.task.hooks.airflow.providers.standard.hooks.subprocess.SubprocessHook"}
{"timestamp":"2025-07-22T22:16:07.915018","level":"info","event":"25/07/22 22:16:07 INFO TaskSchedulerImpl: Killing all running tasks in stage 5: Stage finished","logger":"airflow.task.hooks.airflow.providers.standard.hooks.subprocess.SubprocessHook"}
{"timestamp":"2025-07-22T22:16:07.915998","level":"info","event":"25/07/22 22:16:07 INFO DAGScheduler: Job 4 finished: parquet at NativeMethodAccessorImpl.java:0, took 0.938730 s","logger":"airflow.task.hooks.airflow.providers.standard.hooks.subprocess.SubprocessHook"}
{"timestamp":"2025-07-22T22:16:07.975839","level":"info","event":"25/07/22 22:16:07 INFO FileFormatWriter: Write Job ae29798f-4abc-4700-92ba-5a0a8456c2f0 committed.","logger":"airflow.task.hooks.airflow.providers.standard.hooks.subprocess.SubprocessHook"}
{"timestamp":"2025-07-22T22:16:07.978858","level":"info","event":"25/07/22 22:16:07 INFO FileFormatWriter: Finished processing stats for write job ae29798f-4abc-4700-92ba-5a0a8456c2f0.","logger":"airflow.task.hooks.airflow.providers.standard.hooks.subprocess.SubprocessHook"}
{"timestamp":"2025-07-22T22:16:08.328509","level":"info","event":"25/07/22 22:16:08 INFO FileSourceStrategy: Pushed Filters:","logger":"airflow.task.hooks.airflow.providers.standard.hooks.subprocess.SubprocessHook"}
{"timestamp":"2025-07-22T22:16:08.328690","level":"info","event":"25/07/22 22:16:08 INFO FileSourceStrategy: Post-Scan Filters:","logger":"airflow.task.hooks.airflow.providers.standard.hooks.subprocess.SubprocessHook"}
{"timestamp":"2025-07-22T22:16:08.328773","level":"info","event":"25/07/22 22:16:08 INFO FileSourceStrategy: Output Data Schema: struct<customerID: string, gender: string, SeniorCitizen: int, Partner: string, Dependents: string ... 19 more fields>","logger":"airflow.task.hooks.airflow.providers.standard.hooks.subprocess.SubprocessHook"}
{"timestamp":"2025-07-22T22:16:08.343312","level":"info","event":"25/07/22 22:16:08 INFO MemoryStore: Block broadcast_11 stored as values in memory (estimated size 304.2 KiB, free 364.8 MiB)","logger":"airflow.task.hooks.airflow.providers.standard.hooks.subprocess.SubprocessHook"}
{"timestamp":"2025-07-22T22:16:08.348503","level":"info","event":"25/07/22 22:16:08 INFO MemoryStore: Block broadcast_11_piece0 stored as bytes in memory (estimated size 27.6 KiB, free 364.8 MiB)","logger":"airflow.task.hooks.airflow.providers.standard.hooks.subprocess.SubprocessHook"}
{"timestamp":"2025-07-22T22:16:08.349464","level":"info","event":"25/07/22 22:16:08 INFO BlockManagerInfo: Added broadcast_11_piece0 in memory on 80e78d8298a8:38709 (size: 27.6 KiB, free: 366.1 MiB)","logger":"airflow.task.hooks.airflow.providers.standard.hooks.subprocess.SubprocessHook"}
{"timestamp":"2025-07-22T22:16:08.350225","level":"info","event":"25/07/22 22:16:08 INFO SparkContext: Created broadcast 11 from save at NativeMethodAccessorImpl.java:0","logger":"airflow.task.hooks.airflow.providers.standard.hooks.subprocess.SubprocessHook"}
{"timestamp":"2025-07-22T22:16:08.351003","level":"info","event":"25/07/22 22:16:08 INFO FileSourceScanExec: Planning scan with bin packing, max size: 4194304 bytes, open cost is considered as scanning 4194304 bytes.","logger":"airflow.task.hooks.airflow.providers.standard.hooks.subprocess.SubprocessHook"}
{"timestamp":"2025-07-22T22:16:08.374940","level":"info","event":"25/07/22 22:16:08 INFO SparkContext: Starting job: save at NativeMethodAccessorImpl.java:0","logger":"airflow.task.hooks.airflow.providers.standard.hooks.subprocess.SubprocessHook"}
{"timestamp":"2025-07-22T22:16:08.376352","level":"info","event":"25/07/22 22:16:08 INFO DAGScheduler: Got job 5 (save at NativeMethodAccessorImpl.java:0) with 1 output partitions","logger":"airflow.task.hooks.airflow.providers.standard.hooks.subprocess.SubprocessHook"}
{"timestamp":"2025-07-22T22:16:08.376509","level":"info","event":"25/07/22 22:16:08 INFO DAGScheduler: Final stage: ResultStage 6 (save at NativeMethodAccessorImpl.java:0)","logger":"airflow.task.hooks.airflow.providers.standard.hooks.subprocess.SubprocessHook"}
{"timestamp":"2025-07-22T22:16:08.376577","level":"info","event":"25/07/22 22:16:08 INFO DAGScheduler: Parents of final stage: List()","logger":"airflow.task.hooks.airflow.providers.standard.hooks.subprocess.SubprocessHook"}
{"timestamp":"2025-07-22T22:16:08.376627","level":"info","event":"25/07/22 22:16:08 INFO DAGScheduler: Missing parents: List()","logger":"airflow.task.hooks.airflow.providers.standard.hooks.subprocess.SubprocessHook"}
{"timestamp":"2025-07-22T22:16:08.377201","level":"info","event":"25/07/22 22:16:08 INFO DAGScheduler: Submitting ResultStage 6 (MapPartitionsRDD[34] at save at NativeMethodAccessorImpl.java:0), which has no missing parents","logger":"airflow.task.hooks.airflow.providers.standard.hooks.subprocess.SubprocessHook"}
{"timestamp":"2025-07-22T22:16:08.398770","level":"info","event":"25/07/22 22:16:08 INFO MemoryStore: Block broadcast_12 stored as values in memory (estimated size 37.8 KiB, free 364.7 MiB)","logger":"airflow.task.hooks.airflow.providers.standard.hooks.subprocess.SubprocessHook"}
{"timestamp":"2025-07-22T22:16:08.400108","level":"info","event":"25/07/22 22:16:08 INFO MemoryStore: Block broadcast_12_piece0 stored as bytes in memory (estimated size 15.5 KiB, free 364.7 MiB)","logger":"airflow.task.hooks.airflow.providers.standard.hooks.subprocess.SubprocessHook"}
{"timestamp":"2025-07-22T22:16:08.400929","level":"info","event":"25/07/22 22:16:08 INFO BlockManagerInfo: Added broadcast_12_piece0 in memory on 80e78d8298a8:38709 (size: 15.5 KiB, free: 366.1 MiB)","logger":"airflow.task.hooks.airflow.providers.standard.hooks.subprocess.SubprocessHook"}
{"timestamp":"2025-07-22T22:16:08.401196","level":"info","event":"25/07/22 22:16:08 INFO SparkContext: Created broadcast 12 from broadcast at DAGScheduler.scala:1383","logger":"airflow.task.hooks.airflow.providers.standard.hooks.subprocess.SubprocessHook"}
{"timestamp":"2025-07-22T22:16:08.401527","level":"info","event":"25/07/22 22:16:08 INFO DAGScheduler: Submitting 1 missing tasks from ResultStage 6 (MapPartitionsRDD[34] at save at NativeMethodAccessorImpl.java:0) (first 15 tasks are for partitions Vector(0))","logger":"airflow.task.hooks.airflow.providers.standard.hooks.subprocess.SubprocessHook"}
{"timestamp":"2025-07-22T22:16:08.401604","level":"info","event":"25/07/22 22:16:08 INFO TaskSchedulerImpl: Adding task set 6.0 with 1 tasks resource profile 0","logger":"airflow.task.hooks.airflow.providers.standard.hooks.subprocess.SubprocessHook"}
{"timestamp":"2025-07-22T22:16:08.403132","level":"info","event":"25/07/22 22:16:08 INFO TaskSetManager: Starting task 0.0 in stage 6.0 (TID 6) (172.21.0.6, executor 0, partition 0, ANY, 4876 bytes) taskResourceAssignments Map()","logger":"airflow.task.hooks.airflow.providers.standard.hooks.subprocess.SubprocessHook"}
{"timestamp":"2025-07-22T22:16:08.415036","level":"info","event":"25/07/22 22:16:08 INFO BlockManagerInfo: Added broadcast_12_piece0 in memory on 172.21.0.6:33893 (size: 15.5 KiB, free: 366.1 MiB)","logger":"airflow.task.hooks.airflow.providers.standard.hooks.subprocess.SubprocessHook"}
{"timestamp":"2025-07-22T22:16:08.751290","level":"info","event":"25/07/22 22:16:08 INFO BlockManagerInfo: Added broadcast_11_piece0 in memory on 172.21.0.6:33893 (size: 27.6 KiB, free: 366.1 MiB)","logger":"airflow.task.hooks.airflow.providers.standard.hooks.subprocess.SubprocessHook"}
{"timestamp":"2025-07-22T22:16:09.021588","level":"info","event":"25/07/22 22:16:09 INFO TaskSetManager: Finished task 0.0 in stage 6.0 (TID 6) in 619 ms on 172.21.0.6 (executor 0) (1/1)","logger":"airflow.task.hooks.airflow.providers.standard.hooks.subprocess.SubprocessHook"}
{"timestamp":"2025-07-22T22:16:09.021750","level":"info","event":"25/07/22 22:16:09 INFO TaskSchedulerImpl: Removed TaskSet 6.0, whose tasks have all completed, from pool","logger":"airflow.task.hooks.airflow.providers.standard.hooks.subprocess.SubprocessHook"}
{"timestamp":"2025-07-22T22:16:09.022643","level":"info","event":"25/07/22 22:16:09 INFO DAGScheduler: ResultStage 6 (save at NativeMethodAccessorImpl.java:0) finished in 0.644 s","logger":"airflow.task.hooks.airflow.providers.standard.hooks.subprocess.SubprocessHook"}
{"timestamp":"2025-07-22T22:16:09.022780","level":"info","event":"25/07/22 22:16:09 INFO DAGScheduler: Job 5 is finished. Cancelling potential speculative or zombie tasks for this job","logger":"airflow.task.hooks.airflow.providers.standard.hooks.subprocess.SubprocessHook"}
{"timestamp":"2025-07-22T22:16:09.022860","level":"info","event":"25/07/22 22:16:09 INFO TaskSchedulerImpl: Killing all running tasks in stage 6: Stage finished","logger":"airflow.task.hooks.airflow.providers.standard.hooks.subprocess.SubprocessHook"}
{"timestamp":"2025-07-22T22:16:09.023001","level":"info","event":"25/07/22 22:16:09 INFO DAGScheduler: Job 5 finished: save at NativeMethodAccessorImpl.java:0, took 0.647667 s","logger":"airflow.task.hooks.airflow.providers.standard.hooks.subprocess.SubprocessHook"}
{"timestamp":"2025-07-22T22:16:09.092316","level":"info","event":"The Cleaning is done!","logger":"airflow.task.hooks.airflow.providers.standard.hooks.subprocess.SubprocessHook"}
{"timestamp":"2025-07-22T22:16:09.124720","level":"info","event":"25/07/22 22:16:09 INFO SparkContext: Invoking stop() from shutdown hook","logger":"airflow.task.hooks.airflow.providers.standard.hooks.subprocess.SubprocessHook"}
{"timestamp":"2025-07-22T22:16:09.133820","level":"info","event":"25/07/22 22:16:09 INFO SparkUI: Stopped Spark web UI at http://80e78d8298a8:4040","logger":"airflow.task.hooks.airflow.providers.standard.hooks.subprocess.SubprocessHook"}
{"timestamp":"2025-07-22T22:16:09.136593","level":"info","event":"25/07/22 22:16:09 INFO StandaloneSchedulerBackend: Shutting down all executors","logger":"airflow.task.hooks.airflow.providers.standard.hooks.subprocess.SubprocessHook"}
{"timestamp":"2025-07-22T22:16:09.137419","level":"info","event":"25/07/22 22:16:09 INFO CoarseGrainedSchedulerBackend$DriverEndpoint: Asking each executor to shut down","logger":"airflow.task.hooks.airflow.providers.standard.hooks.subprocess.SubprocessHook"}
{"timestamp":"2025-07-22T22:16:09.152878","level":"info","event":"25/07/22 22:16:09 INFO MapOutputTrackerMasterEndpoint: MapOutputTrackerMasterEndpoint stopped!","logger":"airflow.task.hooks.airflow.providers.standard.hooks.subprocess.SubprocessHook"}
{"timestamp":"2025-07-22T22:16:09.169552","level":"info","event":"25/07/22 22:16:09 INFO MemoryStore: MemoryStore cleared","logger":"airflow.task.hooks.airflow.providers.standard.hooks.subprocess.SubprocessHook"}
{"timestamp":"2025-07-22T22:16:09.169775","level":"info","event":"25/07/22 22:16:09 INFO BlockManager: BlockManager stopped","logger":"airflow.task.hooks.airflow.providers.standard.hooks.subprocess.SubprocessHook"}
{"timestamp":"2025-07-22T22:16:09.177897","level":"info","event":"25/07/22 22:16:09 INFO BlockManagerMaster: BlockManagerMaster stopped","logger":"airflow.task.hooks.airflow.providers.standard.hooks.subprocess.SubprocessHook"}
{"timestamp":"2025-07-22T22:16:09.181450","level":"info","event":"25/07/22 22:16:09 INFO OutputCommitCoordinator$OutputCommitCoordinatorEndpoint: OutputCommitCoordinator stopped!","logger":"airflow.task.hooks.airflow.providers.standard.hooks.subprocess.SubprocessHook"}
{"timestamp":"2025-07-22T22:16:09.191649","level":"info","event":"25/07/22 22:16:09 INFO SparkContext: Successfully stopped SparkContext","logger":"airflow.task.hooks.airflow.providers.standard.hooks.subprocess.SubprocessHook"}
{"timestamp":"2025-07-22T22:16:09.191821","level":"info","event":"25/07/22 22:16:09 INFO ShutdownHookManager: Shutdown hook called","logger":"airflow.task.hooks.airflow.providers.standard.hooks.subprocess.SubprocessHook"}
{"timestamp":"2025-07-22T22:16:09.192421","level":"info","event":"25/07/22 22:16:09 INFO ShutdownHookManager: Deleting directory /tmp/spark-46f74351-0b6c-4a21-a0b5-2cc8b58c9c25","logger":"airflow.task.hooks.airflow.providers.standard.hooks.subprocess.SubprocessHook"}
{"timestamp":"2025-07-22T22:16:09.196466","level":"info","event":"25/07/22 22:16:09 INFO ShutdownHookManager: Deleting directory /tmp/spark-e76d79ae-06dc-45f4-b429-fdec7eea12a0/pyspark-0ae4af51-e943-41cf-80ca-4f43b2e50345","logger":"airflow.task.hooks.airflow.providers.standard.hooks.subprocess.SubprocessHook"}
{"timestamp":"2025-07-22T22:16:09.200352","level":"info","event":"25/07/22 22:16:09 INFO ShutdownHookManager: Deleting directory /tmp/spark-e76d79ae-06dc-45f4-b429-fdec7eea12a0","logger":"airflow.task.hooks.airflow.providers.standard.hooks.subprocess.SubprocessHook"}
{"timestamp":"2025-07-22T22:16:09.346400","level":"info","event":"Command exited with return code 0","logger":"airflow.task.hooks.airflow.providers.standard.hooks.subprocess.SubprocessHook"}
{"timestamp":"2025-07-22T22:16:09.347113","level":"info","event":"Pushing xcom","ti":"RuntimeTaskInstance(id=UUID('01983434-eca2-7602-ae61-0c18cbb73cf0'), task_id='run_spark_cleaning_and_upload', dag_id='telco_to_hdfs_dag', run_id='manual__2025-07-22T22:15:40.418986+00:00', try_number=1, map_index=-1, hostname='c02535c7e6cd', context_carrier=None, task=<Task(BashOperator): run_spark_cleaning_and_upload>, bundle_instance=LocalDagBundle(name=dags-folder), max_tries=0, start_date=datetime.datetime(2025, 7, 22, 22, 15, 51, 948237, tzinfo=TzInfo(UTC)), end_date=None, is_mapped=False)","logger":"task"}
